<?xml version="1.0" encoding="UTF-8"?>
<testsuite xmlns:xsi="http://www.w3.org/2001/XMLSchema-instance" xsi:noNamespaceSchemaLocation="https://maven.apache.org/surefire/maven-surefire-plugin/xsd/surefire-test-report.xsd" version="3.0.2" name="com.courseSpring.FirstSpring.FirstSpringApplicationTests" time="5.829" tests="1" errors="0" skipped="0" failures="0">
  <properties>
    <property name="java.specification.version" value="23"/>
    <property name="sun.cpu.isalist" value="amd64"/>
    <property name="sun.jnu.encoding" value="Cp1252"/>
    <property name="java.class.path" value="C:\Users\papaf\Downloads\FirstSpring\FirstSpring\target\test-classes;C:\Users\papaf\Downloads\FirstSpring\FirstSpring\target\classes;C:\Users\papaf\.m2\repository\org\springframework\boot\spring-boot-starter-web\3.4.1\spring-boot-starter-web-3.4.1.jar;C:\Users\papaf\.m2\repository\org\springframework\boot\spring-boot-starter\3.4.1\spring-boot-starter-3.4.1.jar;C:\Users\papaf\.m2\repository\org\springframework\boot\spring-boot-starter-logging\3.4.1\spring-boot-starter-logging-3.4.1.jar;C:\Users\papaf\.m2\repository\ch\qos\logback\logback-classic\1.5.12\logback-classic-1.5.12.jar;C:\Users\papaf\.m2\repository\ch\qos\logback\logback-core\1.5.12\logback-core-1.5.12.jar;C:\Users\papaf\.m2\repository\org\apache\logging\log4j\log4j-to-slf4j\2.24.3\log4j-to-slf4j-2.24.3.jar;C:\Users\papaf\.m2\repository\org\apache\logging\log4j\log4j-api\2.24.3\log4j-api-2.24.3.jar;C:\Users\papaf\.m2\repository\org\slf4j\jul-to-slf4j\2.0.16\jul-to-slf4j-2.0.16.jar;C:\Users\papaf\.m2\repository\jakarta\annotation\jakarta.annotation-api\2.1.1\jakarta.annotation-api-2.1.1.jar;C:\Users\papaf\.m2\repository\org\yaml\snakeyaml\2.3\snakeyaml-2.3.jar;C:\Users\papaf\.m2\repository\org\springframework\boot\spring-boot-starter-json\3.4.1\spring-boot-starter-json-3.4.1.jar;C:\Users\papaf\.m2\repository\com\fasterxml\jackson\core\jackson-databind\2.18.2\jackson-databind-2.18.2.jar;C:\Users\papaf\.m2\repository\com\fasterxml\jackson\core\jackson-annotations\2.18.2\jackson-annotations-2.18.2.jar;C:\Users\papaf\.m2\repository\com\fasterxml\jackson\core\jackson-core\2.18.2\jackson-core-2.18.2.jar;C:\Users\papaf\.m2\repository\com\fasterxml\jackson\datatype\jackson-datatype-jdk8\2.18.2\jackson-datatype-jdk8-2.18.2.jar;C:\Users\papaf\.m2\repository\com\fasterxml\jackson\datatype\jackson-datatype-jsr310\2.18.2\jackson-datatype-jsr310-2.18.2.jar;C:\Users\papaf\.m2\repository\com\fasterxml\jackson\module\jackson-module-parameter-names\2.18.2\jackson-module-parameter-names-2.18.2.jar;C:\Users\papaf\.m2\repository\org\springframework\boot\spring-boot-starter-tomcat\3.4.1\spring-boot-starter-tomcat-3.4.1.jar;C:\Users\papaf\.m2\repository\org\apache\tomcat\embed\tomcat-embed-core\10.1.34\tomcat-embed-core-10.1.34.jar;C:\Users\papaf\.m2\repository\org\apache\tomcat\embed\tomcat-embed-el\10.1.34\tomcat-embed-el-10.1.34.jar;C:\Users\papaf\.m2\repository\org\apache\tomcat\embed\tomcat-embed-websocket\10.1.34\tomcat-embed-websocket-10.1.34.jar;C:\Users\papaf\.m2\repository\org\springframework\spring-web\6.2.1\spring-web-6.2.1.jar;C:\Users\papaf\.m2\repository\org\springframework\spring-beans\6.2.1\spring-beans-6.2.1.jar;C:\Users\papaf\.m2\repository\org\springframework\spring-webmvc\6.2.1\spring-webmvc-6.2.1.jar;C:\Users\papaf\.m2\repository\org\springframework\spring-aop\6.2.1\spring-aop-6.2.1.jar;C:\Users\papaf\.m2\repository\org\springframework\spring-context\6.2.1\spring-context-6.2.1.jar;C:\Users\papaf\.m2\repository\org\springframework\spring-expression\6.2.1\spring-expression-6.2.1.jar;C:\Users\papaf\.m2\repository\org\springframework\boot\spring-boot-starter-actuator\3.4.1\spring-boot-starter-actuator-3.4.1.jar;C:\Users\papaf\.m2\repository\org\springframework\boot\spring-boot-actuator-autoconfigure\3.4.1\spring-boot-actuator-autoconfigure-3.4.1.jar;C:\Users\papaf\.m2\repository\org\springframework\boot\spring-boot-actuator\3.4.1\spring-boot-actuator-3.4.1.jar;C:\Users\papaf\.m2\repository\io\micrometer\micrometer-observation\1.14.2\micrometer-observation-1.14.2.jar;C:\Users\papaf\.m2\repository\io\micrometer\micrometer-commons\1.14.2\micrometer-commons-1.14.2.jar;C:\Users\papaf\.m2\repository\io\micrometer\micrometer-jakarta9\1.14.2\micrometer-jakarta9-1.14.2.jar;C:\Users\papaf\.m2\repository\io\micrometer\micrometer-core\1.14.2\micrometer-core-1.14.2.jar;C:\Users\papaf\.m2\repository\org\hdrhistogram\HdrHistogram\2.2.2\HdrHistogram-2.2.2.jar;C:\Users\papaf\.m2\repository\org\latencyutils\LatencyUtils\2.0.3\LatencyUtils-2.0.3.jar;C:\Users\papaf\.m2\repository\org\springframework\boot\spring-boot-devtools\3.4.1\spring-boot-devtools-3.4.1.jar;C:\Users\papaf\.m2\repository\org\springframework\boot\spring-boot\3.4.1\spring-boot-3.4.1.jar;C:\Users\papaf\.m2\repository\org\springframework\boot\spring-boot-autoconfigure\3.4.1\spring-boot-autoconfigure-3.4.1.jar;C:\Users\papaf\.m2\repository\org\springframework\boot\spring-boot-starter-test\3.4.1\spring-boot-starter-test-3.4.1.jar;C:\Users\papaf\.m2\repository\org\springframework\boot\spring-boot-test\3.4.1\spring-boot-test-3.4.1.jar;C:\Users\papaf\.m2\repository\org\springframework\boot\spring-boot-test-autoconfigure\3.4.1\spring-boot-test-autoconfigure-3.4.1.jar;C:\Users\papaf\.m2\repository\com\jayway\jsonpath\json-path\2.9.0\json-path-2.9.0.jar;C:\Users\papaf\.m2\repository\org\slf4j\slf4j-api\2.0.16\slf4j-api-2.0.16.jar;C:\Users\papaf\.m2\repository\jakarta\xml\bind\jakarta.xml.bind-api\4.0.2\jakarta.xml.bind-api-4.0.2.jar;C:\Users\papaf\.m2\repository\jakarta\activation\jakarta.activation-api\2.1.3\jakarta.activation-api-2.1.3.jar;C:\Users\papaf\.m2\repository\net\minidev\json-smart\2.5.1\json-smart-2.5.1.jar;C:\Users\papaf\.m2\repository\net\minidev\accessors-smart\2.5.1\accessors-smart-2.5.1.jar;C:\Users\papaf\.m2\repository\org\ow2\asm\asm\9.6\asm-9.6.jar;C:\Users\papaf\.m2\repository\org\assertj\assertj-core\3.26.3\assertj-core-3.26.3.jar;C:\Users\papaf\.m2\repository\net\bytebuddy\byte-buddy\1.15.11\byte-buddy-1.15.11.jar;C:\Users\papaf\.m2\repository\org\awaitility\awaitility\4.2.2\awaitility-4.2.2.jar;C:\Users\papaf\.m2\repository\org\hamcrest\hamcrest\2.2\hamcrest-2.2.jar;C:\Users\papaf\.m2\repository\org\junit\jupiter\junit-jupiter\5.11.4\junit-jupiter-5.11.4.jar;C:\Users\papaf\.m2\repository\org\junit\jupiter\junit-jupiter-api\5.11.4\junit-jupiter-api-5.11.4.jar;C:\Users\papaf\.m2\repository\org\opentest4j\opentest4j\1.3.0\opentest4j-1.3.0.jar;C:\Users\papaf\.m2\repository\org\junit\platform\junit-platform-commons\1.11.4\junit-platform-commons-1.11.4.jar;C:\Users\papaf\.m2\repository\org\apiguardian\apiguardian-api\1.1.2\apiguardian-api-1.1.2.jar;C:\Users\papaf\.m2\repository\org\junit\jupiter\junit-jupiter-params\5.11.4\junit-jupiter-params-5.11.4.jar;C:\Users\papaf\.m2\repository\org\junit\jupiter\junit-jupiter-engine\5.11.4\junit-jupiter-engine-5.11.4.jar;C:\Users\papaf\.m2\repository\org\junit\platform\junit-platform-engine\1.11.4\junit-platform-engine-1.11.4.jar;C:\Users\papaf\.m2\repository\org\mockito\mockito-core\5.14.2\mockito-core-5.14.2.jar;C:\Users\papaf\.m2\repository\net\bytebuddy\byte-buddy-agent\1.15.11\byte-buddy-agent-1.15.11.jar;C:\Users\papaf\.m2\repository\org\objenesis\objenesis\3.3\objenesis-3.3.jar;C:\Users\papaf\.m2\repository\org\mockito\mockito-junit-jupiter\5.14.2\mockito-junit-jupiter-5.14.2.jar;C:\Users\papaf\.m2\repository\org\skyscreamer\jsonassert\1.5.3\jsonassert-1.5.3.jar;C:\Users\papaf\.m2\repository\com\vaadin\external\google\android-json\0.0.20131108.vaadin1\android-json-0.0.20131108.vaadin1.jar;C:\Users\papaf\.m2\repository\org\springframework\spring-core\6.2.1\spring-core-6.2.1.jar;C:\Users\papaf\.m2\repository\org\springframework\spring-jcl\6.2.1\spring-jcl-6.2.1.jar;C:\Users\papaf\.m2\repository\org\springframework\spring-test\6.2.1\spring-test-6.2.1.jar;C:\Users\papaf\.m2\repository\org\xmlunit\xmlunit-core\2.10.0\xmlunit-core-2.10.0.jar;"/>
    <property name="java.vm.vendor" value="Oracle Corporation"/>
    <property name="sun.arch.data.model" value="64"/>
    <property name="user.variant" value=""/>
    <property name="java.vendor.url" value="https://java.oracle.com/"/>
    <property name="user.timezone" value="Europe/Bucharest"/>
    <property name="os.name" value="Windows 11"/>
    <property name="java.vm.specification.version" value="23"/>
    <property name="APPLICATION_NAME" value="FirstSpring"/>
    <property name="sun.java.launcher" value="SUN_STANDARD"/>
    <property name="user.country" value="GR"/>
    <property name="sun.boot.library.path" value="C:\Program Files\Java\jdk-23\bin"/>
    <property name="sun.java.command" value="C:\Users\papaf\AppData\Local\Temp\surefire948713428335111127\surefirebooter-20250116022009495_3.jar C:\Users\papaf\AppData\Local\Temp\surefire948713428335111127 2025-01-16T02-20-09_305-jvmRun1 surefire-20250116022009495_1tmp surefire_0-20250116022009495_2tmp"/>
    <property name="jdk.debug" value="release"/>
    <property name="surefire.test.class.path" value="C:\Users\papaf\Downloads\FirstSpring\FirstSpring\target\test-classes;C:\Users\papaf\Downloads\FirstSpring\FirstSpring\target\classes;C:\Users\papaf\.m2\repository\org\springframework\boot\spring-boot-starter-web\3.4.1\spring-boot-starter-web-3.4.1.jar;C:\Users\papaf\.m2\repository\org\springframework\boot\spring-boot-starter\3.4.1\spring-boot-starter-3.4.1.jar;C:\Users\papaf\.m2\repository\org\springframework\boot\spring-boot-starter-logging\3.4.1\spring-boot-starter-logging-3.4.1.jar;C:\Users\papaf\.m2\repository\ch\qos\logback\logback-classic\1.5.12\logback-classic-1.5.12.jar;C:\Users\papaf\.m2\repository\ch\qos\logback\logback-core\1.5.12\logback-core-1.5.12.jar;C:\Users\papaf\.m2\repository\org\apache\logging\log4j\log4j-to-slf4j\2.24.3\log4j-to-slf4j-2.24.3.jar;C:\Users\papaf\.m2\repository\org\apache\logging\log4j\log4j-api\2.24.3\log4j-api-2.24.3.jar;C:\Users\papaf\.m2\repository\org\slf4j\jul-to-slf4j\2.0.16\jul-to-slf4j-2.0.16.jar;C:\Users\papaf\.m2\repository\jakarta\annotation\jakarta.annotation-api\2.1.1\jakarta.annotation-api-2.1.1.jar;C:\Users\papaf\.m2\repository\org\yaml\snakeyaml\2.3\snakeyaml-2.3.jar;C:\Users\papaf\.m2\repository\org\springframework\boot\spring-boot-starter-json\3.4.1\spring-boot-starter-json-3.4.1.jar;C:\Users\papaf\.m2\repository\com\fasterxml\jackson\core\jackson-databind\2.18.2\jackson-databind-2.18.2.jar;C:\Users\papaf\.m2\repository\com\fasterxml\jackson\core\jackson-annotations\2.18.2\jackson-annotations-2.18.2.jar;C:\Users\papaf\.m2\repository\com\fasterxml\jackson\core\jackson-core\2.18.2\jackson-core-2.18.2.jar;C:\Users\papaf\.m2\repository\com\fasterxml\jackson\datatype\jackson-datatype-jdk8\2.18.2\jackson-datatype-jdk8-2.18.2.jar;C:\Users\papaf\.m2\repository\com\fasterxml\jackson\datatype\jackson-datatype-jsr310\2.18.2\jackson-datatype-jsr310-2.18.2.jar;C:\Users\papaf\.m2\repository\com\fasterxml\jackson\module\jackson-module-parameter-names\2.18.2\jackson-module-parameter-names-2.18.2.jar;C:\Users\papaf\.m2\repository\org\springframework\boot\spring-boot-starter-tomcat\3.4.1\spring-boot-starter-tomcat-3.4.1.jar;C:\Users\papaf\.m2\repository\org\apache\tomcat\embed\tomcat-embed-core\10.1.34\tomcat-embed-core-10.1.34.jar;C:\Users\papaf\.m2\repository\org\apache\tomcat\embed\tomcat-embed-el\10.1.34\tomcat-embed-el-10.1.34.jar;C:\Users\papaf\.m2\repository\org\apache\tomcat\embed\tomcat-embed-websocket\10.1.34\tomcat-embed-websocket-10.1.34.jar;C:\Users\papaf\.m2\repository\org\springframework\spring-web\6.2.1\spring-web-6.2.1.jar;C:\Users\papaf\.m2\repository\org\springframework\spring-beans\6.2.1\spring-beans-6.2.1.jar;C:\Users\papaf\.m2\repository\org\springframework\spring-webmvc\6.2.1\spring-webmvc-6.2.1.jar;C:\Users\papaf\.m2\repository\org\springframework\spring-aop\6.2.1\spring-aop-6.2.1.jar;C:\Users\papaf\.m2\repository\org\springframework\spring-context\6.2.1\spring-context-6.2.1.jar;C:\Users\papaf\.m2\repository\org\springframework\spring-expression\6.2.1\spring-expression-6.2.1.jar;C:\Users\papaf\.m2\repository\org\springframework\boot\spring-boot-starter-actuator\3.4.1\spring-boot-starter-actuator-3.4.1.jar;C:\Users\papaf\.m2\repository\org\springframework\boot\spring-boot-actuator-autoconfigure\3.4.1\spring-boot-actuator-autoconfigure-3.4.1.jar;C:\Users\papaf\.m2\repository\org\springframework\boot\spring-boot-actuator\3.4.1\spring-boot-actuator-3.4.1.jar;C:\Users\papaf\.m2\repository\io\micrometer\micrometer-observation\1.14.2\micrometer-observation-1.14.2.jar;C:\Users\papaf\.m2\repository\io\micrometer\micrometer-commons\1.14.2\micrometer-commons-1.14.2.jar;C:\Users\papaf\.m2\repository\io\micrometer\micrometer-jakarta9\1.14.2\micrometer-jakarta9-1.14.2.jar;C:\Users\papaf\.m2\repository\io\micrometer\micrometer-core\1.14.2\micrometer-core-1.14.2.jar;C:\Users\papaf\.m2\repository\org\hdrhistogram\HdrHistogram\2.2.2\HdrHistogram-2.2.2.jar;C:\Users\papaf\.m2\repository\org\latencyutils\LatencyUtils\2.0.3\LatencyUtils-2.0.3.jar;C:\Users\papaf\.m2\repository\org\springframework\boot\spring-boot-devtools\3.4.1\spring-boot-devtools-3.4.1.jar;C:\Users\papaf\.m2\repository\org\springframework\boot\spring-boot\3.4.1\spring-boot-3.4.1.jar;C:\Users\papaf\.m2\repository\org\springframework\boot\spring-boot-autoconfigure\3.4.1\spring-boot-autoconfigure-3.4.1.jar;C:\Users\papaf\.m2\repository\org\springframework\boot\spring-boot-starter-test\3.4.1\spring-boot-starter-test-3.4.1.jar;C:\Users\papaf\.m2\repository\org\springframework\boot\spring-boot-test\3.4.1\spring-boot-test-3.4.1.jar;C:\Users\papaf\.m2\repository\org\springframework\boot\spring-boot-test-autoconfigure\3.4.1\spring-boot-test-autoconfigure-3.4.1.jar;C:\Users\papaf\.m2\repository\com\jayway\jsonpath\json-path\2.9.0\json-path-2.9.0.jar;C:\Users\papaf\.m2\repository\org\slf4j\slf4j-api\2.0.16\slf4j-api-2.0.16.jar;C:\Users\papaf\.m2\repository\jakarta\xml\bind\jakarta.xml.bind-api\4.0.2\jakarta.xml.bind-api-4.0.2.jar;C:\Users\papaf\.m2\repository\jakarta\activation\jakarta.activation-api\2.1.3\jakarta.activation-api-2.1.3.jar;C:\Users\papaf\.m2\repository\net\minidev\json-smart\2.5.1\json-smart-2.5.1.jar;C:\Users\papaf\.m2\repository\net\minidev\accessors-smart\2.5.1\accessors-smart-2.5.1.jar;C:\Users\papaf\.m2\repository\org\ow2\asm\asm\9.6\asm-9.6.jar;C:\Users\papaf\.m2\repository\org\assertj\assertj-core\3.26.3\assertj-core-3.26.3.jar;C:\Users\papaf\.m2\repository\net\bytebuddy\byte-buddy\1.15.11\byte-buddy-1.15.11.jar;C:\Users\papaf\.m2\repository\org\awaitility\awaitility\4.2.2\awaitility-4.2.2.jar;C:\Users\papaf\.m2\repository\org\hamcrest\hamcrest\2.2\hamcrest-2.2.jar;C:\Users\papaf\.m2\repository\org\junit\jupiter\junit-jupiter\5.11.4\junit-jupiter-5.11.4.jar;C:\Users\papaf\.m2\repository\org\junit\jupiter\junit-jupiter-api\5.11.4\junit-jupiter-api-5.11.4.jar;C:\Users\papaf\.m2\repository\org\opentest4j\opentest4j\1.3.0\opentest4j-1.3.0.jar;C:\Users\papaf\.m2\repository\org\junit\platform\junit-platform-commons\1.11.4\junit-platform-commons-1.11.4.jar;C:\Users\papaf\.m2\repository\org\apiguardian\apiguardian-api\1.1.2\apiguardian-api-1.1.2.jar;C:\Users\papaf\.m2\repository\org\junit\jupiter\junit-jupiter-params\5.11.4\junit-jupiter-params-5.11.4.jar;C:\Users\papaf\.m2\repository\org\junit\jupiter\junit-jupiter-engine\5.11.4\junit-jupiter-engine-5.11.4.jar;C:\Users\papaf\.m2\repository\org\junit\platform\junit-platform-engine\1.11.4\junit-platform-engine-1.11.4.jar;C:\Users\papaf\.m2\repository\org\mockito\mockito-core\5.14.2\mockito-core-5.14.2.jar;C:\Users\papaf\.m2\repository\net\bytebuddy\byte-buddy-agent\1.15.11\byte-buddy-agent-1.15.11.jar;C:\Users\papaf\.m2\repository\org\objenesis\objenesis\3.3\objenesis-3.3.jar;C:\Users\papaf\.m2\repository\org\mockito\mockito-junit-jupiter\5.14.2\mockito-junit-jupiter-5.14.2.jar;C:\Users\papaf\.m2\repository\org\skyscreamer\jsonassert\1.5.3\jsonassert-1.5.3.jar;C:\Users\papaf\.m2\repository\com\vaadin\external\google\android-json\0.0.20131108.vaadin1\android-json-0.0.20131108.vaadin1.jar;C:\Users\papaf\.m2\repository\org\springframework\spring-core\6.2.1\spring-core-6.2.1.jar;C:\Users\papaf\.m2\repository\org\springframework\spring-jcl\6.2.1\spring-jcl-6.2.1.jar;C:\Users\papaf\.m2\repository\org\springframework\spring-test\6.2.1\spring-test-6.2.1.jar;C:\Users\papaf\.m2\repository\org\xmlunit\xmlunit-core\2.10.0\xmlunit-core-2.10.0.jar;"/>
    <property name="sun.cpu.endian" value="little"/>
    <property name="user.home" value="C:\Users\papaf"/>
    <property name="user.language" value="el"/>
    <property name="java.specification.vendor" value="Oracle Corporation"/>
    <property name="java.version.date" value="2024-10-15"/>
    <property name="java.home" value="C:\Program Files\Java\jdk-23"/>
    <property name="file.separator" value="\"/>
    <property name="basedir" value="C:\Users\papaf\Downloads\FirstSpring\FirstSpring"/>
    <property name="style.color" value="always"/>
    <property name="java.vm.compressedOopsMode" value="32-bit"/>
    <property name="line.separator" value="&#10;"/>
    <property name="java.vm.specification.vendor" value="Oracle Corporation"/>
    <property name="java.specification.name" value="Java Platform API Specification"/>
    <property name="FILE_LOG_CHARSET" value="UTF-8"/>
    <property name="java.awt.headless" value="true"/>
    <property name="surefire.real.class.path" value="C:\Users\papaf\AppData\Local\Temp\surefire948713428335111127\surefirebooter-20250116022009495_3.jar"/>
    <property name="user.script" value=""/>
    <property name="sun.management.compiler" value="HotSpot 64-Bit Tiered Compilers"/>
    <property name="java.runtime.version" value="23.0.1+11-39"/>
    <property name="user.name" value="papaf"/>
    <property name="stdout.encoding" value="Cp1252"/>
    <property name="path.separator" value=";"/>
    <property name="os.version" value="10.0"/>
    <property name="java.runtime.name" value="Java(TM) SE Runtime Environment"/>
    <property name="file.encoding" value="UTF-8"/>
    <property name="java.vm.name" value="Java HotSpot(TM) 64-Bit Server VM"/>
    <property name="localRepository" value="C:\Users\papaf\.m2\repository"/>
    <property name="java.vendor.url.bug" value="https://bugreport.java.com/bugreport/"/>
    <property name="java.io.tmpdir" value="C:\Users\papaf\AppData\Local\Temp\"/>
    <property name="java.version" value="23.0.1"/>
    <property name="user.dir" value="C:\Users\papaf\Downloads\FirstSpring\FirstSpring"/>
    <property name="os.arch" value="amd64"/>
    <property name="java.vm.specification.name" value="Java Virtual Machine Specification"/>
    <property name="PID" value="25984"/>
    <property name="sun.os.patch.level" value=""/>
    <property name="CONSOLE_LOG_CHARSET" value="UTF-8"/>
    <property name="native.encoding" value="Cp1252"/>
    <property name="java.library.path" value="C:\Program Files\Java\jdk-23\bin;C:\WINDOWS\Sun\Java\bin;C:\WINDOWS\system32;C:\WINDOWS;C:\Program Files\Common Files\Oracle\Java\javapath;C:\WINDOWS\system32;C:\WINDOWS;C:\WINDOWS\System32\Wbem;C:\WINDOWS\System32\WindowsPowerShell\v1.0\;C:\WINDOWS\System32\OpenSSH\;C:\Program Files\Java\jdk-20\bin;C:\Program Files (x86)\Windows Kits\10\Windows Performance Toolkit\;C:\Program Files\nodejs\;C:\Program Files (x86)\Microsoft SQL Server\160\Tools\Binn\;C:\Program Files\Microsoft SQL Server\160\Tools\Binn\;C:\Program Files\Microsoft SQL Server\Client SDK\ODBC\170\Tools\Binn\;C:\Program Files\Microsoft SQL Server\160\DTS\Binn\;C:\Program Files (x86)\Microsoft SQL Server\160\DTS\Binn\;C:\Program Files\Azure Data Studio\bin;C:\Users\papaf\AppData\Local\Microsoft\WindowsApps;;C:\Users\papaf\AppData\Local\Programs\Microsoft VS Code\bin;C:\Users\papaf\AppData\Roaming\npm;C:\Program Files\Azure Data Studio\bin;."/>
    <property name="java.vm.info" value="mixed mode, sharing"/>
    <property name="stderr.encoding" value="Cp1252"/>
    <property name="java.vendor" value="Oracle Corporation"/>
    <property name="java.vm.version" value="23.0.1+11-39"/>
    <property name="sun.io.unicode.encoding" value="UnicodeLittle"/>
    <property name="java.class.version" value="67.0"/>
    <property name="LOGGED_APPLICATION_NAME" value="[FirstSpring] "/>
  </properties>
  <testcase name="contextLoads" classname="com.courseSpring.FirstSpring.FirstSpringApplicationTests" time="1.13">
    <system-out><![CDATA[02:20:10.721 [main] INFO org.springframework.test.context.support.AnnotationConfigContextLoaderUtils -- Could not detect default configuration classes for test class [com.courseSpring.FirstSpring.FirstSpringApplicationTests]: FirstSpringApplicationTests does not declare any static, non-private, non-final, nested classes annotated with @Configuration.
02:20:10.874 [main] INFO org.springframework.boot.test.context.SpringBootTestContextBootstrapper -- Found @SpringBootConfiguration com.courseSpring.FirstSpring.FirstSpringApplication for test class com.courseSpring.FirstSpring.FirstSpringApplicationTests
02:20:11.170 [main] INFO org.springframework.boot.devtools.restart.RestartApplicationListener -- Restart disabled due to context in which it is running
2025-01-16T02:20:11.524+02:00 TRACE 25984 --- [FirstSpring] [           main] o.s.c.io.support.SpringFactoriesLoader   : Loaded [org.springframework.boot.ApplicationContextFactory] names: [org.springframework.boot.web.reactive.context.ReactiveWebServerApplicationContextFactory, org.springframework.boot.web.servlet.context.ServletWebServerApplicationContextFactory]

  .   ____          _            __ _ _
 /\\ / ___'_ __ _ _(_)_ __  __ _ \ \ \ \
( ( )\___ | '_ | '_| | '_ \/ _` | \ \ \ \
 \\/  ___)| |_)| | | | | || (_| |  ) ) ) )
  '  |____| .__|_| |_|_| |_\__, | / / / /
 =========|_|==============|___/=/_/_/_/

 :: Spring Boot ::                (v3.4.1)

2025-01-16T02:20:11.605+02:00 TRACE 25984 --- [FirstSpring] [           main] o.s.b.f.s.DefaultListableBeanFactory     : Registering scope 'restart' with implementation [org.springframework.boot.devtools.restart.RestartScopeInitializer$RestartScope@27f3b6d6]
2025-01-16T02:20:11.608+02:00 TRACE 25984 --- [FirstSpring] [           main] o.s.c.io.support.SpringFactoriesLoader   : Loaded [org.springframework.core.io.ProtocolResolver] names: [org.springframework.boot.io.Base64ProtocolResolver]
2025-01-16T02:20:11.612+02:00 TRACE 25984 --- [FirstSpring] [           main] o.s.b.f.s.DefaultListableBeanFactory     : Returning cached instance of singleton bean 'autoConfigurationReport'
2025-01-16T02:20:11.619+02:00  INFO 25984 --- [FirstSpring] [           main] c.c.F.FirstSpringApplicationTests        : Starting FirstSpringApplicationTests using Java 23.0.1 with PID 25984 (started by papaf in C:\Users\papaf\Downloads\FirstSpring\FirstSpring)
2025-01-16T02:20:11.620+02:00  INFO 25984 --- [FirstSpring] [           main] c.c.F.FirstSpringApplicationTests        : The following 1 profile is active: "dev"
2025-01-16T02:20:11.621+02:00 DEBUG 25984 --- [FirstSpring] [           main] o.s.boot.SpringApplication               : Loading source class com.courseSpring.FirstSpring.FirstSpringApplication
2025-01-16T02:20:11.648+02:00 TRACE 25984 --- [FirstSpring] [           main] o.s.c.a.ClassPathBeanDefinitionScanner   : JSR-250 'jakarta.annotation.ManagedBean' found and supported for component scanning
2025-01-16T02:20:11.670+02:00 TRACE 25984 --- [FirstSpring] [           main] uePropertySourceEnvironmentPostProcessor : RandomValuePropertySource add to Environment
2025-01-16T02:20:11.670+02:00 TRACE 25984 --- [FirstSpring] [           main] b.c.c.ConfigDataEnvironmentPostProcessor : Post-processing environment to add config data
2025-01-16T02:20:11.671+02:00 TRACE 25984 --- [FirstSpring] [           main] o.s.b.c.config.ConfigDataEnvironment     : Building config data environment contributors
2025-01-16T02:20:11.671+02:00 TRACE 25984 --- [FirstSpring] [           main] o.s.b.c.config.ConfigDataEnvironment     : Creating wrapped config data contributor for 'Inlined Test Properties'
2025-01-16T02:20:11.671+02:00 TRACE 25984 --- [FirstSpring] [           main] o.s.b.c.config.ConfigDataEnvironment     : Creating wrapped config data contributor for 'configurationProperties'
2025-01-16T02:20:11.671+02:00 TRACE 25984 --- [FirstSpring] [           main] o.s.b.c.config.ConfigDataEnvironment     : Creating wrapped config data contributor for 'servletConfigInitParams'
2025-01-16T02:20:11.671+02:00 TRACE 25984 --- [FirstSpring] [           main] o.s.b.c.config.ConfigDataEnvironment     : Creating wrapped config data contributor for 'servletContextInitParams'
2025-01-16T02:20:11.671+02:00 TRACE 25984 --- [FirstSpring] [           main] o.s.b.c.config.ConfigDataEnvironment     : Creating wrapped config data contributor for 'systemProperties'
2025-01-16T02:20:11.671+02:00 TRACE 25984 --- [FirstSpring] [           main] o.s.b.c.config.ConfigDataEnvironment     : Creating wrapped config data contributor for 'systemEnvironment'
2025-01-16T02:20:11.671+02:00 TRACE 25984 --- [FirstSpring] [           main] o.s.b.c.config.ConfigDataEnvironment     : Creating wrapped config data contributor for 'random'
2025-01-16T02:20:11.672+02:00 TRACE 25984 --- [FirstSpring] [           main] o.s.b.c.config.ConfigDataEnvironment     : Creating wrapped config data contributor for 'applicationInfo'
2025-01-16T02:20:11.672+02:00 TRACE 25984 --- [FirstSpring] [           main] o.s.b.c.config.ConfigDataEnvironment     : Adding initial config data import from location 'optional:file:./;optional:file:./config/;optional:file:./config/*/'
2025-01-16T02:20:11.673+02:00 TRACE 25984 --- [FirstSpring] [           main] o.s.b.c.config.ConfigDataEnvironment     : Adding initial config data import from location 'optional:classpath:/;optional:classpath:/config/'
2025-01-16T02:20:11.673+02:00 TRACE 25984 --- [FirstSpring] [           main] o.s.b.c.config.ConfigDataEnvironment     : Processing initial config data environment contributors without activation context
2025-01-16T02:20:11.673+02:00 TRACE 25984 --- [FirstSpring] [           main] .b.c.c.ConfigDataEnvironmentContributors : Processing imports for phase BEFORE_PROFILE_ACTIVATION. no activation context
2025-01-16T02:20:11.673+02:00 TRACE 25984 --- [FirstSpring] [           main] .b.c.c.ConfigDataEnvironmentContributors : Processing imports [optional:file:./;optional:file:./config/;optional:file:./config/*/]
2025-01-16T02:20:11.673+02:00 TRACE 25984 --- [FirstSpring] [           main] b.c.c.StandardConfigDataLocationResolver : Skipping missing resource file:./application.yaml
2025-01-16T02:20:11.674+02:00 TRACE 25984 --- [FirstSpring] [           main] b.c.c.StandardConfigDataLocationResolver : Skipping missing resource file:./application.yml
2025-01-16T02:20:11.674+02:00 TRACE 25984 --- [FirstSpring] [           main] b.c.c.StandardConfigDataLocationResolver : Skipping missing resource file:./application.xml
2025-01-16T02:20:11.674+02:00 TRACE 25984 --- [FirstSpring] [           main] b.c.c.StandardConfigDataLocationResolver : Skipping missing resource file:./application.properties
2025-01-16T02:20:11.674+02:00 TRACE 25984 --- [FirstSpring] [           main] b.c.c.StandardConfigDataLocationResolver : Skipping missing resource file:./config/application.yaml
2025-01-16T02:20:11.674+02:00 TRACE 25984 --- [FirstSpring] [           main] b.c.c.StandardConfigDataLocationResolver : Skipping missing resource file:./config/application.yml
2025-01-16T02:20:11.675+02:00 TRACE 25984 --- [FirstSpring] [           main] b.c.c.StandardConfigDataLocationResolver : Skipping missing resource file:./config/application.xml
2025-01-16T02:20:11.675+02:00 TRACE 25984 --- [FirstSpring] [           main] b.c.c.StandardConfigDataLocationResolver : Skipping missing resource file:./config/application.properties
2025-01-16T02:20:11.675+02:00 TRACE 25984 --- [FirstSpring] [           main] o.s.b.context.config.ConfigDataImporter  : Considering resource file [.] from location optional:file:./;optional:file:./config/;optional:file:./config/*/
2025-01-16T02:20:11.675+02:00 TRACE 25984 --- [FirstSpring] [           main] o.s.b.context.config.ConfigDataLoaders   : Loading file [.] using loader org.springframework.boot.context.config.StandardConfigDataLoader
2025-01-16T02:20:11.676+02:00 TRACE 25984 --- [FirstSpring] [           main] o.s.b.context.config.ConfigDataImporter  : Loaded resource file [.] from location optional:file:./;optional:file:./config/;optional:file:./config/*/
2025-01-16T02:20:11.684+02:00 TRACE 25984 --- [FirstSpring] [           main] .b.c.c.ConfigDataEnvironmentContributors : Imported 1 resource [file [.]]
2025-01-16T02:20:11.685+02:00 TRACE 25984 --- [FirstSpring] [           main] .b.c.c.ConfigDataEnvironmentContributors : Processing imports [optional:classpath:/;optional:classpath:/config/]
2025-01-16T02:20:11.685+02:00 TRACE 25984 --- [FirstSpring] [           main] b.c.c.StandardConfigDataLocationResolver : Skipping missing resource classpath:/application.yaml
2025-01-16T02:20:11.685+02:00 TRACE 25984 --- [FirstSpring] [           main] b.c.c.StandardConfigDataLocationResolver : Skipping missing resource classpath:/application.yml
2025-01-16T02:20:11.685+02:00 TRACE 25984 --- [FirstSpring] [           main] b.c.c.StandardConfigDataLocationResolver : Skipping missing resource classpath:/application.xml
2025-01-16T02:20:11.685+02:00 TRACE 25984 --- [FirstSpring] [           main] b.c.c.StandardConfigDataLocationResolver : Skipping missing resource classpath:/config/application.yaml
2025-01-16T02:20:11.685+02:00 TRACE 25984 --- [FirstSpring] [           main] b.c.c.StandardConfigDataLocationResolver : Skipping missing resource classpath:/config/application.yml
2025-01-16T02:20:11.685+02:00 TRACE 25984 --- [FirstSpring] [           main] b.c.c.StandardConfigDataLocationResolver : Skipping missing resource classpath:/config/application.xml
2025-01-16T02:20:11.685+02:00 TRACE 25984 --- [FirstSpring] [           main] b.c.c.StandardConfigDataLocationResolver : Skipping missing resource classpath:/config/application.properties
2025-01-16T02:20:11.685+02:00 TRACE 25984 --- [FirstSpring] [           main] o.s.b.context.config.ConfigDataImporter  : Considering resource class path resource [application.properties] from location optional:classpath:/;optional:classpath:/config/
2025-01-16T02:20:11.685+02:00 TRACE 25984 --- [FirstSpring] [           main] o.s.b.context.config.ConfigDataLoaders   : Loading class path resource [application.properties] using loader org.springframework.boot.context.config.StandardConfigDataLoader
2025-01-16T02:20:11.685+02:00 TRACE 25984 --- [FirstSpring] [           main] o.s.b.context.config.ConfigDataImporter  : Loaded resource class path resource [application.properties] from location optional:classpath:/;optional:classpath:/config/
2025-01-16T02:20:11.686+02:00 TRACE 25984 --- [FirstSpring] [           main] .b.c.c.ConfigDataEnvironmentContributors : Imported 1 resource [class path resource [application.properties]]
2025-01-16T02:20:11.686+02:00 TRACE 25984 --- [FirstSpring] [           main] .b.c.c.ConfigDataEnvironmentContributors : Processed imports for of 2 contributors
2025-01-16T02:20:11.686+02:00 TRACE 25984 --- [FirstSpring] [           main] o.s.b.c.config.ConfigDataEnvironment     : Creating config data activation context from initial contributions
2025-01-16T02:20:11.686+02:00 TRACE 25984 --- [FirstSpring] [           main] o.s.b.c.config.ConfigDataEnvironment     : Processing config data environment contributors with initial activation context
2025-01-16T02:20:11.694+02:00 TRACE 25984 --- [FirstSpring] [           main] .b.c.c.ConfigDataEnvironmentContributors : Processing imports for phase BEFORE_PROFILE_ACTIVATION. [ConfigDataActivationContext@5652f555 cloudPlatform = [null], profiles = [null]]
2025-01-16T02:20:11.695+02:00 TRACE 25984 --- [FirstSpring] [           main] .b.c.c.ConfigDataEnvironmentContributors : Processed imports for of 0 contributors
2025-01-16T02:20:11.695+02:00 TRACE 25984 --- [FirstSpring] [           main] o.s.b.c.config.ConfigDataEnvironment     : Deducing profiles from current config data environment contributors
2025-01-16T02:20:11.695+02:00 TRACE 25984 --- [FirstSpring] [           main] o.s.b.c.config.ConfigDataEnvironment     : Processing config data environment contributors with profile activation context
2025-01-16T02:20:11.695+02:00 TRACE 25984 --- [FirstSpring] [           main] .b.c.c.ConfigDataEnvironmentContributors : Processing imports for phase AFTER_PROFILE_ACTIVATION. [ConfigDataActivationContext@4fe01805 cloudPlatform = [null], profiles = [Profiles@55120f99 active = '[dev]', default = '[default]', accepted = '[dev]']]
2025-01-16T02:20:11.696+02:00 TRACE 25984 --- [FirstSpring] [           main] .b.c.c.ConfigDataEnvironmentContributors : Processing imports [optional:file:./;optional:file:./config/;optional:file:./config/*/]
2025-01-16T02:20:11.696+02:00 TRACE 25984 --- [FirstSpring] [           main] b.c.c.StandardConfigDataLocationResolver : Skipping missing resource file:./application.yaml
2025-01-16T02:20:11.696+02:00 TRACE 25984 --- [FirstSpring] [           main] b.c.c.StandardConfigDataLocationResolver : Skipping missing resource file:./application.yml
2025-01-16T02:20:11.697+02:00 TRACE 25984 --- [FirstSpring] [           main] b.c.c.StandardConfigDataLocationResolver : Skipping missing resource file:./application.xml
2025-01-16T02:20:11.697+02:00 TRACE 25984 --- [FirstSpring] [           main] b.c.c.StandardConfigDataLocationResolver : Skipping missing resource file:./application.properties
2025-01-16T02:20:11.697+02:00 TRACE 25984 --- [FirstSpring] [           main] b.c.c.StandardConfigDataLocationResolver : Skipping missing resource file:./config/application.yaml
2025-01-16T02:20:11.697+02:00 TRACE 25984 --- [FirstSpring] [           main] b.c.c.StandardConfigDataLocationResolver : Skipping missing resource file:./config/application.yml
2025-01-16T02:20:11.697+02:00 TRACE 25984 --- [FirstSpring] [           main] b.c.c.StandardConfigDataLocationResolver : Skipping missing resource file:./config/application.xml
2025-01-16T02:20:11.697+02:00 TRACE 25984 --- [FirstSpring] [           main] b.c.c.StandardConfigDataLocationResolver : Skipping missing resource file:./config/application.properties
2025-01-16T02:20:11.698+02:00 TRACE 25984 --- [FirstSpring] [           main] b.c.c.StandardConfigDataLocationResolver : Skipping missing resource file:./application-dev.yaml
2025-01-16T02:20:11.698+02:00 TRACE 25984 --- [FirstSpring] [           main] b.c.c.StandardConfigDataLocationResolver : Skipping missing resource file:./application-dev.yml
2025-01-16T02:20:11.698+02:00 TRACE 25984 --- [FirstSpring] [           main] b.c.c.StandardConfigDataLocationResolver : Skipping missing resource file:./application-dev.xml
2025-01-16T02:20:11.698+02:00 TRACE 25984 --- [FirstSpring] [           main] b.c.c.StandardConfigDataLocationResolver : Skipping missing resource file:./application-dev.properties
2025-01-16T02:20:11.699+02:00 TRACE 25984 --- [FirstSpring] [           main] b.c.c.StandardConfigDataLocationResolver : Skipping missing resource file:./config/application-dev.yaml
2025-01-16T02:20:11.699+02:00 TRACE 25984 --- [FirstSpring] [           main] b.c.c.StandardConfigDataLocationResolver : Skipping missing resource file:./config/application-dev.yml
2025-01-16T02:20:11.699+02:00 TRACE 25984 --- [FirstSpring] [           main] b.c.c.StandardConfigDataLocationResolver : Skipping missing resource file:./config/application-dev.xml
2025-01-16T02:20:11.700+02:00 TRACE 25984 --- [FirstSpring] [           main] b.c.c.StandardConfigDataLocationResolver : Skipping missing resource file:./config/application-dev.properties
2025-01-16T02:20:11.700+02:00 TRACE 25984 --- [FirstSpring] [           main] o.s.b.context.config.ConfigDataImporter  : Considering resource file [.] from location optional:file:./;optional:file:./config/;optional:file:./config/*/
2025-01-16T02:20:11.700+02:00 TRACE 25984 --- [FirstSpring] [           main] o.s.b.context.config.ConfigDataImporter  : Already loaded resource file [.] ignoring location optional:file:./;optional:file:./config/;optional:file:./config/*/
2025-01-16T02:20:11.700+02:00 TRACE 25984 --- [FirstSpring] [           main] o.s.b.context.config.ConfigDataImporter  : Considering resource file [.] from location optional:file:./;optional:file:./config/;optional:file:./config/*/
2025-01-16T02:20:11.700+02:00 TRACE 25984 --- [FirstSpring] [           main] o.s.b.context.config.ConfigDataImporter  : Already loaded resource file [.] ignoring location optional:file:./;optional:file:./config/;optional:file:./config/*/
2025-01-16T02:20:11.701+02:00 TRACE 25984 --- [FirstSpring] [           main] .b.c.c.ConfigDataEnvironmentContributors : Nothing imported
2025-01-16T02:20:11.701+02:00 TRACE 25984 --- [FirstSpring] [           main] .b.c.c.ConfigDataEnvironmentContributors : Processing imports [optional:classpath:/;optional:classpath:/config/]
2025-01-16T02:20:11.701+02:00 TRACE 25984 --- [FirstSpring] [           main] b.c.c.StandardConfigDataLocationResolver : Skipping missing resource classpath:/application.yaml
2025-01-16T02:20:11.701+02:00 TRACE 25984 --- [FirstSpring] [           main] b.c.c.StandardConfigDataLocationResolver : Skipping missing resource classpath:/application.yml
2025-01-16T02:20:11.702+02:00 TRACE 25984 --- [FirstSpring] [           main] b.c.c.StandardConfigDataLocationResolver : Skipping missing resource classpath:/application.xml
2025-01-16T02:20:11.702+02:00 TRACE 25984 --- [FirstSpring] [           main] b.c.c.StandardConfigDataLocationResolver : Skipping missing resource classpath:/config/application.yaml
2025-01-16T02:20:11.702+02:00 TRACE 25984 --- [FirstSpring] [           main] b.c.c.StandardConfigDataLocationResolver : Skipping missing resource classpath:/config/application.yml
2025-01-16T02:20:11.702+02:00 TRACE 25984 --- [FirstSpring] [           main] b.c.c.StandardConfigDataLocationResolver : Skipping missing resource classpath:/config/application.xml
2025-01-16T02:20:11.702+02:00 TRACE 25984 --- [FirstSpring] [           main] b.c.c.StandardConfigDataLocationResolver : Skipping missing resource classpath:/config/application.properties
2025-01-16T02:20:11.703+02:00 TRACE 25984 --- [FirstSpring] [           main] b.c.c.StandardConfigDataLocationResolver : Skipping missing resource classpath:/application-dev.yaml
2025-01-16T02:20:11.703+02:00 TRACE 25984 --- [FirstSpring] [           main] b.c.c.StandardConfigDataLocationResolver : Skipping missing resource classpath:/application-dev.yml
2025-01-16T02:20:11.703+02:00 TRACE 25984 --- [FirstSpring] [           main] b.c.c.StandardConfigDataLocationResolver : Skipping missing resource classpath:/application-dev.xml
2025-01-16T02:20:11.703+02:00 TRACE 25984 --- [FirstSpring] [           main] b.c.c.StandardConfigDataLocationResolver : Skipping missing resource classpath:/config/application-dev.yaml
2025-01-16T02:20:11.703+02:00 TRACE 25984 --- [FirstSpring] [           main] b.c.c.StandardConfigDataLocationResolver : Skipping missing resource classpath:/config/application-dev.yml
2025-01-16T02:20:11.703+02:00 TRACE 25984 --- [FirstSpring] [           main] b.c.c.StandardConfigDataLocationResolver : Skipping missing resource classpath:/config/application-dev.xml
2025-01-16T02:20:11.704+02:00 TRACE 25984 --- [FirstSpring] [           main] b.c.c.StandardConfigDataLocationResolver : Skipping missing resource classpath:/config/application-dev.properties
2025-01-16T02:20:11.704+02:00 TRACE 25984 --- [FirstSpring] [           main] o.s.b.context.config.ConfigDataImporter  : Considering resource class path resource [application-dev.properties] from location optional:classpath:/;optional:classpath:/config/
2025-01-16T02:20:11.704+02:00 TRACE 25984 --- [FirstSpring] [           main] o.s.b.context.config.ConfigDataLoaders   : Loading class path resource [application-dev.properties] using loader org.springframework.boot.context.config.StandardConfigDataLoader
2025-01-16T02:20:11.705+02:00 TRACE 25984 --- [FirstSpring] [           main] o.s.b.context.config.ConfigDataImporter  : Loaded resource class path resource [application-dev.properties] from location optional:classpath:/;optional:classpath:/config/
2025-01-16T02:20:11.705+02:00 TRACE 25984 --- [FirstSpring] [           main] o.s.b.context.config.ConfigDataImporter  : Considering resource class path resource [application.properties] from location optional:classpath:/;optional:classpath:/config/
2025-01-16T02:20:11.705+02:00 TRACE 25984 --- [FirstSpring] [           main] o.s.b.context.config.ConfigDataImporter  : Already loaded resource class path resource [application.properties] ignoring location optional:classpath:/;optional:classpath:/config/
2025-01-16T02:20:11.705+02:00 TRACE 25984 --- [FirstSpring] [           main] .b.c.c.ConfigDataEnvironmentContributors : Imported 1 resource [class path resource [application-dev.properties]]
2025-01-16T02:20:11.705+02:00 TRACE 25984 --- [FirstSpring] [           main] .b.c.c.ConfigDataEnvironmentContributors : Processed imports for of 2 contributors
2025-01-16T02:20:11.705+02:00 TRACE 25984 --- [FirstSpring] [           main] o.s.b.c.config.ConfigDataEnvironment     : Applying config data environment contributions
2025-01-16T02:20:11.705+02:00 TRACE 25984 --- [FirstSpring] [           main] o.s.b.c.config.ConfigDataEnvironment     : Adding imported property source 'Config resource 'class path resource [application-dev.properties]' via location 'optional:classpath:/''
2025-01-16T02:20:11.706+02:00 TRACE 25984 --- [FirstSpring] [           main] o.s.b.c.config.ConfigDataEnvironment     : Adding imported property source 'Config resource 'class path resource [application.properties]' via location 'optional:classpath:/''
2025-01-16T02:20:11.706+02:00 TRACE 25984 --- [FirstSpring] [           main] o.s.b.c.config.ConfigDataEnvironment     : Setting default profiles: [default]
2025-01-16T02:20:11.706+02:00 TRACE 25984 --- [FirstSpring] [           main] o.s.b.c.config.ConfigDataEnvironment     : Setting active profiles: [dev]
2025-01-16T02:20:11.713+02:00 TRACE 25984 --- [FirstSpring] [           main] o.s.w.c.s.GenericWebApplicationContext   : Refreshing org.springframework.web.context.support.GenericWebApplicationContext@46292372, started on Thu Jan 16 02:20:11 EET 2025
2025-01-16T02:20:11.731+02:00 TRACE 25984 --- [FirstSpring] [           main] o.s.b.f.s.DefaultListableBeanFactory     : Registering scope 'request' with implementation [org.springframework.web.context.request.RequestScope@61f2c3f0]
2025-01-16T02:20:11.732+02:00 TRACE 25984 --- [FirstSpring] [           main] o.s.b.f.s.DefaultListableBeanFactory     : Registering scope 'session' with implementation [org.springframework.web.context.request.SessionScope@58f174d9]
2025-01-16T02:20:11.733+02:00 TRACE 25984 --- [FirstSpring] [           main] o.s.b.f.s.DefaultListableBeanFactory     : Registering scope 'application' with implementation [org.springframework.web.context.support.ServletContextScope@aa21042]
2025-01-16T02:20:11.752+02:00 DEBUG 25984 --- [FirstSpring] [           main] o.s.b.f.s.DefaultListableBeanFactory     : Creating shared instance of singleton bean 'org.springframework.context.annotation.internalConfigurationAnnotationProcessor'
2025-01-16T02:20:11.752+02:00 TRACE 25984 --- [FirstSpring] [           main] o.s.b.f.s.DefaultListableBeanFactory     : Creating instance of bean 'org.springframework.context.annotation.internalConfigurationAnnotationProcessor'
2025-01-16T02:20:11.775+02:00 DEBUG 25984 --- [FirstSpring] [           main] o.s.b.f.s.DefaultListableBeanFactory     : Creating shared instance of singleton bean 'org.springframework.boot.autoconfigure.internalCachingMetadataReaderFactory'
2025-01-16T02:20:11.775+02:00 TRACE 25984 --- [FirstSpring] [           main] o.s.b.f.s.DefaultListableBeanFactory     : Creating instance of bean 'org.springframework.boot.autoconfigure.internalCachingMetadataReaderFactory'
2025-01-16T02:20:11.778+02:00 TRACE 25984 --- [FirstSpring] [           main] o.s.b.f.s.DefaultListableBeanFactory     : Finished creating instance of bean 'org.springframework.boot.autoconfigure.internalCachingMetadataReaderFactory'
2025-01-16T02:20:11.781+02:00 TRACE 25984 --- [FirstSpring] [           main] o.s.c.io.support.SpringFactoriesLoader   : Loaded [org.springframework.beans.BeanInfoFactory] names: []
2025-01-16T02:20:11.782+02:00 TRACE 25984 --- [FirstSpring] [           main] o.s.beans.CachedIntrospectionResults     : Getting BeanInfo for class [org.springframework.context.annotation.ConfigurationClassPostProcessor]
2025-01-16T02:20:11.797+02:00 TRACE 25984 --- [FirstSpring] [           main] o.s.beans.CachedIntrospectionResults     : Caching PropertyDescriptors for class [org.springframework.context.annotation.ConfigurationClassPostProcessor]
2025-01-16T02:20:11.798+02:00 TRACE 25984 --- [FirstSpring] [           main] o.s.beans.CachedIntrospectionResults     : Found bean property 'applicationStartup' of type [org.springframework.core.metrics.ApplicationStartup]
2025-01-16T02:20:11.799+02:00 TRACE 25984 --- [FirstSpring] [           main] o.s.beans.CachedIntrospectionResults     : Found bean property 'beanClassLoader' of type [java.lang.ClassLoader]
2025-01-16T02:20:11.799+02:00 TRACE 25984 --- [FirstSpring] [           main] o.s.beans.CachedIntrospectionResults     : Found bean property 'beanExcludedFromAotProcessing' of type [boolean]
2025-01-16T02:20:11.802+02:00 TRACE 25984 --- [FirstSpring] [           main] o.s.beans.CachedIntrospectionResults     : Found bean property 'beanNameGenerator' of type [org.springframework.beans.factory.support.BeanNameGenerator]
2025-01-16T02:20:11.804+02:00 TRACE 25984 --- [FirstSpring] [           main] o.s.beans.CachedIntrospectionResults     : Found bean property 'class' of type [java.lang.Class]
2025-01-16T02:20:11.805+02:00 TRACE 25984 --- [FirstSpring] [           main] o.s.beans.CachedIntrospectionResults     : Found bean property 'environment' of type [org.springframework.core.env.Environment]
2025-01-16T02:20:11.805+02:00 TRACE 25984 --- [FirstSpring] [           main] o.s.beans.CachedIntrospectionResults     : Found bean property 'metadataReaderFactory' of type [org.springframework.core.type.classreading.MetadataReaderFactory]
2025-01-16T02:20:11.805+02:00 TRACE 25984 --- [FirstSpring] [           main] o.s.beans.CachedIntrospectionResults     : Found bean property 'order' of type [int]
2025-01-16T02:20:11.805+02:00 TRACE 25984 --- [FirstSpring] [           main] o.s.beans.CachedIntrospectionResults     : Found bean property 'problemReporter' of type [org.springframework.beans.factory.parsing.ProblemReporter]
2025-01-16T02:20:11.805+02:00 TRACE 25984 --- [FirstSpring] [           main] o.s.beans.CachedIntrospectionResults     : Found bean property 'resourceLoader' of type [org.springframework.core.io.ResourceLoader]
2025-01-16T02:20:11.805+02:00 TRACE 25984 --- [FirstSpring] [           main] o.s.beans.CachedIntrospectionResults     : Found bean property 'sourceExtractor' of type [org.springframework.beans.factory.parsing.SourceExtractor]
2025-01-16T02:20:11.809+02:00 TRACE 25984 --- [FirstSpring] [           main] o.s.b.f.s.DefaultListableBeanFactory     : Finished creating instance of bean 'org.springframework.context.annotation.internalConfigurationAnnotationProcessor'
2025-01-16T02:20:11.885+02:00 TRACE 25984 --- [FirstSpring] [           main] o.s.c.a.ClassPathBeanDefinitionScanner   : JSR-250 'jakarta.annotation.ManagedBean' found and supported for component scanning
2025-01-16T02:20:11.891+02:00 TRACE 25984 --- [FirstSpring] [           main] .i.s.PathMatchingResourcePatternResolver : Resolved module-path location pattern [com/courseSpring/FirstSpring/**/*.class] to resources []
2025-01-16T02:20:11.892+02:00 TRACE 25984 --- [FirstSpring] [           main] .i.s.PathMatchingResourcePatternResolver : Resolved module-path location pattern [com/courseSpring/FirstSpring/] to resources []
2025-01-16T02:20:11.902+02:00 TRACE 25984 --- [FirstSpring] [           main] .i.s.PathMatchingResourcePatternResolver : Resolved class path location [com/courseSpring/FirstSpring/] to resources [file [C:\Users\papaf\Downloads\FirstSpring\FirstSpring\target\test-classes\com\courseSpring\FirstSpring], file [C:\Users\papaf\Downloads\FirstSpring\FirstSpring\target\classes\com\courseSpring\FirstSpring]]
2025-01-16T02:20:11.915+02:00 TRACE 25984 --- [FirstSpring] [           main] .i.s.PathMatchingResourcePatternResolver : Searching directory [C:\Users\papaf\Downloads\FirstSpring\FirstSpring\target\test-classes\com\courseSpring\FirstSpring] for files matching pattern [**/*.class]
2025-01-16T02:20:11.919+02:00 TRACE 25984 --- [FirstSpring] [           main] .i.s.PathMatchingResourcePatternResolver : Searching directory [C:\Users\papaf\Downloads\FirstSpring\FirstSpring\target\classes\com\courseSpring\FirstSpring] for files matching pattern [**/*.class]
2025-01-16T02:20:11.921+02:00 TRACE 25984 --- [FirstSpring] [           main] .i.s.PathMatchingResourcePatternResolver : Resolved location pattern [classpath*:com/courseSpring/FirstSpring/**/*.class] to resources [file [C:\Users\papaf\Downloads\FirstSpring\FirstSpring\target\test-classes\com\courseSpring\FirstSpring\FirstSpringApplicationTests.class], file [C:\Users\papaf\Downloads\FirstSpring\FirstSpring\target\classes\com\courseSpring\FirstSpring\Course.class], file [C:\Users\papaf\Downloads\FirstSpring\FirstSpring\target\classes\com\courseSpring\FirstSpring\CourseController.class], file [C:\Users\papaf\Downloads\FirstSpring\FirstSpring\target\classes\com\courseSpring\FirstSpring\CurrencyConfigurationController.class], file [C:\Users\papaf\Downloads\FirstSpring\FirstSpring\target\classes\com\courseSpring\FirstSpring\CurrencyServiceConfiguration.class], file [C:\Users\papaf\Downloads\FirstSpring\FirstSpring\target\classes\com\courseSpring\FirstSpring\FirstSpringApplication.class]]
2025-01-16T02:20:11.921+02:00 TRACE 25984 --- [FirstSpring] [           main] o.s.c.a.ClassPathBeanDefinitionScanner   : Scanning file [C:\Users\papaf\Downloads\FirstSpring\FirstSpring\target\test-classes\com\courseSpring\FirstSpring\FirstSpringApplicationTests.class]
2025-01-16T02:20:11.923+02:00 TRACE 25984 --- [FirstSpring] [           main] o.s.b.f.s.DefaultListableBeanFactory     : Returning cached instance of singleton bean 'org.springframework.boot.test.context.filter.TestTypeExcludeFilter'
2025-01-16T02:20:11.925+02:00 TRACE 25984 --- [FirstSpring] [           main] o.s.c.a.ClassPathBeanDefinitionScanner   : Ignored because not matching any filter: file [C:\Users\papaf\Downloads\FirstSpring\FirstSpring\target\test-classes\com\courseSpring\FirstSpring\FirstSpringApplicationTests.class]
2025-01-16T02:20:11.925+02:00 TRACE 25984 --- [FirstSpring] [           main] o.s.c.a.ClassPathBeanDefinitionScanner   : Scanning file [C:\Users\papaf\Downloads\FirstSpring\FirstSpring\target\classes\com\courseSpring\FirstSpring\Course.class]
2025-01-16T02:20:11.926+02:00 TRACE 25984 --- [FirstSpring] [           main] o.s.c.a.ClassPathBeanDefinitionScanner   : Ignored because not matching any filter: file [C:\Users\papaf\Downloads\FirstSpring\FirstSpring\target\classes\com\courseSpring\FirstSpring\Course.class]
2025-01-16T02:20:11.927+02:00 TRACE 25984 --- [FirstSpring] [           main] o.s.c.a.ClassPathBeanDefinitionScanner   : Scanning file [C:\Users\papaf\Downloads\FirstSpring\FirstSpring\target\classes\com\courseSpring\FirstSpring\CourseController.class]
2025-01-16T02:20:11.929+02:00 DEBUG 25984 --- [FirstSpring] [           main] o.s.c.a.ClassPathBeanDefinitionScanner   : Identified candidate component class: file [C:\Users\papaf\Downloads\FirstSpring\FirstSpring\target\classes\com\courseSpring\FirstSpring\CourseController.class]
2025-01-16T02:20:11.930+02:00 TRACE 25984 --- [FirstSpring] [           main] o.s.c.a.ClassPathBeanDefinitionScanner   : Scanning file [C:\Users\papaf\Downloads\FirstSpring\FirstSpring\target\classes\com\courseSpring\FirstSpring\CurrencyConfigurationController.class]
2025-01-16T02:20:11.931+02:00 DEBUG 25984 --- [FirstSpring] [           main] o.s.c.a.ClassPathBeanDefinitionScanner   : Identified candidate component class: file [C:\Users\papaf\Downloads\FirstSpring\FirstSpring\target\classes\com\courseSpring\FirstSpring\CurrencyConfigurationController.class]
2025-01-16T02:20:11.932+02:00 TRACE 25984 --- [FirstSpring] [           main] o.s.c.a.ClassPathBeanDefinitionScanner   : Scanning file [C:\Users\papaf\Downloads\FirstSpring\FirstSpring\target\classes\com\courseSpring\FirstSpring\CurrencyServiceConfiguration.class]
2025-01-16T02:20:11.933+02:00 DEBUG 25984 --- [FirstSpring] [           main] o.s.c.a.ClassPathBeanDefinitionScanner   : Identified candidate component class: file [C:\Users\papaf\Downloads\FirstSpring\FirstSpring\target\classes\com\courseSpring\FirstSpring\CurrencyServiceConfiguration.class]
2025-01-16T02:20:11.933+02:00 TRACE 25984 --- [FirstSpring] [           main] o.s.c.a.ClassPathBeanDefinitionScanner   : Scanning file [C:\Users\papaf\Downloads\FirstSpring\FirstSpring\target\classes\com\courseSpring\FirstSpring\FirstSpringApplication.class]
2025-01-16T02:20:11.934+02:00 TRACE 25984 --- [FirstSpring] [           main] o.s.c.a.ClassPathBeanDefinitionScanner   : Ignored because not matching any filter: file [C:\Users\papaf\Downloads\FirstSpring\FirstSpring\target\classes\com\courseSpring\FirstSpring\FirstSpringApplication.class]
2025-01-16T02:20:11.986+02:00 TRACE 25984 --- [FirstSpring] [           main] o.s.c.io.support.SpringFactoriesLoader   : Loaded [org.springframework.boot.autoconfigure.AutoConfigurationImportFilter] names: [org.springframework.boot.autoconfigure.condition.OnBeanCondition, org.springframework.boot.autoconfigure.condition.OnClassCondition, org.springframework.boot.autoconfigure.condition.OnWebApplicationCondition]
2025-01-16T02:20:12.017+02:00 TRACE 25984 --- [FirstSpring] [           main] o.s.b.f.s.DefaultListableBeanFactory     : Returning cached instance of singleton bean 'autoConfigurationReport'
2025-01-16T02:20:12.087+02:00 TRACE 25984 --- [FirstSpring] [           main] o.s.b.a.condition.OnClassCondition       : Condition OnClassCondition on org.springframework.boot.actuate.autoconfigure.amqp.RabbitHealthContributorAutoConfiguration did not match due to @ConditionalOnClass did not find required class 'org.springframework.amqp.rabbit.core.RabbitTemplate'
2025-01-16T02:20:12.088+02:00 TRACE 25984 --- [FirstSpring] [           main] o.s.b.a.condition.OnClassCondition       : Condition OnClassCondition on org.springframework.boot.actuate.autoconfigure.cassandra.CassandraHealthContributorAutoConfiguration did not match due to @ConditionalOnClass did not find required class 'com.datastax.oss.driver.api.core.CqlSession'
2025-01-16T02:20:12.089+02:00 TRACE 25984 --- [FirstSpring] [           main] o.s.b.a.condition.OnClassCondition       : Condition OnClassCondition on org.springframework.boot.actuate.autoconfigure.cassandra.CassandraReactiveHealthContributorAutoConfiguration did not match due to @ConditionalOnClass did not find required class 'com.datastax.oss.driver.api.core.CqlSession'
2025-01-16T02:20:12.089+02:00 TRACE 25984 --- [FirstSpring] [           main] o.s.b.a.condition.OnClassCondition       : Condition OnClassCondition on org.springframework.boot.actuate.autoconfigure.couchbase.CouchbaseHealthContributorAutoConfiguration did not match due to @ConditionalOnClass did not find required class 'com.couchbase.client.java.Cluster'
2025-01-16T02:20:12.089+02:00 TRACE 25984 --- [FirstSpring] [           main] o.s.b.a.condition.OnClassCondition       : Condition OnClassCondition on org.springframework.boot.actuate.autoconfigure.couchbase.CouchbaseReactiveHealthContributorAutoConfiguration did not match due to @ConditionalOnClass did not find required class 'com.couchbase.client.java.Cluster'
2025-01-16T02:20:12.089+02:00 TRACE 25984 --- [FirstSpring] [           main] o.s.b.a.condition.OnClassCondition       : Condition OnClassCondition on org.springframework.boot.actuate.autoconfigure.data.elasticsearch.ElasticsearchReactiveHealthContributorAutoConfiguration did not match due to @ConditionalOnClass did not find required class 'reactor.core.publisher.Flux'
2025-01-16T02:20:12.089+02:00 TRACE 25984 --- [FirstSpring] [           main] o.s.b.a.condition.OnClassCondition       : Condition OnClassCondition on org.springframework.boot.actuate.autoconfigure.elasticsearch.ElasticsearchRestHealthContributorAutoConfiguration did not match due to @ConditionalOnClass did not find required class 'org.elasticsearch.client.RestClient'
2025-01-16T02:20:12.089+02:00 TRACE 25984 --- [FirstSpring] [           main] o.s.b.a.condition.OnClassCondition       : Condition OnClassCondition on org.springframework.boot.actuate.autoconfigure.flyway.FlywayEndpointAutoConfiguration did not match due to @ConditionalOnClass did not find required class 'org.flywaydb.core.Flyway'
2025-01-16T02:20:12.089+02:00 TRACE 25984 --- [FirstSpring] [           main] o.s.b.a.condition.OnClassCondition       : Condition OnClassCondition on org.springframework.boot.actuate.autoconfigure.hazelcast.HazelcastHealthContributorAutoConfiguration did not match due to @ConditionalOnClass did not find required class 'com.hazelcast.core.HazelcastInstance'
2025-01-16T02:20:12.089+02:00 TRACE 25984 --- [FirstSpring] [           main] o.s.b.a.condition.OnClassCondition       : Condition OnClassCondition on org.springframework.boot.actuate.autoconfigure.integration.IntegrationGraphEndpointAutoConfiguration did not match due to @ConditionalOnClass did not find required class 'org.springframework.integration.graph.IntegrationGraphServer'
2025-01-16T02:20:12.089+02:00 TRACE 25984 --- [FirstSpring] [           main] o.s.b.a.condition.OnClassCondition       : Condition OnClassCondition on org.springframework.boot.actuate.autoconfigure.jdbc.DataSourceHealthContributorAutoConfiguration did not match due to @ConditionalOnClass did not find required class 'org.springframework.jdbc.core.JdbcTemplate'
2025-01-16T02:20:12.089+02:00 TRACE 25984 --- [FirstSpring] [           main] o.s.b.a.condition.OnClassCondition       : Condition OnClassCondition on org.springframework.boot.actuate.autoconfigure.jms.JmsHealthContributorAutoConfiguration did not match due to @ConditionalOnClass did not find required class 'jakarta.jms.ConnectionFactory'
2025-01-16T02:20:12.089+02:00 TRACE 25984 --- [FirstSpring] [           main] o.s.b.a.condition.OnClassCondition       : Condition OnClassCondition on org.springframework.boot.actuate.autoconfigure.ldap.LdapHealthContributorAutoConfiguration did not match due to @ConditionalOnClass did not find required class 'org.springframework.ldap.core.LdapOperations'
2025-01-16T02:20:12.089+02:00 TRACE 25984 --- [FirstSpring] [           main] o.s.b.a.condition.OnClassCondition       : Condition OnClassCondition on org.springframework.boot.actuate.autoconfigure.liquibase.LiquibaseEndpointAutoConfiguration did not match due to @ConditionalOnClass did not find required class 'liquibase.integration.spring.SpringLiquibase'
2025-01-16T02:20:12.089+02:00 TRACE 25984 --- [FirstSpring] [           main] o.s.b.a.condition.OnClassCondition       : Condition OnClassCondition on org.springframework.boot.actuate.autoconfigure.logging.OpenTelemetryLoggingAutoConfiguration did not match due to @ConditionalOnClass did not find required class 'io.opentelemetry.api.OpenTelemetry'
2025-01-16T02:20:12.089+02:00 TRACE 25984 --- [FirstSpring] [           main] o.s.b.a.condition.OnClassCondition       : Condition OnClassCondition on org.springframework.boot.actuate.autoconfigure.logging.otlp.OtlpLoggingAutoConfiguration did not match due to @ConditionalOnClass did not find required class 'io.opentelemetry.api.OpenTelemetry'
2025-01-16T02:20:12.090+02:00 TRACE 25984 --- [FirstSpring] [           main] o.s.b.a.condition.OnClassCondition       : Condition OnClassCondition on org.springframework.boot.actuate.autoconfigure.mail.MailHealthContributorAutoConfiguration did not match due to @ConditionalOnClass did not find required class 'org.springframework.mail.javamail.JavaMailSenderImpl'
2025-01-16T02:20:12.090+02:00 TRACE 25984 --- [FirstSpring] [           main] o.s.b.a.condition.OnClassCondition       : Condition OnClassCondition on org.springframework.boot.actuate.autoconfigure.metrics.KafkaMetricsAutoConfiguration did not match due to @ConditionalOnClass did not find required class 'org.springframework.kafka.core.ProducerFactory'
2025-01-16T02:20:12.090+02:00 TRACE 25984 --- [FirstSpring] [           main] o.s.b.a.condition.OnClassCondition       : Condition OnClassCondition on org.springframework.boot.actuate.autoconfigure.metrics.Log4J2MetricsAutoConfiguration did not match due to @ConditionalOnClass did not find required class 'org.apache.logging.log4j.core.LoggerContext'
2025-01-16T02:20:12.090+02:00 TRACE 25984 --- [FirstSpring] [           main] o.s.b.a.condition.OnClassCondition       : Condition OnClassCondition on org.springframework.boot.actuate.autoconfigure.metrics.MetricsAspectsAutoConfiguration did not match due to @ConditionalOnClass did not find required class 'org.aspectj.weaver.Advice'
2025-01-16T02:20:12.090+02:00 TRACE 25984 --- [FirstSpring] [           main] o.s.b.a.condition.OnClassCondition       : Condition OnClassCondition on org.springframework.boot.actuate.autoconfigure.metrics.amqp.RabbitMetricsAutoConfiguration did not match due to @ConditionalOnClass did not find required class 'com.rabbitmq.client.ConnectionFactory'
2025-01-16T02:20:12.090+02:00 TRACE 25984 --- [FirstSpring] [           main] o.s.b.a.condition.OnClassCondition       : Condition OnClassCondition on org.springframework.boot.actuate.autoconfigure.metrics.data.RepositoryMetricsAutoConfiguration did not match due to @ConditionalOnClass did not find required class 'org.springframework.data.repository.Repository'
2025-01-16T02:20:12.090+02:00 TRACE 25984 --- [FirstSpring] [           main] o.s.b.a.condition.OnClassCondition       : Condition OnClassCondition on org.springframework.boot.actuate.autoconfigure.metrics.export.appoptics.AppOpticsMetricsExportAutoConfiguration did not match due to @ConditionalOnClass did not find required class 'io.micrometer.appoptics.AppOpticsMeterRegistry'
2025-01-16T02:20:12.090+02:00 TRACE 25984 --- [FirstSpring] [           main] o.s.b.a.condition.OnClassCondition       : Condition OnClassCondition on org.springframework.boot.actuate.autoconfigure.metrics.export.atlas.AtlasMetricsExportAutoConfiguration did not match due to @ConditionalOnClass did not find required class 'io.micrometer.atlas.AtlasMeterRegistry'
2025-01-16T02:20:12.090+02:00 TRACE 25984 --- [FirstSpring] [           main] o.s.b.a.condition.OnClassCondition       : Condition OnClassCondition on org.springframework.boot.actuate.autoconfigure.metrics.export.datadog.DatadogMetricsExportAutoConfiguration did not match due to @ConditionalOnClass did not find required class 'io.micrometer.datadog.DatadogMeterRegistry'
2025-01-16T02:20:12.090+02:00 TRACE 25984 --- [FirstSpring] [           main] o.s.b.a.condition.OnClassCondition       : Condition OnClassCondition on org.springframework.boot.actuate.autoconfigure.metrics.export.dynatrace.DynatraceMetricsExportAutoConfiguration did not match due to @ConditionalOnClass did not find required class 'io.micrometer.dynatrace.DynatraceMeterRegistry'
2025-01-16T02:20:12.090+02:00 TRACE 25984 --- [FirstSpring] [           main] o.s.b.a.condition.OnClassCondition       : Condition OnClassCondition on org.springframework.boot.actuate.autoconfigure.metrics.export.elastic.ElasticMetricsExportAutoConfiguration did not match due to @ConditionalOnClass did not find required class 'io.micrometer.elastic.ElasticMeterRegistry'
2025-01-16T02:20:12.090+02:00 TRACE 25984 --- [FirstSpring] [           main] o.s.b.a.condition.OnClassCondition       : Condition OnClassCondition on org.springframework.boot.actuate.autoconfigure.metrics.export.ganglia.GangliaMetricsExportAutoConfiguration did not match due to @ConditionalOnClass did not find required class 'io.micrometer.ganglia.GangliaMeterRegistry'
2025-01-16T02:20:12.090+02:00 TRACE 25984 --- [FirstSpring] [           main] o.s.b.a.condition.OnClassCondition       : Condition OnClassCondition on org.springframework.boot.actuate.autoconfigure.metrics.export.graphite.GraphiteMetricsExportAutoConfiguration did not match due to @ConditionalOnClass did not find required class 'io.micrometer.graphite.GraphiteMeterRegistry'
2025-01-16T02:20:12.090+02:00 TRACE 25984 --- [FirstSpring] [           main] o.s.b.a.condition.OnClassCondition       : Condition OnClassCondition on org.springframework.boot.actuate.autoconfigure.metrics.export.humio.HumioMetricsExportAutoConfiguration did not match due to @ConditionalOnClass did not find required class 'io.micrometer.humio.HumioMeterRegistry'
2025-01-16T02:20:12.090+02:00 TRACE 25984 --- [FirstSpring] [           main] o.s.b.a.condition.OnClassCondition       : Condition OnClassCondition on org.springframework.boot.actuate.autoconfigure.metrics.export.influx.InfluxMetricsExportAutoConfiguration did not match due to @ConditionalOnClass did not find required class 'io.micrometer.influx.InfluxMeterRegistry'
2025-01-16T02:20:12.091+02:00 TRACE 25984 --- [FirstSpring] [           main] o.s.b.a.condition.OnClassCondition       : Condition OnClassCondition on org.springframework.boot.actuate.autoconfigure.metrics.export.jmx.JmxMetricsExportAutoConfiguration did not match due to @ConditionalOnClass did not find required class 'io.micrometer.jmx.JmxMeterRegistry'
2025-01-16T02:20:12.091+02:00 TRACE 25984 --- [FirstSpring] [           main] o.s.b.a.condition.OnClassCondition       : Condition OnClassCondition on org.springframework.boot.actuate.autoconfigure.metrics.export.kairos.KairosMetricsExportAutoConfiguration did not match due to @ConditionalOnClass did not find required class 'io.micrometer.kairos.KairosMeterRegistry'
2025-01-16T02:20:12.091+02:00 TRACE 25984 --- [FirstSpring] [           main] o.s.b.a.condition.OnClassCondition       : Condition OnClassCondition on org.springframework.boot.actuate.autoconfigure.metrics.export.newrelic.NewRelicMetricsExportAutoConfiguration did not match due to @ConditionalOnClass did not find required class 'io.micrometer.newrelic.NewRelicMeterRegistry'
2025-01-16T02:20:12.091+02:00 TRACE 25984 --- [FirstSpring] [           main] o.s.b.a.condition.OnClassCondition       : Condition OnClassCondition on org.springframework.boot.actuate.autoconfigure.metrics.export.otlp.OtlpMetricsExportAutoConfiguration did not match due to @ConditionalOnClass did not find required class 'io.micrometer.registry.otlp.OtlpMeterRegistry'
2025-01-16T02:20:12.091+02:00 TRACE 25984 --- [FirstSpring] [           main] o.s.b.a.condition.OnClassCondition       : Condition OnClassCondition on org.springframework.boot.actuate.autoconfigure.metrics.export.prometheus.PrometheusMetricsExportAutoConfiguration did not match due to @ConditionalOnClass did not find required class 'io.micrometer.prometheusmetrics.PrometheusMeterRegistry'
2025-01-16T02:20:12.091+02:00 TRACE 25984 --- [FirstSpring] [           main] o.s.b.a.condition.OnClassCondition       : Condition OnClassCondition on org.springframework.boot.actuate.autoconfigure.metrics.export.prometheus.PrometheusSimpleclientMetricsExportAutoConfiguration did not match due to @ConditionalOnClass did not find required class 'io.micrometer.prometheus.PrometheusMeterRegistry'
2025-01-16T02:20:12.091+02:00 TRACE 25984 --- [FirstSpring] [           main] o.s.b.a.condition.OnClassCondition       : Condition OnClassCondition on org.springframework.boot.actuate.autoconfigure.metrics.export.signalfx.SignalFxMetricsExportAutoConfiguration did not match due to @ConditionalOnClass did not find required class 'io.micrometer.signalfx.SignalFxMeterRegistry'
2025-01-16T02:20:12.091+02:00 TRACE 25984 --- [FirstSpring] [           main] o.s.b.a.condition.OnClassCondition       : Condition OnClassCondition on org.springframework.boot.actuate.autoconfigure.metrics.export.stackdriver.StackdriverMetricsExportAutoConfiguration did not match due to @ConditionalOnClass did not find required class 'io.micrometer.stackdriver.StackdriverMeterRegistry'
2025-01-16T02:20:12.091+02:00 TRACE 25984 --- [FirstSpring] [           main] o.s.b.a.condition.OnClassCondition       : Condition OnClassCondition on org.springframework.boot.actuate.autoconfigure.metrics.export.statsd.StatsdMetricsExportAutoConfiguration did not match due to @ConditionalOnClass did not find required class 'io.micrometer.statsd.StatsdMeterRegistry'
2025-01-16T02:20:12.091+02:00 TRACE 25984 --- [FirstSpring] [           main] o.s.b.a.condition.OnClassCondition       : Condition OnClassCondition on org.springframework.boot.actuate.autoconfigure.metrics.export.wavefront.WavefrontMetricsExportAutoConfiguration did not match due to @ConditionalOnClass did not find required class 'com.wavefront.sdk.common.WavefrontSender'
2025-01-16T02:20:12.091+02:00 TRACE 25984 --- [FirstSpring] [           main] o.s.b.a.condition.OnClassCondition       : Condition OnClassCondition on org.springframework.boot.actuate.autoconfigure.observation.batch.BatchObservationAutoConfiguration did not match due to @ConditionalOnClass did not find required class 'org.springframework.batch.core.configuration.annotation.BatchObservabilityBeanPostProcessor'
2025-01-16T02:20:12.091+02:00 TRACE 25984 --- [FirstSpring] [           main] o.s.b.a.condition.OnClassCondition       : Condition OnClassCondition on org.springframework.boot.actuate.autoconfigure.observation.graphql.GraphQlObservationAutoConfiguration did not match due to @ConditionalOnClass did not find required class 'graphql.GraphQL'
2025-01-16T02:20:12.091+02:00 TRACE 25984 --- [FirstSpring] [           main] o.s.b.a.condition.OnClassCondition       : Condition OnClassCondition on org.springframework.boot.actuate.autoconfigure.metrics.jersey.JerseyServerMetricsAutoConfiguration did not match due to @ConditionalOnClass did not find required class 'org.glassfish.jersey.micrometer.server.ObservationApplicationEventListener'
2025-01-16T02:20:12.091+02:00 TRACE 25984 --- [FirstSpring] [           main] o.s.b.a.condition.OnClassCondition       : Condition OnClassCondition on org.springframework.boot.actuate.autoconfigure.metrics.mongo.MongoMetricsAutoConfiguration did not match due to @ConditionalOnClass did not find required class 'com.mongodb.MongoClientSettings'
2025-01-16T02:20:12.091+02:00 TRACE 25984 --- [FirstSpring] [           main] o.s.b.a.condition.OnClassCondition       : Condition OnClassCondition on org.springframework.boot.actuate.autoconfigure.metrics.orm.jpa.HibernateMetricsAutoConfiguration did not match due to @ConditionalOnClass did not find required class 'jakarta.persistence.EntityManagerFactory'
2025-01-16T02:20:12.092+02:00 TRACE 25984 --- [FirstSpring] [           main] o.s.b.a.condition.OnClassCondition       : Condition OnClassCondition on org.springframework.boot.actuate.autoconfigure.metrics.r2dbc.ConnectionPoolMetricsAutoConfiguration did not match due to @ConditionalOnClass did not find required class 'io.r2dbc.pool.ConnectionPool'
2025-01-16T02:20:12.092+02:00 TRACE 25984 --- [FirstSpring] [           main] o.s.b.a.condition.OnClassCondition       : Condition OnClassCondition on org.springframework.boot.actuate.autoconfigure.metrics.redis.LettuceMetricsAutoConfiguration did not match due to @ConditionalOnClass did not find required class 'io.lettuce.core.metrics.MicrometerCommandLatencyRecorder'
2025-01-16T02:20:12.092+02:00 TRACE 25984 --- [FirstSpring] [           main] o.s.b.a.condition.OnClassCondition       : Condition OnClassCondition on org.springframework.boot.actuate.autoconfigure.metrics.web.jetty.JettyMetricsAutoConfiguration did not match due to @ConditionalOnClass did not find required class 'org.eclipse.jetty.server.Server'
2025-01-16T02:20:12.092+02:00 TRACE 25984 --- [FirstSpring] [           main] o.s.b.a.condition.OnClassCondition       : Condition OnClassCondition on org.springframework.boot.actuate.autoconfigure.data.mongo.MongoHealthContributorAutoConfiguration did not match due to @ConditionalOnClass did not find required class 'org.springframework.data.mongodb.core.MongoTemplate'
2025-01-16T02:20:12.092+02:00 TRACE 25984 --- [FirstSpring] [           main] o.s.b.a.condition.OnClassCondition       : Condition OnClassCondition on org.springframework.boot.actuate.autoconfigure.data.mongo.MongoReactiveHealthContributorAutoConfiguration did not match due to @ConditionalOnClass did not find required class 'reactor.core.publisher.Flux'
2025-01-16T02:20:12.092+02:00 TRACE 25984 --- [FirstSpring] [           main] o.s.b.a.condition.OnClassCondition       : Condition OnClassCondition on org.springframework.boot.actuate.autoconfigure.neo4j.Neo4jHealthContributorAutoConfiguration did not match due to @ConditionalOnClass did not find required class 'org.neo4j.driver.Driver'
2025-01-16T02:20:12.092+02:00 TRACE 25984 --- [FirstSpring] [           main] o.s.b.a.condition.OnClassCondition       : Condition OnClassCondition on org.springframework.boot.actuate.autoconfigure.opentelemetry.OpenTelemetryAutoConfiguration did not match due to @ConditionalOnClass did not find required class 'io.opentelemetry.sdk.OpenTelemetrySdk'
2025-01-16T02:20:12.092+02:00 TRACE 25984 --- [FirstSpring] [           main] o.s.b.a.condition.OnClassCondition       : Condition OnClassCondition on org.springframework.boot.actuate.autoconfigure.quartz.QuartzEndpointAutoConfiguration did not match due to @ConditionalOnClass did not find required class 'org.quartz.Scheduler'
2025-01-16T02:20:12.092+02:00 TRACE 25984 --- [FirstSpring] [           main] o.s.b.a.condition.OnClassCondition       : Condition OnClassCondition on org.springframework.boot.actuate.autoconfigure.r2dbc.ConnectionFactoryHealthContributorAutoConfiguration did not match due to @ConditionalOnClass did not find required class 'io.r2dbc.spi.ConnectionFactory'
2025-01-16T02:20:12.092+02:00 TRACE 25984 --- [FirstSpring] [           main] o.s.b.a.condition.OnClassCondition       : Condition OnClassCondition on org.springframework.boot.actuate.autoconfigure.r2dbc.R2dbcObservationAutoConfiguration did not match due to @ConditionalOnClass did not find required class 'io.r2dbc.proxy.ProxyConnectionFactory'
2025-01-16T02:20:12.092+02:00 TRACE 25984 --- [FirstSpring] [           main] o.s.b.a.condition.OnClassCondition       : Condition OnClassCondition on org.springframework.boot.actuate.autoconfigure.data.redis.RedisHealthContributorAutoConfiguration did not match due to @ConditionalOnClass did not find required class 'org.springframework.data.redis.connection.RedisConnectionFactory'
2025-01-16T02:20:12.093+02:00 TRACE 25984 --- [FirstSpring] [           main] o.s.b.a.condition.OnClassCondition       : Condition OnClassCondition on org.springframework.boot.actuate.autoconfigure.data.redis.RedisReactiveHealthContributorAutoConfiguration did not match due to @ConditionalOnClass did not find required class 'reactor.core.publisher.Flux'
2025-01-16T02:20:12.093+02:00 TRACE 25984 --- [FirstSpring] [           main] o.s.b.a.condition.OnClassCondition       : Condition OnClassCondition on org.springframework.boot.actuate.autoconfigure.security.reactive.ReactiveManagementWebSecurityAutoConfiguration did not match due to @ConditionalOnClass did not find required class 'org.springframework.security.config.annotation.web.reactive.EnableWebFluxSecurity'
2025-01-16T02:20:12.093+02:00 TRACE 25984 --- [FirstSpring] [           main] o.s.b.a.condition.OnClassCondition       : Condition OnClassCondition on org.springframework.boot.actuate.autoconfigure.session.SessionsEndpointAutoConfiguration did not match due to @ConditionalOnClass did not find required class 'org.springframework.session.Session'
2025-01-16T02:20:12.093+02:00 TRACE 25984 --- [FirstSpring] [           main] o.s.b.a.condition.OnClassCondition       : Condition OnClassCondition on org.springframework.boot.actuate.autoconfigure.tracing.BraveAutoConfiguration did not match due to @ConditionalOnClass did not find required class 'brave.Tracer'
2025-01-16T02:20:12.093+02:00 TRACE 25984 --- [FirstSpring] [           main] o.s.b.a.condition.OnClassCondition       : Condition OnClassCondition on org.springframework.boot.actuate.autoconfigure.tracing.MicrometerTracingAutoConfiguration did not match due to @ConditionalOnClass did not find required class 'io.micrometer.tracing.Tracer'
2025-01-16T02:20:12.093+02:00 TRACE 25984 --- [FirstSpring] [           main] o.s.b.a.condition.OnClassCondition       : Condition OnClassCondition on org.springframework.boot.actuate.autoconfigure.tracing.NoopTracerAutoConfiguration did not match due to @ConditionalOnClass did not find required class 'io.micrometer.tracing.Tracer'
2025-01-16T02:20:12.093+02:00 TRACE 25984 --- [FirstSpring] [           main] o.s.b.a.condition.OnClassCondition       : Condition OnClassCondition on org.springframework.boot.actuate.autoconfigure.tracing.OpenTelemetryTracingAutoConfiguration did not match due to @ConditionalOnClass did not find required class 'io.micrometer.tracing.otel.bridge.OtelTracer'
2025-01-16T02:20:12.093+02:00 TRACE 25984 --- [FirstSpring] [           main] o.s.b.a.condition.OnClassCondition       : Condition OnClassCondition on org.springframework.boot.actuate.autoconfigure.tracing.otlp.OtlpTracingAutoConfiguration did not match due to @ConditionalOnClass did not find required class 'io.micrometer.tracing.otel.bridge.OtelTracer'
2025-01-16T02:20:12.093+02:00 TRACE 25984 --- [FirstSpring] [           main] o.s.b.a.condition.OnClassCondition       : Condition OnClassCondition on org.springframework.boot.actuate.autoconfigure.tracing.prometheus.PrometheusExemplarsAutoConfiguration did not match due to @ConditionalOnClass did not find required class 'io.micrometer.tracing.Tracer'
2025-01-16T02:20:12.093+02:00 TRACE 25984 --- [FirstSpring] [           main] o.s.b.a.condition.OnClassCondition       : Condition OnClassCondition on org.springframework.boot.actuate.autoconfigure.tracing.prometheus.PrometheusSimpleclientExemplarsAutoConfiguration did not match due to @ConditionalOnClass did not find required class 'io.micrometer.tracing.Tracer'
2025-01-16T02:20:12.093+02:00 TRACE 25984 --- [FirstSpring] [           main] o.s.b.a.condition.OnClassCondition       : Condition OnClassCondition on org.springframework.boot.actuate.autoconfigure.tracing.wavefront.WavefrontTracingAutoConfiguration did not match due to @ConditionalOnClass did not find required class 'com.wavefront.sdk.common.WavefrontSender'
2025-01-16T02:20:12.093+02:00 TRACE 25984 --- [FirstSpring] [           main] o.s.b.a.condition.OnClassCondition       : Condition OnClassCondition on org.springframework.boot.actuate.autoconfigure.tracing.zipkin.ZipkinAutoConfiguration did not match due to @ConditionalOnClass did not find required class 'zipkin2.reporter.Encoding'
2025-01-16T02:20:12.093+02:00 TRACE 25984 --- [FirstSpring] [           main] o.s.b.a.condition.OnClassCondition       : Condition OnClassCondition on org.springframework.boot.actuate.autoconfigure.wavefront.WavefrontAutoConfiguration did not match due to @ConditionalOnClass did not find required class 'com.wavefront.sdk.common.application.ApplicationTags'
2025-01-16T02:20:12.093+02:00 TRACE 25984 --- [FirstSpring] [           main] o.s.b.a.condition.OnClassCondition       : Condition OnClassCondition on org.springframework.boot.actuate.autoconfigure.web.reactive.ReactiveManagementContextAutoConfiguration did not match due to @ConditionalOnClass did not find required class 'reactor.core.publisher.Flux'
2025-01-16T02:20:12.093+02:00 TRACE 25984 --- [FirstSpring] [           main] o.s.b.a.condition.OnClassCondition       : Condition OnClassCondition on org.springframework.boot.devtools.autoconfigure.DevToolsR2dbcAutoConfiguration did not match due to @ConditionalOnClass did not find required class 'io.r2dbc.spi.ConnectionFactory'
2025-01-16T02:20:12.094+02:00 TRACE 25984 --- [FirstSpring] [           main] o.s.b.a.condition.OnClassCondition       : Condition OnClassCondition on org.springframework.boot.autoconfigure.amqp.RabbitAutoConfiguration did not match due to @ConditionalOnClass did not find required class 'com.rabbitmq.client.Channel'
2025-01-16T02:20:12.094+02:00 TRACE 25984 --- [FirstSpring] [           main] o.s.b.a.condition.OnClassCondition       : Condition OnClassCondition on org.springframework.boot.autoconfigure.batch.BatchAutoConfiguration did not match due to @ConditionalOnClass did not find required class 'org.springframework.batch.core.launch.JobLauncher'
2025-01-16T02:20:12.094+02:00 TRACE 25984 --- [FirstSpring] [           main] o.s.b.a.condition.OnClassCondition       : Condition OnClassCondition on org.springframework.boot.autoconfigure.cassandra.CassandraAutoConfiguration did not match due to @ConditionalOnClass did not find required class 'com.datastax.oss.driver.api.core.CqlSession'
2025-01-16T02:20:12.094+02:00 TRACE 25984 --- [FirstSpring] [           main] o.s.b.a.condition.OnClassCondition       : Condition OnClassCondition on org.springframework.boot.autoconfigure.couchbase.CouchbaseAutoConfiguration did not match due to @ConditionalOnClass did not find required class 'com.couchbase.client.java.Cluster'
2025-01-16T02:20:12.094+02:00 TRACE 25984 --- [FirstSpring] [           main] o.s.b.a.condition.OnClassCondition       : Condition OnClassCondition on org.springframework.boot.autoconfigure.dao.PersistenceExceptionTranslationAutoConfiguration did not match due to @ConditionalOnClass did not find required class 'org.springframework.dao.annotation.PersistenceExceptionTranslationPostProcessor'
2025-01-16T02:20:12.094+02:00 TRACE 25984 --- [FirstSpring] [           main] o.s.b.a.condition.OnClassCondition       : Condition OnClassCondition on org.springframework.boot.autoconfigure.data.cassandra.CassandraDataAutoConfiguration did not match due to @ConditionalOnClass did not find required class 'com.datastax.oss.driver.api.core.CqlSession'
2025-01-16T02:20:12.094+02:00 TRACE 25984 --- [FirstSpring] [           main] o.s.b.a.condition.OnClassCondition       : Condition OnClassCondition on org.springframework.boot.autoconfigure.data.cassandra.CassandraReactiveDataAutoConfiguration did not match due to @ConditionalOnClass did not find required class 'com.datastax.oss.driver.api.core.CqlSession'
2025-01-16T02:20:12.094+02:00 TRACE 25984 --- [FirstSpring] [           main] o.s.b.a.condition.OnClassCondition       : Condition OnClassCondition on org.springframework.boot.autoconfigure.data.cassandra.CassandraReactiveRepositoriesAutoConfiguration did not match due to @ConditionalOnClass did not find required class 'org.springframework.data.cassandra.ReactiveSession'
2025-01-16T02:20:12.095+02:00 TRACE 25984 --- [FirstSpring] [           main] o.s.b.a.condition.OnClassCondition       : Condition OnClassCondition on org.springframework.boot.autoconfigure.data.cassandra.CassandraRepositoriesAutoConfiguration did not match due to @ConditionalOnClass did not find required class 'com.datastax.oss.driver.api.core.CqlSession'
2025-01-16T02:20:12.095+02:00 TRACE 25984 --- [FirstSpring] [           main] o.s.b.a.condition.OnClassCondition       : Condition OnClassCondition on org.springframework.boot.autoconfigure.data.couchbase.CouchbaseDataAutoConfiguration did not match due to @ConditionalOnClass did not find required class 'com.couchbase.client.java.Bucket'
2025-01-16T02:20:12.095+02:00 TRACE 25984 --- [FirstSpring] [           main] o.s.b.a.condition.OnClassCondition       : Condition OnClassCondition on org.springframework.boot.autoconfigure.data.couchbase.CouchbaseReactiveDataAutoConfiguration did not match due to @ConditionalOnClass did not find required class 'com.couchbase.client.java.Cluster'
2025-01-16T02:20:12.095+02:00 TRACE 25984 --- [FirstSpring] [           main] o.s.b.a.condition.OnClassCondition       : Condition OnClassCondition on org.springframework.boot.autoconfigure.data.couchbase.CouchbaseReactiveRepositoriesAutoConfiguration did not match due to @ConditionalOnClass did not find required class 'com.couchbase.client.java.Cluster'
2025-01-16T02:20:12.095+02:00 TRACE 25984 --- [FirstSpring] [           main] o.s.b.a.condition.OnClassCondition       : Condition OnClassCondition on org.springframework.boot.autoconfigure.data.couchbase.CouchbaseRepositoriesAutoConfiguration did not match due to @ConditionalOnClass did not find required class 'com.couchbase.client.java.Bucket'
2025-01-16T02:20:12.095+02:00 TRACE 25984 --- [FirstSpring] [           main] o.s.b.a.condition.OnClassCondition       : Condition OnClassCondition on org.springframework.boot.autoconfigure.data.elasticsearch.ElasticsearchDataAutoConfiguration did not match due to @ConditionalOnClass did not find required class 'org.springframework.data.elasticsearch.client.elc.ElasticsearchTemplate'
2025-01-16T02:20:12.095+02:00 TRACE 25984 --- [FirstSpring] [           main] o.s.b.a.condition.OnClassCondition       : Condition OnClassCondition on org.springframework.boot.autoconfigure.data.elasticsearch.ElasticsearchRepositoriesAutoConfiguration did not match due to @ConditionalOnClass did not find required class 'org.springframework.data.elasticsearch.repository.ElasticsearchRepository'
2025-01-16T02:20:12.095+02:00 TRACE 25984 --- [FirstSpring] [           main] o.s.b.a.condition.OnClassCondition       : Condition OnClassCondition on org.springframework.boot.autoconfigure.data.elasticsearch.ReactiveElasticsearchRepositoriesAutoConfiguration did not match due to @ConditionalOnClass did not find required class 'reactor.core.publisher.Mono'
2025-01-16T02:20:12.095+02:00 TRACE 25984 --- [FirstSpring] [           main] o.s.b.a.condition.OnClassCondition       : Condition OnClassCondition on org.springframework.boot.autoconfigure.data.jdbc.JdbcRepositoriesAutoConfiguration did not match due to @ConditionalOnClass did not find required class 'org.springframework.data.jdbc.repository.config.AbstractJdbcConfiguration'
2025-01-16T02:20:12.095+02:00 TRACE 25984 --- [FirstSpring] [           main] o.s.b.a.condition.OnClassCondition       : Condition OnClassCondition on org.springframework.boot.autoconfigure.data.jpa.JpaRepositoriesAutoConfiguration did not match due to @ConditionalOnClass did not find required class 'org.springframework.data.jpa.repository.JpaRepository'
2025-01-16T02:20:12.095+02:00 TRACE 25984 --- [FirstSpring] [           main] o.s.b.a.condition.OnClassCondition       : Condition OnClassCondition on org.springframework.boot.autoconfigure.data.ldap.LdapRepositoriesAutoConfiguration did not match due to @ConditionalOnClass did not find required class 'org.springframework.data.ldap.repository.LdapRepository'
2025-01-16T02:20:12.095+02:00 TRACE 25984 --- [FirstSpring] [           main] o.s.b.a.condition.OnClassCondition       : Condition OnClassCondition on org.springframework.boot.autoconfigure.data.mongo.MongoDataAutoConfiguration did not match due to @ConditionalOnClass did not find required class 'com.mongodb.client.MongoClient'
2025-01-16T02:20:12.095+02:00 TRACE 25984 --- [FirstSpring] [           main] o.s.b.a.condition.OnClassCondition       : Condition OnClassCondition on org.springframework.boot.autoconfigure.data.mongo.MongoReactiveDataAutoConfiguration did not match due to @ConditionalOnClass did not find required class 'com.mongodb.reactivestreams.client.MongoClient'
2025-01-16T02:20:12.095+02:00 TRACE 25984 --- [FirstSpring] [           main] o.s.b.a.condition.OnClassCondition       : Condition OnClassCondition on org.springframework.boot.autoconfigure.data.mongo.MongoReactiveRepositoriesAutoConfiguration did not match due to @ConditionalOnClass did not find required class 'com.mongodb.reactivestreams.client.MongoClient'
2025-01-16T02:20:12.095+02:00 TRACE 25984 --- [FirstSpring] [           main] o.s.b.a.condition.OnClassCondition       : Condition OnClassCondition on org.springframework.boot.autoconfigure.data.mongo.MongoRepositoriesAutoConfiguration did not match due to @ConditionalOnClass did not find required class 'com.mongodb.client.MongoClient'
2025-01-16T02:20:12.095+02:00 TRACE 25984 --- [FirstSpring] [           main] o.s.b.a.condition.OnClassCondition       : Condition OnClassCondition on org.springframework.boot.autoconfigure.data.neo4j.Neo4jDataAutoConfiguration did not match due to @ConditionalOnClass did not find required class 'org.neo4j.driver.Driver'
2025-01-16T02:20:12.095+02:00 TRACE 25984 --- [FirstSpring] [           main] o.s.b.a.condition.OnClassCondition       : Condition OnClassCondition on org.springframework.boot.autoconfigure.data.neo4j.Neo4jReactiveDataAutoConfiguration did not match due to @ConditionalOnClass did not find required class 'org.neo4j.driver.Driver'
2025-01-16T02:20:12.095+02:00 TRACE 25984 --- [FirstSpring] [           main] o.s.b.a.condition.OnClassCondition       : Condition OnClassCondition on org.springframework.boot.autoconfigure.data.neo4j.Neo4jReactiveRepositoriesAutoConfiguration did not match due to @ConditionalOnClass did not find required class 'org.neo4j.driver.Driver'
2025-01-16T02:20:12.095+02:00 TRACE 25984 --- [FirstSpring] [           main] o.s.b.a.condition.OnClassCondition       : Condition OnClassCondition on org.springframework.boot.autoconfigure.data.neo4j.Neo4jRepositoriesAutoConfiguration did not match due to @ConditionalOnClass did not find required class 'org.neo4j.driver.Driver'
2025-01-16T02:20:12.095+02:00 TRACE 25984 --- [FirstSpring] [           main] o.s.b.a.condition.OnClassCondition       : Condition OnClassCondition on org.springframework.boot.autoconfigure.data.r2dbc.R2dbcDataAutoConfiguration did not match due to @ConditionalOnClass did not find required class 'org.springframework.data.r2dbc.core.R2dbcEntityTemplate'
2025-01-16T02:20:12.095+02:00 TRACE 25984 --- [FirstSpring] [           main] o.s.b.a.condition.OnClassCondition       : Condition OnClassCondition on org.springframework.boot.autoconfigure.data.r2dbc.R2dbcRepositoriesAutoConfiguration did not match due to @ConditionalOnClass did not find required class 'io.r2dbc.spi.ConnectionFactory'
2025-01-16T02:20:12.095+02:00 TRACE 25984 --- [FirstSpring] [           main] o.s.b.a.condition.OnClassCondition       : Condition OnClassCondition on org.springframework.boot.autoconfigure.data.redis.RedisAutoConfiguration did not match due to @ConditionalOnClass did not find required class 'org.springframework.data.redis.core.RedisOperations'
2025-01-16T02:20:12.095+02:00 TRACE 25984 --- [FirstSpring] [           main] o.s.b.a.condition.OnClassCondition       : Condition OnClassCondition on org.springframework.boot.autoconfigure.data.redis.RedisReactiveAutoConfiguration did not match due to @ConditionalOnClass did not find required class 'reactor.core.publisher.Flux'
2025-01-16T02:20:12.096+02:00 TRACE 25984 --- [FirstSpring] [           main] o.s.b.a.condition.OnClassCondition       : Condition OnClassCondition on org.springframework.boot.autoconfigure.data.redis.RedisRepositoriesAutoConfiguration did not match due to @ConditionalOnClass did not find required class 'org.springframework.data.redis.repository.configuration.EnableRedisRepositories'
2025-01-16T02:20:12.096+02:00 TRACE 25984 --- [FirstSpring] [           main] o.s.b.a.condition.OnClassCondition       : Condition OnClassCondition on org.springframework.boot.autoconfigure.data.rest.RepositoryRestMvcAutoConfiguration did not match due to @ConditionalOnClass did not find required class 'org.springframework.data.rest.webmvc.config.RepositoryRestMvcConfiguration'
2025-01-16T02:20:12.096+02:00 TRACE 25984 --- [FirstSpring] [           main] o.s.b.a.condition.OnClassCondition       : Condition OnClassCondition on org.springframework.boot.autoconfigure.data.web.SpringDataWebAutoConfiguration did not match due to @ConditionalOnClass did not find required class 'org.springframework.data.web.PageableHandlerMethodArgumentResolver'
2025-01-16T02:20:12.096+02:00 TRACE 25984 --- [FirstSpring] [           main] o.s.b.a.condition.OnClassCondition       : Condition OnClassCondition on org.springframework.boot.autoconfigure.elasticsearch.ElasticsearchClientAutoConfiguration did not match due to @ConditionalOnClass did not find required class 'co.elastic.clients.elasticsearch.ElasticsearchClient'
2025-01-16T02:20:12.096+02:00 TRACE 25984 --- [FirstSpring] [           main] o.s.b.a.condition.OnClassCondition       : Condition OnClassCondition on org.springframework.boot.autoconfigure.elasticsearch.ElasticsearchRestClientAutoConfiguration did not match due to @ConditionalOnClass did not find required class 'org.elasticsearch.client.RestClientBuilder'
2025-01-16T02:20:12.096+02:00 TRACE 25984 --- [FirstSpring] [           main] o.s.b.a.condition.OnClassCondition       : Condition OnClassCondition on org.springframework.boot.autoconfigure.elasticsearch.ReactiveElasticsearchClientAutoConfiguration did not match due to @ConditionalOnClass did not find required class 'co.elastic.clients.transport.ElasticsearchTransport'
2025-01-16T02:20:12.096+02:00 TRACE 25984 --- [FirstSpring] [           main] o.s.b.a.condition.OnClassCondition       : Condition OnClassCondition on org.springframework.boot.autoconfigure.flyway.FlywayAutoConfiguration did not match due to @ConditionalOnClass did not find required class 'org.flywaydb.core.Flyway'
2025-01-16T02:20:12.096+02:00 TRACE 25984 --- [FirstSpring] [           main] o.s.b.a.condition.OnClassCondition       : Condition OnClassCondition on org.springframework.boot.autoconfigure.freemarker.FreeMarkerAutoConfiguration did not match due to @ConditionalOnClass did not find required class 'freemarker.template.Configuration'
2025-01-16T02:20:12.096+02:00 TRACE 25984 --- [FirstSpring] [           main] o.s.b.a.condition.OnClassCondition       : Condition OnClassCondition on org.springframework.boot.autoconfigure.graphql.GraphQlAutoConfiguration did not match due to @ConditionalOnClass did not find required class 'graphql.GraphQL'
2025-01-16T02:20:12.096+02:00 TRACE 25984 --- [FirstSpring] [           main] o.s.b.a.condition.OnClassCondition       : Condition OnClassCondition on org.springframework.boot.autoconfigure.graphql.data.GraphQlReactiveQueryByExampleAutoConfiguration did not match due to @ConditionalOnClass did not find required class 'graphql.GraphQL'
2025-01-16T02:20:12.096+02:00 TRACE 25984 --- [FirstSpring] [           main] o.s.b.a.condition.OnClassCondition       : Condition OnClassCondition on org.springframework.boot.autoconfigure.graphql.data.GraphQlReactiveQuerydslAutoConfiguration did not match due to @ConditionalOnClass did not find required class 'com.querydsl.core.Query'
2025-01-16T02:20:12.096+02:00 TRACE 25984 --- [FirstSpring] [           main] o.s.b.a.condition.OnClassCondition       : Condition OnClassCondition on org.springframework.boot.autoconfigure.graphql.data.GraphQlQueryByExampleAutoConfiguration did not match due to @ConditionalOnClass did not find required class 'graphql.GraphQL'
2025-01-16T02:20:12.096+02:00 TRACE 25984 --- [FirstSpring] [           main] o.s.b.a.condition.OnClassCondition       : Condition OnClassCondition on org.springframework.boot.autoconfigure.graphql.data.GraphQlQuerydslAutoConfiguration did not match due to @ConditionalOnClass did not find required class 'com.querydsl.core.Query'
2025-01-16T02:20:12.096+02:00 TRACE 25984 --- [FirstSpring] [           main] o.s.b.a.condition.OnClassCondition       : Condition OnClassCondition on org.springframework.boot.autoconfigure.graphql.reactive.GraphQlWebFluxAutoConfiguration did not match due to @ConditionalOnClass did not find required class 'graphql.GraphQL'
2025-01-16T02:20:12.096+02:00 TRACE 25984 --- [FirstSpring] [           main] o.s.b.a.condition.OnClassCondition       : Condition OnClassCondition on org.springframework.boot.autoconfigure.graphql.rsocket.GraphQlRSocketAutoConfiguration did not match due to @ConditionalOnClass did not find required class 'graphql.GraphQL'
2025-01-16T02:20:12.097+02:00 TRACE 25984 --- [FirstSpring] [           main] o.s.b.a.condition.OnClassCondition       : Condition OnClassCondition on org.springframework.boot.autoconfigure.graphql.rsocket.RSocketGraphQlClientAutoConfiguration did not match due to @ConditionalOnClass did not find required class 'graphql.GraphQL'
2025-01-16T02:20:12.097+02:00 TRACE 25984 --- [FirstSpring] [           main] o.s.b.a.condition.OnClassCondition       : Condition OnClassCondition on org.springframework.boot.autoconfigure.graphql.security.GraphQlWebFluxSecurityAutoConfiguration did not match due to @ConditionalOnClass did not find required class 'graphql.GraphQL'
2025-01-16T02:20:12.097+02:00 TRACE 25984 --- [FirstSpring] [           main] o.s.b.a.condition.OnClassCondition       : Condition OnClassCondition on org.springframework.boot.autoconfigure.graphql.security.GraphQlWebMvcSecurityAutoConfiguration did not match due to @ConditionalOnClass did not find required class 'graphql.GraphQL'
2025-01-16T02:20:12.097+02:00 TRACE 25984 --- [FirstSpring] [           main] o.s.b.a.condition.OnClassCondition       : Condition OnClassCondition on org.springframework.boot.autoconfigure.graphql.servlet.GraphQlWebMvcAutoConfiguration did not match due to @ConditionalOnClass did not find required class 'graphql.GraphQL'
2025-01-16T02:20:12.097+02:00 TRACE 25984 --- [FirstSpring] [           main] o.s.b.a.condition.OnClassCondition       : Condition OnClassCondition on org.springframework.boot.autoconfigure.groovy.template.GroovyTemplateAutoConfiguration did not match due to @ConditionalOnClass did not find required class 'groovy.text.markup.MarkupTemplateEngine'
2025-01-16T02:20:12.099+02:00 TRACE 25984 --- [FirstSpring] [           main] o.s.b.a.condition.OnClassCondition       : Condition OnClassCondition on org.springframework.boot.autoconfigure.gson.GsonAutoConfiguration did not match due to @ConditionalOnClass did not find required class 'com.google.gson.Gson'
2025-01-16T02:20:12.099+02:00 TRACE 25984 --- [FirstSpring] [           main] o.s.b.a.condition.OnClassCondition       : Condition OnClassCondition on org.springframework.boot.autoconfigure.h2.H2ConsoleAutoConfiguration did not match due to @ConditionalOnClass did not find required class 'org.h2.server.web.JakartaWebServlet'
2025-01-16T02:20:12.099+02:00 TRACE 25984 --- [FirstSpring] [           main] o.s.b.a.condition.OnClassCondition       : Condition OnClassCondition on org.springframework.boot.autoconfigure.hateoas.HypermediaAutoConfiguration did not match due to @ConditionalOnClass did not find required class 'org.springframework.hateoas.EntityModel'
2025-01-16T02:20:12.099+02:00 TRACE 25984 --- [FirstSpring] [           main] o.s.b.a.condition.OnClassCondition       : Condition OnClassCondition on org.springframework.boot.autoconfigure.hazelcast.HazelcastAutoConfiguration did not match due to @ConditionalOnClass did not find required class 'com.hazelcast.core.HazelcastInstance'
2025-01-16T02:20:12.099+02:00 TRACE 25984 --- [FirstSpring] [           main] o.s.b.a.condition.OnClassCondition       : Condition OnClassCondition on org.springframework.boot.autoconfigure.hazelcast.HazelcastJpaDependencyAutoConfiguration did not match due to @ConditionalOnClass did not find required class 'com.hazelcast.core.HazelcastInstance'
2025-01-16T02:20:12.099+02:00 TRACE 25984 --- [FirstSpring] [           main] o.s.b.a.condition.OnClassCondition       : Condition OnClassCondition on org.springframework.boot.autoconfigure.http.codec.CodecsAutoConfiguration did not match due to @ConditionalOnClass did not find required class 'org.springframework.web.reactive.function.client.WebClient'
2025-01-16T02:20:12.099+02:00 TRACE 25984 --- [FirstSpring] [           main] o.s.b.a.condition.OnClassCondition       : Condition OnClassCondition on org.springframework.boot.autoconfigure.integration.IntegrationAutoConfiguration did not match due to @ConditionalOnClass did not find required class 'org.springframework.integration.config.EnableIntegration'
2025-01-16T02:20:12.099+02:00 TRACE 25984 --- [FirstSpring] [           main] o.s.b.a.condition.OnClassCondition       : Condition OnClassCondition on org.springframework.boot.autoconfigure.jdbc.DataSourceAutoConfiguration did not match due to @ConditionalOnClass did not find required class 'org.springframework.jdbc.datasource.embedded.EmbeddedDatabaseType'
2025-01-16T02:20:12.099+02:00 TRACE 25984 --- [FirstSpring] [           main] o.s.b.a.condition.OnClassCondition       : Condition OnClassCondition on org.springframework.boot.autoconfigure.jdbc.JdbcTemplateAutoConfiguration did not match due to @ConditionalOnClass did not find required class 'org.springframework.jdbc.core.JdbcTemplate'
2025-01-16T02:20:12.099+02:00 TRACE 25984 --- [FirstSpring] [           main] o.s.b.a.condition.OnClassCondition       : Condition OnClassCondition on org.springframework.boot.autoconfigure.jdbc.JndiDataSourceAutoConfiguration did not match due to @ConditionalOnClass did not find required class 'org.springframework.jdbc.datasource.embedded.EmbeddedDatabaseType'
2025-01-16T02:20:12.100+02:00 TRACE 25984 --- [FirstSpring] [           main] o.s.b.a.condition.OnClassCondition       : Condition OnClassCondition on org.springframework.boot.autoconfigure.jdbc.XADataSourceAutoConfiguration did not match due to @ConditionalOnClass did not find required class 'jakarta.transaction.TransactionManager'
2025-01-16T02:20:12.100+02:00 TRACE 25984 --- [FirstSpring] [           main] o.s.b.a.condition.OnClassCondition       : Condition OnClassCondition on org.springframework.boot.autoconfigure.jdbc.DataSourceTransactionManagerAutoConfiguration did not match due to @ConditionalOnClass did not find required class 'org.springframework.jdbc.core.JdbcTemplate'
2025-01-16T02:20:12.100+02:00 TRACE 25984 --- [FirstSpring] [           main] o.s.b.a.condition.OnClassCondition       : Condition OnClassCondition on org.springframework.boot.autoconfigure.jersey.JerseyAutoConfiguration did not match due to @ConditionalOnClass did not find required class 'org.glassfish.jersey.server.spring.SpringComponentProvider'
2025-01-16T02:20:12.100+02:00 TRACE 25984 --- [FirstSpring] [           main] o.s.b.a.condition.OnClassCondition       : Condition OnClassCondition on org.springframework.boot.autoconfigure.jms.JmsAutoConfiguration did not match due to @ConditionalOnClass did not find required class 'jakarta.jms.Message'
2025-01-16T02:20:12.100+02:00 TRACE 25984 --- [FirstSpring] [           main] o.s.b.a.condition.OnClassCondition       : Condition OnClassCondition on org.springframework.boot.autoconfigure.jms.JndiConnectionFactoryAutoConfiguration did not match due to @ConditionalOnClass did not find required class 'org.springframework.jms.core.JmsTemplate'
2025-01-16T02:20:12.100+02:00 TRACE 25984 --- [FirstSpring] [           main] o.s.b.a.condition.OnClassCondition       : Condition OnClassCondition on org.springframework.boot.autoconfigure.jms.activemq.ActiveMQAutoConfiguration did not match due to @ConditionalOnClass did not find required class 'jakarta.jms.ConnectionFactory'
2025-01-16T02:20:12.100+02:00 TRACE 25984 --- [FirstSpring] [           main] o.s.b.a.condition.OnClassCondition       : Condition OnClassCondition on org.springframework.boot.autoconfigure.jms.artemis.ArtemisAutoConfiguration did not match due to @ConditionalOnClass did not find required class 'jakarta.jms.ConnectionFactory'
2025-01-16T02:20:12.100+02:00 TRACE 25984 --- [FirstSpring] [           main] o.s.b.a.condition.OnClassCondition       : Condition OnClassCondition on org.springframework.boot.autoconfigure.jooq.JooqAutoConfiguration did not match due to @ConditionalOnClass did not find required class 'org.jooq.DSLContext'
2025-01-16T02:20:12.100+02:00 TRACE 25984 --- [FirstSpring] [           main] o.s.b.a.condition.OnClassCondition       : Condition OnClassCondition on org.springframework.boot.autoconfigure.jsonb.JsonbAutoConfiguration did not match due to @ConditionalOnClass did not find required class 'jakarta.json.bind.Jsonb'
2025-01-16T02:20:12.100+02:00 TRACE 25984 --- [FirstSpring] [           main] o.s.b.a.condition.OnClassCondition       : Condition OnClassCondition on org.springframework.boot.autoconfigure.kafka.KafkaAutoConfiguration did not match due to @ConditionalOnClass did not find required class 'org.springframework.kafka.core.KafkaTemplate'
2025-01-16T02:20:12.100+02:00 TRACE 25984 --- [FirstSpring] [           main] o.s.b.a.condition.OnClassCondition       : Condition OnClassCondition on org.springframework.boot.autoconfigure.ldap.embedded.EmbeddedLdapAutoConfiguration did not match due to @ConditionalOnClass did not find required class 'com.unboundid.ldap.listener.InMemoryDirectoryServer'
2025-01-16T02:20:12.100+02:00 TRACE 25984 --- [FirstSpring] [           main] o.s.b.a.condition.OnClassCondition       : Condition OnClassCondition on org.springframework.boot.autoconfigure.ldap.LdapAutoConfiguration did not match due to @ConditionalOnClass did not find required class 'org.springframework.ldap.core.ContextSource'
2025-01-16T02:20:12.100+02:00 TRACE 25984 --- [FirstSpring] [           main] o.s.b.a.condition.OnClassCondition       : Condition OnClassCondition on org.springframework.boot.autoconfigure.liquibase.LiquibaseAutoConfiguration did not match due to @ConditionalOnClass did not find required class 'liquibase.change.DatabaseChange'
2025-01-16T02:20:12.100+02:00 TRACE 25984 --- [FirstSpring] [           main] o.s.b.a.condition.OnClassCondition       : Condition OnClassCondition on org.springframework.boot.autoconfigure.mail.MailSenderAutoConfiguration did not match due to @ConditionalOnClass did not find required class 'jakarta.mail.internet.MimeMessage'
2025-01-16T02:20:12.100+02:00 TRACE 25984 --- [FirstSpring] [           main] o.s.b.a.condition.OnClassCondition       : Condition OnClassCondition on org.springframework.boot.autoconfigure.mongo.MongoAutoConfiguration did not match due to @ConditionalOnClass did not find required class 'com.mongodb.client.MongoClient'
2025-01-16T02:20:12.100+02:00 TRACE 25984 --- [FirstSpring] [           main] o.s.b.a.condition.OnClassCondition       : Condition OnClassCondition on org.springframework.boot.autoconfigure.mongo.MongoReactiveAutoConfiguration did not match due to @ConditionalOnClass did not find required class 'com.mongodb.reactivestreams.client.MongoClient'
2025-01-16T02:20:12.100+02:00 TRACE 25984 --- [FirstSpring] [           main] o.s.b.a.condition.OnClassCondition       : Condition OnClassCondition on org.springframework.boot.autoconfigure.mustache.MustacheAutoConfiguration did not match due to @ConditionalOnClass did not find required class 'com.samskivert.mustache.Mustache'
2025-01-16T02:20:12.100+02:00 TRACE 25984 --- [FirstSpring] [           main] o.s.b.a.condition.OnClassCondition       : Condition OnClassCondition on org.springframework.boot.autoconfigure.neo4j.Neo4jAutoConfiguration did not match due to @ConditionalOnClass did not find required class 'org.neo4j.driver.Driver'
2025-01-16T02:20:12.101+02:00 TRACE 25984 --- [FirstSpring] [           main] o.s.b.a.condition.OnClassCondition       : Condition OnClassCondition on org.springframework.boot.autoconfigure.netty.NettyAutoConfiguration did not match due to @ConditionalOnClass did not find required class 'io.netty.util.NettyRuntime'
2025-01-16T02:20:12.101+02:00 TRACE 25984 --- [FirstSpring] [           main] o.s.b.a.condition.OnClassCondition       : Condition OnClassCondition on org.springframework.boot.autoconfigure.orm.jpa.HibernateJpaAutoConfiguration did not match due to @ConditionalOnClass did not find required class 'jakarta.persistence.EntityManager'
2025-01-16T02:20:12.101+02:00 TRACE 25984 --- [FirstSpring] [           main] o.s.b.a.condition.OnClassCondition       : Condition OnClassCondition on org.springframework.boot.autoconfigure.pulsar.PulsarAutoConfiguration did not match due to @ConditionalOnClass did not find required class 'org.apache.pulsar.client.api.PulsarClient'
2025-01-16T02:20:12.101+02:00 TRACE 25984 --- [FirstSpring] [           main] o.s.b.a.condition.OnClassCondition       : Condition OnClassCondition on org.springframework.boot.autoconfigure.pulsar.PulsarReactiveAutoConfiguration did not match due to @ConditionalOnClass did not find required class 'org.apache.pulsar.client.api.PulsarClient'
2025-01-16T02:20:12.101+02:00 TRACE 25984 --- [FirstSpring] [           main] o.s.b.a.condition.OnClassCondition       : Condition OnClassCondition on org.springframework.boot.autoconfigure.quartz.QuartzAutoConfiguration did not match due to @ConditionalOnClass did not find required class 'org.quartz.Scheduler'
2025-01-16T02:20:12.101+02:00 TRACE 25984 --- [FirstSpring] [           main] o.s.b.a.condition.OnClassCondition       : Condition OnClassCondition on org.springframework.boot.autoconfigure.r2dbc.R2dbcAutoConfiguration did not match due to @ConditionalOnClass did not find required class 'io.r2dbc.spi.ConnectionFactory'
2025-01-16T02:20:12.101+02:00 TRACE 25984 --- [FirstSpring] [           main] o.s.b.a.condition.OnClassCondition       : Condition OnClassCondition on org.springframework.boot.autoconfigure.r2dbc.R2dbcProxyAutoConfiguration did not match due to @ConditionalOnClass did not find required class 'io.r2dbc.proxy.ProxyConnectionFactory'
2025-01-16T02:20:12.101+02:00 TRACE 25984 --- [FirstSpring] [           main] o.s.b.a.condition.OnClassCondition       : Condition OnClassCondition on org.springframework.boot.autoconfigure.r2dbc.R2dbcTransactionManagerAutoConfiguration did not match due to @ConditionalOnClass did not find required class 'org.springframework.r2dbc.connection.R2dbcTransactionManager'
2025-01-16T02:20:12.101+02:00 TRACE 25984 --- [FirstSpring] [           main] o.s.b.a.condition.OnClassCondition       : Condition OnClassCondition on org.springframework.boot.autoconfigure.reactor.ReactorAutoConfiguration did not match due to @ConditionalOnClass did not find required class 'reactor.core.publisher.Hooks'
2025-01-16T02:20:12.101+02:00 TRACE 25984 --- [FirstSpring] [           main] o.s.b.a.condition.OnClassCondition       : Condition OnClassCondition on org.springframework.boot.autoconfigure.rsocket.RSocketMessagingAutoConfiguration did not match due to @ConditionalOnClass did not find required class 'io.rsocket.RSocket'
2025-01-16T02:20:12.101+02:00 TRACE 25984 --- [FirstSpring] [           main] o.s.b.a.condition.OnClassCondition       : Condition OnClassCondition on org.springframework.boot.autoconfigure.rsocket.RSocketRequesterAutoConfiguration did not match due to @ConditionalOnClass did not find required class 'io.rsocket.RSocket'
2025-01-16T02:20:12.102+02:00 TRACE 25984 --- [FirstSpring] [           main] o.s.b.a.condition.OnClassCondition       : Condition OnClassCondition on org.springframework.boot.autoconfigure.rsocket.RSocketServerAutoConfiguration did not match due to @ConditionalOnClass did not find required class 'io.rsocket.core.RSocketServer'
2025-01-16T02:20:12.102+02:00 TRACE 25984 --- [FirstSpring] [           main] o.s.b.a.condition.OnClassCondition       : Condition OnClassCondition on org.springframework.boot.autoconfigure.rsocket.RSocketStrategiesAutoConfiguration did not match due to @ConditionalOnClass did not find required class 'io.netty.buffer.PooledByteBufAllocator'
2025-01-16T02:20:12.102+02:00 TRACE 25984 --- [FirstSpring] [           main] o.s.b.a.condition.OnClassCondition       : Condition OnClassCondition on org.springframework.boot.autoconfigure.security.servlet.SecurityAutoConfiguration did not match due to @ConditionalOnClass did not find required class 'org.springframework.security.authentication.DefaultAuthenticationEventPublisher'
2025-01-16T02:20:12.102+02:00 TRACE 25984 --- [FirstSpring] [           main] o.s.b.a.condition.OnClassCondition       : Condition OnClassCondition on org.springframework.boot.autoconfigure.security.servlet.UserDetailsServiceAutoConfiguration did not match due to @ConditionalOnClass did not find required class 'org.springframework.security.authentication.AuthenticationManager'
2025-01-16T02:20:12.102+02:00 TRACE 25984 --- [FirstSpring] [           main] o.s.b.a.condition.OnClassCondition       : Condition OnClassCondition on org.springframework.boot.autoconfigure.security.servlet.SecurityFilterAutoConfiguration did not match due to @ConditionalOnClass did not find required class 'org.springframework.security.config.http.SessionCreationPolicy'
2025-01-16T02:20:12.102+02:00 TRACE 25984 --- [FirstSpring] [           main] o.s.b.a.condition.OnClassCondition       : Condition OnClassCondition on org.springframework.boot.autoconfigure.security.reactive.ReactiveSecurityAutoConfiguration did not match due to @ConditionalOnClass did not find required class 'reactor.core.publisher.Flux'
2025-01-16T02:20:12.102+02:00 TRACE 25984 --- [FirstSpring] [           main] o.s.b.a.condition.OnClassCondition       : Condition OnClassCondition on org.springframework.boot.autoconfigure.security.reactive.ReactiveUserDetailsServiceAutoConfiguration did not match due to @ConditionalOnClass did not find required class 'org.springframework.security.authentication.ReactiveAuthenticationManager'
2025-01-16T02:20:12.103+02:00 TRACE 25984 --- [FirstSpring] [           main] o.s.b.a.condition.OnClassCondition       : Condition OnClassCondition on org.springframework.boot.autoconfigure.security.rsocket.RSocketSecurityAutoConfiguration did not match due to @ConditionalOnClass did not find required class 'org.springframework.security.rsocket.core.SecuritySocketAcceptorInterceptor'
2025-01-16T02:20:12.103+02:00 TRACE 25984 --- [FirstSpring] [           main] o.s.b.a.condition.OnClassCondition       : Condition OnClassCondition on org.springframework.boot.autoconfigure.security.saml2.Saml2RelyingPartyAutoConfiguration did not match due to @ConditionalOnClass did not find required class 'org.springframework.security.saml2.provider.service.registration.RelyingPartyRegistrationRepository'
2025-01-16T02:20:12.103+02:00 TRACE 25984 --- [FirstSpring] [           main] o.s.b.a.condition.OnClassCondition       : Condition OnClassCondition on org.springframework.boot.autoconfigure.sendgrid.SendGridAutoConfiguration did not match due to @ConditionalOnClass did not find required class 'com.sendgrid.SendGrid'
2025-01-16T02:20:12.104+02:00 TRACE 25984 --- [FirstSpring] [           main] o.s.b.a.condition.OnClassCondition       : Condition OnClassCondition on org.springframework.boot.autoconfigure.session.SessionAutoConfiguration did not match due to @ConditionalOnClass did not find required class 'org.springframework.session.Session'
2025-01-16T02:20:12.104+02:00 TRACE 25984 --- [FirstSpring] [           main] o.s.b.a.condition.OnClassCondition       : Condition OnClassCondition on org.springframework.boot.autoconfigure.security.oauth2.client.servlet.OAuth2ClientAutoConfiguration did not match due to @ConditionalOnClass did not find required class 'org.springframework.security.config.annotation.web.configuration.EnableWebSecurity'
2025-01-16T02:20:12.105+02:00 TRACE 25984 --- [FirstSpring] [           main] o.s.b.a.condition.OnClassCondition       : Condition OnClassCondition on org.springframework.boot.autoconfigure.security.oauth2.client.reactive.ReactiveOAuth2ClientAutoConfiguration did not match due to @ConditionalOnClass did not find required class 'reactor.core.publisher.Flux'
2025-01-16T02:20:12.105+02:00 TRACE 25984 --- [FirstSpring] [           main] o.s.b.a.condition.OnClassCondition       : Condition OnClassCondition on org.springframework.boot.autoconfigure.security.oauth2.resource.servlet.OAuth2ResourceServerAutoConfiguration did not match due to @ConditionalOnClass did not find required class 'org.springframework.security.oauth2.server.resource.authentication.BearerTokenAuthenticationToken'
2025-01-16T02:20:12.106+02:00 TRACE 25984 --- [FirstSpring] [           main] o.s.b.a.condition.OnClassCondition       : Condition OnClassCondition on org.springframework.boot.autoconfigure.security.oauth2.resource.reactive.ReactiveOAuth2ResourceServerAutoConfiguration did not match due to @ConditionalOnClass did not find required class 'org.springframework.security.config.annotation.web.reactive.EnableWebFluxSecurity'
2025-01-16T02:20:12.106+02:00 TRACE 25984 --- [FirstSpring] [           main] o.s.b.a.condition.OnClassCondition       : Condition OnClassCondition on org.springframework.boot.autoconfigure.security.oauth2.server.servlet.OAuth2AuthorizationServerAutoConfiguration did not match due to @ConditionalOnClass did not find required class 'org.springframework.security.oauth2.server.authorization.OAuth2Authorization'
2025-01-16T02:20:12.106+02:00 TRACE 25984 --- [FirstSpring] [           main] o.s.b.a.condition.OnClassCondition       : Condition OnClassCondition on org.springframework.boot.autoconfigure.security.oauth2.server.servlet.OAuth2AuthorizationServerJwtAutoConfiguration did not match due to @ConditionalOnClass did not find required class 'org.springframework.security.oauth2.server.authorization.OAuth2Authorization'
2025-01-16T02:20:12.106+02:00 TRACE 25984 --- [FirstSpring] [           main] o.s.b.a.condition.OnClassCondition       : Condition OnClassCondition on org.springframework.boot.autoconfigure.thymeleaf.ThymeleafAutoConfiguration did not match due to @ConditionalOnClass did not find required class 'org.thymeleaf.spring6.SpringTemplateEngine'
2025-01-16T02:20:12.106+02:00 TRACE 25984 --- [FirstSpring] [           main] o.s.b.a.condition.OnClassCondition       : Condition OnClassCondition on org.springframework.boot.autoconfigure.transaction.TransactionAutoConfiguration did not match due to @ConditionalOnClass did not find required class 'org.springframework.transaction.PlatformTransactionManager'
2025-01-16T02:20:12.106+02:00 TRACE 25984 --- [FirstSpring] [           main] o.s.b.a.condition.OnClassCondition       : Condition OnClassCondition on org.springframework.boot.autoconfigure.transaction.TransactionManagerCustomizationAutoConfiguration did not match due to @ConditionalOnClass did not find required class 'org.springframework.transaction.PlatformTransactionManager'
2025-01-16T02:20:12.106+02:00 TRACE 25984 --- [FirstSpring] [           main] o.s.b.a.condition.OnClassCondition       : Condition OnClassCondition on org.springframework.boot.autoconfigure.transaction.jta.JtaAutoConfiguration did not match due to @ConditionalOnClass did not find required class 'jakarta.transaction.Transaction'
2025-01-16T02:20:12.106+02:00 TRACE 25984 --- [FirstSpring] [           main] o.s.b.a.condition.OnClassCondition       : Condition OnClassCondition on org.springframework.boot.autoconfigure.validation.ValidationAutoConfiguration did not match due to @ConditionalOnClass did not find required class 'jakarta.validation.executable.ExecutableValidator'
2025-01-16T02:20:12.107+02:00 TRACE 25984 --- [FirstSpring] [           main] o.s.b.a.condition.OnClassCondition       : Condition OnClassCondition on org.springframework.boot.autoconfigure.web.reactive.HttpHandlerAutoConfiguration did not match due to @ConditionalOnClass did not find required class 'org.springframework.web.reactive.DispatcherHandler'
2025-01-16T02:20:12.107+02:00 TRACE 25984 --- [FirstSpring] [           main] o.s.b.a.condition.OnClassCondition       : Condition OnClassCondition on org.springframework.boot.autoconfigure.web.reactive.ReactiveMultipartAutoConfiguration did not match due to @ConditionalOnClass did not find required class 'org.springframework.web.reactive.config.WebFluxConfigurer'
2025-01-16T02:20:12.108+02:00 TRACE 25984 --- [FirstSpring] [           main] o.s.b.a.condition.OnClassCondition       : Condition OnClassCondition on org.springframework.boot.autoconfigure.web.reactive.WebFluxAutoConfiguration did not match due to @ConditionalOnClass did not find required class 'org.springframework.web.reactive.config.WebFluxConfigurer'
2025-01-16T02:20:12.108+02:00 TRACE 25984 --- [FirstSpring] [           main] o.s.b.a.condition.OnClassCondition       : Condition OnClassCondition on org.springframework.boot.autoconfigure.web.reactive.WebSessionIdResolverAutoConfiguration did not match due to @ConditionalOnClass did not find required class 'reactor.core.publisher.Mono'
2025-01-16T02:20:12.108+02:00 TRACE 25984 --- [FirstSpring] [           main] o.s.b.a.condition.OnClassCondition       : Condition OnClassCondition on org.springframework.boot.autoconfigure.web.reactive.error.ErrorWebFluxAutoConfiguration did not match due to @ConditionalOnClass did not find required class 'org.springframework.web.reactive.config.WebFluxConfigurer'
2025-01-16T02:20:12.108+02:00 TRACE 25984 --- [FirstSpring] [           main] o.s.b.a.condition.OnClassCondition       : Condition OnClassCondition on org.springframework.boot.autoconfigure.web.reactive.function.client.ClientHttpConnectorAutoConfiguration did not match due to @ConditionalOnClass did not find required class 'org.springframework.web.reactive.function.client.WebClient'
2025-01-16T02:20:12.109+02:00 TRACE 25984 --- [FirstSpring] [           main] o.s.b.a.condition.OnClassCondition       : Condition OnClassCondition on org.springframework.boot.autoconfigure.web.reactive.function.client.WebClientAutoConfiguration did not match due to @ConditionalOnClass did not find required class 'org.springframework.web.reactive.function.client.WebClient'
2025-01-16T02:20:12.109+02:00 TRACE 25984 --- [FirstSpring] [           main] o.s.b.a.condition.OnClassCondition       : Condition OnClassCondition on org.springframework.boot.autoconfigure.websocket.servlet.WebSocketMessagingAutoConfiguration did not match due to @ConditionalOnClass did not find required class 'org.springframework.web.socket.config.annotation.WebSocketMessageBrokerConfigurer'
2025-01-16T02:20:12.109+02:00 TRACE 25984 --- [FirstSpring] [           main] o.s.b.a.condition.OnClassCondition       : Condition OnClassCondition on org.springframework.boot.autoconfigure.webservices.WebServicesAutoConfiguration did not match due to @ConditionalOnClass did not find required class 'org.springframework.ws.transport.http.MessageDispatcherServlet'
2025-01-16T02:20:12.109+02:00 TRACE 25984 --- [FirstSpring] [           main] o.s.b.a.condition.OnClassCondition       : Condition OnClassCondition on org.springframework.boot.autoconfigure.webservices.client.WebServiceTemplateAutoConfiguration did not match due to @ConditionalOnClass did not find required class 'org.springframework.oxm.Marshaller'
2025-01-16T02:20:12.109+02:00 TRACE 25984 --- [FirstSpring] [           main] o.s.b.f.s.DefaultListableBeanFactory     : Returning cached instance of singleton bean 'autoConfigurationReport'
2025-01-16T02:20:12.112+02:00 TRACE 25984 --- [FirstSpring] [           main] o.s.b.a.c.OnWebApplicationCondition      : Condition OnWebApplicationCondition on org.springframework.boot.actuate.autoconfigure.cloudfoundry.reactive.ReactiveCloudFoundryActuatorAutoConfiguration did not match due to @ConditionalOnWebApplication did not find reactive web application classes
2025-01-16T02:20:12.112+02:00 TRACE 25984 --- [FirstSpring] [           main] o.s.b.a.c.OnWebApplicationCondition      : Condition OnWebApplicationCondition on org.springframework.boot.actuate.autoconfigure.observation.web.reactive.WebFluxObservationAutoConfiguration did not match due to @ConditionalOnWebApplication did not find reactive web application classes
2025-01-16T02:20:12.113+02:00 TRACE 25984 --- [FirstSpring] [           main] o.s.b.a.c.OnWebApplicationCondition      : Condition OnWebApplicationCondition on org.springframework.boot.autoconfigure.web.reactive.ReactiveWebServerFactoryAutoConfiguration did not match due to @ConditionalOnWebApplication did not find reactive web application classes
2025-01-16T02:20:12.113+02:00 TRACE 25984 --- [FirstSpring] [           main] o.s.b.a.c.OnWebApplicationCondition      : Condition OnWebApplicationCondition on org.springframework.boot.autoconfigure.websocket.reactive.WebSocketReactiveAutoConfiguration did not match due to @ConditionalOnWebApplication did not find reactive web application classes
2025-01-16T02:20:12.113+02:00 TRACE 25984 --- [FirstSpring] [           main] o.s.b.f.s.DefaultListableBeanFactory     : Returning cached instance of singleton bean 'autoConfigurationReport'
2025-01-16T02:20:12.121+02:00 TRACE 25984 --- [FirstSpring] [           main] o.s.b.a.condition.OnBeanCondition        : Condition OnBeanCondition on org.springframework.boot.autoconfigure.jdbc.JdbcClientAutoConfiguration did not match due to @ConditionalOnSingleCandidate did not find required type 'org.springframework.jdbc.core.namedparam.NamedParameterJdbcTemplate'
2025-01-16T02:20:12.121+02:00 TRACE 25984 --- [FirstSpring] [           main] o.s.b.a.condition.OnBeanCondition        : Condition OnBeanCondition on org.springframework.boot.autoconfigure.mail.MailSenderValidatorAutoConfiguration did not match due to @ConditionalOnSingleCandidate did not find required type 'org.springframework.mail.javamail.JavaMailSenderImpl'
2025-01-16T02:20:12.125+02:00 TRACE 25984 --- [FirstSpring] [           main] o.s.b.a.AutoConfigurationImportSelector  : Filtered 200 auto configuration class in 104 ms
2025-01-16T02:20:12.127+02:00 TRACE 25984 --- [FirstSpring] [           main] o.s.c.io.support.SpringFactoriesLoader   : Loaded [org.springframework.boot.autoconfigure.AutoConfigurationImportListener] names: [org.springframework.boot.autoconfigure.condition.ConditionEvaluationReportAutoConfigurationImportListener]
2025-01-16T02:20:12.128+02:00 TRACE 25984 --- [FirstSpring] [           main] o.s.b.f.s.DefaultListableBeanFactory     : Returning cached instance of singleton bean 'autoConfigurationReport'
2025-01-16T02:20:12.138+02:00 TRACE 25984 --- [FirstSpring] [           main] o.s.b.f.s.DefaultListableBeanFactory     : Returning cached instance of singleton bean 'org.springframework.boot.autoconfigure.internalCachingMetadataReaderFactory'
2025-01-16T02:20:12.154+02:00 TRACE 25984 --- [FirstSpring] [           main] o.s.b.f.s.DefaultListableBeanFactory     : Returning cached instance of singleton bean 'autoConfigurationReport'
2025-01-16T02:20:12.154+02:00 TRACE 25984 --- [FirstSpring] [           main] o.s.b.f.s.DefaultListableBeanFactory     : Returning cached instance of singleton bean 'autoConfigurationReport'
2025-01-16T02:20:12.155+02:00 TRACE 25984 --- [FirstSpring] [           main] o.s.b.f.s.DefaultListableBeanFactory     : Returning cached instance of singleton bean 'autoConfigurationReport'
2025-01-16T02:20:12.155+02:00 TRACE 25984 --- [FirstSpring] [           main] o.s.b.f.s.DefaultListableBeanFactory     : Returning cached instance of singleton bean 'autoConfigurationReport'
2025-01-16T02:20:12.155+02:00 TRACE 25984 --- [FirstSpring] [           main] o.s.b.f.s.DefaultListableBeanFactory     : Returning cached instance of singleton bean 'autoConfigurationReport'
2025-01-16T02:20:12.155+02:00 TRACE 25984 --- [FirstSpring] [           main] o.s.b.f.s.DefaultListableBeanFactory     : Returning cached instance of singleton bean 'autoConfigurationReport'
2025-01-16T02:20:12.178+02:00 TRACE 25984 --- [FirstSpring] [           main] .i.s.PathMatchingResourcePatternResolver : Resolved module-path location pattern [messages.properties] to resources []
2025-01-16T02:20:12.178+02:00 TRACE 25984 --- [FirstSpring] [           main] .i.s.PathMatchingResourcePatternResolver : Resolved class path location [messages.properties] to resources []
2025-01-16T02:20:12.178+02:00 TRACE 25984 --- [FirstSpring] [           main] utoConfiguration$ResourceBundleCondition : Condition MessageSourceAutoConfiguration.ResourceBundleCondition on org.springframework.boot.autoconfigure.context.MessageSourceAutoConfiguration did not match due to ResourceBundle did not find bundle with basename messages
2025-01-16T02:20:12.178+02:00 TRACE 25984 --- [FirstSpring] [           main] o.s.b.f.s.DefaultListableBeanFactory     : Returning cached instance of singleton bean 'autoConfigurationReport'
2025-01-16T02:20:12.178+02:00 TRACE 25984 --- [FirstSpring] [           main] o.s.b.f.s.DefaultListableBeanFactory     : Returning cached instance of singleton bean 'autoConfigurationReport'
2025-01-16T02:20:12.178+02:00 TRACE 25984 --- [FirstSpring] [           main] o.s.b.f.s.DefaultListableBeanFactory     : Returning cached instance of singleton bean 'autoConfigurationReport'
2025-01-16T02:20:12.178+02:00 TRACE 25984 --- [FirstSpring] [           main] o.s.b.f.s.DefaultListableBeanFactory     : Returning cached instance of singleton bean 'autoConfigurationReport'
2025-01-16T02:20:12.179+02:00 TRACE 25984 --- [FirstSpring] [           main] o.s.b.f.s.DefaultListableBeanFactory     : Returning cached instance of singleton bean 'autoConfigurationReport'
2025-01-16T02:20:12.179+02:00 TRACE 25984 --- [FirstSpring] [           main] o.s.b.f.s.DefaultListableBeanFactory     : Returning cached instance of singleton bean 'autoConfigurationReport'
2025-01-16T02:20:12.179+02:00 TRACE 25984 --- [FirstSpring] [           main] o.s.b.f.s.DefaultListableBeanFactory     : Returning cached instance of singleton bean 'autoConfigurationReport'
2025-01-16T02:20:12.179+02:00 TRACE 25984 --- [FirstSpring] [           main] o.s.b.f.s.DefaultListableBeanFactory     : Returning cached instance of singleton bean 'autoConfigurationReport'
2025-01-16T02:20:12.179+02:00 TRACE 25984 --- [FirstSpring] [           main] o.s.b.f.s.DefaultListableBeanFactory     : Returning cached instance of singleton bean 'autoConfigurationReport'
2025-01-16T02:20:12.179+02:00 TRACE 25984 --- [FirstSpring] [           main] o.s.b.f.s.DefaultListableBeanFactory     : Returning cached instance of singleton bean 'autoConfigurationReport'
2025-01-16T02:20:12.185+02:00 TRACE 25984 --- [FirstSpring] [           main] o.s.b.f.s.DefaultListableBeanFactory     : Returning cached instance of singleton bean 'autoConfigurationReport'
2025-01-16T02:20:12.185+02:00 TRACE 25984 --- [FirstSpring] [           main] o.s.b.f.s.DefaultListableBeanFactory     : Returning cached instance of singleton bean 'autoConfigurationReport'
2025-01-16T02:20:12.185+02:00 TRACE 25984 --- [FirstSpring] [           main] o.s.b.f.s.DefaultListableBeanFactory     : Returning cached instance of singleton bean 'autoConfigurationReport'
2025-01-16T02:20:12.185+02:00 TRACE 25984 --- [FirstSpring] [           main] o.s.b.f.s.DefaultListableBeanFactory     : Returning cached instance of singleton bean 'autoConfigurationReport'
2025-01-16T02:20:12.185+02:00 TRACE 25984 --- [FirstSpring] [           main] o.s.b.f.s.DefaultListableBeanFactory     : Returning cached instance of singleton bean 'autoConfigurationReport'
2025-01-16T02:20:12.185+02:00 TRACE 25984 --- [FirstSpring] [           main] o.s.b.f.s.DefaultListableBeanFactory     : Returning cached instance of singleton bean 'autoConfigurationReport'
2025-01-16T02:20:12.186+02:00 TRACE 25984 --- [FirstSpring] [           main] o.s.b.f.s.DefaultListableBeanFactory     : Returning cached instance of singleton bean 'autoConfigurationReport'
2025-01-16T02:20:12.186+02:00 TRACE 25984 --- [FirstSpring] [           main] o.s.b.f.s.DefaultListableBeanFactory     : Returning cached instance of singleton bean 'autoConfigurationReport'
2025-01-16T02:20:12.186+02:00 TRACE 25984 --- [FirstSpring] [           main] o.s.b.f.s.DefaultListableBeanFactory     : Returning cached instance of singleton bean 'autoConfigurationReport'
2025-01-16T02:20:12.190+02:00 TRACE 25984 --- [FirstSpring] [           main] o.s.b.f.s.DefaultListableBeanFactory     : Returning cached instance of singleton bean 'autoConfigurationReport'
2025-01-16T02:20:12.190+02:00 TRACE 25984 --- [FirstSpring] [           main] o.s.b.f.s.DefaultListableBeanFactory     : Returning cached instance of singleton bean 'autoConfigurationReport'
2025-01-16T02:20:12.190+02:00 TRACE 25984 --- [FirstSpring] [           main] o.s.b.f.s.DefaultListableBeanFactory     : Returning cached instance of singleton bean 'autoConfigurationReport'
2025-01-16T02:20:12.190+02:00 TRACE 25984 --- [FirstSpring] [           main] o.s.b.f.s.DefaultListableBeanFactory     : Returning cached instance of singleton bean 'autoConfigurationReport'
2025-01-16T02:20:12.190+02:00 TRACE 25984 --- [FirstSpring] [           main] o.s.b.f.s.DefaultListableBeanFactory     : Returning cached instance of singleton bean 'autoConfigurationReport'
2025-01-16T02:20:12.190+02:00 TRACE 25984 --- [FirstSpring] [           main] o.s.b.f.s.DefaultListableBeanFactory     : Returning cached instance of singleton bean 'autoConfigurationReport'
2025-01-16T02:20:12.193+02:00 TRACE 25984 --- [FirstSpring] [           main] o.s.b.a.condition.OnClassCondition       : Condition OnClassCondition on org.springframework.boot.autoconfigure.websocket.servlet.WebSocketServletAutoConfiguration matched due to @ConditionalOnClass found required classes 'jakarta.servlet.Servlet', 'jakarta.websocket.server.ServerContainer'
2025-01-16T02:20:12.194+02:00 TRACE 25984 --- [FirstSpring] [           main] o.s.b.f.s.DefaultListableBeanFactory     : Returning cached instance of singleton bean 'autoConfigurationReport'
2025-01-16T02:20:12.195+02:00 TRACE 25984 --- [FirstSpring] [           main] o.s.b.a.c.OnWebApplicationCondition      : Condition OnWebApplicationCondition on org.springframework.boot.autoconfigure.websocket.servlet.WebSocketServletAutoConfiguration matched due to found 'session' scope
2025-01-16T02:20:12.195+02:00 TRACE 25984 --- [FirstSpring] [           main] o.s.b.f.s.DefaultListableBeanFactory     : Returning cached instance of singleton bean 'autoConfigurationReport'
2025-01-16T02:20:12.195+02:00 TRACE 25984 --- [FirstSpring] [           main] o.s.b.f.s.DefaultListableBeanFactory     : Returning cached instance of singleton bean 'autoConfigurationReport'
2025-01-16T02:20:12.195+02:00 TRACE 25984 --- [FirstSpring] [           main] o.s.b.f.s.DefaultListableBeanFactory     : Returning cached instance of singleton bean 'autoConfigurationReport'
2025-01-16T02:20:12.195+02:00 TRACE 25984 --- [FirstSpring] [           main] o.s.b.f.s.DefaultListableBeanFactory     : Returning cached instance of singleton bean 'autoConfigurationReport'
2025-01-16T02:20:12.199+02:00 TRACE 25984 --- [FirstSpring] [           main] o.s.b.a.condition.OnClassCondition       : Condition OnClassCondition on org.springframework.boot.autoconfigure.websocket.servlet.WebSocketServletAutoConfiguration$UndertowWebSocketConfiguration did not match due to @ConditionalOnClass did not find required class 'io.undertow.websockets.jsr.Bootstrap'
2025-01-16T02:20:12.199+02:00 TRACE 25984 --- [FirstSpring] [           main] o.s.b.f.s.DefaultListableBeanFactory     : Returning cached instance of singleton bean 'autoConfigurationReport'
2025-01-16T02:20:12.199+02:00 TRACE 25984 --- [FirstSpring] [           main] o.s.b.a.condition.OnClassCondition       : Condition OnClassCondition on org.springframework.boot.autoconfigure.websocket.servlet.WebSocketServletAutoConfiguration$JettyWebSocketConfiguration did not match due to @ConditionalOnClass did not find required class 'org.eclipse.jetty.ee10.websocket.jakarta.server.config.JakartaWebSocketServletContainerInitializer'
2025-01-16T02:20:12.199+02:00 TRACE 25984 --- [FirstSpring] [           main] o.s.b.f.s.DefaultListableBeanFactory     : Returning cached instance of singleton bean 'autoConfigurationReport'
2025-01-16T02:20:12.202+02:00 TRACE 25984 --- [FirstSpring] [           main] o.s.b.a.condition.OnClassCondition       : Condition OnClassCondition on org.springframework.boot.autoconfigure.websocket.servlet.WebSocketServletAutoConfiguration$TomcatWebSocketConfiguration matched due to @ConditionalOnClass found required classes 'org.apache.catalina.startup.Tomcat', 'org.apache.tomcat.websocket.server.WsSci'
2025-01-16T02:20:12.202+02:00 TRACE 25984 --- [FirstSpring] [           main] o.s.b.f.s.DefaultListableBeanFactory     : Returning cached instance of singleton bean 'autoConfigurationReport'
2025-01-16T02:20:12.202+02:00 TRACE 25984 --- [FirstSpring] [           main] o.s.b.f.s.DefaultListableBeanFactory     : Returning cached instance of singleton bean 'autoConfigurationReport'
2025-01-16T02:20:12.202+02:00 TRACE 25984 --- [FirstSpring] [           main] o.s.b.f.s.DefaultListableBeanFactory     : Returning cached instance of singleton bean 'autoConfigurationReport'
2025-01-16T02:20:12.202+02:00 TRACE 25984 --- [FirstSpring] [           main] o.s.b.f.s.DefaultListableBeanFactory     : Returning cached instance of singleton bean 'autoConfigurationReport'
2025-01-16T02:20:12.206+02:00 TRACE 25984 --- [FirstSpring] [           main] o.s.b.f.s.DefaultListableBeanFactory     : Returning cached instance of singleton bean 'autoConfigurationReport'
2025-01-16T02:20:12.207+02:00 TRACE 25984 --- [FirstSpring] [           main] o.s.b.f.s.DefaultListableBeanFactory     : Returning cached instance of singleton bean 'autoConfigurationReport'
2025-01-16T02:20:12.207+02:00 TRACE 25984 --- [FirstSpring] [           main] o.s.b.f.s.DefaultListableBeanFactory     : Returning cached instance of singleton bean 'autoConfigurationReport'
2025-01-16T02:20:12.207+02:00 TRACE 25984 --- [FirstSpring] [           main] o.s.b.f.s.DefaultListableBeanFactory     : Returning cached instance of singleton bean 'autoConfigurationReport'
2025-01-16T02:20:12.207+02:00 TRACE 25984 --- [FirstSpring] [           main] o.s.b.f.s.DefaultListableBeanFactory     : Returning cached instance of singleton bean 'autoConfigurationReport'
2025-01-16T02:20:12.207+02:00 TRACE 25984 --- [FirstSpring] [           main] o.s.b.f.s.DefaultListableBeanFactory     : Returning cached instance of singleton bean 'autoConfigurationReport'
2025-01-16T02:20:12.209+02:00 TRACE 25984 --- [FirstSpring] [           main] o.s.b.a.condition.OnClassCondition       : Condition OnClassCondition on org.springframework.boot.autoconfigure.web.servlet.ServletWebServerFactoryAutoConfiguration matched due to @ConditionalOnClass found required class 'jakarta.servlet.ServletRequest'
2025-01-16T02:20:12.210+02:00 TRACE 25984 --- [FirstSpring] [           main] o.s.b.f.s.DefaultListableBeanFactory     : Returning cached instance of singleton bean 'autoConfigurationReport'
2025-01-16T02:20:12.210+02:00 TRACE 25984 --- [FirstSpring] [           main] o.s.b.a.c.OnWebApplicationCondition      : Condition OnWebApplicationCondition on org.springframework.boot.autoconfigure.web.servlet.ServletWebServerFactoryAutoConfiguration matched due to found 'session' scope
2025-01-16T02:20:12.210+02:00 TRACE 25984 --- [FirstSpring] [           main] o.s.b.f.s.DefaultListableBeanFactory     : Returning cached instance of singleton bean 'autoConfigurationReport'
2025-01-16T02:20:12.210+02:00 TRACE 25984 --- [FirstSpring] [           main] o.s.b.f.s.DefaultListableBeanFactory     : Returning cached instance of singleton bean 'autoConfigurationReport'
2025-01-16T02:20:12.210+02:00 TRACE 25984 --- [FirstSpring] [           main] o.s.b.f.s.DefaultListableBeanFactory     : Returning cached instance of singleton bean 'autoConfigurationReport'
2025-01-16T02:20:12.210+02:00 TRACE 25984 --- [FirstSpring] [           main] o.s.b.f.s.DefaultListableBeanFactory     : Returning cached instance of singleton bean 'autoConfigurationReport'
2025-01-16T02:20:12.223+02:00 TRACE 25984 --- [FirstSpring] [           main] o.s.b.a.condition.OnPropertyCondition    : Condition OnPropertyCondition on org.springframework.boot.autoconfigure.web.servlet.ServletWebServerFactoryAutoConfiguration$ForwardedHeaderFilterConfiguration did not match due to @ConditionalOnProperty (server.forward-headers-strategy=framework) did not find property 'server.forward-headers-strategy'
2025-01-16T02:20:12.224+02:00 TRACE 25984 --- [FirstSpring] [           main] o.s.b.f.s.DefaultListableBeanFactory     : Returning cached instance of singleton bean 'autoConfigurationReport'
2025-01-16T02:20:12.233+02:00 TRACE 25984 --- [FirstSpring] [           main] o.s.b.a.condition.OnClassCondition       : Condition OnClassCondition on org.springframework.boot.autoconfigure.web.servlet.ServletWebServerFactoryConfiguration$EmbeddedTomcat matched due to @ConditionalOnClass found required classes 'jakarta.servlet.Servlet', 'org.apache.catalina.startup.Tomcat', 'org.apache.coyote.UpgradeProtocol'
2025-01-16T02:20:12.234+02:00 TRACE 25984 --- [FirstSpring] [           main] o.s.b.f.s.DefaultListableBeanFactory     : Returning cached instance of singleton bean 'autoConfigurationReport'
2025-01-16T02:20:12.234+02:00 TRACE 25984 --- [FirstSpring] [           main] o.s.b.f.s.DefaultListableBeanFactory     : Returning cached instance of singleton bean 'autoConfigurationReport'
2025-01-16T02:20:12.234+02:00 TRACE 25984 --- [FirstSpring] [           main] o.s.b.f.s.DefaultListableBeanFactory     : Returning cached instance of singleton bean 'autoConfigurationReport'
2025-01-16T02:20:12.234+02:00 TRACE 25984 --- [FirstSpring] [           main] o.s.b.f.s.DefaultListableBeanFactory     : Returning cached instance of singleton bean 'autoConfigurationReport'
2025-01-16T02:20:12.235+02:00 TRACE 25984 --- [FirstSpring] [           main] o.s.b.a.condition.OnClassCondition       : Condition OnClassCondition on org.springframework.boot.autoconfigure.web.servlet.ServletWebServerFactoryConfiguration$EmbeddedJetty did not match due to @ConditionalOnClass did not find required classes 'org.eclipse.jetty.server.Server', 'org.eclipse.jetty.util.Loader', 'org.eclipse.jetty.ee10.webapp.WebAppContext'
2025-01-16T02:20:12.236+02:00 TRACE 25984 --- [FirstSpring] [           main] o.s.b.f.s.DefaultListableBeanFactory     : Returning cached instance of singleton bean 'autoConfigurationReport'
2025-01-16T02:20:12.238+02:00 TRACE 25984 --- [FirstSpring] [           main] o.s.b.a.condition.OnClassCondition       : Condition OnClassCondition on org.springframework.boot.autoconfigure.web.servlet.ServletWebServerFactoryConfiguration$EmbeddedUndertow did not match due to @ConditionalOnClass did not find required classes 'io.undertow.Undertow', 'org.xnio.SslClientAuthMode'
2025-01-16T02:20:12.238+02:00 TRACE 25984 --- [FirstSpring] [           main] o.s.b.f.s.DefaultListableBeanFactory     : Returning cached instance of singleton bean 'autoConfigurationReport'
2025-01-16T02:20:12.239+02:00 TRACE 25984 --- [FirstSpring] [           main] o.s.b.f.s.DefaultListableBeanFactory     : Returning cached instance of singleton bean 'autoConfigurationReport'
2025-01-16T02:20:12.239+02:00 TRACE 25984 --- [FirstSpring] [           main] o.s.b.f.s.DefaultListableBeanFactory     : Returning cached instance of singleton bean 'autoConfigurationReport'
2025-01-16T02:20:12.239+02:00 TRACE 25984 --- [FirstSpring] [           main] o.s.b.f.s.DefaultListableBeanFactory     : Returning cached instance of singleton bean 'autoConfigurationReport'
2025-01-16T02:20:12.239+02:00 TRACE 25984 --- [FirstSpring] [           main] o.s.b.f.s.DefaultListableBeanFactory     : Returning cached instance of singleton bean 'autoConfigurationReport'
2025-01-16T02:20:12.239+02:00 TRACE 25984 --- [FirstSpring] [           main] o.s.b.f.s.DefaultListableBeanFactory     : Returning cached instance of singleton bean 'autoConfigurationReport'
2025-01-16T02:20:12.239+02:00 TRACE 25984 --- [FirstSpring] [           main] o.s.b.f.s.DefaultListableBeanFactory     : Returning cached instance of singleton bean 'autoConfigurationReport'
2025-01-16T02:20:12.241+02:00 TRACE 25984 --- [FirstSpring] [           main] o.s.b.a.condition.OnClassCondition       : Condition OnClassCondition on org.springframework.boot.autoconfigure.web.servlet.DispatcherServletAutoConfiguration matched due to @ConditionalOnClass found required class 'org.springframework.web.servlet.DispatcherServlet'
2025-01-16T02:20:12.241+02:00 TRACE 25984 --- [FirstSpring] [           main] o.s.b.f.s.DefaultListableBeanFactory     : Returning cached instance of singleton bean 'autoConfigurationReport'
2025-01-16T02:20:12.241+02:00 TRACE 25984 --- [FirstSpring] [           main] o.s.b.a.c.OnWebApplicationCondition      : Condition OnWebApplicationCondition on org.springframework.boot.autoconfigure.web.servlet.DispatcherServletAutoConfiguration matched due to found 'session' scope
2025-01-16T02:20:12.241+02:00 TRACE 25984 --- [FirstSpring] [           main] o.s.b.f.s.DefaultListableBeanFactory     : Returning cached instance of singleton bean 'autoConfigurationReport'
2025-01-16T02:20:12.241+02:00 TRACE 25984 --- [FirstSpring] [           main] o.s.b.f.s.DefaultListableBeanFactory     : Returning cached instance of singleton bean 'autoConfigurationReport'
2025-01-16T02:20:12.241+02:00 TRACE 25984 --- [FirstSpring] [           main] o.s.b.f.s.DefaultListableBeanFactory     : Returning cached instance of singleton bean 'autoConfigurationReport'
2025-01-16T02:20:12.241+02:00 TRACE 25984 --- [FirstSpring] [           main] o.s.b.f.s.DefaultListableBeanFactory     : Returning cached instance of singleton bean 'autoConfigurationReport'
2025-01-16T02:20:12.249+02:00 TRACE 25984 --- [FirstSpring] [           main] o.s.b.a.condition.OnClassCondition       : Condition OnClassCondition on org.springframework.boot.autoconfigure.web.servlet.DispatcherServletAutoConfiguration$DispatcherServletRegistrationConfiguration matched due to @ConditionalOnClass found required class 'jakarta.servlet.ServletRegistration'
2025-01-16T02:20:12.249+02:00 TRACE 25984 --- [FirstSpring] [           main] o.s.b.f.s.DefaultListableBeanFactory     : Returning cached instance of singleton bean 'autoConfigurationReport'
2025-01-16T02:20:12.256+02:00 TRACE 25984 --- [FirstSpring] [           main] n$DispatcherServletRegistrationCondition : Condition DispatcherServletAutoConfiguration.DispatcherServletRegistrationCondition on org.springframework.boot.autoconfigure.web.servlet.DispatcherServletAutoConfiguration$DispatcherServletRegistrationConfiguration matched due to DispatcherServlet Registration did not find servlet registration bean
2025-01-16T02:20:12.256+02:00 TRACE 25984 --- [FirstSpring] [           main] o.s.b.f.s.DefaultListableBeanFactory     : Returning cached instance of singleton bean 'autoConfigurationReport'
2025-01-16T02:20:12.256+02:00 TRACE 25984 --- [FirstSpring] [           main] o.s.b.f.s.DefaultListableBeanFactory     : Returning cached instance of singleton bean 'autoConfigurationReport'
2025-01-16T02:20:12.256+02:00 TRACE 25984 --- [FirstSpring] [           main] o.s.b.f.s.DefaultListableBeanFactory     : Returning cached instance of singleton bean 'autoConfigurationReport'
2025-01-16T02:20:12.256+02:00 TRACE 25984 --- [FirstSpring] [           main] o.s.b.f.s.DefaultListableBeanFactory     : Returning cached instance of singleton bean 'autoConfigurationReport'
2025-01-16T02:20:12.259+02:00 TRACE 25984 --- [FirstSpring] [           main] o.s.b.a.condition.OnClassCondition       : Condition OnClassCondition on org.springframework.boot.autoconfigure.web.servlet.DispatcherServletAutoConfiguration$DispatcherServletConfiguration matched due to @ConditionalOnClass found required class 'jakarta.servlet.ServletRegistration'
2025-01-16T02:20:12.259+02:00 TRACE 25984 --- [FirstSpring] [           main] o.s.b.f.s.DefaultListableBeanFactory     : Returning cached instance of singleton bean 'autoConfigurationReport'
2025-01-16T02:20:12.259+02:00 TRACE 25984 --- [FirstSpring] [           main] ration$DefaultDispatcherServletCondition : Condition DispatcherServletAutoConfiguration.DefaultDispatcherServletCondition on org.springframework.boot.autoconfigure.web.servlet.DispatcherServletAutoConfiguration$DispatcherServletConfiguration matched due to Default DispatcherServlet did not find dispatcher servlet beans
2025-01-16T02:20:12.260+02:00 TRACE 25984 --- [FirstSpring] [           main] o.s.b.f.s.DefaultListableBeanFactory     : Returning cached instance of singleton bean 'autoConfigurationReport'
2025-01-16T02:20:12.260+02:00 TRACE 25984 --- [FirstSpring] [           main] o.s.b.f.s.DefaultListableBeanFactory     : Returning cached instance of singleton bean 'autoConfigurationReport'
2025-01-16T02:20:12.260+02:00 TRACE 25984 --- [FirstSpring] [           main] o.s.b.f.s.DefaultListableBeanFactory     : Returning cached instance of singleton bean 'autoConfigurationReport'
2025-01-16T02:20:12.260+02:00 TRACE 25984 --- [FirstSpring] [           main] o.s.b.f.s.DefaultListableBeanFactory     : Returning cached instance of singleton bean 'autoConfigurationReport'
2025-01-16T02:20:12.261+02:00 TRACE 25984 --- [FirstSpring] [           main] o.s.b.a.condition.OnClassCondition       : Condition OnClassCondition on org.springframework.boot.autoconfigure.web.servlet.DispatcherServletAutoConfiguration$DispatcherServletConfiguration matched due to @ConditionalOnClass found required class 'jakarta.servlet.ServletRegistration'
2025-01-16T02:20:12.261+02:00 TRACE 25984 --- [FirstSpring] [           main] o.s.b.f.s.DefaultListableBeanFactory     : Returning cached instance of singleton bean 'autoConfigurationReport'
2025-01-16T02:20:12.261+02:00 TRACE 25984 --- [FirstSpring] [           main] ration$DefaultDispatcherServletCondition : Condition DispatcherServletAutoConfiguration.DefaultDispatcherServletCondition on org.springframework.boot.autoconfigure.web.servlet.DispatcherServletAutoConfiguration$DispatcherServletConfiguration matched due to Default DispatcherServlet did not find dispatcher servlet beans
2025-01-16T02:20:12.261+02:00 TRACE 25984 --- [FirstSpring] [           main] o.s.b.f.s.DefaultListableBeanFactory     : Returning cached instance of singleton bean 'autoConfigurationReport'
2025-01-16T02:20:12.262+02:00 TRACE 25984 --- [FirstSpring] [           main] o.s.b.f.s.DefaultListableBeanFactory     : Returning cached instance of singleton bean 'autoConfigurationReport'
2025-01-16T02:20:12.262+02:00 TRACE 25984 --- [FirstSpring] [           main] o.s.b.f.s.DefaultListableBeanFactory     : Returning cached instance of singleton bean 'autoConfigurationReport'
2025-01-16T02:20:12.262+02:00 TRACE 25984 --- [FirstSpring] [           main] o.s.b.f.s.DefaultListableBeanFactory     : Returning cached instance of singleton bean 'autoConfigurationReport'
2025-01-16T02:20:12.262+02:00 TRACE 25984 --- [FirstSpring] [           main] o.s.b.f.s.DefaultListableBeanFactory     : Returning cached instance of singleton bean 'autoConfigurationReport'
2025-01-16T02:20:12.262+02:00 TRACE 25984 --- [FirstSpring] [           main] o.s.b.f.s.DefaultListableBeanFactory     : Returning cached instance of singleton bean 'autoConfigurationReport'
2025-01-16T02:20:12.262+02:00 TRACE 25984 --- [FirstSpring] [           main] o.s.b.f.s.DefaultListableBeanFactory     : Returning cached instance of singleton bean 'autoConfigurationReport'
2025-01-16T02:20:12.263+02:00 TRACE 25984 --- [FirstSpring] [           main] o.s.b.a.condition.OnClassCondition       : Condition OnClassCondition on org.springframework.boot.autoconfigure.task.TaskExecutionAutoConfiguration matched due to @ConditionalOnClass found required class 'org.springframework.scheduling.concurrent.ThreadPoolTaskExecutor'
2025-01-16T02:20:12.263+02:00 TRACE 25984 --- [FirstSpring] [           main] o.s.b.f.s.DefaultListableBeanFactory     : Returning cached instance of singleton bean 'autoConfigurationReport'
2025-01-16T02:20:12.263+02:00 TRACE 25984 --- [FirstSpring] [           main] o.s.b.f.s.DefaultListableBeanFactory     : Returning cached instance of singleton bean 'autoConfigurationReport'
2025-01-16T02:20:12.263+02:00 TRACE 25984 --- [FirstSpring] [           main] o.s.b.f.s.DefaultListableBeanFactory     : Returning cached instance of singleton bean 'autoConfigurationReport'
2025-01-16T02:20:12.263+02:00 TRACE 25984 --- [FirstSpring] [           main] o.s.b.f.s.DefaultListableBeanFactory     : Returning cached instance of singleton bean 'autoConfigurationReport'
2025-01-16T02:20:12.267+02:00 TRACE 25984 --- [FirstSpring] [           main] o.s.b.f.s.DefaultListableBeanFactory     : Returning cached instance of singleton bean 'autoConfigurationReport'
2025-01-16T02:20:12.267+02:00 TRACE 25984 --- [FirstSpring] [           main] o.s.b.f.s.DefaultListableBeanFactory     : Returning cached instance of singleton bean 'autoConfigurationReport'
2025-01-16T02:20:12.267+02:00 TRACE 25984 --- [FirstSpring] [           main] o.s.b.f.s.DefaultListableBeanFactory     : Returning cached instance of singleton bean 'autoConfigurationReport'
2025-01-16T02:20:12.268+02:00 TRACE 25984 --- [FirstSpring] [           main] o.s.b.f.s.DefaultListableBeanFactory     : Returning cached instance of singleton bean 'autoConfigurationReport'
2025-01-16T02:20:12.268+02:00 TRACE 25984 --- [FirstSpring] [           main] o.s.b.f.s.DefaultListableBeanFactory     : Returning cached instance of singleton bean 'autoConfigurationReport'
2025-01-16T02:20:12.268+02:00 TRACE 25984 --- [FirstSpring] [           main] o.s.b.f.s.DefaultListableBeanFactory     : Returning cached instance of singleton bean 'autoConfigurationReport'
2025-01-16T02:20:12.268+02:00 TRACE 25984 --- [FirstSpring] [           main] o.s.b.f.s.DefaultListableBeanFactory     : Returning cached instance of singleton bean 'autoConfigurationReport'
2025-01-16T02:20:12.268+02:00 TRACE 25984 --- [FirstSpring] [           main] o.s.b.f.s.DefaultListableBeanFactory     : Returning cached instance of singleton bean 'autoConfigurationReport'
2025-01-16T02:20:12.268+02:00 TRACE 25984 --- [FirstSpring] [           main] o.s.b.f.s.DefaultListableBeanFactory     : Returning cached instance of singleton bean 'autoConfigurationReport'
2025-01-16T02:20:12.268+02:00 TRACE 25984 --- [FirstSpring] [           main] o.s.b.f.s.DefaultListableBeanFactory     : Returning cached instance of singleton bean 'autoConfigurationReport'
2025-01-16T02:20:12.268+02:00 TRACE 25984 --- [FirstSpring] [           main] o.s.b.f.s.DefaultListableBeanFactory     : Returning cached instance of singleton bean 'autoConfigurationReport'
2025-01-16T02:20:12.268+02:00 TRACE 25984 --- [FirstSpring] [           main] o.s.b.f.s.DefaultListableBeanFactory     : Returning cached instance of singleton bean 'autoConfigurationReport'
2025-01-16T02:20:12.269+02:00 TRACE 25984 --- [FirstSpring] [           main] o.s.b.f.s.DefaultListableBeanFactory     : Returning cached instance of singleton bean 'autoConfigurationReport'
2025-01-16T02:20:12.269+02:00 TRACE 25984 --- [FirstSpring] [           main] o.s.b.f.s.DefaultListableBeanFactory     : Returning cached instance of singleton bean 'autoConfigurationReport'
2025-01-16T02:20:12.269+02:00 TRACE 25984 --- [FirstSpring] [           main] o.s.b.f.s.DefaultListableBeanFactory     : Returning cached instance of singleton bean 'autoConfigurationReport'
2025-01-16T02:20:12.270+02:00 TRACE 25984 --- [FirstSpring] [           main] o.s.b.a.condition.OnClassCondition       : Condition OnClassCondition on org.springframework.boot.autoconfigure.web.servlet.error.ErrorMvcAutoConfiguration matched due to @ConditionalOnClass found required classes 'jakarta.servlet.Servlet', 'org.springframework.web.servlet.DispatcherServlet'
2025-01-16T02:20:12.270+02:00 TRACE 25984 --- [FirstSpring] [           main] o.s.b.f.s.DefaultListableBeanFactory     : Returning cached instance of singleton bean 'autoConfigurationReport'
2025-01-16T02:20:12.271+02:00 TRACE 25984 --- [FirstSpring] [           main] o.s.b.a.c.OnWebApplicationCondition      : Condition OnWebApplicationCondition on org.springframework.boot.autoconfigure.web.servlet.error.ErrorMvcAutoConfiguration matched due to found 'session' scope
2025-01-16T02:20:12.271+02:00 TRACE 25984 --- [FirstSpring] [           main] o.s.b.f.s.DefaultListableBeanFactory     : Returning cached instance of singleton bean 'autoConfigurationReport'
2025-01-16T02:20:12.271+02:00 TRACE 25984 --- [FirstSpring] [           main] o.s.b.f.s.DefaultListableBeanFactory     : Returning cached instance of singleton bean 'autoConfigurationReport'
2025-01-16T02:20:12.271+02:00 TRACE 25984 --- [FirstSpring] [           main] o.s.b.f.s.DefaultListableBeanFactory     : Returning cached instance of singleton bean 'autoConfigurationReport'
2025-01-16T02:20:12.272+02:00 TRACE 25984 --- [FirstSpring] [           main] o.s.b.f.s.DefaultListableBeanFactory     : Returning cached instance of singleton bean 'autoConfigurationReport'
2025-01-16T02:20:12.277+02:00 TRACE 25984 --- [FirstSpring] [           main] o.s.b.a.condition.OnPropertyCondition    : Condition OnPropertyCondition on org.springframework.boot.autoconfigure.web.servlet.error.ErrorMvcAutoConfiguration$WhitelabelErrorViewConfiguration matched due to @ConditionalOnProperty (server.error.whitelabel.enabled) matched
2025-01-16T02:20:12.278+02:00 TRACE 25984 --- [FirstSpring] [           main] o.s.b.f.s.DefaultListableBeanFactory     : Returning cached instance of singleton bean 'autoConfigurationReport'
2025-01-16T02:20:12.279+02:00 TRACE 25984 --- [FirstSpring] [           main] o.s.c.io.support.SpringFactoriesLoader   : Loaded [org.springframework.boot.autoconfigure.template.TemplateAvailabilityProvider] names: [org.springframework.boot.autoconfigure.freemarker.FreeMarkerTemplateAvailabilityProvider, org.springframework.boot.autoconfigure.mustache.MustacheTemplateAvailabilityProvider, org.springframework.boot.autoconfigure.groovy.template.GroovyTemplateAvailabilityProvider, org.springframework.boot.autoconfigure.thymeleaf.ThymeleafTemplateAvailabilityProvider, org.springframework.boot.autoconfigure.web.servlet.JspTemplateAvailabilityProvider]
2025-01-16T02:20:12.284+02:00 TRACE 25984 --- [FirstSpring] [           main] figuration$ErrorTemplateMissingCondition : Condition ErrorMvcAutoConfiguration.ErrorTemplateMissingCondition on org.springframework.boot.autoconfigure.web.servlet.error.ErrorMvcAutoConfiguration$WhitelabelErrorViewConfiguration matched due to ErrorTemplate Missing did not find error template view
2025-01-16T02:20:12.284+02:00 TRACE 25984 --- [FirstSpring] [           main] o.s.b.f.s.DefaultListableBeanFactory     : Returning cached instance of singleton bean 'autoConfigurationReport'
2025-01-16T02:20:12.285+02:00 TRACE 25984 --- [FirstSpring] [           main] o.s.b.f.s.DefaultListableBeanFactory     : Returning cached instance of singleton bean 'autoConfigurationReport'
2025-01-16T02:20:12.285+02:00 TRACE 25984 --- [FirstSpring] [           main] o.s.b.f.s.DefaultListableBeanFactory     : Returning cached instance of singleton bean 'autoConfigurationReport'
2025-01-16T02:20:12.285+02:00 TRACE 25984 --- [FirstSpring] [           main] o.s.b.f.s.DefaultListableBeanFactory     : Returning cached instance of singleton bean 'autoConfigurationReport'
2025-01-16T02:20:12.287+02:00 TRACE 25984 --- [FirstSpring] [           main] o.s.b.f.s.DefaultListableBeanFactory     : Returning cached instance of singleton bean 'autoConfigurationReport'
2025-01-16T02:20:12.287+02:00 TRACE 25984 --- [FirstSpring] [           main] o.s.b.f.s.DefaultListableBeanFactory     : Returning cached instance of singleton bean 'autoConfigurationReport'
2025-01-16T02:20:12.287+02:00 TRACE 25984 --- [FirstSpring] [           main] o.s.b.f.s.DefaultListableBeanFactory     : Returning cached instance of singleton bean 'autoConfigurationReport'
2025-01-16T02:20:12.288+02:00 TRACE 25984 --- [FirstSpring] [           main] o.s.b.f.s.DefaultListableBeanFactory     : Returning cached instance of singleton bean 'autoConfigurationReport'
2025-01-16T02:20:12.288+02:00 TRACE 25984 --- [FirstSpring] [           main] o.s.b.f.s.DefaultListableBeanFactory     : Returning cached instance of singleton bean 'autoConfigurationReport'
2025-01-16T02:20:12.288+02:00 TRACE 25984 --- [FirstSpring] [           main] o.s.b.f.s.DefaultListableBeanFactory     : Returning cached instance of singleton bean 'autoConfigurationReport'
2025-01-16T02:20:12.289+02:00 TRACE 25984 --- [FirstSpring] [           main] o.s.b.f.s.DefaultListableBeanFactory     : Returning cached instance of singleton bean 'autoConfigurationReport'
2025-01-16T02:20:12.289+02:00 TRACE 25984 --- [FirstSpring] [           main] o.s.b.f.s.DefaultListableBeanFactory     : Returning cached instance of singleton bean 'autoConfigurationReport'
2025-01-16T02:20:12.289+02:00 TRACE 25984 --- [FirstSpring] [           main] o.s.b.f.s.DefaultListableBeanFactory     : Returning cached instance of singleton bean 'autoConfigurationReport'
2025-01-16T02:20:12.290+02:00 TRACE 25984 --- [FirstSpring] [           main] o.s.b.a.condition.OnClassCondition       : Condition OnClassCondition on org.springframework.boot.autoconfigure.web.servlet.WebMvcAutoConfiguration matched due to @ConditionalOnClass found required classes 'jakarta.servlet.Servlet', 'org.springframework.web.servlet.DispatcherServlet', 'org.springframework.web.servlet.config.annotation.WebMvcConfigurer'
2025-01-16T02:20:12.290+02:00 TRACE 25984 --- [FirstSpring] [           main] o.s.b.f.s.DefaultListableBeanFactory     : Returning cached instance of singleton bean 'autoConfigurationReport'
2025-01-16T02:20:12.290+02:00 TRACE 25984 --- [FirstSpring] [           main] o.s.b.a.c.OnWebApplicationCondition      : Condition OnWebApplicationCondition on org.springframework.boot.autoconfigure.web.servlet.WebMvcAutoConfiguration matched due to found 'session' scope
2025-01-16T02:20:12.290+02:00 TRACE 25984 --- [FirstSpring] [           main] o.s.b.f.s.DefaultListableBeanFactory     : Returning cached instance of singleton bean 'autoConfigurationReport'
2025-01-16T02:20:12.290+02:00 TRACE 25984 --- [FirstSpring] [           main] o.s.b.f.s.DefaultListableBeanFactory     : Returning cached instance of singleton bean 'autoConfigurationReport'
2025-01-16T02:20:12.290+02:00 TRACE 25984 --- [FirstSpring] [           main] o.s.b.f.s.DefaultListableBeanFactory     : Returning cached instance of singleton bean 'autoConfigurationReport'
2025-01-16T02:20:12.290+02:00 TRACE 25984 --- [FirstSpring] [           main] o.s.b.f.s.DefaultListableBeanFactory     : Returning cached instance of singleton bean 'autoConfigurationReport'
2025-01-16T02:20:12.295+02:00 TRACE 25984 --- [FirstSpring] [           main] o.s.b.f.s.DefaultListableBeanFactory     : Returning cached instance of singleton bean 'autoConfigurationReport'
2025-01-16T02:20:12.295+02:00 TRACE 25984 --- [FirstSpring] [           main] o.s.b.f.s.DefaultListableBeanFactory     : Returning cached instance of singleton bean 'autoConfigurationReport'
2025-01-16T02:20:12.295+02:00 TRACE 25984 --- [FirstSpring] [           main] o.s.b.f.s.DefaultListableBeanFactory     : Returning cached instance of singleton bean 'autoConfigurationReport'
2025-01-16T02:20:12.300+02:00 TRACE 25984 --- [FirstSpring] [           main] o.s.b.f.s.DefaultListableBeanFactory     : Returning cached instance of singleton bean 'autoConfigurationReport'
2025-01-16T02:20:12.300+02:00 TRACE 25984 --- [FirstSpring] [           main] o.s.b.f.s.DefaultListableBeanFactory     : Returning cached instance of singleton bean 'autoConfigurationReport'
2025-01-16T02:20:12.300+02:00 TRACE 25984 --- [FirstSpring] [           main] o.s.b.f.s.DefaultListableBeanFactory     : Returning cached instance of singleton bean 'autoConfigurationReport'
2025-01-16T02:20:12.303+02:00 TRACE 25984 --- [FirstSpring] [           main] o.s.b.a.condition.OnPropertyCondition    : Condition OnPropertyCondition on org.springframework.boot.autoconfigure.web.servlet.WebMvcAutoConfiguration$ProblemDetailsErrorHandlingConfiguration did not match due to @ConditionalOnProperty (spring.mvc.problemdetails.enabled=true) did not find property 'enabled'
2025-01-16T02:20:12.303+02:00 TRACE 25984 --- [FirstSpring] [           main] o.s.b.f.s.DefaultListableBeanFactory     : Returning cached instance of singleton bean 'autoConfigurationReport'
2025-01-16T02:20:12.304+02:00 TRACE 25984 --- [FirstSpring] [           main] .s.b.a.w.OnEnabledResourceChainCondition : Condition OnEnabledResourceChainCondition on org.springframework.boot.autoconfigure.web.servlet.WebMvcAutoConfiguration$ResourceChainCustomizerConfiguration did not match due to @ConditionalOnEnabledResourceChain did not find class org.webjars.WebJarVersionLocator
2025-01-16T02:20:12.305+02:00 TRACE 25984 --- [FirstSpring] [           main] o.s.b.f.s.DefaultListableBeanFactory     : Returning cached instance of singleton bean 'autoConfigurationReport'
2025-01-16T02:20:12.306+02:00 TRACE 25984 --- [FirstSpring] [           main] o.s.b.f.s.DefaultListableBeanFactory     : Returning cached instance of singleton bean 'autoConfigurationReport'
2025-01-16T02:20:12.306+02:00 TRACE 25984 --- [FirstSpring] [           main] o.s.b.f.s.DefaultListableBeanFactory     : Returning cached instance of singleton bean 'autoConfigurationReport'
2025-01-16T02:20:12.306+02:00 TRACE 25984 --- [FirstSpring] [           main] o.s.b.f.s.DefaultListableBeanFactory     : Returning cached instance of singleton bean 'autoConfigurationReport'
2025-01-16T02:20:12.306+02:00 TRACE 25984 --- [FirstSpring] [           main] o.s.b.f.s.DefaultListableBeanFactory     : Returning cached instance of singleton bean 'autoConfigurationReport'
2025-01-16T02:20:12.306+02:00 TRACE 25984 --- [FirstSpring] [           main] o.s.b.f.s.DefaultListableBeanFactory     : Returning cached instance of singleton bean 'autoConfigurationReport'
2025-01-16T02:20:12.306+02:00 TRACE 25984 --- [FirstSpring] [           main] o.s.b.f.s.DefaultListableBeanFactory     : Returning cached instance of singleton bean 'autoConfigurationReport'
2025-01-16T02:20:12.308+02:00 TRACE 25984 --- [FirstSpring] [           main] o.s.b.a.condition.OnPropertyCondition    : Condition OnPropertyCondition on org.springframework.boot.actuate.autoconfigure.audit.AuditAutoConfiguration matched due to @ConditionalOnProperty (management.auditevents.enabled) matched
2025-01-16T02:20:12.308+02:00 TRACE 25984 --- [FirstSpring] [           main] o.s.b.f.s.DefaultListableBeanFactory     : Returning cached instance of singleton bean 'autoConfigurationReport'
2025-01-16T02:20:12.308+02:00 TRACE 25984 --- [FirstSpring] [           main] o.s.b.f.s.DefaultListableBeanFactory     : Returning cached instance of singleton bean 'autoConfigurationReport'
2025-01-16T02:20:12.308+02:00 TRACE 25984 --- [FirstSpring] [           main] o.s.b.f.s.DefaultListableBeanFactory     : Returning cached instance of singleton bean 'autoConfigurationReport'
2025-01-16T02:20:12.308+02:00 TRACE 25984 --- [FirstSpring] [           main] o.s.b.f.s.DefaultListableBeanFactory     : Returning cached instance of singleton bean 'autoConfigurationReport'
2025-01-16T02:20:12.309+02:00 TRACE 25984 --- [FirstSpring] [           main] o.s.b.f.s.DefaultListableBeanFactory     : Returning cached instance of singleton bean 'autoConfigurationReport'
2025-01-16T02:20:12.309+02:00 TRACE 25984 --- [FirstSpring] [           main] o.s.b.f.s.DefaultListableBeanFactory     : Returning cached instance of singleton bean 'autoConfigurationReport'
2025-01-16T02:20:12.309+02:00 TRACE 25984 --- [FirstSpring] [           main] o.s.b.f.s.DefaultListableBeanFactory     : Returning cached instance of singleton bean 'autoConfigurationReport'
2025-01-16T02:20:12.309+02:00 TRACE 25984 --- [FirstSpring] [           main] o.s.b.f.s.DefaultListableBeanFactory     : Returning cached instance of singleton bean 'autoConfigurationReport'
2025-01-16T02:20:12.309+02:00 TRACE 25984 --- [FirstSpring] [           main] o.s.b.f.s.DefaultListableBeanFactory     : Returning cached instance of singleton bean 'autoConfigurationReport'
2025-01-16T02:20:12.309+02:00 TRACE 25984 --- [FirstSpring] [           main] o.s.b.f.s.DefaultListableBeanFactory     : Returning cached instance of singleton bean 'autoConfigurationReport'
2025-01-16T02:20:12.330+02:00 TRACE 25984 --- [FirstSpring] [           main] o.s.c.io.support.SpringFactoriesLoader   : Loaded [org.springframework.boot.actuate.autoconfigure.endpoint.condition.EndpointExposureOutcomeContributor] names: [org.springframework.boot.actuate.autoconfigure.cloudfoundry.CloudFoundryEndpointExposureOutcomeContributor]
2025-01-16T02:20:12.331+02:00 TRACE 25984 --- [FirstSpring] [           main] s.b.a.a.e.c.OnAvailableEndpointCondition : Condition OnAvailableEndpointCondition on org.springframework.boot.actuate.autoconfigure.audit.AuditEventsEndpointAutoConfiguration matched due to @ConditionalOnAvailableEndpoint marked as exposed by a 'management.endpoints.web.exposure' property
2025-01-16T02:20:12.331+02:00 TRACE 25984 --- [FirstSpring] [           main] o.s.b.f.s.DefaultListableBeanFactory     : Returning cached instance of singleton bean 'autoConfigurationReport'
2025-01-16T02:20:12.331+02:00 TRACE 25984 --- [FirstSpring] [           main] o.s.b.f.s.DefaultListableBeanFactory     : Returning cached instance of singleton bean 'autoConfigurationReport'
2025-01-16T02:20:12.331+02:00 TRACE 25984 --- [FirstSpring] [           main] o.s.b.f.s.DefaultListableBeanFactory     : Returning cached instance of singleton bean 'autoConfigurationReport'
2025-01-16T02:20:12.331+02:00 TRACE 25984 --- [FirstSpring] [           main] o.s.b.f.s.DefaultListableBeanFactory     : Returning cached instance of singleton bean 'autoConfigurationReport'
2025-01-16T02:20:12.332+02:00 TRACE 25984 --- [FirstSpring] [           main] o.s.b.f.s.DefaultListableBeanFactory     : Returning cached instance of singleton bean 'autoConfigurationReport'
2025-01-16T02:20:12.332+02:00 TRACE 25984 --- [FirstSpring] [           main] o.s.b.f.s.DefaultListableBeanFactory     : Returning cached instance of singleton bean 'autoConfigurationReport'
2025-01-16T02:20:12.332+02:00 TRACE 25984 --- [FirstSpring] [           main] o.s.b.f.s.DefaultListableBeanFactory     : Returning cached instance of singleton bean 'autoConfigurationReport'
2025-01-16T02:20:12.332+02:00 TRACE 25984 --- [FirstSpring] [           main] o.s.b.f.s.DefaultListableBeanFactory     : Returning cached instance of singleton bean 'autoConfigurationReport'
2025-01-16T02:20:12.332+02:00 TRACE 25984 --- [FirstSpring] [           main] o.s.b.f.s.DefaultListableBeanFactory     : Returning cached instance of singleton bean 'autoConfigurationReport'
2025-01-16T02:20:12.332+02:00 TRACE 25984 --- [FirstSpring] [           main] o.s.b.f.s.DefaultListableBeanFactory     : Returning cached instance of singleton bean 'autoConfigurationReport'
2025-01-16T02:20:12.333+02:00 TRACE 25984 --- [FirstSpring] [           main] o.s.b.f.s.DefaultListableBeanFactory     : Returning cached instance of singleton bean 'autoConfigurationReport'
2025-01-16T02:20:12.333+02:00 TRACE 25984 --- [FirstSpring] [           main] o.s.b.f.s.DefaultListableBeanFactory     : Returning cached instance of singleton bean 'autoConfigurationReport'
2025-01-16T02:20:12.333+02:00 TRACE 25984 --- [FirstSpring] [           main] o.s.b.f.s.DefaultListableBeanFactory     : Returning cached instance of singleton bean 'autoConfigurationReport'
2025-01-16T02:20:12.334+02:00 TRACE 25984 --- [FirstSpring] [           main] o.s.b.f.s.DefaultListableBeanFactory     : Returning cached instance of singleton bean 'autoConfigurationReport'
2025-01-16T02:20:12.334+02:00 TRACE 25984 --- [FirstSpring] [           main] o.s.b.f.s.DefaultListableBeanFactory     : Returning cached instance of singleton bean 'autoConfigurationReport'
2025-01-16T02:20:12.334+02:00 TRACE 25984 --- [FirstSpring] [           main] o.s.b.f.s.DefaultListableBeanFactory     : Returning cached instance of singleton bean 'autoConfigurationReport'
2025-01-16T02:20:12.334+02:00 TRACE 25984 --- [FirstSpring] [           main] o.s.b.f.s.DefaultListableBeanFactory     : Returning cached instance of singleton bean 'autoConfigurationReport'
2025-01-16T02:20:12.334+02:00 TRACE 25984 --- [FirstSpring] [           main] o.s.b.f.s.DefaultListableBeanFactory     : Returning cached instance of singleton bean 'autoConfigurationReport'
2025-01-16T02:20:12.334+02:00 TRACE 25984 --- [FirstSpring] [           main] o.s.b.f.s.DefaultListableBeanFactory     : Returning cached instance of singleton bean 'autoConfigurationReport'
2025-01-16T02:20:12.340+02:00 TRACE 25984 --- [FirstSpring] [           main] o.s.b.f.s.DefaultListableBeanFactory     : Returning cached instance of singleton bean 'autoConfigurationReport'
2025-01-16T02:20:12.341+02:00 TRACE 25984 --- [FirstSpring] [           main] o.s.b.f.s.DefaultListableBeanFactory     : Returning cached instance of singleton bean 'autoConfigurationReport'
2025-01-16T02:20:12.342+02:00 TRACE 25984 --- [FirstSpring] [           main] o.s.b.f.s.DefaultListableBeanFactory     : Returning cached instance of singleton bean 'autoConfigurationReport'
2025-01-16T02:20:12.342+02:00 TRACE 25984 --- [FirstSpring] [           main] o.s.b.f.s.DefaultListableBeanFactory     : Returning cached instance of singleton bean 'autoConfigurationReport'
2025-01-16T02:20:12.343+02:00 TRACE 25984 --- [FirstSpring] [           main] o.s.b.f.s.DefaultListableBeanFactory     : Returning cached instance of singleton bean 'autoConfigurationReport'
2025-01-16T02:20:12.343+02:00 TRACE 25984 --- [FirstSpring] [           main] o.s.b.f.s.DefaultListableBeanFactory     : Returning cached instance of singleton bean 'autoConfigurationReport'
2025-01-16T02:20:12.343+02:00 TRACE 25984 --- [FirstSpring] [           main] o.s.b.f.s.DefaultListableBeanFactory     : Returning cached instance of singleton bean 'autoConfigurationReport'
2025-01-16T02:20:12.343+02:00 TRACE 25984 --- [FirstSpring] [           main] o.s.b.f.s.DefaultListableBeanFactory     : Returning cached instance of singleton bean 'autoConfigurationReport'
2025-01-16T02:20:12.343+02:00 TRACE 25984 --- [FirstSpring] [           main] o.s.b.f.s.DefaultListableBeanFactory     : Returning cached instance of singleton bean 'autoConfigurationReport'
2025-01-16T02:20:12.347+02:00 TRACE 25984 --- [FirstSpring] [           main] yProbesAutoConfiguration$ProbesCondition : Condition AvailabilityProbesAutoConfiguration.ProbesCondition on org.springframework.boot.actuate.autoconfigure.availability.AvailabilityProbesAutoConfiguration did not match due to Probes availability not running on a supported cloud platform
2025-01-16T02:20:12.347+02:00 TRACE 25984 --- [FirstSpring] [           main] o.s.b.f.s.DefaultListableBeanFactory     : Returning cached instance of singleton bean 'autoConfigurationReport'
2025-01-16T02:20:12.348+02:00 TRACE 25984 --- [FirstSpring] [           main] o.s.b.f.s.DefaultListableBeanFactory     : Returning cached instance of singleton bean 'autoConfigurationReport'
2025-01-16T02:20:12.348+02:00 TRACE 25984 --- [FirstSpring] [           main] o.s.b.f.s.DefaultListableBeanFactory     : Returning cached instance of singleton bean 'autoConfigurationReport'
2025-01-16T02:20:12.348+02:00 TRACE 25984 --- [FirstSpring] [           main] o.s.b.f.s.DefaultListableBeanFactory     : Returning cached instance of singleton bean 'autoConfigurationReport'
2025-01-16T02:20:12.348+02:00 TRACE 25984 --- [FirstSpring] [           main] o.s.b.f.s.DefaultListableBeanFactory     : Returning cached instance of singleton bean 'autoConfigurationReport'
2025-01-16T02:20:12.348+02:00 TRACE 25984 --- [FirstSpring] [           main] o.s.b.f.s.DefaultListableBeanFactory     : Returning cached instance of singleton bean 'autoConfigurationReport'
2025-01-16T02:20:12.348+02:00 TRACE 25984 --- [FirstSpring] [           main] o.s.b.f.s.DefaultListableBeanFactory     : Returning cached instance of singleton bean 'autoConfigurationReport'
2025-01-16T02:20:12.351+02:00 TRACE 25984 --- [FirstSpring] [           main] s.b.a.a.e.c.OnAvailableEndpointCondition : Condition OnAvailableEndpointCondition on org.springframework.boot.actuate.autoconfigure.beans.BeansEndpointAutoConfiguration matched due to @ConditionalOnAvailableEndpoint marked as exposed by a 'management.endpoints.web.exposure' property
2025-01-16T02:20:12.352+02:00 TRACE 25984 --- [FirstSpring] [           main] o.s.b.f.s.DefaultListableBeanFactory     : Returning cached instance of singleton bean 'autoConfigurationReport'
2025-01-16T02:20:12.352+02:00 TRACE 25984 --- [FirstSpring] [           main] o.s.b.f.s.DefaultListableBeanFactory     : Returning cached instance of singleton bean 'autoConfigurationReport'
2025-01-16T02:20:12.352+02:00 TRACE 25984 --- [FirstSpring] [           main] o.s.b.f.s.DefaultListableBeanFactory     : Returning cached instance of singleton bean 'autoConfigurationReport'
2025-01-16T02:20:12.352+02:00 TRACE 25984 --- [FirstSpring] [           main] o.s.b.f.s.DefaultListableBeanFactory     : Returning cached instance of singleton bean 'autoConfigurationReport'
2025-01-16T02:20:12.352+02:00 TRACE 25984 --- [FirstSpring] [           main] o.s.b.f.s.DefaultListableBeanFactory     : Returning cached instance of singleton bean 'autoConfigurationReport'
2025-01-16T02:20:12.352+02:00 TRACE 25984 --- [FirstSpring] [           main] o.s.b.f.s.DefaultListableBeanFactory     : Returning cached instance of singleton bean 'autoConfigurationReport'
2025-01-16T02:20:12.353+02:00 TRACE 25984 --- [FirstSpring] [           main] o.s.b.f.s.DefaultListableBeanFactory     : Returning cached instance of singleton bean 'autoConfigurationReport'
2025-01-16T02:20:12.353+02:00 TRACE 25984 --- [FirstSpring] [           main] o.s.b.f.s.DefaultListableBeanFactory     : Returning cached instance of singleton bean 'autoConfigurationReport'
2025-01-16T02:20:12.353+02:00 TRACE 25984 --- [FirstSpring] [           main] o.s.b.f.s.DefaultListableBeanFactory     : Returning cached instance of singleton bean 'autoConfigurationReport'
2025-01-16T02:20:12.353+02:00 TRACE 25984 --- [FirstSpring] [           main] o.s.b.f.s.DefaultListableBeanFactory     : Returning cached instance of singleton bean 'autoConfigurationReport'
2025-01-16T02:20:12.354+02:00 TRACE 25984 --- [FirstSpring] [           main] o.s.b.a.condition.OnClassCondition       : Condition OnClassCondition on org.springframework.boot.autoconfigure.jackson.JacksonAutoConfiguration matched due to @ConditionalOnClass found required class 'com.fasterxml.jackson.databind.ObjectMapper'
2025-01-16T02:20:12.354+02:00 TRACE 25984 --- [FirstSpring] [           main] o.s.b.f.s.DefaultListableBeanFactory     : Returning cached instance of singleton bean 'autoConfigurationReport'
2025-01-16T02:20:12.354+02:00 TRACE 25984 --- [FirstSpring] [           main] o.s.b.f.s.DefaultListableBeanFactory     : Returning cached instance of singleton bean 'autoConfigurationReport'
2025-01-16T02:20:12.354+02:00 TRACE 25984 --- [FirstSpring] [           main] o.s.b.f.s.DefaultListableBeanFactory     : Returning cached instance of singleton bean 'autoConfigurationReport'
2025-01-16T02:20:12.354+02:00 TRACE 25984 --- [FirstSpring] [           main] o.s.b.f.s.DefaultListableBeanFactory     : Returning cached instance of singleton bean 'autoConfigurationReport'
2025-01-16T02:20:12.360+02:00 TRACE 25984 --- [FirstSpring] [           main] o.s.b.a.condition.OnClassCondition       : Condition OnClassCondition on org.springframework.boot.autoconfigure.jackson.JacksonAutoConfiguration$Jackson2ObjectMapperBuilderCustomizerConfiguration matched due to @ConditionalOnClass found required class 'org.springframework.http.converter.json.Jackson2ObjectMapperBuilder'
2025-01-16T02:20:12.360+02:00 TRACE 25984 --- [FirstSpring] [           main] o.s.b.f.s.DefaultListableBeanFactory     : Returning cached instance of singleton bean 'autoConfigurationReport'
2025-01-16T02:20:12.360+02:00 TRACE 25984 --- [FirstSpring] [           main] o.s.b.f.s.DefaultListableBeanFactory     : Returning cached instance of singleton bean 'autoConfigurationReport'
2025-01-16T02:20:12.360+02:00 TRACE 25984 --- [FirstSpring] [           main] o.s.b.f.s.DefaultListableBeanFactory     : Returning cached instance of singleton bean 'autoConfigurationReport'
2025-01-16T02:20:12.360+02:00 TRACE 25984 --- [FirstSpring] [           main] o.s.b.f.s.DefaultListableBeanFactory     : Returning cached instance of singleton bean 'autoConfigurationReport'
2025-01-16T02:20:12.362+02:00 TRACE 25984 --- [FirstSpring] [           main] o.s.b.a.condition.OnClassCondition       : Condition OnClassCondition on org.springframework.boot.autoconfigure.jackson.JacksonAutoConfiguration$JacksonObjectMapperBuilderConfiguration matched due to @ConditionalOnClass found required class 'org.springframework.http.converter.json.Jackson2ObjectMapperBuilder'
2025-01-16T02:20:12.362+02:00 TRACE 25984 --- [FirstSpring] [           main] o.s.b.f.s.DefaultListableBeanFactory     : Returning cached instance of singleton bean 'autoConfigurationReport'
2025-01-16T02:20:12.362+02:00 TRACE 25984 --- [FirstSpring] [           main] o.s.b.f.s.DefaultListableBeanFactory     : Returning cached instance of singleton bean 'autoConfigurationReport'
2025-01-16T02:20:12.362+02:00 TRACE 25984 --- [FirstSpring] [           main] o.s.b.f.s.DefaultListableBeanFactory     : Returning cached instance of singleton bean 'autoConfigurationReport'
2025-01-16T02:20:12.362+02:00 TRACE 25984 --- [FirstSpring] [           main] o.s.b.f.s.DefaultListableBeanFactory     : Returning cached instance of singleton bean 'autoConfigurationReport'
2025-01-16T02:20:12.362+02:00 TRACE 25984 --- [FirstSpring] [           main] o.s.b.a.condition.OnClassCondition       : Condition OnClassCondition on org.springframework.boot.autoconfigure.jackson.JacksonAutoConfiguration$ParameterNamesModuleConfiguration matched due to @ConditionalOnClass found required class 'com.fasterxml.jackson.module.paramnames.ParameterNamesModule'
2025-01-16T02:20:12.362+02:00 TRACE 25984 --- [FirstSpring] [           main] o.s.b.f.s.DefaultListableBeanFactory     : Returning cached instance of singleton bean 'autoConfigurationReport'
2025-01-16T02:20:12.362+02:00 TRACE 25984 --- [FirstSpring] [           main] o.s.b.f.s.DefaultListableBeanFactory     : Returning cached instance of singleton bean 'autoConfigurationReport'
2025-01-16T02:20:12.362+02:00 TRACE 25984 --- [FirstSpring] [           main] o.s.b.f.s.DefaultListableBeanFactory     : Returning cached instance of singleton bean 'autoConfigurationReport'
2025-01-16T02:20:12.362+02:00 TRACE 25984 --- [FirstSpring] [           main] o.s.b.f.s.DefaultListableBeanFactory     : Returning cached instance of singleton bean 'autoConfigurationReport'
2025-01-16T02:20:12.363+02:00 TRACE 25984 --- [FirstSpring] [           main] o.s.b.a.condition.OnClassCondition       : Condition OnClassCondition on org.springframework.boot.autoconfigure.jackson.JacksonAutoConfiguration$JacksonObjectMapperConfiguration matched due to @ConditionalOnClass found required class 'org.springframework.http.converter.json.Jackson2ObjectMapperBuilder'
2025-01-16T02:20:12.363+02:00 TRACE 25984 --- [FirstSpring] [           main] o.s.b.f.s.DefaultListableBeanFactory     : Returning cached instance of singleton bean 'autoConfigurationReport'
2025-01-16T02:20:12.363+02:00 TRACE 25984 --- [FirstSpring] [           main] o.s.b.f.s.DefaultListableBeanFactory     : Returning cached instance of singleton bean 'autoConfigurationReport'
2025-01-16T02:20:12.363+02:00 TRACE 25984 --- [FirstSpring] [           main] o.s.b.f.s.DefaultListableBeanFactory     : Returning cached instance of singleton bean 'autoConfigurationReport'
2025-01-16T02:20:12.363+02:00 TRACE 25984 --- [FirstSpring] [           main] o.s.b.f.s.DefaultListableBeanFactory     : Returning cached instance of singleton bean 'autoConfigurationReport'
2025-01-16T02:20:12.363+02:00 TRACE 25984 --- [FirstSpring] [           main] o.s.b.f.s.DefaultListableBeanFactory     : Returning cached instance of singleton bean 'autoConfigurationReport'
2025-01-16T02:20:12.363+02:00 TRACE 25984 --- [FirstSpring] [           main] o.s.b.f.s.DefaultListableBeanFactory     : Returning cached instance of singleton bean 'autoConfigurationReport'
2025-01-16T02:20:12.363+02:00 TRACE 25984 --- [FirstSpring] [           main] o.s.b.f.s.DefaultListableBeanFactory     : Returning cached instance of singleton bean 'autoConfigurationReport'
2025-01-16T02:20:12.363+02:00 TRACE 25984 --- [FirstSpring] [           main] o.s.b.f.s.DefaultListableBeanFactory     : Returning cached instance of singleton bean 'autoConfigurationReport'
2025-01-16T02:20:12.363+02:00 TRACE 25984 --- [FirstSpring] [           main] o.s.b.f.s.DefaultListableBeanFactory     : Returning cached instance of singleton bean 'autoConfigurationReport'
2025-01-16T02:20:12.363+02:00 TRACE 25984 --- [FirstSpring] [           main] o.s.b.f.s.DefaultListableBeanFactory     : Returning cached instance of singleton bean 'autoConfigurationReport'
2025-01-16T02:20:12.363+02:00 TRACE 25984 --- [FirstSpring] [           main] o.s.b.f.s.DefaultListableBeanFactory     : Returning cached instance of singleton bean 'autoConfigurationReport'
2025-01-16T02:20:12.363+02:00 TRACE 25984 --- [FirstSpring] [           main] o.s.b.f.s.DefaultListableBeanFactory     : Returning cached instance of singleton bean 'autoConfigurationReport'
2025-01-16T02:20:12.363+02:00 TRACE 25984 --- [FirstSpring] [           main] o.s.b.f.s.DefaultListableBeanFactory     : Returning cached instance of singleton bean 'autoConfigurationReport'
2025-01-16T02:20:12.364+02:00 TRACE 25984 --- [FirstSpring] [           main] o.s.b.a.condition.OnClassCondition       : Condition OnClassCondition on org.springframework.boot.autoconfigure.cache.CacheAutoConfiguration matched due to @ConditionalOnClass found required class 'org.springframework.cache.CacheManager'
2025-01-16T02:20:12.365+02:00 TRACE 25984 --- [FirstSpring] [           main] o.s.b.f.s.DefaultListableBeanFactory     : Returning cached instance of singleton bean 'autoConfigurationReport'
2025-01-16T02:20:12.365+02:00 TRACE 25984 --- [FirstSpring] [           main] o.s.b.f.s.DefaultListableBeanFactory     : Returning cached instance of singleton bean 'autoConfigurationReport'
2025-01-16T02:20:12.365+02:00 TRACE 25984 --- [FirstSpring] [           main] o.s.b.f.s.DefaultListableBeanFactory     : Returning cached instance of singleton bean 'autoConfigurationReport'
2025-01-16T02:20:12.365+02:00 TRACE 25984 --- [FirstSpring] [           main] o.s.b.f.s.DefaultListableBeanFactory     : Returning cached instance of singleton bean 'autoConfigurationReport'
2025-01-16T02:20:12.371+02:00 TRACE 25984 --- [FirstSpring] [           main] o.s.b.f.s.DefaultListableBeanFactory     : Returning cached instance of singleton bean 'autoConfigurationReport'
2025-01-16T02:20:12.371+02:00 TRACE 25984 --- [FirstSpring] [           main] o.s.b.f.s.DefaultListableBeanFactory     : Returning cached instance of singleton bean 'autoConfigurationReport'
2025-01-16T02:20:12.371+02:00 TRACE 25984 --- [FirstSpring] [           main] o.s.b.f.s.DefaultListableBeanFactory     : Returning cached instance of singleton bean 'autoConfigurationReport'
2025-01-16T02:20:12.372+02:00 TRACE 25984 --- [FirstSpring] [           main] o.s.b.f.s.DefaultListableBeanFactory     : Returning cached instance of singleton bean 'autoConfigurationReport'
2025-01-16T02:20:12.372+02:00 TRACE 25984 --- [FirstSpring] [           main] o.s.b.a.condition.OnClassCondition       : Condition OnClassCondition on org.springframework.boot.autoconfigure.cache.JCacheCacheConfiguration did not match due to @ConditionalOnClass did not find required class 'javax.cache.Caching'
2025-01-16T02:20:12.372+02:00 TRACE 25984 --- [FirstSpring] [           main] o.s.b.f.s.DefaultListableBeanFactory     : Returning cached instance of singleton bean 'autoConfigurationReport'
2025-01-16T02:20:12.372+02:00 TRACE 25984 --- [FirstSpring] [           main] o.s.b.f.s.DefaultListableBeanFactory     : Returning cached instance of singleton bean 'autoConfigurationReport'
2025-01-16T02:20:12.372+02:00 TRACE 25984 --- [FirstSpring] [           main] o.s.b.a.AutoConfigurationImportSelector  : Filtered 1 auto configuration class in 0 ms
2025-01-16T02:20:12.372+02:00 TRACE 25984 --- [FirstSpring] [           main] o.s.b.f.s.DefaultListableBeanFactory     : Returning cached instance of singleton bean 'autoConfigurationReport'
2025-01-16T02:20:12.372+02:00 TRACE 25984 --- [FirstSpring] [           main] o.s.b.a.condition.OnClassCondition       : Condition OnClassCondition on org.springframework.boot.autoconfigure.cache.HazelcastCacheConfiguration did not match due to @ConditionalOnClass did not find required class 'com.hazelcast.core.HazelcastInstance'
2025-01-16T02:20:12.372+02:00 TRACE 25984 --- [FirstSpring] [           main] o.s.b.f.s.DefaultListableBeanFactory     : Returning cached instance of singleton bean 'autoConfigurationReport'
2025-01-16T02:20:12.372+02:00 TRACE 25984 --- [FirstSpring] [           main] o.s.b.f.s.DefaultListableBeanFactory     : Returning cached instance of singleton bean 'autoConfigurationReport'
2025-01-16T02:20:12.372+02:00 TRACE 25984 --- [FirstSpring] [           main] o.s.b.a.AutoConfigurationImportSelector  : Filtered 1 auto configuration class in 0 ms
2025-01-16T02:20:12.372+02:00 TRACE 25984 --- [FirstSpring] [           main] o.s.b.f.s.DefaultListableBeanFactory     : Returning cached instance of singleton bean 'autoConfigurationReport'
2025-01-16T02:20:12.372+02:00 TRACE 25984 --- [FirstSpring] [           main] o.s.b.a.condition.OnClassCondition       : Condition OnClassCondition on org.springframework.boot.autoconfigure.cache.CouchbaseCacheConfiguration did not match due to @ConditionalOnClass did not find required class 'com.couchbase.client.java.Cluster'
2025-01-16T02:20:12.374+02:00 TRACE 25984 --- [FirstSpring] [           main] o.s.b.f.s.DefaultListableBeanFactory     : Returning cached instance of singleton bean 'autoConfigurationReport'
2025-01-16T02:20:12.374+02:00 TRACE 25984 --- [FirstSpring] [           main] o.s.b.f.s.DefaultListableBeanFactory     : Returning cached instance of singleton bean 'autoConfigurationReport'
2025-01-16T02:20:12.374+02:00 TRACE 25984 --- [FirstSpring] [           main] o.s.b.a.AutoConfigurationImportSelector  : Filtered 1 auto configuration class in 0 ms
2025-01-16T02:20:12.374+02:00 TRACE 25984 --- [FirstSpring] [           main] o.s.b.f.s.DefaultListableBeanFactory     : Returning cached instance of singleton bean 'autoConfigurationReport'
2025-01-16T02:20:12.374+02:00 TRACE 25984 --- [FirstSpring] [           main] o.s.b.a.condition.OnClassCondition       : Condition OnClassCondition on org.springframework.boot.autoconfigure.cache.InfinispanCacheConfiguration did not match due to @ConditionalOnClass did not find required class 'org.infinispan.spring.embedded.provider.SpringEmbeddedCacheManager'
2025-01-16T02:20:12.374+02:00 TRACE 25984 --- [FirstSpring] [           main] o.s.b.f.s.DefaultListableBeanFactory     : Returning cached instance of singleton bean 'autoConfigurationReport'
2025-01-16T02:20:12.374+02:00 TRACE 25984 --- [FirstSpring] [           main] o.s.b.f.s.DefaultListableBeanFactory     : Returning cached instance of singleton bean 'autoConfigurationReport'
2025-01-16T02:20:12.374+02:00 TRACE 25984 --- [FirstSpring] [           main] o.s.b.a.AutoConfigurationImportSelector  : Filtered 1 auto configuration class in 0 ms
2025-01-16T02:20:12.374+02:00 TRACE 25984 --- [FirstSpring] [           main] o.s.b.f.s.DefaultListableBeanFactory     : Returning cached instance of singleton bean 'autoConfigurationReport'
2025-01-16T02:20:12.374+02:00 TRACE 25984 --- [FirstSpring] [           main] o.s.b.a.condition.OnClassCondition       : Condition OnClassCondition on org.springframework.boot.autoconfigure.cache.RedisCacheConfiguration did not match due to @ConditionalOnClass did not find required class 'org.springframework.data.redis.connection.RedisConnectionFactory'
2025-01-16T02:20:12.374+02:00 TRACE 25984 --- [FirstSpring] [           main] o.s.b.f.s.DefaultListableBeanFactory     : Returning cached instance of singleton bean 'autoConfigurationReport'
2025-01-16T02:20:12.374+02:00 TRACE 25984 --- [FirstSpring] [           main] o.s.b.f.s.DefaultListableBeanFactory     : Returning cached instance of singleton bean 'autoConfigurationReport'
2025-01-16T02:20:12.374+02:00 TRACE 25984 --- [FirstSpring] [           main] o.s.b.a.AutoConfigurationImportSelector  : Filtered 1 auto configuration class in 0 ms
2025-01-16T02:20:12.374+02:00 TRACE 25984 --- [FirstSpring] [           main] o.s.b.f.s.DefaultListableBeanFactory     : Returning cached instance of singleton bean 'autoConfigurationReport'
2025-01-16T02:20:12.374+02:00 TRACE 25984 --- [FirstSpring] [           main] o.s.b.a.condition.OnClassCondition       : Condition OnClassCondition on org.springframework.boot.autoconfigure.cache.Cache2kCacheConfiguration did not match due to @ConditionalOnClass did not find required class 'org.cache2k.Cache2kBuilder'
2025-01-16T02:20:12.374+02:00 TRACE 25984 --- [FirstSpring] [           main] o.s.b.f.s.DefaultListableBeanFactory     : Returning cached instance of singleton bean 'autoConfigurationReport'
2025-01-16T02:20:12.374+02:00 TRACE 25984 --- [FirstSpring] [           main] o.s.b.f.s.DefaultListableBeanFactory     : Returning cached instance of singleton bean 'autoConfigurationReport'
2025-01-16T02:20:12.374+02:00 TRACE 25984 --- [FirstSpring] [           main] o.s.b.a.AutoConfigurationImportSelector  : Filtered 1 auto configuration class in 0 ms
2025-01-16T02:20:12.374+02:00 TRACE 25984 --- [FirstSpring] [           main] o.s.b.f.s.DefaultListableBeanFactory     : Returning cached instance of singleton bean 'autoConfigurationReport'
2025-01-16T02:20:12.375+02:00 TRACE 25984 --- [FirstSpring] [           main] o.s.b.a.condition.OnClassCondition       : Condition OnClassCondition on org.springframework.boot.autoconfigure.cache.CaffeineCacheConfiguration did not match due to @ConditionalOnClass did not find required class 'com.github.benmanes.caffeine.cache.Caffeine'
2025-01-16T02:20:12.375+02:00 TRACE 25984 --- [FirstSpring] [           main] o.s.b.f.s.DefaultListableBeanFactory     : Returning cached instance of singleton bean 'autoConfigurationReport'
2025-01-16T02:20:12.375+02:00 TRACE 25984 --- [FirstSpring] [           main] o.s.b.f.s.DefaultListableBeanFactory     : Returning cached instance of singleton bean 'autoConfigurationReport'
2025-01-16T02:20:12.375+02:00 TRACE 25984 --- [FirstSpring] [           main] o.s.b.a.AutoConfigurationImportSelector  : Filtered 1 auto configuration class in 0 ms
2025-01-16T02:20:12.375+02:00 TRACE 25984 --- [FirstSpring] [           main] o.s.b.f.s.DefaultListableBeanFactory     : Returning cached instance of singleton bean 'autoConfigurationReport'
2025-01-16T02:20:12.375+02:00 TRACE 25984 --- [FirstSpring] [           main] o.s.b.f.s.DefaultListableBeanFactory     : Returning cached instance of singleton bean 'autoConfigurationReport'
2025-01-16T02:20:12.375+02:00 TRACE 25984 --- [FirstSpring] [           main] o.s.b.f.s.DefaultListableBeanFactory     : Returning cached instance of singleton bean 'autoConfigurationReport'
2025-01-16T02:20:12.375+02:00 TRACE 25984 --- [FirstSpring] [           main] o.s.b.f.s.DefaultListableBeanFactory     : Returning cached instance of singleton bean 'autoConfigurationReport'
2025-01-16T02:20:12.375+02:00 TRACE 25984 --- [FirstSpring] [           main] o.s.b.f.s.DefaultListableBeanFactory     : Returning cached instance of singleton bean 'autoConfigurationReport'
2025-01-16T02:20:12.375+02:00 TRACE 25984 --- [FirstSpring] [           main] o.s.b.f.s.DefaultListableBeanFactory     : Returning cached instance of singleton bean 'autoConfigurationReport'
2025-01-16T02:20:12.377+02:00 TRACE 25984 --- [FirstSpring] [           main] o.s.b.a.cache.CacheCondition             : Condition CacheCondition on org.springframework.boot.autoconfigure.cache.GenericCacheConfiguration matched due to Cache org.springframework.boot.autoconfigure.cache.GenericCacheConfiguration automatic cache type
2025-01-16T02:20:12.377+02:00 TRACE 25984 --- [FirstSpring] [           main] o.s.b.f.s.DefaultListableBeanFactory     : Returning cached instance of singleton bean 'autoConfigurationReport'
2025-01-16T02:20:12.377+02:00 TRACE 25984 --- [FirstSpring] [           main] o.s.b.f.s.DefaultListableBeanFactory     : Returning cached instance of singleton bean 'autoConfigurationReport'
2025-01-16T02:20:12.377+02:00 TRACE 25984 --- [FirstSpring] [           main] o.s.b.f.s.DefaultListableBeanFactory     : Returning cached instance of singleton bean 'autoConfigurationReport'
2025-01-16T02:20:12.377+02:00 TRACE 25984 --- [FirstSpring] [           main] o.s.b.f.s.DefaultListableBeanFactory     : Returning cached instance of singleton bean 'autoConfigurationReport'
2025-01-16T02:20:12.378+02:00 TRACE 25984 --- [FirstSpring] [           main] o.s.b.a.cache.CacheCondition             : Condition CacheCondition on org.springframework.boot.autoconfigure.cache.SimpleCacheConfiguration matched due to Cache org.springframework.boot.autoconfigure.cache.SimpleCacheConfiguration automatic cache type
2025-01-16T02:20:12.378+02:00 TRACE 25984 --- [FirstSpring] [           main] o.s.b.f.s.DefaultListableBeanFactory     : Returning cached instance of singleton bean 'autoConfigurationReport'
2025-01-16T02:20:12.378+02:00 TRACE 25984 --- [FirstSpring] [           main] o.s.b.f.s.DefaultListableBeanFactory     : Returning cached instance of singleton bean 'autoConfigurationReport'
2025-01-16T02:20:12.378+02:00 TRACE 25984 --- [FirstSpring] [           main] o.s.b.f.s.DefaultListableBeanFactory     : Returning cached instance of singleton bean 'autoConfigurationReport'
2025-01-16T02:20:12.378+02:00 TRACE 25984 --- [FirstSpring] [           main] o.s.b.f.s.DefaultListableBeanFactory     : Returning cached instance of singleton bean 'autoConfigurationReport'
2025-01-16T02:20:12.379+02:00 TRACE 25984 --- [FirstSpring] [           main] o.s.b.a.cache.CacheCondition             : Condition CacheCondition on org.springframework.boot.autoconfigure.cache.NoOpCacheConfiguration matched due to Cache org.springframework.boot.autoconfigure.cache.NoOpCacheConfiguration automatic cache type
2025-01-16T02:20:12.379+02:00 TRACE 25984 --- [FirstSpring] [           main] o.s.b.f.s.DefaultListableBeanFactory     : Returning cached instance of singleton bean 'autoConfigurationReport'
2025-01-16T02:20:12.379+02:00 TRACE 25984 --- [FirstSpring] [           main] o.s.b.f.s.DefaultListableBeanFactory     : Returning cached instance of singleton bean 'autoConfigurationReport'
2025-01-16T02:20:12.379+02:00 TRACE 25984 --- [FirstSpring] [           main] o.s.b.f.s.DefaultListableBeanFactory     : Returning cached instance of singleton bean 'autoConfigurationReport'
2025-01-16T02:20:12.379+02:00 TRACE 25984 --- [FirstSpring] [           main] o.s.b.f.s.DefaultListableBeanFactory     : Returning cached instance of singleton bean 'autoConfigurationReport'
2025-01-16T02:20:12.384+02:00 TRACE 25984 --- [FirstSpring] [           main] o.s.b.a.condition.OnClassCondition       : Condition OnClassCondition on org.springframework.boot.autoconfigure.cache.CacheAutoConfiguration$CacheManagerEntityManagerFactoryDependsOnPostProcessor did not match due to @ConditionalOnClass did not find required class 'org.springframework.orm.jpa.LocalContainerEntityManagerFactoryBean'
2025-01-16T02:20:12.385+02:00 TRACE 25984 --- [FirstSpring] [           main] o.s.b.f.s.DefaultListableBeanFactory     : Returning cached instance of singleton bean 'autoConfigurationReport'
2025-01-16T02:20:12.385+02:00 TRACE 25984 --- [FirstSpring] [           main] o.s.b.f.s.DefaultListableBeanFactory     : Returning cached instance of singleton bean 'autoConfigurationReport'
2025-01-16T02:20:12.385+02:00 TRACE 25984 --- [FirstSpring] [           main] o.s.b.f.s.DefaultListableBeanFactory     : Returning cached instance of singleton bean 'autoConfigurationReport'
2025-01-16T02:20:12.385+02:00 TRACE 25984 --- [FirstSpring] [           main] o.s.b.f.s.DefaultListableBeanFactory     : Returning cached instance of singleton bean 'autoConfigurationReport'
2025-01-16T02:20:12.385+02:00 TRACE 25984 --- [FirstSpring] [           main] o.s.b.f.s.DefaultListableBeanFactory     : Returning cached instance of singleton bean 'autoConfigurationReport'
2025-01-16T02:20:12.385+02:00 TRACE 25984 --- [FirstSpring] [           main] o.s.b.f.s.DefaultListableBeanFactory     : Returning cached instance of singleton bean 'autoConfigurationReport'
2025-01-16T02:20:12.385+02:00 TRACE 25984 --- [FirstSpring] [           main] o.s.b.f.s.DefaultListableBeanFactory     : Returning cached instance of singleton bean 'autoConfigurationReport'
2025-01-16T02:20:12.387+02:00 TRACE 25984 --- [FirstSpring] [           main] o.s.b.a.condition.OnClassCondition       : Condition OnClassCondition on org.springframework.boot.actuate.autoconfigure.cache.CachesEndpointAutoConfiguration matched due to @ConditionalOnClass found required class 'org.springframework.cache.CacheManager'
2025-01-16T02:20:12.387+02:00 TRACE 25984 --- [FirstSpring] [           main] o.s.b.f.s.DefaultListableBeanFactory     : Returning cached instance of singleton bean 'autoConfigurationReport'
2025-01-16T02:20:12.388+02:00 TRACE 25984 --- [FirstSpring] [           main] s.b.a.a.e.c.OnAvailableEndpointCondition : Condition OnAvailableEndpointCondition on org.springframework.boot.actuate.autoconfigure.cache.CachesEndpointAutoConfiguration matched due to @ConditionalOnAvailableEndpoint marked as exposed by a 'management.endpoints.web.exposure' property
2025-01-16T02:20:12.388+02:00 TRACE 25984 --- [FirstSpring] [           main] o.s.b.f.s.DefaultListableBeanFactory     : Returning cached instance of singleton bean 'autoConfigurationReport'
2025-01-16T02:20:12.388+02:00 TRACE 25984 --- [FirstSpring] [           main] o.s.b.f.s.DefaultListableBeanFactory     : Returning cached instance of singleton bean 'autoConfigurationReport'
2025-01-16T02:20:12.388+02:00 TRACE 25984 --- [FirstSpring] [           main] o.s.b.f.s.DefaultListableBeanFactory     : Returning cached instance of singleton bean 'autoConfigurationReport'
2025-01-16T02:20:12.388+02:00 TRACE 25984 --- [FirstSpring] [           main] o.s.b.f.s.DefaultListableBeanFactory     : Returning cached instance of singleton bean 'autoConfigurationReport'
2025-01-16T02:20:12.389+02:00 TRACE 25984 --- [FirstSpring] [           main] o.s.b.f.s.DefaultListableBeanFactory     : Returning cached instance of singleton bean 'autoConfigurationReport'
2025-01-16T02:20:12.389+02:00 TRACE 25984 --- [FirstSpring] [           main] o.s.b.f.s.DefaultListableBeanFactory     : Returning cached instance of singleton bean 'autoConfigurationReport'
2025-01-16T02:20:12.389+02:00 TRACE 25984 --- [FirstSpring] [           main] o.s.b.f.s.DefaultListableBeanFactory     : Returning cached instance of singleton bean 'autoConfigurationReport'
2025-01-16T02:20:12.389+02:00 TRACE 25984 --- [FirstSpring] [           main] o.s.b.f.s.DefaultListableBeanFactory     : Returning cached instance of singleton bean 'autoConfigurationReport'
2025-01-16T02:20:12.389+02:00 TRACE 25984 --- [FirstSpring] [           main] o.s.b.f.s.DefaultListableBeanFactory     : Returning cached instance of singleton bean 'autoConfigurationReport'
2025-01-16T02:20:12.389+02:00 TRACE 25984 --- [FirstSpring] [           main] o.s.b.f.s.DefaultListableBeanFactory     : Returning cached instance of singleton bean 'autoConfigurationReport'
2025-01-16T02:20:12.395+02:00 TRACE 25984 --- [FirstSpring] [           main] s.b.a.a.e.c.OnAvailableEndpointCondition : Condition OnAvailableEndpointCondition on org.springframework.boot.actuate.autoconfigure.health.HealthEndpointAutoConfiguration matched due to @ConditionalOnAvailableEndpoint marked as exposed by a 'management.endpoints.web.exposure' property
2025-01-16T02:20:12.395+02:00 TRACE 25984 --- [FirstSpring] [           main] o.s.b.f.s.DefaultListableBeanFactory     : Returning cached instance of singleton bean 'autoConfigurationReport'
2025-01-16T02:20:12.395+02:00 TRACE 25984 --- [FirstSpring] [           main] o.s.b.f.s.DefaultListableBeanFactory     : Returning cached instance of singleton bean 'autoConfigurationReport'
2025-01-16T02:20:12.395+02:00 TRACE 25984 --- [FirstSpring] [           main] o.s.b.f.s.DefaultListableBeanFactory     : Returning cached instance of singleton bean 'autoConfigurationReport'
2025-01-16T02:20:12.395+02:00 TRACE 25984 --- [FirstSpring] [           main] o.s.b.f.s.DefaultListableBeanFactory     : Returning cached instance of singleton bean 'autoConfigurationReport'
2025-01-16T02:20:12.402+02:00 TRACE 25984 --- [FirstSpring] [           main] o.s.b.f.s.DefaultListableBeanFactory     : Returning cached instance of singleton bean 'autoConfigurationReport'
2025-01-16T02:20:12.402+02:00 TRACE 25984 --- [FirstSpring] [           main] o.s.b.f.s.DefaultListableBeanFactory     : Returning cached instance of singleton bean 'autoConfigurationReport'
2025-01-16T02:20:12.402+02:00 TRACE 25984 --- [FirstSpring] [           main] o.s.b.f.s.DefaultListableBeanFactory     : Returning cached instance of singleton bean 'autoConfigurationReport'
2025-01-16T02:20:12.405+02:00 TRACE 25984 --- [FirstSpring] [           main] o.s.b.a.condition.OnClassCondition       : Condition OnClassCondition on org.springframework.boot.actuate.autoconfigure.health.ReactiveHealthEndpointConfiguration did not match due to @ConditionalOnClass did not find required class 'reactor.core.publisher.Flux'
2025-01-16T02:20:12.405+02:00 TRACE 25984 --- [FirstSpring] [           main] o.s.b.f.s.DefaultListableBeanFactory     : Returning cached instance of singleton bean 'autoConfigurationReport'
2025-01-16T02:20:12.406+02:00 TRACE 25984 --- [FirstSpring] [           main] o.s.b.a.c.OnWebApplicationCondition      : Condition OnWebApplicationCondition on org.springframework.boot.actuate.autoconfigure.health.HealthEndpointWebExtensionConfiguration matched due to found 'session' scope
2025-01-16T02:20:12.406+02:00 TRACE 25984 --- [FirstSpring] [           main] o.s.b.f.s.DefaultListableBeanFactory     : Returning cached instance of singleton bean 'autoConfigurationReport'
2025-01-16T02:20:12.406+02:00 TRACE 25984 --- [FirstSpring] [           main] s.b.a.a.e.c.OnAvailableEndpointCondition : Condition OnAvailableEndpointCondition on org.springframework.boot.actuate.autoconfigure.health.HealthEndpointWebExtensionConfiguration matched due to @ConditionalOnAvailableEndpoint marked as exposed by a 'management.endpoints.web.exposure' property
2025-01-16T02:20:12.406+02:00 TRACE 25984 --- [FirstSpring] [           main] o.s.b.f.s.DefaultListableBeanFactory     : Returning cached instance of singleton bean 'autoConfigurationReport'
2025-01-16T02:20:12.406+02:00 TRACE 25984 --- [FirstSpring] [           main] o.s.b.f.s.DefaultListableBeanFactory     : Returning cached instance of singleton bean 'autoConfigurationReport'
2025-01-16T02:20:12.408+02:00 TRACE 25984 --- [FirstSpring] [           main] o.s.b.f.s.DefaultListableBeanFactory     : Returning cached instance of singleton bean 'autoConfigurationReport'
2025-01-16T02:20:12.408+02:00 TRACE 25984 --- [FirstSpring] [           main] o.s.b.f.s.DefaultListableBeanFactory     : Returning cached instance of singleton bean 'autoConfigurationReport'
2025-01-16T02:20:12.413+02:00 TRACE 25984 --- [FirstSpring] [           main] o.s.b.a.condition.OnClassCondition       : Condition OnClassCondition on org.springframework.boot.actuate.autoconfigure.health.HealthEndpointWebExtensionConfiguration$JerseyAdditionalHealthEndpointPathsConfiguration did not match due to @ConditionalOnClass did not find required class 'org.glassfish.jersey.server.ResourceConfig'
2025-01-16T02:20:12.413+02:00 TRACE 25984 --- [FirstSpring] [           main] o.s.b.f.s.DefaultListableBeanFactory     : Returning cached instance of singleton bean 'autoConfigurationReport'
2025-01-16T02:20:12.413+02:00 TRACE 25984 --- [FirstSpring] [           main] o.s.b.f.s.DefaultListableBeanFactory     : Returning cached instance of singleton bean 'autoConfigurationReport'
2025-01-16T02:20:12.413+02:00 TRACE 25984 --- [FirstSpring] [           main] o.s.b.f.s.DefaultListableBeanFactory     : Returning cached instance of singleton bean 'autoConfigurationReport'
2025-01-16T02:20:12.413+02:00 TRACE 25984 --- [FirstSpring] [           main] o.s.b.f.s.DefaultListableBeanFactory     : Returning cached instance of singleton bean 'autoConfigurationReport'
2025-01-16T02:20:12.413+02:00 TRACE 25984 --- [FirstSpring] [           main] o.s.b.a.c.OnWebApplicationCondition      : Condition OnWebApplicationCondition on org.springframework.boot.actuate.autoconfigure.health.HealthEndpointReactiveWebExtensionConfiguration did not match due to did not find reactive web application classes
2025-01-16T02:20:12.413+02:00 TRACE 25984 --- [FirstSpring] [           main] o.s.b.f.s.DefaultListableBeanFactory     : Returning cached instance of singleton bean 'autoConfigurationReport'
2025-01-16T02:20:12.413+02:00 TRACE 25984 --- [FirstSpring] [           main] o.s.b.f.s.DefaultListableBeanFactory     : Returning cached instance of singleton bean 'autoConfigurationReport'
2025-01-16T02:20:12.413+02:00 TRACE 25984 --- [FirstSpring] [           main] o.s.b.f.s.DefaultListableBeanFactory     : Returning cached instance of singleton bean 'autoConfigurationReport'
2025-01-16T02:20:12.413+02:00 TRACE 25984 --- [FirstSpring] [           main] o.s.b.f.s.DefaultListableBeanFactory     : Returning cached instance of singleton bean 'autoConfigurationReport'
2025-01-16T02:20:12.413+02:00 TRACE 25984 --- [FirstSpring] [           main] o.s.b.f.s.DefaultListableBeanFactory     : Returning cached instance of singleton bean 'autoConfigurationReport'
2025-01-16T02:20:12.414+02:00 TRACE 25984 --- [FirstSpring] [           main] o.s.b.f.s.DefaultListableBeanFactory     : Returning cached instance of singleton bean 'autoConfigurationReport'
2025-01-16T02:20:12.414+02:00 TRACE 25984 --- [FirstSpring] [           main] o.s.b.f.s.DefaultListableBeanFactory     : Returning cached instance of singleton bean 'autoConfigurationReport'
2025-01-16T02:20:12.415+02:00 TRACE 25984 --- [FirstSpring] [           main] o.s.b.f.s.DefaultListableBeanFactory     : Returning cached instance of singleton bean 'autoConfigurationReport'
2025-01-16T02:20:12.415+02:00 TRACE 25984 --- [FirstSpring] [           main] o.s.b.f.s.DefaultListableBeanFactory     : Returning cached instance of singleton bean 'autoConfigurationReport'
2025-01-16T02:20:12.415+02:00 TRACE 25984 --- [FirstSpring] [           main] o.s.b.f.s.DefaultListableBeanFactory     : Returning cached instance of singleton bean 'autoConfigurationReport'
2025-01-16T02:20:12.415+02:00 TRACE 25984 --- [FirstSpring] [           main] o.s.b.f.s.DefaultListableBeanFactory     : Returning cached instance of singleton bean 'autoConfigurationReport'
2025-01-16T02:20:12.415+02:00 TRACE 25984 --- [FirstSpring] [           main] o.s.b.f.s.DefaultListableBeanFactory     : Returning cached instance of singleton bean 'autoConfigurationReport'
2025-01-16T02:20:12.415+02:00 TRACE 25984 --- [FirstSpring] [           main] o.s.b.f.s.DefaultListableBeanFactory     : Returning cached instance of singleton bean 'autoConfigurationReport'
2025-01-16T02:20:12.415+02:00 TRACE 25984 --- [FirstSpring] [           main] o.s.b.f.s.DefaultListableBeanFactory     : Returning cached instance of singleton bean 'autoConfigurationReport'
2025-01-16T02:20:12.415+02:00 TRACE 25984 --- [FirstSpring] [           main] o.s.b.f.s.DefaultListableBeanFactory     : Returning cached instance of singleton bean 'autoConfigurationReport'
2025-01-16T02:20:12.415+02:00 TRACE 25984 --- [FirstSpring] [           main] o.s.b.f.s.DefaultListableBeanFactory     : Returning cached instance of singleton bean 'autoConfigurationReport'
2025-01-16T02:20:12.420+02:00 TRACE 25984 --- [FirstSpring] [           main] o.s.b.f.s.DefaultListableBeanFactory     : Returning cached instance of singleton bean 'autoConfigurationReport'
2025-01-16T02:20:12.421+02:00 TRACE 25984 --- [FirstSpring] [           main] o.s.b.f.s.DefaultListableBeanFactory     : Returning cached instance of singleton bean 'autoConfigurationReport'
2025-01-16T02:20:12.421+02:00 TRACE 25984 --- [FirstSpring] [           main] o.s.b.f.s.DefaultListableBeanFactory     : Returning cached instance of singleton bean 'autoConfigurationReport'
2025-01-16T02:20:12.421+02:00 TRACE 25984 --- [FirstSpring] [           main] o.s.b.f.s.DefaultListableBeanFactory     : Returning cached instance of singleton bean 'autoConfigurationReport'
2025-01-16T02:20:12.421+02:00 TRACE 25984 --- [FirstSpring] [           main] o.s.b.f.s.DefaultListableBeanFactory     : Returning cached instance of singleton bean 'autoConfigurationReport'
2025-01-16T02:20:12.421+02:00 TRACE 25984 --- [FirstSpring] [           main] o.s.b.f.s.DefaultListableBeanFactory     : Returning cached instance of singleton bean 'autoConfigurationReport'
2025-01-16T02:20:12.421+02:00 TRACE 25984 --- [FirstSpring] [           main] o.s.b.f.s.DefaultListableBeanFactory     : Returning cached instance of singleton bean 'autoConfigurationReport'
2025-01-16T02:20:12.421+02:00 TRACE 25984 --- [FirstSpring] [           main] o.s.b.f.s.DefaultListableBeanFactory     : Returning cached instance of singleton bean 'autoConfigurationReport'
2025-01-16T02:20:12.421+02:00 TRACE 25984 --- [FirstSpring] [           main] o.s.b.f.s.DefaultListableBeanFactory     : Returning cached instance of singleton bean 'autoConfigurationReport'
2025-01-16T02:20:12.423+02:00 TRACE 25984 --- [FirstSpring] [           main] s.b.a.a.e.c.OnAvailableEndpointCondition : Condition OnAvailableEndpointCondition on org.springframework.boot.actuate.autoconfigure.info.InfoEndpointAutoConfiguration matched due to @ConditionalOnAvailableEndpoint marked as exposed by a 'management.endpoints.web.exposure' property
2025-01-16T02:20:12.423+02:00 TRACE 25984 --- [FirstSpring] [           main] o.s.b.f.s.DefaultListableBeanFactory     : Returning cached instance of singleton bean 'autoConfigurationReport'
2025-01-16T02:20:12.423+02:00 TRACE 25984 --- [FirstSpring] [           main] o.s.b.f.s.DefaultListableBeanFactory     : Returning cached instance of singleton bean 'autoConfigurationReport'
2025-01-16T02:20:12.423+02:00 TRACE 25984 --- [FirstSpring] [           main] o.s.b.f.s.DefaultListableBeanFactory     : Returning cached instance of singleton bean 'autoConfigurationReport'
2025-01-16T02:20:12.423+02:00 TRACE 25984 --- [FirstSpring] [           main] o.s.b.f.s.DefaultListableBeanFactory     : Returning cached instance of singleton bean 'autoConfigurationReport'
2025-01-16T02:20:12.424+02:00 TRACE 25984 --- [FirstSpring] [           main] o.s.b.f.s.DefaultListableBeanFactory     : Returning cached instance of singleton bean 'autoConfigurationReport'
2025-01-16T02:20:12.424+02:00 TRACE 25984 --- [FirstSpring] [           main] o.s.b.f.s.DefaultListableBeanFactory     : Returning cached instance of singleton bean 'autoConfigurationReport'
2025-01-16T02:20:12.424+02:00 TRACE 25984 --- [FirstSpring] [           main] o.s.b.f.s.DefaultListableBeanFactory     : Returning cached instance of singleton bean 'autoConfigurationReport'
2025-01-16T02:20:12.424+02:00 TRACE 25984 --- [FirstSpring] [           main] o.s.b.f.s.DefaultListableBeanFactory     : Returning cached instance of singleton bean 'autoConfigurationReport'
2025-01-16T02:20:12.424+02:00 TRACE 25984 --- [FirstSpring] [           main] o.s.b.f.s.DefaultListableBeanFactory     : Returning cached instance of singleton bean 'autoConfigurationReport'
2025-01-16T02:20:12.424+02:00 TRACE 25984 --- [FirstSpring] [           main] o.s.b.f.s.DefaultListableBeanFactory     : Returning cached instance of singleton bean 'autoConfigurationReport'
2025-01-16T02:20:12.426+02:00 TRACE 25984 --- [FirstSpring] [           main] o.s.b.a.condition.OnClassCondition       : Condition OnClassCondition on org.springframework.boot.actuate.autoconfigure.web.servlet.ServletManagementContextAutoConfiguration matched due to @ConditionalOnClass found required class 'jakarta.servlet.Servlet'
2025-01-16T02:20:12.426+02:00 TRACE 25984 --- [FirstSpring] [           main] o.s.b.f.s.DefaultListableBeanFactory     : Returning cached instance of singleton bean 'autoConfigurationReport'
2025-01-16T02:20:12.426+02:00 TRACE 25984 --- [FirstSpring] [           main] o.s.b.a.c.OnWebApplicationCondition      : Condition OnWebApplicationCondition on org.springframework.boot.actuate.autoconfigure.web.servlet.ServletManagementContextAutoConfiguration matched due to found 'session' scope
2025-01-16T02:20:12.426+02:00 TRACE 25984 --- [FirstSpring] [           main] o.s.b.f.s.DefaultListableBeanFactory     : Returning cached instance of singleton bean 'autoConfigurationReport'
2025-01-16T02:20:12.426+02:00 TRACE 25984 --- [FirstSpring] [           main] o.s.b.f.s.DefaultListableBeanFactory     : Returning cached instance of singleton bean 'autoConfigurationReport'
2025-01-16T02:20:12.426+02:00 TRACE 25984 --- [FirstSpring] [           main] o.s.b.f.s.DefaultListableBeanFactory     : Returning cached instance of singleton bean 'autoConfigurationReport'
2025-01-16T02:20:12.426+02:00 TRACE 25984 --- [FirstSpring] [           main] o.s.b.f.s.DefaultListableBeanFactory     : Returning cached instance of singleton bean 'autoConfigurationReport'
2025-01-16T02:20:12.428+02:00 TRACE 25984 --- [FirstSpring] [           main] o.s.b.a.condition.OnPropertyCondition    : Condition OnPropertyCondition on org.springframework.boot.actuate.autoconfigure.web.servlet.ServletManagementContextAutoConfiguration$ApplicationContextFilterConfiguration did not match due to @ConditionalOnProperty (management.server.add-application-context-header=true) did not find property 'add-application-context-header'
2025-01-16T02:20:12.428+02:00 TRACE 25984 --- [FirstSpring] [           main] o.s.b.f.s.DefaultListableBeanFactory     : Returning cached instance of singleton bean 'autoConfigurationReport'
2025-01-16T02:20:12.428+02:00 TRACE 25984 --- [FirstSpring] [           main] o.s.b.f.s.DefaultListableBeanFactory     : Returning cached instance of singleton bean 'autoConfigurationReport'
2025-01-16T02:20:12.428+02:00 TRACE 25984 --- [FirstSpring] [           main] o.s.b.f.s.DefaultListableBeanFactory     : Returning cached instance of singleton bean 'autoConfigurationReport'
2025-01-16T02:20:12.428+02:00 TRACE 25984 --- [FirstSpring] [           main] o.s.b.f.s.DefaultListableBeanFactory     : Returning cached instance of singleton bean 'autoConfigurationReport'
2025-01-16T02:20:12.428+02:00 TRACE 25984 --- [FirstSpring] [           main] o.s.b.f.s.DefaultListableBeanFactory     : Returning cached instance of singleton bean 'autoConfigurationReport'
2025-01-16T02:20:12.428+02:00 TRACE 25984 --- [FirstSpring] [           main] o.s.b.f.s.DefaultListableBeanFactory     : Returning cached instance of singleton bean 'autoConfigurationReport'
2025-01-16T02:20:12.428+02:00 TRACE 25984 --- [FirstSpring] [           main] o.s.b.f.s.DefaultListableBeanFactory     : Returning cached instance of singleton bean 'autoConfigurationReport'
2025-01-16T02:20:12.433+02:00 TRACE 25984 --- [FirstSpring] [           main] o.s.b.a.condition.OnClassCondition       : Condition OnClassCondition on org.springframework.boot.actuate.autoconfigure.cloudfoundry.servlet.CloudFoundryActuatorAutoConfiguration matched due to @ConditionalOnClass found required class 'org.springframework.web.servlet.DispatcherServlet'
2025-01-16T02:20:12.434+02:00 TRACE 25984 --- [FirstSpring] [           main] o.s.b.f.s.DefaultListableBeanFactory     : Returning cached instance of singleton bean 'autoConfigurationReport'
2025-01-16T02:20:12.434+02:00 TRACE 25984 --- [FirstSpring] [           main] o.s.b.a.c.OnWebApplicationCondition      : Condition OnWebApplicationCondition on org.springframework.boot.actuate.autoconfigure.cloudfoundry.servlet.CloudFoundryActuatorAutoConfiguration matched due to found 'session' scope
2025-01-16T02:20:12.434+02:00 TRACE 25984 --- [FirstSpring] [           main] o.s.b.f.s.DefaultListableBeanFactory     : Returning cached instance of singleton bean 'autoConfigurationReport'
2025-01-16T02:20:12.434+02:00 TRACE 25984 --- [FirstSpring] [           main] o.s.b.a.condition.OnPropertyCondition    : Condition OnPropertyCondition on org.springframework.boot.actuate.autoconfigure.cloudfoundry.servlet.CloudFoundryActuatorAutoConfiguration matched due to @ConditionalOnProperty (management.cloudfoundry.enabled) matched
2025-01-16T02:20:12.434+02:00 TRACE 25984 --- [FirstSpring] [           main] o.s.b.f.s.DefaultListableBeanFactory     : Returning cached instance of singleton bean 'autoConfigurationReport'
2025-01-16T02:20:12.435+02:00 TRACE 25984 --- [FirstSpring] [           main] o.s.b.a.c.OnCloudPlatformCondition       : Condition OnCloudPlatformCondition on org.springframework.boot.actuate.autoconfigure.cloudfoundry.servlet.CloudFoundryActuatorAutoConfiguration did not match due to @ConditionalOnCloudPlatform did not find CLOUD_FOUNDRY
2025-01-16T02:20:12.435+02:00 TRACE 25984 --- [FirstSpring] [           main] o.s.b.f.s.DefaultListableBeanFactory     : Returning cached instance of singleton bean 'autoConfigurationReport'
2025-01-16T02:20:12.435+02:00 TRACE 25984 --- [FirstSpring] [           main] o.s.b.f.s.DefaultListableBeanFactory     : Returning cached instance of singleton bean 'autoConfigurationReport'
2025-01-16T02:20:12.435+02:00 TRACE 25984 --- [FirstSpring] [           main] o.s.b.f.s.DefaultListableBeanFactory     : Returning cached instance of singleton bean 'autoConfigurationReport'
2025-01-16T02:20:12.435+02:00 TRACE 25984 --- [FirstSpring] [           main] o.s.b.f.s.DefaultListableBeanFactory     : Returning cached instance of singleton bean 'autoConfigurationReport'
2025-01-16T02:20:12.435+02:00 TRACE 25984 --- [FirstSpring] [           main] o.s.b.f.s.DefaultListableBeanFactory     : Returning cached instance of singleton bean 'autoConfigurationReport'
2025-01-16T02:20:12.435+02:00 TRACE 25984 --- [FirstSpring] [           main] o.s.b.f.s.DefaultListableBeanFactory     : Returning cached instance of singleton bean 'autoConfigurationReport'
2025-01-16T02:20:12.435+02:00 TRACE 25984 --- [FirstSpring] [           main] o.s.b.f.s.DefaultListableBeanFactory     : Returning cached instance of singleton bean 'autoConfigurationReport'
2025-01-16T02:20:12.439+02:00 TRACE 25984 --- [FirstSpring] [           main] s.b.a.a.e.c.OnAvailableEndpointCondition : Condition OnAvailableEndpointCondition on org.springframework.boot.actuate.autoconfigure.condition.ConditionsReportEndpointAutoConfiguration matched due to @ConditionalOnAvailableEndpoint marked as exposed by a 'management.endpoints.web.exposure' property
2025-01-16T02:20:12.439+02:00 TRACE 25984 --- [FirstSpring] [           main] o.s.b.f.s.DefaultListableBeanFactory     : Returning cached instance of singleton bean 'autoConfigurationReport'
2025-01-16T02:20:12.439+02:00 TRACE 25984 --- [FirstSpring] [           main] o.s.b.f.s.DefaultListableBeanFactory     : Returning cached instance of singleton bean 'autoConfigurationReport'
2025-01-16T02:20:12.440+02:00 TRACE 25984 --- [FirstSpring] [           main] o.s.b.f.s.DefaultListableBeanFactory     : Returning cached instance of singleton bean 'autoConfigurationReport'
2025-01-16T02:20:12.440+02:00 TRACE 25984 --- [FirstSpring] [           main] o.s.b.f.s.DefaultListableBeanFactory     : Returning cached instance of singleton bean 'autoConfigurationReport'
2025-01-16T02:20:12.440+02:00 TRACE 25984 --- [FirstSpring] [           main] o.s.b.f.s.DefaultListableBeanFactory     : Returning cached instance of singleton bean 'autoConfigurationReport'
2025-01-16T02:20:12.440+02:00 TRACE 25984 --- [FirstSpring] [           main] o.s.b.f.s.DefaultListableBeanFactory     : Returning cached instance of singleton bean 'autoConfigurationReport'
2025-01-16T02:20:12.440+02:00 TRACE 25984 --- [FirstSpring] [           main] o.s.b.f.s.DefaultListableBeanFactory     : Returning cached instance of singleton bean 'autoConfigurationReport'
2025-01-16T02:20:12.440+02:00 TRACE 25984 --- [FirstSpring] [           main] o.s.b.f.s.DefaultListableBeanFactory     : Returning cached instance of singleton bean 'autoConfigurationReport'
2025-01-16T02:20:12.440+02:00 TRACE 25984 --- [FirstSpring] [           main] o.s.b.f.s.DefaultListableBeanFactory     : Returning cached instance of singleton bean 'autoConfigurationReport'
2025-01-16T02:20:12.440+02:00 TRACE 25984 --- [FirstSpring] [           main] o.s.b.f.s.DefaultListableBeanFactory     : Returning cached instance of singleton bean 'autoConfigurationReport'
2025-01-16T02:20:12.447+02:00 TRACE 25984 --- [FirstSpring] [           main] s.b.a.a.e.c.OnAvailableEndpointCondition : Condition OnAvailableEndpointCondition on org.springframework.boot.actuate.autoconfigure.context.ShutdownEndpointAutoConfiguration did not match due to @ConditionalOnAvailableEndpoint the configured access for endpoint 'shutdown' is NONE
2025-01-16T02:20:12.447+02:00 TRACE 25984 --- [FirstSpring] [           main] o.s.b.f.s.DefaultListableBeanFactory     : Returning cached instance of singleton bean 'autoConfigurationReport'
2025-01-16T02:20:12.447+02:00 TRACE 25984 --- [FirstSpring] [           main] o.s.b.f.s.DefaultListableBeanFactory     : Returning cached instance of singleton bean 'autoConfigurationReport'
2025-01-16T02:20:12.447+02:00 TRACE 25984 --- [FirstSpring] [           main] o.s.b.f.s.DefaultListableBeanFactory     : Returning cached instance of singleton bean 'autoConfigurationReport'
2025-01-16T02:20:12.447+02:00 TRACE 25984 --- [FirstSpring] [           main] o.s.b.f.s.DefaultListableBeanFactory     : Returning cached instance of singleton bean 'autoConfigurationReport'
2025-01-16T02:20:12.447+02:00 TRACE 25984 --- [FirstSpring] [           main] o.s.b.f.s.DefaultListableBeanFactory     : Returning cached instance of singleton bean 'autoConfigurationReport'
2025-01-16T02:20:12.448+02:00 TRACE 25984 --- [FirstSpring] [           main] o.s.b.f.s.DefaultListableBeanFactory     : Returning cached instance of singleton bean 'autoConfigurationReport'
2025-01-16T02:20:12.448+02:00 TRACE 25984 --- [FirstSpring] [           main] o.s.b.f.s.DefaultListableBeanFactory     : Returning cached instance of singleton bean 'autoConfigurationReport'
2025-01-16T02:20:12.451+02:00 TRACE 25984 --- [FirstSpring] [           main] s.b.a.a.e.c.OnAvailableEndpointCondition : Condition OnAvailableEndpointCondition on org.springframework.boot.actuate.autoconfigure.context.properties.ConfigurationPropertiesReportEndpointAutoConfiguration matched due to @ConditionalOnAvailableEndpoint marked as exposed by a 'management.endpoints.web.exposure' property
2025-01-16T02:20:12.452+02:00 TRACE 25984 --- [FirstSpring] [           main] o.s.b.f.s.DefaultListableBeanFactory     : Returning cached instance of singleton bean 'autoConfigurationReport'
2025-01-16T02:20:12.452+02:00 TRACE 25984 --- [FirstSpring] [           main] o.s.b.f.s.DefaultListableBeanFactory     : Returning cached instance of singleton bean 'autoConfigurationReport'
2025-01-16T02:20:12.452+02:00 TRACE 25984 --- [FirstSpring] [           main] o.s.b.f.s.DefaultListableBeanFactory     : Returning cached instance of singleton bean 'autoConfigurationReport'
2025-01-16T02:20:12.452+02:00 TRACE 25984 --- [FirstSpring] [           main] o.s.b.f.s.DefaultListableBeanFactory     : Returning cached instance of singleton bean 'autoConfigurationReport'
2025-01-16T02:20:12.452+02:00 TRACE 25984 --- [FirstSpring] [           main] o.s.b.f.s.DefaultListableBeanFactory     : Returning cached instance of singleton bean 'autoConfigurationReport'
2025-01-16T02:20:12.452+02:00 TRACE 25984 --- [FirstSpring] [           main] o.s.b.f.s.DefaultListableBeanFactory     : Returning cached instance of singleton bean 'autoConfigurationReport'
2025-01-16T02:20:12.452+02:00 TRACE 25984 --- [FirstSpring] [           main] o.s.b.f.s.DefaultListableBeanFactory     : Returning cached instance of singleton bean 'autoConfigurationReport'
2025-01-16T02:20:12.452+02:00 TRACE 25984 --- [FirstSpring] [           main] o.s.b.f.s.DefaultListableBeanFactory     : Returning cached instance of singleton bean 'autoConfigurationReport'
2025-01-16T02:20:12.452+02:00 TRACE 25984 --- [FirstSpring] [           main] o.s.b.f.s.DefaultListableBeanFactory     : Returning cached instance of singleton bean 'autoConfigurationReport'
2025-01-16T02:20:12.452+02:00 TRACE 25984 --- [FirstSpring] [           main] o.s.b.f.s.DefaultListableBeanFactory     : Returning cached instance of singleton bean 'autoConfigurationReport'
2025-01-16T02:20:12.453+02:00 TRACE 25984 --- [FirstSpring] [           main] o.s.b.f.s.DefaultListableBeanFactory     : Returning cached instance of singleton bean 'autoConfigurationReport'
2025-01-16T02:20:12.454+02:00 TRACE 25984 --- [FirstSpring] [           main] o.s.b.f.s.DefaultListableBeanFactory     : Returning cached instance of singleton bean 'autoConfigurationReport'
2025-01-16T02:20:12.454+02:00 TRACE 25984 --- [FirstSpring] [           main] o.s.b.f.s.DefaultListableBeanFactory     : Returning cached instance of singleton bean 'autoConfigurationReport'
2025-01-16T02:20:12.454+02:00 TRACE 25984 --- [FirstSpring] [           main] o.s.b.f.s.DefaultListableBeanFactory     : Returning cached instance of singleton bean 'autoConfigurationReport'
2025-01-16T02:20:12.454+02:00 TRACE 25984 --- [FirstSpring] [           main] o.s.b.f.s.DefaultListableBeanFactory     : Returning cached instance of singleton bean 'autoConfigurationReport'
2025-01-16T02:20:12.454+02:00 TRACE 25984 --- [FirstSpring] [           main] o.s.b.f.s.DefaultListableBeanFactory     : Returning cached instance of singleton bean 'autoConfigurationReport'
2025-01-16T02:20:12.454+02:00 TRACE 25984 --- [FirstSpring] [           main] o.s.b.f.s.DefaultListableBeanFactory     : Returning cached instance of singleton bean 'autoConfigurationReport'
2025-01-16T02:20:12.454+02:00 TRACE 25984 --- [FirstSpring] [           main] o.s.b.f.s.DefaultListableBeanFactory     : Returning cached instance of singleton bean 'autoConfigurationReport'
2025-01-16T02:20:12.454+02:00 TRACE 25984 --- [FirstSpring] [           main] o.s.b.f.s.DefaultListableBeanFactory     : Returning cached instance of singleton bean 'autoConfigurationReport'
2025-01-16T02:20:12.455+02:00 TRACE 25984 --- [FirstSpring] [           main] o.s.b.f.s.DefaultListableBeanFactory     : Returning cached instance of singleton bean 'autoConfigurationReport'
2025-01-16T02:20:12.455+02:00 TRACE 25984 --- [FirstSpring] [           main] o.s.b.f.s.DefaultListableBeanFactory     : Returning cached instance of singleton bean 'autoConfigurationReport'
2025-01-16T02:20:12.455+02:00 TRACE 25984 --- [FirstSpring] [           main] o.s.b.f.s.DefaultListableBeanFactory     : Returning cached instance of singleton bean 'autoConfigurationReport'
2025-01-16T02:20:12.455+02:00 TRACE 25984 --- [FirstSpring] [           main] o.s.b.f.s.DefaultListableBeanFactory     : Returning cached instance of singleton bean 'autoConfigurationReport'
2025-01-16T02:20:12.455+02:00 TRACE 25984 --- [FirstSpring] [           main] o.s.b.f.s.DefaultListableBeanFactory     : Returning cached instance of singleton bean 'autoConfigurationReport'
2025-01-16T02:20:12.455+02:00 TRACE 25984 --- [FirstSpring] [           main] o.s.b.f.s.DefaultListableBeanFactory     : Returning cached instance of singleton bean 'autoConfigurationReport'
2025-01-16T02:20:12.455+02:00 TRACE 25984 --- [FirstSpring] [           main] o.s.b.f.s.DefaultListableBeanFactory     : Returning cached instance of singleton bean 'autoConfigurationReport'
2025-01-16T02:20:12.455+02:00 TRACE 25984 --- [FirstSpring] [           main] o.s.b.f.s.DefaultListableBeanFactory     : Returning cached instance of singleton bean 'autoConfigurationReport'
2025-01-16T02:20:12.455+02:00 TRACE 25984 --- [FirstSpring] [           main] o.s.b.f.s.DefaultListableBeanFactory     : Returning cached instance of singleton bean 'autoConfigurationReport'
2025-01-16T02:20:12.456+02:00 TRACE 25984 --- [FirstSpring] [           main] o.s.b.a.condition.OnClassCondition       : Condition OnClassCondition on org.springframework.boot.autoconfigure.jmx.JmxAutoConfiguration matched due to @ConditionalOnClass found required class 'org.springframework.jmx.export.MBeanExporter'
2025-01-16T02:20:12.456+02:00 TRACE 25984 --- [FirstSpring] [           main] o.s.b.f.s.DefaultListableBeanFactory     : Returning cached instance of singleton bean 'autoConfigurationReport'
2025-01-16T02:20:12.456+02:00 TRACE 25984 --- [FirstSpring] [           main] o.s.b.a.condition.OnPropertyCondition    : Condition OnPropertyCondition on org.springframework.boot.autoconfigure.jmx.JmxAutoConfiguration did not match due to @ConditionalOnProperty (spring.jmx.enabled=true) found different value in property 'enabled'
2025-01-16T02:20:12.456+02:00 TRACE 25984 --- [FirstSpring] [           main] o.s.b.f.s.DefaultListableBeanFactory     : Returning cached instance of singleton bean 'autoConfigurationReport'
2025-01-16T02:20:12.456+02:00 TRACE 25984 --- [FirstSpring] [           main] o.s.b.f.s.DefaultListableBeanFactory     : Returning cached instance of singleton bean 'autoConfigurationReport'
2025-01-16T02:20:12.456+02:00 TRACE 25984 --- [FirstSpring] [           main] o.s.b.f.s.DefaultListableBeanFactory     : Returning cached instance of singleton bean 'autoConfigurationReport'
2025-01-16T02:20:12.456+02:00 TRACE 25984 --- [FirstSpring] [           main] o.s.b.f.s.DefaultListableBeanFactory     : Returning cached instance of singleton bean 'autoConfigurationReport'
2025-01-16T02:20:12.456+02:00 TRACE 25984 --- [FirstSpring] [           main] o.s.b.f.s.DefaultListableBeanFactory     : Returning cached instance of singleton bean 'autoConfigurationReport'
2025-01-16T02:20:12.456+02:00 TRACE 25984 --- [FirstSpring] [           main] o.s.b.f.s.DefaultListableBeanFactory     : Returning cached instance of singleton bean 'autoConfigurationReport'
2025-01-16T02:20:12.456+02:00 TRACE 25984 --- [FirstSpring] [           main] o.s.b.f.s.DefaultListableBeanFactory     : Returning cached instance of singleton bean 'autoConfigurationReport'
2025-01-16T02:20:12.459+02:00 TRACE 25984 --- [FirstSpring] [           main] o.s.b.a.condition.OnPropertyCondition    : Condition OnPropertyCondition on org.springframework.boot.actuate.autoconfigure.endpoint.jmx.JmxEndpointAutoConfiguration did not match due to @ConditionalOnProperty (spring.jmx.enabled=true) found different value in property 'enabled'
2025-01-16T02:20:12.459+02:00 TRACE 25984 --- [FirstSpring] [           main] o.s.b.f.s.DefaultListableBeanFactory     : Returning cached instance of singleton bean 'autoConfigurationReport'
2025-01-16T02:20:12.459+02:00 TRACE 25984 --- [FirstSpring] [           main] o.s.b.f.s.DefaultListableBeanFactory     : Returning cached instance of singleton bean 'autoConfigurationReport'
2025-01-16T02:20:12.461+02:00 TRACE 25984 --- [FirstSpring] [           main] o.s.b.f.s.DefaultListableBeanFactory     : Returning cached instance of singleton bean 'autoConfigurationReport'
2025-01-16T02:20:12.461+02:00 TRACE 25984 --- [FirstSpring] [           main] o.s.b.f.s.DefaultListableBeanFactory     : Returning cached instance of singleton bean 'autoConfigurationReport'
2025-01-16T02:20:12.461+02:00 TRACE 25984 --- [FirstSpring] [           main] o.s.b.f.s.DefaultListableBeanFactory     : Returning cached instance of singleton bean 'autoConfigurationReport'
2025-01-16T02:20:12.461+02:00 TRACE 25984 --- [FirstSpring] [           main] o.s.b.f.s.DefaultListableBeanFactory     : Returning cached instance of singleton bean 'autoConfigurationReport'
2025-01-16T02:20:12.461+02:00 TRACE 25984 --- [FirstSpring] [           main] o.s.b.f.s.DefaultListableBeanFactory     : Returning cached instance of singleton bean 'autoConfigurationReport'
2025-01-16T02:20:12.463+02:00 TRACE 25984 --- [FirstSpring] [           main] o.s.b.a.c.OnWebApplicationCondition      : Condition OnWebApplicationCondition on org.springframework.boot.actuate.autoconfigure.endpoint.web.WebEndpointAutoConfiguration matched due to @ConditionalOnWebApplication (required) found 'session' scope
2025-01-16T02:20:12.463+02:00 TRACE 25984 --- [FirstSpring] [           main] o.s.b.f.s.DefaultListableBeanFactory     : Returning cached instance of singleton bean 'autoConfigurationReport'
2025-01-16T02:20:12.463+02:00 TRACE 25984 --- [FirstSpring] [           main] o.s.b.f.s.DefaultListableBeanFactory     : Returning cached instance of singleton bean 'autoConfigurationReport'
2025-01-16T02:20:12.463+02:00 TRACE 25984 --- [FirstSpring] [           main] o.s.b.f.s.DefaultListableBeanFactory     : Returning cached instance of singleton bean 'autoConfigurationReport'
2025-01-16T02:20:12.463+02:00 TRACE 25984 --- [FirstSpring] [           main] o.s.b.f.s.DefaultListableBeanFactory     : Returning cached instance of singleton bean 'autoConfigurationReport'
2025-01-16T02:20:12.465+02:00 TRACE 25984 --- [FirstSpring] [           main] o.s.b.a.c.OnWebApplicationCondition      : Condition OnWebApplicationCondition on org.springframework.boot.actuate.autoconfigure.endpoint.web.WebEndpointAutoConfiguration$WebEndpointServletConfiguration matched due to found 'session' scope
2025-01-16T02:20:12.465+02:00 TRACE 25984 --- [FirstSpring] [           main] o.s.b.f.s.DefaultListableBeanFactory     : Returning cached instance of singleton bean 'autoConfigurationReport'
2025-01-16T02:20:12.465+02:00 TRACE 25984 --- [FirstSpring] [           main] o.s.b.f.s.DefaultListableBeanFactory     : Returning cached instance of singleton bean 'autoConfigurationReport'
2025-01-16T02:20:12.465+02:00 TRACE 25984 --- [FirstSpring] [           main] o.s.b.f.s.DefaultListableBeanFactory     : Returning cached instance of singleton bean 'autoConfigurationReport'
2025-01-16T02:20:12.465+02:00 TRACE 25984 --- [FirstSpring] [           main] o.s.b.f.s.DefaultListableBeanFactory     : Returning cached instance of singleton bean 'autoConfigurationReport'
2025-01-16T02:20:12.466+02:00 TRACE 25984 --- [FirstSpring] [           main] o.s.b.f.s.DefaultListableBeanFactory     : Returning cached instance of singleton bean 'autoConfigurationReport'
2025-01-16T02:20:12.466+02:00 TRACE 25984 --- [FirstSpring] [           main] o.s.b.f.s.DefaultListableBeanFactory     : Returning cached instance of singleton bean 'autoConfigurationReport'
2025-01-16T02:20:12.466+02:00 TRACE 25984 --- [FirstSpring] [           main] o.s.b.f.s.DefaultListableBeanFactory     : Returning cached instance of singleton bean 'autoConfigurationReport'
2025-01-16T02:20:12.466+02:00 TRACE 25984 --- [FirstSpring] [           main] o.s.b.f.s.DefaultListableBeanFactory     : Returning cached instance of singleton bean 'autoConfigurationReport'
2025-01-16T02:20:12.466+02:00 TRACE 25984 --- [FirstSpring] [           main] o.s.b.f.s.DefaultListableBeanFactory     : Returning cached instance of singleton bean 'autoConfigurationReport'
2025-01-16T02:20:12.466+02:00 TRACE 25984 --- [FirstSpring] [           main] o.s.b.f.s.DefaultListableBeanFactory     : Returning cached instance of singleton bean 'autoConfigurationReport'
2025-01-16T02:20:12.470+02:00 TRACE 25984 --- [FirstSpring] [           main] s.b.a.a.e.c.OnAvailableEndpointCondition : Condition OnAvailableEndpointCondition on org.springframework.boot.actuate.autoconfigure.env.EnvironmentEndpointAutoConfiguration matched due to @ConditionalOnAvailableEndpoint marked as exposed by a 'management.endpoints.web.exposure' property
2025-01-16T02:20:12.470+02:00 TRACE 25984 --- [FirstSpring] [           main] o.s.b.f.s.DefaultListableBeanFactory     : Returning cached instance of singleton bean 'autoConfigurationReport'
2025-01-16T02:20:12.471+02:00 TRACE 25984 --- [FirstSpring] [           main] o.s.b.f.s.DefaultListableBeanFactory     : Returning cached instance of singleton bean 'autoConfigurationReport'
2025-01-16T02:20:12.471+02:00 TRACE 25984 --- [FirstSpring] [           main] o.s.b.f.s.DefaultListableBeanFactory     : Returning cached instance of singleton bean 'autoConfigurationReport'
2025-01-16T02:20:12.471+02:00 TRACE 25984 --- [FirstSpring] [           main] o.s.b.f.s.DefaultListableBeanFactory     : Returning cached instance of singleton bean 'autoConfigurationReport'
2025-01-16T02:20:12.471+02:00 TRACE 25984 --- [FirstSpring] [           main] o.s.b.f.s.DefaultListableBeanFactory     : Returning cached instance of singleton bean 'autoConfigurationReport'
2025-01-16T02:20:12.471+02:00 TRACE 25984 --- [FirstSpring] [           main] o.s.b.f.s.DefaultListableBeanFactory     : Returning cached instance of singleton bean 'autoConfigurationReport'
2025-01-16T02:20:12.471+02:00 TRACE 25984 --- [FirstSpring] [           main] o.s.b.f.s.DefaultListableBeanFactory     : Returning cached instance of singleton bean 'autoConfigurationReport'
2025-01-16T02:20:12.472+02:00 TRACE 25984 --- [FirstSpring] [           main] o.s.b.f.s.DefaultListableBeanFactory     : Returning cached instance of singleton bean 'autoConfigurationReport'
2025-01-16T02:20:12.472+02:00 TRACE 25984 --- [FirstSpring] [           main] o.s.b.f.s.DefaultListableBeanFactory     : Returning cached instance of singleton bean 'autoConfigurationReport'
2025-01-16T02:20:12.472+02:00 TRACE 25984 --- [FirstSpring] [           main] o.s.b.f.s.DefaultListableBeanFactory     : Returning cached instance of singleton bean 'autoConfigurationReport'
2025-01-16T02:20:12.499+02:00 TRACE 25984 --- [FirstSpring] [           main] .a.a.h.OnEnabledHealthIndicatorCondition : Condition OnEnabledHealthIndicatorCondition on org.springframework.boot.actuate.autoconfigure.ssl.SslHealthContributorAutoConfiguration matched due to @ConditionalOnEnabledHealthIndicator management.health.defaults.enabled is considered true
2025-01-16T02:20:12.499+02:00 TRACE 25984 --- [FirstSpring] [           main] o.s.b.f.s.DefaultListableBeanFactory     : Returning cached instance of singleton bean 'autoConfigurationReport'
2025-01-16T02:20:12.499+02:00 TRACE 25984 --- [FirstSpring] [           main] o.s.b.f.s.DefaultListableBeanFactory     : Returning cached instance of singleton bean 'autoConfigurationReport'
2025-01-16T02:20:12.499+02:00 TRACE 25984 --- [FirstSpring] [           main] o.s.b.f.s.DefaultListableBeanFactory     : Returning cached instance of singleton bean 'autoConfigurationReport'
2025-01-16T02:20:12.499+02:00 TRACE 25984 --- [FirstSpring] [           main] o.s.b.f.s.DefaultListableBeanFactory     : Returning cached instance of singleton bean 'autoConfigurationReport'
2025-01-16T02:20:12.502+02:00 TRACE 25984 --- [FirstSpring] [           main] o.s.b.f.s.DefaultListableBeanFactory     : Returning cached instance of singleton bean 'autoConfigurationReport'
2025-01-16T02:20:12.502+02:00 TRACE 25984 --- [FirstSpring] [           main] o.s.b.f.s.DefaultListableBeanFactory     : Returning cached instance of singleton bean 'autoConfigurationReport'
2025-01-16T02:20:12.502+02:00 TRACE 25984 --- [FirstSpring] [           main] o.s.b.f.s.DefaultListableBeanFactory     : Returning cached instance of singleton bean 'autoConfigurationReport'
2025-01-16T02:20:12.502+02:00 TRACE 25984 --- [FirstSpring] [           main] o.s.b.f.s.DefaultListableBeanFactory     : Returning cached instance of singleton bean 'autoConfigurationReport'
2025-01-16T02:20:12.502+02:00 TRACE 25984 --- [FirstSpring] [           main] o.s.b.f.s.DefaultListableBeanFactory     : Returning cached instance of singleton bean 'autoConfigurationReport'
2025-01-16T02:20:12.502+02:00 TRACE 25984 --- [FirstSpring] [           main] o.s.b.f.s.DefaultListableBeanFactory     : Returning cached instance of singleton bean 'autoConfigurationReport'
2025-01-16T02:20:12.503+02:00 TRACE 25984 --- [FirstSpring] [           main] .a.a.h.OnEnabledHealthIndicatorCondition : Condition OnEnabledHealthIndicatorCondition on org.springframework.boot.actuate.autoconfigure.system.DiskSpaceHealthContributorAutoConfiguration matched due to @ConditionalOnEnabledHealthIndicator management.health.defaults.enabled is considered true
2025-01-16T02:20:12.503+02:00 TRACE 25984 --- [FirstSpring] [           main] o.s.b.f.s.DefaultListableBeanFactory     : Returning cached instance of singleton bean 'autoConfigurationReport'
2025-01-16T02:20:12.504+02:00 TRACE 25984 --- [FirstSpring] [           main] o.s.b.f.s.DefaultListableBeanFactory     : Returning cached instance of singleton bean 'autoConfigurationReport'
2025-01-16T02:20:12.504+02:00 TRACE 25984 --- [FirstSpring] [           main] o.s.b.f.s.DefaultListableBeanFactory     : Returning cached instance of singleton bean 'autoConfigurationReport'
2025-01-16T02:20:12.504+02:00 TRACE 25984 --- [FirstSpring] [           main] o.s.b.f.s.DefaultListableBeanFactory     : Returning cached instance of singleton bean 'autoConfigurationReport'
2025-01-16T02:20:12.504+02:00 TRACE 25984 --- [FirstSpring] [           main] o.s.b.f.s.DefaultListableBeanFactory     : Returning cached instance of singleton bean 'autoConfigurationReport'
2025-01-16T02:20:12.504+02:00 TRACE 25984 --- [FirstSpring] [           main] o.s.b.f.s.DefaultListableBeanFactory     : Returning cached instance of singleton bean 'autoConfigurationReport'
2025-01-16T02:20:12.504+02:00 TRACE 25984 --- [FirstSpring] [           main] o.s.b.f.s.DefaultListableBeanFactory     : Returning cached instance of singleton bean 'autoConfigurationReport'
2025-01-16T02:20:12.504+02:00 TRACE 25984 --- [FirstSpring] [           main] o.s.b.f.s.DefaultListableBeanFactory     : Returning cached instance of singleton bean 'autoConfigurationReport'
2025-01-16T02:20:12.504+02:00 TRACE 25984 --- [FirstSpring] [           main] o.s.b.f.s.DefaultListableBeanFactory     : Returning cached instance of singleton bean 'autoConfigurationReport'
2025-01-16T02:20:12.504+02:00 TRACE 25984 --- [FirstSpring] [           main] o.s.b.f.s.DefaultListableBeanFactory     : Returning cached instance of singleton bean 'autoConfigurationReport'
2025-01-16T02:20:12.505+02:00 TRACE 25984 --- [FirstSpring] [           main] o.s.b.f.s.DefaultListableBeanFactory     : Returning cached instance of singleton bean 'autoConfigurationReport'
2025-01-16T02:20:12.505+02:00 TRACE 25984 --- [FirstSpring] [           main] o.s.b.f.s.DefaultListableBeanFactory     : Returning cached instance of singleton bean 'autoConfigurationReport'
2025-01-16T02:20:12.505+02:00 TRACE 25984 --- [FirstSpring] [           main] o.s.b.f.s.DefaultListableBeanFactory     : Returning cached instance of singleton bean 'autoConfigurationReport'
2025-01-16T02:20:12.505+02:00 TRACE 25984 --- [FirstSpring] [           main] o.s.b.f.s.DefaultListableBeanFactory     : Returning cached instance of singleton bean 'autoConfigurationReport'
2025-01-16T02:20:12.505+02:00 TRACE 25984 --- [FirstSpring] [           main] o.s.b.f.s.DefaultListableBeanFactory     : Returning cached instance of singleton bean 'autoConfigurationReport'
2025-01-16T02:20:12.505+02:00 TRACE 25984 --- [FirstSpring] [           main] o.s.b.f.s.DefaultListableBeanFactory     : Returning cached instance of singleton bean 'autoConfigurationReport'
2025-01-16T02:20:12.505+02:00 TRACE 25984 --- [FirstSpring] [           main] o.s.b.f.s.DefaultListableBeanFactory     : Returning cached instance of singleton bean 'autoConfigurationReport'
2025-01-16T02:20:12.505+02:00 TRACE 25984 --- [FirstSpring] [           main] o.s.b.f.s.DefaultListableBeanFactory     : Returning cached instance of singleton bean 'autoConfigurationReport'
2025-01-16T02:20:12.505+02:00 TRACE 25984 --- [FirstSpring] [           main] o.s.b.f.s.DefaultListableBeanFactory     : Returning cached instance of singleton bean 'autoConfigurationReport'
2025-01-16T02:20:12.521+02:00 TRACE 25984 --- [FirstSpring] [           main] s.b.a.a.e.c.OnAvailableEndpointCondition : Condition OnAvailableEndpointCondition on org.springframework.boot.actuate.autoconfigure.logging.LogFileWebEndpointAutoConfiguration matched due to @ConditionalOnAvailableEndpoint marked as exposed by a 'management.endpoints.web.exposure' property
2025-01-16T02:20:12.521+02:00 TRACE 25984 --- [FirstSpring] [           main] o.s.b.f.s.DefaultListableBeanFactory     : Returning cached instance of singleton bean 'autoConfigurationReport'
2025-01-16T02:20:12.521+02:00 TRACE 25984 --- [FirstSpring] [           main] o.s.b.f.s.DefaultListableBeanFactory     : Returning cached instance of singleton bean 'autoConfigurationReport'
2025-01-16T02:20:12.521+02:00 TRACE 25984 --- [FirstSpring] [           main] o.s.b.f.s.DefaultListableBeanFactory     : Returning cached instance of singleton bean 'autoConfigurationReport'
2025-01-16T02:20:12.521+02:00 TRACE 25984 --- [FirstSpring] [           main] o.s.b.f.s.DefaultListableBeanFactory     : Returning cached instance of singleton bean 'autoConfigurationReport'
2025-01-16T02:20:12.525+02:00 TRACE 25984 --- [FirstSpring] [           main] o.s.b.f.s.DefaultListableBeanFactory     : Returning cached instance of singleton bean 'autoConfigurationReport'
2025-01-16T02:20:12.525+02:00 TRACE 25984 --- [FirstSpring] [           main] o.s.b.f.s.DefaultListableBeanFactory     : Returning cached instance of singleton bean 'autoConfigurationReport'
2025-01-16T02:20:12.525+02:00 TRACE 25984 --- [FirstSpring] [           main] o.s.b.f.s.DefaultListableBeanFactory     : Returning cached instance of singleton bean 'autoConfigurationReport'
2025-01-16T02:20:12.525+02:00 TRACE 25984 --- [FirstSpring] [           main] o.s.b.f.s.DefaultListableBeanFactory     : Returning cached instance of singleton bean 'autoConfigurationReport'
2025-01-16T02:20:12.525+02:00 TRACE 25984 --- [FirstSpring] [           main] o.s.b.f.s.DefaultListableBeanFactory     : Returning cached instance of singleton bean 'autoConfigurationReport'
2025-01-16T02:20:12.525+02:00 TRACE 25984 --- [FirstSpring] [           main] o.s.b.f.s.DefaultListableBeanFactory     : Returning cached instance of singleton bean 'autoConfigurationReport'
2025-01-16T02:20:12.540+02:00 TRACE 25984 --- [FirstSpring] [           main] s.b.a.a.e.c.OnAvailableEndpointCondition : Condition OnAvailableEndpointCondition on org.springframework.boot.actuate.autoconfigure.logging.LoggersEndpointAutoConfiguration matched due to @ConditionalOnAvailableEndpoint marked as exposed by a 'management.endpoints.web.exposure' property
2025-01-16T02:20:12.540+02:00 TRACE 25984 --- [FirstSpring] [           main] o.s.b.f.s.DefaultListableBeanFactory     : Returning cached instance of singleton bean 'autoConfigurationReport'
2025-01-16T02:20:12.541+02:00 TRACE 25984 --- [FirstSpring] [           main] o.s.b.f.s.DefaultListableBeanFactory     : Returning cached instance of singleton bean 'autoConfigurationReport'
2025-01-16T02:20:12.541+02:00 TRACE 25984 --- [FirstSpring] [           main] o.s.b.f.s.DefaultListableBeanFactory     : Returning cached instance of singleton bean 'autoConfigurationReport'
2025-01-16T02:20:12.541+02:00 TRACE 25984 --- [FirstSpring] [           main] o.s.b.f.s.DefaultListableBeanFactory     : Returning cached instance of singleton bean 'autoConfigurationReport'
2025-01-16T02:20:12.543+02:00 TRACE 25984 --- [FirstSpring] [           main] o.s.b.f.s.DefaultListableBeanFactory     : Returning cached instance of singleton bean 'autoConfigurationReport'
2025-01-16T02:20:12.544+02:00 TRACE 25984 --- [FirstSpring] [           main] o.s.b.f.s.DefaultListableBeanFactory     : Returning cached instance of singleton bean 'autoConfigurationReport'
2025-01-16T02:20:12.544+02:00 TRACE 25984 --- [FirstSpring] [           main] o.s.b.f.s.DefaultListableBeanFactory     : Returning cached instance of singleton bean 'autoConfigurationReport'
2025-01-16T02:20:12.544+02:00 TRACE 25984 --- [FirstSpring] [           main] o.s.b.f.s.DefaultListableBeanFactory     : Returning cached instance of singleton bean 'autoConfigurationReport'
2025-01-16T02:20:12.544+02:00 TRACE 25984 --- [FirstSpring] [           main] o.s.b.f.s.DefaultListableBeanFactory     : Returning cached instance of singleton bean 'autoConfigurationReport'
2025-01-16T02:20:12.544+02:00 TRACE 25984 --- [FirstSpring] [           main] o.s.b.f.s.DefaultListableBeanFactory     : Returning cached instance of singleton bean 'autoConfigurationReport'
2025-01-16T02:20:12.548+02:00 TRACE 25984 --- [FirstSpring] [           main] s.b.a.a.e.c.OnAvailableEndpointCondition : Condition OnAvailableEndpointCondition on org.springframework.boot.actuate.autoconfigure.management.HeapDumpWebEndpointAutoConfiguration matched due to @ConditionalOnAvailableEndpoint marked as exposed by a 'management.endpoints.web.exposure' property
2025-01-16T02:20:12.548+02:00 TRACE 25984 --- [FirstSpring] [           main] o.s.b.f.s.DefaultListableBeanFactory     : Returning cached instance of singleton bean 'autoConfigurationReport'
2025-01-16T02:20:12.548+02:00 TRACE 25984 --- [FirstSpring] [           main] o.s.b.f.s.DefaultListableBeanFactory     : Returning cached instance of singleton bean 'autoConfigurationReport'
2025-01-16T02:20:12.548+02:00 TRACE 25984 --- [FirstSpring] [           main] o.s.b.f.s.DefaultListableBeanFactory     : Returning cached instance of singleton bean 'autoConfigurationReport'
2025-01-16T02:20:12.548+02:00 TRACE 25984 --- [FirstSpring] [           main] o.s.b.f.s.DefaultListableBeanFactory     : Returning cached instance of singleton bean 'autoConfigurationReport'
2025-01-16T02:20:12.549+02:00 TRACE 25984 --- [FirstSpring] [           main] o.s.b.f.s.DefaultListableBeanFactory     : Returning cached instance of singleton bean 'autoConfigurationReport'
2025-01-16T02:20:12.549+02:00 TRACE 25984 --- [FirstSpring] [           main] o.s.b.f.s.DefaultListableBeanFactory     : Returning cached instance of singleton bean 'autoConfigurationReport'
2025-01-16T02:20:12.549+02:00 TRACE 25984 --- [FirstSpring] [           main] o.s.b.f.s.DefaultListableBeanFactory     : Returning cached instance of singleton bean 'autoConfigurationReport'
2025-01-16T02:20:12.549+02:00 TRACE 25984 --- [FirstSpring] [           main] o.s.b.f.s.DefaultListableBeanFactory     : Returning cached instance of singleton bean 'autoConfigurationReport'
2025-01-16T02:20:12.549+02:00 TRACE 25984 --- [FirstSpring] [           main] o.s.b.f.s.DefaultListableBeanFactory     : Returning cached instance of singleton bean 'autoConfigurationReport'
2025-01-16T02:20:12.549+02:00 TRACE 25984 --- [FirstSpring] [           main] o.s.b.f.s.DefaultListableBeanFactory     : Returning cached instance of singleton bean 'autoConfigurationReport'
2025-01-16T02:20:12.570+02:00 TRACE 25984 --- [FirstSpring] [           main] s.b.a.a.e.c.OnAvailableEndpointCondition : Condition OnAvailableEndpointCondition on org.springframework.boot.actuate.autoconfigure.management.ThreadDumpEndpointAutoConfiguration matched due to @ConditionalOnAvailableEndpoint marked as exposed by a 'management.endpoints.web.exposure' property
2025-01-16T02:20:12.570+02:00 TRACE 25984 --- [FirstSpring] [           main] o.s.b.f.s.DefaultListableBeanFactory     : Returning cached instance of singleton bean 'autoConfigurationReport'
2025-01-16T02:20:12.570+02:00 TRACE 25984 --- [FirstSpring] [           main] o.s.b.f.s.DefaultListableBeanFactory     : Returning cached instance of singleton bean 'autoConfigurationReport'
2025-01-16T02:20:12.570+02:00 TRACE 25984 --- [FirstSpring] [           main] o.s.b.f.s.DefaultListableBeanFactory     : Returning cached instance of singleton bean 'autoConfigurationReport'
2025-01-16T02:20:12.570+02:00 TRACE 25984 --- [FirstSpring] [           main] o.s.b.f.s.DefaultListableBeanFactory     : Returning cached instance of singleton bean 'autoConfigurationReport'
2025-01-16T02:20:12.572+02:00 TRACE 25984 --- [FirstSpring] [           main] o.s.b.f.s.DefaultListableBeanFactory     : Returning cached instance of singleton bean 'autoConfigurationReport'
2025-01-16T02:20:12.574+02:00 TRACE 25984 --- [FirstSpring] [           main] o.s.b.f.s.DefaultListableBeanFactory     : Returning cached instance of singleton bean 'autoConfigurationReport'
2025-01-16T02:20:12.574+02:00 TRACE 25984 --- [FirstSpring] [           main] o.s.b.f.s.DefaultListableBeanFactory     : Returning cached instance of singleton bean 'autoConfigurationReport'
2025-01-16T02:20:12.574+02:00 TRACE 25984 --- [FirstSpring] [           main] o.s.b.f.s.DefaultListableBeanFactory     : Returning cached instance of singleton bean 'autoConfigurationReport'
2025-01-16T02:20:12.574+02:00 TRACE 25984 --- [FirstSpring] [           main] o.s.b.f.s.DefaultListableBeanFactory     : Returning cached instance of singleton bean 'autoConfigurationReport'
2025-01-16T02:20:12.574+02:00 TRACE 25984 --- [FirstSpring] [           main] o.s.b.f.s.DefaultListableBeanFactory     : Returning cached instance of singleton bean 'autoConfigurationReport'
2025-01-16T02:20:12.575+02:00 TRACE 25984 --- [FirstSpring] [           main] o.s.b.a.condition.OnClassCondition       : Condition OnClassCondition on org.springframework.boot.actuate.autoconfigure.metrics.MetricsAutoConfiguration matched due to @ConditionalOnClass found required class 'io.micrometer.core.annotation.Timed'
2025-01-16T02:20:12.575+02:00 TRACE 25984 --- [FirstSpring] [           main] o.s.b.f.s.DefaultListableBeanFactory     : Returning cached instance of singleton bean 'autoConfigurationReport'
2025-01-16T02:20:12.576+02:00 TRACE 25984 --- [FirstSpring] [           main] o.s.b.f.s.DefaultListableBeanFactory     : Returning cached instance of singleton bean 'autoConfigurationReport'
2025-01-16T02:20:12.576+02:00 TRACE 25984 --- [FirstSpring] [           main] o.s.b.f.s.DefaultListableBeanFactory     : Returning cached instance of singleton bean 'autoConfigurationReport'
2025-01-16T02:20:12.576+02:00 TRACE 25984 --- [FirstSpring] [           main] o.s.b.f.s.DefaultListableBeanFactory     : Returning cached instance of singleton bean 'autoConfigurationReport'
2025-01-16T02:20:12.579+02:00 TRACE 25984 --- [FirstSpring] [           main] o.s.b.f.s.DefaultListableBeanFactory     : Returning cached instance of singleton bean 'autoConfigurationReport'
2025-01-16T02:20:12.579+02:00 TRACE 25984 --- [FirstSpring] [           main] o.s.b.f.s.DefaultListableBeanFactory     : Returning cached instance of singleton bean 'autoConfigurationReport'
2025-01-16T02:20:12.579+02:00 TRACE 25984 --- [FirstSpring] [           main] o.s.b.f.s.DefaultListableBeanFactory     : Returning cached instance of singleton bean 'autoConfigurationReport'
2025-01-16T02:20:12.579+02:00 TRACE 25984 --- [FirstSpring] [           main] o.s.b.f.s.DefaultListableBeanFactory     : Returning cached instance of singleton bean 'autoConfigurationReport'
2025-01-16T02:20:12.579+02:00 TRACE 25984 --- [FirstSpring] [           main] o.s.b.f.s.DefaultListableBeanFactory     : Returning cached instance of singleton bean 'autoConfigurationReport'
2025-01-16T02:20:12.579+02:00 TRACE 25984 --- [FirstSpring] [           main] o.s.b.f.s.DefaultListableBeanFactory     : Returning cached instance of singleton bean 'autoConfigurationReport'
2025-01-16T02:20:12.584+02:00 TRACE 25984 --- [FirstSpring] [           main] .a.a.m.e.OnMetricsExportEnabledCondition : Condition OnMetricsExportEnabledCondition on org.springframework.boot.actuate.autoconfigure.metrics.export.simple.SimpleMetricsExportAutoConfiguration matched due to @ConditionalOnEnabledMetricsExport management.simple.metrics.export.enabled is true
2025-01-16T02:20:12.584+02:00 TRACE 25984 --- [FirstSpring] [           main] o.s.b.f.s.DefaultListableBeanFactory     : Returning cached instance of singleton bean 'autoConfigurationReport'
2025-01-16T02:20:12.584+02:00 TRACE 25984 --- [FirstSpring] [           main] o.s.b.f.s.DefaultListableBeanFactory     : Returning cached instance of singleton bean 'autoConfigurationReport'
2025-01-16T02:20:12.584+02:00 TRACE 25984 --- [FirstSpring] [           main] o.s.b.f.s.DefaultListableBeanFactory     : Returning cached instance of singleton bean 'autoConfigurationReport'
2025-01-16T02:20:12.584+02:00 TRACE 25984 --- [FirstSpring] [           main] o.s.b.f.s.DefaultListableBeanFactory     : Returning cached instance of singleton bean 'autoConfigurationReport'
2025-01-16T02:20:12.585+02:00 TRACE 25984 --- [FirstSpring] [           main] o.s.b.f.s.DefaultListableBeanFactory     : Returning cached instance of singleton bean 'autoConfigurationReport'
2025-01-16T02:20:12.585+02:00 TRACE 25984 --- [FirstSpring] [           main] o.s.b.f.s.DefaultListableBeanFactory     : Returning cached instance of singleton bean 'autoConfigurationReport'
2025-01-16T02:20:12.585+02:00 TRACE 25984 --- [FirstSpring] [           main] o.s.b.f.s.DefaultListableBeanFactory     : Returning cached instance of singleton bean 'autoConfigurationReport'
2025-01-16T02:20:12.585+02:00 TRACE 25984 --- [FirstSpring] [           main] o.s.b.f.s.DefaultListableBeanFactory     : Returning cached instance of singleton bean 'autoConfigurationReport'
2025-01-16T02:20:12.585+02:00 TRACE 25984 --- [FirstSpring] [           main] o.s.b.f.s.DefaultListableBeanFactory     : Returning cached instance of singleton bean 'autoConfigurationReport'
2025-01-16T02:20:12.585+02:00 TRACE 25984 --- [FirstSpring] [           main] o.s.b.f.s.DefaultListableBeanFactory     : Returning cached instance of singleton bean 'autoConfigurationReport'
2025-01-16T02:20:12.587+02:00 TRACE 25984 --- [FirstSpring] [           main] o.s.b.a.condition.OnClassCondition       : Condition OnClassCondition on org.springframework.boot.actuate.autoconfigure.metrics.CompositeMeterRegistryAutoConfiguration matched due to @ConditionalOnClass found required class 'io.micrometer.core.instrument.composite.CompositeMeterRegistry'
2025-01-16T02:20:12.587+02:00 TRACE 25984 --- [FirstSpring] [           main] o.s.b.f.s.DefaultListableBeanFactory     : Returning cached instance of singleton bean 'autoConfigurationReport'
2025-01-16T02:20:12.587+02:00 TRACE 25984 --- [FirstSpring] [           main] o.s.b.f.s.DefaultListableBeanFactory     : Returning cached instance of singleton bean 'autoConfigurationReport'
2025-01-16T02:20:12.587+02:00 TRACE 25984 --- [FirstSpring] [           main] o.s.b.f.s.DefaultListableBeanFactory     : Returning cached instance of singleton bean 'autoConfigurationReport'
2025-01-16T02:20:12.587+02:00 TRACE 25984 --- [FirstSpring] [           main] o.s.b.f.s.DefaultListableBeanFactory     : Returning cached instance of singleton bean 'autoConfigurationReport'
2025-01-16T02:20:12.589+02:00 TRACE 25984 --- [FirstSpring] [           main] o.s.b.f.s.DefaultListableBeanFactory     : Returning cached instance of singleton bean 'autoConfigurationReport'
2025-01-16T02:20:12.590+02:00 TRACE 25984 --- [FirstSpring] [           main] o.s.b.f.s.DefaultListableBeanFactory     : Returning cached instance of singleton bean 'autoConfigurationReport'
2025-01-16T02:20:12.590+02:00 TRACE 25984 --- [FirstSpring] [           main] o.s.b.f.s.DefaultListableBeanFactory     : Returning cached instance of singleton bean 'autoConfigurationReport'
2025-01-16T02:20:12.592+02:00 TRACE 25984 --- [FirstSpring] [           main] o.s.b.f.s.DefaultListableBeanFactory     : Returning cached instance of singleton bean 'autoConfigurationReport'
2025-01-16T02:20:12.592+02:00 TRACE 25984 --- [FirstSpring] [           main] o.s.b.f.s.DefaultListableBeanFactory     : Returning cached instance of singleton bean 'autoConfigurationReport'
2025-01-16T02:20:12.592+02:00 TRACE 25984 --- [FirstSpring] [           main] o.s.b.f.s.DefaultListableBeanFactory     : Returning cached instance of singleton bean 'autoConfigurationReport'
2025-01-16T02:20:12.593+02:00 TRACE 25984 --- [FirstSpring] [           main] o.s.b.f.s.DefaultListableBeanFactory     : Returning cached instance of singleton bean 'autoConfigurationReport'
2025-01-16T02:20:12.593+02:00 TRACE 25984 --- [FirstSpring] [           main] o.s.b.f.s.DefaultListableBeanFactory     : Returning cached instance of singleton bean 'autoConfigurationReport'
2025-01-16T02:20:12.593+02:00 TRACE 25984 --- [FirstSpring] [           main] o.s.b.f.s.DefaultListableBeanFactory     : Returning cached instance of singleton bean 'autoConfigurationReport'
2025-01-16T02:20:12.593+02:00 TRACE 25984 --- [FirstSpring] [           main] o.s.b.f.s.DefaultListableBeanFactory     : Returning cached instance of singleton bean 'autoConfigurationReport'
2025-01-16T02:20:12.593+02:00 TRACE 25984 --- [FirstSpring] [           main] o.s.b.f.s.DefaultListableBeanFactory     : Returning cached instance of singleton bean 'autoConfigurationReport'
2025-01-16T02:20:12.593+02:00 TRACE 25984 --- [FirstSpring] [           main] o.s.b.f.s.DefaultListableBeanFactory     : Returning cached instance of singleton bean 'autoConfigurationReport'
2025-01-16T02:20:12.595+02:00 TRACE 25984 --- [FirstSpring] [           main] o.s.b.a.condition.OnClassCondition       : Condition OnClassCondition on org.springframework.boot.actuate.autoconfigure.metrics.JvmMetricsAutoConfiguration matched due to @ConditionalOnClass found required class 'io.micrometer.core.instrument.MeterRegistry'
2025-01-16T02:20:12.595+02:00 TRACE 25984 --- [FirstSpring] [           main] o.s.b.f.s.DefaultListableBeanFactory     : Returning cached instance of singleton bean 'autoConfigurationReport'
2025-01-16T02:20:12.595+02:00 TRACE 25984 --- [FirstSpring] [           main] o.s.b.f.s.DefaultListableBeanFactory     : Returning cached instance of singleton bean 'autoConfigurationReport'
2025-01-16T02:20:12.595+02:00 TRACE 25984 --- [FirstSpring] [           main] o.s.b.f.s.DefaultListableBeanFactory     : Returning cached instance of singleton bean 'autoConfigurationReport'
2025-01-16T02:20:12.595+02:00 TRACE 25984 --- [FirstSpring] [           main] o.s.b.f.s.DefaultListableBeanFactory     : Returning cached instance of singleton bean 'autoConfigurationReport'
2025-01-16T02:20:12.595+02:00 TRACE 25984 --- [FirstSpring] [           main] o.s.b.f.s.DefaultListableBeanFactory     : Returning cached instance of singleton bean 'autoConfigurationReport'
2025-01-16T02:20:12.595+02:00 TRACE 25984 --- [FirstSpring] [           main] o.s.b.f.s.DefaultListableBeanFactory     : Returning cached instance of singleton bean 'autoConfigurationReport'
2025-01-16T02:20:12.595+02:00 TRACE 25984 --- [FirstSpring] [           main] o.s.b.f.s.DefaultListableBeanFactory     : Returning cached instance of singleton bean 'autoConfigurationReport'
2025-01-16T02:20:12.595+02:00 TRACE 25984 --- [FirstSpring] [           main] o.s.b.f.s.DefaultListableBeanFactory     : Returning cached instance of singleton bean 'autoConfigurationReport'
2025-01-16T02:20:12.595+02:00 TRACE 25984 --- [FirstSpring] [           main] o.s.b.f.s.DefaultListableBeanFactory     : Returning cached instance of singleton bean 'autoConfigurationReport'
2025-01-16T02:20:12.595+02:00 TRACE 25984 --- [FirstSpring] [           main] o.s.b.f.s.DefaultListableBeanFactory     : Returning cached instance of singleton bean 'autoConfigurationReport'
2025-01-16T02:20:12.597+02:00 TRACE 25984 --- [FirstSpring] [           main] o.s.b.a.condition.OnClassCondition       : Condition OnClassCondition on org.springframework.boot.actuate.autoconfigure.metrics.LogbackMetricsAutoConfiguration matched due to @ConditionalOnClass found required classes 'io.micrometer.core.instrument.MeterRegistry', 'ch.qos.logback.classic.LoggerContext', 'org.slf4j.LoggerFactory'
2025-01-16T02:20:12.597+02:00 TRACE 25984 --- [FirstSpring] [           main] o.s.b.f.s.DefaultListableBeanFactory     : Returning cached instance of singleton bean 'autoConfigurationReport'
2025-01-16T02:20:12.597+02:00 TRACE 25984 --- [FirstSpring] [           main] utoConfiguration$LogbackLoggingCondition : Condition LogbackMetricsAutoConfiguration.LogbackLoggingCondition on org.springframework.boot.actuate.autoconfigure.metrics.LogbackMetricsAutoConfiguration matched due to LogbackLoggingCondition ILoggerFactory is a Logback LoggerContext
2025-01-16T02:20:12.597+02:00 TRACE 25984 --- [FirstSpring] [           main] o.s.b.f.s.DefaultListableBeanFactory     : Returning cached instance of singleton bean 'autoConfigurationReport'
2025-01-16T02:20:12.597+02:00 TRACE 25984 --- [FirstSpring] [           main] o.s.b.f.s.DefaultListableBeanFactory     : Returning cached instance of singleton bean 'autoConfigurationReport'
2025-01-16T02:20:12.597+02:00 TRACE 25984 --- [FirstSpring] [           main] o.s.b.f.s.DefaultListableBeanFactory     : Returning cached instance of singleton bean 'autoConfigurationReport'
2025-01-16T02:20:12.597+02:00 TRACE 25984 --- [FirstSpring] [           main] o.s.b.f.s.DefaultListableBeanFactory     : Returning cached instance of singleton bean 'autoConfigurationReport'
2025-01-16T02:20:12.598+02:00 TRACE 25984 --- [FirstSpring] [           main] o.s.b.f.s.DefaultListableBeanFactory     : Returning cached instance of singleton bean 'autoConfigurationReport'
2025-01-16T02:20:12.598+02:00 TRACE 25984 --- [FirstSpring] [           main] o.s.b.f.s.DefaultListableBeanFactory     : Returning cached instance of singleton bean 'autoConfigurationReport'
2025-01-16T02:20:12.598+02:00 TRACE 25984 --- [FirstSpring] [           main] o.s.b.f.s.DefaultListableBeanFactory     : Returning cached instance of singleton bean 'autoConfigurationReport'
2025-01-16T02:20:12.598+02:00 TRACE 25984 --- [FirstSpring] [           main] o.s.b.f.s.DefaultListableBeanFactory     : Returning cached instance of singleton bean 'autoConfigurationReport'
2025-01-16T02:20:12.599+02:00 TRACE 25984 --- [FirstSpring] [           main] o.s.b.f.s.DefaultListableBeanFactory     : Returning cached instance of singleton bean 'autoConfigurationReport'
2025-01-16T02:20:12.599+02:00 TRACE 25984 --- [FirstSpring] [           main] o.s.b.f.s.DefaultListableBeanFactory     : Returning cached instance of singleton bean 'autoConfigurationReport'
2025-01-16T02:20:12.600+02:00 TRACE 25984 --- [FirstSpring] [           main] o.s.b.a.condition.OnClassCondition       : Condition OnClassCondition on org.springframework.boot.actuate.autoconfigure.metrics.MetricsEndpointAutoConfiguration matched due to @ConditionalOnClass found required class 'io.micrometer.core.annotation.Timed'
2025-01-16T02:20:12.601+02:00 TRACE 25984 --- [FirstSpring] [           main] o.s.b.f.s.DefaultListableBeanFactory     : Returning cached instance of singleton bean 'autoConfigurationReport'
2025-01-16T02:20:12.602+02:00 TRACE 25984 --- [FirstSpring] [           main] s.b.a.a.e.c.OnAvailableEndpointCondition : Condition OnAvailableEndpointCondition on org.springframework.boot.actuate.autoconfigure.metrics.MetricsEndpointAutoConfiguration matched due to @ConditionalOnAvailableEndpoint marked as exposed by a 'management.endpoints.web.exposure' property
2025-01-16T02:20:12.603+02:00 TRACE 25984 --- [FirstSpring] [           main] o.s.b.f.s.DefaultListableBeanFactory     : Returning cached instance of singleton bean 'autoConfigurationReport'
2025-01-16T02:20:12.603+02:00 TRACE 25984 --- [FirstSpring] [           main] o.s.b.f.s.DefaultListableBeanFactory     : Returning cached instance of singleton bean 'autoConfigurationReport'
2025-01-16T02:20:12.603+02:00 TRACE 25984 --- [FirstSpring] [           main] o.s.b.f.s.DefaultListableBeanFactory     : Returning cached instance of singleton bean 'autoConfigurationReport'
2025-01-16T02:20:12.603+02:00 TRACE 25984 --- [FirstSpring] [           main] o.s.b.f.s.DefaultListableBeanFactory     : Returning cached instance of singleton bean 'autoConfigurationReport'
2025-01-16T02:20:12.603+02:00 TRACE 25984 --- [FirstSpring] [           main] o.s.b.f.s.DefaultListableBeanFactory     : Returning cached instance of singleton bean 'autoConfigurationReport'
2025-01-16T02:20:12.603+02:00 TRACE 25984 --- [FirstSpring] [           main] o.s.b.f.s.DefaultListableBeanFactory     : Returning cached instance of singleton bean 'autoConfigurationReport'
2025-01-16T02:20:12.603+02:00 TRACE 25984 --- [FirstSpring] [           main] o.s.b.f.s.DefaultListableBeanFactory     : Returning cached instance of singleton bean 'autoConfigurationReport'
2025-01-16T02:20:12.603+02:00 TRACE 25984 --- [FirstSpring] [           main] o.s.b.f.s.DefaultListableBeanFactory     : Returning cached instance of singleton bean 'autoConfigurationReport'
2025-01-16T02:20:12.603+02:00 TRACE 25984 --- [FirstSpring] [           main] o.s.b.f.s.DefaultListableBeanFactory     : Returning cached instance of singleton bean 'autoConfigurationReport'
2025-01-16T02:20:12.603+02:00 TRACE 25984 --- [FirstSpring] [           main] o.s.b.f.s.DefaultListableBeanFactory     : Returning cached instance of singleton bean 'autoConfigurationReport'
2025-01-16T02:20:12.604+02:00 TRACE 25984 --- [FirstSpring] [           main] o.s.b.a.condition.OnClassCondition       : Condition OnClassCondition on org.springframework.boot.actuate.autoconfigure.metrics.SystemMetricsAutoConfiguration matched due to @ConditionalOnClass found required class 'io.micrometer.core.instrument.MeterRegistry'
2025-01-16T02:20:12.604+02:00 TRACE 25984 --- [FirstSpring] [           main] o.s.b.f.s.DefaultListableBeanFactory     : Returning cached instance of singleton bean 'autoConfigurationReport'
2025-01-16T02:20:12.604+02:00 TRACE 25984 --- [FirstSpring] [           main] o.s.b.f.s.DefaultListableBeanFactory     : Returning cached instance of singleton bean 'autoConfigurationReport'
2025-01-16T02:20:12.604+02:00 TRACE 25984 --- [FirstSpring] [           main] o.s.b.f.s.DefaultListableBeanFactory     : Returning cached instance of singleton bean 'autoConfigurationReport'
2025-01-16T02:20:12.604+02:00 TRACE 25984 --- [FirstSpring] [           main] o.s.b.f.s.DefaultListableBeanFactory     : Returning cached instance of singleton bean 'autoConfigurationReport'
2025-01-16T02:20:12.604+02:00 TRACE 25984 --- [FirstSpring] [           main] o.s.b.f.s.DefaultListableBeanFactory     : Returning cached instance of singleton bean 'autoConfigurationReport'
2025-01-16T02:20:12.604+02:00 TRACE 25984 --- [FirstSpring] [           main] o.s.b.f.s.DefaultListableBeanFactory     : Returning cached instance of singleton bean 'autoConfigurationReport'
2025-01-16T02:20:12.604+02:00 TRACE 25984 --- [FirstSpring] [           main] o.s.b.f.s.DefaultListableBeanFactory     : Returning cached instance of singleton bean 'autoConfigurationReport'
2025-01-16T02:20:12.604+02:00 TRACE 25984 --- [FirstSpring] [           main] o.s.b.f.s.DefaultListableBeanFactory     : Returning cached instance of singleton bean 'autoConfigurationReport'
2025-01-16T02:20:12.604+02:00 TRACE 25984 --- [FirstSpring] [           main] o.s.b.f.s.DefaultListableBeanFactory     : Returning cached instance of singleton bean 'autoConfigurationReport'
2025-01-16T02:20:12.604+02:00 TRACE 25984 --- [FirstSpring] [           main] o.s.b.f.s.DefaultListableBeanFactory     : Returning cached instance of singleton bean 'autoConfigurationReport'
2025-01-16T02:20:12.605+02:00 TRACE 25984 --- [FirstSpring] [           main] o.s.b.f.s.DefaultListableBeanFactory     : Returning cached instance of singleton bean 'autoConfigurationReport'
2025-01-16T02:20:12.606+02:00 TRACE 25984 --- [FirstSpring] [           main] o.s.b.f.s.DefaultListableBeanFactory     : Returning cached instance of singleton bean 'autoConfigurationReport'
2025-01-16T02:20:12.606+02:00 TRACE 25984 --- [FirstSpring] [           main] o.s.b.f.s.DefaultListableBeanFactory     : Returning cached instance of singleton bean 'autoConfigurationReport'
2025-01-16T02:20:12.608+02:00 TRACE 25984 --- [FirstSpring] [           main] o.s.b.a.condition.OnClassCondition       : Condition OnClassCondition on org.springframework.boot.actuate.autoconfigure.metrics.cache.CacheMeterBinderProvidersConfiguration matched due to @ConditionalOnClass found required class 'io.micrometer.core.instrument.binder.MeterBinder'
2025-01-16T02:20:12.608+02:00 TRACE 25984 --- [FirstSpring] [           main] o.s.b.f.s.DefaultListableBeanFactory     : Returning cached instance of singleton bean 'autoConfigurationReport'
2025-01-16T02:20:12.608+02:00 TRACE 25984 --- [FirstSpring] [           main] o.s.b.f.s.DefaultListableBeanFactory     : Returning cached instance of singleton bean 'autoConfigurationReport'
2025-01-16T02:20:12.608+02:00 TRACE 25984 --- [FirstSpring] [           main] o.s.b.f.s.DefaultListableBeanFactory     : Returning cached instance of singleton bean 'autoConfigurationReport'
2025-01-16T02:20:12.608+02:00 TRACE 25984 --- [FirstSpring] [           main] o.s.b.f.s.DefaultListableBeanFactory     : Returning cached instance of singleton bean 'autoConfigurationReport'
2025-01-16T02:20:12.610+02:00 TRACE 25984 --- [FirstSpring] [           main] o.s.b.a.condition.OnClassCondition       : Condition OnClassCondition on org.springframework.boot.actuate.autoconfigure.metrics.cache.CacheMeterBinderProvidersConfiguration$RedisCacheMeterBinderProviderConfiguration did not match due to @ConditionalOnClass did not find required class 'org.springframework.data.redis.cache.RedisCache'
2025-01-16T02:20:12.611+02:00 TRACE 25984 --- [FirstSpring] [           main] o.s.b.f.s.DefaultListableBeanFactory     : Returning cached instance of singleton bean 'autoConfigurationReport'
2025-01-16T02:20:12.611+02:00 TRACE 25984 --- [FirstSpring] [           main] o.s.b.a.condition.OnClassCondition       : Condition OnClassCondition on org.springframework.boot.actuate.autoconfigure.metrics.cache.CacheMeterBinderProvidersConfiguration$JCacheCacheMeterBinderProviderConfiguration did not match due to @ConditionalOnClass did not find required classes 'org.springframework.cache.jcache.JCacheCache', 'javax.cache.CacheManager'
2025-01-16T02:20:12.611+02:00 TRACE 25984 --- [FirstSpring] [           main] o.s.b.f.s.DefaultListableBeanFactory     : Returning cached instance of singleton bean 'autoConfigurationReport'
2025-01-16T02:20:12.612+02:00 TRACE 25984 --- [FirstSpring] [           main] o.s.b.a.condition.OnClassCondition       : Condition OnClassCondition on org.springframework.boot.actuate.autoconfigure.metrics.cache.CacheMeterBinderProvidersConfiguration$HazelcastCacheMeterBinderProviderConfiguration did not match due to @ConditionalOnClass did not find required classes 'com.hazelcast.spring.cache.HazelcastCache', 'com.hazelcast.core.Hazelcast'
2025-01-16T02:20:12.612+02:00 TRACE 25984 --- [FirstSpring] [           main] o.s.b.f.s.DefaultListableBeanFactory     : Returning cached instance of singleton bean 'autoConfigurationReport'
2025-01-16T02:20:12.613+02:00 TRACE 25984 --- [FirstSpring] [           main] o.s.b.a.condition.OnClassCondition       : Condition OnClassCondition on org.springframework.boot.actuate.autoconfigure.metrics.cache.CacheMeterBinderProvidersConfiguration$CaffeineCacheMeterBinderProviderConfiguration did not match due to @ConditionalOnClass did not find required classes 'org.springframework.cache.caffeine.CaffeineCache', 'com.github.benmanes.caffeine.cache.Cache'
2025-01-16T02:20:12.613+02:00 TRACE 25984 --- [FirstSpring] [           main] o.s.b.f.s.DefaultListableBeanFactory     : Returning cached instance of singleton bean 'autoConfigurationReport'
2025-01-16T02:20:12.613+02:00 TRACE 25984 --- [FirstSpring] [           main] o.s.b.a.condition.OnClassCondition       : Condition OnClassCondition on org.springframework.boot.actuate.autoconfigure.metrics.cache.CacheMeterBinderProvidersConfiguration$Cache2kCacheMeterBinderProviderConfiguration did not match due to @ConditionalOnClass did not find required classes 'org.cache2k.Cache2kBuilder', 'org.cache2k.extra.spring.SpringCache2kCache', 'org.cache2k.extra.micrometer.Cache2kCacheMetrics'
2025-01-16T02:20:12.613+02:00 TRACE 25984 --- [FirstSpring] [           main] o.s.b.f.s.DefaultListableBeanFactory     : Returning cached instance of singleton bean 'autoConfigurationReport'
2025-01-16T02:20:12.613+02:00 TRACE 25984 --- [FirstSpring] [           main] o.s.b.f.s.DefaultListableBeanFactory     : Returning cached instance of singleton bean 'autoConfigurationReport'
2025-01-16T02:20:12.613+02:00 TRACE 25984 --- [FirstSpring] [           main] o.s.b.f.s.DefaultListableBeanFactory     : Returning cached instance of singleton bean 'autoConfigurationReport'
2025-01-16T02:20:12.613+02:00 TRACE 25984 --- [FirstSpring] [           main] o.s.b.f.s.DefaultListableBeanFactory     : Returning cached instance of singleton bean 'autoConfigurationReport'
2025-01-16T02:20:12.615+02:00 TRACE 25984 --- [FirstSpring] [           main] o.s.b.f.s.DefaultListableBeanFactory     : Returning cached instance of singleton bean 'autoConfigurationReport'
2025-01-16T02:20:12.615+02:00 TRACE 25984 --- [FirstSpring] [           main] o.s.b.f.s.DefaultListableBeanFactory     : Returning cached instance of singleton bean 'autoConfigurationReport'
2025-01-16T02:20:12.615+02:00 TRACE 25984 --- [FirstSpring] [           main] o.s.b.f.s.DefaultListableBeanFactory     : Returning cached instance of singleton bean 'autoConfigurationReport'
2025-01-16T02:20:12.615+02:00 TRACE 25984 --- [FirstSpring] [           main] o.s.b.f.s.DefaultListableBeanFactory     : Returning cached instance of singleton bean 'autoConfigurationReport'
2025-01-16T02:20:12.615+02:00 TRACE 25984 --- [FirstSpring] [           main] o.s.b.f.s.DefaultListableBeanFactory     : Returning cached instance of singleton bean 'autoConfigurationReport'
2025-01-16T02:20:12.615+02:00 TRACE 25984 --- [FirstSpring] [           main] o.s.b.f.s.DefaultListableBeanFactory     : Returning cached instance of singleton bean 'autoConfigurationReport'
2025-01-16T02:20:12.615+02:00 TRACE 25984 --- [FirstSpring] [           main] o.s.b.f.s.DefaultListableBeanFactory     : Returning cached instance of singleton bean 'autoConfigurationReport'
2025-01-16T02:20:12.615+02:00 TRACE 25984 --- [FirstSpring] [           main] o.s.b.f.s.DefaultListableBeanFactory     : Returning cached instance of singleton bean 'autoConfigurationReport'
2025-01-16T02:20:12.615+02:00 TRACE 25984 --- [FirstSpring] [           main] o.s.b.f.s.DefaultListableBeanFactory     : Returning cached instance of singleton bean 'autoConfigurationReport'
2025-01-16T02:20:12.615+02:00 TRACE 25984 --- [FirstSpring] [           main] o.s.b.f.s.DefaultListableBeanFactory     : Returning cached instance of singleton bean 'autoConfigurationReport'
2025-01-16T02:20:12.615+02:00 TRACE 25984 --- [FirstSpring] [           main] o.s.b.f.s.DefaultListableBeanFactory     : Returning cached instance of singleton bean 'autoConfigurationReport'
2025-01-16T02:20:12.615+02:00 TRACE 25984 --- [FirstSpring] [           main] o.s.b.f.s.DefaultListableBeanFactory     : Returning cached instance of singleton bean 'autoConfigurationReport'
2025-01-16T02:20:12.615+02:00 TRACE 25984 --- [FirstSpring] [           main] o.s.b.f.s.DefaultListableBeanFactory     : Returning cached instance of singleton bean 'autoConfigurationReport'
2025-01-16T02:20:12.615+02:00 TRACE 25984 --- [FirstSpring] [           main] o.s.b.f.s.DefaultListableBeanFactory     : Returning cached instance of singleton bean 'autoConfigurationReport'
2025-01-16T02:20:12.615+02:00 TRACE 25984 --- [FirstSpring] [           main] o.s.b.f.s.DefaultListableBeanFactory     : Returning cached instance of singleton bean 'autoConfigurationReport'
2025-01-16T02:20:12.617+02:00 TRACE 25984 --- [FirstSpring] [           main] o.s.b.a.condition.OnClassCondition       : Condition OnClassCondition on org.springframework.boot.actuate.autoconfigure.metrics.jdbc.DataSourcePoolMetricsAutoConfiguration matched due to @ConditionalOnClass found required classes 'javax.sql.DataSource', 'io.micrometer.core.instrument.MeterRegistry'
2025-01-16T02:20:12.617+02:00 TRACE 25984 --- [FirstSpring] [           main] o.s.b.f.s.DefaultListableBeanFactory     : Returning cached instance of singleton bean 'autoConfigurationReport'
2025-01-16T02:20:12.617+02:00 TRACE 25984 --- [FirstSpring] [           main] o.s.b.f.s.DefaultListableBeanFactory     : Returning cached instance of singleton bean 'autoConfigurationReport'
2025-01-16T02:20:12.617+02:00 TRACE 25984 --- [FirstSpring] [           main] o.s.b.f.s.DefaultListableBeanFactory     : Returning cached instance of singleton bean 'autoConfigurationReport'
2025-01-16T02:20:12.617+02:00 TRACE 25984 --- [FirstSpring] [           main] o.s.b.f.s.DefaultListableBeanFactory     : Returning cached instance of singleton bean 'autoConfigurationReport'
2025-01-16T02:20:12.619+02:00 TRACE 25984 --- [FirstSpring] [           main] o.s.b.a.condition.OnClassCondition       : Condition OnClassCondition on org.springframework.boot.actuate.autoconfigure.metrics.jdbc.DataSourcePoolMetricsAutoConfiguration$HikariDataSourceMetricsConfiguration did not match due to @ConditionalOnClass did not find required class 'com.zaxxer.hikari.HikariDataSource'
2025-01-16T02:20:12.619+02:00 TRACE 25984 --- [FirstSpring] [           main] o.s.b.f.s.DefaultListableBeanFactory     : Returning cached instance of singleton bean 'autoConfigurationReport'
2025-01-16T02:20:12.619+02:00 TRACE 25984 --- [FirstSpring] [           main] o.s.b.f.s.DefaultListableBeanFactory     : Returning cached instance of singleton bean 'autoConfigurationReport'
2025-01-16T02:20:12.619+02:00 TRACE 25984 --- [FirstSpring] [           main] o.s.b.f.s.DefaultListableBeanFactory     : Returning cached instance of singleton bean 'autoConfigurationReport'
2025-01-16T02:20:12.619+02:00 TRACE 25984 --- [FirstSpring] [           main] o.s.b.f.s.DefaultListableBeanFactory     : Returning cached instance of singleton bean 'autoConfigurationReport'
2025-01-16T02:20:12.620+02:00 TRACE 25984 --- [FirstSpring] [           main] o.s.b.f.s.DefaultListableBeanFactory     : Returning cached instance of singleton bean 'autoConfigurationReport'
2025-01-16T02:20:12.620+02:00 TRACE 25984 --- [FirstSpring] [           main] o.s.b.f.s.DefaultListableBeanFactory     : Returning cached instance of singleton bean 'autoConfigurationReport'
2025-01-16T02:20:12.620+02:00 TRACE 25984 --- [FirstSpring] [           main] o.s.b.f.s.DefaultListableBeanFactory     : Returning cached instance of singleton bean 'autoConfigurationReport'
2025-01-16T02:20:12.620+02:00 TRACE 25984 --- [FirstSpring] [           main] o.s.b.f.s.DefaultListableBeanFactory     : Returning cached instance of singleton bean 'autoConfigurationReport'
2025-01-16T02:20:12.620+02:00 TRACE 25984 --- [FirstSpring] [           main] o.s.b.f.s.DefaultListableBeanFactory     : Returning cached instance of singleton bean 'autoConfigurationReport'
2025-01-16T02:20:12.620+02:00 TRACE 25984 --- [FirstSpring] [           main] o.s.b.f.s.DefaultListableBeanFactory     : Returning cached instance of singleton bean 'autoConfigurationReport'
2025-01-16T02:20:12.621+02:00 TRACE 25984 --- [FirstSpring] [           main] o.s.b.a.condition.OnClassCondition       : Condition OnClassCondition on org.springframework.boot.actuate.autoconfigure.metrics.startup.StartupTimeMetricsListenerAutoConfiguration matched due to @ConditionalOnClass found required class 'io.micrometer.core.instrument.MeterRegistry'
2025-01-16T02:20:12.621+02:00 TRACE 25984 --- [FirstSpring] [           main] o.s.b.f.s.DefaultListableBeanFactory     : Returning cached instance of singleton bean 'autoConfigurationReport'
2025-01-16T02:20:12.621+02:00 TRACE 25984 --- [FirstSpring] [           main] o.s.b.f.s.DefaultListableBeanFactory     : Returning cached instance of singleton bean 'autoConfigurationReport'
2025-01-16T02:20:12.621+02:00 TRACE 25984 --- [FirstSpring] [           main] o.s.b.f.s.DefaultListableBeanFactory     : Returning cached instance of singleton bean 'autoConfigurationReport'
2025-01-16T02:20:12.621+02:00 TRACE 25984 --- [FirstSpring] [           main] o.s.b.f.s.DefaultListableBeanFactory     : Returning cached instance of singleton bean 'autoConfigurationReport'
2025-01-16T02:20:12.621+02:00 TRACE 25984 --- [FirstSpring] [           main] o.s.b.f.s.DefaultListableBeanFactory     : Returning cached instance of singleton bean 'autoConfigurationReport'
2025-01-16T02:20:12.621+02:00 TRACE 25984 --- [FirstSpring] [           main] o.s.b.f.s.DefaultListableBeanFactory     : Returning cached instance of singleton bean 'autoConfigurationReport'
2025-01-16T02:20:12.621+02:00 TRACE 25984 --- [FirstSpring] [           main] o.s.b.f.s.DefaultListableBeanFactory     : Returning cached instance of singleton bean 'autoConfigurationReport'
2025-01-16T02:20:12.621+02:00 TRACE 25984 --- [FirstSpring] [           main] o.s.b.f.s.DefaultListableBeanFactory     : Returning cached instance of singleton bean 'autoConfigurationReport'
2025-01-16T02:20:12.621+02:00 TRACE 25984 --- [FirstSpring] [           main] o.s.b.f.s.DefaultListableBeanFactory     : Returning cached instance of singleton bean 'autoConfigurationReport'
2025-01-16T02:20:12.621+02:00 TRACE 25984 --- [FirstSpring] [           main] o.s.b.f.s.DefaultListableBeanFactory     : Returning cached instance of singleton bean 'autoConfigurationReport'
2025-01-16T02:20:12.622+02:00 TRACE 25984 --- [FirstSpring] [           main] o.s.b.a.condition.OnClassCondition       : Condition OnClassCondition on org.springframework.boot.autoconfigure.task.TaskSchedulingAutoConfiguration matched due to @ConditionalOnClass found required class 'org.springframework.scheduling.concurrent.ThreadPoolTaskScheduler'
2025-01-16T02:20:12.622+02:00 TRACE 25984 --- [FirstSpring] [           main] o.s.b.f.s.DefaultListableBeanFactory     : Returning cached instance of singleton bean 'autoConfigurationReport'
2025-01-16T02:20:12.622+02:00 TRACE 25984 --- [FirstSpring] [           main] o.s.b.f.s.DefaultListableBeanFactory     : Returning cached instance of singleton bean 'autoConfigurationReport'
2025-01-16T02:20:12.622+02:00 TRACE 25984 --- [FirstSpring] [           main] o.s.b.f.s.DefaultListableBeanFactory     : Returning cached instance of singleton bean 'autoConfigurationReport'
2025-01-16T02:20:12.622+02:00 TRACE 25984 --- [FirstSpring] [           main] o.s.b.f.s.DefaultListableBeanFactory     : Returning cached instance of singleton bean 'autoConfigurationReport'
2025-01-16T02:20:12.623+02:00 TRACE 25984 --- [FirstSpring] [           main] o.s.b.f.s.DefaultListableBeanFactory     : Returning cached instance of singleton bean 'autoConfigurationReport'
2025-01-16T02:20:12.623+02:00 TRACE 25984 --- [FirstSpring] [           main] o.s.b.f.s.DefaultListableBeanFactory     : Returning cached instance of singleton bean 'autoConfigurationReport'
2025-01-16T02:20:12.624+02:00 TRACE 25984 --- [FirstSpring] [           main] o.s.b.f.s.DefaultListableBeanFactory     : Returning cached instance of singleton bean 'autoConfigurationReport'
2025-01-16T02:20:12.624+02:00 TRACE 25984 --- [FirstSpring] [           main] o.s.b.f.s.DefaultListableBeanFactory     : Returning cached instance of singleton bean 'autoConfigurationReport'
2025-01-16T02:20:12.624+02:00 TRACE 25984 --- [FirstSpring] [           main] o.s.b.f.s.DefaultListableBeanFactory     : Returning cached instance of singleton bean 'autoConfigurationReport'
2025-01-16T02:20:12.624+02:00 TRACE 25984 --- [FirstSpring] [           main] o.s.b.f.s.DefaultListableBeanFactory     : Returning cached instance of singleton bean 'autoConfigurationReport'
2025-01-16T02:20:12.624+02:00 TRACE 25984 --- [FirstSpring] [           main] o.s.b.f.s.DefaultListableBeanFactory     : Returning cached instance of singleton bean 'autoConfigurationReport'
2025-01-16T02:20:12.624+02:00 TRACE 25984 --- [FirstSpring] [           main] o.s.b.f.s.DefaultListableBeanFactory     : Returning cached instance of singleton bean 'autoConfigurationReport'
2025-01-16T02:20:12.624+02:00 TRACE 25984 --- [FirstSpring] [           main] o.s.b.f.s.DefaultListableBeanFactory     : Returning cached instance of singleton bean 'autoConfigurationReport'
2025-01-16T02:20:12.624+02:00 TRACE 25984 --- [FirstSpring] [           main] o.s.b.f.s.DefaultListableBeanFactory     : Returning cached instance of singleton bean 'autoConfigurationReport'
2025-01-16T02:20:12.624+02:00 TRACE 25984 --- [FirstSpring] [           main] o.s.b.f.s.DefaultListableBeanFactory     : Returning cached instance of singleton bean 'autoConfigurationReport'
2025-01-16T02:20:12.624+02:00 TRACE 25984 --- [FirstSpring] [           main] o.s.b.f.s.DefaultListableBeanFactory     : Returning cached instance of singleton bean 'autoConfigurationReport'
2025-01-16T02:20:12.624+02:00 TRACE 25984 --- [FirstSpring] [           main] o.s.b.f.s.DefaultListableBeanFactory     : Returning cached instance of singleton bean 'autoConfigurationReport'
2025-01-16T02:20:12.624+02:00 TRACE 25984 --- [FirstSpring] [           main] o.s.b.f.s.DefaultListableBeanFactory     : Returning cached instance of singleton bean 'autoConfigurationReport'
2025-01-16T02:20:12.624+02:00 TRACE 25984 --- [FirstSpring] [           main] o.s.b.f.s.DefaultListableBeanFactory     : Returning cached instance of singleton bean 'autoConfigurationReport'
2025-01-16T02:20:12.625+02:00 TRACE 25984 --- [FirstSpring] [           main] o.s.b.a.condition.OnClassCondition       : Condition OnClassCondition on org.springframework.boot.actuate.autoconfigure.metrics.task.TaskExecutorMetricsAutoConfiguration matched due to @ConditionalOnClass found required class 'io.micrometer.core.instrument.binder.jvm.ExecutorServiceMetrics'
2025-01-16T02:20:12.625+02:00 TRACE 25984 --- [FirstSpring] [           main] o.s.b.f.s.DefaultListableBeanFactory     : Returning cached instance of singleton bean 'autoConfigurationReport'
2025-01-16T02:20:12.625+02:00 TRACE 25984 --- [FirstSpring] [           main] o.s.b.f.s.DefaultListableBeanFactory     : Returning cached instance of singleton bean 'autoConfigurationReport'
2025-01-16T02:20:12.625+02:00 TRACE 25984 --- [FirstSpring] [           main] o.s.b.f.s.DefaultListableBeanFactory     : Returning cached instance of singleton bean 'autoConfigurationReport'
2025-01-16T02:20:12.625+02:00 TRACE 25984 --- [FirstSpring] [           main] o.s.b.f.s.DefaultListableBeanFactory     : Returning cached instance of singleton bean 'autoConfigurationReport'
2025-01-16T02:20:12.625+02:00 TRACE 25984 --- [FirstSpring] [           main] o.s.b.f.s.DefaultListableBeanFactory     : Returning cached instance of singleton bean 'autoConfigurationReport'
2025-01-16T02:20:12.625+02:00 TRACE 25984 --- [FirstSpring] [           main] o.s.b.f.s.DefaultListableBeanFactory     : Returning cached instance of singleton bean 'autoConfigurationReport'
2025-01-16T02:20:12.625+02:00 TRACE 25984 --- [FirstSpring] [           main] o.s.b.f.s.DefaultListableBeanFactory     : Returning cached instance of singleton bean 'autoConfigurationReport'
2025-01-16T02:20:12.626+02:00 TRACE 25984 --- [FirstSpring] [           main] o.s.b.f.s.DefaultListableBeanFactory     : Returning cached instance of singleton bean 'autoConfigurationReport'
2025-01-16T02:20:12.626+02:00 TRACE 25984 --- [FirstSpring] [           main] o.s.b.f.s.DefaultListableBeanFactory     : Returning cached instance of singleton bean 'autoConfigurationReport'
2025-01-16T02:20:12.626+02:00 TRACE 25984 --- [FirstSpring] [           main] o.s.b.f.s.DefaultListableBeanFactory     : Returning cached instance of singleton bean 'autoConfigurationReport'
2025-01-16T02:20:12.626+02:00 TRACE 25984 --- [FirstSpring] [           main] o.s.b.a.condition.OnClassCondition       : Condition OnClassCondition on org.springframework.boot.actuate.autoconfigure.metrics.web.tomcat.TomcatMetricsAutoConfiguration matched due to @ConditionalOnClass found required classes 'io.micrometer.core.instrument.binder.tomcat.TomcatMetrics', 'org.apache.catalina.Manager'
2025-01-16T02:20:12.626+02:00 TRACE 25984 --- [FirstSpring] [           main] o.s.b.f.s.DefaultListableBeanFactory     : Returning cached instance of singleton bean 'autoConfigurationReport'
2025-01-16T02:20:12.626+02:00 TRACE 25984 --- [FirstSpring] [           main] o.s.b.a.c.OnWebApplicationCondition      : Condition OnWebApplicationCondition on org.springframework.boot.actuate.autoconfigure.metrics.web.tomcat.TomcatMetricsAutoConfiguration matched due to @ConditionalOnWebApplication (required) found 'session' scope
2025-01-16T02:20:12.626+02:00 TRACE 25984 --- [FirstSpring] [           main] o.s.b.f.s.DefaultListableBeanFactory     : Returning cached instance of singleton bean 'autoConfigurationReport'
2025-01-16T02:20:12.626+02:00 TRACE 25984 --- [FirstSpring] [           main] o.s.b.f.s.DefaultListableBeanFactory     : Returning cached instance of singleton bean 'autoConfigurationReport'
2025-01-16T02:20:12.626+02:00 TRACE 25984 --- [FirstSpring] [           main] o.s.b.f.s.DefaultListableBeanFactory     : Returning cached instance of singleton bean 'autoConfigurationReport'
2025-01-16T02:20:12.626+02:00 TRACE 25984 --- [FirstSpring] [           main] o.s.b.f.s.DefaultListableBeanFactory     : Returning cached instance of singleton bean 'autoConfigurationReport'
2025-01-16T02:20:12.628+02:00 TRACE 25984 --- [FirstSpring] [           main] o.s.b.f.s.DefaultListableBeanFactory     : Returning cached instance of singleton bean 'autoConfigurationReport'
2025-01-16T02:20:12.628+02:00 TRACE 25984 --- [FirstSpring] [           main] o.s.b.f.s.DefaultListableBeanFactory     : Returning cached instance of singleton bean 'autoConfigurationReport'
2025-01-16T02:20:12.628+02:00 TRACE 25984 --- [FirstSpring] [           main] o.s.b.f.s.DefaultListableBeanFactory     : Returning cached instance of singleton bean 'autoConfigurationReport'
2025-01-16T02:20:12.628+02:00 TRACE 25984 --- [FirstSpring] [           main] o.s.b.f.s.DefaultListableBeanFactory     : Returning cached instance of singleton bean 'autoConfigurationReport'
2025-01-16T02:20:12.628+02:00 TRACE 25984 --- [FirstSpring] [           main] o.s.b.f.s.DefaultListableBeanFactory     : Returning cached instance of singleton bean 'autoConfigurationReport'
2025-01-16T02:20:12.628+02:00 TRACE 25984 --- [FirstSpring] [           main] o.s.b.f.s.DefaultListableBeanFactory     : Returning cached instance of singleton bean 'autoConfigurationReport'
2025-01-16T02:20:12.629+02:00 TRACE 25984 --- [FirstSpring] [           main] o.s.b.a.condition.OnClassCondition       : Condition OnClassCondition on org.springframework.boot.actuate.autoconfigure.observation.ObservationAutoConfiguration matched due to @ConditionalOnClass found required class 'io.micrometer.observation.ObservationRegistry'
2025-01-16T02:20:12.629+02:00 TRACE 25984 --- [FirstSpring] [           main] o.s.b.f.s.DefaultListableBeanFactory     : Returning cached instance of singleton bean 'autoConfigurationReport'
2025-01-16T02:20:12.629+02:00 TRACE 25984 --- [FirstSpring] [           main] o.s.b.f.s.DefaultListableBeanFactory     : Returning cached instance of singleton bean 'autoConfigurationReport'
2025-01-16T02:20:12.629+02:00 TRACE 25984 --- [FirstSpring] [           main] o.s.b.f.s.DefaultListableBeanFactory     : Returning cached instance of singleton bean 'autoConfigurationReport'
2025-01-16T02:20:12.629+02:00 TRACE 25984 --- [FirstSpring] [           main] o.s.b.f.s.DefaultListableBeanFactory     : Returning cached instance of singleton bean 'autoConfigurationReport'
2025-01-16T02:20:12.632+02:00 TRACE 25984 --- [FirstSpring] [           main] o.s.b.a.condition.OnClassCondition       : Condition OnClassCondition on org.springframework.boot.actuate.autoconfigure.observation.ObservationAutoConfiguration$ObservedAspectConfiguration did not match due to @ConditionalOnClass did not find required class 'org.aspectj.weaver.Advice'
2025-01-16T02:20:12.632+02:00 TRACE 25984 --- [FirstSpring] [           main] o.s.b.f.s.DefaultListableBeanFactory     : Returning cached instance of singleton bean 'autoConfigurationReport'
2025-01-16T02:20:12.632+02:00 TRACE 25984 --- [FirstSpring] [           main] o.s.b.f.s.DefaultListableBeanFactory     : Returning cached instance of singleton bean 'autoConfigurationReport'
2025-01-16T02:20:12.632+02:00 TRACE 25984 --- [FirstSpring] [           main] o.s.b.f.s.DefaultListableBeanFactory     : Returning cached instance of singleton bean 'autoConfigurationReport'
2025-01-16T02:20:12.632+02:00 TRACE 25984 --- [FirstSpring] [           main] o.s.b.f.s.DefaultListableBeanFactory     : Returning cached instance of singleton bean 'autoConfigurationReport'
2025-01-16T02:20:12.634+02:00 TRACE 25984 --- [FirstSpring] [           main] o.s.b.f.s.DefaultListableBeanFactory     : Returning cached instance of singleton bean 'autoConfigurationReport'
2025-01-16T02:20:12.634+02:00 TRACE 25984 --- [FirstSpring] [           main] o.s.b.f.s.DefaultListableBeanFactory     : Returning cached instance of singleton bean 'autoConfigurationReport'
2025-01-16T02:20:12.634+02:00 TRACE 25984 --- [FirstSpring] [           main] o.s.b.f.s.DefaultListableBeanFactory     : Returning cached instance of singleton bean 'autoConfigurationReport'
2025-01-16T02:20:12.634+02:00 TRACE 25984 --- [FirstSpring] [           main] o.s.b.a.condition.OnBeanCondition        : Condition OnBeanCondition on org.springframework.boot.actuate.autoconfigure.observation.ObservationAutoConfiguration$MeterObservationHandlerConfiguration$TracingAndMetricsObservationHandlerConfiguration did not match due to @ConditionalOnBean did not find required type 'io.micrometer.tracing.Tracer'
2025-01-16T02:20:12.634+02:00 TRACE 25984 --- [FirstSpring] [           main] o.s.b.a.AutoConfigurationImportSelector  : Filtered 1 auto configuration class in 0 ms
2025-01-16T02:20:12.635+02:00 TRACE 25984 --- [FirstSpring] [           main] o.s.b.f.s.DefaultListableBeanFactory     : Returning cached instance of singleton bean 'autoConfigurationReport'
2025-01-16T02:20:12.635+02:00 TRACE 25984 --- [FirstSpring] [           main] o.s.b.f.s.DefaultListableBeanFactory     : Returning cached instance of singleton bean 'autoConfigurationReport'
2025-01-16T02:20:12.635+02:00 TRACE 25984 --- [FirstSpring] [           main] o.s.b.f.s.DefaultListableBeanFactory     : Returning cached instance of singleton bean 'autoConfigurationReport'
2025-01-16T02:20:12.635+02:00 TRACE 25984 --- [FirstSpring] [           main] o.s.b.a.condition.OnClassCondition       : Condition OnClassCondition on org.springframework.boot.actuate.autoconfigure.observation.ObservationAutoConfiguration$MetricsWithTracingConfiguration did not match due to @ConditionalOnClass did not find required class 'io.micrometer.tracing.Tracer'
2025-01-16T02:20:12.635+02:00 TRACE 25984 --- [FirstSpring] [           main] o.s.b.f.s.DefaultListableBeanFactory     : Returning cached instance of singleton bean 'autoConfigurationReport'
2025-01-16T02:20:12.635+02:00 TRACE 25984 --- [FirstSpring] [           main] o.s.b.a.condition.OnClassCondition       : Condition OnClassCondition on org.springframework.boot.actuate.autoconfigure.observation.ObservationAutoConfiguration$OnlyTracingConfiguration did not match due to @ConditionalOnClass did not find required class 'io.micrometer.tracing.Tracer'
2025-01-16T02:20:12.635+02:00 TRACE 25984 --- [FirstSpring] [           main] o.s.b.f.s.DefaultListableBeanFactory     : Returning cached instance of singleton bean 'autoConfigurationReport'
2025-01-16T02:20:12.636+02:00 TRACE 25984 --- [FirstSpring] [           main] o.s.b.a.condition.OnClassCondition       : Condition OnClassCondition on org.springframework.boot.actuate.autoconfigure.observation.ObservationAutoConfiguration$OnlyMetricsConfiguration matched due to @ConditionalOnClass found required class 'io.micrometer.core.instrument.MeterRegistry'; @ConditionalOnMissingClass did not find unwanted class 'io.micrometer.tracing.Tracer'
2025-01-16T02:20:12.636+02:00 TRACE 25984 --- [FirstSpring] [           main] o.s.b.f.s.DefaultListableBeanFactory     : Returning cached instance of singleton bean 'autoConfigurationReport'
2025-01-16T02:20:12.637+02:00 TRACE 25984 --- [FirstSpring] [           main] o.s.b.a.condition.OnClassCondition       : Condition OnClassCondition on org.springframework.boot.actuate.autoconfigure.observation.ObservationAutoConfiguration$OnlyMetricsConfiguration matched due to @ConditionalOnClass found required class 'io.micrometer.core.instrument.MeterRegistry'; @ConditionalOnMissingClass did not find unwanted class 'io.micrometer.tracing.Tracer'
2025-01-16T02:20:12.638+02:00 TRACE 25984 --- [FirstSpring] [           main] o.s.b.f.s.DefaultListableBeanFactory     : Returning cached instance of singleton bean 'autoConfigurationReport'
2025-01-16T02:20:12.638+02:00 TRACE 25984 --- [FirstSpring] [           main] o.s.b.f.s.DefaultListableBeanFactory     : Returning cached instance of singleton bean 'autoConfigurationReport'
2025-01-16T02:20:12.638+02:00 TRACE 25984 --- [FirstSpring] [           main] o.s.b.f.s.DefaultListableBeanFactory     : Returning cached instance of singleton bean 'autoConfigurationReport'
2025-01-16T02:20:12.638+02:00 TRACE 25984 --- [FirstSpring] [           main] o.s.b.f.s.DefaultListableBeanFactory     : Returning cached instance of singleton bean 'autoConfigurationReport'
2025-01-16T02:20:12.641+02:00 TRACE 25984 --- [FirstSpring] [           main] o.s.b.f.s.DefaultListableBeanFactory     : Returning cached instance of singleton bean 'autoConfigurationReport'
2025-01-16T02:20:12.641+02:00 TRACE 25984 --- [FirstSpring] [           main] o.s.b.f.s.DefaultListableBeanFactory     : Returning cached instance of singleton bean 'autoConfigurationReport'
2025-01-16T02:20:12.641+02:00 TRACE 25984 --- [FirstSpring] [           main] o.s.b.f.s.DefaultListableBeanFactory     : Returning cached instance of singleton bean 'autoConfigurationReport'
2025-01-16T02:20:12.641+02:00 TRACE 25984 --- [FirstSpring] [           main] o.s.b.f.s.DefaultListableBeanFactory     : Returning cached instance of singleton bean 'autoConfigurationReport'
2025-01-16T02:20:12.641+02:00 TRACE 25984 --- [FirstSpring] [           main] o.s.b.f.s.DefaultListableBeanFactory     : Returning cached instance of singleton bean 'autoConfigurationReport'
2025-01-16T02:20:12.641+02:00 TRACE 25984 --- [FirstSpring] [           main] o.s.b.f.s.DefaultListableBeanFactory     : Returning cached instance of singleton bean 'autoConfigurationReport'
2025-01-16T02:20:12.644+02:00 TRACE 25984 --- [FirstSpring] [           main] o.s.b.a.condition.OnClassCondition       : Condition OnClassCondition on org.springframework.boot.autoconfigure.http.HttpMessageConvertersAutoConfiguration matched due to @ConditionalOnClass found required class 'org.springframework.http.converter.HttpMessageConverter'
2025-01-16T02:20:12.644+02:00 TRACE 25984 --- [FirstSpring] [           main] o.s.b.f.s.DefaultListableBeanFactory     : Returning cached instance of singleton bean 'autoConfigurationReport'
2025-01-16T02:20:12.651+02:00 TRACE 25984 --- [FirstSpring] [           main] ation$NotReactiveWebApplicationCondition : Condition HttpMessageConvertersAutoConfiguration.NotReactiveWebApplicationCondition on org.springframework.boot.autoconfigure.http.HttpMessageConvertersAutoConfiguration matched due to NoneNestedConditions 0 matched 1 did not; NestedCondition on HttpMessageConvertersAutoConfiguration.NotReactiveWebApplicationCondition.ReactiveWebApplication did not find reactive web application classes
2025-01-16T02:20:12.652+02:00 TRACE 25984 --- [FirstSpring] [           main] o.s.b.f.s.DefaultListableBeanFactory     : Returning cached instance of singleton bean 'autoConfigurationReport'
2025-01-16T02:20:12.652+02:00 TRACE 25984 --- [FirstSpring] [           main] o.s.b.f.s.DefaultListableBeanFactory     : Returning cached instance of singleton bean 'autoConfigurationReport'
2025-01-16T02:20:12.652+02:00 TRACE 25984 --- [FirstSpring] [           main] o.s.b.f.s.DefaultListableBeanFactory     : Returning cached instance of singleton bean 'autoConfigurationReport'
2025-01-16T02:20:12.652+02:00 TRACE 25984 --- [FirstSpring] [           main] o.s.b.f.s.DefaultListableBeanFactory     : Returning cached instance of singleton bean 'autoConfigurationReport'
2025-01-16T02:20:12.654+02:00 TRACE 25984 --- [FirstSpring] [           main] o.s.b.a.condition.OnClassCondition       : Condition OnClassCondition on org.springframework.boot.autoconfigure.http.HttpMessageConvertersAutoConfiguration$StringHttpMessageConverterConfiguration matched due to @ConditionalOnClass found required class 'org.springframework.http.converter.StringHttpMessageConverter'
2025-01-16T02:20:12.654+02:00 TRACE 25984 --- [FirstSpring] [           main] o.s.b.f.s.DefaultListableBeanFactory     : Returning cached instance of singleton bean 'autoConfigurationReport'
2025-01-16T02:20:12.654+02:00 TRACE 25984 --- [FirstSpring] [           main] o.s.b.f.s.DefaultListableBeanFactory     : Returning cached instance of singleton bean 'autoConfigurationReport'
2025-01-16T02:20:12.654+02:00 TRACE 25984 --- [FirstSpring] [           main] o.s.b.f.s.DefaultListableBeanFactory     : Returning cached instance of singleton bean 'autoConfigurationReport'
2025-01-16T02:20:12.654+02:00 TRACE 25984 --- [FirstSpring] [           main] o.s.b.f.s.DefaultListableBeanFactory     : Returning cached instance of singleton bean 'autoConfigurationReport'
2025-01-16T02:20:12.656+02:00 TRACE 25984 --- [FirstSpring] [           main] o.s.b.f.s.DefaultListableBeanFactory     : Returning cached instance of singleton bean 'autoConfigurationReport'
2025-01-16T02:20:12.656+02:00 TRACE 25984 --- [FirstSpring] [           main] o.s.b.f.s.DefaultListableBeanFactory     : Returning cached instance of singleton bean 'autoConfigurationReport'
2025-01-16T02:20:12.656+02:00 TRACE 25984 --- [FirstSpring] [           main] o.s.b.f.s.DefaultListableBeanFactory     : Returning cached instance of singleton bean 'autoConfigurationReport'
2025-01-16T02:20:12.658+02:00 TRACE 25984 --- [FirstSpring] [           main] o.s.b.a.condition.OnClassCondition       : Condition OnClassCondition on org.springframework.boot.autoconfigure.http.JacksonHttpMessageConvertersConfiguration$MappingJackson2XmlHttpMessageConverterConfiguration did not match due to @ConditionalOnClass did not find required class 'com.fasterxml.jackson.dataformat.xml.XmlMapper'
2025-01-16T02:20:12.658+02:00 TRACE 25984 --- [FirstSpring] [           main] o.s.b.f.s.DefaultListableBeanFactory     : Returning cached instance of singleton bean 'autoConfigurationReport'
2025-01-16T02:20:12.659+02:00 TRACE 25984 --- [FirstSpring] [           main] o.s.b.a.condition.OnClassCondition       : Condition OnClassCondition on org.springframework.boot.autoconfigure.http.JacksonHttpMessageConvertersConfiguration$MappingJackson2HttpMessageConverterConfiguration matched due to @ConditionalOnClass found required class 'com.fasterxml.jackson.databind.ObjectMapper'
2025-01-16T02:20:12.659+02:00 TRACE 25984 --- [FirstSpring] [           main] o.s.b.f.s.DefaultListableBeanFactory     : Returning cached instance of singleton bean 'autoConfigurationReport'
2025-01-16T02:20:12.659+02:00 TRACE 25984 --- [FirstSpring] [           main] o.s.b.a.condition.OnPropertyCondition    : Condition OnPropertyCondition on org.springframework.boot.autoconfigure.http.JacksonHttpMessageConvertersConfiguration$MappingJackson2HttpMessageConverterConfiguration matched due to @ConditionalOnProperty (spring.mvc.converters.preferred-json-mapper=jackson) matched
2025-01-16T02:20:12.659+02:00 TRACE 25984 --- [FirstSpring] [           main] o.s.b.f.s.DefaultListableBeanFactory     : Returning cached instance of singleton bean 'autoConfigurationReport'
2025-01-16T02:20:12.661+02:00 TRACE 25984 --- [FirstSpring] [           main] o.s.b.f.s.DefaultListableBeanFactory     : Returning cached instance of singleton bean 'autoConfigurationReport'
2025-01-16T02:20:12.661+02:00 TRACE 25984 --- [FirstSpring] [           main] o.s.b.f.s.DefaultListableBeanFactory     : Returning cached instance of singleton bean 'autoConfigurationReport'
2025-01-16T02:20:12.661+02:00 TRACE 25984 --- [FirstSpring] [           main] o.s.b.f.s.DefaultListableBeanFactory     : Returning cached instance of singleton bean 'autoConfigurationReport'
2025-01-16T02:20:12.662+02:00 TRACE 25984 --- [FirstSpring] [           main] o.s.b.a.condition.OnClassCondition       : Condition OnClassCondition on org.springframework.boot.autoconfigure.http.GsonHttpMessageConvertersConfiguration did not match due to @ConditionalOnClass did not find required class 'com.google.gson.Gson'
2025-01-16T02:20:12.662+02:00 TRACE 25984 --- [FirstSpring] [           main] o.s.b.f.s.DefaultListableBeanFactory     : Returning cached instance of singleton bean 'autoConfigurationReport'
2025-01-16T02:20:12.662+02:00 TRACE 25984 --- [FirstSpring] [           main] o.s.b.a.condition.OnClassCondition       : Condition OnClassCondition on org.springframework.boot.autoconfigure.http.JsonbHttpMessageConvertersConfiguration did not match due to @ConditionalOnClass did not find required class 'jakarta.json.bind.Jsonb'
2025-01-16T02:20:12.662+02:00 TRACE 25984 --- [FirstSpring] [           main] o.s.b.f.s.DefaultListableBeanFactory     : Returning cached instance of singleton bean 'autoConfigurationReport'
2025-01-16T02:20:12.662+02:00 TRACE 25984 --- [FirstSpring] [           main] o.s.b.f.s.DefaultListableBeanFactory     : Returning cached instance of singleton bean 'autoConfigurationReport'
2025-01-16T02:20:12.662+02:00 TRACE 25984 --- [FirstSpring] [           main] o.s.b.f.s.DefaultListableBeanFactory     : Returning cached instance of singleton bean 'autoConfigurationReport'
2025-01-16T02:20:12.662+02:00 TRACE 25984 --- [FirstSpring] [           main] o.s.b.f.s.DefaultListableBeanFactory     : Returning cached instance of singleton bean 'autoConfigurationReport'
2025-01-16T02:20:12.662+02:00 TRACE 25984 --- [FirstSpring] [           main] o.s.b.f.s.DefaultListableBeanFactory     : Returning cached instance of singleton bean 'autoConfigurationReport'
2025-01-16T02:20:12.662+02:00 TRACE 25984 --- [FirstSpring] [           main] o.s.b.f.s.DefaultListableBeanFactory     : Returning cached instance of singleton bean 'autoConfigurationReport'
2025-01-16T02:20:12.662+02:00 TRACE 25984 --- [FirstSpring] [           main] o.s.b.f.s.DefaultListableBeanFactory     : Returning cached instance of singleton bean 'autoConfigurationReport'
2025-01-16T02:20:12.663+02:00 TRACE 25984 --- [FirstSpring] [           main] o.s.b.a.condition.OnClassCondition       : Condition OnClassCondition on org.springframework.boot.autoconfigure.http.client.HttpClientAutoConfiguration matched due to @ConditionalOnClass found required class 'org.springframework.http.client.ClientHttpRequestFactory'
2025-01-16T02:20:12.664+02:00 TRACE 25984 --- [FirstSpring] [           main] o.s.b.f.s.DefaultListableBeanFactory     : Returning cached instance of singleton bean 'autoConfigurationReport'
2025-01-16T02:20:12.665+02:00 TRACE 25984 --- [FirstSpring] [           main] a.h.c.NotReactiveWebApplicationCondition : Condition NotReactiveWebApplicationCondition on org.springframework.boot.autoconfigure.http.client.HttpClientAutoConfiguration matched due to NoneNestedConditions 0 matched 1 did not; NestedCondition on NotReactiveWebApplicationCondition.ReactiveWebApplication did not find reactive web application classes
2025-01-16T02:20:12.665+02:00 TRACE 25984 --- [FirstSpring] [           main] o.s.b.f.s.DefaultListableBeanFactory     : Returning cached instance of singleton bean 'autoConfigurationReport'
2025-01-16T02:20:12.665+02:00 TRACE 25984 --- [FirstSpring] [           main] o.s.b.f.s.DefaultListableBeanFactory     : Returning cached instance of singleton bean 'autoConfigurationReport'
2025-01-16T02:20:12.665+02:00 TRACE 25984 --- [FirstSpring] [           main] o.s.b.f.s.DefaultListableBeanFactory     : Returning cached instance of singleton bean 'autoConfigurationReport'
2025-01-16T02:20:12.665+02:00 TRACE 25984 --- [FirstSpring] [           main] o.s.b.f.s.DefaultListableBeanFactory     : Returning cached instance of singleton bean 'autoConfigurationReport'
2025-01-16T02:20:12.665+02:00 TRACE 25984 --- [FirstSpring] [           main] o.s.b.f.s.DefaultListableBeanFactory     : Returning cached instance of singleton bean 'autoConfigurationReport'
2025-01-16T02:20:12.665+02:00 TRACE 25984 --- [FirstSpring] [           main] o.s.b.f.s.DefaultListableBeanFactory     : Returning cached instance of singleton bean 'autoConfigurationReport'
2025-01-16T02:20:12.665+02:00 TRACE 25984 --- [FirstSpring] [           main] o.s.b.f.s.DefaultListableBeanFactory     : Returning cached instance of singleton bean 'autoConfigurationReport'
2025-01-16T02:20:12.665+02:00 TRACE 25984 --- [FirstSpring] [           main] o.s.b.f.s.DefaultListableBeanFactory     : Returning cached instance of singleton bean 'autoConfigurationReport'
2025-01-16T02:20:12.665+02:00 TRACE 25984 --- [FirstSpring] [           main] o.s.b.f.s.DefaultListableBeanFactory     : Returning cached instance of singleton bean 'autoConfigurationReport'
2025-01-16T02:20:12.665+02:00 TRACE 25984 --- [FirstSpring] [           main] o.s.b.f.s.DefaultListableBeanFactory     : Returning cached instance of singleton bean 'autoConfigurationReport'
2025-01-16T02:20:12.667+02:00 TRACE 25984 --- [FirstSpring] [           main] o.s.b.a.condition.OnClassCondition       : Condition OnClassCondition on org.springframework.boot.autoconfigure.web.client.RestClientAutoConfiguration matched due to @ConditionalOnClass found required class 'org.springframework.web.client.RestClient'
2025-01-16T02:20:12.667+02:00 TRACE 25984 --- [FirstSpring] [           main] o.s.b.f.s.DefaultListableBeanFactory     : Returning cached instance of singleton bean 'autoConfigurationReport'
2025-01-16T02:20:12.668+02:00 TRACE 25984 --- [FirstSpring] [           main] a.w.c.NotReactiveWebApplicationCondition : Condition NotReactiveWebApplicationCondition on org.springframework.boot.autoconfigure.web.client.RestClientAutoConfiguration matched due to NoneNestedConditions 0 matched 1 did not; NestedCondition on NotReactiveWebApplicationCondition.ReactiveWebApplication did not find reactive web application classes
2025-01-16T02:20:12.668+02:00 TRACE 25984 --- [FirstSpring] [           main] o.s.b.f.s.DefaultListableBeanFactory     : Returning cached instance of singleton bean 'autoConfigurationReport'
2025-01-16T02:20:12.668+02:00 TRACE 25984 --- [FirstSpring] [           main] o.s.b.f.s.DefaultListableBeanFactory     : Returning cached instance of singleton bean 'autoConfigurationReport'
2025-01-16T02:20:12.668+02:00 TRACE 25984 --- [FirstSpring] [           main] o.s.b.f.s.DefaultListableBeanFactory     : Returning cached instance of singleton bean 'autoConfigurationReport'
2025-01-16T02:20:12.668+02:00 TRACE 25984 --- [FirstSpring] [           main] o.s.b.f.s.DefaultListableBeanFactory     : Returning cached instance of singleton bean 'autoConfigurationReport'
2025-01-16T02:20:12.668+02:00 TRACE 25984 --- [FirstSpring] [           main] o.s.b.f.s.DefaultListableBeanFactory     : Returning cached instance of singleton bean 'autoConfigurationReport'
2025-01-16T02:20:12.668+02:00 TRACE 25984 --- [FirstSpring] [           main] o.s.b.f.s.DefaultListableBeanFactory     : Returning cached instance of singleton bean 'autoConfigurationReport'
2025-01-16T02:20:12.668+02:00 TRACE 25984 --- [FirstSpring] [           main] o.s.b.f.s.DefaultListableBeanFactory     : Returning cached instance of singleton bean 'autoConfigurationReport'
2025-01-16T02:20:12.668+02:00 TRACE 25984 --- [FirstSpring] [           main] o.s.b.f.s.DefaultListableBeanFactory     : Returning cached instance of singleton bean 'autoConfigurationReport'
2025-01-16T02:20:12.668+02:00 TRACE 25984 --- [FirstSpring] [           main] o.s.b.f.s.DefaultListableBeanFactory     : Returning cached instance of singleton bean 'autoConfigurationReport'
2025-01-16T02:20:12.668+02:00 TRACE 25984 --- [FirstSpring] [           main] o.s.b.f.s.DefaultListableBeanFactory     : Returning cached instance of singleton bean 'autoConfigurationReport'
2025-01-16T02:20:12.669+02:00 TRACE 25984 --- [FirstSpring] [           main] o.s.b.a.condition.OnClassCondition       : Condition OnClassCondition on org.springframework.boot.autoconfigure.web.client.RestTemplateAutoConfiguration matched due to @ConditionalOnClass found required class 'org.springframework.web.client.RestTemplate'
2025-01-16T02:20:12.669+02:00 TRACE 25984 --- [FirstSpring] [           main] o.s.b.f.s.DefaultListableBeanFactory     : Returning cached instance of singleton bean 'autoConfigurationReport'
2025-01-16T02:20:12.670+02:00 TRACE 25984 --- [FirstSpring] [           main] a.w.c.NotReactiveWebApplicationCondition : Condition NotReactiveWebApplicationCondition on org.springframework.boot.autoconfigure.web.client.RestTemplateAutoConfiguration matched due to NoneNestedConditions 0 matched 1 did not; NestedCondition on NotReactiveWebApplicationCondition.ReactiveWebApplication did not find reactive web application classes
2025-01-16T02:20:12.670+02:00 TRACE 25984 --- [FirstSpring] [           main] o.s.b.f.s.DefaultListableBeanFactory     : Returning cached instance of singleton bean 'autoConfigurationReport'
2025-01-16T02:20:12.670+02:00 TRACE 25984 --- [FirstSpring] [           main] o.s.b.f.s.DefaultListableBeanFactory     : Returning cached instance of singleton bean 'autoConfigurationReport'
2025-01-16T02:20:12.670+02:00 TRACE 25984 --- [FirstSpring] [           main] o.s.b.f.s.DefaultListableBeanFactory     : Returning cached instance of singleton bean 'autoConfigurationReport'
2025-01-16T02:20:12.670+02:00 TRACE 25984 --- [FirstSpring] [           main] o.s.b.f.s.DefaultListableBeanFactory     : Returning cached instance of singleton bean 'autoConfigurationReport'
2025-01-16T02:20:12.671+02:00 TRACE 25984 --- [FirstSpring] [           main] o.s.b.f.s.DefaultListableBeanFactory     : Returning cached instance of singleton bean 'autoConfigurationReport'
2025-01-16T02:20:12.671+02:00 TRACE 25984 --- [FirstSpring] [           main] o.s.b.f.s.DefaultListableBeanFactory     : Returning cached instance of singleton bean 'autoConfigurationReport'
2025-01-16T02:20:12.671+02:00 TRACE 25984 --- [FirstSpring] [           main] o.s.b.f.s.DefaultListableBeanFactory     : Returning cached instance of singleton bean 'autoConfigurationReport'
2025-01-16T02:20:12.671+02:00 TRACE 25984 --- [FirstSpring] [           main] o.s.b.f.s.DefaultListableBeanFactory     : Returning cached instance of singleton bean 'autoConfigurationReport'
2025-01-16T02:20:12.671+02:00 TRACE 25984 --- [FirstSpring] [           main] o.s.b.f.s.DefaultListableBeanFactory     : Returning cached instance of singleton bean 'autoConfigurationReport'
2025-01-16T02:20:12.671+02:00 TRACE 25984 --- [FirstSpring] [           main] o.s.b.f.s.DefaultListableBeanFactory     : Returning cached instance of singleton bean 'autoConfigurationReport'
2025-01-16T02:20:12.672+02:00 TRACE 25984 --- [FirstSpring] [           main] o.s.b.a.condition.OnClassCondition       : Condition OnClassCondition on org.springframework.boot.actuate.autoconfigure.observation.web.client.HttpClientObservationsAutoConfiguration matched due to @ConditionalOnClass found required class 'io.micrometer.observation.Observation'
2025-01-16T02:20:12.672+02:00 TRACE 25984 --- [FirstSpring] [           main] o.s.b.f.s.DefaultListableBeanFactory     : Returning cached instance of singleton bean 'autoConfigurationReport'
2025-01-16T02:20:12.672+02:00 TRACE 25984 --- [FirstSpring] [           main] o.s.b.f.s.DefaultListableBeanFactory     : Returning cached instance of singleton bean 'autoConfigurationReport'
2025-01-16T02:20:12.672+02:00 TRACE 25984 --- [FirstSpring] [           main] o.s.b.f.s.DefaultListableBeanFactory     : Returning cached instance of singleton bean 'autoConfigurationReport'
2025-01-16T02:20:12.672+02:00 TRACE 25984 --- [FirstSpring] [           main] o.s.b.f.s.DefaultListableBeanFactory     : Returning cached instance of singleton bean 'autoConfigurationReport'
2025-01-16T02:20:12.673+02:00 TRACE 25984 --- [FirstSpring] [           main] o.s.b.a.condition.OnClassCondition       : Condition OnClassCondition on org.springframework.boot.actuate.autoconfigure.observation.web.client.HttpClientObservationsAutoConfiguration$MeterFilterConfiguration matched due to @ConditionalOnClass found required class 'io.micrometer.core.instrument.MeterRegistry'
2025-01-16T02:20:12.673+02:00 TRACE 25984 --- [FirstSpring] [           main] o.s.b.f.s.DefaultListableBeanFactory     : Returning cached instance of singleton bean 'autoConfigurationReport'
2025-01-16T02:20:12.673+02:00 TRACE 25984 --- [FirstSpring] [           main] o.s.b.f.s.DefaultListableBeanFactory     : Returning cached instance of singleton bean 'autoConfigurationReport'
2025-01-16T02:20:12.673+02:00 TRACE 25984 --- [FirstSpring] [           main] o.s.b.f.s.DefaultListableBeanFactory     : Returning cached instance of singleton bean 'autoConfigurationReport'
2025-01-16T02:20:12.673+02:00 TRACE 25984 --- [FirstSpring] [           main] o.s.b.f.s.DefaultListableBeanFactory     : Returning cached instance of singleton bean 'autoConfigurationReport'
2025-01-16T02:20:12.675+02:00 TRACE 25984 --- [FirstSpring] [           main] o.s.b.a.condition.OnClassCondition       : Condition OnClassCondition on org.springframework.boot.actuate.autoconfigure.observation.web.client.RestTemplateObservationConfiguration matched due to @ConditionalOnClass found required class 'org.springframework.web.client.RestTemplate'
2025-01-16T02:20:12.675+02:00 TRACE 25984 --- [FirstSpring] [           main] o.s.b.f.s.DefaultListableBeanFactory     : Returning cached instance of singleton bean 'autoConfigurationReport'
2025-01-16T02:20:12.675+02:00 TRACE 25984 --- [FirstSpring] [           main] o.s.b.f.s.DefaultListableBeanFactory     : Returning cached instance of singleton bean 'autoConfigurationReport'
2025-01-16T02:20:12.675+02:00 TRACE 25984 --- [FirstSpring] [           main] o.s.b.f.s.DefaultListableBeanFactory     : Returning cached instance of singleton bean 'autoConfigurationReport'
2025-01-16T02:20:12.675+02:00 TRACE 25984 --- [FirstSpring] [           main] o.s.b.f.s.DefaultListableBeanFactory     : Returning cached instance of singleton bean 'autoConfigurationReport'
2025-01-16T02:20:12.677+02:00 TRACE 25984 --- [FirstSpring] [           main] o.s.b.a.condition.OnClassCondition       : Condition OnClassCondition on org.springframework.boot.actuate.autoconfigure.observation.web.client.WebClientObservationConfiguration did not match due to @ConditionalOnClass did not find required class 'org.springframework.web.reactive.function.client.WebClient'
2025-01-16T02:20:12.677+02:00 TRACE 25984 --- [FirstSpring] [           main] o.s.b.f.s.DefaultListableBeanFactory     : Returning cached instance of singleton bean 'autoConfigurationReport'
2025-01-16T02:20:12.678+02:00 TRACE 25984 --- [FirstSpring] [           main] o.s.b.a.condition.OnClassCondition       : Condition OnClassCondition on org.springframework.boot.actuate.autoconfigure.observation.web.client.RestClientObservationConfiguration matched due to @ConditionalOnClass found required class 'org.springframework.web.client.RestClient'
2025-01-16T02:20:12.678+02:00 TRACE 25984 --- [FirstSpring] [           main] o.s.b.f.s.DefaultListableBeanFactory     : Returning cached instance of singleton bean 'autoConfigurationReport'
2025-01-16T02:20:12.678+02:00 TRACE 25984 --- [FirstSpring] [           main] o.s.b.f.s.DefaultListableBeanFactory     : Returning cached instance of singleton bean 'autoConfigurationReport'
2025-01-16T02:20:12.678+02:00 TRACE 25984 --- [FirstSpring] [           main] o.s.b.f.s.DefaultListableBeanFactory     : Returning cached instance of singleton bean 'autoConfigurationReport'
2025-01-16T02:20:12.678+02:00 TRACE 25984 --- [FirstSpring] [           main] o.s.b.f.s.DefaultListableBeanFactory     : Returning cached instance of singleton bean 'autoConfigurationReport'
2025-01-16T02:20:12.679+02:00 TRACE 25984 --- [FirstSpring] [           main] o.s.b.f.s.DefaultListableBeanFactory     : Returning cached instance of singleton bean 'autoConfigurationReport'
2025-01-16T02:20:12.679+02:00 TRACE 25984 --- [FirstSpring] [           main] o.s.b.f.s.DefaultListableBeanFactory     : Returning cached instance of singleton bean 'autoConfigurationReport'
2025-01-16T02:20:12.679+02:00 TRACE 25984 --- [FirstSpring] [           main] o.s.b.f.s.DefaultListableBeanFactory     : Returning cached instance of singleton bean 'autoConfigurationReport'
2025-01-16T02:20:12.679+02:00 TRACE 25984 --- [FirstSpring] [           main] o.s.b.f.s.DefaultListableBeanFactory     : Returning cached instance of singleton bean 'autoConfigurationReport'
2025-01-16T02:20:12.679+02:00 TRACE 25984 --- [FirstSpring] [           main] o.s.b.f.s.DefaultListableBeanFactory     : Returning cached instance of singleton bean 'autoConfigurationReport'
2025-01-16T02:20:12.679+02:00 TRACE 25984 --- [FirstSpring] [           main] o.s.b.f.s.DefaultListableBeanFactory     : Returning cached instance of singleton bean 'autoConfigurationReport'
2025-01-16T02:20:12.680+02:00 TRACE 25984 --- [FirstSpring] [           main] o.s.b.a.condition.OnClassCondition       : Condition OnClassCondition on org.springframework.boot.actuate.autoconfigure.observation.web.servlet.WebMvcObservationAutoConfiguration matched due to @ConditionalOnClass found required classes 'org.springframework.web.servlet.DispatcherServlet', 'io.micrometer.observation.Observation'
2025-01-16T02:20:12.680+02:00 TRACE 25984 --- [FirstSpring] [           main] o.s.b.f.s.DefaultListableBeanFactory     : Returning cached instance of singleton bean 'autoConfigurationReport'
2025-01-16T02:20:12.680+02:00 TRACE 25984 --- [FirstSpring] [           main] o.s.b.a.c.OnWebApplicationCondition      : Condition OnWebApplicationCondition on org.springframework.boot.actuate.autoconfigure.observation.web.servlet.WebMvcObservationAutoConfiguration matched due to found 'session' scope
2025-01-16T02:20:12.680+02:00 TRACE 25984 --- [FirstSpring] [           main] o.s.b.f.s.DefaultListableBeanFactory     : Returning cached instance of singleton bean 'autoConfigurationReport'
2025-01-16T02:20:12.680+02:00 TRACE 25984 --- [FirstSpring] [           main] o.s.b.f.s.DefaultListableBeanFactory     : Returning cached instance of singleton bean 'autoConfigurationReport'
2025-01-16T02:20:12.680+02:00 TRACE 25984 --- [FirstSpring] [           main] o.s.b.f.s.DefaultListableBeanFactory     : Returning cached instance of singleton bean 'autoConfigurationReport'
2025-01-16T02:20:12.680+02:00 TRACE 25984 --- [FirstSpring] [           main] o.s.b.f.s.DefaultListableBeanFactory     : Returning cached instance of singleton bean 'autoConfigurationReport'
2025-01-16T02:20:12.681+02:00 TRACE 25984 --- [FirstSpring] [           main] o.s.b.a.condition.OnClassCondition       : Condition OnClassCondition on org.springframework.boot.actuate.autoconfigure.observation.web.servlet.WebMvcObservationAutoConfiguration$MeterFilterConfiguration matched due to @ConditionalOnClass found required class 'io.micrometer.core.instrument.MeterRegistry'
2025-01-16T02:20:12.681+02:00 TRACE 25984 --- [FirstSpring] [           main] o.s.b.f.s.DefaultListableBeanFactory     : Returning cached instance of singleton bean 'autoConfigurationReport'
2025-01-16T02:20:12.681+02:00 TRACE 25984 --- [FirstSpring] [           main] o.s.b.f.s.DefaultListableBeanFactory     : Returning cached instance of singleton bean 'autoConfigurationReport'
2025-01-16T02:20:12.681+02:00 TRACE 25984 --- [FirstSpring] [           main] o.s.b.f.s.DefaultListableBeanFactory     : Returning cached instance of singleton bean 'autoConfigurationReport'
2025-01-16T02:20:12.681+02:00 TRACE 25984 --- [FirstSpring] [           main] o.s.b.f.s.DefaultListableBeanFactory     : Returning cached instance of singleton bean 'autoConfigurationReport'
2025-01-16T02:20:12.681+02:00 TRACE 25984 --- [FirstSpring] [           main] o.s.b.f.s.DefaultListableBeanFactory     : Returning cached instance of singleton bean 'autoConfigurationReport'
2025-01-16T02:20:12.681+02:00 TRACE 25984 --- [FirstSpring] [           main] o.s.b.f.s.DefaultListableBeanFactory     : Returning cached instance of singleton bean 'autoConfigurationReport'
2025-01-16T02:20:12.681+02:00 TRACE 25984 --- [FirstSpring] [           main] o.s.b.f.s.DefaultListableBeanFactory     : Returning cached instance of singleton bean 'autoConfigurationReport'
2025-01-16T02:20:12.681+02:00 TRACE 25984 --- [FirstSpring] [           main] o.s.b.f.s.DefaultListableBeanFactory     : Returning cached instance of singleton bean 'autoConfigurationReport'
2025-01-16T02:20:12.681+02:00 TRACE 25984 --- [FirstSpring] [           main] o.s.b.f.s.DefaultListableBeanFactory     : Returning cached instance of singleton bean 'autoConfigurationReport'
2025-01-16T02:20:12.681+02:00 TRACE 25984 --- [FirstSpring] [           main] o.s.b.f.s.DefaultListableBeanFactory     : Returning cached instance of singleton bean 'autoConfigurationReport'
2025-01-16T02:20:12.687+02:00 TRACE 25984 --- [FirstSpring] [           main] s.b.a.a.e.c.OnAvailableEndpointCondition : Condition OnAvailableEndpointCondition on org.springframework.boot.actuate.autoconfigure.sbom.SbomEndpointAutoConfiguration matched due to @ConditionalOnAvailableEndpoint marked as exposed by a 'management.endpoints.web.exposure' property
2025-01-16T02:20:12.687+02:00 TRACE 25984 --- [FirstSpring] [           main] o.s.b.f.s.DefaultListableBeanFactory     : Returning cached instance of singleton bean 'autoConfigurationReport'
2025-01-16T02:20:12.687+02:00 TRACE 25984 --- [FirstSpring] [           main] o.s.b.f.s.DefaultListableBeanFactory     : Returning cached instance of singleton bean 'autoConfigurationReport'
2025-01-16T02:20:12.687+02:00 TRACE 25984 --- [FirstSpring] [           main] o.s.b.f.s.DefaultListableBeanFactory     : Returning cached instance of singleton bean 'autoConfigurationReport'
2025-01-16T02:20:12.687+02:00 TRACE 25984 --- [FirstSpring] [           main] o.s.b.f.s.DefaultListableBeanFactory     : Returning cached instance of singleton bean 'autoConfigurationReport'
2025-01-16T02:20:12.687+02:00 TRACE 25984 --- [FirstSpring] [           main] o.s.b.f.s.DefaultListableBeanFactory     : Returning cached instance of singleton bean 'autoConfigurationReport'
2025-01-16T02:20:12.687+02:00 TRACE 25984 --- [FirstSpring] [           main] o.s.b.f.s.DefaultListableBeanFactory     : Returning cached instance of singleton bean 'autoConfigurationReport'
2025-01-16T02:20:12.687+02:00 TRACE 25984 --- [FirstSpring] [           main] o.s.b.f.s.DefaultListableBeanFactory     : Returning cached instance of singleton bean 'autoConfigurationReport'
2025-01-16T02:20:12.687+02:00 TRACE 25984 --- [FirstSpring] [           main] o.s.b.f.s.DefaultListableBeanFactory     : Returning cached instance of singleton bean 'autoConfigurationReport'
2025-01-16T02:20:12.687+02:00 TRACE 25984 --- [FirstSpring] [           main] o.s.b.f.s.DefaultListableBeanFactory     : Returning cached instance of singleton bean 'autoConfigurationReport'
2025-01-16T02:20:12.688+02:00 TRACE 25984 --- [FirstSpring] [           main] o.s.b.f.s.DefaultListableBeanFactory     : Returning cached instance of singleton bean 'autoConfigurationReport'
2025-01-16T02:20:12.692+02:00 TRACE 25984 --- [FirstSpring] [           main] s.b.a.a.e.c.OnAvailableEndpointCondition : Condition OnAvailableEndpointCondition on org.springframework.boot.actuate.autoconfigure.scheduling.ScheduledTasksEndpointAutoConfiguration matched due to @ConditionalOnAvailableEndpoint marked as exposed by a 'management.endpoints.web.exposure' property
2025-01-16T02:20:12.692+02:00 TRACE 25984 --- [FirstSpring] [           main] o.s.b.f.s.DefaultListableBeanFactory     : Returning cached instance of singleton bean 'autoConfigurationReport'
2025-01-16T02:20:12.692+02:00 TRACE 25984 --- [FirstSpring] [           main] o.s.b.f.s.DefaultListableBeanFactory     : Returning cached instance of singleton bean 'autoConfigurationReport'
2025-01-16T02:20:12.692+02:00 TRACE 25984 --- [FirstSpring] [           main] o.s.b.f.s.DefaultListableBeanFactory     : Returning cached instance of singleton bean 'autoConfigurationReport'
2025-01-16T02:20:12.692+02:00 TRACE 25984 --- [FirstSpring] [           main] o.s.b.f.s.DefaultListableBeanFactory     : Returning cached instance of singleton bean 'autoConfigurationReport'
2025-01-16T02:20:12.693+02:00 TRACE 25984 --- [FirstSpring] [           main] o.s.b.f.s.DefaultListableBeanFactory     : Returning cached instance of singleton bean 'autoConfigurationReport'
2025-01-16T02:20:12.693+02:00 TRACE 25984 --- [FirstSpring] [           main] o.s.b.f.s.DefaultListableBeanFactory     : Returning cached instance of singleton bean 'autoConfigurationReport'
2025-01-16T02:20:12.693+02:00 TRACE 25984 --- [FirstSpring] [           main] o.s.b.f.s.DefaultListableBeanFactory     : Returning cached instance of singleton bean 'autoConfigurationReport'
2025-01-16T02:20:12.693+02:00 TRACE 25984 --- [FirstSpring] [           main] o.s.b.f.s.DefaultListableBeanFactory     : Returning cached instance of singleton bean 'autoConfigurationReport'
2025-01-16T02:20:12.693+02:00 TRACE 25984 --- [FirstSpring] [           main] o.s.b.f.s.DefaultListableBeanFactory     : Returning cached instance of singleton bean 'autoConfigurationReport'
2025-01-16T02:20:12.693+02:00 TRACE 25984 --- [FirstSpring] [           main] o.s.b.f.s.DefaultListableBeanFactory     : Returning cached instance of singleton bean 'autoConfigurationReport'
2025-01-16T02:20:12.694+02:00 TRACE 25984 --- [FirstSpring] [           main] o.s.b.a.condition.OnClassCondition       : Condition OnClassCondition on org.springframework.boot.actuate.autoconfigure.scheduling.ScheduledTasksObservabilityAutoConfiguration matched due to @ConditionalOnClass found required class 'org.springframework.scheduling.concurrent.ThreadPoolTaskScheduler'
2025-01-16T02:20:12.694+02:00 TRACE 25984 --- [FirstSpring] [           main] o.s.b.f.s.DefaultListableBeanFactory     : Returning cached instance of singleton bean 'autoConfigurationReport'
2025-01-16T02:20:12.694+02:00 TRACE 25984 --- [FirstSpring] [           main] o.s.b.f.s.DefaultListableBeanFactory     : Returning cached instance of singleton bean 'autoConfigurationReport'
2025-01-16T02:20:12.694+02:00 TRACE 25984 --- [FirstSpring] [           main] o.s.b.f.s.DefaultListableBeanFactory     : Returning cached instance of singleton bean 'autoConfigurationReport'
2025-01-16T02:20:12.694+02:00 TRACE 25984 --- [FirstSpring] [           main] o.s.b.f.s.DefaultListableBeanFactory     : Returning cached instance of singleton bean 'autoConfigurationReport'
2025-01-16T02:20:12.695+02:00 TRACE 25984 --- [FirstSpring] [           main] o.s.b.f.s.DefaultListableBeanFactory     : Returning cached instance of singleton bean 'autoConfigurationReport'
2025-01-16T02:20:12.695+02:00 TRACE 25984 --- [FirstSpring] [           main] o.s.b.f.s.DefaultListableBeanFactory     : Returning cached instance of singleton bean 'autoConfigurationReport'
2025-01-16T02:20:12.695+02:00 TRACE 25984 --- [FirstSpring] [           main] o.s.b.f.s.DefaultListableBeanFactory     : Returning cached instance of singleton bean 'autoConfigurationReport'
2025-01-16T02:20:12.695+02:00 TRACE 25984 --- [FirstSpring] [           main] o.s.b.f.s.DefaultListableBeanFactory     : Returning cached instance of singleton bean 'autoConfigurationReport'
2025-01-16T02:20:12.695+02:00 TRACE 25984 --- [FirstSpring] [           main] o.s.b.f.s.DefaultListableBeanFactory     : Returning cached instance of singleton bean 'autoConfigurationReport'
2025-01-16T02:20:12.695+02:00 TRACE 25984 --- [FirstSpring] [           main] o.s.b.f.s.DefaultListableBeanFactory     : Returning cached instance of singleton bean 'autoConfigurationReport'
2025-01-16T02:20:12.699+02:00 TRACE 25984 --- [FirstSpring] [           main] o.s.b.a.c.OnWebApplicationCondition      : Condition OnWebApplicationCondition on org.springframework.boot.actuate.autoconfigure.security.servlet.ManagementWebSecurityAutoConfiguration matched due to found 'session' scope
2025-01-16T02:20:12.699+02:00 TRACE 25984 --- [FirstSpring] [           main] o.s.b.f.s.DefaultListableBeanFactory     : Returning cached instance of singleton bean 'autoConfigurationReport'
2025-01-16T02:20:12.699+02:00 TRACE 25984 --- [FirstSpring] [           main] o.s.b.f.s.DefaultListableBeanFactory     : Returning cached instance of singleton bean 'autoConfigurationReport'
2025-01-16T02:20:12.699+02:00 TRACE 25984 --- [FirstSpring] [           main] o.s.b.f.s.DefaultListableBeanFactory     : Returning cached instance of singleton bean 'autoConfigurationReport'
2025-01-16T02:20:12.699+02:00 TRACE 25984 --- [FirstSpring] [           main] o.s.b.f.s.DefaultListableBeanFactory     : Returning cached instance of singleton bean 'autoConfigurationReport'
2025-01-16T02:20:12.700+02:00 TRACE 25984 --- [FirstSpring] [           main] o.s.b.f.s.DefaultListableBeanFactory     : Returning cached instance of singleton bean 'autoConfigurationReport'
2025-01-16T02:20:12.700+02:00 TRACE 25984 --- [FirstSpring] [           main] o.s.b.f.s.DefaultListableBeanFactory     : Returning cached instance of singleton bean 'autoConfigurationReport'
2025-01-16T02:20:12.700+02:00 TRACE 25984 --- [FirstSpring] [           main] o.s.b.f.s.DefaultListableBeanFactory     : Returning cached instance of singleton bean 'autoConfigurationReport'
2025-01-16T02:20:12.700+02:00 TRACE 25984 --- [FirstSpring] [           main] o.s.b.f.s.DefaultListableBeanFactory     : Returning cached instance of singleton bean 'autoConfigurationReport'
2025-01-16T02:20:12.700+02:00 TRACE 25984 --- [FirstSpring] [           main] o.s.b.f.s.DefaultListableBeanFactory     : Returning cached instance of singleton bean 'autoConfigurationReport'
2025-01-16T02:20:12.700+02:00 TRACE 25984 --- [FirstSpring] [           main] o.s.b.f.s.DefaultListableBeanFactory     : Returning cached instance of singleton bean 'autoConfigurationReport'
2025-01-16T02:20:12.704+02:00 TRACE 25984 --- [FirstSpring] [           main] onfiguration$ApplicationStartupCondition : Condition StartupEndpointAutoConfiguration.ApplicationStartupCondition on org.springframework.boot.actuate.autoconfigure.startup.StartupEndpointAutoConfiguration did not match due to ApplicationStartup configured applicationStartup is of type class org.springframework.core.metrics.DefaultApplicationStartup, expected BufferingApplicationStartup.
2025-01-16T02:20:12.704+02:00 TRACE 25984 --- [FirstSpring] [           main] o.s.b.f.s.DefaultListableBeanFactory     : Returning cached instance of singleton bean 'autoConfigurationReport'
2025-01-16T02:20:12.704+02:00 TRACE 25984 --- [FirstSpring] [           main] o.s.b.f.s.DefaultListableBeanFactory     : Returning cached instance of singleton bean 'autoConfigurationReport'
2025-01-16T02:20:12.704+02:00 TRACE 25984 --- [FirstSpring] [           main] o.s.b.f.s.DefaultListableBeanFactory     : Returning cached instance of singleton bean 'autoConfigurationReport'
2025-01-16T02:20:12.704+02:00 TRACE 25984 --- [FirstSpring] [           main] o.s.b.f.s.DefaultListableBeanFactory     : Returning cached instance of singleton bean 'autoConfigurationReport'
2025-01-16T02:20:12.704+02:00 TRACE 25984 --- [FirstSpring] [           main] o.s.b.f.s.DefaultListableBeanFactory     : Returning cached instance of singleton bean 'autoConfigurationReport'
2025-01-16T02:20:12.704+02:00 TRACE 25984 --- [FirstSpring] [           main] o.s.b.f.s.DefaultListableBeanFactory     : Returning cached instance of singleton bean 'autoConfigurationReport'
2025-01-16T02:20:12.704+02:00 TRACE 25984 --- [FirstSpring] [           main] o.s.b.f.s.DefaultListableBeanFactory     : Returning cached instance of singleton bean 'autoConfigurationReport'
2025-01-16T02:20:12.705+02:00 TRACE 25984 --- [FirstSpring] [           main] o.s.b.a.c.OnWebApplicationCondition      : Condition OnWebApplicationCondition on org.springframework.boot.actuate.autoconfigure.web.exchanges.HttpExchangesAutoConfiguration matched due to @ConditionalOnWebApplication (required) found 'session' scope
2025-01-16T02:20:12.705+02:00 TRACE 25984 --- [FirstSpring] [           main] o.s.b.f.s.DefaultListableBeanFactory     : Returning cached instance of singleton bean 'autoConfigurationReport'
2025-01-16T02:20:12.706+02:00 TRACE 25984 --- [FirstSpring] [           main] o.s.b.a.condition.OnPropertyCondition    : Condition OnPropertyCondition on org.springframework.boot.actuate.autoconfigure.web.exchanges.HttpExchangesAutoConfiguration matched due to @ConditionalOnProperty (management.httpexchanges.recording.enabled) matched
2025-01-16T02:20:12.706+02:00 TRACE 25984 --- [FirstSpring] [           main] o.s.b.f.s.DefaultListableBeanFactory     : Returning cached instance of singleton bean 'autoConfigurationReport'
2025-01-16T02:20:12.706+02:00 TRACE 25984 --- [FirstSpring] [           main] o.s.b.f.s.DefaultListableBeanFactory     : Returning cached instance of singleton bean 'autoConfigurationReport'
2025-01-16T02:20:12.706+02:00 TRACE 25984 --- [FirstSpring] [           main] o.s.b.f.s.DefaultListableBeanFactory     : Returning cached instance of singleton bean 'autoConfigurationReport'
2025-01-16T02:20:12.706+02:00 TRACE 25984 --- [FirstSpring] [           main] o.s.b.f.s.DefaultListableBeanFactory     : Returning cached instance of singleton bean 'autoConfigurationReport'
2025-01-16T02:20:12.707+02:00 TRACE 25984 --- [FirstSpring] [           main] o.s.b.a.c.OnWebApplicationCondition      : Condition OnWebApplicationCondition on org.springframework.boot.actuate.autoconfigure.web.exchanges.HttpExchangesAutoConfiguration$ReactiveHttpExchangesConfiguration did not match due to did not find reactive web application classes
2025-01-16T02:20:12.709+02:00 TRACE 25984 --- [FirstSpring] [           main] o.s.b.f.s.DefaultListableBeanFactory     : Returning cached instance of singleton bean 'autoConfigurationReport'
2025-01-16T02:20:12.709+02:00 TRACE 25984 --- [FirstSpring] [           main] o.s.b.a.c.OnWebApplicationCondition      : Condition OnWebApplicationCondition on org.springframework.boot.actuate.autoconfigure.web.exchanges.HttpExchangesAutoConfiguration$ServletHttpExchangesConfiguration matched due to found 'session' scope
2025-01-16T02:20:12.709+02:00 TRACE 25984 --- [FirstSpring] [           main] o.s.b.f.s.DefaultListableBeanFactory     : Returning cached instance of singleton bean 'autoConfigurationReport'
2025-01-16T02:20:12.709+02:00 TRACE 25984 --- [FirstSpring] [           main] o.s.b.f.s.DefaultListableBeanFactory     : Returning cached instance of singleton bean 'autoConfigurationReport'
2025-01-16T02:20:12.709+02:00 TRACE 25984 --- [FirstSpring] [           main] o.s.b.f.s.DefaultListableBeanFactory     : Returning cached instance of singleton bean 'autoConfigurationReport'
2025-01-16T02:20:12.709+02:00 TRACE 25984 --- [FirstSpring] [           main] o.s.b.f.s.DefaultListableBeanFactory     : Returning cached instance of singleton bean 'autoConfigurationReport'
2025-01-16T02:20:12.710+02:00 TRACE 25984 --- [FirstSpring] [           main] o.s.b.f.s.DefaultListableBeanFactory     : Returning cached instance of singleton bean 'autoConfigurationReport'
2025-01-16T02:20:12.710+02:00 TRACE 25984 --- [FirstSpring] [           main] o.s.b.f.s.DefaultListableBeanFactory     : Returning cached instance of singleton bean 'autoConfigurationReport'
2025-01-16T02:20:12.710+02:00 TRACE 25984 --- [FirstSpring] [           main] o.s.b.f.s.DefaultListableBeanFactory     : Returning cached instance of singleton bean 'autoConfigurationReport'
2025-01-16T02:20:12.710+02:00 TRACE 25984 --- [FirstSpring] [           main] o.s.b.f.s.DefaultListableBeanFactory     : Returning cached instance of singleton bean 'autoConfigurationReport'
2025-01-16T02:20:12.710+02:00 TRACE 25984 --- [FirstSpring] [           main] o.s.b.f.s.DefaultListableBeanFactory     : Returning cached instance of singleton bean 'autoConfigurationReport'
2025-01-16T02:20:12.710+02:00 TRACE 25984 --- [FirstSpring] [           main] o.s.b.f.s.DefaultListableBeanFactory     : Returning cached instance of singleton bean 'autoConfigurationReport'
2025-01-16T02:20:12.713+02:00 TRACE 25984 --- [FirstSpring] [           main] s.b.a.a.e.c.OnAvailableEndpointCondition : Condition OnAvailableEndpointCondition on org.springframework.boot.actuate.autoconfigure.web.exchanges.HttpExchangesEndpointAutoConfiguration matched due to @ConditionalOnAvailableEndpoint marked as exposed by a 'management.endpoints.web.exposure' property
2025-01-16T02:20:12.713+02:00 TRACE 25984 --- [FirstSpring] [           main] o.s.b.f.s.DefaultListableBeanFactory     : Returning cached instance of singleton bean 'autoConfigurationReport'
2025-01-16T02:20:12.713+02:00 TRACE 25984 --- [FirstSpring] [           main] o.s.b.f.s.DefaultListableBeanFactory     : Returning cached instance of singleton bean 'autoConfigurationReport'
2025-01-16T02:20:12.713+02:00 TRACE 25984 --- [FirstSpring] [           main] o.s.b.f.s.DefaultListableBeanFactory     : Returning cached instance of singleton bean 'autoConfigurationReport'
2025-01-16T02:20:12.713+02:00 TRACE 25984 --- [FirstSpring] [           main] o.s.b.f.s.DefaultListableBeanFactory     : Returning cached instance of singleton bean 'autoConfigurationReport'
2025-01-16T02:20:12.713+02:00 TRACE 25984 --- [FirstSpring] [           main] o.s.b.f.s.DefaultListableBeanFactory     : Returning cached instance of singleton bean 'autoConfigurationReport'
2025-01-16T02:20:12.713+02:00 TRACE 25984 --- [FirstSpring] [           main] o.s.b.f.s.DefaultListableBeanFactory     : Returning cached instance of singleton bean 'autoConfigurationReport'
2025-01-16T02:20:12.713+02:00 TRACE 25984 --- [FirstSpring] [           main] o.s.b.f.s.DefaultListableBeanFactory     : Returning cached instance of singleton bean 'autoConfigurationReport'
2025-01-16T02:20:12.713+02:00 TRACE 25984 --- [FirstSpring] [           main] o.s.b.f.s.DefaultListableBeanFactory     : Returning cached instance of singleton bean 'autoConfigurationReport'
2025-01-16T02:20:12.713+02:00 TRACE 25984 --- [FirstSpring] [           main] o.s.b.f.s.DefaultListableBeanFactory     : Returning cached instance of singleton bean 'autoConfigurationReport'
2025-01-16T02:20:12.713+02:00 TRACE 25984 --- [FirstSpring] [           main] o.s.b.f.s.DefaultListableBeanFactory     : Returning cached instance of singleton bean 'autoConfigurationReport'
2025-01-16T02:20:12.715+02:00 TRACE 25984 --- [FirstSpring] [           main] s.b.a.a.e.c.OnAvailableEndpointCondition : Condition OnAvailableEndpointCondition on org.springframework.boot.actuate.autoconfigure.web.mappings.MappingsEndpointAutoConfiguration matched due to @ConditionalOnAvailableEndpoint marked as exposed by a 'management.endpoints.web.exposure' property
2025-01-16T02:20:12.715+02:00 TRACE 25984 --- [FirstSpring] [           main] o.s.b.f.s.DefaultListableBeanFactory     : Returning cached instance of singleton bean 'autoConfigurationReport'
2025-01-16T02:20:12.715+02:00 TRACE 25984 --- [FirstSpring] [           main] o.s.b.f.s.DefaultListableBeanFactory     : Returning cached instance of singleton bean 'autoConfigurationReport'
2025-01-16T02:20:12.715+02:00 TRACE 25984 --- [FirstSpring] [           main] o.s.b.f.s.DefaultListableBeanFactory     : Returning cached instance of singleton bean 'autoConfigurationReport'
2025-01-16T02:20:12.715+02:00 TRACE 25984 --- [FirstSpring] [           main] o.s.b.f.s.DefaultListableBeanFactory     : Returning cached instance of singleton bean 'autoConfigurationReport'
2025-01-16T02:20:12.719+02:00 TRACE 25984 --- [FirstSpring] [           main] o.s.b.a.condition.OnClassCondition       : Condition OnClassCondition on org.springframework.boot.actuate.autoconfigure.web.mappings.MappingsEndpointAutoConfiguration$ReactiveWebConfiguration did not match due to @ConditionalOnClass did not find required class 'org.springframework.web.reactive.DispatcherHandler'
2025-01-16T02:20:12.719+02:00 TRACE 25984 --- [FirstSpring] [           main] o.s.b.f.s.DefaultListableBeanFactory     : Returning cached instance of singleton bean 'autoConfigurationReport'
2025-01-16T02:20:12.719+02:00 TRACE 25984 --- [FirstSpring] [           main] o.s.b.a.c.OnWebApplicationCondition      : Condition OnWebApplicationCondition on org.springframework.boot.actuate.autoconfigure.web.mappings.MappingsEndpointAutoConfiguration$ServletWebConfiguration matched due to found 'session' scope
2025-01-16T02:20:12.720+02:00 TRACE 25984 --- [FirstSpring] [           main] o.s.b.f.s.DefaultListableBeanFactory     : Returning cached instance of singleton bean 'autoConfigurationReport'
2025-01-16T02:20:12.720+02:00 TRACE 25984 --- [FirstSpring] [           main] o.s.b.f.s.DefaultListableBeanFactory     : Returning cached instance of singleton bean 'autoConfigurationReport'
2025-01-16T02:20:12.720+02:00 TRACE 25984 --- [FirstSpring] [           main] o.s.b.f.s.DefaultListableBeanFactory     : Returning cached instance of singleton bean 'autoConfigurationReport'
2025-01-16T02:20:12.720+02:00 TRACE 25984 --- [FirstSpring] [           main] o.s.b.f.s.DefaultListableBeanFactory     : Returning cached instance of singleton bean 'autoConfigurationReport'
2025-01-16T02:20:12.721+02:00 TRACE 25984 --- [FirstSpring] [           main] o.s.b.a.condition.OnClassCondition       : Condition OnClassCondition on org.springframework.boot.actuate.autoconfigure.web.mappings.MappingsEndpointAutoConfiguration$ServletWebConfiguration$SpringMvcConfiguration matched due to @ConditionalOnClass found required class 'org.springframework.web.servlet.DispatcherServlet'
2025-01-16T02:20:12.721+02:00 TRACE 25984 --- [FirstSpring] [           main] o.s.b.f.s.DefaultListableBeanFactory     : Returning cached instance of singleton bean 'autoConfigurationReport'
2025-01-16T02:20:12.721+02:00 TRACE 25984 --- [FirstSpring] [           main] o.s.b.f.s.DefaultListableBeanFactory     : Returning cached instance of singleton bean 'autoConfigurationReport'
2025-01-16T02:20:12.721+02:00 TRACE 25984 --- [FirstSpring] [           main] o.s.b.f.s.DefaultListableBeanFactory     : Returning cached instance of singleton bean 'autoConfigurationReport'
2025-01-16T02:20:12.721+02:00 TRACE 25984 --- [FirstSpring] [           main] o.s.b.f.s.DefaultListableBeanFactory     : Returning cached instance of singleton bean 'autoConfigurationReport'
2025-01-16T02:20:12.722+02:00 TRACE 25984 --- [FirstSpring] [           main] o.s.b.f.s.DefaultListableBeanFactory     : Returning cached instance of singleton bean 'autoConfigurationReport'
2025-01-16T02:20:12.722+02:00 TRACE 25984 --- [FirstSpring] [           main] o.s.b.f.s.DefaultListableBeanFactory     : Returning cached instance of singleton bean 'autoConfigurationReport'
2025-01-16T02:20:12.722+02:00 TRACE 25984 --- [FirstSpring] [           main] o.s.b.f.s.DefaultListableBeanFactory     : Returning cached instance of singleton bean 'autoConfigurationReport'
2025-01-16T02:20:12.723+02:00 TRACE 25984 --- [FirstSpring] [           main] o.s.b.f.s.DefaultListableBeanFactory     : Returning cached instance of singleton bean 'autoConfigurationReport'
2025-01-16T02:20:12.723+02:00 TRACE 25984 --- [FirstSpring] [           main] o.s.b.f.s.DefaultListableBeanFactory     : Returning cached instance of singleton bean 'autoConfigurationReport'
2025-01-16T02:20:12.723+02:00 TRACE 25984 --- [FirstSpring] [           main] o.s.b.f.s.DefaultListableBeanFactory     : Returning cached instance of singleton bean 'autoConfigurationReport'
2025-01-16T02:20:12.724+02:00 TRACE 25984 --- [FirstSpring] [           main] o.s.b.a.condition.OnPropertyCondition    : Condition OnPropertyCondition on org.springframework.boot.autoconfigure.admin.SpringApplicationAdminJmxAutoConfiguration did not match due to @ConditionalOnProperty (spring.application.admin.enabled=true) did not find property 'enabled'
2025-01-16T02:20:12.724+02:00 TRACE 25984 --- [FirstSpring] [           main] o.s.b.f.s.DefaultListableBeanFactory     : Returning cached instance of singleton bean 'autoConfigurationReport'
2025-01-16T02:20:12.725+02:00 TRACE 25984 --- [FirstSpring] [           main] o.s.b.f.s.DefaultListableBeanFactory     : Returning cached instance of singleton bean 'autoConfigurationReport'
2025-01-16T02:20:12.725+02:00 TRACE 25984 --- [FirstSpring] [           main] o.s.b.f.s.DefaultListableBeanFactory     : Returning cached instance of singleton bean 'autoConfigurationReport'
2025-01-16T02:20:12.725+02:00 TRACE 25984 --- [FirstSpring] [           main] o.s.b.f.s.DefaultListableBeanFactory     : Returning cached instance of singleton bean 'autoConfigurationReport'
2025-01-16T02:20:12.725+02:00 TRACE 25984 --- [FirstSpring] [           main] o.s.b.f.s.DefaultListableBeanFactory     : Returning cached instance of singleton bean 'autoConfigurationReport'
2025-01-16T02:20:12.725+02:00 TRACE 25984 --- [FirstSpring] [           main] o.s.b.f.s.DefaultListableBeanFactory     : Returning cached instance of singleton bean 'autoConfigurationReport'
2025-01-16T02:20:12.725+02:00 TRACE 25984 --- [FirstSpring] [           main] o.s.b.f.s.DefaultListableBeanFactory     : Returning cached instance of singleton bean 'autoConfigurationReport'
2025-01-16T02:20:12.727+02:00 TRACE 25984 --- [FirstSpring] [           main] o.s.b.a.condition.OnPropertyCondition    : Condition OnPropertyCondition on org.springframework.boot.autoconfigure.aop.AopAutoConfiguration matched due to @ConditionalOnProperty (spring.aop.auto=true) matched
2025-01-16T02:20:12.727+02:00 TRACE 25984 --- [FirstSpring] [           main] o.s.b.f.s.DefaultListableBeanFactory     : Returning cached instance of singleton bean 'autoConfigurationReport'
2025-01-16T02:20:12.727+02:00 TRACE 25984 --- [FirstSpring] [           main] o.s.b.f.s.DefaultListableBeanFactory     : Returning cached instance of singleton bean 'autoConfigurationReport'
2025-01-16T02:20:12.728+02:00 TRACE 25984 --- [FirstSpring] [           main] o.s.b.f.s.DefaultListableBeanFactory     : Returning cached instance of singleton bean 'autoConfigurationReport'
2025-01-16T02:20:12.728+02:00 TRACE 25984 --- [FirstSpring] [           main] o.s.b.f.s.DefaultListableBeanFactory     : Returning cached instance of singleton bean 'autoConfigurationReport'
2025-01-16T02:20:12.730+02:00 TRACE 25984 --- [FirstSpring] [           main] o.s.b.a.condition.OnClassCondition       : Condition OnClassCondition on org.springframework.boot.autoconfigure.aop.AopAutoConfiguration$ClassProxyingConfiguration matched due to @ConditionalOnMissingClass did not find unwanted class 'org.aspectj.weaver.Advice'
2025-01-16T02:20:12.731+02:00 TRACE 25984 --- [FirstSpring] [           main] o.s.b.f.s.DefaultListableBeanFactory     : Returning cached instance of singleton bean 'autoConfigurationReport'
2025-01-16T02:20:12.731+02:00 TRACE 25984 --- [FirstSpring] [           main] o.s.b.a.condition.OnPropertyCondition    : Condition OnPropertyCondition on org.springframework.boot.autoconfigure.aop.AopAutoConfiguration$ClassProxyingConfiguration matched due to @ConditionalOnProperty (spring.aop.proxy-target-class=true) matched
2025-01-16T02:20:12.731+02:00 TRACE 25984 --- [FirstSpring] [           main] o.s.b.f.s.DefaultListableBeanFactory     : Returning cached instance of singleton bean 'autoConfigurationReport'
2025-01-16T02:20:12.731+02:00 TRACE 25984 --- [FirstSpring] [           main] o.s.b.f.s.DefaultListableBeanFactory     : Returning cached instance of singleton bean 'autoConfigurationReport'
2025-01-16T02:20:12.731+02:00 TRACE 25984 --- [FirstSpring] [           main] o.s.b.f.s.DefaultListableBeanFactory     : Returning cached instance of singleton bean 'autoConfigurationReport'
2025-01-16T02:20:12.731+02:00 TRACE 25984 --- [FirstSpring] [           main] o.s.b.f.s.DefaultListableBeanFactory     : Returning cached instance of singleton bean 'autoConfigurationReport'
2025-01-16T02:20:12.732+02:00 TRACE 25984 --- [FirstSpring] [           main] o.s.b.a.condition.OnClassCondition       : Condition OnClassCondition on org.springframework.boot.autoconfigure.aop.AopAutoConfiguration$AspectJAutoProxyingConfiguration did not match due to @ConditionalOnClass did not find required class 'org.aspectj.weaver.Advice'
2025-01-16T02:20:12.732+02:00 TRACE 25984 --- [FirstSpring] [           main] o.s.b.f.s.DefaultListableBeanFactory     : Returning cached instance of singleton bean 'autoConfigurationReport'
2025-01-16T02:20:12.733+02:00 TRACE 25984 --- [FirstSpring] [           main] o.s.b.f.s.DefaultListableBeanFactory     : Returning cached instance of singleton bean 'autoConfigurationReport'
2025-01-16T02:20:12.733+02:00 TRACE 25984 --- [FirstSpring] [           main] o.s.b.f.s.DefaultListableBeanFactory     : Returning cached instance of singleton bean 'autoConfigurationReport'
2025-01-16T02:20:12.733+02:00 TRACE 25984 --- [FirstSpring] [           main] o.s.b.f.s.DefaultListableBeanFactory     : Returning cached instance of singleton bean 'autoConfigurationReport'
2025-01-16T02:20:12.733+02:00 TRACE 25984 --- [FirstSpring] [           main] o.s.b.f.s.DefaultListableBeanFactory     : Returning cached instance of singleton bean 'autoConfigurationReport'
2025-01-16T02:20:12.733+02:00 TRACE 25984 --- [FirstSpring] [           main] o.s.b.f.s.DefaultListableBeanFactory     : Returning cached instance of singleton bean 'autoConfigurationReport'
2025-01-16T02:20:12.733+02:00 TRACE 25984 --- [FirstSpring] [           main] o.s.b.f.s.DefaultListableBeanFactory     : Returning cached instance of singleton bean 'autoConfigurationReport'
2025-01-16T02:20:12.734+02:00 TRACE 25984 --- [FirstSpring] [           main] o.s.b.f.s.DefaultListableBeanFactory     : Returning cached instance of singleton bean 'autoConfigurationReport'
2025-01-16T02:20:12.734+02:00 TRACE 25984 --- [FirstSpring] [           main] o.s.b.f.s.DefaultListableBeanFactory     : Returning cached instance of singleton bean 'autoConfigurationReport'
2025-01-16T02:20:12.734+02:00 TRACE 25984 --- [FirstSpring] [           main] o.s.b.f.s.DefaultListableBeanFactory     : Returning cached instance of singleton bean 'autoConfigurationReport'
2025-01-16T02:20:12.734+02:00 TRACE 25984 --- [FirstSpring] [           main] o.s.b.f.s.DefaultListableBeanFactory     : Returning cached instance of singleton bean 'autoConfigurationReport'
2025-01-16T02:20:12.734+02:00 TRACE 25984 --- [FirstSpring] [           main] o.s.b.f.s.DefaultListableBeanFactory     : Returning cached instance of singleton bean 'autoConfigurationReport'
2025-01-16T02:20:12.734+02:00 TRACE 25984 --- [FirstSpring] [           main] o.s.b.f.s.DefaultListableBeanFactory     : Returning cached instance of singleton bean 'autoConfigurationReport'
2025-01-16T02:20:12.735+02:00 TRACE 25984 --- [FirstSpring] [           main] o.s.b.f.s.DefaultListableBeanFactory     : Returning cached instance of singleton bean 'autoConfigurationReport'
2025-01-16T02:20:12.735+02:00 TRACE 25984 --- [FirstSpring] [           main] o.s.b.f.s.DefaultListableBeanFactory     : Returning cached instance of singleton bean 'autoConfigurationReport'
2025-01-16T02:20:12.735+02:00 TRACE 25984 --- [FirstSpring] [           main] o.s.b.f.s.DefaultListableBeanFactory     : Returning cached instance of singleton bean 'autoConfigurationReport'
2025-01-16T02:20:12.735+02:00 TRACE 25984 --- [FirstSpring] [           main] o.s.b.f.s.DefaultListableBeanFactory     : Returning cached instance of singleton bean 'autoConfigurationReport'
2025-01-16T02:20:12.735+02:00 TRACE 25984 --- [FirstSpring] [           main] o.s.b.f.s.DefaultListableBeanFactory     : Returning cached instance of singleton bean 'autoConfigurationReport'
2025-01-16T02:20:12.735+02:00 TRACE 25984 --- [FirstSpring] [           main] o.s.b.f.s.DefaultListableBeanFactory     : Returning cached instance of singleton bean 'autoConfigurationReport'
2025-01-16T02:20:12.735+02:00 TRACE 25984 --- [FirstSpring] [           main] o.s.b.f.s.DefaultListableBeanFactory     : Returning cached instance of singleton bean 'autoConfigurationReport'
2025-01-16T02:20:12.735+02:00 TRACE 25984 --- [FirstSpring] [           main] o.s.b.f.s.DefaultListableBeanFactory     : Returning cached instance of singleton bean 'autoConfigurationReport'
2025-01-16T02:20:12.735+02:00 TRACE 25984 --- [FirstSpring] [           main] o.s.b.f.s.DefaultListableBeanFactory     : Returning cached instance of singleton bean 'autoConfigurationReport'
2025-01-16T02:20:12.736+02:00 TRACE 25984 --- [FirstSpring] [           main] o.s.b.f.s.DefaultListableBeanFactory     : Returning cached instance of singleton bean 'autoConfigurationReport'
2025-01-16T02:20:12.736+02:00 TRACE 25984 --- [FirstSpring] [           main] o.s.b.f.s.DefaultListableBeanFactory     : Returning cached instance of singleton bean 'autoConfigurationReport'
2025-01-16T02:20:12.736+02:00 TRACE 25984 --- [FirstSpring] [           main] o.s.b.f.s.DefaultListableBeanFactory     : Returning cached instance of singleton bean 'autoConfigurationReport'
2025-01-16T02:20:12.738+02:00 TRACE 25984 --- [FirstSpring] [           main] o.s.b.a.condition.OnPropertyCondition    : Condition OnPropertyCondition on org.springframework.boot.autoconfigure.sql.init.SqlInitializationAutoConfiguration matched due to @ConditionalOnProperty (spring.sql.init.enabled) matched
2025-01-16T02:20:12.739+02:00 TRACE 25984 --- [FirstSpring] [           main] o.s.b.f.s.DefaultListableBeanFactory     : Returning cached instance of singleton bean 'autoConfigurationReport'
2025-01-16T02:20:12.740+02:00 TRACE 25984 --- [FirstSpring] [           main] iguration$SqlInitializationModeCondition : Condition SqlInitializationAutoConfiguration.SqlInitializationModeCondition on org.springframework.boot.autoconfigure.sql.init.SqlInitializationAutoConfiguration matched due to NoneNestedConditions 0 matched 1 did not; NestedCondition on SqlInitializationAutoConfiguration.SqlInitializationModeCondition.ModeIsNever @ConditionalOnProperty (spring.sql.init.mode=never) did not find property 'mode'
2025-01-16T02:20:12.740+02:00 TRACE 25984 --- [FirstSpring] [           main] o.s.b.f.s.DefaultListableBeanFactory     : Returning cached instance of singleton bean 'autoConfigurationReport'
2025-01-16T02:20:12.742+02:00 TRACE 25984 --- [FirstSpring] [           main] o.s.b.f.s.DefaultListableBeanFactory     : Returning cached instance of singleton bean 'autoConfigurationReport'
2025-01-16T02:20:12.742+02:00 TRACE 25984 --- [FirstSpring] [           main] o.s.b.f.s.DefaultListableBeanFactory     : Returning cached instance of singleton bean 'autoConfigurationReport'
2025-01-16T02:20:12.742+02:00 TRACE 25984 --- [FirstSpring] [           main] o.s.b.f.s.DefaultListableBeanFactory     : Returning cached instance of singleton bean 'autoConfigurationReport'
2025-01-16T02:20:12.746+02:00 TRACE 25984 --- [FirstSpring] [           main] o.s.b.a.condition.OnClassCondition       : Condition OnClassCondition on org.springframework.boot.autoconfigure.sql.init.R2dbcInitializationConfiguration did not match due to @ConditionalOnClass did not find required classes 'io.r2dbc.spi.ConnectionFactory', 'org.springframework.r2dbc.connection.init.DatabasePopulator'
2025-01-16T02:20:12.746+02:00 TRACE 25984 --- [FirstSpring] [           main] o.s.b.f.s.DefaultListableBeanFactory     : Returning cached instance of singleton bean 'autoConfigurationReport'
2025-01-16T02:20:12.747+02:00 TRACE 25984 --- [FirstSpring] [           main] o.s.b.a.condition.OnClassCondition       : Condition OnClassCondition on org.springframework.boot.autoconfigure.sql.init.DataSourceInitializationConfiguration did not match due to @ConditionalOnClass did not find required class 'org.springframework.jdbc.datasource.init.DatabasePopulator'
2025-01-16T02:20:12.747+02:00 TRACE 25984 --- [FirstSpring] [           main] o.s.b.f.s.DefaultListableBeanFactory     : Returning cached instance of singleton bean 'autoConfigurationReport'
2025-01-16T02:20:12.747+02:00 TRACE 25984 --- [FirstSpring] [           main] o.s.b.f.s.DefaultListableBeanFactory     : Returning cached instance of singleton bean 'autoConfigurationReport'
2025-01-16T02:20:12.747+02:00 TRACE 25984 --- [FirstSpring] [           main] o.s.b.f.s.DefaultListableBeanFactory     : Returning cached instance of singleton bean 'autoConfigurationReport'
2025-01-16T02:20:12.747+02:00 TRACE 25984 --- [FirstSpring] [           main] o.s.b.f.s.DefaultListableBeanFactory     : Returning cached instance of singleton bean 'autoConfigurationReport'
2025-01-16T02:20:12.747+02:00 TRACE 25984 --- [FirstSpring] [           main] o.s.b.f.s.DefaultListableBeanFactory     : Returning cached instance of singleton bean 'autoConfigurationReport'
2025-01-16T02:20:12.747+02:00 TRACE 25984 --- [FirstSpring] [           main] o.s.b.f.s.DefaultListableBeanFactory     : Returning cached instance of singleton bean 'autoConfigurationReport'
2025-01-16T02:20:12.747+02:00 TRACE 25984 --- [FirstSpring] [           main] o.s.b.f.s.DefaultListableBeanFactory     : Returning cached instance of singleton bean 'autoConfigurationReport'
2025-01-16T02:20:12.749+02:00 TRACE 25984 --- [FirstSpring] [           main] o.s.b.a.c.OnWebApplicationCondition      : Condition OnWebApplicationCondition on org.springframework.boot.autoconfigure.web.embedded.EmbeddedWebServerFactoryCustomizerAutoConfiguration matched due to @ConditionalOnWebApplication (required) found 'session' scope
2025-01-16T02:20:12.749+02:00 TRACE 25984 --- [FirstSpring] [           main] o.s.b.f.s.DefaultListableBeanFactory     : Returning cached instance of singleton bean 'autoConfigurationReport'
2025-01-16T02:20:12.749+02:00 TRACE 25984 --- [FirstSpring] [           main] o.s.b.a.c.OnWarDeploymentCondition       : Condition OnWarDeploymentCondition on org.springframework.boot.autoconfigure.web.embedded.EmbeddedWebServerFactoryCustomizerAutoConfiguration did not match due to Application is deployed as a WAR file.
2025-01-16T02:20:12.749+02:00 TRACE 25984 --- [FirstSpring] [           main] o.s.b.f.s.DefaultListableBeanFactory     : Returning cached instance of singleton bean 'autoConfigurationReport'
2025-01-16T02:20:12.749+02:00 TRACE 25984 --- [FirstSpring] [           main] o.s.b.f.s.DefaultListableBeanFactory     : Returning cached instance of singleton bean 'autoConfigurationReport'
2025-01-16T02:20:12.749+02:00 TRACE 25984 --- [FirstSpring] [           main] o.s.b.f.s.DefaultListableBeanFactory     : Returning cached instance of singleton bean 'autoConfigurationReport'
2025-01-16T02:20:12.749+02:00 TRACE 25984 --- [FirstSpring] [           main] o.s.b.f.s.DefaultListableBeanFactory     : Returning cached instance of singleton bean 'autoConfigurationReport'
2025-01-16T02:20:12.750+02:00 TRACE 25984 --- [FirstSpring] [           main] o.s.b.f.s.DefaultListableBeanFactory     : Returning cached instance of singleton bean 'autoConfigurationReport'
2025-01-16T02:20:12.750+02:00 TRACE 25984 --- [FirstSpring] [           main] o.s.b.f.s.DefaultListableBeanFactory     : Returning cached instance of singleton bean 'autoConfigurationReport'
2025-01-16T02:20:12.750+02:00 TRACE 25984 --- [FirstSpring] [           main] o.s.b.f.s.DefaultListableBeanFactory     : Returning cached instance of singleton bean 'autoConfigurationReport'
2025-01-16T02:20:12.751+02:00 TRACE 25984 --- [FirstSpring] [           main] o.s.b.a.condition.OnClassCondition       : Condition OnClassCondition on org.springframework.boot.autoconfigure.web.servlet.HttpEncodingAutoConfiguration matched due to @ConditionalOnClass found required class 'org.springframework.web.filter.CharacterEncodingFilter'
2025-01-16T02:20:12.751+02:00 TRACE 25984 --- [FirstSpring] [           main] o.s.b.f.s.DefaultListableBeanFactory     : Returning cached instance of singleton bean 'autoConfigurationReport'
2025-01-16T02:20:12.751+02:00 TRACE 25984 --- [FirstSpring] [           main] o.s.b.a.c.OnWebApplicationCondition      : Condition OnWebApplicationCondition on org.springframework.boot.autoconfigure.web.servlet.HttpEncodingAutoConfiguration matched due to found 'session' scope
2025-01-16T02:20:12.751+02:00 TRACE 25984 --- [FirstSpring] [           main] o.s.b.f.s.DefaultListableBeanFactory     : Returning cached instance of singleton bean 'autoConfigurationReport'
2025-01-16T02:20:12.752+02:00 TRACE 25984 --- [FirstSpring] [           main] o.s.b.a.condition.OnPropertyCondition    : Condition OnPropertyCondition on org.springframework.boot.autoconfigure.web.servlet.HttpEncodingAutoConfiguration matched due to @ConditionalOnProperty (server.servlet.encoding.enabled) matched
2025-01-16T02:20:12.752+02:00 TRACE 25984 --- [FirstSpring] [           main] o.s.b.f.s.DefaultListableBeanFactory     : Returning cached instance of singleton bean 'autoConfigurationReport'
2025-01-16T02:20:12.752+02:00 TRACE 25984 --- [FirstSpring] [           main] o.s.b.f.s.DefaultListableBeanFactory     : Returning cached instance of singleton bean 'autoConfigurationReport'
2025-01-16T02:20:12.752+02:00 TRACE 25984 --- [FirstSpring] [           main] o.s.b.f.s.DefaultListableBeanFactory     : Returning cached instance of singleton bean 'autoConfigurationReport'
2025-01-16T02:20:12.752+02:00 TRACE 25984 --- [FirstSpring] [           main] o.s.b.f.s.DefaultListableBeanFactory     : Returning cached instance of singleton bean 'autoConfigurationReport'
2025-01-16T02:20:12.753+02:00 TRACE 25984 --- [FirstSpring] [           main] o.s.b.f.s.DefaultListableBeanFactory     : Returning cached instance of singleton bean 'autoConfigurationReport'
2025-01-16T02:20:12.753+02:00 TRACE 25984 --- [FirstSpring] [           main] o.s.b.f.s.DefaultListableBeanFactory     : Returning cached instance of singleton bean 'autoConfigurationReport'
2025-01-16T02:20:12.753+02:00 TRACE 25984 --- [FirstSpring] [           main] o.s.b.f.s.DefaultListableBeanFactory     : Returning cached instance of singleton bean 'autoConfigurationReport'
2025-01-16T02:20:12.753+02:00 TRACE 25984 --- [FirstSpring] [           main] o.s.b.f.s.DefaultListableBeanFactory     : Returning cached instance of singleton bean 'autoConfigurationReport'
2025-01-16T02:20:12.753+02:00 TRACE 25984 --- [FirstSpring] [           main] o.s.b.f.s.DefaultListableBeanFactory     : Returning cached instance of singleton bean 'autoConfigurationReport'
2025-01-16T02:20:12.753+02:00 TRACE 25984 --- [FirstSpring] [           main] o.s.b.f.s.DefaultListableBeanFactory     : Returning cached instance of singleton bean 'autoConfigurationReport'
2025-01-16T02:20:12.755+02:00 TRACE 25984 --- [FirstSpring] [           main] o.s.b.a.condition.OnClassCondition       : Condition OnClassCondition on org.springframework.boot.autoconfigure.web.servlet.MultipartAutoConfiguration matched due to @ConditionalOnClass found required classes 'jakarta.servlet.Servlet', 'org.springframework.web.multipart.support.StandardServletMultipartResolver', 'jakarta.servlet.MultipartConfigElement'
2025-01-16T02:20:12.755+02:00 TRACE 25984 --- [FirstSpring] [           main] o.s.b.f.s.DefaultListableBeanFactory     : Returning cached instance of singleton bean 'autoConfigurationReport'
2025-01-16T02:20:12.755+02:00 TRACE 25984 --- [FirstSpring] [           main] o.s.b.a.c.OnWebApplicationCondition      : Condition OnWebApplicationCondition on org.springframework.boot.autoconfigure.web.servlet.MultipartAutoConfiguration matched due to found 'session' scope
2025-01-16T02:20:12.755+02:00 TRACE 25984 --- [FirstSpring] [           main] o.s.b.f.s.DefaultListableBeanFactory     : Returning cached instance of singleton bean 'autoConfigurationReport'
2025-01-16T02:20:12.755+02:00 TRACE 25984 --- [FirstSpring] [           main] o.s.b.a.condition.OnPropertyCondition    : Condition OnPropertyCondition on org.springframework.boot.autoconfigure.web.servlet.MultipartAutoConfiguration matched due to @ConditionalOnProperty (spring.servlet.multipart.enabled) matched
2025-01-16T02:20:12.755+02:00 TRACE 25984 --- [FirstSpring] [           main] o.s.b.f.s.DefaultListableBeanFactory     : Returning cached instance of singleton bean 'autoConfigurationReport'
2025-01-16T02:20:12.755+02:00 TRACE 25984 --- [FirstSpring] [           main] o.s.b.f.s.DefaultListableBeanFactory     : Returning cached instance of singleton bean 'autoConfigurationReport'
2025-01-16T02:20:12.755+02:00 TRACE 25984 --- [FirstSpring] [           main] o.s.b.f.s.DefaultListableBeanFactory     : Returning cached instance of singleton bean 'autoConfigurationReport'
2025-01-16T02:20:12.755+02:00 TRACE 25984 --- [FirstSpring] [           main] o.s.b.f.s.DefaultListableBeanFactory     : Returning cached instance of singleton bean 'autoConfigurationReport'
2025-01-16T02:20:12.755+02:00 TRACE 25984 --- [FirstSpring] [           main] o.s.b.f.s.DefaultListableBeanFactory     : Returning cached instance of singleton bean 'autoConfigurationReport'
2025-01-16T02:20:12.755+02:00 TRACE 25984 --- [FirstSpring] [           main] o.s.b.f.s.DefaultListableBeanFactory     : Returning cached instance of singleton bean 'autoConfigurationReport'
2025-01-16T02:20:12.755+02:00 TRACE 25984 --- [FirstSpring] [           main] o.s.b.f.s.DefaultListableBeanFactory     : Returning cached instance of singleton bean 'autoConfigurationReport'
2025-01-16T02:20:12.755+02:00 TRACE 25984 --- [FirstSpring] [           main] o.s.b.f.s.DefaultListableBeanFactory     : Returning cached instance of singleton bean 'autoConfigurationReport'
2025-01-16T02:20:12.755+02:00 TRACE 25984 --- [FirstSpring] [           main] o.s.b.f.s.DefaultListableBeanFactory     : Returning cached instance of singleton bean 'autoConfigurationReport'
2025-01-16T02:20:12.755+02:00 TRACE 25984 --- [FirstSpring] [           main] o.s.b.f.s.DefaultListableBeanFactory     : Returning cached instance of singleton bean 'autoConfigurationReport'
2025-01-16T02:20:12.757+02:00 TRACE 25984 --- [FirstSpring] [           main] o.s.b.a.condition.OnClassCondition       : Condition OnClassCondition on org.springframework.boot.devtools.autoconfigure.DevToolsDataSourceAutoConfiguration matched due to @ConditionalOnClass found required class 'javax.sql.DataSource'
2025-01-16T02:20:12.757+02:00 TRACE 25984 --- [FirstSpring] [           main] o.s.b.f.s.DefaultListableBeanFactory     : Returning cached instance of singleton bean 'autoConfigurationReport'
2025-01-16T02:20:12.757+02:00 TRACE 25984 --- [FirstSpring] [           main] o.s.b.d.a.OnEnabledDevToolsCondition     : Condition OnEnabledDevToolsCondition on org.springframework.boot.devtools.autoconfigure.DevToolsDataSourceAutoConfiguration did not match due to Devtools devtools is disabled for current context.
2025-01-16T02:20:12.757+02:00 TRACE 25984 --- [FirstSpring] [           main] o.s.b.f.s.DefaultListableBeanFactory     : Returning cached instance of singleton bean 'autoConfigurationReport'
2025-01-16T02:20:12.757+02:00 TRACE 25984 --- [FirstSpring] [           main] o.s.b.f.s.DefaultListableBeanFactory     : Returning cached instance of singleton bean 'autoConfigurationReport'
2025-01-16T02:20:12.757+02:00 TRACE 25984 --- [FirstSpring] [           main] o.s.b.f.s.DefaultListableBeanFactory     : Returning cached instance of singleton bean 'autoConfigurationReport'
2025-01-16T02:20:12.757+02:00 TRACE 25984 --- [FirstSpring] [           main] o.s.b.f.s.DefaultListableBeanFactory     : Returning cached instance of singleton bean 'autoConfigurationReport'
2025-01-16T02:20:12.757+02:00 TRACE 25984 --- [FirstSpring] [           main] o.s.b.f.s.DefaultListableBeanFactory     : Returning cached instance of singleton bean 'autoConfigurationReport'
2025-01-16T02:20:12.757+02:00 TRACE 25984 --- [FirstSpring] [           main] o.s.b.f.s.DefaultListableBeanFactory     : Returning cached instance of singleton bean 'autoConfigurationReport'
2025-01-16T02:20:12.757+02:00 TRACE 25984 --- [FirstSpring] [           main] o.s.b.f.s.DefaultListableBeanFactory     : Returning cached instance of singleton bean 'autoConfigurationReport'
2025-01-16T02:20:12.759+02:00 TRACE 25984 --- [FirstSpring] [           main] .s.b.d.r.OnInitializedRestarterCondition : Condition OnInitializedRestarterCondition on org.springframework.boot.devtools.autoconfigure.LocalDevToolsAutoConfiguration did not match due to Initialized Restarter Condition initialized without URLs
2025-01-16T02:20:12.759+02:00 TRACE 25984 --- [FirstSpring] [           main] o.s.b.f.s.DefaultListableBeanFactory     : Returning cached instance of singleton bean 'autoConfigurationReport'
2025-01-16T02:20:12.759+02:00 TRACE 25984 --- [FirstSpring] [           main] o.s.b.f.s.DefaultListableBeanFactory     : Returning cached instance of singleton bean 'autoConfigurationReport'
2025-01-16T02:20:12.759+02:00 TRACE 25984 --- [FirstSpring] [           main] o.s.b.f.s.DefaultListableBeanFactory     : Returning cached instance of singleton bean 'autoConfigurationReport'
2025-01-16T02:20:12.759+02:00 TRACE 25984 --- [FirstSpring] [           main] o.s.b.f.s.DefaultListableBeanFactory     : Returning cached instance of singleton bean 'autoConfigurationReport'
2025-01-16T02:20:12.759+02:00 TRACE 25984 --- [FirstSpring] [           main] o.s.b.f.s.DefaultListableBeanFactory     : Returning cached instance of singleton bean 'autoConfigurationReport'
2025-01-16T02:20:12.759+02:00 TRACE 25984 --- [FirstSpring] [           main] o.s.b.f.s.DefaultListableBeanFactory     : Returning cached instance of singleton bean 'autoConfigurationReport'
2025-01-16T02:20:12.759+02:00 TRACE 25984 --- [FirstSpring] [           main] o.s.b.f.s.DefaultListableBeanFactory     : Returning cached instance of singleton bean 'autoConfigurationReport'
2025-01-16T02:20:12.760+02:00 TRACE 25984 --- [FirstSpring] [           main] o.s.b.a.condition.OnClassCondition       : Condition OnClassCondition on org.springframework.boot.devtools.autoconfigure.RemoteDevToolsAutoConfiguration matched due to @ConditionalOnClass found required classes 'jakarta.servlet.Filter', 'org.springframework.http.server.ServerHttpRequest'
2025-01-16T02:20:12.760+02:00 TRACE 25984 --- [FirstSpring] [           main] o.s.b.f.s.DefaultListableBeanFactory     : Returning cached instance of singleton bean 'autoConfigurationReport'
2025-01-16T02:20:12.760+02:00 TRACE 25984 --- [FirstSpring] [           main] o.s.b.a.condition.OnPropertyCondition    : Condition OnPropertyCondition on org.springframework.boot.devtools.autoconfigure.RemoteDevToolsAutoConfiguration did not match due to @ConditionalOnProperty (spring.devtools.remote.secret) did not find property 'secret'
2025-01-16T02:20:12.760+02:00 TRACE 25984 --- [FirstSpring] [           main] o.s.b.f.s.DefaultListableBeanFactory     : Returning cached instance of singleton bean 'autoConfigurationReport'
2025-01-16T02:20:12.760+02:00 TRACE 25984 --- [FirstSpring] [           main] o.s.b.f.s.DefaultListableBeanFactory     : Returning cached instance of singleton bean 'autoConfigurationReport'
2025-01-16T02:20:12.760+02:00 TRACE 25984 --- [FirstSpring] [           main] o.s.b.f.s.DefaultListableBeanFactory     : Returning cached instance of singleton bean 'autoConfigurationReport'
2025-01-16T02:20:12.760+02:00 TRACE 25984 --- [FirstSpring] [           main] o.s.b.f.s.DefaultListableBeanFactory     : Returning cached instance of singleton bean 'autoConfigurationReport'
2025-01-16T02:20:12.761+02:00 TRACE 25984 --- [FirstSpring] [           main] o.s.b.f.s.DefaultListableBeanFactory     : Returning cached instance of singleton bean 'autoConfigurationReport'
2025-01-16T02:20:12.761+02:00 TRACE 25984 --- [FirstSpring] [           main] o.s.b.f.s.DefaultListableBeanFactory     : Returning cached instance of singleton bean 'autoConfigurationReport'
2025-01-16T02:20:12.761+02:00 TRACE 25984 --- [FirstSpring] [           main] o.s.b.f.s.DefaultListableBeanFactory     : Returning cached instance of singleton bean 'autoConfigurationReport'
2025-01-16T02:20:12.761+02:00 TRACE 25984 --- [FirstSpring] [           main] o.s.b.f.s.DefaultListableBeanFactory     : Returning cached instance of singleton bean 'autoConfigurationReport'
2025-01-16T02:20:12.761+02:00 TRACE 25984 --- [FirstSpring] [           main] o.s.b.f.s.DefaultListableBeanFactory     : Returning cached instance of singleton bean 'autoConfigurationReport'
2025-01-16T02:20:12.761+02:00 TRACE 25984 --- [FirstSpring] [           main] o.s.b.f.s.DefaultListableBeanFactory     : Returning cached instance of singleton bean 'autoConfigurationReport'
2025-01-16T02:20:12.764+02:00 TRACE 25984 --- [FirstSpring] [           main] o.s.b.a.a.w.s.OnManagementPortCondition  : Condition OnManagementPortCondition on org.springframework.boot.actuate.autoconfigure.web.server.ManagementContextAutoConfiguration$DifferentManagementContextConfiguration did not match due to Management Port actual port type (SAME) did not match required type (DIFFERENT)
2025-01-16T02:20:12.764+02:00 TRACE 25984 --- [FirstSpring] [           main] o.s.b.f.s.DefaultListableBeanFactory     : Returning cached instance of singleton bean 'autoConfigurationReport'
2025-01-16T02:20:12.764+02:00 TRACE 25984 --- [FirstSpring] [           main] o.s.b.a.a.w.s.OnManagementPortCondition  : Condition OnManagementPortCondition on org.springframework.boot.actuate.autoconfigure.web.server.ManagementContextAutoConfiguration$SameManagementContextConfiguration matched due to Management Port actual port type (SAME) matched required type
2025-01-16T02:20:12.764+02:00 TRACE 25984 --- [FirstSpring] [           main] o.s.b.f.s.DefaultListableBeanFactory     : Returning cached instance of singleton bean 'autoConfigurationReport'
2025-01-16T02:20:12.765+02:00 TRACE 25984 --- [FirstSpring] [           main] o.s.b.f.s.DefaultListableBeanFactory     : Returning cached instance of singleton bean 'autoConfigurationReport'
2025-01-16T02:20:12.765+02:00 TRACE 25984 --- [FirstSpring] [           main] o.s.b.f.s.DefaultListableBeanFactory     : Returning cached instance of singleton bean 'autoConfigurationReport'
2025-01-16T02:20:12.765+02:00 TRACE 25984 --- [FirstSpring] [           main] o.s.b.f.s.DefaultListableBeanFactory     : Returning cached instance of singleton bean 'autoConfigurationReport'
2025-01-16T02:20:12.768+02:00 TRACE 25984 --- [FirstSpring] [           main] o.s.b.f.s.DefaultListableBeanFactory     : Returning cached instance of singleton bean 'autoConfigurationReport'
2025-01-16T02:20:12.768+02:00 TRACE 25984 --- [FirstSpring] [           main] o.s.b.f.s.DefaultListableBeanFactory     : Returning cached instance of singleton bean 'autoConfigurationReport'
2025-01-16T02:20:12.768+02:00 TRACE 25984 --- [FirstSpring] [           main] o.s.b.f.s.DefaultListableBeanFactory     : Returning cached instance of singleton bean 'autoConfigurationReport'
2025-01-16T02:20:12.790+02:00 TRACE 25984 --- [FirstSpring] [           main] o.s.b.a.c.OnWebApplicationCondition      : Condition OnWebApplicationCondition on org.springframework.boot.actuate.autoconfigure.endpoint.web.ServletEndpointManagementContextConfiguration matched due to found 'session' scope
2025-01-16T02:20:12.790+02:00 TRACE 25984 --- [FirstSpring] [           main] o.s.b.f.s.DefaultListableBeanFactory     : Returning cached instance of singleton bean 'autoConfigurationReport'
2025-01-16T02:20:12.791+02:00 TRACE 25984 --- [FirstSpring] [           main] o.s.b.a.condition.OnClassCondition       : Condition OnClassCondition on org.springframework.boot.actuate.autoconfigure.endpoint.web.ServletEndpointManagementContextConfiguration$JerseyServletEndpointManagementContextConfiguration did not match due to @ConditionalOnClass did not find required class 'org.glassfish.jersey.server.ResourceConfig'
2025-01-16T02:20:12.792+02:00 TRACE 25984 --- [FirstSpring] [           main] o.s.b.f.s.DefaultListableBeanFactory     : Returning cached instance of singleton bean 'autoConfigurationReport'
2025-01-16T02:20:12.792+02:00 TRACE 25984 --- [FirstSpring] [           main] o.s.b.a.condition.OnClassCondition       : Condition OnClassCondition on org.springframework.boot.actuate.autoconfigure.endpoint.web.ServletEndpointManagementContextConfiguration$WebMvcServletEndpointManagementContextConfiguration matched due to @ConditionalOnClass found required class 'org.springframework.web.servlet.DispatcherServlet'
2025-01-16T02:20:12.792+02:00 TRACE 25984 --- [FirstSpring] [           main] o.s.b.f.s.DefaultListableBeanFactory     : Returning cached instance of singleton bean 'autoConfigurationReport'
2025-01-16T02:20:12.794+02:00 TRACE 25984 --- [FirstSpring] [           main] o.s.b.a.condition.OnClassCondition       : Condition OnClassCondition on org.springframework.boot.actuate.autoconfigure.endpoint.web.jersey.JerseyWebEndpointManagementContextConfiguration did not match due to @ConditionalOnClass did not find required class 'org.glassfish.jersey.server.ResourceConfig'
2025-01-16T02:20:12.794+02:00 TRACE 25984 --- [FirstSpring] [           main] o.s.b.f.s.DefaultListableBeanFactory     : Returning cached instance of singleton bean 'autoConfigurationReport'
2025-01-16T02:20:12.795+02:00 TRACE 25984 --- [FirstSpring] [           main] o.s.b.a.condition.OnClassCondition       : Condition OnClassCondition on org.springframework.boot.actuate.autoconfigure.endpoint.web.reactive.WebFluxEndpointManagementContextConfiguration did not match due to @ConditionalOnClass did not find required class 'org.springframework.web.reactive.DispatcherHandler'
2025-01-16T02:20:12.795+02:00 TRACE 25984 --- [FirstSpring] [           main] o.s.b.f.s.DefaultListableBeanFactory     : Returning cached instance of singleton bean 'autoConfigurationReport'
2025-01-16T02:20:12.795+02:00 TRACE 25984 --- [FirstSpring] [           main] o.s.b.a.condition.OnClassCondition       : Condition OnClassCondition on org.springframework.boot.actuate.autoconfigure.endpoint.web.servlet.WebMvcEndpointManagementContextConfiguration matched due to @ConditionalOnClass found required class 'org.springframework.web.servlet.DispatcherServlet'
2025-01-16T02:20:12.795+02:00 TRACE 25984 --- [FirstSpring] [           main] o.s.b.f.s.DefaultListableBeanFactory     : Returning cached instance of singleton bean 'autoConfigurationReport'
2025-01-16T02:20:12.795+02:00 TRACE 25984 --- [FirstSpring] [           main] o.s.b.a.c.OnWebApplicationCondition      : Condition OnWebApplicationCondition on org.springframework.boot.actuate.autoconfigure.endpoint.web.servlet.WebMvcEndpointManagementContextConfiguration matched due to found 'session' scope
2025-01-16T02:20:12.795+02:00 TRACE 25984 --- [FirstSpring] [           main] o.s.b.f.s.DefaultListableBeanFactory     : Returning cached instance of singleton bean 'autoConfigurationReport'
2025-01-16T02:20:12.796+02:00 TRACE 25984 --- [FirstSpring] [           main] o.s.b.a.condition.OnClassCondition       : Condition OnClassCondition on org.springframework.boot.actuate.autoconfigure.security.servlet.SecurityRequestMatchersManagementContextConfiguration did not match due to @ConditionalOnClass did not find required class 'org.springframework.security.web.util.matcher.RequestMatcher'
2025-01-16T02:20:12.796+02:00 TRACE 25984 --- [FirstSpring] [           main] o.s.b.f.s.DefaultListableBeanFactory     : Returning cached instance of singleton bean 'autoConfigurationReport'
2025-01-16T02:20:12.797+02:00 TRACE 25984 --- [FirstSpring] [           main] o.s.b.a.condition.OnClassCondition       : Condition OnClassCondition on org.springframework.boot.actuate.autoconfigure.web.jersey.JerseySameManagementContextConfiguration did not match due to @ConditionalOnClass did not find required class 'org.glassfish.jersey.server.ResourceConfig'
2025-01-16T02:20:12.797+02:00 TRACE 25984 --- [FirstSpring] [           main] o.s.b.f.s.DefaultListableBeanFactory     : Returning cached instance of singleton bean 'autoConfigurationReport'
2025-01-16T02:20:12.807+02:00 TRACE 25984 --- [FirstSpring] [           main] a.ConfigurationClassBeanDefinitionReader : Registered bean definition for imported class 'org.springframework.boot.autoconfigure.context.PropertyPlaceholderAutoConfiguration'
2025-01-16T02:20:12.811+02:00 TRACE 25984 --- [FirstSpring] [           main] o.s.b.a.condition.OnBeanCondition        : Condition OnBeanCondition on org.springframework.boot.autoconfigure.context.PropertyPlaceholderAutoConfiguration#propertySourcesPlaceholderConfigurer matched due to @ConditionalOnMissingBean (types: org.springframework.context.support.PropertySourcesPlaceholderConfigurer; SearchStrategy: current) did not find any beans
2025-01-16T02:20:12.811+02:00 TRACE 25984 --- [FirstSpring] [           main] o.s.b.f.s.DefaultListableBeanFactory     : Returning cached instance of singleton bean 'autoConfigurationReport'
2025-01-16T02:20:12.812+02:00 TRACE 25984 --- [FirstSpring] [           main] a.ConfigurationClassBeanDefinitionReader : Registering bean definition for @Bean method org.springframework.boot.autoconfigure.context.PropertyPlaceholderAutoConfiguration.propertySourcesPlaceholderConfigurer()
2025-01-16T02:20:12.812+02:00 TRACE 25984 --- [FirstSpring] [           main] a.ConfigurationClassBeanDefinitionReader : Registered bean definition for imported class 'org.springframework.boot.autoconfigure.ssl.SslAutoConfiguration'
2025-01-16T02:20:12.812+02:00 TRACE 25984 --- [FirstSpring] [           main] a.ConfigurationClassBeanDefinitionReader : Registering bean definition for @Bean method org.springframework.boot.autoconfigure.ssl.SslAutoConfiguration.fileWatcher()
2025-01-16T02:20:12.812+02:00 TRACE 25984 --- [FirstSpring] [           main] a.ConfigurationClassBeanDefinitionReader : Registering bean definition for @Bean method org.springframework.boot.autoconfigure.ssl.SslAutoConfiguration.sslPropertiesSslBundleRegistrar()
2025-01-16T02:20:12.820+02:00 TRACE 25984 --- [FirstSpring] [           main] o.s.b.a.condition.OnBeanCondition        : Condition OnBeanCondition on org.springframework.boot.autoconfigure.ssl.SslAutoConfiguration#sslBundleRegistry matched due to @ConditionalOnMissingBean (types: org.springframework.boot.ssl.SslBundleRegistry,org.springframework.boot.ssl.SslBundles; SearchStrategy: all) did not find any beans
2025-01-16T02:20:12.821+02:00 TRACE 25984 --- [FirstSpring] [           main] o.s.b.f.s.DefaultListableBeanFactory     : Returning cached instance of singleton bean 'autoConfigurationReport'
2025-01-16T02:20:12.821+02:00 TRACE 25984 --- [FirstSpring] [           main] a.ConfigurationClassBeanDefinitionReader : Registering bean definition for @Bean method org.springframework.boot.autoconfigure.ssl.SslAutoConfiguration.sslBundleRegistry()
2025-01-16T02:20:12.829+02:00 TRACE 25984 --- [FirstSpring] [           main] o.s.b.a.condition.OnClassCondition       : Condition OnClassCondition on org.springframework.boot.autoconfigure.websocket.servlet.WebSocketServletAutoConfiguration matched due to @ConditionalOnClass found required classes 'jakarta.servlet.Servlet', 'jakarta.websocket.server.ServerContainer'
2025-01-16T02:20:12.830+02:00 TRACE 25984 --- [FirstSpring] [           main] o.s.b.f.s.DefaultListableBeanFactory     : Returning cached instance of singleton bean 'autoConfigurationReport'
2025-01-16T02:20:12.830+02:00 TRACE 25984 --- [FirstSpring] [           main] o.s.b.a.c.OnWebApplicationCondition      : Condition OnWebApplicationCondition on org.springframework.boot.autoconfigure.websocket.servlet.WebSocketServletAutoConfiguration matched due to found 'session' scope
2025-01-16T02:20:12.830+02:00 TRACE 25984 --- [FirstSpring] [           main] o.s.b.f.s.DefaultListableBeanFactory     : Returning cached instance of singleton bean 'autoConfigurationReport'
2025-01-16T02:20:12.830+02:00 TRACE 25984 --- [FirstSpring] [           main] o.s.b.a.condition.OnClassCondition       : Condition OnClassCondition on org.springframework.boot.autoconfigure.websocket.servlet.WebSocketServletAutoConfiguration$TomcatWebSocketConfiguration matched due to @ConditionalOnClass found required classes 'org.apache.catalina.startup.Tomcat', 'org.apache.tomcat.websocket.server.WsSci'
2025-01-16T02:20:12.830+02:00 TRACE 25984 --- [FirstSpring] [           main] o.s.b.f.s.DefaultListableBeanFactory     : Returning cached instance of singleton bean 'autoConfigurationReport'
2025-01-16T02:20:12.830+02:00 TRACE 25984 --- [FirstSpring] [           main] a.ConfigurationClassBeanDefinitionReader : Registered bean definition for imported class 'org.springframework.boot.autoconfigure.websocket.servlet.WebSocketServletAutoConfiguration$TomcatWebSocketConfiguration'
2025-01-16T02:20:12.831+02:00 TRACE 25984 --- [FirstSpring] [           main] o.s.b.a.condition.OnBeanCondition        : Condition OnBeanCondition on org.springframework.boot.autoconfigure.websocket.servlet.WebSocketServletAutoConfiguration$TomcatWebSocketConfiguration#websocketServletWebServerCustomizer matched due to @ConditionalOnMissingBean (names: websocketServletWebServerCustomizer; SearchStrategy: all) did not find any beans
2025-01-16T02:20:12.831+02:00 TRACE 25984 --- [FirstSpring] [           main] o.s.b.f.s.DefaultListableBeanFactory     : Returning cached instance of singleton bean 'autoConfigurationReport'
2025-01-16T02:20:12.831+02:00 TRACE 25984 --- [FirstSpring] [           main] a.ConfigurationClassBeanDefinitionReader : Registering bean definition for @Bean method org.springframework.boot.autoconfigure.websocket.servlet.WebSocketServletAutoConfiguration$TomcatWebSocketConfiguration.websocketServletWebServerCustomizer()
2025-01-16T02:20:12.831+02:00 TRACE 25984 --- [FirstSpring] [           main] a.ConfigurationClassBeanDefinitionReader : Registered bean definition for imported class 'org.springframework.boot.autoconfigure.websocket.servlet.WebSocketServletAutoConfiguration'
2025-01-16T02:20:12.831+02:00 TRACE 25984 --- [FirstSpring] [           main] o.s.b.a.condition.OnClassCondition       : Condition OnClassCondition on org.springframework.boot.autoconfigure.web.servlet.ServletWebServerFactoryAutoConfiguration matched due to @ConditionalOnClass found required class 'jakarta.servlet.ServletRequest'
2025-01-16T02:20:12.831+02:00 TRACE 25984 --- [FirstSpring] [           main] o.s.b.f.s.DefaultListableBeanFactory     : Returning cached instance of singleton bean 'autoConfigurationReport'
2025-01-16T02:20:12.831+02:00 TRACE 25984 --- [FirstSpring] [           main] o.s.b.a.c.OnWebApplicationCondition      : Condition OnWebApplicationCondition on org.springframework.boot.autoconfigure.web.servlet.ServletWebServerFactoryAutoConfiguration matched due to found 'session' scope
2025-01-16T02:20:12.831+02:00 TRACE 25984 --- [FirstSpring] [           main] o.s.b.f.s.DefaultListableBeanFactory     : Returning cached instance of singleton bean 'autoConfigurationReport'
2025-01-16T02:20:12.832+02:00 TRACE 25984 --- [FirstSpring] [           main] o.s.b.a.condition.OnClassCondition       : Condition OnClassCondition on org.springframework.boot.autoconfigure.web.servlet.ServletWebServerFactoryConfiguration$EmbeddedTomcat matched due to @ConditionalOnClass found required classes 'jakarta.servlet.Servlet', 'org.apache.catalina.startup.Tomcat', 'org.apache.coyote.UpgradeProtocol'
2025-01-16T02:20:12.832+02:00 TRACE 25984 --- [FirstSpring] [           main] o.s.b.f.s.DefaultListableBeanFactory     : Returning cached instance of singleton bean 'autoConfigurationReport'
2025-01-16T02:20:12.834+02:00 TRACE 25984 --- [FirstSpring] [           main] o.s.b.a.condition.OnBeanCondition        : Condition OnBeanCondition on org.springframework.boot.autoconfigure.web.servlet.ServletWebServerFactoryConfiguration$EmbeddedTomcat matched due to @ConditionalOnMissingBean (types: org.springframework.boot.web.servlet.server.ServletWebServerFactory; SearchStrategy: current) did not find any beans
2025-01-16T02:20:12.834+02:00 TRACE 25984 --- [FirstSpring] [           main] o.s.b.f.s.DefaultListableBeanFactory     : Returning cached instance of singleton bean 'autoConfigurationReport'
2025-01-16T02:20:12.835+02:00 TRACE 25984 --- [FirstSpring] [           main] a.ConfigurationClassBeanDefinitionReader : Registered bean definition for imported class 'org.springframework.boot.autoconfigure.web.servlet.ServletWebServerFactoryConfiguration$EmbeddedTomcat'
2025-01-16T02:20:12.835+02:00 TRACE 25984 --- [FirstSpring] [           main] a.ConfigurationClassBeanDefinitionReader : Registering bean definition for @Bean method org.springframework.boot.autoconfigure.web.servlet.ServletWebServerFactoryConfiguration$EmbeddedTomcat.tomcatServletWebServerFactory()
2025-01-16T02:20:12.837+02:00 TRACE 25984 --- [FirstSpring] [           main] a.ConfigurationClassBeanDefinitionReader : Registered bean definition for imported class 'org.springframework.boot.autoconfigure.web.servlet.ServletWebServerFactoryAutoConfiguration'
2025-01-16T02:20:12.837+02:00 TRACE 25984 --- [FirstSpring] [           main] a.ConfigurationClassBeanDefinitionReader : Registering bean definition for @Bean method org.springframework.boot.autoconfigure.web.servlet.ServletWebServerFactoryAutoConfiguration.servletWebServerFactoryCustomizer()
2025-01-16T02:20:12.838+02:00 TRACE 25984 --- [FirstSpring] [           main] o.s.b.a.condition.OnClassCondition       : Condition OnClassCondition on org.springframework.boot.autoconfigure.web.servlet.ServletWebServerFactoryAutoConfiguration#tomcatServletWebServerFactoryCustomizer matched due to @ConditionalOnClass found required class 'org.apache.catalina.startup.Tomcat'
2025-01-16T02:20:12.838+02:00 TRACE 25984 --- [FirstSpring] [           main] o.s.b.f.s.DefaultListableBeanFactory     : Returning cached instance of singleton bean 'autoConfigurationReport'
2025-01-16T02:20:12.838+02:00 TRACE 25984 --- [FirstSpring] [           main] a.ConfigurationClassBeanDefinitionReader : Registering bean definition for @Bean method org.springframework.boot.autoconfigure.web.servlet.ServletWebServerFactoryAutoConfiguration.tomcatServletWebServerFactoryCustomizer()
2025-01-16T02:20:12.854+02:00 TRACE 25984 --- [FirstSpring] [           main] o.s.b.a.condition.OnClassCondition       : Condition OnClassCondition on org.springframework.boot.autoconfigure.web.servlet.DispatcherServletAutoConfiguration matched due to @ConditionalOnClass found required class 'org.springframework.web.servlet.DispatcherServlet'
2025-01-16T02:20:12.854+02:00 TRACE 25984 --- [FirstSpring] [           main] o.s.b.f.s.DefaultListableBeanFactory     : Returning cached instance of singleton bean 'autoConfigurationReport'
2025-01-16T02:20:12.854+02:00 TRACE 25984 --- [FirstSpring] [           main] o.s.b.a.c.OnWebApplicationCondition      : Condition OnWebApplicationCondition on org.springframework.boot.autoconfigure.web.servlet.DispatcherServletAutoConfiguration matched due to found 'session' scope
2025-01-16T02:20:12.854+02:00 TRACE 25984 --- [FirstSpring] [           main] o.s.b.f.s.DefaultListableBeanFactory     : Returning cached instance of singleton bean 'autoConfigurationReport'
2025-01-16T02:20:12.854+02:00 TRACE 25984 --- [FirstSpring] [           main] o.s.b.a.condition.OnClassCondition       : Condition OnClassCondition on org.springframework.boot.autoconfigure.web.servlet.DispatcherServletAutoConfiguration$DispatcherServletRegistrationConfiguration matched due to @ConditionalOnClass found required class 'jakarta.servlet.ServletRegistration'
2025-01-16T02:20:12.854+02:00 TRACE 25984 --- [FirstSpring] [           main] o.s.b.f.s.DefaultListableBeanFactory     : Returning cached instance of singleton bean 'autoConfigurationReport'
2025-01-16T02:20:12.854+02:00 TRACE 25984 --- [FirstSpring] [           main] n$DispatcherServletRegistrationCondition : Condition DispatcherServletAutoConfiguration.DispatcherServletRegistrationCondition on org.springframework.boot.autoconfigure.web.servlet.DispatcherServletAutoConfiguration$DispatcherServletRegistrationConfiguration matched due to DispatcherServlet Registration did not find servlet registration bean
2025-01-16T02:20:12.854+02:00 TRACE 25984 --- [FirstSpring] [           main] o.s.b.f.s.DefaultListableBeanFactory     : Returning cached instance of singleton bean 'autoConfigurationReport'
2025-01-16T02:20:12.854+02:00 TRACE 25984 --- [FirstSpring] [           main] o.s.b.a.condition.OnClassCondition       : Condition OnClassCondition on org.springframework.boot.autoconfigure.web.servlet.DispatcherServletAutoConfiguration$DispatcherServletConfiguration matched due to @ConditionalOnClass found required class 'jakarta.servlet.ServletRegistration'
2025-01-16T02:20:12.854+02:00 TRACE 25984 --- [FirstSpring] [           main] o.s.b.f.s.DefaultListableBeanFactory     : Returning cached instance of singleton bean 'autoConfigurationReport'
2025-01-16T02:20:12.855+02:00 TRACE 25984 --- [FirstSpring] [           main] ration$DefaultDispatcherServletCondition : Condition DispatcherServletAutoConfiguration.DefaultDispatcherServletCondition on org.springframework.boot.autoconfigure.web.servlet.DispatcherServletAutoConfiguration$DispatcherServletConfiguration matched due to Default DispatcherServlet did not find dispatcher servlet beans
2025-01-16T02:20:12.855+02:00 TRACE 25984 --- [FirstSpring] [           main] o.s.b.f.s.DefaultListableBeanFactory     : Returning cached instance of singleton bean 'autoConfigurationReport'
2025-01-16T02:20:12.856+02:00 TRACE 25984 --- [FirstSpring] [           main] a.ConfigurationClassBeanDefinitionReader : Registered bean definition for imported class 'org.springframework.boot.autoconfigure.web.servlet.DispatcherServletAutoConfiguration$DispatcherServletConfiguration'
2025-01-16T02:20:12.856+02:00 TRACE 25984 --- [FirstSpring] [           main] a.ConfigurationClassBeanDefinitionReader : Registering bean definition for @Bean method org.springframework.boot.autoconfigure.web.servlet.DispatcherServletAutoConfiguration$DispatcherServletConfiguration.dispatcherServlet()
2025-01-16T02:20:12.858+02:00 TRACE 25984 --- [FirstSpring] [           main] o.s.b.a.condition.OnBeanCondition        : Condition OnBeanCondition on org.springframework.boot.autoconfigure.web.servlet.DispatcherServletAutoConfiguration$DispatcherServletConfiguration#multipartResolver did not match due to @ConditionalOnBean (types: org.springframework.web.multipart.MultipartResolver; SearchStrategy: all) did not find any beans of type org.springframework.web.multipart.MultipartResolver
2025-01-16T02:20:12.858+02:00 TRACE 25984 --- [FirstSpring] [           main] o.s.b.f.s.DefaultListableBeanFactory     : Returning cached instance of singleton bean 'autoConfigurationReport'
2025-01-16T02:20:12.861+02:00 TRACE 25984 --- [FirstSpring] [           main] a.ConfigurationClassBeanDefinitionReader : Registered bean definition for imported class 'org.springframework.boot.autoconfigure.web.servlet.DispatcherServletAutoConfiguration$DispatcherServletRegistrationConfiguration'
2025-01-16T02:20:12.864+02:00 TRACE 25984 --- [FirstSpring] [           main] o.s.b.a.condition.OnBeanCondition        : Condition OnBeanCondition on org.springframework.boot.autoconfigure.web.servlet.DispatcherServletAutoConfiguration$DispatcherServletRegistrationConfiguration#dispatcherServletRegistration matched due to @ConditionalOnBean (names: dispatcherServlet types: org.springframework.web.servlet.DispatcherServlet; SearchStrategy: all) found bean 'dispatcherServlet'
2025-01-16T02:20:12.864+02:00 TRACE 25984 --- [FirstSpring] [           main] o.s.b.f.s.DefaultListableBeanFactory     : Returning cached instance of singleton bean 'autoConfigurationReport'
2025-01-16T02:20:12.864+02:00 TRACE 25984 --- [FirstSpring] [           main] a.ConfigurationClassBeanDefinitionReader : Registering bean definition for @Bean method org.springframework.boot.autoconfigure.web.servlet.DispatcherServletAutoConfiguration$DispatcherServletRegistrationConfiguration.dispatcherServletRegistration()
2025-01-16T02:20:12.864+02:00 TRACE 25984 --- [FirstSpring] [           main] a.ConfigurationClassBeanDefinitionReader : Registered bean definition for imported class 'org.springframework.boot.autoconfigure.web.servlet.DispatcherServletAutoConfiguration'
2025-01-16T02:20:12.865+02:00 TRACE 25984 --- [FirstSpring] [           main] o.s.b.a.condition.OnClassCondition       : Condition OnClassCondition on org.springframework.boot.autoconfigure.task.TaskExecutionAutoConfiguration matched due to @ConditionalOnClass found required class 'org.springframework.scheduling.concurrent.ThreadPoolTaskExecutor'
2025-01-16T02:20:12.865+02:00 TRACE 25984 --- [FirstSpring] [           main] o.s.b.f.s.DefaultListableBeanFactory     : Returning cached instance of singleton bean 'autoConfigurationReport'
2025-01-16T02:20:12.865+02:00 TRACE 25984 --- [FirstSpring] [           main] a.ConfigurationClassBeanDefinitionReader : Registered bean definition for imported class 'org.springframework.boot.autoconfigure.task.TaskExecutorConfigurations$ThreadPoolTaskExecutorBuilderConfiguration'
2025-01-16T02:20:12.869+02:00 TRACE 25984 --- [FirstSpring] [           main] o.s.b.a.condition.OnBeanCondition        : Condition OnBeanCondition on org.springframework.boot.autoconfigure.task.TaskExecutorConfigurations$ThreadPoolTaskExecutorBuilderConfiguration#threadPoolTaskExecutorBuilder matched due to @ConditionalOnMissingBean (types: org.springframework.boot.task.ThreadPoolTaskExecutorBuilder; SearchStrategy: all) did not find any beans
2025-01-16T02:20:12.869+02:00 TRACE 25984 --- [FirstSpring] [           main] o.s.b.f.s.DefaultListableBeanFactory     : Returning cached instance of singleton bean 'autoConfigurationReport'
2025-01-16T02:20:12.869+02:00 TRACE 25984 --- [FirstSpring] [           main] a.ConfigurationClassBeanDefinitionReader : Registering bean definition for @Bean method org.springframework.boot.autoconfigure.task.TaskExecutorConfigurations$ThreadPoolTaskExecutorBuilderConfiguration.threadPoolTaskExecutorBuilder()
2025-01-16T02:20:12.869+02:00 TRACE 25984 --- [FirstSpring] [           main] a.ConfigurationClassBeanDefinitionReader : Registered bean definition for imported class 'org.springframework.boot.autoconfigure.task.TaskExecutorConfigurations$SimpleAsyncTaskExecutorBuilderConfiguration'
2025-01-16T02:20:12.871+02:00 TRACE 25984 --- [FirstSpring] [           main] o.s.b.a.condition.OnBeanCondition        : Condition OnBeanCondition on org.springframework.boot.autoconfigure.task.TaskExecutorConfigurations$SimpleAsyncTaskExecutorBuilderConfiguration#simpleAsyncTaskExecutorBuilder matched due to @ConditionalOnMissingBean (types: org.springframework.boot.task.SimpleAsyncTaskExecutorBuilder; SearchStrategy: all) did not find any beans
2025-01-16T02:20:12.871+02:00 TRACE 25984 --- [FirstSpring] [           main] o.s.b.f.s.DefaultListableBeanFactory     : Returning cached instance of singleton bean 'autoConfigurationReport'
2025-01-16T02:20:12.872+02:00 TRACE 25984 --- [FirstSpring] [           main] o.s.b.a.condition.OnThreadingCondition   : Condition OnThreadingCondition on org.springframework.boot.autoconfigure.task.TaskExecutorConfigurations$SimpleAsyncTaskExecutorBuilderConfiguration#simpleAsyncTaskExecutorBuilder matched due to @ConditionalOnThreading found PLATFORM
2025-01-16T02:20:12.872+02:00 TRACE 25984 --- [FirstSpring] [           main] o.s.b.f.s.DefaultListableBeanFactory     : Returning cached instance of singleton bean 'autoConfigurationReport'
2025-01-16T02:20:12.872+02:00 TRACE 25984 --- [FirstSpring] [           main] a.ConfigurationClassBeanDefinitionReader : Registering bean definition for @Bean method org.springframework.boot.autoconfigure.task.TaskExecutorConfigurations$SimpleAsyncTaskExecutorBuilderConfiguration.simpleAsyncTaskExecutorBuilder()
2025-01-16T02:20:12.873+02:00 TRACE 25984 --- [FirstSpring] [           main] o.s.b.a.condition.OnBeanCondition        : Condition OnBeanCondition on org.springframework.boot.autoconfigure.task.TaskExecutorConfigurations$SimpleAsyncTaskExecutorBuilderConfiguration#simpleAsyncTaskExecutorBuilderVirtualThreads did not match due to @ConditionalOnMissingBean (types: org.springframework.boot.task.SimpleAsyncTaskExecutorBuilder; SearchStrategy: all) found beans of type 'org.springframework.boot.task.SimpleAsyncTaskExecutorBuilder' simpleAsyncTaskExecutorBuilder
2025-01-16T02:20:12.874+02:00 TRACE 25984 --- [FirstSpring] [           main] o.s.b.f.s.DefaultListableBeanFactory     : Returning cached instance of singleton bean 'autoConfigurationReport'
2025-01-16T02:20:12.874+02:00 TRACE 25984 --- [FirstSpring] [           main] o.s.b.a.condition.OnBeanCondition        : Condition OnBeanCondition on org.springframework.boot.autoconfigure.task.TaskExecutorConfigurations$TaskExecutorConfiguration matched due to @ConditionalOnMissingBean (types: java.util.concurrent.Executor; SearchStrategy: all) did not find any beans
2025-01-16T02:20:12.874+02:00 TRACE 25984 --- [FirstSpring] [           main] o.s.b.f.s.DefaultListableBeanFactory     : Returning cached instance of singleton bean 'autoConfigurationReport'
2025-01-16T02:20:12.874+02:00 TRACE 25984 --- [FirstSpring] [           main] a.ConfigurationClassBeanDefinitionReader : Registered bean definition for imported class 'org.springframework.boot.autoconfigure.task.TaskExecutorConfigurations$TaskExecutorConfiguration'
2025-01-16T02:20:12.874+02:00 TRACE 25984 --- [FirstSpring] [           main] o.s.b.a.condition.OnThreadingCondition   : Condition OnThreadingCondition on org.springframework.boot.autoconfigure.task.TaskExecutorConfigurations$TaskExecutorConfiguration#applicationTaskExecutorVirtualThreads did not match due to @ConditionalOnThreading did not find VIRTUAL
2025-01-16T02:20:12.874+02:00 TRACE 25984 --- [FirstSpring] [           main] o.s.b.f.s.DefaultListableBeanFactory     : Returning cached instance of singleton bean 'autoConfigurationReport'
2025-01-16T02:20:12.874+02:00 TRACE 25984 --- [FirstSpring] [           main] o.s.b.a.condition.OnThreadingCondition   : Condition OnThreadingCondition on org.springframework.boot.autoconfigure.task.TaskExecutorConfigurations$TaskExecutorConfiguration#applicationTaskExecutor matched due to @ConditionalOnThreading found PLATFORM
2025-01-16T02:20:12.874+02:00 TRACE 25984 --- [FirstSpring] [           main] o.s.b.f.s.DefaultListableBeanFactory     : Returning cached instance of singleton bean 'autoConfigurationReport'
2025-01-16T02:20:12.875+02:00 TRACE 25984 --- [FirstSpring] [           main] o.s.b.f.s.DefaultListableBeanFactory     : Alias definition 'taskExecutor' registered for name 'applicationTaskExecutor'
2025-01-16T02:20:12.875+02:00 TRACE 25984 --- [FirstSpring] [           main] a.ConfigurationClassBeanDefinitionReader : Registering bean definition for @Bean method org.springframework.boot.autoconfigure.task.TaskExecutorConfigurations$TaskExecutorConfiguration.applicationTaskExecutor()
2025-01-16T02:20:12.875+02:00 TRACE 25984 --- [FirstSpring] [           main] a.ConfigurationClassBeanDefinitionReader : Registered bean definition for imported class 'org.springframework.boot.autoconfigure.task.TaskExecutionAutoConfiguration'
2025-01-16T02:20:12.876+02:00 TRACE 25984 --- [FirstSpring] [           main] o.s.b.a.condition.OnClassCondition       : Condition OnClassCondition on org.springframework.boot.autoconfigure.web.servlet.error.ErrorMvcAutoConfiguration matched due to @ConditionalOnClass found required classes 'jakarta.servlet.Servlet', 'org.springframework.web.servlet.DispatcherServlet'
2025-01-16T02:20:12.876+02:00 TRACE 25984 --- [FirstSpring] [           main] o.s.b.f.s.DefaultListableBeanFactory     : Returning cached instance of singleton bean 'autoConfigurationReport'
2025-01-16T02:20:12.876+02:00 TRACE 25984 --- [FirstSpring] [           main] o.s.b.a.c.OnWebApplicationCondition      : Condition OnWebApplicationCondition on org.springframework.boot.autoconfigure.web.servlet.error.ErrorMvcAutoConfiguration matched due to found 'session' scope
2025-01-16T02:20:12.876+02:00 TRACE 25984 --- [FirstSpring] [           main] o.s.b.f.s.DefaultListableBeanFactory     : Returning cached instance of singleton bean 'autoConfigurationReport'
2025-01-16T02:20:12.878+02:00 TRACE 25984 --- [FirstSpring] [           main] o.s.b.a.condition.OnPropertyCondition    : Condition OnPropertyCondition on org.springframework.boot.autoconfigure.web.servlet.error.ErrorMvcAutoConfiguration$WhitelabelErrorViewConfiguration matched due to @ConditionalOnProperty (server.error.whitelabel.enabled) matched
2025-01-16T02:20:12.878+02:00 TRACE 25984 --- [FirstSpring] [           main] o.s.b.f.s.DefaultListableBeanFactory     : Returning cached instance of singleton bean 'autoConfigurationReport'
2025-01-16T02:20:12.878+02:00 TRACE 25984 --- [FirstSpring] [           main] o.s.c.io.support.SpringFactoriesLoader   : Loaded [org.springframework.boot.autoconfigure.template.TemplateAvailabilityProvider] names: [org.springframework.boot.autoconfigure.freemarker.FreeMarkerTemplateAvailabilityProvider, org.springframework.boot.autoconfigure.mustache.MustacheTemplateAvailabilityProvider, org.springframework.boot.autoconfigure.groovy.template.GroovyTemplateAvailabilityProvider, org.springframework.boot.autoconfigure.thymeleaf.ThymeleafTemplateAvailabilityProvider, org.springframework.boot.autoconfigure.web.servlet.JspTemplateAvailabilityProvider]
2025-01-16T02:20:12.879+02:00 TRACE 25984 --- [FirstSpring] [           main] figuration$ErrorTemplateMissingCondition : Condition ErrorMvcAutoConfiguration.ErrorTemplateMissingCondition on org.springframework.boot.autoconfigure.web.servlet.error.ErrorMvcAutoConfiguration$WhitelabelErrorViewConfiguration matched due to ErrorTemplate Missing did not find error template view
2025-01-16T02:20:12.879+02:00 TRACE 25984 --- [FirstSpring] [           main] o.s.b.f.s.DefaultListableBeanFactory     : Returning cached instance of singleton bean 'autoConfigurationReport'
2025-01-16T02:20:12.879+02:00 TRACE 25984 --- [FirstSpring] [           main] a.ConfigurationClassBeanDefinitionReader : Registered bean definition for imported class 'org.springframework.boot.autoconfigure.web.servlet.error.ErrorMvcAutoConfiguration$WhitelabelErrorViewConfiguration'
2025-01-16T02:20:12.879+02:00 TRACE 25984 --- [FirstSpring] [           main] o.s.b.a.condition.OnBeanCondition        : Condition OnBeanCondition on org.springframework.boot.autoconfigure.web.servlet.error.ErrorMvcAutoConfiguration$WhitelabelErrorViewConfiguration#defaultErrorView matched due to @ConditionalOnMissingBean (names: error; SearchStrategy: all) did not find any beans
2025-01-16T02:20:12.879+02:00 TRACE 25984 --- [FirstSpring] [           main] o.s.b.f.s.DefaultListableBeanFactory     : Returning cached instance of singleton bean 'autoConfigurationReport'
2025-01-16T02:20:12.879+02:00 TRACE 25984 --- [FirstSpring] [           main] a.ConfigurationClassBeanDefinitionReader : Registering bean definition for @Bean method org.springframework.boot.autoconfigure.web.servlet.error.ErrorMvcAutoConfiguration$WhitelabelErrorViewConfiguration.error()
2025-01-16T02:20:12.884+02:00 TRACE 25984 --- [FirstSpring] [           main] o.s.b.a.condition.OnBeanCondition        : Condition OnBeanCondition on org.springframework.boot.autoconfigure.web.servlet.error.ErrorMvcAutoConfiguration$WhitelabelErrorViewConfiguration#beanNameViewResolver matched due to @ConditionalOnMissingBean (types: org.springframework.web.servlet.view.BeanNameViewResolver; SearchStrategy: all) did not find any beans
2025-01-16T02:20:12.885+02:00 TRACE 25984 --- [FirstSpring] [           main] o.s.b.f.s.DefaultListableBeanFactory     : Returning cached instance of singleton bean 'autoConfigurationReport'
2025-01-16T02:20:12.885+02:00 TRACE 25984 --- [FirstSpring] [           main] a.ConfigurationClassBeanDefinitionReader : Registering bean definition for @Bean method org.springframework.boot.autoconfigure.web.servlet.error.ErrorMvcAutoConfiguration$WhitelabelErrorViewConfiguration.beanNameViewResolver()
2025-01-16T02:20:12.885+02:00 TRACE 25984 --- [FirstSpring] [           main] a.ConfigurationClassBeanDefinitionReader : Registered bean definition for imported class 'org.springframework.boot.autoconfigure.web.servlet.error.ErrorMvcAutoConfiguration$DefaultErrorViewResolverConfiguration'
2025-01-16T02:20:12.887+02:00 TRACE 25984 --- [FirstSpring] [           main] o.s.b.a.condition.OnBeanCondition        : Condition OnBeanCondition on org.springframework.boot.autoconfigure.web.servlet.error.ErrorMvcAutoConfiguration$DefaultErrorViewResolverConfiguration#conventionErrorViewResolver matched due to @ConditionalOnBean (types: org.springframework.web.servlet.DispatcherServlet; SearchStrategy: all) found bean 'dispatcherServlet'; @ConditionalOnMissingBean (types: org.springframework.boot.autoconfigure.web.servlet.error.ErrorViewResolver; SearchStrategy: all) did not find any beans
2025-01-16T02:20:12.887+02:00 TRACE 25984 --- [FirstSpring] [           main] o.s.b.f.s.DefaultListableBeanFactory     : Returning cached instance of singleton bean 'autoConfigurationReport'
2025-01-16T02:20:12.887+02:00 TRACE 25984 --- [FirstSpring] [           main] o.s.b.a.condition.OnBeanCondition        : Condition OnBeanCondition on org.springframework.boot.autoconfigure.web.servlet.error.ErrorMvcAutoConfiguration$DefaultErrorViewResolverConfiguration#conventionErrorViewResolver matched due to @ConditionalOnBean (types: org.springframework.web.servlet.DispatcherServlet; SearchStrategy: all) found bean 'dispatcherServlet'; @ConditionalOnMissingBean (types: org.springframework.boot.autoconfigure.web.servlet.error.ErrorViewResolver; SearchStrategy: all) did not find any beans
2025-01-16T02:20:12.887+02:00 TRACE 25984 --- [FirstSpring] [           main] o.s.b.f.s.DefaultListableBeanFactory     : Returning cached instance of singleton bean 'autoConfigurationReport'
2025-01-16T02:20:12.887+02:00 TRACE 25984 --- [FirstSpring] [           main] a.ConfigurationClassBeanDefinitionReader : Registering bean definition for @Bean method org.springframework.boot.autoconfigure.web.servlet.error.ErrorMvcAutoConfiguration$DefaultErrorViewResolverConfiguration.conventionErrorViewResolver()
2025-01-16T02:20:12.889+02:00 TRACE 25984 --- [FirstSpring] [           main] a.ConfigurationClassBeanDefinitionReader : Registered bean definition for imported class 'org.springframework.boot.autoconfigure.web.servlet.error.ErrorMvcAutoConfiguration'
2025-01-16T02:20:12.891+02:00 TRACE 25984 --- [FirstSpring] [           main] o.s.b.a.condition.OnBeanCondition        : Condition OnBeanCondition on org.springframework.boot.autoconfigure.web.servlet.error.ErrorMvcAutoConfiguration#errorAttributes matched due to @ConditionalOnMissingBean (types: org.springframework.boot.web.servlet.error.ErrorAttributes; SearchStrategy: current) did not find any beans
2025-01-16T02:20:12.891+02:00 TRACE 25984 --- [FirstSpring] [           main] o.s.b.f.s.DefaultListableBeanFactory     : Returning cached instance of singleton bean 'autoConfigurationReport'
2025-01-16T02:20:12.891+02:00 TRACE 25984 --- [FirstSpring] [           main] a.ConfigurationClassBeanDefinitionReader : Registering bean definition for @Bean method org.springframework.boot.autoconfigure.web.servlet.error.ErrorMvcAutoConfiguration.errorAttributes()
2025-01-16T02:20:12.895+02:00 TRACE 25984 --- [FirstSpring] [           main] o.s.b.a.condition.OnBeanCondition        : Condition OnBeanCondition on org.springframework.boot.autoconfigure.web.servlet.error.ErrorMvcAutoConfiguration#basicErrorController matched due to @ConditionalOnMissingBean (types: org.springframework.boot.web.servlet.error.ErrorController; SearchStrategy: current) did not find any beans
2025-01-16T02:20:12.895+02:00 TRACE 25984 --- [FirstSpring] [           main] o.s.b.f.s.DefaultListableBeanFactory     : Returning cached instance of singleton bean 'autoConfigurationReport'
2025-01-16T02:20:12.895+02:00 TRACE 25984 --- [FirstSpring] [           main] a.ConfigurationClassBeanDefinitionReader : Registering bean definition for @Bean method org.springframework.boot.autoconfigure.web.servlet.error.ErrorMvcAutoConfiguration.basicErrorController()
2025-01-16T02:20:12.895+02:00 TRACE 25984 --- [FirstSpring] [           main] a.ConfigurationClassBeanDefinitionReader : Registering bean definition for @Bean method org.springframework.boot.autoconfigure.web.servlet.error.ErrorMvcAutoConfiguration.errorPageCustomizer()
2025-01-16T02:20:12.895+02:00 TRACE 25984 --- [FirstSpring] [           main] a.ConfigurationClassBeanDefinitionReader : Registering bean definition for @Bean method org.springframework.boot.autoconfigure.web.servlet.error.ErrorMvcAutoConfiguration.preserveErrorControllerTargetClassPostProcessor()
2025-01-16T02:20:12.895+02:00 TRACE 25984 --- [FirstSpring] [           main] o.s.b.a.condition.OnClassCondition       : Condition OnClassCondition on org.springframework.boot.autoconfigure.web.servlet.WebMvcAutoConfiguration matched due to @ConditionalOnClass found required classes 'jakarta.servlet.Servlet', 'org.springframework.web.servlet.DispatcherServlet', 'org.springframework.web.servlet.config.annotation.WebMvcConfigurer'
2025-01-16T02:20:12.895+02:00 TRACE 25984 --- [FirstSpring] [           main] o.s.b.f.s.DefaultListableBeanFactory     : Returning cached instance of singleton bean 'autoConfigurationReport'
2025-01-16T02:20:12.896+02:00 TRACE 25984 --- [FirstSpring] [           main] o.s.b.a.c.OnWebApplicationCondition      : Condition OnWebApplicationCondition on org.springframework.boot.autoconfigure.web.servlet.WebMvcAutoConfiguration matched due to found 'session' scope
2025-01-16T02:20:12.896+02:00 TRACE 25984 --- [FirstSpring] [           main] o.s.b.f.s.DefaultListableBeanFactory     : Returning cached instance of singleton bean 'autoConfigurationReport'
2025-01-16T02:20:12.896+02:00 TRACE 25984 --- [FirstSpring] [           main] o.s.b.a.condition.OnBeanCondition        : Condition OnBeanCondition on org.springframework.boot.autoconfigure.web.servlet.WebMvcAutoConfiguration matched due to @ConditionalOnMissingBean (types: org.springframework.web.servlet.config.annotation.WebMvcConfigurationSupport; SearchStrategy: all) did not find any beans
2025-01-16T02:20:12.896+02:00 TRACE 25984 --- [FirstSpring] [           main] o.s.b.f.s.DefaultListableBeanFactory     : Returning cached instance of singleton bean 'autoConfigurationReport'
2025-01-16T02:20:12.896+02:00 TRACE 25984 --- [FirstSpring] [           main] a.ConfigurationClassBeanDefinitionReader : Registered bean definition for imported class 'org.springframework.boot.autoconfigure.web.servlet.WebMvcAutoConfiguration$EnableWebMvcConfiguration'
2025-01-16T02:20:12.896+02:00 TRACE 25984 --- [FirstSpring] [           main] a.ConfigurationClassBeanDefinitionReader : Registering bean definition for @Bean method org.springframework.boot.autoconfigure.web.servlet.WebMvcAutoConfiguration$EnableWebMvcConfiguration.welcomePageHandlerMapping()
2025-01-16T02:20:12.896+02:00 TRACE 25984 --- [FirstSpring] [           main] a.ConfigurationClassBeanDefinitionReader : Registering bean definition for @Bean method org.springframework.boot.autoconfigure.web.servlet.WebMvcAutoConfiguration$EnableWebMvcConfiguration.welcomePageNotAcceptableHandlerMapping()
2025-01-16T02:20:12.896+02:00 TRACE 25984 --- [FirstSpring] [           main] o.s.b.a.condition.OnBeanCondition        : Condition OnBeanCondition on org.springframework.boot.autoconfigure.web.servlet.WebMvcAutoConfiguration$EnableWebMvcConfiguration#localeResolver matched due to @ConditionalOnMissingBean (names: localeResolver; SearchStrategy: all) did not find any beans
2025-01-16T02:20:12.896+02:00 TRACE 25984 --- [FirstSpring] [           main] o.s.b.f.s.DefaultListableBeanFactory     : Returning cached instance of singleton bean 'autoConfigurationReport'
2025-01-16T02:20:12.896+02:00 TRACE 25984 --- [FirstSpring] [           main] a.ConfigurationClassBeanDefinitionReader : Registering bean definition for @Bean method org.springframework.boot.autoconfigure.web.servlet.WebMvcAutoConfiguration$EnableWebMvcConfiguration.localeResolver()
2025-01-16T02:20:12.896+02:00 TRACE 25984 --- [FirstSpring] [           main] o.s.b.a.condition.OnBeanCondition        : Condition OnBeanCondition on org.springframework.boot.autoconfigure.web.servlet.WebMvcAutoConfiguration$EnableWebMvcConfiguration#themeResolver matched due to @ConditionalOnMissingBean (names: themeResolver; SearchStrategy: all) did not find any beans
2025-01-16T02:20:12.896+02:00 TRACE 25984 --- [FirstSpring] [           main] o.s.b.f.s.DefaultListableBeanFactory     : Returning cached instance of singleton bean 'autoConfigurationReport'
2025-01-16T02:20:12.896+02:00 TRACE 25984 --- [FirstSpring] [           main] a.ConfigurationClassBeanDefinitionReader : Registering bean definition for @Bean method org.springframework.boot.autoconfigure.web.servlet.WebMvcAutoConfiguration$EnableWebMvcConfiguration.themeResolver()
2025-01-16T02:20:12.896+02:00 TRACE 25984 --- [FirstSpring] [           main] o.s.b.a.condition.OnBeanCondition        : Condition OnBeanCondition on org.springframework.boot.autoconfigure.web.servlet.WebMvcAutoConfiguration$EnableWebMvcConfiguration#flashMapManager matched due to @ConditionalOnMissingBean (names: flashMapManager; SearchStrategy: all) did not find any beans
2025-01-16T02:20:12.896+02:00 TRACE 25984 --- [FirstSpring] [           main] o.s.b.f.s.DefaultListableBeanFactory     : Returning cached instance of singleton bean 'autoConfigurationReport'
2025-01-16T02:20:12.897+02:00 TRACE 25984 --- [FirstSpring] [           main] a.ConfigurationClassBeanDefinitionReader : Registering bean definition for @Bean method org.springframework.boot.autoconfigure.web.servlet.WebMvcAutoConfiguration$EnableWebMvcConfiguration.flashMapManager()
2025-01-16T02:20:12.897+02:00 TRACE 25984 --- [FirstSpring] [           main] o.s.b.a.condition.OnBeanCondition        : Condition OnBeanCondition on org.springframework.boot.autoconfigure.web.servlet.WebMvcAutoConfiguration$EnableWebMvcConfiguration#viewNameTranslator matched due to @ConditionalOnMissingBean (names: viewNameTranslator; SearchStrategy: all) did not find any beans
2025-01-16T02:20:12.897+02:00 TRACE 25984 --- [FirstSpring] [           main] o.s.b.f.s.DefaultListableBeanFactory     : Returning cached instance of singleton bean 'autoConfigurationReport'
2025-01-16T02:20:12.897+02:00 TRACE 25984 --- [FirstSpring] [           main] a.ConfigurationClassBeanDefinitionReader : Registering bean definition for @Bean method org.springframework.boot.autoconfigure.web.servlet.WebMvcAutoConfiguration$EnableWebMvcConfiguration.viewNameTranslator()
2025-01-16T02:20:12.897+02:00 TRACE 25984 --- [FirstSpring] [           main] a.ConfigurationClassBeanDefinitionReader : Registering bean definition for @Bean method org.springframework.boot.autoconfigure.web.servlet.WebMvcAutoConfiguration$EnableWebMvcConfiguration.mvcConversionService()
2025-01-16T02:20:12.897+02:00 TRACE 25984 --- [FirstSpring] [           main] a.ConfigurationClassBeanDefinitionReader : Registering bean definition for @Bean method org.springframework.boot.autoconfigure.web.servlet.WebMvcAutoConfiguration$EnableWebMvcConfiguration.mvcValidator()
2025-01-16T02:20:12.897+02:00 TRACE 25984 --- [FirstSpring] [           main] a.ConfigurationClassBeanDefinitionReader : Registering bean definition for @Bean method org.springframework.boot.autoconfigure.web.servlet.WebMvcAutoConfiguration$EnableWebMvcConfiguration.mvcContentNegotiationManager()
2025-01-16T02:20:12.897+02:00 TRACE 25984 --- [FirstSpring] [           main] a.ConfigurationClassBeanDefinitionReader : Registering bean definition for @Bean method org.springframework.boot.autoconfigure.web.servlet.WebMvcAutoConfiguration$EnableWebMvcConfiguration.requestMappingHandlerMapping()
2025-01-16T02:20:12.897+02:00 TRACE 25984 --- [FirstSpring] [           main] a.ConfigurationClassBeanDefinitionReader : Registering bean definition for @Bean method org.springframework.boot.autoconfigure.web.servlet.WebMvcAutoConfiguration$EnableWebMvcConfiguration.mvcPatternParser()
2025-01-16T02:20:12.897+02:00 TRACE 25984 --- [FirstSpring] [           main] a.ConfigurationClassBeanDefinitionReader : Registering bean definition for @Bean method org.springframework.boot.autoconfigure.web.servlet.WebMvcAutoConfiguration$EnableWebMvcConfiguration.mvcUrlPathHelper()
2025-01-16T02:20:12.897+02:00 TRACE 25984 --- [FirstSpring] [           main] a.ConfigurationClassBeanDefinitionReader : Registering bean definition for @Bean method org.springframework.boot.autoconfigure.web.servlet.WebMvcAutoConfiguration$EnableWebMvcConfiguration.mvcPathMatcher()
2025-01-16T02:20:12.897+02:00 TRACE 25984 --- [FirstSpring] [           main] a.ConfigurationClassBeanDefinitionReader : Registering bean definition for @Bean method org.springframework.boot.autoconfigure.web.servlet.WebMvcAutoConfiguration$EnableWebMvcConfiguration.viewControllerHandlerMapping()
2025-01-16T02:20:12.897+02:00 TRACE 25984 --- [FirstSpring] [           main] a.ConfigurationClassBeanDefinitionReader : Registering bean definition for @Bean method org.springframework.boot.autoconfigure.web.servlet.WebMvcAutoConfiguration$EnableWebMvcConfiguration.beanNameHandlerMapping()
2025-01-16T02:20:12.898+02:00 TRACE 25984 --- [FirstSpring] [           main] a.ConfigurationClassBeanDefinitionReader : Registering bean definition for @Bean method org.springframework.boot.autoconfigure.web.servlet.WebMvcAutoConfiguration$EnableWebMvcConfiguration.routerFunctionMapping()
2025-01-16T02:20:12.898+02:00 TRACE 25984 --- [FirstSpring] [           main] a.ConfigurationClassBeanDefinitionReader : Registering bean definition for @Bean method org.springframework.boot.autoconfigure.web.servlet.WebMvcAutoConfiguration$EnableWebMvcConfiguration.resourceHandlerMapping()
2025-01-16T02:20:12.898+02:00 TRACE 25984 --- [FirstSpring] [           main] a.ConfigurationClassBeanDefinitionReader : Registering bean definition for @Bean method org.springframework.boot.autoconfigure.web.servlet.WebMvcAutoConfiguration$EnableWebMvcConfiguration.mvcResourceUrlProvider()
2025-01-16T02:20:12.898+02:00 TRACE 25984 --- [FirstSpring] [           main] a.ConfigurationClassBeanDefinitionReader : Registering bean definition for @Bean method org.springframework.boot.autoconfigure.web.servlet.WebMvcAutoConfiguration$EnableWebMvcConfiguration.defaultServletHandlerMapping()
2025-01-16T02:20:12.898+02:00 TRACE 25984 --- [FirstSpring] [           main] a.ConfigurationClassBeanDefinitionReader : Registering bean definition for @Bean method org.springframework.boot.autoconfigure.web.servlet.WebMvcAutoConfiguration$EnableWebMvcConfiguration.requestMappingHandlerAdapter()
2025-01-16T02:20:12.898+02:00 TRACE 25984 --- [FirstSpring] [           main] a.ConfigurationClassBeanDefinitionReader : Registering bean definition for @Bean method org.springframework.boot.autoconfigure.web.servlet.WebMvcAutoConfiguration$EnableWebMvcConfiguration.handlerFunctionAdapter()
2025-01-16T02:20:12.898+02:00 TRACE 25984 --- [FirstSpring] [           main] a.ConfigurationClassBeanDefinitionReader : Registering bean definition for @Bean method org.springframework.boot.autoconfigure.web.servlet.WebMvcAutoConfiguration$EnableWebMvcConfiguration.mvcUriComponentsContributor()
2025-01-16T02:20:12.898+02:00 TRACE 25984 --- [FirstSpring] [           main] a.ConfigurationClassBeanDefinitionReader : Registering bean definition for @Bean method org.springframework.boot.autoconfigure.web.servlet.WebMvcAutoConfiguration$EnableWebMvcConfiguration.httpRequestHandlerAdapter()
2025-01-16T02:20:12.898+02:00 TRACE 25984 --- [FirstSpring] [           main] a.ConfigurationClassBeanDefinitionReader : Registering bean definition for @Bean method org.springframework.boot.autoconfigure.web.servlet.WebMvcAutoConfiguration$EnableWebMvcConfiguration.simpleControllerHandlerAdapter()
2025-01-16T02:20:12.898+02:00 TRACE 25984 --- [FirstSpring] [           main] a.ConfigurationClassBeanDefinitionReader : Registering bean definition for @Bean method org.springframework.boot.autoconfigure.web.servlet.WebMvcAutoConfiguration$EnableWebMvcConfiguration.handlerExceptionResolver()
2025-01-16T02:20:12.898+02:00 TRACE 25984 --- [FirstSpring] [           main] a.ConfigurationClassBeanDefinitionReader : Registering bean definition for @Bean method org.springframework.boot.autoconfigure.web.servlet.WebMvcAutoConfiguration$EnableWebMvcConfiguration.mvcViewResolver()
2025-01-16T02:20:12.898+02:00 TRACE 25984 --- [FirstSpring] [           main] a.ConfigurationClassBeanDefinitionReader : Registering bean definition for @Bean method org.springframework.boot.autoconfigure.web.servlet.WebMvcAutoConfiguration$EnableWebMvcConfiguration.mvcHandlerMappingIntrospector()
2025-01-16T02:20:12.899+02:00 TRACE 25984 --- [FirstSpring] [           main] a.ConfigurationClassBeanDefinitionReader : Registered bean definition for imported class 'org.springframework.boot.autoconfigure.web.servlet.WebMvcAutoConfiguration$WebMvcAutoConfigurationAdapter'
2025-01-16T02:20:12.923+02:00 TRACE 25984 --- [FirstSpring] [           main] o.s.b.a.condition.OnBeanCondition        : Condition OnBeanCondition on org.springframework.boot.autoconfigure.web.servlet.WebMvcAutoConfiguration$WebMvcAutoConfigurationAdapter#defaultViewResolver matched due to @ConditionalOnMissingBean (types: org.springframework.web.servlet.view.InternalResourceViewResolver; SearchStrategy: all) did not find any beans
2025-01-16T02:20:12.923+02:00 TRACE 25984 --- [FirstSpring] [           main] o.s.b.f.s.DefaultListableBeanFactory     : Returning cached instance of singleton bean 'autoConfigurationReport'
2025-01-16T02:20:12.924+02:00 TRACE 25984 --- [FirstSpring] [           main] a.ConfigurationClassBeanDefinitionReader : Registering bean definition for @Bean method org.springframework.boot.autoconfigure.web.servlet.WebMvcAutoConfiguration$WebMvcAutoConfigurationAdapter.defaultViewResolver()
2025-01-16T02:20:12.927+02:00 TRACE 25984 --- [FirstSpring] [           main] o.s.b.a.condition.OnBeanCondition        : Condition OnBeanCondition on org.springframework.boot.autoconfigure.web.servlet.WebMvcAutoConfiguration$WebMvcAutoConfigurationAdapter#beanNameViewResolver did not match due to @ConditionalOnMissingBean (types: org.springframework.web.servlet.view.BeanNameViewResolver; SearchStrategy: all) found beans of type 'org.springframework.web.servlet.view.BeanNameViewResolver' beanNameViewResolver
2025-01-16T02:20:12.928+02:00 TRACE 25984 --- [FirstSpring] [           main] o.s.b.f.s.DefaultListableBeanFactory     : Returning cached instance of singleton bean 'autoConfigurationReport'
2025-01-16T02:20:12.928+02:00 TRACE 25984 --- [FirstSpring] [           main] o.s.b.a.condition.OnBeanCondition        : Condition OnBeanCondition on org.springframework.boot.autoconfigure.web.servlet.WebMvcAutoConfiguration$WebMvcAutoConfigurationAdapter#viewResolver matched due to @ConditionalOnBean (types: org.springframework.web.servlet.ViewResolver; SearchStrategy: all) found beans 'defaultViewResolver', 'beanNameViewResolver', 'mvcViewResolver'; @ConditionalOnMissingBean (names: viewResolver types: org.springframework.web.servlet.view.ContentNegotiatingViewResolver; SearchStrategy: all) did not find any beans
2025-01-16T02:20:12.928+02:00 TRACE 25984 --- [FirstSpring] [           main] o.s.b.f.s.DefaultListableBeanFactory     : Returning cached instance of singleton bean 'autoConfigurationReport'
2025-01-16T02:20:12.928+02:00 TRACE 25984 --- [FirstSpring] [           main] o.s.b.a.condition.OnBeanCondition        : Condition OnBeanCondition on org.springframework.boot.autoconfigure.web.servlet.WebMvcAutoConfiguration$WebMvcAutoConfigurationAdapter#viewResolver matched due to @ConditionalOnBean (types: org.springframework.web.servlet.ViewResolver; SearchStrategy: all) found beans 'defaultViewResolver', 'beanNameViewResolver', 'mvcViewResolver'; @ConditionalOnMissingBean (names: viewResolver types: org.springframework.web.servlet.view.ContentNegotiatingViewResolver; SearchStrategy: all) did not find any beans
2025-01-16T02:20:12.928+02:00 TRACE 25984 --- [FirstSpring] [           main] o.s.b.f.s.DefaultListableBeanFactory     : Returning cached instance of singleton bean 'autoConfigurationReport'
2025-01-16T02:20:12.928+02:00 TRACE 25984 --- [FirstSpring] [           main] a.ConfigurationClassBeanDefinitionReader : Registering bean definition for @Bean method org.springframework.boot.autoconfigure.web.servlet.WebMvcAutoConfiguration$WebMvcAutoConfigurationAdapter.viewResolver()
2025-01-16T02:20:12.933+02:00 TRACE 25984 --- [FirstSpring] [           main] o.s.b.a.condition.OnBeanCondition        : Condition OnBeanCondition on org.springframework.boot.autoconfigure.web.servlet.WebMvcAutoConfiguration$WebMvcAutoConfigurationAdapter#requestContextFilter matched due to @ConditionalOnMissingBean (types: org.springframework.web.context.request.RequestContextListener,org.springframework.web.filter.RequestContextFilter; SearchStrategy: all) did not find any beans
2025-01-16T02:20:12.933+02:00 TRACE 25984 --- [FirstSpring] [           main] o.s.b.f.s.DefaultListableBeanFactory     : Returning cached instance of singleton bean 'autoConfigurationReport'
2025-01-16T02:20:12.934+02:00 TRACE 25984 --- [FirstSpring] [           main] o.s.b.a.condition.OnBeanCondition        : Condition OnBeanCondition on org.springframework.boot.autoconfigure.web.servlet.WebMvcAutoConfiguration$WebMvcAutoConfigurationAdapter#requestContextFilter matched due to @ConditionalOnMissingBean (types: org.springframework.web.context.request.RequestContextListener,org.springframework.web.filter.RequestContextFilter; SearchStrategy: all) did not find any beans
2025-01-16T02:20:12.934+02:00 TRACE 25984 --- [FirstSpring] [           main] o.s.b.f.s.DefaultListableBeanFactory     : Returning cached instance of singleton bean 'autoConfigurationReport'
2025-01-16T02:20:12.935+02:00 TRACE 25984 --- [FirstSpring] [           main] a.ConfigurationClassBeanDefinitionReader : Registering bean definition for @Bean method org.springframework.boot.autoconfigure.web.servlet.WebMvcAutoConfiguration$WebMvcAutoConfigurationAdapter.requestContextFilter()
2025-01-16T02:20:12.940+02:00 TRACE 25984 --- [FirstSpring] [           main] a.ConfigurationClassBeanDefinitionReader : Registered bean definition for imported class 'org.springframework.boot.autoconfigure.web.servlet.WebMvcAutoConfiguration'
2025-01-16T02:20:12.941+02:00 TRACE 25984 --- [FirstSpring] [           main] o.s.b.a.condition.OnPropertyCondition    : Condition OnPropertyCondition on org.springframework.boot.autoconfigure.web.servlet.WebMvcAutoConfiguration#hiddenHttpMethodFilter did not match due to @ConditionalOnProperty (spring.mvc.hiddenmethod.filter.enabled) did not find property 'enabled'
2025-01-16T02:20:12.944+02:00 TRACE 25984 --- [FirstSpring] [           main] o.s.b.f.s.DefaultListableBeanFactory     : Returning cached instance of singleton bean 'autoConfigurationReport'
2025-01-16T02:20:12.945+02:00 TRACE 25984 --- [FirstSpring] [           main] o.s.b.a.condition.OnPropertyCondition    : Condition OnPropertyCondition on org.springframework.boot.autoconfigure.web.servlet.WebMvcAutoConfiguration#formContentFilter matched due to @ConditionalOnProperty (spring.mvc.formcontent.filter.enabled) matched
2025-01-16T02:20:12.945+02:00 TRACE 25984 --- [FirstSpring] [           main] o.s.b.f.s.DefaultListableBeanFactory     : Returning cached instance of singleton bean 'autoConfigurationReport'
2025-01-16T02:20:12.950+02:00 TRACE 25984 --- [FirstSpring] [           main] o.s.b.a.condition.OnBeanCondition        : Condition OnBeanCondition on org.springframework.boot.autoconfigure.web.servlet.WebMvcAutoConfiguration#formContentFilter matched due to @ConditionalOnMissingBean (types: org.springframework.web.filter.FormContentFilter; SearchStrategy: all) did not find any beans
2025-01-16T02:20:12.950+02:00 TRACE 25984 --- [FirstSpring] [           main] o.s.b.f.s.DefaultListableBeanFactory     : Returning cached instance of singleton bean 'autoConfigurationReport'
2025-01-16T02:20:12.950+02:00 TRACE 25984 --- [FirstSpring] [           main] a.ConfigurationClassBeanDefinitionReader : Registering bean definition for @Bean method org.springframework.boot.autoconfigure.web.servlet.WebMvcAutoConfiguration.formContentFilter()
2025-01-16T02:20:12.951+02:00 TRACE 25984 --- [FirstSpring] [           main] o.s.b.a.condition.OnPropertyCondition    : Condition OnPropertyCondition on org.springframework.boot.actuate.autoconfigure.audit.AuditAutoConfiguration matched due to @ConditionalOnProperty (management.auditevents.enabled) matched
2025-01-16T02:20:12.951+02:00 TRACE 25984 --- [FirstSpring] [           main] o.s.b.f.s.DefaultListableBeanFactory     : Returning cached instance of singleton bean 'autoConfigurationReport'
2025-01-16T02:20:12.955+02:00 TRACE 25984 --- [FirstSpring] [           main] o.s.b.a.condition.OnBeanCondition        : Condition OnBeanCondition on org.springframework.boot.actuate.autoconfigure.audit.AuditAutoConfiguration did not match due to @ConditionalOnBean (types: org.springframework.boot.actuate.audit.AuditEventRepository; SearchStrategy: all) did not find any beans of type org.springframework.boot.actuate.audit.AuditEventRepository
2025-01-16T02:20:12.955+02:00 TRACE 25984 --- [FirstSpring] [           main] o.s.b.f.s.DefaultListableBeanFactory     : Returning cached instance of singleton bean 'autoConfigurationReport'
2025-01-16T02:20:12.956+02:00 TRACE 25984 --- [FirstSpring] [           main] s.b.a.a.e.c.OnAvailableEndpointCondition : Condition OnAvailableEndpointCondition on org.springframework.boot.actuate.autoconfigure.audit.AuditEventsEndpointAutoConfiguration matched due to @ConditionalOnAvailableEndpoint marked as exposed by a 'management.endpoints.web.exposure' property
2025-01-16T02:20:12.956+02:00 TRACE 25984 --- [FirstSpring] [           main] o.s.b.f.s.DefaultListableBeanFactory     : Returning cached instance of singleton bean 'autoConfigurationReport'
2025-01-16T02:20:12.956+02:00 TRACE 25984 --- [FirstSpring] [           main] a.ConfigurationClassBeanDefinitionReader : Registered bean definition for imported class 'org.springframework.boot.actuate.autoconfigure.audit.AuditEventsEndpointAutoConfiguration'
2025-01-16T02:20:12.957+02:00 TRACE 25984 --- [FirstSpring] [           main] o.s.b.a.condition.OnBeanCondition        : Condition OnBeanCondition on org.springframework.boot.actuate.autoconfigure.audit.AuditEventsEndpointAutoConfiguration#auditEventsEndpoint did not match due to @ConditionalOnBean (types: org.springframework.boot.actuate.audit.AuditEventRepository; SearchStrategy: all) did not find any beans of type org.springframework.boot.actuate.audit.AuditEventRepository
2025-01-16T02:20:12.957+02:00 TRACE 25984 --- [FirstSpring] [           main] o.s.b.f.s.DefaultListableBeanFactory     : Returning cached instance of singleton bean 'autoConfigurationReport'
2025-01-16T02:20:12.958+02:00 TRACE 25984 --- [FirstSpring] [           main] a.ConfigurationClassBeanDefinitionReader : Registered bean definition for imported class 'org.springframework.boot.autoconfigure.availability.ApplicationAvailabilityAutoConfiguration'
2025-01-16T02:20:12.960+02:00 TRACE 25984 --- [FirstSpring] [           main] o.s.b.a.condition.OnBeanCondition        : Condition OnBeanCondition on org.springframework.boot.autoconfigure.availability.ApplicationAvailabilityAutoConfiguration#applicationAvailability matched due to @ConditionalOnMissingBean (types: org.springframework.boot.availability.ApplicationAvailability; SearchStrategy: all) did not find any beans
2025-01-16T02:20:12.960+02:00 TRACE 25984 --- [FirstSpring] [           main] o.s.b.f.s.DefaultListableBeanFactory     : Returning cached instance of singleton bean 'autoConfigurationReport'
2025-01-16T02:20:12.960+02:00 TRACE 25984 --- [FirstSpring] [           main] a.ConfigurationClassBeanDefinitionReader : Registering bean definition for @Bean method org.springframework.boot.autoconfigure.availability.ApplicationAvailabilityAutoConfiguration.applicationAvailability()
2025-01-16T02:20:12.960+02:00 TRACE 25984 --- [FirstSpring] [           main] a.ConfigurationClassBeanDefinitionReader : Registered bean definition for imported class 'org.springframework.boot.actuate.autoconfigure.availability.AvailabilityHealthContributorAutoConfiguration'
2025-01-16T02:20:12.961+02:00 TRACE 25984 --- [FirstSpring] [           main] o.s.b.a.condition.OnPropertyCondition    : Condition OnPropertyCondition on org.springframework.boot.actuate.autoconfigure.availability.AvailabilityHealthContributorAutoConfiguration#livenessStateHealthIndicator did not match due to @ConditionalOnProperty (management.health.livenessstate.enabled=true) did not find property 'enabled'
2025-01-16T02:20:12.961+02:00 TRACE 25984 --- [FirstSpring] [           main] o.s.b.f.s.DefaultListableBeanFactory     : Returning cached instance of singleton bean 'autoConfigurationReport'
2025-01-16T02:20:12.961+02:00 TRACE 25984 --- [FirstSpring] [           main] o.s.b.a.condition.OnPropertyCondition    : Condition OnPropertyCondition on org.springframework.boot.actuate.autoconfigure.availability.AvailabilityHealthContributorAutoConfiguration#readinessStateHealthIndicator did not match due to @ConditionalOnProperty (management.health.readinessstate.enabled=true) did not find property 'enabled'
2025-01-16T02:20:12.961+02:00 TRACE 25984 --- [FirstSpring] [           main] o.s.b.f.s.DefaultListableBeanFactory     : Returning cached instance of singleton bean 'autoConfigurationReport'
2025-01-16T02:20:12.961+02:00 TRACE 25984 --- [FirstSpring] [           main] s.b.a.a.e.c.OnAvailableEndpointCondition : Condition OnAvailableEndpointCondition on org.springframework.boot.actuate.autoconfigure.beans.BeansEndpointAutoConfiguration matched due to @ConditionalOnAvailableEndpoint marked as exposed by a 'management.endpoints.web.exposure' property
2025-01-16T02:20:12.961+02:00 TRACE 25984 --- [FirstSpring] [           main] o.s.b.f.s.DefaultListableBeanFactory     : Returning cached instance of singleton bean 'autoConfigurationReport'
2025-01-16T02:20:12.961+02:00 TRACE 25984 --- [FirstSpring] [           main] a.ConfigurationClassBeanDefinitionReader : Registered bean definition for imported class 'org.springframework.boot.actuate.autoconfigure.beans.BeansEndpointAutoConfiguration'
2025-01-16T02:20:12.963+02:00 TRACE 25984 --- [FirstSpring] [           main] o.s.b.a.condition.OnBeanCondition        : Condition OnBeanCondition on org.springframework.boot.actuate.autoconfigure.beans.BeansEndpointAutoConfiguration#beansEndpoint matched due to @ConditionalOnMissingBean (types: org.springframework.boot.actuate.beans.BeansEndpoint; SearchStrategy: all) did not find any beans
2025-01-16T02:20:12.963+02:00 TRACE 25984 --- [FirstSpring] [           main] o.s.b.f.s.DefaultListableBeanFactory     : Returning cached instance of singleton bean 'autoConfigurationReport'
2025-01-16T02:20:12.963+02:00 TRACE 25984 --- [FirstSpring] [           main] a.ConfigurationClassBeanDefinitionReader : Registering bean definition for @Bean method org.springframework.boot.actuate.autoconfigure.beans.BeansEndpointAutoConfiguration.beansEndpoint()
2025-01-16T02:20:12.963+02:00 TRACE 25984 --- [FirstSpring] [           main] o.s.b.a.condition.OnClassCondition       : Condition OnClassCondition on org.springframework.boot.autoconfigure.jackson.JacksonAutoConfiguration matched due to @ConditionalOnClass found required class 'com.fasterxml.jackson.databind.ObjectMapper'
2025-01-16T02:20:12.963+02:00 TRACE 25984 --- [FirstSpring] [           main] o.s.b.f.s.DefaultListableBeanFactory     : Returning cached instance of singleton bean 'autoConfigurationReport'
2025-01-16T02:20:12.963+02:00 TRACE 25984 --- [FirstSpring] [           main] o.s.b.a.condition.OnClassCondition       : Condition OnClassCondition on org.springframework.boot.autoconfigure.jackson.JacksonAutoConfiguration$Jackson2ObjectMapperBuilderCustomizerConfiguration matched due to @ConditionalOnClass found required class 'org.springframework.http.converter.json.Jackson2ObjectMapperBuilder'
2025-01-16T02:20:12.963+02:00 TRACE 25984 --- [FirstSpring] [           main] o.s.b.f.s.DefaultListableBeanFactory     : Returning cached instance of singleton bean 'autoConfigurationReport'
2025-01-16T02:20:12.965+02:00 TRACE 25984 --- [FirstSpring] [           main] a.ConfigurationClassBeanDefinitionReader : Registered bean definition for imported class 'org.springframework.boot.autoconfigure.jackson.JacksonAutoConfiguration$Jackson2ObjectMapperBuilderCustomizerConfiguration'
2025-01-16T02:20:12.965+02:00 TRACE 25984 --- [FirstSpring] [           main] a.ConfigurationClassBeanDefinitionReader : Registering bean definition for @Bean method org.springframework.boot.autoconfigure.jackson.JacksonAutoConfiguration$Jackson2ObjectMapperBuilderCustomizerConfiguration.standardJacksonObjectMapperBuilderCustomizer()
2025-01-16T02:20:12.968+02:00 TRACE 25984 --- [FirstSpring] [           main] o.s.b.a.condition.OnClassCondition       : Condition OnClassCondition on org.springframework.boot.autoconfigure.jackson.JacksonAutoConfiguration$JacksonObjectMapperBuilderConfiguration matched due to @ConditionalOnClass found required class 'org.springframework.http.converter.json.Jackson2ObjectMapperBuilder'
2025-01-16T02:20:12.969+02:00 TRACE 25984 --- [FirstSpring] [           main] o.s.b.f.s.DefaultListableBeanFactory     : Returning cached instance of singleton bean 'autoConfigurationReport'
2025-01-16T02:20:12.969+02:00 TRACE 25984 --- [FirstSpring] [           main] a.ConfigurationClassBeanDefinitionReader : Registered bean definition for imported class 'org.springframework.boot.autoconfigure.jackson.JacksonAutoConfiguration$JacksonObjectMapperBuilderConfiguration'
2025-01-16T02:20:12.972+02:00 TRACE 25984 --- [FirstSpring] [           main] o.s.b.a.condition.OnBeanCondition        : Condition OnBeanCondition on org.springframework.boot.autoconfigure.jackson.JacksonAutoConfiguration$JacksonObjectMapperBuilderConfiguration#jacksonObjectMapperBuilder matched due to @ConditionalOnMissingBean (types: org.springframework.http.converter.json.Jackson2ObjectMapperBuilder; SearchStrategy: all) did not find any beans
2025-01-16T02:20:12.972+02:00 TRACE 25984 --- [FirstSpring] [           main] o.s.b.f.s.DefaultListableBeanFactory     : Returning cached instance of singleton bean 'autoConfigurationReport'
2025-01-16T02:20:12.972+02:00 TRACE 25984 --- [FirstSpring] [           main] a.ConfigurationClassBeanDefinitionReader : Registering bean definition for @Bean method org.springframework.boot.autoconfigure.jackson.JacksonAutoConfiguration$JacksonObjectMapperBuilderConfiguration.jacksonObjectMapperBuilder()
2025-01-16T02:20:12.972+02:00 TRACE 25984 --- [FirstSpring] [           main] o.s.b.a.condition.OnClassCondition       : Condition OnClassCondition on org.springframework.boot.autoconfigure.jackson.JacksonAutoConfiguration$ParameterNamesModuleConfiguration matched due to @ConditionalOnClass found required class 'com.fasterxml.jackson.module.paramnames.ParameterNamesModule'
2025-01-16T02:20:12.972+02:00 TRACE 25984 --- [FirstSpring] [           main] o.s.b.f.s.DefaultListableBeanFactory     : Returning cached instance of singleton bean 'autoConfigurationReport'
2025-01-16T02:20:12.972+02:00 TRACE 25984 --- [FirstSpring] [           main] a.ConfigurationClassBeanDefinitionReader : Registered bean definition for imported class 'org.springframework.boot.autoconfigure.jackson.JacksonAutoConfiguration$ParameterNamesModuleConfiguration'
2025-01-16T02:20:12.975+02:00 TRACE 25984 --- [FirstSpring] [           main] o.s.b.a.condition.OnBeanCondition        : Condition OnBeanCondition on org.springframework.boot.autoconfigure.jackson.JacksonAutoConfiguration$ParameterNamesModuleConfiguration#parameterNamesModule matched due to @ConditionalOnMissingBean (types: com.fasterxml.jackson.module.paramnames.ParameterNamesModule; SearchStrategy: all) did not find any beans
2025-01-16T02:20:12.975+02:00 TRACE 25984 --- [FirstSpring] [           main] o.s.b.f.s.DefaultListableBeanFactory     : Returning cached instance of singleton bean 'autoConfigurationReport'
2025-01-16T02:20:12.976+02:00 TRACE 25984 --- [FirstSpring] [           main] a.ConfigurationClassBeanDefinitionReader : Registering bean definition for @Bean method org.springframework.boot.autoconfigure.jackson.JacksonAutoConfiguration$ParameterNamesModuleConfiguration.parameterNamesModule()
2025-01-16T02:20:12.977+02:00 TRACE 25984 --- [FirstSpring] [           main] o.s.b.a.condition.OnClassCondition       : Condition OnClassCondition on org.springframework.boot.autoconfigure.jackson.JacksonAutoConfiguration$JacksonObjectMapperConfiguration matched due to @ConditionalOnClass found required class 'org.springframework.http.converter.json.Jackson2ObjectMapperBuilder'
2025-01-16T02:20:12.977+02:00 TRACE 25984 --- [FirstSpring] [           main] o.s.b.f.s.DefaultListableBeanFactory     : Returning cached instance of singleton bean 'autoConfigurationReport'
2025-01-16T02:20:12.977+02:00 TRACE 25984 --- [FirstSpring] [           main] a.ConfigurationClassBeanDefinitionReader : Registered bean definition for imported class 'org.springframework.boot.autoconfigure.jackson.JacksonAutoConfiguration$JacksonObjectMapperConfiguration'
2025-01-16T02:20:12.978+02:00 TRACE 25984 --- [FirstSpring] [           main] o.s.b.a.condition.OnBeanCondition        : Condition OnBeanCondition on org.springframework.boot.autoconfigure.jackson.JacksonAutoConfiguration$JacksonObjectMapperConfiguration#jacksonObjectMapper matched due to @ConditionalOnMissingBean (types: com.fasterxml.jackson.databind.ObjectMapper; SearchStrategy: all) did not find any beans
2025-01-16T02:20:12.978+02:00 TRACE 25984 --- [FirstSpring] [           main] o.s.b.f.s.DefaultListableBeanFactory     : Returning cached instance of singleton bean 'autoConfigurationReport'
2025-01-16T02:20:12.978+02:00 TRACE 25984 --- [FirstSpring] [           main] a.ConfigurationClassBeanDefinitionReader : Registering bean definition for @Bean method org.springframework.boot.autoconfigure.jackson.JacksonAutoConfiguration$JacksonObjectMapperConfiguration.jacksonObjectMapper()
2025-01-16T02:20:12.978+02:00 TRACE 25984 --- [FirstSpring] [           main] a.ConfigurationClassBeanDefinitionReader : Registered bean definition for imported class 'org.springframework.boot.autoconfigure.jackson.JacksonAutoConfiguration$JacksonMixinConfiguration'
2025-01-16T02:20:12.979+02:00 TRACE 25984 --- [FirstSpring] [           main] a.ConfigurationClassBeanDefinitionReader : Registering bean definition for @Bean method org.springframework.boot.autoconfigure.jackson.JacksonAutoConfiguration$JacksonMixinConfiguration.jsonMixinModuleEntries()
2025-01-16T02:20:12.979+02:00 TRACE 25984 --- [FirstSpring] [           main] a.ConfigurationClassBeanDefinitionReader : Registering bean definition for @Bean method org.springframework.boot.autoconfigure.jackson.JacksonAutoConfiguration$JacksonMixinConfiguration.jsonMixinModule()
2025-01-16T02:20:12.979+02:00 TRACE 25984 --- [FirstSpring] [           main] a.ConfigurationClassBeanDefinitionReader : Registered bean definition for imported class 'org.springframework.boot.autoconfigure.jackson.JacksonAutoConfiguration'
2025-01-16T02:20:12.979+02:00 TRACE 25984 --- [FirstSpring] [           main] a.ConfigurationClassBeanDefinitionReader : Registering bean definition for @Bean method org.springframework.boot.autoconfigure.jackson.JacksonAutoConfiguration.jsonComponentModule()
2025-01-16T02:20:12.979+02:00 TRACE 25984 --- [FirstSpring] [           main] o.s.b.a.condition.OnClassCondition       : Condition OnClassCondition on org.springframework.boot.autoconfigure.cache.CacheAutoConfiguration matched due to @ConditionalOnClass found required class 'org.springframework.cache.CacheManager'
2025-01-16T02:20:12.979+02:00 TRACE 25984 --- [FirstSpring] [           main] o.s.b.f.s.DefaultListableBeanFactory     : Returning cached instance of singleton bean 'autoConfigurationReport'
2025-01-16T02:20:12.983+02:00 TRACE 25984 --- [FirstSpring] [           main] o.s.b.a.condition.OnBeanCondition        : Condition OnBeanCondition on org.springframework.boot.autoconfigure.cache.CacheAutoConfiguration did not match due to @ConditionalOnBean (types: org.springframework.cache.interceptor.CacheAspectSupport; SearchStrategy: all) did not find any beans of type org.springframework.cache.interceptor.CacheAspectSupport
2025-01-16T02:20:12.983+02:00 TRACE 25984 --- [FirstSpring] [           main] o.s.b.f.s.DefaultListableBeanFactory     : Returning cached instance of singleton bean 'autoConfigurationReport'
2025-01-16T02:20:12.983+02:00 TRACE 25984 --- [FirstSpring] [           main] o.s.b.a.condition.OnClassCondition       : Condition OnClassCondition on org.springframework.boot.actuate.autoconfigure.cache.CachesEndpointAutoConfiguration matched due to @ConditionalOnClass found required class 'org.springframework.cache.CacheManager'
2025-01-16T02:20:12.983+02:00 TRACE 25984 --- [FirstSpring] [           main] o.s.b.f.s.DefaultListableBeanFactory     : Returning cached instance of singleton bean 'autoConfigurationReport'
2025-01-16T02:20:12.984+02:00 TRACE 25984 --- [FirstSpring] [           main] s.b.a.a.e.c.OnAvailableEndpointCondition : Condition OnAvailableEndpointCondition on org.springframework.boot.actuate.autoconfigure.cache.CachesEndpointAutoConfiguration matched due to @ConditionalOnAvailableEndpoint marked as exposed by a 'management.endpoints.web.exposure' property
2025-01-16T02:20:12.984+02:00 TRACE 25984 --- [FirstSpring] [           main] o.s.b.f.s.DefaultListableBeanFactory     : Returning cached instance of singleton bean 'autoConfigurationReport'
2025-01-16T02:20:12.984+02:00 TRACE 25984 --- [FirstSpring] [           main] a.ConfigurationClassBeanDefinitionReader : Registered bean definition for imported class 'org.springframework.boot.actuate.autoconfigure.cache.CachesEndpointAutoConfiguration'
2025-01-16T02:20:12.985+02:00 TRACE 25984 --- [FirstSpring] [           main] o.s.b.a.condition.OnBeanCondition        : Condition OnBeanCondition on org.springframework.boot.actuate.autoconfigure.cache.CachesEndpointAutoConfiguration#cachesEndpoint matched due to @ConditionalOnMissingBean (types: org.springframework.boot.actuate.cache.CachesEndpoint; SearchStrategy: all) did not find any beans
2025-01-16T02:20:12.985+02:00 TRACE 25984 --- [FirstSpring] [           main] o.s.b.f.s.DefaultListableBeanFactory     : Returning cached instance of singleton bean 'autoConfigurationReport'
2025-01-16T02:20:12.985+02:00 TRACE 25984 --- [FirstSpring] [           main] a.ConfigurationClassBeanDefinitionReader : Registering bean definition for @Bean method org.springframework.boot.actuate.autoconfigure.cache.CachesEndpointAutoConfiguration.cachesEndpoint()
2025-01-16T02:20:12.986+02:00 TRACE 25984 --- [FirstSpring] [           main] o.s.b.a.condition.OnBeanCondition        : Condition OnBeanCondition on org.springframework.boot.actuate.autoconfigure.cache.CachesEndpointAutoConfiguration#cachesEndpointWebExtension matched due to @ConditionalOnBean (types: org.springframework.boot.actuate.cache.CachesEndpoint; SearchStrategy: all) found bean 'cachesEndpoint'; @ConditionalOnMissingBean (types: org.springframework.boot.actuate.cache.CachesEndpointWebExtension; SearchStrategy: all) did not find any beans
2025-01-16T02:20:12.986+02:00 TRACE 25984 --- [FirstSpring] [           main] o.s.b.f.s.DefaultListableBeanFactory     : Returning cached instance of singleton bean 'autoConfigurationReport'
2025-01-16T02:20:12.987+02:00 TRACE 25984 --- [FirstSpring] [           main] o.s.b.a.condition.OnBeanCondition        : Condition OnBeanCondition on org.springframework.boot.actuate.autoconfigure.cache.CachesEndpointAutoConfiguration#cachesEndpointWebExtension matched due to @ConditionalOnBean (types: org.springframework.boot.actuate.cache.CachesEndpoint; SearchStrategy: all) found bean 'cachesEndpoint'; @ConditionalOnMissingBean (types: org.springframework.boot.actuate.cache.CachesEndpointWebExtension; SearchStrategy: all) did not find any beans
2025-01-16T02:20:12.987+02:00 TRACE 25984 --- [FirstSpring] [           main] o.s.b.f.s.DefaultListableBeanFactory     : Returning cached instance of singleton bean 'autoConfigurationReport'
2025-01-16T02:20:12.991+02:00 TRACE 25984 --- [FirstSpring] [           main] s.b.a.a.e.c.OnAvailableEndpointCondition : Condition OnAvailableEndpointCondition on org.springframework.boot.actuate.autoconfigure.cache.CachesEndpointAutoConfiguration#cachesEndpointWebExtension matched due to @ConditionalOnAvailableEndpoint marked as exposed by a 'management.endpoints.web.exposure' property
2025-01-16T02:20:12.991+02:00 TRACE 25984 --- [FirstSpring] [           main] o.s.b.f.s.DefaultListableBeanFactory     : Returning cached instance of singleton bean 'autoConfigurationReport'
2025-01-16T02:20:12.991+02:00 TRACE 25984 --- [FirstSpring] [           main] a.ConfigurationClassBeanDefinitionReader : Registering bean definition for @Bean method org.springframework.boot.actuate.autoconfigure.cache.CachesEndpointAutoConfiguration.cachesEndpointWebExtension()
2025-01-16T02:20:12.992+02:00 TRACE 25984 --- [FirstSpring] [           main] s.b.a.a.e.c.OnAvailableEndpointCondition : Condition OnAvailableEndpointCondition on org.springframework.boot.actuate.autoconfigure.health.HealthEndpointAutoConfiguration matched due to @ConditionalOnAvailableEndpoint marked as exposed by a 'management.endpoints.web.exposure' property
2025-01-16T02:20:12.992+02:00 TRACE 25984 --- [FirstSpring] [           main] o.s.b.f.s.DefaultListableBeanFactory     : Returning cached instance of singleton bean 'autoConfigurationReport'
2025-01-16T02:20:12.992+02:00 TRACE 25984 --- [FirstSpring] [           main] a.ConfigurationClassBeanDefinitionReader : Registered bean definition for imported class 'org.springframework.boot.actuate.autoconfigure.health.HealthEndpointConfiguration'
2025-01-16T02:20:12.997+02:00 TRACE 25984 --- [FirstSpring] [           main] o.s.b.a.condition.OnBeanCondition        : Condition OnBeanCondition on org.springframework.boot.actuate.autoconfigure.health.HealthEndpointConfiguration#healthStatusAggregator matched due to @ConditionalOnMissingBean (types: org.springframework.boot.actuate.health.StatusAggregator; SearchStrategy: all) did not find any beans
2025-01-16T02:20:12.997+02:00 TRACE 25984 --- [FirstSpring] [           main] o.s.b.f.s.DefaultListableBeanFactory     : Returning cached instance of singleton bean 'autoConfigurationReport'
2025-01-16T02:20:12.997+02:00 TRACE 25984 --- [FirstSpring] [           main] a.ConfigurationClassBeanDefinitionReader : Registering bean definition for @Bean method org.springframework.boot.actuate.autoconfigure.health.HealthEndpointConfiguration.healthStatusAggregator()
2025-01-16T02:20:13.000+02:00 TRACE 25984 --- [FirstSpring] [           main] o.s.b.a.condition.OnBeanCondition        : Condition OnBeanCondition on org.springframework.boot.actuate.autoconfigure.health.HealthEndpointConfiguration#healthHttpCodeStatusMapper matched due to @ConditionalOnMissingBean (types: org.springframework.boot.actuate.health.HttpCodeStatusMapper; SearchStrategy: all) did not find any beans
2025-01-16T02:20:13.000+02:00 TRACE 25984 --- [FirstSpring] [           main] o.s.b.f.s.DefaultListableBeanFactory     : Returning cached instance of singleton bean 'autoConfigurationReport'
2025-01-16T02:20:13.000+02:00 TRACE 25984 --- [FirstSpring] [           main] a.ConfigurationClassBeanDefinitionReader : Registering bean definition for @Bean method org.springframework.boot.actuate.autoconfigure.health.HealthEndpointConfiguration.healthHttpCodeStatusMapper()
2025-01-16T02:20:13.001+02:00 TRACE 25984 --- [FirstSpring] [           main] o.s.b.a.condition.OnBeanCondition        : Condition OnBeanCondition on org.springframework.boot.actuate.autoconfigure.health.HealthEndpointConfiguration#healthEndpointGroups matched due to @ConditionalOnMissingBean (types: org.springframework.boot.actuate.health.HealthEndpointGroups; SearchStrategy: all) did not find any beans
2025-01-16T02:20:13.001+02:00 TRACE 25984 --- [FirstSpring] [           main] o.s.b.f.s.DefaultListableBeanFactory     : Returning cached instance of singleton bean 'autoConfigurationReport'
2025-01-16T02:20:13.001+02:00 TRACE 25984 --- [FirstSpring] [           main] a.ConfigurationClassBeanDefinitionReader : Registering bean definition for @Bean method org.springframework.boot.actuate.autoconfigure.health.HealthEndpointConfiguration.healthEndpointGroups()
2025-01-16T02:20:13.002+02:00 TRACE 25984 --- [FirstSpring] [           main] o.s.b.a.condition.OnBeanCondition        : Condition OnBeanCondition on org.springframework.boot.actuate.autoconfigure.health.HealthEndpointConfiguration#healthContributorRegistry matched due to @ConditionalOnMissingBean (types: org.springframework.boot.actuate.health.HealthContributorRegistry; SearchStrategy: all) did not find any beans
2025-01-16T02:20:13.002+02:00 TRACE 25984 --- [FirstSpring] [           main] o.s.b.f.s.DefaultListableBeanFactory     : Returning cached instance of singleton bean 'autoConfigurationReport'
2025-01-16T02:20:13.003+02:00 TRACE 25984 --- [FirstSpring] [           main] a.ConfigurationClassBeanDefinitionReader : Registering bean definition for @Bean method org.springframework.boot.actuate.autoconfigure.health.HealthEndpointConfiguration.healthContributorRegistry()
2025-01-16T02:20:13.003+02:00 TRACE 25984 --- [FirstSpring] [           main] o.s.b.a.condition.OnPropertyCondition    : Condition OnPropertyCondition on org.springframework.boot.actuate.autoconfigure.health.HealthEndpointConfiguration#healthEndpointGroupMembershipValidator matched due to @ConditionalOnProperty (management.endpoint.health.validate-group-membership=true) matched
2025-01-16T02:20:13.003+02:00 TRACE 25984 --- [FirstSpring] [           main] o.s.b.f.s.DefaultListableBeanFactory     : Returning cached instance of singleton bean 'autoConfigurationReport'
2025-01-16T02:20:13.003+02:00 TRACE 25984 --- [FirstSpring] [           main] a.ConfigurationClassBeanDefinitionReader : Registering bean definition for @Bean method org.springframework.boot.actuate.autoconfigure.health.HealthEndpointConfiguration.healthEndpointGroupMembershipValidator()
2025-01-16T02:20:13.005+02:00 TRACE 25984 --- [FirstSpring] [           main] o.s.b.a.condition.OnBeanCondition        : Condition OnBeanCondition on org.springframework.boot.actuate.autoconfigure.health.HealthEndpointConfiguration#healthEndpoint matched due to @ConditionalOnMissingBean (types: org.springframework.boot.actuate.health.HealthEndpoint; SearchStrategy: all) did not find any beans
2025-01-16T02:20:13.005+02:00 TRACE 25984 --- [FirstSpring] [           main] o.s.b.f.s.DefaultListableBeanFactory     : Returning cached instance of singleton bean 'autoConfigurationReport'
2025-01-16T02:20:13.005+02:00 TRACE 25984 --- [FirstSpring] [           main] a.ConfigurationClassBeanDefinitionReader : Registering bean definition for @Bean method org.springframework.boot.actuate.autoconfigure.health.HealthEndpointConfiguration.healthEndpoint()
2025-01-16T02:20:13.005+02:00 TRACE 25984 --- [FirstSpring] [           main] a.ConfigurationClassBeanDefinitionReader : Registering bean definition for @Bean method org.springframework.boot.actuate.autoconfigure.health.HealthEndpointConfiguration.healthEndpointGroupsBeanPostProcessor()
2025-01-16T02:20:13.005+02:00 TRACE 25984 --- [FirstSpring] [           main] o.s.b.a.c.OnWebApplicationCondition      : Condition OnWebApplicationCondition on org.springframework.boot.actuate.autoconfigure.health.HealthEndpointWebExtensionConfiguration matched due to found 'session' scope
2025-01-16T02:20:13.005+02:00 TRACE 25984 --- [FirstSpring] [           main] o.s.b.f.s.DefaultListableBeanFactory     : Returning cached instance of singleton bean 'autoConfigurationReport'
2025-01-16T02:20:13.006+02:00 TRACE 25984 --- [FirstSpring] [           main] o.s.b.a.condition.OnBeanCondition        : Condition OnBeanCondition on org.springframework.boot.actuate.autoconfigure.health.HealthEndpointWebExtensionConfiguration matched due to @ConditionalOnBean (types: org.springframework.boot.actuate.health.HealthEndpoint; SearchStrategy: all) found bean 'healthEndpoint'
2025-01-16T02:20:13.006+02:00 TRACE 25984 --- [FirstSpring] [           main] o.s.b.f.s.DefaultListableBeanFactory     : Returning cached instance of singleton bean 'autoConfigurationReport'
2025-01-16T02:20:13.008+02:00 TRACE 25984 --- [FirstSpring] [           main] s.b.a.a.e.c.OnAvailableEndpointCondition : Condition OnAvailableEndpointCondition on org.springframework.boot.actuate.autoconfigure.health.HealthEndpointWebExtensionConfiguration matched due to @ConditionalOnAvailableEndpoint marked as exposed by a 'management.endpoints.web.exposure' property
2025-01-16T02:20:13.008+02:00 TRACE 25984 --- [FirstSpring] [           main] o.s.b.f.s.DefaultListableBeanFactory     : Returning cached instance of singleton bean 'autoConfigurationReport'
2025-01-16T02:20:13.009+02:00 TRACE 25984 --- [FirstSpring] [           main] o.s.b.a.condition.OnBeanCondition        : Condition OnBeanCondition on org.springframework.boot.actuate.autoconfigure.health.HealthEndpointWebExtensionConfiguration$MvcAdditionalHealthEndpointPathsConfiguration matched due to @ConditionalOnBean (types: org.springframework.web.servlet.DispatcherServlet; SearchStrategy: all) found bean 'dispatcherServlet'
2025-01-16T02:20:13.009+02:00 TRACE 25984 --- [FirstSpring] [           main] o.s.b.f.s.DefaultListableBeanFactory     : Returning cached instance of singleton bean 'autoConfigurationReport'
2025-01-16T02:20:13.009+02:00 TRACE 25984 --- [FirstSpring] [           main] a.ConfigurationClassBeanDefinitionReader : Registered bean definition for imported class 'org.springframework.boot.actuate.autoconfigure.health.HealthEndpointWebExtensionConfiguration$MvcAdditionalHealthEndpointPathsConfiguration'
2025-01-16T02:20:13.010+02:00 TRACE 25984 --- [FirstSpring] [           main] a.ConfigurationClassBeanDefinitionReader : Registering bean definition for @Bean method org.springframework.boot.actuate.autoconfigure.health.HealthEndpointWebExtensionConfiguration$MvcAdditionalHealthEndpointPathsConfiguration.healthEndpointWebMvcHandlerMapping()
2025-01-16T02:20:13.010+02:00 TRACE 25984 --- [FirstSpring] [           main] a.ConfigurationClassBeanDefinitionReader : Registered bean definition for imported class 'org.springframework.boot.actuate.autoconfigure.health.HealthEndpointWebExtensionConfiguration'
2025-01-16T02:20:13.015+02:00 TRACE 25984 --- [FirstSpring] [           main] o.s.b.a.condition.OnBeanCondition        : Condition OnBeanCondition on org.springframework.boot.actuate.autoconfigure.health.HealthEndpointWebExtensionConfiguration#healthEndpointWebExtension matched due to @ConditionalOnMissingBean (types: org.springframework.boot.actuate.health.HealthEndpointWebExtension; SearchStrategy: all) did not find any beans
2025-01-16T02:20:13.015+02:00 TRACE 25984 --- [FirstSpring] [           main] o.s.b.f.s.DefaultListableBeanFactory     : Returning cached instance of singleton bean 'autoConfigurationReport'
2025-01-16T02:20:13.016+02:00 TRACE 25984 --- [FirstSpring] [           main] a.ConfigurationClassBeanDefinitionReader : Registering bean definition for @Bean method org.springframework.boot.actuate.autoconfigure.health.HealthEndpointWebExtensionConfiguration.healthEndpointWebExtension()
2025-01-16T02:20:13.029+02:00 TRACE 25984 --- [FirstSpring] [           main] a.ConfigurationClassBeanDefinitionReader : Registered bean definition for imported class 'org.springframework.boot.actuate.autoconfigure.health.HealthEndpointAutoConfiguration'
2025-01-16T02:20:13.031+02:00 TRACE 25984 --- [FirstSpring] [           main] a.ConfigurationClassBeanDefinitionReader : Registered bean definition for imported class 'org.springframework.boot.autoconfigure.info.ProjectInfoAutoConfiguration'
2025-01-16T02:20:13.032+02:00 TRACE 25984 --- [FirstSpring] [           main] figuration$GitResourceAvailableCondition : Condition ProjectInfoAutoConfiguration.GitResourceAvailableCondition on org.springframework.boot.autoconfigure.info.ProjectInfoAutoConfiguration#gitProperties did not match due to GitResource did not find git info at classpath:git.properties
2025-01-16T02:20:13.032+02:00 TRACE 25984 --- [FirstSpring] [           main] o.s.b.f.s.DefaultListableBeanFactory     : Returning cached instance of singleton bean 'autoConfigurationReport'
2025-01-16T02:20:13.033+02:00 TRACE 25984 --- [FirstSpring] [           main] o.s.b.a.condition.OnResourceCondition    : Condition OnResourceCondition on org.springframework.boot.autoconfigure.info.ProjectInfoAutoConfiguration#buildProperties did not match due to @ConditionalOnResource did not find resource '${spring.info.build.location:classpath:META-INF/build-info.properties}'
2025-01-16T02:20:13.034+02:00 TRACE 25984 --- [FirstSpring] [           main] o.s.b.f.s.DefaultListableBeanFactory     : Returning cached instance of singleton bean 'autoConfigurationReport'
2025-01-16T02:20:13.037+02:00 TRACE 25984 --- [FirstSpring] [           main] a.ConfigurationClassBeanDefinitionReader : Registered bean definition for imported class 'org.springframework.boot.actuate.autoconfigure.info.InfoContributorAutoConfiguration'
2025-01-16T02:20:13.038+02:00 TRACE 25984 --- [FirstSpring] [           main] .a.a.i.OnEnabledInfoContributorCondition : Condition OnEnabledInfoContributorCondition on org.springframework.boot.actuate.autoconfigure.info.InfoContributorAutoConfiguration#envInfoContributor did not match due to @ConditionalOnEnabledInfoContributor management.info.env.enabled is not true
2025-01-16T02:20:13.038+02:00 TRACE 25984 --- [FirstSpring] [           main] o.s.b.f.s.DefaultListableBeanFactory     : Returning cached instance of singleton bean 'autoConfigurationReport'
2025-01-16T02:20:13.038+02:00 TRACE 25984 --- [FirstSpring] [           main] .a.a.i.OnEnabledInfoContributorCondition : Condition OnEnabledInfoContributorCondition on org.springframework.boot.actuate.autoconfigure.info.InfoContributorAutoConfiguration#gitInfoContributor matched due to @ConditionalOnEnabledInfoContributor management.info.defaults.enabled is considered true
2025-01-16T02:20:13.038+02:00 TRACE 25984 --- [FirstSpring] [           main] o.s.b.f.s.DefaultListableBeanFactory     : Returning cached instance of singleton bean 'autoConfigurationReport'
2025-01-16T02:20:13.043+02:00 TRACE 25984 --- [FirstSpring] [           main] o.s.b.a.condition.OnBeanCondition        : Condition OnBeanCondition on org.springframework.boot.actuate.autoconfigure.info.InfoContributorAutoConfiguration#gitInfoContributor did not match due to @ConditionalOnSingleCandidate (types: org.springframework.boot.info.GitProperties; SearchStrategy: all) did not find any beans
2025-01-16T02:20:13.043+02:00 TRACE 25984 --- [FirstSpring] [           main] o.s.b.f.s.DefaultListableBeanFactory     : Returning cached instance of singleton bean 'autoConfigurationReport'
2025-01-16T02:20:13.044+02:00 TRACE 25984 --- [FirstSpring] [           main] .a.a.i.OnEnabledInfoContributorCondition : Condition OnEnabledInfoContributorCondition on org.springframework.boot.actuate.autoconfigure.info.InfoContributorAutoConfiguration#buildInfoContributor matched due to @ConditionalOnEnabledInfoContributor management.info.defaults.enabled is considered true
2025-01-16T02:20:13.044+02:00 TRACE 25984 --- [FirstSpring] [           main] o.s.b.f.s.DefaultListableBeanFactory     : Returning cached instance of singleton bean 'autoConfigurationReport'
2025-01-16T02:20:13.048+02:00 TRACE 25984 --- [FirstSpring] [           main] o.s.b.a.condition.OnBeanCondition        : Condition OnBeanCondition on org.springframework.boot.actuate.autoconfigure.info.InfoContributorAutoConfiguration#buildInfoContributor did not match due to @ConditionalOnSingleCandidate (types: org.springframework.boot.info.BuildProperties; SearchStrategy: all) did not find any beans
2025-01-16T02:20:13.048+02:00 TRACE 25984 --- [FirstSpring] [           main] o.s.b.f.s.DefaultListableBeanFactory     : Returning cached instance of singleton bean 'autoConfigurationReport'
2025-01-16T02:20:13.048+02:00 TRACE 25984 --- [FirstSpring] [           main] .a.a.i.OnEnabledInfoContributorCondition : Condition OnEnabledInfoContributorCondition on org.springframework.boot.actuate.autoconfigure.info.InfoContributorAutoConfiguration#javaInfoContributor did not match due to @ConditionalOnEnabledInfoContributor management.info.java.enabled is not true
2025-01-16T02:20:13.048+02:00 TRACE 25984 --- [FirstSpring] [           main] o.s.b.f.s.DefaultListableBeanFactory     : Returning cached instance of singleton bean 'autoConfigurationReport'
2025-01-16T02:20:13.048+02:00 TRACE 25984 --- [FirstSpring] [           main] .a.a.i.OnEnabledInfoContributorCondition : Condition OnEnabledInfoContributorCondition on org.springframework.boot.actuate.autoconfigure.info.InfoContributorAutoConfiguration#osInfoContributor did not match due to @ConditionalOnEnabledInfoContributor management.info.os.enabled is not true
2025-01-16T02:20:13.048+02:00 TRACE 25984 --- [FirstSpring] [           main] o.s.b.f.s.DefaultListableBeanFactory     : Returning cached instance of singleton bean 'autoConfigurationReport'
2025-01-16T02:20:13.048+02:00 TRACE 25984 --- [FirstSpring] [           main] .a.a.i.OnEnabledInfoContributorCondition : Condition OnEnabledInfoContributorCondition on org.springframework.boot.actuate.autoconfigure.info.InfoContributorAutoConfiguration#processInfoContributor did not match due to @ConditionalOnEnabledInfoContributor management.info.process.enabled is not true
2025-01-16T02:20:13.049+02:00 TRACE 25984 --- [FirstSpring] [           main] o.s.b.f.s.DefaultListableBeanFactory     : Returning cached instance of singleton bean 'autoConfigurationReport'
2025-01-16T02:20:13.049+02:00 TRACE 25984 --- [FirstSpring] [           main] .a.a.i.OnEnabledInfoContributorCondition : Condition OnEnabledInfoContributorCondition on org.springframework.boot.actuate.autoconfigure.info.InfoContributorAutoConfiguration#sslInfoContributor did not match due to @ConditionalOnEnabledInfoContributor management.info.ssl.enabled is not true
2025-01-16T02:20:13.049+02:00 TRACE 25984 --- [FirstSpring] [           main] o.s.b.f.s.DefaultListableBeanFactory     : Returning cached instance of singleton bean 'autoConfigurationReport'
2025-01-16T02:20:13.051+02:00 TRACE 25984 --- [FirstSpring] [           main] o.s.b.a.condition.OnBeanCondition        : Condition OnBeanCondition on org.springframework.boot.actuate.autoconfigure.info.InfoContributorAutoConfiguration#sslInfo matched due to @ConditionalOnMissingBean (types: org.springframework.boot.info.SslInfo; SearchStrategy: all) did not find any beans
2025-01-16T02:20:13.051+02:00 TRACE 25984 --- [FirstSpring] [           main] o.s.b.f.s.DefaultListableBeanFactory     : Returning cached instance of singleton bean 'autoConfigurationReport'
2025-01-16T02:20:13.051+02:00 TRACE 25984 --- [FirstSpring] [           main] .a.a.i.OnEnabledInfoContributorCondition : Condition OnEnabledInfoContributorCondition on org.springframework.boot.actuate.autoconfigure.info.InfoContributorAutoConfiguration#sslInfo did not match due to @ConditionalOnEnabledInfoContributor management.info.ssl.enabled is not true
2025-01-16T02:20:13.051+02:00 TRACE 25984 --- [FirstSpring] [           main] o.s.b.f.s.DefaultListableBeanFactory     : Returning cached instance of singleton bean 'autoConfigurationReport'
2025-01-16T02:20:13.053+02:00 TRACE 25984 --- [FirstSpring] [           main] s.b.a.a.e.c.OnAvailableEndpointCondition : Condition OnAvailableEndpointCondition on org.springframework.boot.actuate.autoconfigure.info.InfoEndpointAutoConfiguration matched due to @ConditionalOnAvailableEndpoint marked as exposed by a 'management.endpoints.web.exposure' property
2025-01-16T02:20:13.053+02:00 TRACE 25984 --- [FirstSpring] [           main] o.s.b.f.s.DefaultListableBeanFactory     : Returning cached instance of singleton bean 'autoConfigurationReport'
2025-01-16T02:20:13.053+02:00 TRACE 25984 --- [FirstSpring] [           main] a.ConfigurationClassBeanDefinitionReader : Registered bean definition for imported class 'org.springframework.boot.actuate.autoconfigure.info.InfoEndpointAutoConfiguration'
2025-01-16T02:20:13.054+02:00 TRACE 25984 --- [FirstSpring] [           main] o.s.b.a.condition.OnBeanCondition        : Condition OnBeanCondition on org.springframework.boot.actuate.autoconfigure.info.InfoEndpointAutoConfiguration#infoEndpoint matched due to @ConditionalOnMissingBean (types: org.springframework.boot.actuate.info.InfoEndpoint; SearchStrategy: all) did not find any beans
2025-01-16T02:20:13.054+02:00 TRACE 25984 --- [FirstSpring] [           main] o.s.b.f.s.DefaultListableBeanFactory     : Returning cached instance of singleton bean 'autoConfigurationReport'
2025-01-16T02:20:13.054+02:00 TRACE 25984 --- [FirstSpring] [           main] a.ConfigurationClassBeanDefinitionReader : Registering bean definition for @Bean method org.springframework.boot.actuate.autoconfigure.info.InfoEndpointAutoConfiguration.infoEndpoint()
2025-01-16T02:20:13.054+02:00 TRACE 25984 --- [FirstSpring] [           main] o.s.b.a.condition.OnClassCondition       : Condition OnClassCondition on org.springframework.boot.actuate.autoconfigure.web.servlet.ServletManagementContextAutoConfiguration matched due to @ConditionalOnClass found required class 'jakarta.servlet.Servlet'
2025-01-16T02:20:13.054+02:00 TRACE 25984 --- [FirstSpring] [           main] o.s.b.f.s.DefaultListableBeanFactory     : Returning cached instance of singleton bean 'autoConfigurationReport'
2025-01-16T02:20:13.054+02:00 TRACE 25984 --- [FirstSpring] [           main] o.s.b.a.c.OnWebApplicationCondition      : Condition OnWebApplicationCondition on org.springframework.boot.actuate.autoconfigure.web.servlet.ServletManagementContextAutoConfiguration matched due to found 'session' scope
2025-01-16T02:20:13.054+02:00 TRACE 25984 --- [FirstSpring] [           main] o.s.b.f.s.DefaultListableBeanFactory     : Returning cached instance of singleton bean 'autoConfigurationReport'
2025-01-16T02:20:13.055+02:00 TRACE 25984 --- [FirstSpring] [           main] a.ConfigurationClassBeanDefinitionReader : Registered bean definition for imported class 'org.springframework.boot.actuate.autoconfigure.web.servlet.ServletManagementContextAutoConfiguration'
2025-01-16T02:20:13.055+02:00 TRACE 25984 --- [FirstSpring] [           main] a.ConfigurationClassBeanDefinitionReader : Registering bean definition for @Bean method org.springframework.boot.actuate.autoconfigure.web.servlet.ServletManagementContextAutoConfiguration.servletWebChildContextFactory()
2025-01-16T02:20:13.055+02:00 TRACE 25984 --- [FirstSpring] [           main] a.ConfigurationClassBeanDefinitionReader : Registering bean definition for @Bean method org.springframework.boot.actuate.autoconfigure.web.servlet.ServletManagementContextAutoConfiguration.managementServletContext()
2025-01-16T02:20:13.055+02:00 TRACE 25984 --- [FirstSpring] [           main] s.b.a.a.e.c.OnAvailableEndpointCondition : Condition OnAvailableEndpointCondition on org.springframework.boot.actuate.autoconfigure.condition.ConditionsReportEndpointAutoConfiguration matched due to @ConditionalOnAvailableEndpoint marked as exposed by a 'management.endpoints.web.exposure' property
2025-01-16T02:20:13.055+02:00 TRACE 25984 --- [FirstSpring] [           main] o.s.b.f.s.DefaultListableBeanFactory     : Returning cached instance of singleton bean 'autoConfigurationReport'
2025-01-16T02:20:13.055+02:00 TRACE 25984 --- [FirstSpring] [           main] a.ConfigurationClassBeanDefinitionReader : Registered bean definition for imported class 'org.springframework.boot.actuate.autoconfigure.condition.ConditionsReportEndpointAutoConfiguration'
2025-01-16T02:20:13.062+02:00 TRACE 25984 --- [FirstSpring] [           main] o.s.b.a.condition.OnBeanCondition        : Condition OnBeanCondition on org.springframework.boot.actuate.autoconfigure.condition.ConditionsReportEndpointAutoConfiguration#conditionsReportEndpoint matched due to @ConditionalOnMissingBean (types: org.springframework.boot.actuate.autoconfigure.condition.ConditionsReportEndpoint; SearchStrategy: current) did not find any beans
2025-01-16T02:20:13.062+02:00 TRACE 25984 --- [FirstSpring] [           main] o.s.b.f.s.DefaultListableBeanFactory     : Returning cached instance of singleton bean 'autoConfigurationReport'
2025-01-16T02:20:13.062+02:00 TRACE 25984 --- [FirstSpring] [           main] a.ConfigurationClassBeanDefinitionReader : Registering bean definition for @Bean method org.springframework.boot.actuate.autoconfigure.condition.ConditionsReportEndpointAutoConfiguration.conditionsReportEndpoint()
2025-01-16T02:20:13.063+02:00 TRACE 25984 --- [FirstSpring] [           main] s.b.a.a.e.c.OnAvailableEndpointCondition : Condition OnAvailableEndpointCondition on org.springframework.boot.actuate.autoconfigure.context.properties.ConfigurationPropertiesReportEndpointAutoConfiguration matched due to @ConditionalOnAvailableEndpoint marked as exposed by a 'management.endpoints.web.exposure' property
2025-01-16T02:20:13.063+02:00 TRACE 25984 --- [FirstSpring] [           main] o.s.b.f.s.DefaultListableBeanFactory     : Returning cached instance of singleton bean 'autoConfigurationReport'
2025-01-16T02:20:13.064+02:00 TRACE 25984 --- [FirstSpring] [           main] a.ConfigurationClassBeanDefinitionReader : Registered bean definition for imported class 'org.springframework.boot.actuate.autoconfigure.context.properties.ConfigurationPropertiesReportEndpointAutoConfiguration'
2025-01-16T02:20:13.067+02:00 TRACE 25984 --- [FirstSpring] [           main] o.s.b.a.condition.OnBeanCondition        : Condition OnBeanCondition on org.springframework.boot.actuate.autoconfigure.context.properties.ConfigurationPropertiesReportEndpointAutoConfiguration#configurationPropertiesReportEndpoint matched due to @ConditionalOnMissingBean (types: org.springframework.boot.actuate.context.properties.ConfigurationPropertiesReportEndpoint; SearchStrategy: all) did not find any beans
2025-01-16T02:20:13.067+02:00 TRACE 25984 --- [FirstSpring] [           main] o.s.b.f.s.DefaultListableBeanFactory     : Returning cached instance of singleton bean 'autoConfigurationReport'
2025-01-16T02:20:13.067+02:00 TRACE 25984 --- [FirstSpring] [           main] a.ConfigurationClassBeanDefinitionReader : Registering bean definition for @Bean method org.springframework.boot.actuate.autoconfigure.context.properties.ConfigurationPropertiesReportEndpointAutoConfiguration.configurationPropertiesReportEndpoint()
2025-01-16T02:20:13.070+02:00 TRACE 25984 --- [FirstSpring] [           main] o.s.b.a.condition.OnBeanCondition        : Condition OnBeanCondition on org.springframework.boot.actuate.autoconfigure.context.properties.ConfigurationPropertiesReportEndpointAutoConfiguration#configurationPropertiesReportEndpointWebExtension matched due to @ConditionalOnBean (types: org.springframework.boot.actuate.context.properties.ConfigurationPropertiesReportEndpoint; SearchStrategy: all) found bean 'configurationPropertiesReportEndpoint'; @ConditionalOnMissingBean (types: org.springframework.boot.actuate.context.properties.ConfigurationPropertiesReportEndpointWebExtension; SearchStrategy: all) did not find any beans
2025-01-16T02:20:13.070+02:00 TRACE 25984 --- [FirstSpring] [           main] o.s.b.f.s.DefaultListableBeanFactory     : Returning cached instance of singleton bean 'autoConfigurationReport'
2025-01-16T02:20:13.071+02:00 TRACE 25984 --- [FirstSpring] [           main] o.s.b.a.condition.OnBeanCondition        : Condition OnBeanCondition on org.springframework.boot.actuate.autoconfigure.context.properties.ConfigurationPropertiesReportEndpointAutoConfiguration#configurationPropertiesReportEndpointWebExtension matched due to @ConditionalOnBean (types: org.springframework.boot.actuate.context.properties.ConfigurationPropertiesReportEndpoint; SearchStrategy: all) found bean 'configurationPropertiesReportEndpoint'; @ConditionalOnMissingBean (types: org.springframework.boot.actuate.context.properties.ConfigurationPropertiesReportEndpointWebExtension; SearchStrategy: all) did not find any beans
2025-01-16T02:20:13.071+02:00 TRACE 25984 --- [FirstSpring] [           main] o.s.b.f.s.DefaultListableBeanFactory     : Returning cached instance of singleton bean 'autoConfigurationReport'
2025-01-16T02:20:13.071+02:00 TRACE 25984 --- [FirstSpring] [           main] s.b.a.a.e.c.OnAvailableEndpointCondition : Condition OnAvailableEndpointCondition on org.springframework.boot.actuate.autoconfigure.context.properties.ConfigurationPropertiesReportEndpointAutoConfiguration#configurationPropertiesReportEndpointWebExtension matched due to @ConditionalOnAvailableEndpoint marked as exposed by a 'management.endpoints.web.exposure' property
2025-01-16T02:20:13.072+02:00 TRACE 25984 --- [FirstSpring] [           main] o.s.b.f.s.DefaultListableBeanFactory     : Returning cached instance of singleton bean 'autoConfigurationReport'
2025-01-16T02:20:13.072+02:00 TRACE 25984 --- [FirstSpring] [           main] a.ConfigurationClassBeanDefinitionReader : Registering bean definition for @Bean method org.springframework.boot.actuate.autoconfigure.context.properties.ConfigurationPropertiesReportEndpointAutoConfiguration.configurationPropertiesReportEndpointWebExtension()
2025-01-16T02:20:13.072+02:00 TRACE 25984 --- [FirstSpring] [           main] a.ConfigurationClassBeanDefinitionReader : Registered bean definition for imported class 'org.springframework.boot.actuate.autoconfigure.endpoint.EndpointAutoConfiguration'
2025-01-16T02:20:13.075+02:00 TRACE 25984 --- [FirstSpring] [           main] o.s.b.a.condition.OnBeanCondition        : Condition OnBeanCondition on org.springframework.boot.actuate.autoconfigure.endpoint.EndpointAutoConfiguration#endpointOperationParameterMapper matched due to @ConditionalOnMissingBean (types: org.springframework.boot.actuate.endpoint.invoke.ParameterValueMapper; SearchStrategy: all) did not find any beans
2025-01-16T02:20:13.075+02:00 TRACE 25984 --- [FirstSpring] [           main] o.s.b.f.s.DefaultListableBeanFactory     : Returning cached instance of singleton bean 'autoConfigurationReport'
2025-01-16T02:20:13.075+02:00 TRACE 25984 --- [FirstSpring] [           main] a.ConfigurationClassBeanDefinitionReader : Registering bean definition for @Bean method org.springframework.boot.actuate.autoconfigure.endpoint.EndpointAutoConfiguration.endpointOperationParameterMapper()
2025-01-16T02:20:13.079+02:00 TRACE 25984 --- [FirstSpring] [           main] o.s.b.a.condition.OnBeanCondition        : Condition OnBeanCondition on org.springframework.boot.actuate.autoconfigure.endpoint.EndpointAutoConfiguration#endpointCachingOperationInvokerAdvisor matched due to @ConditionalOnMissingBean (types: org.springframework.boot.actuate.endpoint.invoker.cache.CachingOperationInvokerAdvisor; SearchStrategy: all) did not find any beans
2025-01-16T02:20:13.079+02:00 TRACE 25984 --- [FirstSpring] [           main] o.s.b.f.s.DefaultListableBeanFactory     : Returning cached instance of singleton bean 'autoConfigurationReport'
2025-01-16T02:20:13.080+02:00 TRACE 25984 --- [FirstSpring] [           main] a.ConfigurationClassBeanDefinitionReader : Registering bean definition for @Bean method org.springframework.boot.actuate.autoconfigure.endpoint.EndpointAutoConfiguration.endpointCachingOperationInvokerAdvisor()
2025-01-16T02:20:13.080+02:00 TRACE 25984 --- [FirstSpring] [           main] o.s.b.a.condition.OnBeanCondition        : Condition OnBeanCondition on org.springframework.boot.actuate.autoconfigure.endpoint.EndpointAutoConfiguration#propertiesEndpointAccessResolver matched due to @ConditionalOnMissingBean (types: org.springframework.boot.actuate.endpoint.EndpointAccessResolver; SearchStrategy: all) did not find any beans
2025-01-16T02:20:13.080+02:00 TRACE 25984 --- [FirstSpring] [           main] o.s.b.f.s.DefaultListableBeanFactory     : Returning cached instance of singleton bean 'autoConfigurationReport'
2025-01-16T02:20:13.080+02:00 TRACE 25984 --- [FirstSpring] [           main] a.ConfigurationClassBeanDefinitionReader : Registering bean definition for @Bean method org.springframework.boot.actuate.autoconfigure.endpoint.EndpointAutoConfiguration.propertiesEndpointAccessResolver()
2025-01-16T02:20:13.080+02:00 TRACE 25984 --- [FirstSpring] [           main] a.ConfigurationClassBeanDefinitionReader : Registered bean definition for imported class 'org.springframework.boot.actuate.autoconfigure.endpoint.jackson.JacksonEndpointAutoConfiguration'
2025-01-16T02:20:13.081+02:00 TRACE 25984 --- [FirstSpring] [           main] o.s.b.a.condition.OnClassCondition       : Condition OnClassCondition on org.springframework.boot.actuate.autoconfigure.endpoint.jackson.JacksonEndpointAutoConfiguration#endpointObjectMapper matched due to @ConditionalOnClass found required classes 'com.fasterxml.jackson.databind.ObjectMapper', 'org.springframework.http.converter.json.Jackson2ObjectMapperBuilder'
2025-01-16T02:20:13.081+02:00 TRACE 25984 --- [FirstSpring] [           main] o.s.b.f.s.DefaultListableBeanFactory     : Returning cached instance of singleton bean 'autoConfigurationReport'
2025-01-16T02:20:13.081+02:00 TRACE 25984 --- [FirstSpring] [           main] o.s.b.a.condition.OnPropertyCondition    : Condition OnPropertyCondition on org.springframework.boot.actuate.autoconfigure.endpoint.jackson.JacksonEndpointAutoConfiguration#endpointObjectMapper matched due to @ConditionalOnProperty (management.endpoints.jackson.isolated-object-mapper) matched
2025-01-16T02:20:13.082+02:00 TRACE 25984 --- [FirstSpring] [           main] o.s.b.f.s.DefaultListableBeanFactory     : Returning cached instance of singleton bean 'autoConfigurationReport'
2025-01-16T02:20:13.082+02:00 TRACE 25984 --- [FirstSpring] [           main] a.ConfigurationClassBeanDefinitionReader : Registering bean definition for @Bean method org.springframework.boot.actuate.autoconfigure.endpoint.jackson.JacksonEndpointAutoConfiguration.endpointObjectMapper()
2025-01-16T02:20:13.082+02:00 TRACE 25984 --- [FirstSpring] [           main] o.s.b.a.c.OnWebApplicationCondition      : Condition OnWebApplicationCondition on org.springframework.boot.actuate.autoconfigure.endpoint.web.WebEndpointAutoConfiguration matched due to @ConditionalOnWebApplication (required) found 'session' scope
2025-01-16T02:20:13.082+02:00 TRACE 25984 --- [FirstSpring] [           main] o.s.b.f.s.DefaultListableBeanFactory     : Returning cached instance of singleton bean 'autoConfigurationReport'
2025-01-16T02:20:13.083+02:00 TRACE 25984 --- [FirstSpring] [           main] o.s.b.a.c.OnWebApplicationCondition      : Condition OnWebApplicationCondition on org.springframework.boot.actuate.autoconfigure.endpoint.web.WebEndpointAutoConfiguration$WebEndpointServletConfiguration matched due to found 'session' scope
2025-01-16T02:20:13.083+02:00 TRACE 25984 --- [FirstSpring] [           main] o.s.b.f.s.DefaultListableBeanFactory     : Returning cached instance of singleton bean 'autoConfigurationReport'
2025-01-16T02:20:13.083+02:00 TRACE 25984 --- [FirstSpring] [           main] a.ConfigurationClassBeanDefinitionReader : Registered bean definition for imported class 'org.springframework.boot.actuate.autoconfigure.endpoint.web.WebEndpointAutoConfiguration$WebEndpointServletConfiguration'
2025-01-16T02:20:13.087+02:00 TRACE 25984 --- [FirstSpring] [           main] o.s.b.a.condition.OnBeanCondition        : Condition OnBeanCondition on org.springframework.boot.actuate.autoconfigure.endpoint.web.WebEndpointAutoConfiguration$WebEndpointServletConfiguration#servletEndpointDiscoverer matched due to @ConditionalOnMissingBean (types: org.springframework.boot.actuate.endpoint.web.annotation.ServletEndpointsSupplier; SearchStrategy: all) did not find any beans
2025-01-16T02:20:13.087+02:00 TRACE 25984 --- [FirstSpring] [           main] o.s.b.f.s.DefaultListableBeanFactory     : Returning cached instance of singleton bean 'autoConfigurationReport'
2025-01-16T02:20:13.087+02:00 TRACE 25984 --- [FirstSpring] [           main] a.ConfigurationClassBeanDefinitionReader : Registering bean definition for @Bean method org.springframework.boot.actuate.autoconfigure.endpoint.web.WebEndpointAutoConfiguration$WebEndpointServletConfiguration.servletEndpointDiscoverer()
2025-01-16T02:20:13.087+02:00 TRACE 25984 --- [FirstSpring] [           main] a.ConfigurationClassBeanDefinitionReader : Registered bean definition for imported class 'org.springframework.boot.actuate.autoconfigure.endpoint.web.WebEndpointAutoConfiguration'
2025-01-16T02:20:13.087+02:00 TRACE 25984 --- [FirstSpring] [           main] a.ConfigurationClassBeanDefinitionReader : Registering bean definition for @Bean method org.springframework.boot.actuate.autoconfigure.endpoint.web.WebEndpointAutoConfiguration.webEndpointPathMapper()
2025-01-16T02:20:13.095+02:00 TRACE 25984 --- [FirstSpring] [           main] o.s.b.a.condition.OnBeanCondition        : Condition OnBeanCondition on org.springframework.boot.actuate.autoconfigure.endpoint.web.WebEndpointAutoConfiguration#endpointMediaTypes matched due to @ConditionalOnMissingBean (types: org.springframework.boot.actuate.endpoint.web.EndpointMediaTypes; SearchStrategy: all) did not find any beans
2025-01-16T02:20:13.095+02:00 TRACE 25984 --- [FirstSpring] [           main] o.s.b.f.s.DefaultListableBeanFactory     : Returning cached instance of singleton bean 'autoConfigurationReport'
2025-01-16T02:20:13.097+02:00 TRACE 25984 --- [FirstSpring] [           main] a.ConfigurationClassBeanDefinitionReader : Registering bean definition for @Bean method org.springframework.boot.actuate.autoconfigure.endpoint.web.WebEndpointAutoConfiguration.endpointMediaTypes()
2025-01-16T02:20:13.097+02:00 TRACE 25984 --- [FirstSpring] [           main] o.s.b.a.condition.OnBeanCondition        : Condition OnBeanCondition on org.springframework.boot.actuate.autoconfigure.endpoint.web.WebEndpointAutoConfiguration#webEndpointDiscoverer matched due to @ConditionalOnMissingBean (types: org.springframework.boot.actuate.endpoint.web.WebEndpointsSupplier; SearchStrategy: all) did not find any beans
2025-01-16T02:20:13.097+02:00 TRACE 25984 --- [FirstSpring] [           main] o.s.b.f.s.DefaultListableBeanFactory     : Returning cached instance of singleton bean 'autoConfigurationReport'
2025-01-16T02:20:13.098+02:00 TRACE 25984 --- [FirstSpring] [           main] a.ConfigurationClassBeanDefinitionReader : Registering bean definition for @Bean method org.springframework.boot.actuate.autoconfigure.endpoint.web.WebEndpointAutoConfiguration.webEndpointDiscoverer()
2025-01-16T02:20:13.098+02:00 TRACE 25984 --- [FirstSpring] [           main] o.s.b.a.condition.OnBeanCondition        : Condition OnBeanCondition on org.springframework.boot.actuate.autoconfigure.endpoint.web.WebEndpointAutoConfiguration#controllerEndpointDiscoverer matched due to @ConditionalOnMissingBean (types: org.springframework.boot.actuate.endpoint.web.annotation.ControllerEndpointsSupplier; SearchStrategy: all) did not find any beans
2025-01-16T02:20:13.098+02:00 TRACE 25984 --- [FirstSpring] [           main] o.s.b.f.s.DefaultListableBeanFactory     : Returning cached instance of singleton bean 'autoConfigurationReport'
2025-01-16T02:20:13.098+02:00 TRACE 25984 --- [FirstSpring] [           main] a.ConfigurationClassBeanDefinitionReader : Registering bean definition for @Bean method org.springframework.boot.actuate.autoconfigure.endpoint.web.WebEndpointAutoConfiguration.controllerEndpointDiscoverer()
2025-01-16T02:20:13.100+02:00 TRACE 25984 --- [FirstSpring] [           main] o.s.b.a.condition.OnBeanCondition        : Condition OnBeanCondition on org.springframework.boot.actuate.autoconfigure.endpoint.web.WebEndpointAutoConfiguration#pathMappedEndpoints matched due to @ConditionalOnMissingBean (types: org.springframework.boot.actuate.endpoint.web.PathMappedEndpoints; SearchStrategy: all) did not find any beans
2025-01-16T02:20:13.100+02:00 TRACE 25984 --- [FirstSpring] [           main] o.s.b.f.s.DefaultListableBeanFactory     : Returning cached instance of singleton bean 'autoConfigurationReport'
2025-01-16T02:20:13.100+02:00 TRACE 25984 --- [FirstSpring] [           main] a.ConfigurationClassBeanDefinitionReader : Registering bean definition for @Bean method org.springframework.boot.actuate.autoconfigure.endpoint.web.WebEndpointAutoConfiguration.pathMappedEndpoints()
2025-01-16T02:20:13.100+02:00 TRACE 25984 --- [FirstSpring] [           main] a.ConfigurationClassBeanDefinitionReader : Registering bean definition for @Bean method org.springframework.boot.actuate.autoconfigure.endpoint.web.WebEndpointAutoConfiguration.webExposeExcludePropertyEndpointFilter()
2025-01-16T02:20:13.100+02:00 TRACE 25984 --- [FirstSpring] [           main] a.ConfigurationClassBeanDefinitionReader : Registering bean definition for @Bean method org.springframework.boot.actuate.autoconfigure.endpoint.web.WebEndpointAutoConfiguration.controllerExposeExcludePropertyEndpointFilter()
2025-01-16T02:20:13.101+02:00 TRACE 25984 --- [FirstSpring] [           main] a.ConfigurationClassBeanDefinitionReader : Registering bean definition for @Bean method org.springframework.boot.actuate.autoconfigure.endpoint.web.WebEndpointAutoConfiguration.webAccessPropertiesOperationFilter()
2025-01-16T02:20:13.103+02:00 TRACE 25984 --- [FirstSpring] [           main] s.b.a.a.e.c.OnAvailableEndpointCondition : Condition OnAvailableEndpointCondition on org.springframework.boot.actuate.autoconfigure.env.EnvironmentEndpointAutoConfiguration matched due to @ConditionalOnAvailableEndpoint marked as exposed by a 'management.endpoints.web.exposure' property
2025-01-16T02:20:13.103+02:00 TRACE 25984 --- [FirstSpring] [           main] o.s.b.f.s.DefaultListableBeanFactory     : Returning cached instance of singleton bean 'autoConfigurationReport'
2025-01-16T02:20:13.104+02:00 TRACE 25984 --- [FirstSpring] [           main] a.ConfigurationClassBeanDefinitionReader : Registered bean definition for imported class 'org.springframework.boot.actuate.autoconfigure.env.EnvironmentEndpointAutoConfiguration'
2025-01-16T02:20:13.107+02:00 TRACE 25984 --- [FirstSpring] [           main] o.s.b.a.condition.OnBeanCondition        : Condition OnBeanCondition on org.springframework.boot.actuate.autoconfigure.env.EnvironmentEndpointAutoConfiguration#environmentEndpoint matched due to @ConditionalOnMissingBean (types: org.springframework.boot.actuate.env.EnvironmentEndpoint; SearchStrategy: all) did not find any beans
2025-01-16T02:20:13.108+02:00 TRACE 25984 --- [FirstSpring] [           main] o.s.b.f.s.DefaultListableBeanFactory     : Returning cached instance of singleton bean 'autoConfigurationReport'
2025-01-16T02:20:13.108+02:00 TRACE 25984 --- [FirstSpring] [           main] a.ConfigurationClassBeanDefinitionReader : Registering bean definition for @Bean method org.springframework.boot.actuate.autoconfigure.env.EnvironmentEndpointAutoConfiguration.environmentEndpoint()
2025-01-16T02:20:13.110+02:00 TRACE 25984 --- [FirstSpring] [           main] o.s.b.a.condition.OnBeanCondition        : Condition OnBeanCondition on org.springframework.boot.actuate.autoconfigure.env.EnvironmentEndpointAutoConfiguration#environmentEndpointWebExtension matched due to @ConditionalOnBean (types: org.springframework.boot.actuate.env.EnvironmentEndpoint; SearchStrategy: all) found bean 'environmentEndpoint'; @ConditionalOnMissingBean (types: org.springframework.boot.actuate.env.EnvironmentEndpointWebExtension; SearchStrategy: all) did not find any beans
2025-01-16T02:20:13.111+02:00 TRACE 25984 --- [FirstSpring] [           main] o.s.b.f.s.DefaultListableBeanFactory     : Returning cached instance of singleton bean 'autoConfigurationReport'
2025-01-16T02:20:13.111+02:00 TRACE 25984 --- [FirstSpring] [           main] o.s.b.a.condition.OnBeanCondition        : Condition OnBeanCondition on org.springframework.boot.actuate.autoconfigure.env.EnvironmentEndpointAutoConfiguration#environmentEndpointWebExtension matched due to @ConditionalOnBean (types: org.springframework.boot.actuate.env.EnvironmentEndpoint; SearchStrategy: all) found bean 'environmentEndpoint'; @ConditionalOnMissingBean (types: org.springframework.boot.actuate.env.EnvironmentEndpointWebExtension; SearchStrategy: all) did not find any beans
2025-01-16T02:20:13.111+02:00 TRACE 25984 --- [FirstSpring] [           main] o.s.b.f.s.DefaultListableBeanFactory     : Returning cached instance of singleton bean 'autoConfigurationReport'
2025-01-16T02:20:13.112+02:00 TRACE 25984 --- [FirstSpring] [           main] s.b.a.a.e.c.OnAvailableEndpointCondition : Condition OnAvailableEndpointCondition on org.springframework.boot.actuate.autoconfigure.env.EnvironmentEndpointAutoConfiguration#environmentEndpointWebExtension matched due to @ConditionalOnAvailableEndpoint marked as exposed by a 'management.endpoints.web.exposure' property
2025-01-16T02:20:13.112+02:00 TRACE 25984 --- [FirstSpring] [           main] o.s.b.f.s.DefaultListableBeanFactory     : Returning cached instance of singleton bean 'autoConfigurationReport'
2025-01-16T02:20:13.113+02:00 TRACE 25984 --- [FirstSpring] [           main] a.ConfigurationClassBeanDefinitionReader : Registering bean definition for @Bean method org.springframework.boot.actuate.autoconfigure.env.EnvironmentEndpointAutoConfiguration.environmentEndpointWebExtension()
2025-01-16T02:20:13.114+02:00 TRACE 25984 --- [FirstSpring] [           main] .a.a.h.OnEnabledHealthIndicatorCondition : Condition OnEnabledHealthIndicatorCondition on org.springframework.boot.actuate.autoconfigure.ssl.SslHealthContributorAutoConfiguration matched due to @ConditionalOnEnabledHealthIndicator management.health.defaults.enabled is considered true
2025-01-16T02:20:13.114+02:00 TRACE 25984 --- [FirstSpring] [           main] o.s.b.f.s.DefaultListableBeanFactory     : Returning cached instance of singleton bean 'autoConfigurationReport'
2025-01-16T02:20:13.115+02:00 TRACE 25984 --- [FirstSpring] [           main] a.ConfigurationClassBeanDefinitionReader : Registered bean definition for imported class 'org.springframework.boot.actuate.autoconfigure.ssl.SslHealthContributorAutoConfiguration'
2025-01-16T02:20:13.115+02:00 TRACE 25984 --- [FirstSpring] [           main] o.s.b.a.condition.OnBeanCondition        : Condition OnBeanCondition on org.springframework.boot.actuate.autoconfigure.ssl.SslHealthContributorAutoConfiguration#sslHealthIndicator matched due to @ConditionalOnMissingBean (names: sslHealthIndicator; SearchStrategy: all) did not find any beans
2025-01-16T02:20:13.115+02:00 TRACE 25984 --- [FirstSpring] [           main] o.s.b.f.s.DefaultListableBeanFactory     : Returning cached instance of singleton bean 'autoConfigurationReport'
2025-01-16T02:20:13.116+02:00 TRACE 25984 --- [FirstSpring] [           main] a.ConfigurationClassBeanDefinitionReader : Registering bean definition for @Bean method org.springframework.boot.actuate.autoconfigure.ssl.SslHealthContributorAutoConfiguration.sslHealthIndicator()
2025-01-16T02:20:13.121+02:00 TRACE 25984 --- [FirstSpring] [           main] o.s.b.a.condition.OnBeanCondition        : Condition OnBeanCondition on org.springframework.boot.actuate.autoconfigure.ssl.SslHealthContributorAutoConfiguration#sslInfo matched due to @ConditionalOnMissingBean (types: org.springframework.boot.info.SslInfo; SearchStrategy: all) did not find any beans
2025-01-16T02:20:13.121+02:00 TRACE 25984 --- [FirstSpring] [           main] o.s.b.f.s.DefaultListableBeanFactory     : Returning cached instance of singleton bean 'autoConfigurationReport'
2025-01-16T02:20:13.121+02:00 TRACE 25984 --- [FirstSpring] [           main] a.ConfigurationClassBeanDefinitionReader : Registering bean definition for @Bean method org.springframework.boot.actuate.autoconfigure.ssl.SslHealthContributorAutoConfiguration.sslInfo()
2025-01-16T02:20:13.122+02:00 TRACE 25984 --- [FirstSpring] [           main] .a.a.h.OnEnabledHealthIndicatorCondition : Condition OnEnabledHealthIndicatorCondition on org.springframework.boot.actuate.autoconfigure.system.DiskSpaceHealthContributorAutoConfiguration matched due to @ConditionalOnEnabledHealthIndicator management.health.defaults.enabled is considered true
2025-01-16T02:20:13.122+02:00 TRACE 25984 --- [FirstSpring] [           main] o.s.b.f.s.DefaultListableBeanFactory     : Returning cached instance of singleton bean 'autoConfigurationReport'
2025-01-16T02:20:13.123+02:00 TRACE 25984 --- [FirstSpring] [           main] a.ConfigurationClassBeanDefinitionReader : Registered bean definition for imported class 'org.springframework.boot.actuate.autoconfigure.system.DiskSpaceHealthContributorAutoConfiguration'
2025-01-16T02:20:13.123+02:00 TRACE 25984 --- [FirstSpring] [           main] o.s.b.a.condition.OnBeanCondition        : Condition OnBeanCondition on org.springframework.boot.actuate.autoconfigure.system.DiskSpaceHealthContributorAutoConfiguration#diskSpaceHealthIndicator matched due to @ConditionalOnMissingBean (names: diskSpaceHealthIndicator; SearchStrategy: all) did not find any beans
2025-01-16T02:20:13.123+02:00 TRACE 25984 --- [FirstSpring] [           main] o.s.b.f.s.DefaultListableBeanFactory     : Returning cached instance of singleton bean 'autoConfigurationReport'
2025-01-16T02:20:13.123+02:00 TRACE 25984 --- [FirstSpring] [           main] a.ConfigurationClassBeanDefinitionReader : Registering bean definition for @Bean method org.springframework.boot.actuate.autoconfigure.system.DiskSpaceHealthContributorAutoConfiguration.diskSpaceHealthIndicator()
2025-01-16T02:20:13.124+02:00 TRACE 25984 --- [FirstSpring] [           main] a.ConfigurationClassBeanDefinitionReader : Registered bean definition for imported class 'org.springframework.boot.actuate.autoconfigure.health.HealthContributorAutoConfiguration'
2025-01-16T02:20:13.125+02:00 TRACE 25984 --- [FirstSpring] [           main] .a.a.h.OnEnabledHealthIndicatorCondition : Condition OnEnabledHealthIndicatorCondition on org.springframework.boot.actuate.autoconfigure.health.HealthContributorAutoConfiguration#pingHealthContributor matched due to @ConditionalOnEnabledHealthIndicator management.health.defaults.enabled is considered true
2025-01-16T02:20:13.125+02:00 TRACE 25984 --- [FirstSpring] [           main] o.s.b.f.s.DefaultListableBeanFactory     : Returning cached instance of singleton bean 'autoConfigurationReport'
2025-01-16T02:20:13.125+02:00 TRACE 25984 --- [FirstSpring] [           main] a.ConfigurationClassBeanDefinitionReader : Registering bean definition for @Bean method org.springframework.boot.actuate.autoconfigure.health.HealthContributorAutoConfiguration.pingHealthContributor()
2025-01-16T02:20:13.125+02:00 TRACE 25984 --- [FirstSpring] [           main] s.b.a.a.e.c.OnAvailableEndpointCondition : Condition OnAvailableEndpointCondition on org.springframework.boot.actuate.autoconfigure.logging.LogFileWebEndpointAutoConfiguration matched due to @ConditionalOnAvailableEndpoint marked as exposed by a 'management.endpoints.web.exposure' property
2025-01-16T02:20:13.125+02:00 TRACE 25984 --- [FirstSpring] [           main] o.s.b.f.s.DefaultListableBeanFactory     : Returning cached instance of singleton bean 'autoConfigurationReport'
2025-01-16T02:20:13.127+02:00 TRACE 25984 --- [FirstSpring] [           main] a.ConfigurationClassBeanDefinitionReader : Registered bean definition for imported class 'org.springframework.boot.actuate.autoconfigure.logging.LogFileWebEndpointAutoConfiguration'
2025-01-16T02:20:13.128+02:00 TRACE 25984 --- [FirstSpring] [           main] dpointAutoConfiguration$LogFileCondition : Condition LogFileWebEndpointAutoConfiguration.LogFileCondition on org.springframework.boot.actuate.autoconfigure.logging.LogFileWebEndpointAutoConfiguration#logFileWebEndpoint did not match due to Log File did not find logging file
2025-01-16T02:20:13.129+02:00 TRACE 25984 --- [FirstSpring] [           main] o.s.b.f.s.DefaultListableBeanFactory     : Returning cached instance of singleton bean 'autoConfigurationReport'
2025-01-16T02:20:13.129+02:00 TRACE 25984 --- [FirstSpring] [           main] s.b.a.a.e.c.OnAvailableEndpointCondition : Condition OnAvailableEndpointCondition on org.springframework.boot.actuate.autoconfigure.logging.LoggersEndpointAutoConfiguration matched due to @ConditionalOnAvailableEndpoint marked as exposed by a 'management.endpoints.web.exposure' property
2025-01-16T02:20:13.129+02:00 TRACE 25984 --- [FirstSpring] [           main] o.s.b.f.s.DefaultListableBeanFactory     : Returning cached instance of singleton bean 'autoConfigurationReport'
2025-01-16T02:20:13.130+02:00 TRACE 25984 --- [FirstSpring] [           main] a.ConfigurationClassBeanDefinitionReader : Registered bean definition for imported class 'org.springframework.boot.actuate.autoconfigure.logging.LoggersEndpointAutoConfiguration'
2025-01-16T02:20:13.130+02:00 TRACE 25984 --- [FirstSpring] [           main] guration$OnEnabledLoggingSystemCondition : Condition LoggersEndpointAutoConfiguration.OnEnabledLoggingSystemCondition on org.springframework.boot.actuate.autoconfigure.logging.LoggersEndpointAutoConfiguration#loggersEndpoint matched due to Logging System enabled
2025-01-16T02:20:13.132+02:00 TRACE 25984 --- [FirstSpring] [           main] o.s.b.f.s.DefaultListableBeanFactory     : Returning cached instance of singleton bean 'autoConfigurationReport'
2025-01-16T02:20:13.138+02:00 TRACE 25984 --- [FirstSpring] [           main] o.s.b.f.s.DefaultListableBeanFactory     : No bean named 'springBootLoggingSystem' found in org.springframework.beans.factory.support.DefaultListableBeanFactory@4b6ac111: defining beans [org.springframework.boot.test.mock.mockito.MockitoPostProcessor$SpyPostProcessor,org.springframework.boot.test.mock.mockito.MockitoPostProcessor,org.springframework.test.context.support.internalDynamicPropertyRegistrarBeanInitializer,org.springframework.context.annotation.internalConfigurationAnnotationProcessor,org.springframework.context.annotation.internalAutowiredAnnotationProcessor,org.springframework.context.annotation.internalCommonAnnotationProcessor,org.springframework.context.event.internalEventListenerProcessor,org.springframework.context.event.internalEventListenerFactory,firstSpringApplication,org.springframework.boot.autoconfigure.internalCachingMetadataReaderFactory,courseController,currencyConfigurationController,currencyServiceConfiguration,org.springframework.boot.autoconfigure.AutoConfigurationPackages,org.springframework.boot.autoconfigure.context.PropertyPlaceholderAutoConfiguration,propertySourcesPlaceholderConfigurer,org.springframework.boot.autoconfigure.ssl.SslAutoConfiguration,fileWatcher,sslPropertiesSslBundleRegistrar,sslBundleRegistry,org.springframework.boot.context.properties.ConfigurationPropertiesBindingPostProcessor,org.springframework.boot.context.internalConfigurationPropertiesBinder,org.springframework.boot.context.properties.BoundConfigurationProperties,org.springframework.boot.context.properties.EnableConfigurationPropertiesRegistrar.methodValidationExcludeFilter,spring.ssl-org.springframework.boot.autoconfigure.ssl.SslProperties,org.springframework.boot.autoconfigure.websocket.servlet.WebSocketServletAutoConfiguration$TomcatWebSocketConfiguration,websocketServletWebServerCustomizer,org.springframework.boot.autoconfigure.websocket.servlet.WebSocketServletAutoConfiguration,org.springframework.boot.autoconfigure.web.servlet.ServletWebServerFactoryConfiguration$EmbeddedTomcat,tomcatServletWebServerFactory,org.springframework.boot.autoconfigure.web.servlet.ServletWebServerFactoryAutoConfiguration,servletWebServerFactoryCustomizer,tomcatServletWebServerFactoryCustomizer,server-org.springframework.boot.autoconfigure.web.ServerProperties,webServerFactoryCustomizerBeanPostProcessor,errorPageRegistrarBeanPostProcessor,org.springframework.boot.autoconfigure.web.servlet.DispatcherServletAutoConfiguration$DispatcherServletConfiguration,dispatcherServlet,spring.mvc-org.springframework.boot.autoconfigure.web.servlet.WebMvcProperties,org.springframework.boot.autoconfigure.web.servlet.DispatcherServletAutoConfiguration$DispatcherServletRegistrationConfiguration,dispatcherServletRegistration,org.springframework.boot.autoconfigure.web.servlet.DispatcherServletAutoConfiguration,org.springframework.boot.autoconfigure.task.TaskExecutorConfigurations$ThreadPoolTaskExecutorBuilderConfiguration,threadPoolTaskExecutorBuilder,org.springframework.boot.autoconfigure.task.TaskExecutorConfigurations$SimpleAsyncTaskExecutorBuilderConfiguration,simpleAsyncTaskExecutorBuilder,org.springframework.boot.autoconfigure.task.TaskExecutorConfigurations$TaskExecutorConfiguration,applicationTaskExecutor,org.springframework.boot.autoconfigure.task.TaskExecutionAutoConfiguration,spring.task.execution-org.springframework.boot.autoconfigure.task.TaskExecutionProperties,org.springframework.boot.autoconfigure.web.servlet.error.ErrorMvcAutoConfiguration$WhitelabelErrorViewConfiguration,error,beanNameViewResolver,org.springframework.boot.autoconfigure.web.servlet.error.ErrorMvcAutoConfiguration$DefaultErrorViewResolverConfiguration,conventionErrorViewResolver,spring.web-org.springframework.boot.autoconfigure.web.WebProperties,org.springframework.boot.autoconfigure.web.servlet.error.ErrorMvcAutoConfiguration,errorAttributes,basicErrorController,errorPageCustomizer,preserveErrorControllerTargetClassPostProcessor,org.springframework.boot.autoconfigure.web.servlet.WebMvcAutoConfiguration$EnableWebMvcConfiguration,welcomePageHandlerMapping,welcomePageNotAcceptableHandlerMapping,localeResolver,themeResolver,flashMapManager,viewNameTranslator,mvcConversionService,mvcValidator,mvcContentNegotiationManager,requestMappingHandlerMapping,mvcPatternParser,mvcUrlPathHelper,mvcPathMatcher,viewControllerHandlerMapping,beanNameHandlerMapping,routerFunctionMapping,resourceHandlerMapping,mvcResourceUrlProvider,defaultServletHandlerMapping,requestMappingHandlerAdapter,handlerFunctionAdapter,mvcUriComponentsContributor,httpRequestHandlerAdapter,simpleControllerHandlerAdapter,handlerExceptionResolver,mvcViewResolver,mvcHandlerMappingIntrospector,org.springframework.boot.autoconfigure.web.servlet.WebMvcAutoConfiguration$WebMvcAutoConfigurationAdapter,defaultViewResolver,viewResolver,requestContextFilter,org.springframework.boot.autoconfigure.web.servlet.WebMvcAutoConfiguration,formContentFilter,org.springframework.boot.actuate.autoconfigure.audit.AuditEventsEndpointAutoConfiguration,org.springframework.boot.autoconfigure.availability.ApplicationAvailabilityAutoConfiguration,applicationAvailability,org.springframework.boot.actuate.autoconfigure.availability.AvailabilityHealthContributorAutoConfiguration,org.springframework.boot.actuate.autoconfigure.beans.BeansEndpointAutoConfiguration,beansEndpoint,org.springframework.boot.autoconfigure.jackson.JacksonAutoConfiguration$Jackson2ObjectMapperBuilderCustomizerConfiguration,standardJacksonObjectMapperBuilderCustomizer,spring.jackson-org.springframework.boot.autoconfigure.jackson.JacksonProperties,org.springframework.boot.autoconfigure.jackson.JacksonAutoConfiguration$JacksonObjectMapperBuilderConfiguration,jacksonObjectMapperBuilder,org.springframework.boot.autoconfigure.jackson.JacksonAutoConfiguration$ParameterNamesModuleConfiguration,parameterNamesModule,org.springframework.boot.autoconfigure.jackson.JacksonAutoConfiguration$JacksonObjectMapperConfiguration,jacksonObjectMapper,org.springframework.boot.autoconfigure.jackson.JacksonAutoConfiguration$JacksonMixinConfiguration,jsonMixinModuleEntries,jsonMixinModule,org.springframework.boot.autoconfigure.jackson.JacksonAutoConfiguration,jsonComponentModule,org.springframework.boot.actuate.autoconfigure.cache.CachesEndpointAutoConfiguration,cachesEndpoint,cachesEndpointWebExtension,org.springframework.boot.actuate.autoconfigure.health.HealthEndpointConfiguration,healthStatusAggregator,healthHttpCodeStatusMapper,healthEndpointGroups,healthContributorRegistry,healthEndpointGroupMembershipValidator,healthEndpoint,healthEndpointGroupsBeanPostProcessor,org.springframework.boot.actuate.autoconfigure.health.HealthEndpointWebExtensionConfiguration$MvcAdditionalHealthEndpointPathsConfiguration,healthEndpointWebMvcHandlerMapping,org.springframework.boot.actuate.autoconfigure.health.HealthEndpointWebExtensionConfiguration,healthEndpointWebExtension,org.springframework.boot.actuate.autoconfigure.health.HealthEndpointAutoConfiguration,management.endpoint.health-org.springframework.boot.actuate.autoconfigure.health.HealthEndpointProperties,org.springframework.boot.autoconfigure.info.ProjectInfoAutoConfiguration,spring.info-org.springframework.boot.autoconfigure.info.ProjectInfoProperties,org.springframework.boot.actuate.autoconfigure.info.InfoContributorAutoConfiguration,management.health.ssl-org.springframework.boot.actuate.autoconfigure.ssl.SslHealthIndicatorProperties,management.info-org.springframework.boot.actuate.autoconfigure.info.InfoContributorProperties,org.springframework.boot.actuate.autoconfigure.info.InfoEndpointAutoConfiguration,infoEndpoint,org.springframework.boot.actuate.autoconfigure.web.servlet.ServletManagementContextAutoConfiguration,servletWebChildContextFactory,managementServletContext,org.springframework.boot.actuate.autoconfigure.condition.ConditionsReportEndpointAutoConfiguration,conditionsReportEndpoint,org.springframework.boot.actuate.autoconfigure.context.properties.ConfigurationPropertiesReportEndpointAutoConfiguration,configurationPropertiesReportEndpoint,configurationPropertiesReportEndpointWebExtension,management.endpoint.configprops-org.springframework.boot.actuate.autoconfigure.context.properties.ConfigurationPropertiesReportEndpointProperties,org.springframework.boot.actuate.autoconfigure.endpoint.EndpointAutoConfiguration,endpointOperationParameterMapper,endpointCachingOperationInvokerAdvisor,propertiesEndpointAccessResolver,org.springframework.boot.actuate.autoconfigure.endpoint.jackson.JacksonEndpointAutoConfiguration,endpointObjectMapper,org.springframework.boot.actuate.autoconfigure.endpoint.web.WebEndpointAutoConfiguration$WebEndpointServletConfiguration,servletEndpointDiscoverer,org.springframework.boot.actuate.autoconfigure.endpoint.web.WebEndpointAutoConfiguration,webEndpointPathMapper,endpointMediaTypes,webEndpointDiscoverer,controllerEndpointDiscoverer,pathMappedEndpoints,webExposeExcludePropertyEndpointFilter,controllerExposeExcludePropertyEndpointFilter,webAccessPropertiesOperationFilter,management.endpoints.web-org.springframework.boot.actuate.autoconfigure.endpoint.web.WebEndpointProperties,org.springframework.boot.actuate.autoconfigure.env.EnvironmentEndpointAutoConfiguration,environmentEndpoint,environmentEndpointWebExtension,management.endpoint.env-org.springframework.boot.actuate.autoconfigure.env.EnvironmentEndpointProperties,org.springframework.boot.actuate.autoconfigure.ssl.SslHealthContributorAutoConfiguration,sslHealthIndicator,sslInfo,org.springframework.boot.actuate.autoconfigure.system.DiskSpaceHealthContributorAutoConfiguration,diskSpaceHealthIndicator,management.health.diskspace-org.springframework.boot.actuate.autoconfigure.system.DiskSpaceHealthIndicatorProperties,org.springframework.boot.actuate.autoconfigure.health.HealthContributorAutoConfiguration,pingHealthContributor,org.springframework.boot.actuate.autoconfigure.logging.LogFileWebEndpointAutoConfiguration,management.endpoint.logfile-org.springframework.boot.actuate.autoconfigure.logging.LogFileWebEndpointProperties,org.springframework.boot.actuate.autoconfigure.logging.LoggersEndpointAutoConfiguration]; root of factory hierarchy
2025-01-16T02:20:13.139+02:00 TRACE 25984 --- [FirstSpring] [           main] o.s.b.a.condition.OnBeanCondition        : Condition OnBeanCondition on org.springframework.boot.actuate.autoconfigure.logging.LoggersEndpointAutoConfiguration#loggersEndpoint matched due to @ConditionalOnBean (types: org.springframework.boot.logging.LoggingSystem; SearchStrategy: all) found bean 'springBootLoggingSystem'; @ConditionalOnMissingBean (types: org.springframework.boot.actuate.logging.LoggersEndpoint; SearchStrategy: all) did not find any beans
2025-01-16T02:20:13.139+02:00 TRACE 25984 --- [FirstSpring] [           main] o.s.b.f.s.DefaultListableBeanFactory     : Returning cached instance of singleton bean 'autoConfigurationReport'
2025-01-16T02:20:13.140+02:00 TRACE 25984 --- [FirstSpring] [           main] o.s.b.f.s.DefaultListableBeanFactory     : No bean named 'springBootLoggingSystem' found in org.springframework.beans.factory.support.DefaultListableBeanFactory@4b6ac111: defining beans [org.springframework.boot.test.mock.mockito.MockitoPostProcessor$SpyPostProcessor,org.springframework.boot.test.mock.mockito.MockitoPostProcessor,org.springframework.test.context.support.internalDynamicPropertyRegistrarBeanInitializer,org.springframework.context.annotation.internalConfigurationAnnotationProcessor,org.springframework.context.annotation.internalAutowiredAnnotationProcessor,org.springframework.context.annotation.internalCommonAnnotationProcessor,org.springframework.context.event.internalEventListenerProcessor,org.springframework.context.event.internalEventListenerFactory,firstSpringApplication,org.springframework.boot.autoconfigure.internalCachingMetadataReaderFactory,courseController,currencyConfigurationController,currencyServiceConfiguration,org.springframework.boot.autoconfigure.AutoConfigurationPackages,org.springframework.boot.autoconfigure.context.PropertyPlaceholderAutoConfiguration,propertySourcesPlaceholderConfigurer,org.springframework.boot.autoconfigure.ssl.SslAutoConfiguration,fileWatcher,sslPropertiesSslBundleRegistrar,sslBundleRegistry,org.springframework.boot.context.properties.ConfigurationPropertiesBindingPostProcessor,org.springframework.boot.context.internalConfigurationPropertiesBinder,org.springframework.boot.context.properties.BoundConfigurationProperties,org.springframework.boot.context.properties.EnableConfigurationPropertiesRegistrar.methodValidationExcludeFilter,spring.ssl-org.springframework.boot.autoconfigure.ssl.SslProperties,org.springframework.boot.autoconfigure.websocket.servlet.WebSocketServletAutoConfiguration$TomcatWebSocketConfiguration,websocketServletWebServerCustomizer,org.springframework.boot.autoconfigure.websocket.servlet.WebSocketServletAutoConfiguration,org.springframework.boot.autoconfigure.web.servlet.ServletWebServerFactoryConfiguration$EmbeddedTomcat,tomcatServletWebServerFactory,org.springframework.boot.autoconfigure.web.servlet.ServletWebServerFactoryAutoConfiguration,servletWebServerFactoryCustomizer,tomcatServletWebServerFactoryCustomizer,server-org.springframework.boot.autoconfigure.web.ServerProperties,webServerFactoryCustomizerBeanPostProcessor,errorPageRegistrarBeanPostProcessor,org.springframework.boot.autoconfigure.web.servlet.DispatcherServletAutoConfiguration$DispatcherServletConfiguration,dispatcherServlet,spring.mvc-org.springframework.boot.autoconfigure.web.servlet.WebMvcProperties,org.springframework.boot.autoconfigure.web.servlet.DispatcherServletAutoConfiguration$DispatcherServletRegistrationConfiguration,dispatcherServletRegistration,org.springframework.boot.autoconfigure.web.servlet.DispatcherServletAutoConfiguration,org.springframework.boot.autoconfigure.task.TaskExecutorConfigurations$ThreadPoolTaskExecutorBuilderConfiguration,threadPoolTaskExecutorBuilder,org.springframework.boot.autoconfigure.task.TaskExecutorConfigurations$SimpleAsyncTaskExecutorBuilderConfiguration,simpleAsyncTaskExecutorBuilder,org.springframework.boot.autoconfigure.task.TaskExecutorConfigurations$TaskExecutorConfiguration,applicationTaskExecutor,org.springframework.boot.autoconfigure.task.TaskExecutionAutoConfiguration,spring.task.execution-org.springframework.boot.autoconfigure.task.TaskExecutionProperties,org.springframework.boot.autoconfigure.web.servlet.error.ErrorMvcAutoConfiguration$WhitelabelErrorViewConfiguration,error,beanNameViewResolver,org.springframework.boot.autoconfigure.web.servlet.error.ErrorMvcAutoConfiguration$DefaultErrorViewResolverConfiguration,conventionErrorViewResolver,spring.web-org.springframework.boot.autoconfigure.web.WebProperties,org.springframework.boot.autoconfigure.web.servlet.error.ErrorMvcAutoConfiguration,errorAttributes,basicErrorController,errorPageCustomizer,preserveErrorControllerTargetClassPostProcessor,org.springframework.boot.autoconfigure.web.servlet.WebMvcAutoConfiguration$EnableWebMvcConfiguration,welcomePageHandlerMapping,welcomePageNotAcceptableHandlerMapping,localeResolver,themeResolver,flashMapManager,viewNameTranslator,mvcConversionService,mvcValidator,mvcContentNegotiationManager,requestMappingHandlerMapping,mvcPatternParser,mvcUrlPathHelper,mvcPathMatcher,viewControllerHandlerMapping,beanNameHandlerMapping,routerFunctionMapping,resourceHandlerMapping,mvcResourceUrlProvider,defaultServletHandlerMapping,requestMappingHandlerAdapter,handlerFunctionAdapter,mvcUriComponentsContributor,httpRequestHandlerAdapter,simpleControllerHandlerAdapter,handlerExceptionResolver,mvcViewResolver,mvcHandlerMappingIntrospector,org.springframework.boot.autoconfigure.web.servlet.WebMvcAutoConfiguration$WebMvcAutoConfigurationAdapter,defaultViewResolver,viewResolver,requestContextFilter,org.springframework.boot.autoconfigure.web.servlet.WebMvcAutoConfiguration,formContentFilter,org.springframework.boot.actuate.autoconfigure.audit.AuditEventsEndpointAutoConfiguration,org.springframework.boot.autoconfigure.availability.ApplicationAvailabilityAutoConfiguration,applicationAvailability,org.springframework.boot.actuate.autoconfigure.availability.AvailabilityHealthContributorAutoConfiguration,org.springframework.boot.actuate.autoconfigure.beans.BeansEndpointAutoConfiguration,beansEndpoint,org.springframework.boot.autoconfigure.jackson.JacksonAutoConfiguration$Jackson2ObjectMapperBuilderCustomizerConfiguration,standardJacksonObjectMapperBuilderCustomizer,spring.jackson-org.springframework.boot.autoconfigure.jackson.JacksonProperties,org.springframework.boot.autoconfigure.jackson.JacksonAutoConfiguration$JacksonObjectMapperBuilderConfiguration,jacksonObjectMapperBuilder,org.springframework.boot.autoconfigure.jackson.JacksonAutoConfiguration$ParameterNamesModuleConfiguration,parameterNamesModule,org.springframework.boot.autoconfigure.jackson.JacksonAutoConfiguration$JacksonObjectMapperConfiguration,jacksonObjectMapper,org.springframework.boot.autoconfigure.jackson.JacksonAutoConfiguration$JacksonMixinConfiguration,jsonMixinModuleEntries,jsonMixinModule,org.springframework.boot.autoconfigure.jackson.JacksonAutoConfiguration,jsonComponentModule,org.springframework.boot.actuate.autoconfigure.cache.CachesEndpointAutoConfiguration,cachesEndpoint,cachesEndpointWebExtension,org.springframework.boot.actuate.autoconfigure.health.HealthEndpointConfiguration,healthStatusAggregator,healthHttpCodeStatusMapper,healthEndpointGroups,healthContributorRegistry,healthEndpointGroupMembershipValidator,healthEndpoint,healthEndpointGroupsBeanPostProcessor,org.springframework.boot.actuate.autoconfigure.health.HealthEndpointWebExtensionConfiguration$MvcAdditionalHealthEndpointPathsConfiguration,healthEndpointWebMvcHandlerMapping,org.springframework.boot.actuate.autoconfigure.health.HealthEndpointWebExtensionConfiguration,healthEndpointWebExtension,org.springframework.boot.actuate.autoconfigure.health.HealthEndpointAutoConfiguration,management.endpoint.health-org.springframework.boot.actuate.autoconfigure.health.HealthEndpointProperties,org.springframework.boot.autoconfigure.info.ProjectInfoAutoConfiguration,spring.info-org.springframework.boot.autoconfigure.info.ProjectInfoProperties,org.springframework.boot.actuate.autoconfigure.info.InfoContributorAutoConfiguration,management.health.ssl-org.springframework.boot.actuate.autoconfigure.ssl.SslHealthIndicatorProperties,management.info-org.springframework.boot.actuate.autoconfigure.info.InfoContributorProperties,org.springframework.boot.actuate.autoconfigure.info.InfoEndpointAutoConfiguration,infoEndpoint,org.springframework.boot.actuate.autoconfigure.web.servlet.ServletManagementContextAutoConfiguration,servletWebChildContextFactory,managementServletContext,org.springframework.boot.actuate.autoconfigure.condition.ConditionsReportEndpointAutoConfiguration,conditionsReportEndpoint,org.springframework.boot.actuate.autoconfigure.context.properties.ConfigurationPropertiesReportEndpointAutoConfiguration,configurationPropertiesReportEndpoint,configurationPropertiesReportEndpointWebExtension,management.endpoint.configprops-org.springframework.boot.actuate.autoconfigure.context.properties.ConfigurationPropertiesReportEndpointProperties,org.springframework.boot.actuate.autoconfigure.endpoint.EndpointAutoConfiguration,endpointOperationParameterMapper,endpointCachingOperationInvokerAdvisor,propertiesEndpointAccessResolver,org.springframework.boot.actuate.autoconfigure.endpoint.jackson.JacksonEndpointAutoConfiguration,endpointObjectMapper,org.springframework.boot.actuate.autoconfigure.endpoint.web.WebEndpointAutoConfiguration$WebEndpointServletConfiguration,servletEndpointDiscoverer,org.springframework.boot.actuate.autoconfigure.endpoint.web.WebEndpointAutoConfiguration,webEndpointPathMapper,endpointMediaTypes,webEndpointDiscoverer,controllerEndpointDiscoverer,pathMappedEndpoints,webExposeExcludePropertyEndpointFilter,controllerExposeExcludePropertyEndpointFilter,webAccessPropertiesOperationFilter,management.endpoints.web-org.springframework.boot.actuate.autoconfigure.endpoint.web.WebEndpointProperties,org.springframework.boot.actuate.autoconfigure.env.EnvironmentEndpointAutoConfiguration,environmentEndpoint,environmentEndpointWebExtension,management.endpoint.env-org.springframework.boot.actuate.autoconfigure.env.EnvironmentEndpointProperties,org.springframework.boot.actuate.autoconfigure.ssl.SslHealthContributorAutoConfiguration,sslHealthIndicator,sslInfo,org.springframework.boot.actuate.autoconfigure.system.DiskSpaceHealthContributorAutoConfiguration,diskSpaceHealthIndicator,management.health.diskspace-org.springframework.boot.actuate.autoconfigure.system.DiskSpaceHealthIndicatorProperties,org.springframework.boot.actuate.autoconfigure.health.HealthContributorAutoConfiguration,pingHealthContributor,org.springframework.boot.actuate.autoconfigure.logging.LogFileWebEndpointAutoConfiguration,management.endpoint.logfile-org.springframework.boot.actuate.autoconfigure.logging.LogFileWebEndpointProperties,org.springframework.boot.actuate.autoconfigure.logging.LoggersEndpointAutoConfiguration]; root of factory hierarchy
2025-01-16T02:20:13.141+02:00 TRACE 25984 --- [FirstSpring] [           main] o.s.b.a.condition.OnBeanCondition        : Condition OnBeanCondition on org.springframework.boot.actuate.autoconfigure.logging.LoggersEndpointAutoConfiguration#loggersEndpoint matched due to @ConditionalOnBean (types: org.springframework.boot.logging.LoggingSystem; SearchStrategy: all) found bean 'springBootLoggingSystem'; @ConditionalOnMissingBean (types: org.springframework.boot.actuate.logging.LoggersEndpoint; SearchStrategy: all) did not find any beans
2025-01-16T02:20:13.141+02:00 TRACE 25984 --- [FirstSpring] [           main] o.s.b.f.s.DefaultListableBeanFactory     : Returning cached instance of singleton bean 'autoConfigurationReport'
2025-01-16T02:20:13.142+02:00 TRACE 25984 --- [FirstSpring] [           main] a.ConfigurationClassBeanDefinitionReader : Registering bean definition for @Bean method org.springframework.boot.actuate.autoconfigure.logging.LoggersEndpointAutoConfiguration.loggersEndpoint()
2025-01-16T02:20:13.143+02:00 TRACE 25984 --- [FirstSpring] [           main] s.b.a.a.e.c.OnAvailableEndpointCondition : Condition OnAvailableEndpointCondition on org.springframework.boot.actuate.autoconfigure.management.HeapDumpWebEndpointAutoConfiguration matched due to @ConditionalOnAvailableEndpoint marked as exposed by a 'management.endpoints.web.exposure' property
2025-01-16T02:20:13.143+02:00 TRACE 25984 --- [FirstSpring] [           main] o.s.b.f.s.DefaultListableBeanFactory     : Returning cached instance of singleton bean 'autoConfigurationReport'
2025-01-16T02:20:13.143+02:00 TRACE 25984 --- [FirstSpring] [           main] a.ConfigurationClassBeanDefinitionReader : Registered bean definition for imported class 'org.springframework.boot.actuate.autoconfigure.management.HeapDumpWebEndpointAutoConfiguration'
2025-01-16T02:20:13.144+02:00 TRACE 25984 --- [FirstSpring] [           main] o.s.b.a.condition.OnBeanCondition        : Condition OnBeanCondition on org.springframework.boot.actuate.autoconfigure.management.HeapDumpWebEndpointAutoConfiguration#heapDumpWebEndpoint matched due to @ConditionalOnMissingBean (types: org.springframework.boot.actuate.management.HeapDumpWebEndpoint; SearchStrategy: all) did not find any beans
2025-01-16T02:20:13.146+02:00 TRACE 25984 --- [FirstSpring] [           main] o.s.b.f.s.DefaultListableBeanFactory     : Returning cached instance of singleton bean 'autoConfigurationReport'
2025-01-16T02:20:13.146+02:00 TRACE 25984 --- [FirstSpring] [           main] a.ConfigurationClassBeanDefinitionReader : Registering bean definition for @Bean method org.springframework.boot.actuate.autoconfigure.management.HeapDumpWebEndpointAutoConfiguration.heapDumpWebEndpoint()
2025-01-16T02:20:13.146+02:00 TRACE 25984 --- [FirstSpring] [           main] s.b.a.a.e.c.OnAvailableEndpointCondition : Condition OnAvailableEndpointCondition on org.springframework.boot.actuate.autoconfigure.management.ThreadDumpEndpointAutoConfiguration matched due to @ConditionalOnAvailableEndpoint marked as exposed by a 'management.endpoints.web.exposure' property
2025-01-16T02:20:13.146+02:00 TRACE 25984 --- [FirstSpring] [           main] o.s.b.f.s.DefaultListableBeanFactory     : Returning cached instance of singleton bean 'autoConfigurationReport'
2025-01-16T02:20:13.147+02:00 TRACE 25984 --- [FirstSpring] [           main] a.ConfigurationClassBeanDefinitionReader : Registered bean definition for imported class 'org.springframework.boot.actuate.autoconfigure.management.ThreadDumpEndpointAutoConfiguration'
2025-01-16T02:20:13.148+02:00 TRACE 25984 --- [FirstSpring] [           main] o.s.b.a.condition.OnBeanCondition        : Condition OnBeanCondition on org.springframework.boot.actuate.autoconfigure.management.ThreadDumpEndpointAutoConfiguration#dumpEndpoint matched due to @ConditionalOnMissingBean (types: org.springframework.boot.actuate.management.ThreadDumpEndpoint; SearchStrategy: all) did not find any beans
2025-01-16T02:20:13.148+02:00 TRACE 25984 --- [FirstSpring] [           main] o.s.b.f.s.DefaultListableBeanFactory     : Returning cached instance of singleton bean 'autoConfigurationReport'
2025-01-16T02:20:13.148+02:00 TRACE 25984 --- [FirstSpring] [           main] a.ConfigurationClassBeanDefinitionReader : Registering bean definition for @Bean method org.springframework.boot.actuate.autoconfigure.management.ThreadDumpEndpointAutoConfiguration.dumpEndpoint()
2025-01-16T02:20:13.148+02:00 TRACE 25984 --- [FirstSpring] [           main] o.s.b.a.condition.OnClassCondition       : Condition OnClassCondition on org.springframework.boot.actuate.autoconfigure.metrics.MetricsAutoConfiguration matched due to @ConditionalOnClass found required class 'io.micrometer.core.annotation.Timed'
2025-01-16T02:20:13.148+02:00 TRACE 25984 --- [FirstSpring] [           main] o.s.b.f.s.DefaultListableBeanFactory     : Returning cached instance of singleton bean 'autoConfigurationReport'
2025-01-16T02:20:13.149+02:00 TRACE 25984 --- [FirstSpring] [           main] a.ConfigurationClassBeanDefinitionReader : Registered bean definition for imported class 'org.springframework.boot.actuate.autoconfigure.metrics.MetricsAutoConfiguration'
2025-01-16T02:20:13.151+02:00 TRACE 25984 --- [FirstSpring] [           main] o.s.b.a.condition.OnBeanCondition        : Condition OnBeanCondition on org.springframework.boot.actuate.autoconfigure.metrics.MetricsAutoConfiguration#micrometerClock matched due to @ConditionalOnMissingBean (types: io.micrometer.core.instrument.Clock; SearchStrategy: all) did not find any beans
2025-01-16T02:20:13.151+02:00 TRACE 25984 --- [FirstSpring] [           main] o.s.b.f.s.DefaultListableBeanFactory     : Returning cached instance of singleton bean 'autoConfigurationReport'
2025-01-16T02:20:13.151+02:00 TRACE 25984 --- [FirstSpring] [           main] a.ConfigurationClassBeanDefinitionReader : Registering bean definition for @Bean method org.springframework.boot.actuate.autoconfigure.metrics.MetricsAutoConfiguration.micrometerClock()
2025-01-16T02:20:13.151+02:00 TRACE 25984 --- [FirstSpring] [           main] a.ConfigurationClassBeanDefinitionReader : Registering bean definition for @Bean method org.springframework.boot.actuate.autoconfigure.metrics.MetricsAutoConfiguration.meterRegistryPostProcessor()
2025-01-16T02:20:13.151+02:00 TRACE 25984 --- [FirstSpring] [           main] a.ConfigurationClassBeanDefinitionReader : Registering bean definition for @Bean method org.springframework.boot.actuate.autoconfigure.metrics.MetricsAutoConfiguration.propertiesMeterFilter()
2025-01-16T02:20:13.151+02:00 TRACE 25984 --- [FirstSpring] [           main] a.ConfigurationClassBeanDefinitionReader : Registering bean definition for @Bean method org.springframework.boot.actuate.autoconfigure.metrics.MetricsAutoConfiguration.meterRegistryCloser()
2025-01-16T02:20:13.159+02:00 TRACE 25984 --- [FirstSpring] [           main] o.s.b.a.condition.OnBeanCondition        : Condition OnBeanCondition on org.springframework.boot.actuate.autoconfigure.metrics.export.simple.SimpleMetricsExportAutoConfiguration matched due to @ConditionalOnBean (types: io.micrometer.core.instrument.Clock; SearchStrategy: all) found bean 'micrometerClock'; @ConditionalOnMissingBean (types: io.micrometer.core.instrument.MeterRegistry; SearchStrategy: all) did not find any beans
2025-01-16T02:20:13.160+02:00 TRACE 25984 --- [FirstSpring] [           main] o.s.b.f.s.DefaultListableBeanFactory     : Returning cached instance of singleton bean 'autoConfigurationReport'
2025-01-16T02:20:13.161+02:00 TRACE 25984 --- [FirstSpring] [           main] o.s.b.a.condition.OnBeanCondition        : Condition OnBeanCondition on org.springframework.boot.actuate.autoconfigure.metrics.export.simple.SimpleMetricsExportAutoConfiguration matched due to @ConditionalOnBean (types: io.micrometer.core.instrument.Clock; SearchStrategy: all) found bean 'micrometerClock'; @ConditionalOnMissingBean (types: io.micrometer.core.instrument.MeterRegistry; SearchStrategy: all) did not find any beans
2025-01-16T02:20:13.161+02:00 TRACE 25984 --- [FirstSpring] [           main] o.s.b.f.s.DefaultListableBeanFactory     : Returning cached instance of singleton bean 'autoConfigurationReport'
2025-01-16T02:20:13.161+02:00 TRACE 25984 --- [FirstSpring] [           main] .a.a.m.e.OnMetricsExportEnabledCondition : Condition OnMetricsExportEnabledCondition on org.springframework.boot.actuate.autoconfigure.metrics.export.simple.SimpleMetricsExportAutoConfiguration matched due to @ConditionalOnEnabledMetricsExport management.simple.metrics.export.enabled is true
2025-01-16T02:20:13.161+02:00 TRACE 25984 --- [FirstSpring] [           main] o.s.b.f.s.DefaultListableBeanFactory     : Returning cached instance of singleton bean 'autoConfigurationReport'
2025-01-16T02:20:13.162+02:00 TRACE 25984 --- [FirstSpring] [           main] a.ConfigurationClassBeanDefinitionReader : Registered bean definition for imported class 'org.springframework.boot.actuate.autoconfigure.metrics.export.simple.SimpleMetricsExportAutoConfiguration'
2025-01-16T02:20:13.162+02:00 TRACE 25984 --- [FirstSpring] [           main] a.ConfigurationClassBeanDefinitionReader : Registering bean definition for @Bean method org.springframework.boot.actuate.autoconfigure.metrics.export.simple.SimpleMetricsExportAutoConfiguration.simpleMeterRegistry()
2025-01-16T02:20:13.168+02:00 TRACE 25984 --- [FirstSpring] [           main] o.s.b.a.condition.OnBeanCondition        : Condition OnBeanCondition on org.springframework.boot.actuate.autoconfigure.metrics.export.simple.SimpleMetricsExportAutoConfiguration#simpleConfig matched due to @ConditionalOnMissingBean (types: io.micrometer.core.instrument.simple.SimpleConfig; SearchStrategy: all) did not find any beans
2025-01-16T02:20:13.168+02:00 TRACE 25984 --- [FirstSpring] [           main] o.s.b.f.s.DefaultListableBeanFactory     : Returning cached instance of singleton bean 'autoConfigurationReport'
2025-01-16T02:20:13.168+02:00 TRACE 25984 --- [FirstSpring] [           main] a.ConfigurationClassBeanDefinitionReader : Registering bean definition for @Bean method org.springframework.boot.actuate.autoconfigure.metrics.export.simple.SimpleMetricsExportAutoConfiguration.simpleConfig()
2025-01-16T02:20:13.170+02:00 TRACE 25984 --- [FirstSpring] [           main] o.s.b.a.condition.OnClassCondition       : Condition OnClassCondition on org.springframework.boot.actuate.autoconfigure.metrics.CompositeMeterRegistryAutoConfiguration matched due to @ConditionalOnClass found required class 'io.micrometer.core.instrument.composite.CompositeMeterRegistry'
2025-01-16T02:20:13.170+02:00 TRACE 25984 --- [FirstSpring] [           main] o.s.b.f.s.DefaultListableBeanFactory     : Returning cached instance of singleton bean 'autoConfigurationReport'
2025-01-16T02:20:13.171+02:00 TRACE 25984 --- [FirstSpring] [           main] o.s.b.a.condition.OnBeanCondition        : Condition OnBeanCondition on org.springframework.boot.actuate.autoconfigure.metrics.NoOpMeterRegistryConfiguration did not match due to @ConditionalOnMissingBean (types: io.micrometer.core.instrument.MeterRegistry; SearchStrategy: all) found beans of type 'io.micrometer.core.instrument.MeterRegistry' simpleMeterRegistry
2025-01-16T02:20:13.171+02:00 TRACE 25984 --- [FirstSpring] [           main] o.s.b.f.s.DefaultListableBeanFactory     : Returning cached instance of singleton bean 'autoConfigurationReport'
2025-01-16T02:20:13.173+02:00 TRACE 25984 --- [FirstSpring] [           main] ltipleNonPrimaryMeterRegistriesCondition : Condition CompositeMeterRegistryConfiguration.MultipleNonPrimaryMeterRegistriesCondition on org.springframework.boot.actuate.autoconfigure.metrics.CompositeMeterRegistryConfiguration did not match due to NoneNestedConditions 1 matched 1 did not; NestedCondition on CompositeMeterRegistryConfiguration.MultipleNonPrimaryMeterRegistriesCondition.SingleInjectableMeterRegistry @ConditionalOnSingleCandidate (types: io.micrometer.core.instrument.MeterRegistry; SearchStrategy: all) found a single bean 'simpleMeterRegistry'; NestedCondition on CompositeMeterRegistryConfiguration.MultipleNonPrimaryMeterRegistriesCondition.NoMeterRegistryCondition @ConditionalOnMissingBean (types: io.micrometer.core.instrument.MeterRegistry; SearchStrategy: all) found beans of type 'io.micrometer.core.instrument.MeterRegistry' simpleMeterRegistry
2025-01-16T02:20:13.173+02:00 TRACE 25984 --- [FirstSpring] [           main] o.s.b.f.s.DefaultListableBeanFactory     : Returning cached instance of singleton bean 'autoConfigurationReport'
2025-01-16T02:20:13.176+02:00 TRACE 25984 --- [FirstSpring] [           main] a.ConfigurationClassBeanDefinitionReader : Registered bean definition for imported class 'org.springframework.boot.actuate.autoconfigure.metrics.CompositeMeterRegistryAutoConfiguration'
2025-01-16T02:20:13.176+02:00 TRACE 25984 --- [FirstSpring] [           main] o.s.b.a.condition.OnClassCondition       : Condition OnClassCondition on org.springframework.boot.actuate.autoconfigure.metrics.JvmMetricsAutoConfiguration matched due to @ConditionalOnClass found required class 'io.micrometer.core.instrument.MeterRegistry'
2025-01-16T02:20:13.176+02:00 TRACE 25984 --- [FirstSpring] [           main] o.s.b.f.s.DefaultListableBeanFactory     : Returning cached instance of singleton bean 'autoConfigurationReport'
2025-01-16T02:20:13.177+02:00 TRACE 25984 --- [FirstSpring] [           main] o.s.b.a.condition.OnBeanCondition        : Condition OnBeanCondition on org.springframework.boot.actuate.autoconfigure.metrics.JvmMetricsAutoConfiguration matched due to @ConditionalOnBean (types: io.micrometer.core.instrument.MeterRegistry; SearchStrategy: all) found bean 'simpleMeterRegistry'
2025-01-16T02:20:13.178+02:00 TRACE 25984 --- [FirstSpring] [           main] o.s.b.f.s.DefaultListableBeanFactory     : Returning cached instance of singleton bean 'autoConfigurationReport'
2025-01-16T02:20:13.178+02:00 TRACE 25984 --- [FirstSpring] [           main] a.ConfigurationClassBeanDefinitionReader : Registered bean definition for imported class 'org.springframework.boot.actuate.autoconfigure.metrics.JvmMetricsAutoConfiguration'
2025-01-16T02:20:13.181+02:00 TRACE 25984 --- [FirstSpring] [           main] o.s.b.a.condition.OnBeanCondition        : Condition OnBeanCondition on org.springframework.boot.actuate.autoconfigure.metrics.JvmMetricsAutoConfiguration#jvmGcMetrics matched due to @ConditionalOnMissingBean (types: io.micrometer.core.instrument.binder.jvm.JvmGcMetrics; SearchStrategy: all) did not find any beans
2025-01-16T02:20:13.181+02:00 TRACE 25984 --- [FirstSpring] [           main] o.s.b.f.s.DefaultListableBeanFactory     : Returning cached instance of singleton bean 'autoConfigurationReport'
2025-01-16T02:20:13.181+02:00 TRACE 25984 --- [FirstSpring] [           main] a.ConfigurationClassBeanDefinitionReader : Registering bean definition for @Bean method org.springframework.boot.actuate.autoconfigure.metrics.JvmMetricsAutoConfiguration.jvmGcMetrics()
2025-01-16T02:20:13.187+02:00 TRACE 25984 --- [FirstSpring] [           main] o.s.b.a.condition.OnBeanCondition        : Condition OnBeanCondition on org.springframework.boot.actuate.autoconfigure.metrics.JvmMetricsAutoConfiguration#jvmHeapPressureMetrics matched due to @ConditionalOnMissingBean (types: io.micrometer.core.instrument.binder.jvm.JvmHeapPressureMetrics; SearchStrategy: all) did not find any beans
2025-01-16T02:20:13.187+02:00 TRACE 25984 --- [FirstSpring] [           main] o.s.b.f.s.DefaultListableBeanFactory     : Returning cached instance of singleton bean 'autoConfigurationReport'
2025-01-16T02:20:13.187+02:00 TRACE 25984 --- [FirstSpring] [           main] a.ConfigurationClassBeanDefinitionReader : Registering bean definition for @Bean method org.springframework.boot.actuate.autoconfigure.metrics.JvmMetricsAutoConfiguration.jvmHeapPressureMetrics()
2025-01-16T02:20:13.188+02:00 TRACE 25984 --- [FirstSpring] [           main] o.s.b.a.condition.OnBeanCondition        : Condition OnBeanCondition on org.springframework.boot.actuate.autoconfigure.metrics.JvmMetricsAutoConfiguration#jvmMemoryMetrics matched due to @ConditionalOnMissingBean (types: io.micrometer.core.instrument.binder.jvm.JvmMemoryMetrics; SearchStrategy: all) did not find any beans
2025-01-16T02:20:13.188+02:00 TRACE 25984 --- [FirstSpring] [           main] o.s.b.f.s.DefaultListableBeanFactory     : Returning cached instance of singleton bean 'autoConfigurationReport'
2025-01-16T02:20:13.188+02:00 TRACE 25984 --- [FirstSpring] [           main] a.ConfigurationClassBeanDefinitionReader : Registering bean definition for @Bean method org.springframework.boot.actuate.autoconfigure.metrics.JvmMetricsAutoConfiguration.jvmMemoryMetrics()
2025-01-16T02:20:13.188+02:00 TRACE 25984 --- [FirstSpring] [           main] o.s.b.a.condition.OnBeanCondition        : Condition OnBeanCondition on org.springframework.boot.actuate.autoconfigure.metrics.JvmMetricsAutoConfiguration#jvmThreadMetrics matched due to @ConditionalOnMissingBean (types: io.micrometer.core.instrument.binder.jvm.JvmThreadMetrics; SearchStrategy: all) did not find any beans
2025-01-16T02:20:13.188+02:00 TRACE 25984 --- [FirstSpring] [           main] o.s.b.f.s.DefaultListableBeanFactory     : Returning cached instance of singleton bean 'autoConfigurationReport'
2025-01-16T02:20:13.189+02:00 TRACE 25984 --- [FirstSpring] [           main] a.ConfigurationClassBeanDefinitionReader : Registering bean definition for @Bean method org.springframework.boot.actuate.autoconfigure.metrics.JvmMetricsAutoConfiguration.jvmThreadMetrics()
2025-01-16T02:20:13.189+02:00 TRACE 25984 --- [FirstSpring] [           main] o.s.b.a.condition.OnBeanCondition        : Condition OnBeanCondition on org.springframework.boot.actuate.autoconfigure.metrics.JvmMetricsAutoConfiguration#classLoaderMetrics matched due to @ConditionalOnMissingBean (types: io.micrometer.core.instrument.binder.jvm.ClassLoaderMetrics; SearchStrategy: all) did not find any beans
2025-01-16T02:20:13.189+02:00 TRACE 25984 --- [FirstSpring] [           main] o.s.b.f.s.DefaultListableBeanFactory     : Returning cached instance of singleton bean 'autoConfigurationReport'
2025-01-16T02:20:13.189+02:00 TRACE 25984 --- [FirstSpring] [           main] a.ConfigurationClassBeanDefinitionReader : Registering bean definition for @Bean method org.springframework.boot.actuate.autoconfigure.metrics.JvmMetricsAutoConfiguration.classLoaderMetrics()
2025-01-16T02:20:13.190+02:00 TRACE 25984 --- [FirstSpring] [           main] o.s.b.a.condition.OnBeanCondition        : Condition OnBeanCondition on org.springframework.boot.actuate.autoconfigure.metrics.JvmMetricsAutoConfiguration#jvmInfoMetrics matched due to @ConditionalOnMissingBean (types: io.micrometer.core.instrument.binder.jvm.JvmInfoMetrics; SearchStrategy: all) did not find any beans
2025-01-16T02:20:13.190+02:00 TRACE 25984 --- [FirstSpring] [           main] o.s.b.f.s.DefaultListableBeanFactory     : Returning cached instance of singleton bean 'autoConfigurationReport'
2025-01-16T02:20:13.191+02:00 TRACE 25984 --- [FirstSpring] [           main] a.ConfigurationClassBeanDefinitionReader : Registering bean definition for @Bean method org.springframework.boot.actuate.autoconfigure.metrics.JvmMetricsAutoConfiguration.jvmInfoMetrics()
2025-01-16T02:20:13.191+02:00 TRACE 25984 --- [FirstSpring] [           main] o.s.b.a.condition.OnBeanCondition        : Condition OnBeanCondition on org.springframework.boot.actuate.autoconfigure.metrics.JvmMetricsAutoConfiguration#jvmCompilationMetrics matched due to @ConditionalOnMissingBean (types: io.micrometer.core.instrument.binder.jvm.JvmCompilationMetrics; SearchStrategy: all) did not find any beans
2025-01-16T02:20:13.191+02:00 TRACE 25984 --- [FirstSpring] [           main] o.s.b.f.s.DefaultListableBeanFactory     : Returning cached instance of singleton bean 'autoConfigurationReport'
2025-01-16T02:20:13.191+02:00 TRACE 25984 --- [FirstSpring] [           main] a.ConfigurationClassBeanDefinitionReader : Registering bean definition for @Bean method org.springframework.boot.actuate.autoconfigure.metrics.JvmMetricsAutoConfiguration.jvmCompilationMetrics()
2025-01-16T02:20:13.192+02:00 TRACE 25984 --- [FirstSpring] [           main] o.s.b.a.condition.OnClassCondition       : Condition OnClassCondition on org.springframework.boot.actuate.autoconfigure.metrics.LogbackMetricsAutoConfiguration matched due to @ConditionalOnClass found required classes 'io.micrometer.core.instrument.MeterRegistry', 'ch.qos.logback.classic.LoggerContext', 'org.slf4j.LoggerFactory'
2025-01-16T02:20:13.192+02:00 TRACE 25984 --- [FirstSpring] [           main] o.s.b.f.s.DefaultListableBeanFactory     : Returning cached instance of singleton bean 'autoConfigurationReport'
2025-01-16T02:20:13.192+02:00 TRACE 25984 --- [FirstSpring] [           main] utoConfiguration$LogbackLoggingCondition : Condition LogbackMetricsAutoConfiguration.LogbackLoggingCondition on org.springframework.boot.actuate.autoconfigure.metrics.LogbackMetricsAutoConfiguration matched due to LogbackLoggingCondition ILoggerFactory is a Logback LoggerContext
2025-01-16T02:20:13.192+02:00 TRACE 25984 --- [FirstSpring] [           main] o.s.b.f.s.DefaultListableBeanFactory     : Returning cached instance of singleton bean 'autoConfigurationReport'
2025-01-16T02:20:13.193+02:00 TRACE 25984 --- [FirstSpring] [           main] o.s.b.a.condition.OnBeanCondition        : Condition OnBeanCondition on org.springframework.boot.actuate.autoconfigure.metrics.LogbackMetricsAutoConfiguration matched due to @ConditionalOnBean (types: io.micrometer.core.instrument.MeterRegistry; SearchStrategy: all) found bean 'simpleMeterRegistry'
2025-01-16T02:20:13.193+02:00 TRACE 25984 --- [FirstSpring] [           main] o.s.b.f.s.DefaultListableBeanFactory     : Returning cached instance of singleton bean 'autoConfigurationReport'
2025-01-16T02:20:13.193+02:00 TRACE 25984 --- [FirstSpring] [           main] a.ConfigurationClassBeanDefinitionReader : Registered bean definition for imported class 'org.springframework.boot.actuate.autoconfigure.metrics.LogbackMetricsAutoConfiguration'
2025-01-16T02:20:13.195+02:00 TRACE 25984 --- [FirstSpring] [           main] o.s.b.a.condition.OnBeanCondition        : Condition OnBeanCondition on org.springframework.boot.actuate.autoconfigure.metrics.LogbackMetricsAutoConfiguration#logbackMetrics matched due to @ConditionalOnMissingBean (types: io.micrometer.core.instrument.binder.logging.LogbackMetrics; SearchStrategy: all) did not find any beans
2025-01-16T02:20:13.195+02:00 TRACE 25984 --- [FirstSpring] [           main] o.s.b.f.s.DefaultListableBeanFactory     : Returning cached instance of singleton bean 'autoConfigurationReport'
2025-01-16T02:20:13.195+02:00 TRACE 25984 --- [FirstSpring] [           main] a.ConfigurationClassBeanDefinitionReader : Registering bean definition for @Bean method org.springframework.boot.actuate.autoconfigure.metrics.LogbackMetricsAutoConfiguration.logbackMetrics()
2025-01-16T02:20:13.195+02:00 TRACE 25984 --- [FirstSpring] [           main] o.s.b.a.condition.OnClassCondition       : Condition OnClassCondition on org.springframework.boot.actuate.autoconfigure.metrics.MetricsEndpointAutoConfiguration matched due to @ConditionalOnClass found required class 'io.micrometer.core.annotation.Timed'
2025-01-16T02:20:13.195+02:00 TRACE 25984 --- [FirstSpring] [           main] o.s.b.f.s.DefaultListableBeanFactory     : Returning cached instance of singleton bean 'autoConfigurationReport'
2025-01-16T02:20:13.196+02:00 TRACE 25984 --- [FirstSpring] [           main] s.b.a.a.e.c.OnAvailableEndpointCondition : Condition OnAvailableEndpointCondition on org.springframework.boot.actuate.autoconfigure.metrics.MetricsEndpointAutoConfiguration matched due to @ConditionalOnAvailableEndpoint marked as exposed by a 'management.endpoints.web.exposure' property
2025-01-16T02:20:13.196+02:00 TRACE 25984 --- [FirstSpring] [           main] o.s.b.f.s.DefaultListableBeanFactory     : Returning cached instance of singleton bean 'autoConfigurationReport'
2025-01-16T02:20:13.197+02:00 TRACE 25984 --- [FirstSpring] [           main] a.ConfigurationClassBeanDefinitionReader : Registered bean definition for imported class 'org.springframework.boot.actuate.autoconfigure.metrics.MetricsEndpointAutoConfiguration'
2025-01-16T02:20:13.199+02:00 TRACE 25984 --- [FirstSpring] [           main] o.s.b.a.condition.OnBeanCondition        : Condition OnBeanCondition on org.springframework.boot.actuate.autoconfigure.metrics.MetricsEndpointAutoConfiguration#metricsEndpoint matched due to @ConditionalOnBean (types: io.micrometer.core.instrument.MeterRegistry; SearchStrategy: all) found bean 'simpleMeterRegistry'; @ConditionalOnMissingBean (types: org.springframework.boot.actuate.metrics.MetricsEndpoint; SearchStrategy: all) did not find any beans
2025-01-16T02:20:13.199+02:00 TRACE 25984 --- [FirstSpring] [           main] o.s.b.f.s.DefaultListableBeanFactory     : Returning cached instance of singleton bean 'autoConfigurationReport'
2025-01-16T02:20:13.199+02:00 TRACE 25984 --- [FirstSpring] [           main] o.s.b.a.condition.OnBeanCondition        : Condition OnBeanCondition on org.springframework.boot.actuate.autoconfigure.metrics.MetricsEndpointAutoConfiguration#metricsEndpoint matched due to @ConditionalOnBean (types: io.micrometer.core.instrument.MeterRegistry; SearchStrategy: all) found bean 'simpleMeterRegistry'; @ConditionalOnMissingBean (types: org.springframework.boot.actuate.metrics.MetricsEndpoint; SearchStrategy: all) did not find any beans
2025-01-16T02:20:13.199+02:00 TRACE 25984 --- [FirstSpring] [           main] o.s.b.f.s.DefaultListableBeanFactory     : Returning cached instance of singleton bean 'autoConfigurationReport'
2025-01-16T02:20:13.199+02:00 TRACE 25984 --- [FirstSpring] [           main] a.ConfigurationClassBeanDefinitionReader : Registering bean definition for @Bean method org.springframework.boot.actuate.autoconfigure.metrics.MetricsEndpointAutoConfiguration.metricsEndpoint()
2025-01-16T02:20:13.200+02:00 TRACE 25984 --- [FirstSpring] [           main] o.s.b.a.condition.OnClassCondition       : Condition OnClassCondition on org.springframework.boot.actuate.autoconfigure.metrics.SystemMetricsAutoConfiguration matched due to @ConditionalOnClass found required class 'io.micrometer.core.instrument.MeterRegistry'
2025-01-16T02:20:13.200+02:00 TRACE 25984 --- [FirstSpring] [           main] o.s.b.f.s.DefaultListableBeanFactory     : Returning cached instance of singleton bean 'autoConfigurationReport'
2025-01-16T02:20:13.202+02:00 TRACE 25984 --- [FirstSpring] [           main] o.s.b.a.condition.OnBeanCondition        : Condition OnBeanCondition on org.springframework.boot.actuate.autoconfigure.metrics.SystemMetricsAutoConfiguration matched due to @ConditionalOnBean (types: io.micrometer.core.instrument.MeterRegistry; SearchStrategy: all) found bean 'simpleMeterRegistry'
2025-01-16T02:20:13.202+02:00 TRACE 25984 --- [FirstSpring] [           main] o.s.b.f.s.DefaultListableBeanFactory     : Returning cached instance of singleton bean 'autoConfigurationReport'
2025-01-16T02:20:13.202+02:00 TRACE 25984 --- [FirstSpring] [           main] a.ConfigurationClassBeanDefinitionReader : Registered bean definition for imported class 'org.springframework.boot.actuate.autoconfigure.metrics.SystemMetricsAutoConfiguration'
2025-01-16T02:20:13.204+02:00 TRACE 25984 --- [FirstSpring] [           main] o.s.b.a.condition.OnBeanCondition        : Condition OnBeanCondition on org.springframework.boot.actuate.autoconfigure.metrics.SystemMetricsAutoConfiguration#uptimeMetrics matched due to @ConditionalOnMissingBean (types: io.micrometer.core.instrument.binder.system.UptimeMetrics; SearchStrategy: all) did not find any beans
2025-01-16T02:20:13.204+02:00 TRACE 25984 --- [FirstSpring] [           main] o.s.b.f.s.DefaultListableBeanFactory     : Returning cached instance of singleton bean 'autoConfigurationReport'
2025-01-16T02:20:13.205+02:00 TRACE 25984 --- [FirstSpring] [           main] a.ConfigurationClassBeanDefinitionReader : Registering bean definition for @Bean method org.springframework.boot.actuate.autoconfigure.metrics.SystemMetricsAutoConfiguration.uptimeMetrics()
2025-01-16T02:20:13.217+02:00 TRACE 25984 --- [FirstSpring] [           main] o.s.b.a.condition.OnBeanCondition        : Condition OnBeanCondition on org.springframework.boot.actuate.autoconfigure.metrics.SystemMetricsAutoConfiguration#processorMetrics matched due to @ConditionalOnMissingBean (types: io.micrometer.core.instrument.binder.system.ProcessorMetrics; SearchStrategy: all) did not find any beans
2025-01-16T02:20:13.217+02:00 TRACE 25984 --- [FirstSpring] [           main] o.s.b.f.s.DefaultListableBeanFactory     : Returning cached instance of singleton bean 'autoConfigurationReport'
2025-01-16T02:20:13.217+02:00 TRACE 25984 --- [FirstSpring] [           main] a.ConfigurationClassBeanDefinitionReader : Registering bean definition for @Bean method org.springframework.boot.actuate.autoconfigure.metrics.SystemMetricsAutoConfiguration.processorMetrics()
2025-01-16T02:20:13.218+02:00 TRACE 25984 --- [FirstSpring] [           main] o.s.b.a.condition.OnBeanCondition        : Condition OnBeanCondition on org.springframework.boot.actuate.autoconfigure.metrics.SystemMetricsAutoConfiguration#fileDescriptorMetrics matched due to @ConditionalOnMissingBean (types: io.micrometer.core.instrument.binder.system.FileDescriptorMetrics; SearchStrategy: all) did not find any beans
2025-01-16T02:20:13.218+02:00 TRACE 25984 --- [FirstSpring] [           main] o.s.b.f.s.DefaultListableBeanFactory     : Returning cached instance of singleton bean 'autoConfigurationReport'
2025-01-16T02:20:13.218+02:00 TRACE 25984 --- [FirstSpring] [           main] a.ConfigurationClassBeanDefinitionReader : Registering bean definition for @Bean method org.springframework.boot.actuate.autoconfigure.metrics.SystemMetricsAutoConfiguration.fileDescriptorMetrics()
2025-01-16T02:20:13.219+02:00 TRACE 25984 --- [FirstSpring] [           main] o.s.b.a.condition.OnBeanCondition        : Condition OnBeanCondition on org.springframework.boot.actuate.autoconfigure.metrics.SystemMetricsAutoConfiguration#diskSpaceMetrics matched due to @ConditionalOnMissingBean (types: org.springframework.boot.actuate.metrics.system.DiskSpaceMetricsBinder; SearchStrategy: all) did not find any beans
2025-01-16T02:20:13.219+02:00 TRACE 25984 --- [FirstSpring] [           main] o.s.b.f.s.DefaultListableBeanFactory     : Returning cached instance of singleton bean 'autoConfigurationReport'
2025-01-16T02:20:13.219+02:00 TRACE 25984 --- [FirstSpring] [           main] a.ConfigurationClassBeanDefinitionReader : Registering bean definition for @Bean method org.springframework.boot.actuate.autoconfigure.metrics.SystemMetricsAutoConfiguration.diskSpaceMetrics()
2025-01-16T02:20:13.220+02:00 TRACE 25984 --- [FirstSpring] [           main] o.s.b.a.condition.OnBeanCondition        : Condition OnBeanCondition on org.springframework.boot.actuate.autoconfigure.metrics.cache.CacheMetricsAutoConfiguration did not match due to @ConditionalOnBean (types: org.springframework.cache.CacheManager; SearchStrategy: all) did not find any beans of type org.springframework.cache.CacheManager
2025-01-16T02:20:13.220+02:00 TRACE 25984 --- [FirstSpring] [           main] o.s.b.f.s.DefaultListableBeanFactory     : Returning cached instance of singleton bean 'autoConfigurationReport'
2025-01-16T02:20:13.221+02:00 TRACE 25984 --- [FirstSpring] [           main] a.ConfigurationClassBeanDefinitionReader : Registered bean definition for imported class 'org.springframework.boot.actuate.autoconfigure.metrics.integration.IntegrationMetricsAutoConfiguration'
2025-01-16T02:20:13.221+02:00 TRACE 25984 --- [FirstSpring] [           main] o.s.b.a.condition.OnClassCondition       : Condition OnClassCondition on org.springframework.boot.actuate.autoconfigure.metrics.jdbc.DataSourcePoolMetricsAutoConfiguration matched due to @ConditionalOnClass found required classes 'javax.sql.DataSource', 'io.micrometer.core.instrument.MeterRegistry'
2025-01-16T02:20:13.221+02:00 TRACE 25984 --- [FirstSpring] [           main] o.s.b.f.s.DefaultListableBeanFactory     : Returning cached instance of singleton bean 'autoConfigurationReport'
2025-01-16T02:20:13.223+02:00 TRACE 25984 --- [FirstSpring] [           main] o.s.b.a.condition.OnBeanCondition        : Condition OnBeanCondition on org.springframework.boot.actuate.autoconfigure.metrics.jdbc.DataSourcePoolMetricsAutoConfiguration did not match due to @ConditionalOnBean (types: javax.sql.DataSource,io.micrometer.core.instrument.MeterRegistry; SearchStrategy: all) did not find any beans of type javax.sql.DataSource
2025-01-16T02:20:13.223+02:00 TRACE 25984 --- [FirstSpring] [           main] o.s.b.f.s.DefaultListableBeanFactory     : Returning cached instance of singleton bean 'autoConfigurationReport'
2025-01-16T02:20:13.223+02:00 TRACE 25984 --- [FirstSpring] [           main] o.s.b.a.condition.OnClassCondition       : Condition OnClassCondition on org.springframework.boot.actuate.autoconfigure.metrics.startup.StartupTimeMetricsListenerAutoConfiguration matched due to @ConditionalOnClass found required class 'io.micrometer.core.instrument.MeterRegistry'
2025-01-16T02:20:13.223+02:00 TRACE 25984 --- [FirstSpring] [           main] o.s.b.f.s.DefaultListableBeanFactory     : Returning cached instance of singleton bean 'autoConfigurationReport'
2025-01-16T02:20:13.224+02:00 TRACE 25984 --- [FirstSpring] [           main] o.s.b.a.condition.OnBeanCondition        : Condition OnBeanCondition on org.springframework.boot.actuate.autoconfigure.metrics.startup.StartupTimeMetricsListenerAutoConfiguration matched due to @ConditionalOnBean (types: io.micrometer.core.instrument.MeterRegistry; SearchStrategy: all) found bean 'simpleMeterRegistry'
2025-01-16T02:20:13.224+02:00 TRACE 25984 --- [FirstSpring] [           main] o.s.b.f.s.DefaultListableBeanFactory     : Returning cached instance of singleton bean 'autoConfigurationReport'
2025-01-16T02:20:13.224+02:00 TRACE 25984 --- [FirstSpring] [           main] a.ConfigurationClassBeanDefinitionReader : Registered bean definition for imported class 'org.springframework.boot.actuate.autoconfigure.metrics.startup.StartupTimeMetricsListenerAutoConfiguration'
2025-01-16T02:20:13.227+02:00 TRACE 25984 --- [FirstSpring] [           main] o.s.b.a.condition.OnBeanCondition        : Condition OnBeanCondition on org.springframework.boot.actuate.autoconfigure.metrics.startup.StartupTimeMetricsListenerAutoConfiguration#startupTimeMetrics matched due to @ConditionalOnMissingBean (types: org.springframework.boot.actuate.metrics.startup.StartupTimeMetricsListener; SearchStrategy: all) did not find any beans
2025-01-16T02:20:13.227+02:00 TRACE 25984 --- [FirstSpring] [           main] o.s.b.f.s.DefaultListableBeanFactory     : Returning cached instance of singleton bean 'autoConfigurationReport'
2025-01-16T02:20:13.227+02:00 TRACE 25984 --- [FirstSpring] [           main] a.ConfigurationClassBeanDefinitionReader : Registering bean definition for @Bean method org.springframework.boot.actuate.autoconfigure.metrics.startup.StartupTimeMetricsListenerAutoConfiguration.startupTimeMetrics()
2025-01-16T02:20:13.227+02:00 TRACE 25984 --- [FirstSpring] [           main] o.s.b.a.condition.OnClassCondition       : Condition OnClassCondition on org.springframework.boot.autoconfigure.task.TaskSchedulingAutoConfiguration matched due to @ConditionalOnClass found required class 'org.springframework.scheduling.concurrent.ThreadPoolTaskScheduler'
2025-01-16T02:20:13.227+02:00 TRACE 25984 --- [FirstSpring] [           main] o.s.b.f.s.DefaultListableBeanFactory     : Returning cached instance of singleton bean 'autoConfigurationReport'
2025-01-16T02:20:13.227+02:00 TRACE 25984 --- [FirstSpring] [           main] a.ConfigurationClassBeanDefinitionReader : Registered bean definition for imported class 'org.springframework.boot.autoconfigure.task.TaskSchedulingConfigurations$ThreadPoolTaskSchedulerBuilderConfiguration'
2025-01-16T02:20:13.230+02:00 TRACE 25984 --- [FirstSpring] [           main] o.s.b.a.condition.OnBeanCondition        : Condition OnBeanCondition on org.springframework.boot.autoconfigure.task.TaskSchedulingConfigurations$ThreadPoolTaskSchedulerBuilderConfiguration#threadPoolTaskSchedulerBuilder matched due to @ConditionalOnMissingBean (types: org.springframework.boot.task.ThreadPoolTaskSchedulerBuilder; SearchStrategy: all) did not find any beans
2025-01-16T02:20:13.230+02:00 TRACE 25984 --- [FirstSpring] [           main] o.s.b.f.s.DefaultListableBeanFactory     : Returning cached instance of singleton bean 'autoConfigurationReport'
2025-01-16T02:20:13.231+02:00 TRACE 25984 --- [FirstSpring] [           main] a.ConfigurationClassBeanDefinitionReader : Registering bean definition for @Bean method org.springframework.boot.autoconfigure.task.TaskSchedulingConfigurations$ThreadPoolTaskSchedulerBuilderConfiguration.threadPoolTaskSchedulerBuilder()
2025-01-16T02:20:13.231+02:00 TRACE 25984 --- [FirstSpring] [           main] a.ConfigurationClassBeanDefinitionReader : Registered bean definition for imported class 'org.springframework.boot.autoconfigure.task.TaskSchedulingConfigurations$SimpleAsyncTaskSchedulerBuilderConfiguration'
2025-01-16T02:20:13.234+02:00 TRACE 25984 --- [FirstSpring] [           main] o.s.b.a.condition.OnBeanCondition        : Condition OnBeanCondition on org.springframework.boot.autoconfigure.task.TaskSchedulingConfigurations$SimpleAsyncTaskSchedulerBuilderConfiguration#simpleAsyncTaskSchedulerBuilder matched due to @ConditionalOnMissingBean (types: org.springframework.boot.task.SimpleAsyncTaskSchedulerBuilder; SearchStrategy: all) did not find any beans
2025-01-16T02:20:13.234+02:00 TRACE 25984 --- [FirstSpring] [           main] o.s.b.f.s.DefaultListableBeanFactory     : Returning cached instance of singleton bean 'autoConfigurationReport'
2025-01-16T02:20:13.234+02:00 TRACE 25984 --- [FirstSpring] [           main] o.s.b.a.condition.OnThreadingCondition   : Condition OnThreadingCondition on org.springframework.boot.autoconfigure.task.TaskSchedulingConfigurations$SimpleAsyncTaskSchedulerBuilderConfiguration#simpleAsyncTaskSchedulerBuilder matched due to @ConditionalOnThreading found PLATFORM
2025-01-16T02:20:13.234+02:00 TRACE 25984 --- [FirstSpring] [           main] o.s.b.f.s.DefaultListableBeanFactory     : Returning cached instance of singleton bean 'autoConfigurationReport'
2025-01-16T02:20:13.235+02:00 TRACE 25984 --- [FirstSpring] [           main] a.ConfigurationClassBeanDefinitionReader : Registering bean definition for @Bean method org.springframework.boot.autoconfigure.task.TaskSchedulingConfigurations$SimpleAsyncTaskSchedulerBuilderConfiguration.simpleAsyncTaskSchedulerBuilder()
2025-01-16T02:20:13.236+02:00 TRACE 25984 --- [FirstSpring] [           main] o.s.b.a.condition.OnBeanCondition        : Condition OnBeanCondition on org.springframework.boot.autoconfigure.task.TaskSchedulingConfigurations$SimpleAsyncTaskSchedulerBuilderConfiguration#simpleAsyncTaskSchedulerBuilderVirtualThreads did not match due to @ConditionalOnMissingBean (types: org.springframework.boot.task.SimpleAsyncTaskSchedulerBuilder; SearchStrategy: all) found beans of type 'org.springframework.boot.task.SimpleAsyncTaskSchedulerBuilder' simpleAsyncTaskSchedulerBuilder
2025-01-16T02:20:13.236+02:00 TRACE 25984 --- [FirstSpring] [           main] o.s.b.f.s.DefaultListableBeanFactory     : Returning cached instance of singleton bean 'autoConfigurationReport'
2025-01-16T02:20:13.236+02:00 TRACE 25984 --- [FirstSpring] [           main] o.s.b.a.condition.OnBeanCondition        : Condition OnBeanCondition on org.springframework.boot.autoconfigure.task.TaskSchedulingConfigurations$TaskSchedulerConfiguration did not match due to @ConditionalOnBean (names: org.springframework.context.annotation.internalScheduledAnnotationProcessor; SearchStrategy: all) did not find any beans named org.springframework.context.annotation.internalScheduledAnnotationProcessor
2025-01-16T02:20:13.236+02:00 TRACE 25984 --- [FirstSpring] [           main] o.s.b.f.s.DefaultListableBeanFactory     : Returning cached instance of singleton bean 'autoConfigurationReport'
2025-01-16T02:20:13.238+02:00 TRACE 25984 --- [FirstSpring] [           main] a.ConfigurationClassBeanDefinitionReader : Registered bean definition for imported class 'org.springframework.boot.autoconfigure.task.TaskSchedulingAutoConfiguration'
2025-01-16T02:20:13.238+02:00 TRACE 25984 --- [FirstSpring] [           main] o.s.b.a.condition.OnBeanCondition        : Condition OnBeanCondition on org.springframework.boot.autoconfigure.task.TaskSchedulingAutoConfiguration#scheduledBeanLazyInitializationExcludeFilter did not match due to @ConditionalOnBean (names: org.springframework.context.annotation.internalScheduledAnnotationProcessor; SearchStrategy: all) did not find any beans named org.springframework.context.annotation.internalScheduledAnnotationProcessor
2025-01-16T02:20:13.238+02:00 TRACE 25984 --- [FirstSpring] [           main] o.s.b.f.s.DefaultListableBeanFactory     : Returning cached instance of singleton bean 'autoConfigurationReport'
2025-01-16T02:20:13.240+02:00 TRACE 25984 --- [FirstSpring] [           main] o.s.b.a.condition.OnClassCondition       : Condition OnClassCondition on org.springframework.boot.actuate.autoconfigure.metrics.task.TaskExecutorMetricsAutoConfiguration matched due to @ConditionalOnClass found required class 'io.micrometer.core.instrument.binder.jvm.ExecutorServiceMetrics'
2025-01-16T02:20:13.240+02:00 TRACE 25984 --- [FirstSpring] [           main] o.s.b.f.s.DefaultListableBeanFactory     : Returning cached instance of singleton bean 'autoConfigurationReport'
2025-01-16T02:20:13.242+02:00 TRACE 25984 --- [FirstSpring] [           main] o.s.b.a.condition.OnBeanCondition        : Condition OnBeanCondition on org.springframework.boot.actuate.autoconfigure.metrics.task.TaskExecutorMetricsAutoConfiguration matched due to @ConditionalOnBean (types: java.util.concurrent.Executor,io.micrometer.core.instrument.MeterRegistry; SearchStrategy: all) found beans 'applicationTaskExecutor', 'simpleMeterRegistry'
2025-01-16T02:20:13.242+02:00 TRACE 25984 --- [FirstSpring] [           main] o.s.b.f.s.DefaultListableBeanFactory     : Returning cached instance of singleton bean 'autoConfigurationReport'
2025-01-16T02:20:13.242+02:00 TRACE 25984 --- [FirstSpring] [           main] a.ConfigurationClassBeanDefinitionReader : Registered bean definition for imported class 'org.springframework.boot.actuate.autoconfigure.metrics.task.TaskExecutorMetricsAutoConfiguration'
2025-01-16T02:20:13.242+02:00 TRACE 25984 --- [FirstSpring] [           main] a.ConfigurationClassBeanDefinitionReader : Registering bean definition for @Bean method org.springframework.boot.actuate.autoconfigure.metrics.task.TaskExecutorMetricsAutoConfiguration.eagerTaskExecutorMetrics()
2025-01-16T02:20:13.242+02:00 TRACE 25984 --- [FirstSpring] [           main] o.s.b.a.condition.OnClassCondition       : Condition OnClassCondition on org.springframework.boot.actuate.autoconfigure.metrics.web.tomcat.TomcatMetricsAutoConfiguration matched due to @ConditionalOnClass found required classes 'io.micrometer.core.instrument.binder.tomcat.TomcatMetrics', 'org.apache.catalina.Manager'
2025-01-16T02:20:13.242+02:00 TRACE 25984 --- [FirstSpring] [           main] o.s.b.f.s.DefaultListableBeanFactory     : Returning cached instance of singleton bean 'autoConfigurationReport'
2025-01-16T02:20:13.243+02:00 TRACE 25984 --- [FirstSpring] [           main] o.s.b.a.c.OnWebApplicationCondition      : Condition OnWebApplicationCondition on org.springframework.boot.actuate.autoconfigure.metrics.web.tomcat.TomcatMetricsAutoConfiguration matched due to @ConditionalOnWebApplication (required) found 'session' scope
2025-01-16T02:20:13.243+02:00 TRACE 25984 --- [FirstSpring] [           main] o.s.b.f.s.DefaultListableBeanFactory     : Returning cached instance of singleton bean 'autoConfigurationReport'
2025-01-16T02:20:13.243+02:00 TRACE 25984 --- [FirstSpring] [           main] a.ConfigurationClassBeanDefinitionReader : Registered bean definition for imported class 'org.springframework.boot.actuate.autoconfigure.metrics.web.tomcat.TomcatMetricsAutoConfiguration'
2025-01-16T02:20:13.246+02:00 TRACE 25984 --- [FirstSpring] [           main] o.s.b.a.condition.OnBeanCondition        : Condition OnBeanCondition on org.springframework.boot.actuate.autoconfigure.metrics.web.tomcat.TomcatMetricsAutoConfiguration#tomcatMetricsBinder matched due to @ConditionalOnBean (types: io.micrometer.core.instrument.MeterRegistry; SearchStrategy: all) found bean 'simpleMeterRegistry'; @ConditionalOnMissingBean (types: io.micrometer.core.instrument.binder.tomcat.TomcatMetrics,org.springframework.boot.actuate.metrics.web.tomcat.TomcatMetricsBinder; SearchStrategy: all) did not find any beans
2025-01-16T02:20:13.246+02:00 TRACE 25984 --- [FirstSpring] [           main] o.s.b.f.s.DefaultListableBeanFactory     : Returning cached instance of singleton bean 'autoConfigurationReport'
2025-01-16T02:20:13.247+02:00 TRACE 25984 --- [FirstSpring] [           main] o.s.b.a.condition.OnBeanCondition        : Condition OnBeanCondition on org.springframework.boot.actuate.autoconfigure.metrics.web.tomcat.TomcatMetricsAutoConfiguration#tomcatMetricsBinder matched due to @ConditionalOnBean (types: io.micrometer.core.instrument.MeterRegistry; SearchStrategy: all) found bean 'simpleMeterRegistry'; @ConditionalOnMissingBean (types: io.micrometer.core.instrument.binder.tomcat.TomcatMetrics,org.springframework.boot.actuate.metrics.web.tomcat.TomcatMetricsBinder; SearchStrategy: all) did not find any beans
2025-01-16T02:20:13.247+02:00 TRACE 25984 --- [FirstSpring] [           main] o.s.b.f.s.DefaultListableBeanFactory     : Returning cached instance of singleton bean 'autoConfigurationReport'
2025-01-16T02:20:13.247+02:00 TRACE 25984 --- [FirstSpring] [           main] a.ConfigurationClassBeanDefinitionReader : Registering bean definition for @Bean method org.springframework.boot.actuate.autoconfigure.metrics.web.tomcat.TomcatMetricsAutoConfiguration.tomcatMetricsBinder()
2025-01-16T02:20:13.247+02:00 TRACE 25984 --- [FirstSpring] [           main] o.s.b.a.condition.OnClassCondition       : Condition OnClassCondition on org.springframework.boot.actuate.autoconfigure.observation.ObservationAutoConfiguration matched due to @ConditionalOnClass found required class 'io.micrometer.observation.ObservationRegistry'
2025-01-16T02:20:13.247+02:00 TRACE 25984 --- [FirstSpring] [           main] o.s.b.f.s.DefaultListableBeanFactory     : Returning cached instance of singleton bean 'autoConfigurationReport'
2025-01-16T02:20:13.249+02:00 TRACE 25984 --- [FirstSpring] [           main] o.s.b.a.condition.OnBeanCondition        : Condition OnBeanCondition on org.springframework.boot.actuate.autoconfigure.observation.ObservationAutoConfiguration$MeterObservationHandlerConfiguration matched due to @ConditionalOnBean (types: io.micrometer.core.instrument.MeterRegistry; SearchStrategy: all) found bean 'simpleMeterRegistry'; @ConditionalOnMissingBean (types: io.micrometer.core.instrument.observation.MeterObservationHandler; SearchStrategy: all) did not find any beans
2025-01-16T02:20:13.249+02:00 TRACE 25984 --- [FirstSpring] [           main] o.s.b.f.s.DefaultListableBeanFactory     : Returning cached instance of singleton bean 'autoConfigurationReport'
2025-01-16T02:20:13.250+02:00 TRACE 25984 --- [FirstSpring] [           main] o.s.b.a.condition.OnBeanCondition        : Condition OnBeanCondition on org.springframework.boot.actuate.autoconfigure.observation.ObservationAutoConfiguration$MeterObservationHandlerConfiguration matched due to @ConditionalOnBean (types: io.micrometer.core.instrument.MeterRegistry; SearchStrategy: all) found bean 'simpleMeterRegistry'; @ConditionalOnMissingBean (types: io.micrometer.core.instrument.observation.MeterObservationHandler; SearchStrategy: all) did not find any beans
2025-01-16T02:20:13.250+02:00 TRACE 25984 --- [FirstSpring] [           main] o.s.b.f.s.DefaultListableBeanFactory     : Returning cached instance of singleton bean 'autoConfigurationReport'
2025-01-16T02:20:13.251+02:00 TRACE 25984 --- [FirstSpring] [           main] o.s.b.a.condition.OnBeanCondition        : Condition OnBeanCondition on org.springframework.boot.actuate.autoconfigure.observation.ObservationAutoConfiguration$MeterObservationHandlerConfiguration$TracingAndMetricsObservationHandlerConfiguration did not match due to @ConditionalOnBean (types: io.micrometer.tracing.Tracer; SearchStrategy: all) did not find any beans of type io.micrometer.tracing.Tracer
2025-01-16T02:20:13.251+02:00 TRACE 25984 --- [FirstSpring] [           main] o.s.b.f.s.DefaultListableBeanFactory     : Returning cached instance of singleton bean 'autoConfigurationReport'
2025-01-16T02:20:13.251+02:00 TRACE 25984 --- [FirstSpring] [           main] o.s.b.a.condition.OnBeanCondition        : Condition OnBeanCondition on org.springframework.boot.actuate.autoconfigure.observation.ObservationAutoConfiguration$MeterObservationHandlerConfiguration$OnlyMetricsMeterObservationHandlerConfiguration matched due to @ConditionalOnMissingBean (types: io.micrometer.tracing.Tracer; SearchStrategy: all) did not find any beans
2025-01-16T02:20:13.251+02:00 TRACE 25984 --- [FirstSpring] [           main] o.s.b.f.s.DefaultListableBeanFactory     : Returning cached instance of singleton bean 'autoConfigurationReport'
2025-01-16T02:20:13.251+02:00 TRACE 25984 --- [FirstSpring] [           main] a.ConfigurationClassBeanDefinitionReader : Registered bean definition for imported class 'org.springframework.boot.actuate.autoconfigure.observation.ObservationAutoConfiguration$MeterObservationHandlerConfiguration$OnlyMetricsMeterObservationHandlerConfiguration'
2025-01-16T02:20:13.251+02:00 TRACE 25984 --- [FirstSpring] [           main] a.ConfigurationClassBeanDefinitionReader : Registering bean definition for @Bean method org.springframework.boot.actuate.autoconfigure.observation.ObservationAutoConfiguration$MeterObservationHandlerConfiguration$OnlyMetricsMeterObservationHandlerConfiguration.defaultMeterObservationHandler()
2025-01-16T02:20:13.252+02:00 TRACE 25984 --- [FirstSpring] [           main] a.ConfigurationClassBeanDefinitionReader : Registered bean definition for imported class 'org.springframework.boot.actuate.autoconfigure.observation.ObservationAutoConfiguration$MeterObservationHandlerConfiguration'
2025-01-16T02:20:13.252+02:00 TRACE 25984 --- [FirstSpring] [           main] o.s.b.a.condition.OnClassCondition       : Condition OnClassCondition on org.springframework.boot.actuate.autoconfigure.observation.ObservationAutoConfiguration$OnlyMetricsConfiguration matched due to @ConditionalOnClass found required class 'io.micrometer.core.instrument.MeterRegistry'; @ConditionalOnMissingClass did not find unwanted class 'io.micrometer.tracing.Tracer'
2025-01-16T02:20:13.252+02:00 TRACE 25984 --- [FirstSpring] [           main] o.s.b.f.s.DefaultListableBeanFactory     : Returning cached instance of singleton bean 'autoConfigurationReport'
2025-01-16T02:20:13.252+02:00 TRACE 25984 --- [FirstSpring] [           main] o.s.b.a.condition.OnClassCondition       : Condition OnClassCondition on org.springframework.boot.actuate.autoconfigure.observation.ObservationAutoConfiguration$OnlyMetricsConfiguration matched due to @ConditionalOnClass found required class 'io.micrometer.core.instrument.MeterRegistry'; @ConditionalOnMissingClass did not find unwanted class 'io.micrometer.tracing.Tracer'
2025-01-16T02:20:13.252+02:00 TRACE 25984 --- [FirstSpring] [           main] o.s.b.f.s.DefaultListableBeanFactory     : Returning cached instance of singleton bean 'autoConfigurationReport'
2025-01-16T02:20:13.252+02:00 TRACE 25984 --- [FirstSpring] [           main] a.ConfigurationClassBeanDefinitionReader : Registered bean definition for imported class 'org.springframework.boot.actuate.autoconfigure.observation.ObservationAutoConfiguration$OnlyMetricsConfiguration'
2025-01-16T02:20:13.252+02:00 TRACE 25984 --- [FirstSpring] [           main] a.ConfigurationClassBeanDefinitionReader : Registering bean definition for @Bean method org.springframework.boot.actuate.autoconfigure.observation.ObservationAutoConfiguration$OnlyMetricsConfiguration.metricsObservationHandlerGrouping()
2025-01-16T02:20:13.255+02:00 TRACE 25984 --- [FirstSpring] [           main] a.ConfigurationClassBeanDefinitionReader : Registered bean definition for imported class 'org.springframework.boot.actuate.autoconfigure.observation.ObservationAutoConfiguration'
2025-01-16T02:20:13.255+02:00 TRACE 25984 --- [FirstSpring] [           main] a.ConfigurationClassBeanDefinitionReader : Registering bean definition for @Bean method org.springframework.boot.actuate.autoconfigure.observation.ObservationAutoConfiguration.observationRegistryPostProcessor()
2025-01-16T02:20:13.260+02:00 TRACE 25984 --- [FirstSpring] [           main] o.s.b.a.condition.OnBeanCondition        : Condition OnBeanCondition on org.springframework.boot.actuate.autoconfigure.observation.ObservationAutoConfiguration#observationRegistry matched due to @ConditionalOnMissingBean (types: io.micrometer.observation.ObservationRegistry; SearchStrategy: all) did not find any beans
2025-01-16T02:20:13.260+02:00 TRACE 25984 --- [FirstSpring] [           main] o.s.b.f.s.DefaultListableBeanFactory     : Returning cached instance of singleton bean 'autoConfigurationReport'
2025-01-16T02:20:13.260+02:00 TRACE 25984 --- [FirstSpring] [           main] a.ConfigurationClassBeanDefinitionReader : Registering bean definition for @Bean method org.springframework.boot.actuate.autoconfigure.observation.ObservationAutoConfiguration.observationRegistry()
2025-01-16T02:20:13.260+02:00 TRACE 25984 --- [FirstSpring] [           main] a.ConfigurationClassBeanDefinitionReader : Registering bean definition for @Bean method org.springframework.boot.actuate.autoconfigure.observation.ObservationAutoConfiguration.propertiesObservationFilter()
2025-01-16T02:20:13.262+02:00 TRACE 25984 --- [FirstSpring] [           main] o.s.b.a.condition.OnClassCondition       : Condition OnClassCondition on org.springframework.boot.autoconfigure.http.HttpMessageConvertersAutoConfiguration matched due to @ConditionalOnClass found required class 'org.springframework.http.converter.HttpMessageConverter'
2025-01-16T02:20:13.262+02:00 TRACE 25984 --- [FirstSpring] [           main] o.s.b.f.s.DefaultListableBeanFactory     : Returning cached instance of singleton bean 'autoConfigurationReport'
2025-01-16T02:20:13.262+02:00 TRACE 25984 --- [FirstSpring] [           main] o.s.b.a.condition.OnClassCondition       : Condition OnClassCondition on org.springframework.boot.autoconfigure.http.HttpMessageConvertersAutoConfiguration$StringHttpMessageConverterConfiguration matched due to @ConditionalOnClass found required class 'org.springframework.http.converter.StringHttpMessageConverter'
2025-01-16T02:20:13.262+02:00 TRACE 25984 --- [FirstSpring] [           main] o.s.b.f.s.DefaultListableBeanFactory     : Returning cached instance of singleton bean 'autoConfigurationReport'
2025-01-16T02:20:13.262+02:00 TRACE 25984 --- [FirstSpring] [           main] a.ConfigurationClassBeanDefinitionReader : Registered bean definition for imported class 'org.springframework.boot.autoconfigure.http.HttpMessageConvertersAutoConfiguration$StringHttpMessageConverterConfiguration'
2025-01-16T02:20:13.264+02:00 TRACE 25984 --- [FirstSpring] [           main] o.s.b.a.condition.OnBeanCondition        : Condition OnBeanCondition on org.springframework.boot.autoconfigure.http.HttpMessageConvertersAutoConfiguration$StringHttpMessageConverterConfiguration#stringHttpMessageConverter matched due to @ConditionalOnMissingBean (types: org.springframework.http.converter.StringHttpMessageConverter; SearchStrategy: all) did not find any beans
2025-01-16T02:20:13.264+02:00 TRACE 25984 --- [FirstSpring] [           main] o.s.b.f.s.DefaultListableBeanFactory     : Returning cached instance of singleton bean 'autoConfigurationReport'
2025-01-16T02:20:13.265+02:00 TRACE 25984 --- [FirstSpring] [           main] a.ConfigurationClassBeanDefinitionReader : Registering bean definition for @Bean method org.springframework.boot.autoconfigure.http.HttpMessageConvertersAutoConfiguration$StringHttpMessageConverterConfiguration.stringHttpMessageConverter()
2025-01-16T02:20:13.265+02:00 TRACE 25984 --- [FirstSpring] [           main] o.s.b.a.condition.OnClassCondition       : Condition OnClassCondition on org.springframework.boot.autoconfigure.http.JacksonHttpMessageConvertersConfiguration$MappingJackson2HttpMessageConverterConfiguration matched due to @ConditionalOnClass found required class 'com.fasterxml.jackson.databind.ObjectMapper'
2025-01-16T02:20:13.265+02:00 TRACE 25984 --- [FirstSpring] [           main] o.s.b.f.s.DefaultListableBeanFactory     : Returning cached instance of singleton bean 'autoConfigurationReport'
2025-01-16T02:20:13.265+02:00 TRACE 25984 --- [FirstSpring] [           main] o.s.b.a.condition.OnPropertyCondition    : Condition OnPropertyCondition on org.springframework.boot.autoconfigure.http.JacksonHttpMessageConvertersConfiguration$MappingJackson2HttpMessageConverterConfiguration matched due to @ConditionalOnProperty (spring.mvc.converters.preferred-json-mapper=jackson) matched
2025-01-16T02:20:13.265+02:00 TRACE 25984 --- [FirstSpring] [           main] o.s.b.f.s.DefaultListableBeanFactory     : Returning cached instance of singleton bean 'autoConfigurationReport'
2025-01-16T02:20:13.266+02:00 TRACE 25984 --- [FirstSpring] [           main] o.s.b.a.condition.OnBeanCondition        : Condition OnBeanCondition on org.springframework.boot.autoconfigure.http.JacksonHttpMessageConvertersConfiguration$MappingJackson2HttpMessageConverterConfiguration matched due to @ConditionalOnBean (types: com.fasterxml.jackson.databind.ObjectMapper; SearchStrategy: all) found bean 'jacksonObjectMapper'
2025-01-16T02:20:13.267+02:00 TRACE 25984 --- [FirstSpring] [           main] o.s.b.f.s.DefaultListableBeanFactory     : Returning cached instance of singleton bean 'autoConfigurationReport'
2025-01-16T02:20:13.267+02:00 TRACE 25984 --- [FirstSpring] [           main] a.ConfigurationClassBeanDefinitionReader : Registered bean definition for imported class 'org.springframework.boot.autoconfigure.http.JacksonHttpMessageConvertersConfiguration$MappingJackson2HttpMessageConverterConfiguration'
2025-01-16T02:20:13.268+02:00 TRACE 25984 --- [FirstSpring] [           main] o.s.b.a.condition.OnBeanCondition        : Condition OnBeanCondition on org.springframework.boot.autoconfigure.http.JacksonHttpMessageConvertersConfiguration$MappingJackson2HttpMessageConverterConfiguration#mappingJackson2HttpMessageConverter matched due to @ConditionalOnMissingBean (types: org.springframework.http.converter.json.MappingJackson2HttpMessageConverter ignored: org.springframework.hateoas.server.mvc.TypeConstrainedMappingJackson2HttpMessageConverter,org.springframework.data.rest.webmvc.alps.AlpsJsonHttpMessageConverter; SearchStrategy: all) did not find any beans
2025-01-16T02:20:13.268+02:00 TRACE 25984 --- [FirstSpring] [           main] o.s.b.f.s.DefaultListableBeanFactory     : Returning cached instance of singleton bean 'autoConfigurationReport'
2025-01-16T02:20:13.268+02:00 TRACE 25984 --- [FirstSpring] [           main] a.ConfigurationClassBeanDefinitionReader : Registering bean definition for @Bean method org.springframework.boot.autoconfigure.http.JacksonHttpMessageConvertersConfiguration$MappingJackson2HttpMessageConverterConfiguration.mappingJackson2HttpMessageConverter()
2025-01-16T02:20:13.268+02:00 TRACE 25984 --- [FirstSpring] [           main] a.ConfigurationClassBeanDefinitionReader : Registered bean definition for imported class 'org.springframework.boot.autoconfigure.http.JacksonHttpMessageConvertersConfiguration'
2025-01-16T02:20:13.271+02:00 TRACE 25984 --- [FirstSpring] [           main] a.ConfigurationClassBeanDefinitionReader : Registered bean definition for imported class 'org.springframework.boot.autoconfigure.http.HttpMessageConvertersAutoConfiguration'
2025-01-16T02:20:13.273+02:00 TRACE 25984 --- [FirstSpring] [           main] o.s.b.a.condition.OnBeanCondition        : Condition OnBeanCondition on org.springframework.boot.autoconfigure.http.HttpMessageConvertersAutoConfiguration#messageConverters matched due to @ConditionalOnMissingBean (types: org.springframework.boot.autoconfigure.http.HttpMessageConverters; SearchStrategy: all) did not find any beans
2025-01-16T02:20:13.274+02:00 TRACE 25984 --- [FirstSpring] [           main] o.s.b.f.s.DefaultListableBeanFactory     : Returning cached instance of singleton bean 'autoConfigurationReport'
2025-01-16T02:20:13.274+02:00 TRACE 25984 --- [FirstSpring] [           main] a.ConfigurationClassBeanDefinitionReader : Registering bean definition for @Bean method org.springframework.boot.autoconfigure.http.HttpMessageConvertersAutoConfiguration.messageConverters()
2025-01-16T02:20:13.274+02:00 TRACE 25984 --- [FirstSpring] [           main] o.s.b.a.condition.OnClassCondition       : Condition OnClassCondition on org.springframework.boot.autoconfigure.http.client.HttpClientAutoConfiguration matched due to @ConditionalOnClass found required class 'org.springframework.http.client.ClientHttpRequestFactory'
2025-01-16T02:20:13.274+02:00 TRACE 25984 --- [FirstSpring] [           main] o.s.b.f.s.DefaultListableBeanFactory     : Returning cached instance of singleton bean 'autoConfigurationReport'
2025-01-16T02:20:13.275+02:00 TRACE 25984 --- [FirstSpring] [           main] a.ConfigurationClassBeanDefinitionReader : Registered bean definition for imported class 'org.springframework.boot.autoconfigure.http.client.HttpClientAutoConfiguration'
2025-01-16T02:20:13.278+02:00 TRACE 25984 --- [FirstSpring] [           main] o.s.b.a.condition.OnBeanCondition        : Condition OnBeanCondition on org.springframework.boot.autoconfigure.http.client.HttpClientAutoConfiguration#clientHttpRequestFactoryBuilder matched due to @ConditionalOnMissingBean (types: org.springframework.boot.http.client.ClientHttpRequestFactoryBuilder; SearchStrategy: all) did not find any beans
2025-01-16T02:20:13.278+02:00 TRACE 25984 --- [FirstSpring] [           main] o.s.b.f.s.DefaultListableBeanFactory     : Returning cached instance of singleton bean 'autoConfigurationReport'
2025-01-16T02:20:13.278+02:00 TRACE 25984 --- [FirstSpring] [           main] a.ConfigurationClassBeanDefinitionReader : Registering bean definition for @Bean method org.springframework.boot.autoconfigure.http.client.HttpClientAutoConfiguration.clientHttpRequestFactoryBuilder()
2025-01-16T02:20:13.279+02:00 TRACE 25984 --- [FirstSpring] [           main] o.s.b.a.condition.OnBeanCondition        : Condition OnBeanCondition on org.springframework.boot.autoconfigure.http.client.HttpClientAutoConfiguration#clientHttpRequestFactorySettings matched due to @ConditionalOnMissingBean (types: org.springframework.boot.http.client.ClientHttpRequestFactorySettings; SearchStrategy: all) did not find any beans
2025-01-16T02:20:13.279+02:00 TRACE 25984 --- [FirstSpring] [           main] o.s.b.f.s.DefaultListableBeanFactory     : Returning cached instance of singleton bean 'autoConfigurationReport'
2025-01-16T02:20:13.279+02:00 TRACE 25984 --- [FirstSpring] [           main] a.ConfigurationClassBeanDefinitionReader : Registering bean definition for @Bean method org.springframework.boot.autoconfigure.http.client.HttpClientAutoConfiguration.clientHttpRequestFactorySettings()
2025-01-16T02:20:13.280+02:00 TRACE 25984 --- [FirstSpring] [           main] o.s.b.a.condition.OnClassCondition       : Condition OnClassCondition on org.springframework.boot.autoconfigure.web.client.RestClientAutoConfiguration matched due to @ConditionalOnClass found required class 'org.springframework.web.client.RestClient'
2025-01-16T02:20:13.280+02:00 TRACE 25984 --- [FirstSpring] [           main] o.s.b.f.s.DefaultListableBeanFactory     : Returning cached instance of singleton bean 'autoConfigurationReport'
2025-01-16T02:20:13.280+02:00 TRACE 25984 --- [FirstSpring] [           main] a.ConfigurationClassBeanDefinitionReader : Registered bean definition for imported class 'org.springframework.boot.autoconfigure.web.client.RestClientAutoConfiguration'
2025-01-16T02:20:13.282+02:00 TRACE 25984 --- [FirstSpring] [           main] o.s.b.a.condition.OnBeanCondition        : Condition OnBeanCondition on org.springframework.boot.autoconfigure.web.client.RestClientAutoConfiguration#httpMessageConvertersRestClientCustomizer matched due to @ConditionalOnMissingBean (types: org.springframework.boot.autoconfigure.web.client.HttpMessageConvertersRestClientCustomizer; SearchStrategy: all) did not find any beans
2025-01-16T02:20:13.282+02:00 TRACE 25984 --- [FirstSpring] [           main] o.s.b.f.s.DefaultListableBeanFactory     : Returning cached instance of singleton bean 'autoConfigurationReport'
2025-01-16T02:20:13.282+02:00 TRACE 25984 --- [FirstSpring] [           main] a.ConfigurationClassBeanDefinitionReader : Registering bean definition for @Bean method org.springframework.boot.autoconfigure.web.client.RestClientAutoConfiguration.httpMessageConvertersRestClientCustomizer()
2025-01-16T02:20:13.283+02:00 TRACE 25984 --- [FirstSpring] [           main] o.s.b.a.condition.OnBeanCondition        : Condition OnBeanCondition on org.springframework.boot.autoconfigure.web.client.RestClientAutoConfiguration#restClientSsl matched due to @ConditionalOnBean (types: org.springframework.boot.ssl.SslBundles; SearchStrategy: all) found bean 'sslBundleRegistry'; @ConditionalOnMissingBean (types: org.springframework.boot.autoconfigure.web.client.RestClientSsl; SearchStrategy: all) did not find any beans
2025-01-16T02:20:13.283+02:00 TRACE 25984 --- [FirstSpring] [           main] o.s.b.f.s.DefaultListableBeanFactory     : Returning cached instance of singleton bean 'autoConfigurationReport'
2025-01-16T02:20:13.284+02:00 TRACE 25984 --- [FirstSpring] [           main] o.s.b.a.condition.OnBeanCondition        : Condition OnBeanCondition on org.springframework.boot.autoconfigure.web.client.RestClientAutoConfiguration#restClientSsl matched due to @ConditionalOnBean (types: org.springframework.boot.ssl.SslBundles; SearchStrategy: all) found bean 'sslBundleRegistry'; @ConditionalOnMissingBean (types: org.springframework.boot.autoconfigure.web.client.RestClientSsl; SearchStrategy: all) did not find any beans
2025-01-16T02:20:13.284+02:00 TRACE 25984 --- [FirstSpring] [           main] o.s.b.f.s.DefaultListableBeanFactory     : Returning cached instance of singleton bean 'autoConfigurationReport'
2025-01-16T02:20:13.284+02:00 TRACE 25984 --- [FirstSpring] [           main] a.ConfigurationClassBeanDefinitionReader : Registering bean definition for @Bean method org.springframework.boot.autoconfigure.web.client.RestClientAutoConfiguration.restClientSsl()
2025-01-16T02:20:13.285+02:00 TRACE 25984 --- [FirstSpring] [           main] o.s.b.a.condition.OnBeanCondition        : Condition OnBeanCondition on org.springframework.boot.autoconfigure.web.client.RestClientAutoConfiguration#restClientBuilderConfigurer matched due to @ConditionalOnMissingBean (types: org.springframework.boot.autoconfigure.web.client.RestClientBuilderConfigurer; SearchStrategy: all) did not find any beans
2025-01-16T02:20:13.285+02:00 TRACE 25984 --- [FirstSpring] [           main] o.s.b.f.s.DefaultListableBeanFactory     : Returning cached instance of singleton bean 'autoConfigurationReport'
2025-01-16T02:20:13.285+02:00 TRACE 25984 --- [FirstSpring] [           main] a.ConfigurationClassBeanDefinitionReader : Registering bean definition for @Bean method org.springframework.boot.autoconfigure.web.client.RestClientAutoConfiguration.restClientBuilderConfigurer()
2025-01-16T02:20:13.285+02:00 TRACE 25984 --- [FirstSpring] [           main] o.s.b.a.condition.OnBeanCondition        : Condition OnBeanCondition on org.springframework.boot.autoconfigure.web.client.RestClientAutoConfiguration#restClientBuilder matched due to @ConditionalOnMissingBean (types: org.springframework.web.client.RestClient$Builder; SearchStrategy: all) did not find any beans
2025-01-16T02:20:13.285+02:00 TRACE 25984 --- [FirstSpring] [           main] o.s.b.f.s.DefaultListableBeanFactory     : Returning cached instance of singleton bean 'autoConfigurationReport'
2025-01-16T02:20:13.285+02:00 TRACE 25984 --- [FirstSpring] [           main] a.ConfigurationClassBeanDefinitionReader : Registering bean definition for @Bean method org.springframework.boot.autoconfigure.web.client.RestClientAutoConfiguration.restClientBuilder()
2025-01-16T02:20:13.285+02:00 TRACE 25984 --- [FirstSpring] [           main] o.s.b.a.condition.OnClassCondition       : Condition OnClassCondition on org.springframework.boot.autoconfigure.web.client.RestTemplateAutoConfiguration matched due to @ConditionalOnClass found required class 'org.springframework.web.client.RestTemplate'
2025-01-16T02:20:13.285+02:00 TRACE 25984 --- [FirstSpring] [           main] o.s.b.f.s.DefaultListableBeanFactory     : Returning cached instance of singleton bean 'autoConfigurationReport'
2025-01-16T02:20:13.285+02:00 TRACE 25984 --- [FirstSpring] [           main] a.ConfigurationClassBeanDefinitionReader : Registered bean definition for imported class 'org.springframework.boot.autoconfigure.web.client.RestTemplateAutoConfiguration'
2025-01-16T02:20:13.286+02:00 TRACE 25984 --- [FirstSpring] [           main] a.ConfigurationClassBeanDefinitionReader : Registering bean definition for @Bean method org.springframework.boot.autoconfigure.web.client.RestTemplateAutoConfiguration.restTemplateBuilderConfigurer()
2025-01-16T02:20:13.288+02:00 TRACE 25984 --- [FirstSpring] [           main] o.s.b.a.condition.OnBeanCondition        : Condition OnBeanCondition on org.springframework.boot.autoconfigure.web.client.RestTemplateAutoConfiguration#restTemplateBuilder matched due to @ConditionalOnMissingBean (types: org.springframework.boot.web.client.RestTemplateBuilder; SearchStrategy: all) did not find any beans
2025-01-16T02:20:13.288+02:00 TRACE 25984 --- [FirstSpring] [           main] o.s.b.f.s.DefaultListableBeanFactory     : Returning cached instance of singleton bean 'autoConfigurationReport'
2025-01-16T02:20:13.288+02:00 TRACE 25984 --- [FirstSpring] [           main] a.ConfigurationClassBeanDefinitionReader : Registering bean definition for @Bean method org.springframework.boot.autoconfigure.web.client.RestTemplateAutoConfiguration.restTemplateBuilder()
2025-01-16T02:20:13.288+02:00 TRACE 25984 --- [FirstSpring] [           main] o.s.b.a.condition.OnClassCondition       : Condition OnClassCondition on org.springframework.boot.actuate.autoconfigure.observation.web.client.HttpClientObservationsAutoConfiguration matched due to @ConditionalOnClass found required class 'io.micrometer.observation.Observation'
2025-01-16T02:20:13.288+02:00 TRACE 25984 --- [FirstSpring] [           main] o.s.b.f.s.DefaultListableBeanFactory     : Returning cached instance of singleton bean 'autoConfigurationReport'
2025-01-16T02:20:13.289+02:00 TRACE 25984 --- [FirstSpring] [           main] o.s.b.a.condition.OnBeanCondition        : Condition OnBeanCondition on org.springframework.boot.actuate.autoconfigure.observation.web.client.HttpClientObservationsAutoConfiguration matched due to @ConditionalOnBean (types: io.micrometer.observation.ObservationRegistry; SearchStrategy: all) found bean 'observationRegistry'
2025-01-16T02:20:13.289+02:00 TRACE 25984 --- [FirstSpring] [           main] o.s.b.f.s.DefaultListableBeanFactory     : Returning cached instance of singleton bean 'autoConfigurationReport'
2025-01-16T02:20:13.289+02:00 TRACE 25984 --- [FirstSpring] [           main] o.s.b.a.condition.OnClassCondition       : Condition OnClassCondition on org.springframework.boot.actuate.autoconfigure.observation.web.client.HttpClientObservationsAutoConfiguration$MeterFilterConfiguration matched due to @ConditionalOnClass found required class 'io.micrometer.core.instrument.MeterRegistry'
2025-01-16T02:20:13.289+02:00 TRACE 25984 --- [FirstSpring] [           main] o.s.b.f.s.DefaultListableBeanFactory     : Returning cached instance of singleton bean 'autoConfigurationReport'
2025-01-16T02:20:13.289+02:00 TRACE 25984 --- [FirstSpring] [           main] o.s.b.a.condition.OnBeanCondition        : Condition OnBeanCondition on org.springframework.boot.actuate.autoconfigure.observation.web.client.HttpClientObservationsAutoConfiguration$MeterFilterConfiguration matched due to @ConditionalOnBean (types: io.micrometer.core.instrument.MeterRegistry; SearchStrategy: all) found bean 'simpleMeterRegistry'
2025-01-16T02:20:13.289+02:00 TRACE 25984 --- [FirstSpring] [           main] o.s.b.f.s.DefaultListableBeanFactory     : Returning cached instance of singleton bean 'autoConfigurationReport'
2025-01-16T02:20:13.289+02:00 TRACE 25984 --- [FirstSpring] [           main] a.ConfigurationClassBeanDefinitionReader : Registered bean definition for imported class 'org.springframework.boot.actuate.autoconfigure.observation.web.client.HttpClientObservationsAutoConfiguration$MeterFilterConfiguration'
2025-01-16T02:20:13.290+02:00 TRACE 25984 --- [FirstSpring] [           main] a.ConfigurationClassBeanDefinitionReader : Registering bean definition for @Bean method org.springframework.boot.actuate.autoconfigure.observation.web.client.HttpClientObservationsAutoConfiguration$MeterFilterConfiguration.metricsHttpClientUriTagFilter()
2025-01-16T02:20:13.290+02:00 TRACE 25984 --- [FirstSpring] [           main] o.s.b.a.condition.OnClassCondition       : Condition OnClassCondition on org.springframework.boot.actuate.autoconfigure.observation.web.client.RestTemplateObservationConfiguration matched due to @ConditionalOnClass found required class 'org.springframework.web.client.RestTemplate'
2025-01-16T02:20:13.290+02:00 TRACE 25984 --- [FirstSpring] [           main] o.s.b.f.s.DefaultListableBeanFactory     : Returning cached instance of singleton bean 'autoConfigurationReport'
2025-01-16T02:20:13.291+02:00 TRACE 25984 --- [FirstSpring] [           main] o.s.b.a.condition.OnBeanCondition        : Condition OnBeanCondition on org.springframework.boot.actuate.autoconfigure.observation.web.client.RestTemplateObservationConfiguration matched due to @ConditionalOnBean (types: org.springframework.boot.web.client.RestTemplateBuilder; SearchStrategy: all) found bean 'restTemplateBuilder'
2025-01-16T02:20:13.291+02:00 TRACE 25984 --- [FirstSpring] [           main] o.s.b.f.s.DefaultListableBeanFactory     : Returning cached instance of singleton bean 'autoConfigurationReport'
2025-01-16T02:20:13.291+02:00 TRACE 25984 --- [FirstSpring] [           main] a.ConfigurationClassBeanDefinitionReader : Registered bean definition for imported class 'org.springframework.boot.actuate.autoconfigure.observation.web.client.RestTemplateObservationConfiguration'
2025-01-16T02:20:13.291+02:00 TRACE 25984 --- [FirstSpring] [           main] a.ConfigurationClassBeanDefinitionReader : Registering bean definition for @Bean method org.springframework.boot.actuate.autoconfigure.observation.web.client.RestTemplateObservationConfiguration.observationRestTemplateCustomizer()
2025-01-16T02:20:13.292+02:00 TRACE 25984 --- [FirstSpring] [           main] o.s.b.a.condition.OnClassCondition       : Condition OnClassCondition on org.springframework.boot.actuate.autoconfigure.observation.web.client.RestClientObservationConfiguration matched due to @ConditionalOnClass found required class 'org.springframework.web.client.RestClient'
2025-01-16T02:20:13.292+02:00 TRACE 25984 --- [FirstSpring] [           main] o.s.b.f.s.DefaultListableBeanFactory     : Returning cached instance of singleton bean 'autoConfigurationReport'
2025-01-16T02:20:13.295+02:00 TRACE 25984 --- [FirstSpring] [           main] o.s.b.a.condition.OnBeanCondition        : Condition OnBeanCondition on org.springframework.boot.actuate.autoconfigure.observation.web.client.RestClientObservationConfiguration matched due to @ConditionalOnBean (types: org.springframework.web.client.RestClient$Builder; SearchStrategy: all) found bean 'restClientBuilder'
2025-01-16T02:20:13.295+02:00 TRACE 25984 --- [FirstSpring] [           main] o.s.b.f.s.DefaultListableBeanFactory     : Returning cached instance of singleton bean 'autoConfigurationReport'
2025-01-16T02:20:13.295+02:00 TRACE 25984 --- [FirstSpring] [           main] a.ConfigurationClassBeanDefinitionReader : Registered bean definition for imported class 'org.springframework.boot.actuate.autoconfigure.observation.web.client.RestClientObservationConfiguration'
2025-01-16T02:20:13.295+02:00 TRACE 25984 --- [FirstSpring] [           main] a.ConfigurationClassBeanDefinitionReader : Registering bean definition for @Bean method org.springframework.boot.actuate.autoconfigure.observation.web.client.RestClientObservationConfiguration.observationRestClientCustomizer()
2025-01-16T02:20:13.296+02:00 TRACE 25984 --- [FirstSpring] [           main] a.ConfigurationClassBeanDefinitionReader : Registered bean definition for imported class 'org.springframework.boot.actuate.autoconfigure.observation.web.client.HttpClientObservationsAutoConfiguration'
2025-01-16T02:20:13.297+02:00 TRACE 25984 --- [FirstSpring] [           main] o.s.b.a.condition.OnClassCondition       : Condition OnClassCondition on org.springframework.boot.actuate.autoconfigure.observation.web.servlet.WebMvcObservationAutoConfiguration matched due to @ConditionalOnClass found required classes 'org.springframework.web.servlet.DispatcherServlet', 'io.micrometer.observation.Observation'
2025-01-16T02:20:13.297+02:00 TRACE 25984 --- [FirstSpring] [           main] o.s.b.f.s.DefaultListableBeanFactory     : Returning cached instance of singleton bean 'autoConfigurationReport'
2025-01-16T02:20:13.297+02:00 TRACE 25984 --- [FirstSpring] [           main] o.s.b.a.c.OnWebApplicationCondition      : Condition OnWebApplicationCondition on org.springframework.boot.actuate.autoconfigure.observation.web.servlet.WebMvcObservationAutoConfiguration matched due to found 'session' scope
2025-01-16T02:20:13.297+02:00 TRACE 25984 --- [FirstSpring] [           main] o.s.b.f.s.DefaultListableBeanFactory     : Returning cached instance of singleton bean 'autoConfigurationReport'
2025-01-16T02:20:13.298+02:00 TRACE 25984 --- [FirstSpring] [           main] o.s.b.a.condition.OnBeanCondition        : Condition OnBeanCondition on org.springframework.boot.actuate.autoconfigure.observation.web.servlet.WebMvcObservationAutoConfiguration matched due to @ConditionalOnBean (types: io.micrometer.observation.ObservationRegistry; SearchStrategy: all) found bean 'observationRegistry'
2025-01-16T02:20:13.298+02:00 TRACE 25984 --- [FirstSpring] [           main] o.s.b.f.s.DefaultListableBeanFactory     : Returning cached instance of singleton bean 'autoConfigurationReport'
2025-01-16T02:20:13.298+02:00 TRACE 25984 --- [FirstSpring] [           main] o.s.b.a.condition.OnClassCondition       : Condition OnClassCondition on org.springframework.boot.actuate.autoconfigure.observation.web.servlet.WebMvcObservationAutoConfiguration$MeterFilterConfiguration matched due to @ConditionalOnClass found required class 'io.micrometer.core.instrument.MeterRegistry'
2025-01-16T02:20:13.298+02:00 TRACE 25984 --- [FirstSpring] [           main] o.s.b.f.s.DefaultListableBeanFactory     : Returning cached instance of singleton bean 'autoConfigurationReport'
2025-01-16T02:20:13.298+02:00 TRACE 25984 --- [FirstSpring] [           main] o.s.b.a.condition.OnBeanCondition        : Condition OnBeanCondition on org.springframework.boot.actuate.autoconfigure.observation.web.servlet.WebMvcObservationAutoConfiguration$MeterFilterConfiguration matched due to @ConditionalOnBean (types: io.micrometer.core.instrument.MeterRegistry; SearchStrategy: all) found bean 'simpleMeterRegistry'
2025-01-16T02:20:13.298+02:00 TRACE 25984 --- [FirstSpring] [           main] o.s.b.f.s.DefaultListableBeanFactory     : Returning cached instance of singleton bean 'autoConfigurationReport'
2025-01-16T02:20:13.299+02:00 TRACE 25984 --- [FirstSpring] [           main] a.ConfigurationClassBeanDefinitionReader : Registered bean definition for imported class 'org.springframework.boot.actuate.autoconfigure.observation.web.servlet.WebMvcObservationAutoConfiguration$MeterFilterConfiguration'
2025-01-16T02:20:13.300+02:00 TRACE 25984 --- [FirstSpring] [           main] a.ConfigurationClassBeanDefinitionReader : Registering bean definition for @Bean method org.springframework.boot.actuate.autoconfigure.observation.web.servlet.WebMvcObservationAutoConfiguration$MeterFilterConfiguration.metricsHttpServerUriTagFilter()
2025-01-16T02:20:13.301+02:00 TRACE 25984 --- [FirstSpring] [           main] a.ConfigurationClassBeanDefinitionReader : Registered bean definition for imported class 'org.springframework.boot.actuate.autoconfigure.observation.web.servlet.WebMvcObservationAutoConfiguration'
2025-01-16T02:20:13.315+02:00 TRACE 25984 --- [FirstSpring] [           main] o.s.b.a.condition.OnBeanCondition        : Condition OnBeanCondition on org.springframework.boot.actuate.autoconfigure.observation.web.servlet.WebMvcObservationAutoConfiguration#webMvcObservationFilter matched due to @ConditionalOnMissingBean (types: org.springframework.web.filter.ServerHttpObservationFilter; SearchStrategy: all) did not find any beans
2025-01-16T02:20:13.315+02:00 TRACE 25984 --- [FirstSpring] [           main] o.s.b.f.s.DefaultListableBeanFactory     : Returning cached instance of singleton bean 'autoConfigurationReport'
2025-01-16T02:20:13.316+02:00 TRACE 25984 --- [FirstSpring] [           main] a.ConfigurationClassBeanDefinitionReader : Registering bean definition for @Bean method org.springframework.boot.actuate.autoconfigure.observation.web.servlet.WebMvcObservationAutoConfiguration.webMvcObservationFilter()
2025-01-16T02:20:13.317+02:00 TRACE 25984 --- [FirstSpring] [           main] s.b.a.a.e.c.OnAvailableEndpointCondition : Condition OnAvailableEndpointCondition on org.springframework.boot.actuate.autoconfigure.sbom.SbomEndpointAutoConfiguration matched due to @ConditionalOnAvailableEndpoint marked as exposed by a 'management.endpoints.web.exposure' property
2025-01-16T02:20:13.317+02:00 TRACE 25984 --- [FirstSpring] [           main] o.s.b.f.s.DefaultListableBeanFactory     : Returning cached instance of singleton bean 'autoConfigurationReport'
2025-01-16T02:20:13.320+02:00 TRACE 25984 --- [FirstSpring] [           main] a.ConfigurationClassBeanDefinitionReader : Registered bean definition for imported class 'org.springframework.boot.actuate.autoconfigure.sbom.SbomEndpointAutoConfiguration'
2025-01-16T02:20:13.321+02:00 TRACE 25984 --- [FirstSpring] [           main] o.s.b.a.condition.OnBeanCondition        : Condition OnBeanCondition on org.springframework.boot.actuate.autoconfigure.sbom.SbomEndpointAutoConfiguration#sbomEndpoint matched due to @ConditionalOnMissingBean (types: org.springframework.boot.actuate.sbom.SbomEndpoint; SearchStrategy: all) did not find any beans
2025-01-16T02:20:13.321+02:00 TRACE 25984 --- [FirstSpring] [           main] o.s.b.f.s.DefaultListableBeanFactory     : Returning cached instance of singleton bean 'autoConfigurationReport'
2025-01-16T02:20:13.321+02:00 TRACE 25984 --- [FirstSpring] [           main] a.ConfigurationClassBeanDefinitionReader : Registering bean definition for @Bean method org.springframework.boot.actuate.autoconfigure.sbom.SbomEndpointAutoConfiguration.sbomEndpoint()
2025-01-16T02:20:13.323+02:00 TRACE 25984 --- [FirstSpring] [           main] o.s.b.a.condition.OnBeanCondition        : Condition OnBeanCondition on org.springframework.boot.actuate.autoconfigure.sbom.SbomEndpointAutoConfiguration#sbomEndpointWebExtension matched due to @ConditionalOnBean (types: org.springframework.boot.actuate.sbom.SbomEndpoint; SearchStrategy: all) found bean 'sbomEndpoint'; @ConditionalOnMissingBean (types: org.springframework.boot.actuate.sbom.SbomEndpointWebExtension; SearchStrategy: all) did not find any beans
2025-01-16T02:20:13.324+02:00 TRACE 25984 --- [FirstSpring] [           main] o.s.b.f.s.DefaultListableBeanFactory     : Returning cached instance of singleton bean 'autoConfigurationReport'
2025-01-16T02:20:13.325+02:00 TRACE 25984 --- [FirstSpring] [           main] o.s.b.a.condition.OnBeanCondition        : Condition OnBeanCondition on org.springframework.boot.actuate.autoconfigure.sbom.SbomEndpointAutoConfiguration#sbomEndpointWebExtension matched due to @ConditionalOnBean (types: org.springframework.boot.actuate.sbom.SbomEndpoint; SearchStrategy: all) found bean 'sbomEndpoint'; @ConditionalOnMissingBean (types: org.springframework.boot.actuate.sbom.SbomEndpointWebExtension; SearchStrategy: all) did not find any beans
2025-01-16T02:20:13.325+02:00 TRACE 25984 --- [FirstSpring] [           main] o.s.b.f.s.DefaultListableBeanFactory     : Returning cached instance of singleton bean 'autoConfigurationReport'
2025-01-16T02:20:13.325+02:00 TRACE 25984 --- [FirstSpring] [           main] s.b.a.a.e.c.OnAvailableEndpointCondition : Condition OnAvailableEndpointCondition on org.springframework.boot.actuate.autoconfigure.sbom.SbomEndpointAutoConfiguration#sbomEndpointWebExtension matched due to @ConditionalOnAvailableEndpoint marked as exposed by a 'management.endpoints.web.exposure' property
2025-01-16T02:20:13.325+02:00 TRACE 25984 --- [FirstSpring] [           main] o.s.b.f.s.DefaultListableBeanFactory     : Returning cached instance of singleton bean 'autoConfigurationReport'
2025-01-16T02:20:13.325+02:00 TRACE 25984 --- [FirstSpring] [           main] a.ConfigurationClassBeanDefinitionReader : Registering bean definition for @Bean method org.springframework.boot.actuate.autoconfigure.sbom.SbomEndpointAutoConfiguration.sbomEndpointWebExtension()
2025-01-16T02:20:13.328+02:00 TRACE 25984 --- [FirstSpring] [           main] s.b.a.a.e.c.OnAvailableEndpointCondition : Condition OnAvailableEndpointCondition on org.springframework.boot.actuate.autoconfigure.scheduling.ScheduledTasksEndpointAutoConfiguration matched due to @ConditionalOnAvailableEndpoint marked as exposed by a 'management.endpoints.web.exposure' property
2025-01-16T02:20:13.328+02:00 TRACE 25984 --- [FirstSpring] [           main] o.s.b.f.s.DefaultListableBeanFactory     : Returning cached instance of singleton bean 'autoConfigurationReport'
2025-01-16T02:20:13.328+02:00 TRACE 25984 --- [FirstSpring] [           main] a.ConfigurationClassBeanDefinitionReader : Registered bean definition for imported class 'org.springframework.boot.actuate.autoconfigure.scheduling.ScheduledTasksEndpointAutoConfiguration'
2025-01-16T02:20:13.330+02:00 TRACE 25984 --- [FirstSpring] [           main] o.s.b.a.condition.OnBeanCondition        : Condition OnBeanCondition on org.springframework.boot.actuate.autoconfigure.scheduling.ScheduledTasksEndpointAutoConfiguration#scheduledTasksEndpoint matched due to @ConditionalOnMissingBean (types: org.springframework.boot.actuate.scheduling.ScheduledTasksEndpoint; SearchStrategy: all) did not find any beans
2025-01-16T02:20:13.330+02:00 TRACE 25984 --- [FirstSpring] [           main] o.s.b.f.s.DefaultListableBeanFactory     : Returning cached instance of singleton bean 'autoConfigurationReport'
2025-01-16T02:20:13.330+02:00 TRACE 25984 --- [FirstSpring] [           main] a.ConfigurationClassBeanDefinitionReader : Registering bean definition for @Bean method org.springframework.boot.actuate.autoconfigure.scheduling.ScheduledTasksEndpointAutoConfiguration.scheduledTasksEndpoint()
2025-01-16T02:20:13.330+02:00 TRACE 25984 --- [FirstSpring] [           main] o.s.b.a.condition.OnClassCondition       : Condition OnClassCondition on org.springframework.boot.actuate.autoconfigure.scheduling.ScheduledTasksObservabilityAutoConfiguration matched due to @ConditionalOnClass found required class 'org.springframework.scheduling.concurrent.ThreadPoolTaskScheduler'
2025-01-16T02:20:13.330+02:00 TRACE 25984 --- [FirstSpring] [           main] o.s.b.f.s.DefaultListableBeanFactory     : Returning cached instance of singleton bean 'autoConfigurationReport'
2025-01-16T02:20:13.331+02:00 TRACE 25984 --- [FirstSpring] [           main] o.s.b.a.condition.OnBeanCondition        : Condition OnBeanCondition on org.springframework.boot.actuate.autoconfigure.scheduling.ScheduledTasksObservabilityAutoConfiguration matched due to @ConditionalOnBean (types: io.micrometer.observation.ObservationRegistry; SearchStrategy: all) found bean 'observationRegistry'
2025-01-16T02:20:13.331+02:00 TRACE 25984 --- [FirstSpring] [           main] o.s.b.f.s.DefaultListableBeanFactory     : Returning cached instance of singleton bean 'autoConfigurationReport'
2025-01-16T02:20:13.331+02:00 TRACE 25984 --- [FirstSpring] [           main] a.ConfigurationClassBeanDefinitionReader : Registered bean definition for imported class 'org.springframework.boot.actuate.autoconfigure.scheduling.ScheduledTasksObservabilityAutoConfiguration'
2025-01-16T02:20:13.332+02:00 TRACE 25984 --- [FirstSpring] [           main] a.ConfigurationClassBeanDefinitionReader : Registering bean definition for @Bean method org.springframework.boot.actuate.autoconfigure.scheduling.ScheduledTasksObservabilityAutoConfiguration.observabilitySchedulingConfigurer()
2025-01-16T02:20:13.332+02:00 TRACE 25984 --- [FirstSpring] [           main] o.s.b.a.c.OnWebApplicationCondition      : Condition OnWebApplicationCondition on org.springframework.boot.actuate.autoconfigure.security.servlet.ManagementWebSecurityAutoConfiguration matched due to found 'session' scope
2025-01-16T02:20:13.332+02:00 TRACE 25984 --- [FirstSpring] [           main] o.s.b.f.s.DefaultListableBeanFactory     : Returning cached instance of singleton bean 'autoConfigurationReport'
2025-01-16T02:20:13.335+02:00 TRACE 25984 --- [FirstSpring] [           main] o.s.b.a.s.DefaultWebSecurityCondition    : Condition DefaultWebSecurityCondition on org.springframework.boot.actuate.autoconfigure.security.servlet.ManagementWebSecurityAutoConfiguration did not match due to AllNestedConditions 1 matched 1 did not; NestedCondition on DefaultWebSecurityCondition.Beans @ConditionalOnMissingBean (types: org.springframework.security.web.SecurityFilterChain; SearchStrategy: all) did not find any beans; NestedCondition on DefaultWebSecurityCondition.Classes @ConditionalOnClass did not find required classes 'org.springframework.security.web.SecurityFilterChain', 'org.springframework.security.config.annotation.web.builders.HttpSecurity'
2025-01-16T02:20:13.335+02:00 TRACE 25984 --- [FirstSpring] [           main] o.s.b.f.s.DefaultListableBeanFactory     : Returning cached instance of singleton bean 'autoConfigurationReport'
2025-01-16T02:20:13.335+02:00 TRACE 25984 --- [FirstSpring] [           main] o.s.b.a.c.OnWebApplicationCondition      : Condition OnWebApplicationCondition on org.springframework.boot.actuate.autoconfigure.web.exchanges.HttpExchangesAutoConfiguration matched due to @ConditionalOnWebApplication (required) found 'session' scope
2025-01-16T02:20:13.335+02:00 TRACE 25984 --- [FirstSpring] [           main] o.s.b.f.s.DefaultListableBeanFactory     : Returning cached instance of singleton bean 'autoConfigurationReport'
2025-01-16T02:20:13.335+02:00 TRACE 25984 --- [FirstSpring] [           main] o.s.b.a.condition.OnPropertyCondition    : Condition OnPropertyCondition on org.springframework.boot.actuate.autoconfigure.web.exchanges.HttpExchangesAutoConfiguration matched due to @ConditionalOnProperty (management.httpexchanges.recording.enabled) matched
2025-01-16T02:20:13.335+02:00 TRACE 25984 --- [FirstSpring] [           main] o.s.b.f.s.DefaultListableBeanFactory     : Returning cached instance of singleton bean 'autoConfigurationReport'
2025-01-16T02:20:13.338+02:00 TRACE 25984 --- [FirstSpring] [           main] o.s.b.a.condition.OnBeanCondition        : Condition OnBeanCondition on org.springframework.boot.actuate.autoconfigure.web.exchanges.HttpExchangesAutoConfiguration did not match due to @ConditionalOnBean (types: org.springframework.boot.actuate.web.exchanges.HttpExchangeRepository; SearchStrategy: all) did not find any beans of type org.springframework.boot.actuate.web.exchanges.HttpExchangeRepository
2025-01-16T02:20:13.338+02:00 TRACE 25984 --- [FirstSpring] [           main] o.s.b.f.s.DefaultListableBeanFactory     : Returning cached instance of singleton bean 'autoConfigurationReport'
2025-01-16T02:20:13.338+02:00 TRACE 25984 --- [FirstSpring] [           main] s.b.a.a.e.c.OnAvailableEndpointCondition : Condition OnAvailableEndpointCondition on org.springframework.boot.actuate.autoconfigure.web.exchanges.HttpExchangesEndpointAutoConfiguration matched due to @ConditionalOnAvailableEndpoint marked as exposed by a 'management.endpoints.web.exposure' property
2025-01-16T02:20:13.338+02:00 TRACE 25984 --- [FirstSpring] [           main] o.s.b.f.s.DefaultListableBeanFactory     : Returning cached instance of singleton bean 'autoConfigurationReport'
2025-01-16T02:20:13.339+02:00 TRACE 25984 --- [FirstSpring] [           main] a.ConfigurationClassBeanDefinitionReader : Registered bean definition for imported class 'org.springframework.boot.actuate.autoconfigure.web.exchanges.HttpExchangesEndpointAutoConfiguration'
2025-01-16T02:20:13.341+02:00 TRACE 25984 --- [FirstSpring] [           main] o.s.b.a.condition.OnBeanCondition        : Condition OnBeanCondition on org.springframework.boot.actuate.autoconfigure.web.exchanges.HttpExchangesEndpointAutoConfiguration#httpExchangesEndpoint did not match due to @ConditionalOnBean (types: org.springframework.boot.actuate.web.exchanges.HttpExchangeRepository; SearchStrategy: all) did not find any beans of type org.springframework.boot.actuate.web.exchanges.HttpExchangeRepository
2025-01-16T02:20:13.341+02:00 TRACE 25984 --- [FirstSpring] [           main] o.s.b.f.s.DefaultListableBeanFactory     : Returning cached instance of singleton bean 'autoConfigurationReport'
2025-01-16T02:20:13.342+02:00 TRACE 25984 --- [FirstSpring] [           main] s.b.a.a.e.c.OnAvailableEndpointCondition : Condition OnAvailableEndpointCondition on org.springframework.boot.actuate.autoconfigure.web.mappings.MappingsEndpointAutoConfiguration matched due to @ConditionalOnAvailableEndpoint marked as exposed by a 'management.endpoints.web.exposure' property
2025-01-16T02:20:13.342+02:00 TRACE 25984 --- [FirstSpring] [           main] o.s.b.f.s.DefaultListableBeanFactory     : Returning cached instance of singleton bean 'autoConfigurationReport'
2025-01-16T02:20:13.342+02:00 TRACE 25984 --- [FirstSpring] [           main] o.s.b.a.c.OnWebApplicationCondition      : Condition OnWebApplicationCondition on org.springframework.boot.actuate.autoconfigure.web.mappings.MappingsEndpointAutoConfiguration$ServletWebConfiguration matched due to found 'session' scope
2025-01-16T02:20:13.342+02:00 TRACE 25984 --- [FirstSpring] [           main] o.s.b.f.s.DefaultListableBeanFactory     : Returning cached instance of singleton bean 'autoConfigurationReport'
2025-01-16T02:20:13.342+02:00 TRACE 25984 --- [FirstSpring] [           main] o.s.b.a.condition.OnClassCondition       : Condition OnClassCondition on org.springframework.boot.actuate.autoconfigure.web.mappings.MappingsEndpointAutoConfiguration$ServletWebConfiguration$SpringMvcConfiguration matched due to @ConditionalOnClass found required class 'org.springframework.web.servlet.DispatcherServlet'
2025-01-16T02:20:13.342+02:00 TRACE 25984 --- [FirstSpring] [           main] o.s.b.f.s.DefaultListableBeanFactory     : Returning cached instance of singleton bean 'autoConfigurationReport'
2025-01-16T02:20:13.343+02:00 TRACE 25984 --- [FirstSpring] [           main] o.s.b.a.condition.OnBeanCondition        : Condition OnBeanCondition on org.springframework.boot.actuate.autoconfigure.web.mappings.MappingsEndpointAutoConfiguration$ServletWebConfiguration$SpringMvcConfiguration matched due to @ConditionalOnBean (types: org.springframework.web.servlet.DispatcherServlet; SearchStrategy: all) found bean 'dispatcherServlet'
2025-01-16T02:20:13.343+02:00 TRACE 25984 --- [FirstSpring] [           main] o.s.b.f.s.DefaultListableBeanFactory     : Returning cached instance of singleton bean 'autoConfigurationReport'
2025-01-16T02:20:13.343+02:00 TRACE 25984 --- [FirstSpring] [           main] a.ConfigurationClassBeanDefinitionReader : Registered bean definition for imported class 'org.springframework.boot.actuate.autoconfigure.web.mappings.MappingsEndpointAutoConfiguration$ServletWebConfiguration$SpringMvcConfiguration'
2025-01-16T02:20:13.343+02:00 TRACE 25984 --- [FirstSpring] [           main] a.ConfigurationClassBeanDefinitionReader : Registering bean definition for @Bean method org.springframework.boot.actuate.autoconfigure.web.mappings.MappingsEndpointAutoConfiguration$ServletWebConfiguration$SpringMvcConfiguration.dispatcherServletMappingDescriptionProvider()
2025-01-16T02:20:13.343+02:00 TRACE 25984 --- [FirstSpring] [           main] a.ConfigurationClassBeanDefinitionReader : Registered bean definition for imported class 'org.springframework.boot.actuate.autoconfigure.web.mappings.MappingsEndpointAutoConfiguration$ServletWebConfiguration'
2025-01-16T02:20:13.343+02:00 TRACE 25984 --- [FirstSpring] [           main] a.ConfigurationClassBeanDefinitionReader : Registering bean definition for @Bean method org.springframework.boot.actuate.autoconfigure.web.mappings.MappingsEndpointAutoConfiguration$ServletWebConfiguration.servletMappingDescriptionProvider()
2025-01-16T02:20:13.343+02:00 TRACE 25984 --- [FirstSpring] [           main] a.ConfigurationClassBeanDefinitionReader : Registering bean definition for @Bean method org.springframework.boot.actuate.autoconfigure.web.mappings.MappingsEndpointAutoConfiguration$ServletWebConfiguration.filterMappingDescriptionProvider()
2025-01-16T02:20:13.343+02:00 TRACE 25984 --- [FirstSpring] [           main] a.ConfigurationClassBeanDefinitionReader : Registered bean definition for imported class 'org.springframework.boot.actuate.autoconfigure.web.mappings.MappingsEndpointAutoConfiguration'
2025-01-16T02:20:13.343+02:00 TRACE 25984 --- [FirstSpring] [           main] a.ConfigurationClassBeanDefinitionReader : Registering bean definition for @Bean method org.springframework.boot.actuate.autoconfigure.web.mappings.MappingsEndpointAutoConfiguration.mappingsEndpoint()
2025-01-16T02:20:13.343+02:00 TRACE 25984 --- [FirstSpring] [           main] o.s.b.a.condition.OnPropertyCondition    : Condition OnPropertyCondition on org.springframework.boot.autoconfigure.aop.AopAutoConfiguration matched due to @ConditionalOnProperty (spring.aop.auto=true) matched
2025-01-16T02:20:13.343+02:00 TRACE 25984 --- [FirstSpring] [           main] o.s.b.f.s.DefaultListableBeanFactory     : Returning cached instance of singleton bean 'autoConfigurationReport'
2025-01-16T02:20:13.345+02:00 TRACE 25984 --- [FirstSpring] [           main] o.s.b.a.condition.OnClassCondition       : Condition OnClassCondition on org.springframework.boot.autoconfigure.aop.AopAutoConfiguration$ClassProxyingConfiguration matched due to @ConditionalOnMissingClass did not find unwanted class 'org.aspectj.weaver.Advice'
2025-01-16T02:20:13.345+02:00 TRACE 25984 --- [FirstSpring] [           main] o.s.b.f.s.DefaultListableBeanFactory     : Returning cached instance of singleton bean 'autoConfigurationReport'
2025-01-16T02:20:13.345+02:00 TRACE 25984 --- [FirstSpring] [           main] o.s.b.a.condition.OnPropertyCondition    : Condition OnPropertyCondition on org.springframework.boot.autoconfigure.aop.AopAutoConfiguration$ClassProxyingConfiguration matched due to @ConditionalOnProperty (spring.aop.proxy-target-class=true) matched
2025-01-16T02:20:13.345+02:00 TRACE 25984 --- [FirstSpring] [           main] o.s.b.f.s.DefaultListableBeanFactory     : Returning cached instance of singleton bean 'autoConfigurationReport'
2025-01-16T02:20:13.345+02:00 TRACE 25984 --- [FirstSpring] [           main] a.ConfigurationClassBeanDefinitionReader : Registered bean definition for imported class 'org.springframework.boot.autoconfigure.aop.AopAutoConfiguration$ClassProxyingConfiguration'
2025-01-16T02:20:13.345+02:00 TRACE 25984 --- [FirstSpring] [           main] a.ConfigurationClassBeanDefinitionReader : Registering bean definition for @Bean method org.springframework.boot.autoconfigure.aop.AopAutoConfiguration$ClassProxyingConfiguration.forceAutoProxyCreatorToUseClassProxying()
2025-01-16T02:20:13.345+02:00 TRACE 25984 --- [FirstSpring] [           main] a.ConfigurationClassBeanDefinitionReader : Registered bean definition for imported class 'org.springframework.boot.autoconfigure.aop.AopAutoConfiguration'
2025-01-16T02:20:13.345+02:00 TRACE 25984 --- [FirstSpring] [           main] a.ConfigurationClassBeanDefinitionReader : Registered bean definition for imported class 'org.springframework.boot.autoconfigure.context.ConfigurationPropertiesAutoConfiguration'
2025-01-16T02:20:13.346+02:00 TRACE 25984 --- [FirstSpring] [           main] a.ConfigurationClassBeanDefinitionReader : Registered bean definition for imported class 'org.springframework.boot.autoconfigure.context.LifecycleAutoConfiguration'
2025-01-16T02:20:13.346+02:00 TRACE 25984 --- [FirstSpring] [           main] o.s.b.a.condition.OnBeanCondition        : Condition OnBeanCondition on org.springframework.boot.autoconfigure.context.LifecycleAutoConfiguration#defaultLifecycleProcessor matched due to @ConditionalOnMissingBean (names: lifecycleProcessor; SearchStrategy: current) did not find any beans
2025-01-16T02:20:13.346+02:00 TRACE 25984 --- [FirstSpring] [           main] o.s.b.f.s.DefaultListableBeanFactory     : Returning cached instance of singleton bean 'autoConfigurationReport'
2025-01-16T02:20:13.346+02:00 TRACE 25984 --- [FirstSpring] [           main] a.ConfigurationClassBeanDefinitionReader : Registering bean definition for @Bean method org.springframework.boot.autoconfigure.context.LifecycleAutoConfiguration.lifecycleProcessor()
2025-01-16T02:20:13.347+02:00 TRACE 25984 --- [FirstSpring] [           main] o.s.b.a.condition.OnPropertyCondition    : Condition OnPropertyCondition on org.springframework.boot.autoconfigure.sql.init.SqlInitializationAutoConfiguration matched due to @ConditionalOnProperty (spring.sql.init.enabled) matched
2025-01-16T02:20:13.347+02:00 TRACE 25984 --- [FirstSpring] [           main] o.s.b.f.s.DefaultListableBeanFactory     : Returning cached instance of singleton bean 'autoConfigurationReport'
2025-01-16T02:20:13.350+02:00 TRACE 25984 --- [FirstSpring] [           main] a.ConfigurationClassBeanDefinitionReader : Registered bean definition for imported class 'org.springframework.boot.autoconfigure.sql.init.SqlInitializationAutoConfiguration'
2025-01-16T02:20:13.353+02:00 TRACE 25984 --- [FirstSpring] [           main] o.s.b.a.condition.OnClassCondition       : Condition OnClassCondition on org.springframework.boot.autoconfigure.web.servlet.HttpEncodingAutoConfiguration matched due to @ConditionalOnClass found required class 'org.springframework.web.filter.CharacterEncodingFilter'
2025-01-16T02:20:13.353+02:00 TRACE 25984 --- [FirstSpring] [           main] o.s.b.f.s.DefaultListableBeanFactory     : Returning cached instance of singleton bean 'autoConfigurationReport'
2025-01-16T02:20:13.353+02:00 TRACE 25984 --- [FirstSpring] [           main] o.s.b.a.c.OnWebApplicationCondition      : Condition OnWebApplicationCondition on org.springframework.boot.autoconfigure.web.servlet.HttpEncodingAutoConfiguration matched due to found 'session' scope
2025-01-16T02:20:13.353+02:00 TRACE 25984 --- [FirstSpring] [           main] o.s.b.f.s.DefaultListableBeanFactory     : Returning cached instance of singleton bean 'autoConfigurationReport'
2025-01-16T02:20:13.353+02:00 TRACE 25984 --- [FirstSpring] [           main] o.s.b.a.condition.OnPropertyCondition    : Condition OnPropertyCondition on org.springframework.boot.autoconfigure.web.servlet.HttpEncodingAutoConfiguration matched due to @ConditionalOnProperty (server.servlet.encoding.enabled) matched
2025-01-16T02:20:13.353+02:00 TRACE 25984 --- [FirstSpring] [           main] o.s.b.f.s.DefaultListableBeanFactory     : Returning cached instance of singleton bean 'autoConfigurationReport'
2025-01-16T02:20:13.353+02:00 TRACE 25984 --- [FirstSpring] [           main] a.ConfigurationClassBeanDefinitionReader : Registered bean definition for imported class 'org.springframework.boot.autoconfigure.web.servlet.HttpEncodingAutoConfiguration'
2025-01-16T02:20:13.364+02:00 TRACE 25984 --- [FirstSpring] [           main] o.s.b.a.condition.OnBeanCondition        : Condition OnBeanCondition on org.springframework.boot.autoconfigure.web.servlet.HttpEncodingAutoConfiguration#characterEncodingFilter matched due to @ConditionalOnMissingBean (types: org.springframework.web.filter.CharacterEncodingFilter; SearchStrategy: all) did not find any beans
2025-01-16T02:20:13.364+02:00 TRACE 25984 --- [FirstSpring] [           main] o.s.b.f.s.DefaultListableBeanFactory     : Returning cached instance of singleton bean 'autoConfigurationReport'
2025-01-16T02:20:13.365+02:00 TRACE 25984 --- [FirstSpring] [           main] a.ConfigurationClassBeanDefinitionReader : Registering bean definition for @Bean method org.springframework.boot.autoconfigure.web.servlet.HttpEncodingAutoConfiguration.characterEncodingFilter()
2025-01-16T02:20:13.365+02:00 TRACE 25984 --- [FirstSpring] [           main] a.ConfigurationClassBeanDefinitionReader : Registering bean definition for @Bean method org.springframework.boot.autoconfigure.web.servlet.HttpEncodingAutoConfiguration.localeCharsetMappingsCustomizer()
2025-01-16T02:20:13.365+02:00 TRACE 25984 --- [FirstSpring] [           main] o.s.b.a.condition.OnClassCondition       : Condition OnClassCondition on org.springframework.boot.autoconfigure.web.servlet.MultipartAutoConfiguration matched due to @ConditionalOnClass found required classes 'jakarta.servlet.Servlet', 'org.springframework.web.multipart.support.StandardServletMultipartResolver', 'jakarta.servlet.MultipartConfigElement'
2025-01-16T02:20:13.365+02:00 TRACE 25984 --- [FirstSpring] [           main] o.s.b.f.s.DefaultListableBeanFactory     : Returning cached instance of singleton bean 'autoConfigurationReport'
2025-01-16T02:20:13.365+02:00 TRACE 25984 --- [FirstSpring] [           main] o.s.b.a.c.OnWebApplicationCondition      : Condition OnWebApplicationCondition on org.springframework.boot.autoconfigure.web.servlet.MultipartAutoConfiguration matched due to found 'session' scope
2025-01-16T02:20:13.365+02:00 TRACE 25984 --- [FirstSpring] [           main] o.s.b.f.s.DefaultListableBeanFactory     : Returning cached instance of singleton bean 'autoConfigurationReport'
2025-01-16T02:20:13.365+02:00 TRACE 25984 --- [FirstSpring] [           main] o.s.b.a.condition.OnPropertyCondition    : Condition OnPropertyCondition on org.springframework.boot.autoconfigure.web.servlet.MultipartAutoConfiguration matched due to @ConditionalOnProperty (spring.servlet.multipart.enabled) matched
2025-01-16T02:20:13.365+02:00 TRACE 25984 --- [FirstSpring] [           main] o.s.b.f.s.DefaultListableBeanFactory     : Returning cached instance of singleton bean 'autoConfigurationReport'
2025-01-16T02:20:13.367+02:00 TRACE 25984 --- [FirstSpring] [           main] a.ConfigurationClassBeanDefinitionReader : Registered bean definition for imported class 'org.springframework.boot.autoconfigure.web.servlet.MultipartAutoConfiguration'
2025-01-16T02:20:13.371+02:00 TRACE 25984 --- [FirstSpring] [           main] o.s.b.a.condition.OnBeanCondition        : Condition OnBeanCondition on org.springframework.boot.autoconfigure.web.servlet.MultipartAutoConfiguration#multipartConfigElement matched due to @ConditionalOnMissingBean (types: jakarta.servlet.MultipartConfigElement; SearchStrategy: all) did not find any beans
2025-01-16T02:20:13.371+02:00 TRACE 25984 --- [FirstSpring] [           main] o.s.b.f.s.DefaultListableBeanFactory     : Returning cached instance of singleton bean 'autoConfigurationReport'
2025-01-16T02:20:13.371+02:00 TRACE 25984 --- [FirstSpring] [           main] a.ConfigurationClassBeanDefinitionReader : Registering bean definition for @Bean method org.springframework.boot.autoconfigure.web.servlet.MultipartAutoConfiguration.multipartConfigElement()
2025-01-16T02:20:13.372+02:00 TRACE 25984 --- [FirstSpring] [           main] o.s.b.a.condition.OnBeanCondition        : Condition OnBeanCondition on org.springframework.boot.autoconfigure.web.servlet.MultipartAutoConfiguration#multipartResolver matched due to @ConditionalOnMissingBean (types: org.springframework.web.multipart.MultipartResolver; SearchStrategy: all) did not find any beans
2025-01-16T02:20:13.372+02:00 TRACE 25984 --- [FirstSpring] [           main] o.s.b.f.s.DefaultListableBeanFactory     : Returning cached instance of singleton bean 'autoConfigurationReport'
2025-01-16T02:20:13.372+02:00 TRACE 25984 --- [FirstSpring] [           main] a.ConfigurationClassBeanDefinitionReader : Registering bean definition for @Bean method org.springframework.boot.autoconfigure.web.servlet.MultipartAutoConfiguration.multipartResolver()
2025-01-16T02:20:13.373+02:00 TRACE 25984 --- [FirstSpring] [           main] o.s.b.a.a.w.s.OnManagementPortCondition  : Condition OnManagementPortCondition on org.springframework.boot.actuate.autoconfigure.web.server.ManagementContextAutoConfiguration$SameManagementContextConfiguration matched due to Management Port actual port type (SAME) matched required type
2025-01-16T02:20:13.373+02:00 TRACE 25984 --- [FirstSpring] [           main] o.s.b.f.s.DefaultListableBeanFactory     : Returning cached instance of singleton bean 'autoConfigurationReport'
2025-01-16T02:20:13.373+02:00 TRACE 25984 --- [FirstSpring] [           main] o.s.b.a.c.OnWebApplicationCondition      : Condition OnWebApplicationCondition on org.springframework.boot.actuate.autoconfigure.endpoint.web.ServletEndpointManagementContextConfiguration matched due to found 'session' scope
2025-01-16T02:20:13.373+02:00 TRACE 25984 --- [FirstSpring] [           main] o.s.b.f.s.DefaultListableBeanFactory     : Returning cached instance of singleton bean 'autoConfigurationReport'
2025-01-16T02:20:13.373+02:00 TRACE 25984 --- [FirstSpring] [           main] o.s.b.a.condition.OnClassCondition       : Condition OnClassCondition on org.springframework.boot.actuate.autoconfigure.endpoint.web.ServletEndpointManagementContextConfiguration$WebMvcServletEndpointManagementContextConfiguration matched due to @ConditionalOnClass found required class 'org.springframework.web.servlet.DispatcherServlet'
2025-01-16T02:20:13.373+02:00 TRACE 25984 --- [FirstSpring] [           main] o.s.b.f.s.DefaultListableBeanFactory     : Returning cached instance of singleton bean 'autoConfigurationReport'
2025-01-16T02:20:13.373+02:00 TRACE 25984 --- [FirstSpring] [           main] a.ConfigurationClassBeanDefinitionReader : Registered bean definition for imported class 'org.springframework.boot.actuate.autoconfigure.endpoint.web.ServletEndpointManagementContextConfiguration$WebMvcServletEndpointManagementContextConfiguration'
2025-01-16T02:20:13.373+02:00 TRACE 25984 --- [FirstSpring] [           main] a.ConfigurationClassBeanDefinitionReader : Registering bean definition for @Bean method org.springframework.boot.actuate.autoconfigure.endpoint.web.ServletEndpointManagementContextConfiguration$WebMvcServletEndpointManagementContextConfiguration.servletEndpointRegistrar()
2025-01-16T02:20:13.373+02:00 TRACE 25984 --- [FirstSpring] [           main] a.ConfigurationClassBeanDefinitionReader : Registered bean definition for imported class 'org.springframework.boot.actuate.autoconfigure.endpoint.web.ServletEndpointManagementContextConfiguration'
2025-01-16T02:20:13.373+02:00 TRACE 25984 --- [FirstSpring] [           main] a.ConfigurationClassBeanDefinitionReader : Registering bean definition for @Bean method org.springframework.boot.actuate.autoconfigure.endpoint.web.ServletEndpointManagementContextConfiguration.servletExposeExcludePropertyEndpointFilter()
2025-01-16T02:20:13.373+02:00 TRACE 25984 --- [FirstSpring] [           main] o.s.b.a.condition.OnClassCondition       : Condition OnClassCondition on org.springframework.boot.actuate.autoconfigure.endpoint.web.servlet.WebMvcEndpointManagementContextConfiguration matched due to @ConditionalOnClass found required class 'org.springframework.web.servlet.DispatcherServlet'
2025-01-16T02:20:13.373+02:00 TRACE 25984 --- [FirstSpring] [           main] o.s.b.f.s.DefaultListableBeanFactory     : Returning cached instance of singleton bean 'autoConfigurationReport'
2025-01-16T02:20:13.374+02:00 TRACE 25984 --- [FirstSpring] [           main] o.s.b.a.c.OnWebApplicationCondition      : Condition OnWebApplicationCondition on org.springframework.boot.actuate.autoconfigure.endpoint.web.servlet.WebMvcEndpointManagementContextConfiguration matched due to found 'session' scope
2025-01-16T02:20:13.374+02:00 TRACE 25984 --- [FirstSpring] [           main] o.s.b.f.s.DefaultListableBeanFactory     : Returning cached instance of singleton bean 'autoConfigurationReport'
2025-01-16T02:20:13.377+02:00 TRACE 25984 --- [FirstSpring] [           main] o.s.b.a.condition.OnBeanCondition        : Condition OnBeanCondition on org.springframework.boot.actuate.autoconfigure.endpoint.web.servlet.WebMvcEndpointManagementContextConfiguration matched due to @ConditionalOnBean (types: org.springframework.web.servlet.DispatcherServlet,org.springframework.boot.actuate.endpoint.web.WebEndpointsSupplier; SearchStrategy: all) found beans 'webEndpointDiscoverer', 'dispatcherServlet'
2025-01-16T02:20:13.378+02:00 TRACE 25984 --- [FirstSpring] [           main] o.s.b.f.s.DefaultListableBeanFactory     : Returning cached instance of singleton bean 'autoConfigurationReport'
2025-01-16T02:20:13.379+02:00 TRACE 25984 --- [FirstSpring] [           main] a.ConfigurationClassBeanDefinitionReader : Registered bean definition for imported class 'org.springframework.boot.actuate.autoconfigure.endpoint.web.servlet.WebMvcEndpointManagementContextConfiguration'
2025-01-16T02:20:13.380+02:00 TRACE 25984 --- [FirstSpring] [           main] o.s.b.a.condition.OnBeanCondition        : Condition OnBeanCondition on org.springframework.boot.actuate.autoconfigure.endpoint.web.servlet.WebMvcEndpointManagementContextConfiguration#webEndpointServletHandlerMapping matched due to @ConditionalOnMissingBean (types: org.springframework.boot.actuate.endpoint.web.servlet.WebMvcEndpointHandlerMapping; SearchStrategy: all) did not find any beans
2025-01-16T02:20:13.380+02:00 TRACE 25984 --- [FirstSpring] [           main] o.s.b.f.s.DefaultListableBeanFactory     : Returning cached instance of singleton bean 'autoConfigurationReport'
2025-01-16T02:20:13.380+02:00 TRACE 25984 --- [FirstSpring] [           main] a.ConfigurationClassBeanDefinitionReader : Registering bean definition for @Bean method org.springframework.boot.actuate.autoconfigure.endpoint.web.servlet.WebMvcEndpointManagementContextConfiguration.webEndpointServletHandlerMapping()
2025-01-16T02:20:13.381+02:00 TRACE 25984 --- [FirstSpring] [           main] o.s.b.a.a.w.s.OnManagementPortCondition  : Condition OnManagementPortCondition on org.springframework.boot.actuate.autoconfigure.endpoint.web.servlet.WebMvcEndpointManagementContextConfiguration#managementHealthEndpointWebMvcHandlerMapping did not match due to Management Port actual port type (SAME) did not match required type (DIFFERENT)
2025-01-16T02:20:13.381+02:00 TRACE 25984 --- [FirstSpring] [           main] o.s.b.f.s.DefaultListableBeanFactory     : Returning cached instance of singleton bean 'autoConfigurationReport'
2025-01-16T02:20:13.383+02:00 TRACE 25984 --- [FirstSpring] [           main] o.s.b.a.condition.OnBeanCondition        : Condition OnBeanCondition on org.springframework.boot.actuate.autoconfigure.endpoint.web.servlet.WebMvcEndpointManagementContextConfiguration#controllerEndpointHandlerMapping matched due to @ConditionalOnMissingBean (types: org.springframework.boot.actuate.endpoint.web.servlet.ControllerEndpointHandlerMapping; SearchStrategy: all) did not find any beans
2025-01-16T02:20:13.383+02:00 TRACE 25984 --- [FirstSpring] [           main] o.s.b.f.s.DefaultListableBeanFactory     : Returning cached instance of singleton bean 'autoConfigurationReport'
2025-01-16T02:20:13.383+02:00 TRACE 25984 --- [FirstSpring] [           main] a.ConfigurationClassBeanDefinitionReader : Registering bean definition for @Bean method org.springframework.boot.actuate.autoconfigure.endpoint.web.servlet.WebMvcEndpointManagementContextConfiguration.controllerEndpointHandlerMapping()
2025-01-16T02:20:13.384+02:00 TRACE 25984 --- [FirstSpring] [           main] o.s.b.a.condition.OnBeanCondition        : Condition OnBeanCondition on org.springframework.boot.actuate.autoconfigure.endpoint.web.servlet.WebMvcEndpointManagementContextConfiguration#endpointObjectMapperWebMvcConfigurer matched due to @ConditionalOnBean (types: org.springframework.boot.actuate.endpoint.jackson.EndpointObjectMapper; SearchStrategy: all) found bean 'endpointObjectMapper'
2025-01-16T02:20:13.384+02:00 TRACE 25984 --- [FirstSpring] [           main] o.s.b.f.s.DefaultListableBeanFactory     : Returning cached instance of singleton bean 'autoConfigurationReport'
2025-01-16T02:20:13.384+02:00 TRACE 25984 --- [FirstSpring] [           main] a.ConfigurationClassBeanDefinitionReader : Registering bean definition for @Bean method org.springframework.boot.actuate.autoconfigure.endpoint.web.servlet.WebMvcEndpointManagementContextConfiguration.endpointObjectMapperWebMvcConfigurer()
2025-01-16T02:20:13.385+02:00 TRACE 25984 --- [FirstSpring] [           main] a.ConfigurationClassBeanDefinitionReader : Registered bean definition for imported class 'org.springframework.boot.actuate.autoconfigure.web.server.ManagementContextAutoConfiguration$SameManagementContextConfiguration$EnableSameManagementContextConfiguration'
2025-01-16T02:20:13.385+02:00 TRACE 25984 --- [FirstSpring] [           main] a.ConfigurationClassBeanDefinitionReader : Registered bean definition for imported class 'org.springframework.boot.actuate.autoconfigure.web.server.ManagementContextAutoConfiguration$SameManagementContextConfiguration'
2025-01-16T02:20:13.387+02:00 TRACE 25984 --- [FirstSpring] [           main] a.ConfigurationClassBeanDefinitionReader : Registered bean definition for imported class 'org.springframework.boot.actuate.autoconfigure.web.server.ManagementContextAutoConfiguration'
2025-01-16T02:20:13.462+02:00 TRACE 25984 --- [FirstSpring] [           main] o.s.c.a.ConfigurationClassEnhancer       : Successfully enhanced com.courseSpring.FirstSpring.FirstSpringApplication; enhanced class name is: com.courseSpring.FirstSpring.FirstSpringApplication$$SpringCGLIB$$0
2025-01-16T02:20:13.462+02:00 TRACE 25984 --- [FirstSpring] [           main] o.s.c.a.ConfigurationClassPostProcessor  : Replacing bean definition 'firstSpringApplication' existing class 'com.courseSpring.FirstSpring.FirstSpringApplication' with enhanced class 'com.courseSpring.FirstSpring.FirstSpringApplication$$SpringCGLIB$$0'
2025-01-16T02:20:13.464+02:00 DEBUG 25984 --- [FirstSpring] [           main] o.s.b.f.s.DefaultListableBeanFactory     : Creating shared instance of singleton bean 'propertySourcesPlaceholderConfigurer'
2025-01-16T02:20:13.464+02:00 TRACE 25984 --- [FirstSpring] [           main] o.s.b.f.s.DefaultListableBeanFactory     : Creating instance of bean 'propertySourcesPlaceholderConfigurer'
2025-01-16T02:20:13.468+02:00 TRACE 25984 --- [FirstSpring] [           main] o.s.b.f.s.DefaultListableBeanFactory     : Finished creating instance of bean 'propertySourcesPlaceholderConfigurer'
2025-01-16T02:20:13.472+02:00 DEBUG 25984 --- [FirstSpring] [           main] o.s.b.f.s.DefaultListableBeanFactory     : Creating shared instance of singleton bean 'org.springframework.boot.test.mock.mockito.MockitoPostProcessor'
2025-01-16T02:20:13.472+02:00 TRACE 25984 --- [FirstSpring] [           main] o.s.b.f.s.DefaultListableBeanFactory     : Creating instance of bean 'org.springframework.boot.test.mock.mockito.MockitoPostProcessor'
2025-01-16T02:20:13.481+02:00 TRACE 25984 --- [FirstSpring] [           main] o.s.b.f.s.DefaultListableBeanFactory     : Finished creating instance of bean 'org.springframework.boot.test.mock.mockito.MockitoPostProcessor'
2025-01-16T02:20:13.481+02:00 DEBUG 25984 --- [FirstSpring] [           main] o.s.b.f.s.DefaultListableBeanFactory     : Creating shared instance of singleton bean 'org.springframework.boot.sql.init.dependency.DatabaseInitializationDependencyConfigurer$DependsOnDatabaseInitializationPostProcessor'
2025-01-16T02:20:13.481+02:00 TRACE 25984 --- [FirstSpring] [           main] o.s.b.f.s.DefaultListableBeanFactory     : Creating instance of bean 'org.springframework.boot.sql.init.dependency.DatabaseInitializationDependencyConfigurer$DependsOnDatabaseInitializationPostProcessor'
2025-01-16T02:20:13.481+02:00 TRACE 25984 --- [FirstSpring] [           main] o.s.b.f.s.DefaultListableBeanFactory     : Finished creating instance of bean 'org.springframework.boot.sql.init.dependency.DatabaseInitializationDependencyConfigurer$DependsOnDatabaseInitializationPostProcessor'
2025-01-16T02:20:13.481+02:00 TRACE 25984 --- [FirstSpring] [           main] o.s.c.io.support.SpringFactoriesLoader   : Loaded [org.springframework.boot.sql.init.dependency.DatabaseInitializerDetector] names: [org.springframework.boot.flyway.FlywayDatabaseInitializerDetector, org.springframework.boot.jdbc.init.DataSourceScriptDatabaseInitializerDetector, org.springframework.boot.liquibase.LiquibaseDatabaseInitializerDetector, org.springframework.boot.orm.jpa.JpaDatabaseInitializerDetector, org.springframework.boot.r2dbc.init.R2dbcScriptDatabaseInitializerDetector, org.springframework.boot.autoconfigure.flyway.FlywayMigrationInitializerDatabaseInitializerDetector]
2025-01-16T02:20:13.521+02:00 DEBUG 25984 --- [FirstSpring] [           main] o.s.b.f.s.DefaultListableBeanFactory     : Creating shared instance of singleton bean 'org.springframework.context.event.internalEventListenerProcessor'
2025-01-16T02:20:13.521+02:00 TRACE 25984 --- [FirstSpring] [           main] o.s.b.f.s.DefaultListableBeanFactory     : Creating instance of bean 'org.springframework.context.event.internalEventListenerProcessor'
2025-01-16T02:20:13.522+02:00 TRACE 25984 --- [FirstSpring] [           main] o.s.b.f.s.DefaultListableBeanFactory     : Finished creating instance of bean 'org.springframework.context.event.internalEventListenerProcessor'
2025-01-16T02:20:13.523+02:00 DEBUG 25984 --- [FirstSpring] [           main] o.s.b.f.s.DefaultListableBeanFactory     : Creating shared instance of singleton bean 'preserveErrorControllerTargetClassPostProcessor'
2025-01-16T02:20:13.523+02:00 TRACE 25984 --- [FirstSpring] [           main] o.s.b.f.s.DefaultListableBeanFactory     : Creating instance of bean 'preserveErrorControllerTargetClassPostProcessor'
2025-01-16T02:20:13.523+02:00 TRACE 25984 --- [FirstSpring] [           main] o.s.b.f.s.DefaultListableBeanFactory     : Finished creating instance of bean 'preserveErrorControllerTargetClassPostProcessor'
2025-01-16T02:20:13.523+02:00 DEBUG 25984 --- [FirstSpring] [           main] o.s.b.f.s.DefaultListableBeanFactory     : Creating shared instance of singleton bean 'forceAutoProxyCreatorToUseClassProxying'
2025-01-16T02:20:13.523+02:00 TRACE 25984 --- [FirstSpring] [           main] o.s.b.f.s.DefaultListableBeanFactory     : Creating instance of bean 'forceAutoProxyCreatorToUseClassProxying'
2025-01-16T02:20:13.523+02:00 TRACE 25984 --- [FirstSpring] [           main] o.s.b.f.s.DefaultListableBeanFactory     : Finished creating instance of bean 'forceAutoProxyCreatorToUseClassProxying'
2025-01-16T02:20:13.524+02:00 DEBUG 25984 --- [FirstSpring] [           main] o.s.b.f.s.DefaultListableBeanFactory     : Creating shared instance of singleton bean 'org.springframework.context.event.internalEventListenerFactory'
2025-01-16T02:20:13.524+02:00 TRACE 25984 --- [FirstSpring] [           main] o.s.b.f.s.DefaultListableBeanFactory     : Creating instance of bean 'org.springframework.context.event.internalEventListenerFactory'
2025-01-16T02:20:13.524+02:00 TRACE 25984 --- [FirstSpring] [           main] o.s.b.f.s.DefaultListableBeanFactory     : Finished creating instance of bean 'org.springframework.context.event.internalEventListenerFactory'
2025-01-16T02:20:13.532+02:00 DEBUG 25984 --- [FirstSpring] [           main] o.s.b.f.s.DefaultListableBeanFactory     : Creating shared instance of singleton bean 'org.springframework.boot.test.mock.mockito.MockitoPostProcessor$SpyPostProcessor'
2025-01-16T02:20:13.532+02:00 TRACE 25984 --- [FirstSpring] [           main] o.s.b.f.s.DefaultListableBeanFactory     : Creating instance of bean 'org.springframework.boot.test.mock.mockito.MockitoPostProcessor$SpyPostProcessor'
2025-01-16T02:20:13.532+02:00 TRACE 25984 --- [FirstSpring] [           main] o.s.b.f.s.DefaultListableBeanFactory     : Returning cached instance of singleton bean 'org.springframework.boot.test.mock.mockito.MockitoPostProcessor'
2025-01-16T02:20:13.533+02:00 TRACE 25984 --- [FirstSpring] [           main] o.s.b.f.s.DefaultListableBeanFactory     : Finished creating instance of bean 'org.springframework.boot.test.mock.mockito.MockitoPostProcessor$SpyPostProcessor'
2025-01-16T02:20:13.533+02:00 DEBUG 25984 --- [FirstSpring] [           main] o.s.b.f.s.DefaultListableBeanFactory     : Creating shared instance of singleton bean 'org.springframework.context.annotation.internalAutowiredAnnotationProcessor'
2025-01-16T02:20:13.533+02:00 TRACE 25984 --- [FirstSpring] [           main] o.s.b.f.s.DefaultListableBeanFactory     : Creating instance of bean 'org.springframework.context.annotation.internalAutowiredAnnotationProcessor'
2025-01-16T02:20:13.535+02:00 TRACE 25984 --- [FirstSpring] [           main] o.s.b.f.s.DefaultListableBeanFactory     : Finished creating instance of bean 'org.springframework.context.annotation.internalAutowiredAnnotationProcessor'
2025-01-16T02:20:13.535+02:00 DEBUG 25984 --- [FirstSpring] [           main] o.s.b.f.s.DefaultListableBeanFactory     : Creating shared instance of singleton bean 'org.springframework.context.annotation.internalCommonAnnotationProcessor'
2025-01-16T02:20:13.535+02:00 TRACE 25984 --- [FirstSpring] [           main] o.s.b.f.s.DefaultListableBeanFactory     : Creating instance of bean 'org.springframework.context.annotation.internalCommonAnnotationProcessor'
2025-01-16T02:20:13.539+02:00 TRACE 25984 --- [FirstSpring] [           main] o.s.b.f.s.DefaultListableBeanFactory     : Finished creating instance of bean 'org.springframework.context.annotation.internalCommonAnnotationProcessor'
2025-01-16T02:20:13.539+02:00 DEBUG 25984 --- [FirstSpring] [           main] o.s.b.f.s.DefaultListableBeanFactory     : Creating shared instance of singleton bean 'org.springframework.boot.context.properties.ConfigurationPropertiesBindingPostProcessor'
2025-01-16T02:20:13.539+02:00 TRACE 25984 --- [FirstSpring] [           main] o.s.b.f.s.DefaultListableBeanFactory     : Creating instance of bean 'org.springframework.boot.context.properties.ConfigurationPropertiesBindingPostProcessor'
2025-01-16T02:20:13.539+02:00 TRACE 25984 --- [FirstSpring] [           main] o.s.b.f.s.DefaultListableBeanFactory     : Invoking afterPropertiesSet() on bean with name 'org.springframework.boot.context.properties.ConfigurationPropertiesBindingPostProcessor'
2025-01-16T02:20:13.539+02:00 DEBUG 25984 --- [FirstSpring] [           main] o.s.b.f.s.DefaultListableBeanFactory     : Creating shared instance of singleton bean 'org.springframework.boot.context.internalConfigurationPropertiesBinder'
2025-01-16T02:20:13.539+02:00 TRACE 25984 --- [FirstSpring] [           main] o.s.b.f.s.DefaultListableBeanFactory     : Creating instance of bean 'org.springframework.boot.context.internalConfigurationPropertiesBinder'
2025-01-16T02:20:13.540+02:00 TRACE 25984 --- [FirstSpring] [           main] o.s.b.f.s.DefaultListableBeanFactory     : Returning cached instance of singleton bean 'propertySourcesPlaceholderConfigurer'
2025-01-16T02:20:13.543+02:00 TRACE 25984 --- [FirstSpring] [           main] o.s.b.f.s.DefaultListableBeanFactory     : Finished creating instance of bean 'org.springframework.boot.context.internalConfigurationPropertiesBinder'
2025-01-16T02:20:13.543+02:00 TRACE 25984 --- [FirstSpring] [           main] o.s.b.f.s.DefaultListableBeanFactory     : Finished creating instance of bean 'org.springframework.boot.context.properties.ConfigurationPropertiesBindingPostProcessor'
2025-01-16T02:20:13.544+02:00 TRACE 25984 --- [FirstSpring] [           main] o.s.b.f.s.DefaultListableBeanFactory     : Returning cached instance of singleton bean 'org.springframework.boot.test.mock.mockito.MockitoPostProcessor'
2025-01-16T02:20:13.544+02:00 DEBUG 25984 --- [FirstSpring] [           main] o.s.b.f.s.DefaultListableBeanFactory     : Creating shared instance of singleton bean 'org.springframework.aop.config.internalAutoProxyCreator'
2025-01-16T02:20:13.544+02:00 TRACE 25984 --- [FirstSpring] [           main] o.s.b.f.s.DefaultListableBeanFactory     : Creating instance of bean 'org.springframework.aop.config.internalAutoProxyCreator'
2025-01-16T02:20:13.558+02:00 TRACE 25984 --- [FirstSpring] [           main] o.s.beans.CachedIntrospectionResults     : Getting BeanInfo for class [org.springframework.aop.framework.autoproxy.InfrastructureAdvisorAutoProxyCreator]
2025-01-16T02:20:13.559+02:00 TRACE 25984 --- [FirstSpring] [           main] o.s.beans.CachedIntrospectionResults     : Caching PropertyDescriptors for class [org.springframework.aop.framework.autoproxy.InfrastructureAdvisorAutoProxyCreator]
2025-01-16T02:20:13.559+02:00 TRACE 25984 --- [FirstSpring] [           main] o.s.beans.CachedIntrospectionResults     : Found bean property 'advisorAdapterRegistry' of type [org.springframework.aop.framework.adapter.AdvisorAdapterRegistry]
2025-01-16T02:20:13.559+02:00 TRACE 25984 --- [FirstSpring] [           main] o.s.beans.CachedIntrospectionResults     : Found bean property 'applyCommonInterceptorsFirst' of type [boolean]
2025-01-16T02:20:13.559+02:00 TRACE 25984 --- [FirstSpring] [           main] o.s.beans.CachedIntrospectionResults     : Found bean property 'beanClassLoader' of type [java.lang.ClassLoader]
2025-01-16T02:20:13.559+02:00 TRACE 25984 --- [FirstSpring] [           main] o.s.beans.CachedIntrospectionResults     : Found bean property 'beanFactory' of type [org.springframework.beans.factory.BeanFactory]
2025-01-16T02:20:13.559+02:00 TRACE 25984 --- [FirstSpring] [           main] o.s.beans.CachedIntrospectionResults     : Found bean property 'class' of type [java.lang.Class]
2025-01-16T02:20:13.559+02:00 TRACE 25984 --- [FirstSpring] [           main] o.s.beans.CachedIntrospectionResults     : Found bean property 'customTargetSourceCreators' of type [[Lorg.springframework.aop.framework.autoproxy.TargetSourceCreator;]
2025-01-16T02:20:13.559+02:00 TRACE 25984 --- [FirstSpring] [           main] o.s.beans.CachedIntrospectionResults     : Found bean property 'exposeProxy' of type [boolean]
2025-01-16T02:20:13.559+02:00 TRACE 25984 --- [FirstSpring] [           main] o.s.beans.CachedIntrospectionResults     : Found bean property 'frozen' of type [boolean]
2025-01-16T02:20:13.559+02:00 TRACE 25984 --- [FirstSpring] [           main] o.s.beans.CachedIntrospectionResults     : Found bean property 'interceptorNames' of type [[Ljava.lang.String;]
2025-01-16T02:20:13.559+02:00 TRACE 25984 --- [FirstSpring] [           main] o.s.beans.CachedIntrospectionResults     : Found bean property 'opaque' of type [boolean]
2025-01-16T02:20:13.559+02:00 TRACE 25984 --- [FirstSpring] [           main] o.s.beans.CachedIntrospectionResults     : Found bean property 'optimize' of type [boolean]
2025-01-16T02:20:13.559+02:00 TRACE 25984 --- [FirstSpring] [           main] o.s.beans.CachedIntrospectionResults     : Found bean property 'order' of type [int]
2025-01-16T02:20:13.559+02:00 TRACE 25984 --- [FirstSpring] [           main] o.s.beans.CachedIntrospectionResults     : Found bean property 'proxyClassLoader' of type [java.lang.ClassLoader]
2025-01-16T02:20:13.559+02:00 TRACE 25984 --- [FirstSpring] [           main] o.s.beans.CachedIntrospectionResults     : Found bean property 'proxyTargetClass' of type [boolean]
2025-01-16T02:20:13.566+02:00 TRACE 25984 --- [FirstSpring] [           main] o.s.b.f.s.DefaultListableBeanFactory     : Finished creating instance of bean 'org.springframework.aop.config.internalAutoProxyCreator'
2025-01-16T02:20:13.567+02:00 DEBUG 25984 --- [FirstSpring] [           main] o.s.b.f.s.DefaultListableBeanFactory     : Creating shared instance of singleton bean 'webServerFactoryCustomizerBeanPostProcessor'
2025-01-16T02:20:13.567+02:00 TRACE 25984 --- [FirstSpring] [           main] o.s.b.f.s.DefaultListableBeanFactory     : Creating instance of bean 'webServerFactoryCustomizerBeanPostProcessor'
2025-01-16T02:20:13.569+02:00 TRACE 25984 --- [FirstSpring] [           main] o.s.b.f.s.DefaultListableBeanFactory     : Finished creating instance of bean 'webServerFactoryCustomizerBeanPostProcessor'
2025-01-16T02:20:13.569+02:00 DEBUG 25984 --- [FirstSpring] [           main] o.s.b.f.s.DefaultListableBeanFactory     : Creating shared instance of singleton bean 'errorPageRegistrarBeanPostProcessor'
2025-01-16T02:20:13.569+02:00 TRACE 25984 --- [FirstSpring] [           main] o.s.b.f.s.DefaultListableBeanFactory     : Creating instance of bean 'errorPageRegistrarBeanPostProcessor'
2025-01-16T02:20:13.569+02:00 TRACE 25984 --- [FirstSpring] [           main] o.s.b.f.s.DefaultListableBeanFactory     : Finished creating instance of bean 'errorPageRegistrarBeanPostProcessor'
2025-01-16T02:20:13.569+02:00 DEBUG 25984 --- [FirstSpring] [           main] o.s.b.f.s.DefaultListableBeanFactory     : Creating shared instance of singleton bean 'healthEndpointGroupsBeanPostProcessor'
2025-01-16T02:20:13.569+02:00 TRACE 25984 --- [FirstSpring] [           main] o.s.b.f.s.DefaultListableBeanFactory     : Creating instance of bean 'healthEndpointGroupsBeanPostProcessor'
2025-01-16T02:20:13.573+02:00 TRACE 25984 --- [FirstSpring] [           main] o.s.b.f.s.DefaultListableBeanFactory     : Finished creating instance of bean 'healthEndpointGroupsBeanPostProcessor'
2025-01-16T02:20:13.573+02:00 DEBUG 25984 --- [FirstSpring] [           main] o.s.b.f.s.DefaultListableBeanFactory     : Creating shared instance of singleton bean 'meterRegistryPostProcessor'
2025-01-16T02:20:13.574+02:00 TRACE 25984 --- [FirstSpring] [           main] o.s.b.f.s.DefaultListableBeanFactory     : Creating instance of bean 'meterRegistryPostProcessor'
2025-01-16T02:20:13.575+02:00 DEBUG 25984 --- [FirstSpring] [           main] o.s.b.f.s.DefaultListableBeanFactory     : Autowiring by type from bean name 'meterRegistryPostProcessor' via factory method to bean named 'org.springframework.web.context.support.GenericWebApplicationContext@46292372'
2025-01-16T02:20:13.582+02:00 TRACE 25984 --- [FirstSpring] [           main] o.s.b.f.s.DefaultListableBeanFactory     : Finished creating instance of bean 'meterRegistryPostProcessor'
2025-01-16T02:20:13.582+02:00 DEBUG 25984 --- [FirstSpring] [           main] o.s.b.f.s.DefaultListableBeanFactory     : Creating shared instance of singleton bean 'observationRegistryPostProcessor'
2025-01-16T02:20:13.582+02:00 TRACE 25984 --- [FirstSpring] [           main] o.s.b.f.s.DefaultListableBeanFactory     : Creating instance of bean 'observationRegistryPostProcessor'
2025-01-16T02:20:13.585+02:00 TRACE 25984 --- [FirstSpring] [           main] o.s.b.f.s.DefaultListableBeanFactory     : Finished creating instance of bean 'observationRegistryPostProcessor'
2025-01-16T02:20:13.585+02:00 TRACE 25984 --- [FirstSpring] [           main] o.s.b.f.s.DefaultListableBeanFactory     : Returning cached instance of singleton bean 'org.springframework.boot.test.web.reactor.netty.DisableReactorResourceFactoryGlobalResourcesBeanPostProcessor'
2025-01-16T02:20:13.585+02:00 TRACE 25984 --- [FirstSpring] [           main] o.s.b.f.s.DefaultListableBeanFactory     : Returning cached instance of singleton bean 'org.springframework.boot.test.autoconfigure.properties.PropertyMappingContextCustomizer$PropertyMappingCheckBeanPostProcessor'
2025-01-16T02:20:13.587+02:00 TRACE 25984 --- [FirstSpring] [           main] o.s.w.c.s.GenericWebApplicationContext   : No 'messageSource' bean, using [Empty MessageSource]
2025-01-16T02:20:13.588+02:00 TRACE 25984 --- [FirstSpring] [           main] o.s.w.c.s.GenericWebApplicationContext   : No 'applicationEventMulticaster' bean, using [SimpleApplicationEventMulticaster]
2025-01-16T02:20:13.589+02:00 DEBUG 25984 --- [FirstSpring] [           main] o.s.u.c.s.UiApplicationContextUtils      : Unable to locate ThemeSource with name 'themeSource': using default [org.springframework.ui.context.support.ResourceBundleThemeSource@19e0dffe]
2025-01-16T02:20:13.590+02:00 DEBUG 25984 --- [FirstSpring] [           main] o.s.b.f.s.DefaultListableBeanFactory     : Creating shared instance of singleton bean 'org.springframework.test.context.support.internalDynamicPropertyRegistrarBeanInitializer'
2025-01-16T02:20:13.590+02:00 TRACE 25984 --- [FirstSpring] [           main] o.s.b.f.s.DefaultListableBeanFactory     : Creating instance of bean 'org.springframework.test.context.support.internalDynamicPropertyRegistrarBeanInitializer'
2025-01-16T02:20:13.592+02:00 TRACE 25984 --- [FirstSpring] [           main] o.s.b.f.s.DefaultListableBeanFactory     : Finished creating instance of bean 'org.springframework.test.context.support.internalDynamicPropertyRegistrarBeanInitializer'
2025-01-16T02:20:13.593+02:00 TRACE 25984 --- [FirstSpring] [           main] o.s.b.f.s.DefaultListableBeanFactory     : Pre-instantiating singletons in org.springframework.beans.factory.support.DefaultListableBeanFactory@4b6ac111: defining beans [org.springframework.boot.test.mock.mockito.MockitoPostProcessor$SpyPostProcessor,org.springframework.boot.test.mock.mockito.MockitoPostProcessor,org.springframework.test.context.support.internalDynamicPropertyRegistrarBeanInitializer,org.springframework.context.annotation.internalConfigurationAnnotationProcessor,org.springframework.context.annotation.internalAutowiredAnnotationProcessor,org.springframework.context.annotation.internalCommonAnnotationProcessor,org.springframework.context.event.internalEventListenerProcessor,org.springframework.context.event.internalEventListenerFactory,firstSpringApplication,org.springframework.boot.autoconfigure.internalCachingMetadataReaderFactory,courseController,currencyConfigurationController,currencyServiceConfiguration,org.springframework.boot.autoconfigure.AutoConfigurationPackages,org.springframework.boot.autoconfigure.context.PropertyPlaceholderAutoConfiguration,propertySourcesPlaceholderConfigurer,org.springframework.boot.autoconfigure.ssl.SslAutoConfiguration,fileWatcher,sslPropertiesSslBundleRegistrar,sslBundleRegistry,org.springframework.boot.context.properties.ConfigurationPropertiesBindingPostProcessor,org.springframework.boot.context.internalConfigurationPropertiesBinder,org.springframework.boot.context.properties.BoundConfigurationProperties,org.springframework.boot.context.properties.EnableConfigurationPropertiesRegistrar.methodValidationExcludeFilter,spring.ssl-org.springframework.boot.autoconfigure.ssl.SslProperties,org.springframework.boot.autoconfigure.websocket.servlet.WebSocketServletAutoConfiguration$TomcatWebSocketConfiguration,websocketServletWebServerCustomizer,org.springframework.boot.autoconfigure.websocket.servlet.WebSocketServletAutoConfiguration,org.springframework.boot.autoconfigure.web.servlet.ServletWebServerFactoryConfiguration$EmbeddedTomcat,tomcatServletWebServerFactory,org.springframework.boot.autoconfigure.web.servlet.ServletWebServerFactoryAutoConfiguration,servletWebServerFactoryCustomizer,tomcatServletWebServerFactoryCustomizer,server-org.springframework.boot.autoconfigure.web.ServerProperties,webServerFactoryCustomizerBeanPostProcessor,errorPageRegistrarBeanPostProcessor,org.springframework.boot.autoconfigure.web.servlet.DispatcherServletAutoConfiguration$DispatcherServletConfiguration,dispatcherServlet,spring.mvc-org.springframework.boot.autoconfigure.web.servlet.WebMvcProperties,org.springframework.boot.autoconfigure.web.servlet.DispatcherServletAutoConfiguration$DispatcherServletRegistrationConfiguration,dispatcherServletRegistration,org.springframework.boot.autoconfigure.web.servlet.DispatcherServletAutoConfiguration,org.springframework.boot.autoconfigure.task.TaskExecutorConfigurations$ThreadPoolTaskExecutorBuilderConfiguration,threadPoolTaskExecutorBuilder,org.springframework.boot.autoconfigure.task.TaskExecutorConfigurations$SimpleAsyncTaskExecutorBuilderConfiguration,simpleAsyncTaskExecutorBuilder,org.springframework.boot.autoconfigure.task.TaskExecutorConfigurations$TaskExecutorConfiguration,applicationTaskExecutor,org.springframework.boot.autoconfigure.task.TaskExecutionAutoConfiguration,spring.task.execution-org.springframework.boot.autoconfigure.task.TaskExecutionProperties,org.springframework.boot.autoconfigure.web.servlet.error.ErrorMvcAutoConfiguration$WhitelabelErrorViewConfiguration,error,beanNameViewResolver,org.springframework.boot.autoconfigure.web.servlet.error.ErrorMvcAutoConfiguration$DefaultErrorViewResolverConfiguration,conventionErrorViewResolver,spring.web-org.springframework.boot.autoconfigure.web.WebProperties,org.springframework.boot.autoconfigure.web.servlet.error.ErrorMvcAutoConfiguration,errorAttributes,basicErrorController,errorPageCustomizer,preserveErrorControllerTargetClassPostProcessor,org.springframework.boot.autoconfigure.web.servlet.WebMvcAutoConfiguration$EnableWebMvcConfiguration,welcomePageHandlerMapping,welcomePageNotAcceptableHandlerMapping,localeResolver,themeResolver,flashMapManager,viewNameTranslator,mvcConversionService,mvcValidator,mvcContentNegotiationManager,requestMappingHandlerMapping,mvcPatternParser,mvcUrlPathHelper,mvcPathMatcher,viewControllerHandlerMapping,beanNameHandlerMapping,routerFunctionMapping,resourceHandlerMapping,mvcResourceUrlProvider,defaultServletHandlerMapping,requestMappingHandlerAdapter,handlerFunctionAdapter,mvcUriComponentsContributor,httpRequestHandlerAdapter,simpleControllerHandlerAdapter,handlerExceptionResolver,mvcViewResolver,mvcHandlerMappingIntrospector,org.springframework.boot.autoconfigure.web.servlet.WebMvcAutoConfiguration$WebMvcAutoConfigurationAdapter,defaultViewResolver,viewResolver,requestContextFilter,org.springframework.boot.autoconfigure.web.servlet.WebMvcAutoConfiguration,formContentFilter,org.springframework.boot.actuate.autoconfigure.audit.AuditEventsEndpointAutoConfiguration,org.springframework.boot.autoconfigure.availability.ApplicationAvailabilityAutoConfiguration,applicationAvailability,org.springframework.boot.actuate.autoconfigure.availability.AvailabilityHealthContributorAutoConfiguration,org.springframework.boot.actuate.autoconfigure.beans.BeansEndpointAutoConfiguration,beansEndpoint,org.springframework.boot.autoconfigure.jackson.JacksonAutoConfiguration$Jackson2ObjectMapperBuilderCustomizerConfiguration,standardJacksonObjectMapperBuilderCustomizer,spring.jackson-org.springframework.boot.autoconfigure.jackson.JacksonProperties,org.springframework.boot.autoconfigure.jackson.JacksonAutoConfiguration$JacksonObjectMapperBuilderConfiguration,jacksonObjectMapperBuilder,org.springframework.boot.autoconfigure.jackson.JacksonAutoConfiguration$ParameterNamesModuleConfiguration,parameterNamesModule,org.springframework.boot.autoconfigure.jackson.JacksonAutoConfiguration$JacksonObjectMapperConfiguration,jacksonObjectMapper,org.springframework.boot.autoconfigure.jackson.JacksonAutoConfiguration$JacksonMixinConfiguration,jsonMixinModuleEntries,jsonMixinModule,org.springframework.boot.autoconfigure.jackson.JacksonAutoConfiguration,jsonComponentModule,org.springframework.boot.actuate.autoconfigure.cache.CachesEndpointAutoConfiguration,cachesEndpoint,cachesEndpointWebExtension,org.springframework.boot.actuate.autoconfigure.health.HealthEndpointConfiguration,healthStatusAggregator,healthHttpCodeStatusMapper,healthEndpointGroups,healthContributorRegistry,healthEndpointGroupMembershipValidator,healthEndpoint,healthEndpointGroupsBeanPostProcessor,org.springframework.boot.actuate.autoconfigure.health.HealthEndpointWebExtensionConfiguration$MvcAdditionalHealthEndpointPathsConfiguration,healthEndpointWebMvcHandlerMapping,org.springframework.boot.actuate.autoconfigure.health.HealthEndpointWebExtensionConfiguration,healthEndpointWebExtension,org.springframework.boot.actuate.autoconfigure.health.HealthEndpointAutoConfiguration,management.endpoint.health-org.springframework.boot.actuate.autoconfigure.health.HealthEndpointProperties,org.springframework.boot.autoconfigure.info.ProjectInfoAutoConfiguration,spring.info-org.springframework.boot.autoconfigure.info.ProjectInfoProperties,org.springframework.boot.actuate.autoconfigure.info.InfoContributorAutoConfiguration,management.health.ssl-org.springframework.boot.actuate.autoconfigure.ssl.SslHealthIndicatorProperties,management.info-org.springframework.boot.actuate.autoconfigure.info.InfoContributorProperties,org.springframework.boot.actuate.autoconfigure.info.InfoEndpointAutoConfiguration,infoEndpoint,org.springframework.boot.actuate.autoconfigure.web.servlet.ServletManagementContextAutoConfiguration,servletWebChildContextFactory,managementServletContext,org.springframework.boot.actuate.autoconfigure.condition.ConditionsReportEndpointAutoConfiguration,conditionsReportEndpoint,org.springframework.boot.actuate.autoconfigure.context.properties.ConfigurationPropertiesReportEndpointAutoConfiguration,configurationPropertiesReportEndpoint,configurationPropertiesReportEndpointWebExtension,management.endpoint.configprops-org.springframework.boot.actuate.autoconfigure.context.properties.ConfigurationPropertiesReportEndpointProperties,org.springframework.boot.actuate.autoconfigure.endpoint.EndpointAutoConfiguration,endpointOperationParameterMapper,endpointCachingOperationInvokerAdvisor,propertiesEndpointAccessResolver,org.springframework.boot.actuate.autoconfigure.endpoint.jackson.JacksonEndpointAutoConfiguration,endpointObjectMapper,org.springframework.boot.actuate.autoconfigure.endpoint.web.WebEndpointAutoConfiguration$WebEndpointServletConfiguration,servletEndpointDiscoverer,org.springframework.boot.actuate.autoconfigure.endpoint.web.WebEndpointAutoConfiguration,webEndpointPathMapper,endpointMediaTypes,webEndpointDiscoverer,controllerEndpointDiscoverer,pathMappedEndpoints,webExposeExcludePropertyEndpointFilter,controllerExposeExcludePropertyEndpointFilter,webAccessPropertiesOperationFilter,management.endpoints.web-org.springframework.boot.actuate.autoconfigure.endpoint.web.WebEndpointProperties,org.springframework.boot.actuate.autoconfigure.env.EnvironmentEndpointAutoConfiguration,environmentEndpoint,environmentEndpointWebExtension,management.endpoint.env-org.springframework.boot.actuate.autoconfigure.env.EnvironmentEndpointProperties,org.springframework.boot.actuate.autoconfigure.ssl.SslHealthContributorAutoConfiguration,sslHealthIndicator,sslInfo,org.springframework.boot.actuate.autoconfigure.system.DiskSpaceHealthContributorAutoConfiguration,diskSpaceHealthIndicator,management.health.diskspace-org.springframework.boot.actuate.autoconfigure.system.DiskSpaceHealthIndicatorProperties,org.springframework.boot.actuate.autoconfigure.health.HealthContributorAutoConfiguration,pingHealthContributor,org.springframework.boot.actuate.autoconfigure.logging.LogFileWebEndpointAutoConfiguration,management.endpoint.logfile-org.springframework.boot.actuate.autoconfigure.logging.LogFileWebEndpointProperties,org.springframework.boot.actuate.autoconfigure.logging.LoggersEndpointAutoConfiguration,loggersEndpoint,org.springframework.boot.actuate.autoconfigure.management.HeapDumpWebEndpointAutoConfiguration,heapDumpWebEndpoint,org.springframework.boot.actuate.autoconfigure.management.ThreadDumpEndpointAutoConfiguration,dumpEndpoint,org.springframework.boot.actuate.autoconfigure.metrics.MetricsAutoConfiguration,micrometerClock,meterRegistryPostProcessor,propertiesMeterFilter,meterRegistryCloser,management.metrics-org.springframework.boot.actuate.autoconfigure.metrics.MetricsProperties,org.springframework.boot.actuate.autoconfigure.metrics.export.simple.SimpleMetricsExportAutoConfiguration,simpleMeterRegistry,simpleConfig,management.simple.metrics.export-org.springframework.boot.actuate.autoconfigure.metrics.export.simple.SimpleProperties,org.springframework.boot.actuate.autoconfigure.metrics.CompositeMeterRegistryAutoConfiguration,org.springframework.boot.actuate.autoconfigure.metrics.JvmMetricsAutoConfiguration,jvmGcMetrics,jvmHeapPressureMetrics,jvmMemoryMetrics,jvmThreadMetrics,classLoaderMetrics,jvmInfoMetrics,jvmCompilationMetrics,org.springframework.boot.actuate.autoconfigure.metrics.LogbackMetricsAutoConfiguration,logbackMetrics,org.springframework.boot.actuate.autoconfigure.metrics.MetricsEndpointAutoConfiguration,metricsEndpoint,org.springframework.boot.actuate.autoconfigure.metrics.SystemMetricsAutoConfiguration,uptimeMetrics,processorMetrics,fileDescriptorMetrics,diskSpaceMetrics,org.springframework.boot.actuate.autoconfigure.metrics.integration.IntegrationMetricsAutoConfiguration,org.springframework.boot.actuate.autoconfigure.metrics.startup.StartupTimeMetricsListenerAutoConfiguration,startupTimeMetrics,org.springframework.boot.autoconfigure.task.TaskSchedulingConfigurations$ThreadPoolTaskSchedulerBuilderConfiguration,threadPoolTaskSchedulerBuilder,org.springframework.boot.autoconfigure.task.TaskSchedulingConfigurations$SimpleAsyncTaskSchedulerBuilderConfiguration,simpleAsyncTaskSchedulerBuilder,org.springframework.boot.autoconfigure.task.TaskSchedulingAutoConfiguration,spring.task.scheduling-org.springframework.boot.autoconfigure.task.TaskSchedulingProperties,org.springframework.boot.actuate.autoconfigure.metrics.task.TaskExecutorMetricsAutoConfiguration,eagerTaskExecutorMetrics,org.springframework.boot.actuate.autoconfigure.metrics.web.tomcat.TomcatMetricsAutoConfiguration,tomcatMetricsBinder,org.springframework.boot.actuate.autoconfigure.observation.ObservationAutoConfiguration$MeterObservationHandlerConfiguration$OnlyMetricsMeterObservationHandlerConfiguration,defaultMeterObservationHandler,org.springframework.boot.actuate.autoconfigure.observation.ObservationAutoConfiguration$MeterObservationHandlerConfiguration,org.springframework.boot.actuate.autoconfigure.observation.ObservationAutoConfiguration$OnlyMetricsConfiguration,metricsObservationHandlerGrouping,org.springframework.boot.actuate.autoconfigure.observation.ObservationAutoConfiguration,observationRegistryPostProcessor,observationRegistry,propertiesObservationFilter,management.observations-org.springframework.boot.actuate.autoconfigure.observation.ObservationProperties,org.springframework.boot.autoconfigure.http.HttpMessageConvertersAutoConfiguration$StringHttpMessageConverterConfiguration,stringHttpMessageConverter,org.springframework.boot.autoconfigure.http.JacksonHttpMessageConvertersConfiguration$MappingJackson2HttpMessageConverterConfiguration,mappingJackson2HttpMessageConverter,org.springframework.boot.autoconfigure.http.JacksonHttpMessageConvertersConfiguration,org.springframework.boot.autoconfigure.http.HttpMessageConvertersAutoConfiguration,messageConverters,org.springframework.boot.autoconfigure.http.client.HttpClientAutoConfiguration,clientHttpRequestFactoryBuilder,clientHttpRequestFactorySettings,spring.http.client-org.springframework.boot.autoconfigure.http.client.HttpClientProperties,org.springframework.boot.autoconfigure.web.client.RestClientAutoConfiguration,httpMessageConvertersRestClientCustomizer,restClientSsl,restClientBuilderConfigurer,restClientBuilder,org.springframework.boot.autoconfigure.web.client.RestTemplateAutoConfiguration,restTemplateBuilderConfigurer,restTemplateBuilder,org.springframework.boot.actuate.autoconfigure.observation.web.client.HttpClientObservationsAutoConfiguration$MeterFilterConfiguration,metricsHttpClientUriTagFilter,org.springframework.boot.actuate.autoconfigure.observation.web.client.RestTemplateObservationConfiguration,observationRestTemplateCustomizer,org.springframework.boot.actuate.autoconfigure.observation.web.client.RestClientObservationConfiguration,observationRestClientCustomizer,org.springframework.boot.actuate.autoconfigure.observation.web.client.HttpClientObservationsAutoConfiguration,org.springframework.boot.actuate.autoconfigure.observation.web.servlet.WebMvcObservationAutoConfiguration$MeterFilterConfiguration,metricsHttpServerUriTagFilter,org.springframework.boot.actuate.autoconfigure.observation.web.servlet.WebMvcObservationAutoConfiguration,webMvcObservationFilter,org.springframework.boot.actuate.autoconfigure.sbom.SbomEndpointAutoConfiguration,sbomEndpoint,sbomEndpointWebExtension,management.endpoint.sbom-org.springframework.boot.actuate.sbom.SbomProperties,org.springframework.boot.actuate.autoconfigure.scheduling.ScheduledTasksEndpointAutoConfiguration,scheduledTasksEndpoint,org.springframework.boot.actuate.autoconfigure.scheduling.ScheduledTasksObservabilityAutoConfiguration,observabilitySchedulingConfigurer,org.springframework.boot.actuate.autoconfigure.web.exchanges.HttpExchangesEndpointAutoConfiguration,org.springframework.boot.actuate.autoconfigure.web.mappings.MappingsEndpointAutoConfiguration$ServletWebConfiguration$SpringMvcConfiguration,dispatcherServletMappingDescriptionProvider,org.springframework.boot.actuate.autoconfigure.web.mappings.MappingsEndpointAutoConfiguration$ServletWebConfiguration,servletMappingDescriptionProvider,filterMappingDescriptionProvider,org.springframework.boot.actuate.autoconfigure.web.mappings.MappingsEndpointAutoConfiguration,mappingsEndpoint,org.springframework.boot.autoconfigure.aop.AopAutoConfiguration$ClassProxyingConfiguration,forceAutoProxyCreatorToUseClassProxying,org.springframework.boot.autoconfigure.aop.AopAutoConfiguration,org.springframework.boot.autoconfigure.context.ConfigurationPropertiesAutoConfiguration,org.springframework.boot.autoconfigure.context.LifecycleAutoConfiguration,lifecycleProcessor,spring.lifecycle-org.springframework.boot.autoconfigure.context.LifecycleProperties,org.springframework.boot.autoconfigure.sql.init.SqlInitializationAutoConfiguration,spring.sql.init-org.springframework.boot.autoconfigure.sql.init.SqlInitializationProperties,org.springframework.boot.sql.init.dependency.DatabaseInitializationDependencyConfigurer$DependsOnDatabaseInitializationPostProcessor,org.springframework.boot.autoconfigure.web.servlet.HttpEncodingAutoConfiguration,characterEncodingFilter,localeCharsetMappingsCustomizer,org.springframework.boot.autoconfigure.web.servlet.MultipartAutoConfiguration,multipartConfigElement,multipartResolver,spring.servlet.multipart-org.springframework.boot.autoconfigure.web.servlet.MultipartProperties,org.springframework.boot.actuate.autoconfigure.endpoint.web.ServletEndpointManagementContextConfiguration$WebMvcServletEndpointManagementContextConfiguration,servletEndpointRegistrar,org.springframework.boot.actuate.autoconfigure.endpoint.web.ServletEndpointManagementContextConfiguration,servletExposeExcludePropertyEndpointFilter,org.springframework.boot.actuate.autoconfigure.endpoint.web.servlet.WebMvcEndpointManagementContextConfiguration,webEndpointServletHandlerMapping,controllerEndpointHandlerMapping,endpointObjectMapperWebMvcConfigurer,management.endpoints.web.cors-org.springframework.boot.actuate.autoconfigure.endpoint.web.CorsEndpointProperties,org.springframework.boot.actuate.autoconfigure.web.server.ManagementContextAutoConfiguration$SameManagementContextConfiguration$EnableSameManagementContextConfiguration,org.springframework.boot.actuate.autoconfigure.web.server.ManagementContextAutoConfiguration$SameManagementContextConfiguration,org.springframework.boot.actuate.autoconfigure.web.server.ManagementContextAutoConfiguration,management.server-org.springframework.boot.actuate.autoconfigure.web.server.ManagementServerProperties,org.springframework.aop.config.internalAutoProxyCreator]; root of factory hierarchy
2025-01-16T02:20:13.593+02:00 TRACE 25984 --- [FirstSpring] [           main] o.s.b.f.s.DefaultListableBeanFactory     : Returning cached instance of singleton bean 'org.springframework.boot.test.mock.mockito.MockitoPostProcessor$SpyPostProcessor'
2025-01-16T02:20:13.593+02:00 TRACE 25984 --- [FirstSpring] [           main] o.s.b.f.s.DefaultListableBeanFactory     : Returning cached instance of singleton bean 'org.springframework.boot.test.mock.mockito.MockitoPostProcessor'
2025-01-16T02:20:13.593+02:00 TRACE 25984 --- [FirstSpring] [           main] o.s.b.f.s.DefaultListableBeanFactory     : Returning cached instance of singleton bean 'org.springframework.test.context.support.internalDynamicPropertyRegistrarBeanInitializer'
2025-01-16T02:20:13.593+02:00 TRACE 25984 --- [FirstSpring] [           main] o.s.b.f.s.DefaultListableBeanFactory     : Returning cached instance of singleton bean 'org.springframework.context.annotation.internalConfigurationAnnotationProcessor'
2025-01-16T02:20:13.593+02:00 TRACE 25984 --- [FirstSpring] [           main] o.s.b.f.s.DefaultListableBeanFactory     : Returning cached instance of singleton bean 'org.springframework.context.annotation.internalAutowiredAnnotationProcessor'
2025-01-16T02:20:13.593+02:00 TRACE 25984 --- [FirstSpring] [           main] o.s.b.f.s.DefaultListableBeanFactory     : Returning cached instance of singleton bean 'org.springframework.context.annotation.internalCommonAnnotationProcessor'
2025-01-16T02:20:13.593+02:00 TRACE 25984 --- [FirstSpring] [           main] o.s.b.f.s.DefaultListableBeanFactory     : Returning cached instance of singleton bean 'org.springframework.context.event.internalEventListenerProcessor'
2025-01-16T02:20:13.593+02:00 TRACE 25984 --- [FirstSpring] [           main] o.s.b.f.s.DefaultListableBeanFactory     : Returning cached instance of singleton bean 'org.springframework.context.event.internalEventListenerFactory'
2025-01-16T02:20:13.593+02:00 DEBUG 25984 --- [FirstSpring] [           main] o.s.b.f.s.DefaultListableBeanFactory     : Creating shared instance of singleton bean 'firstSpringApplication'
2025-01-16T02:20:13.593+02:00 TRACE 25984 --- [FirstSpring] [           main] o.s.b.f.s.DefaultListableBeanFactory     : Creating instance of bean 'firstSpringApplication'
2025-01-16T02:20:13.595+02:00 TRACE 25984 --- [FirstSpring] [           main] o.s.b.f.s.DefaultListableBeanFactory     : Finished creating instance of bean 'firstSpringApplication'
2025-01-16T02:20:13.595+02:00 TRACE 25984 --- [FirstSpring] [           main] o.s.b.f.s.DefaultListableBeanFactory     : Returning cached instance of singleton bean 'org.springframework.boot.autoconfigure.internalCachingMetadataReaderFactory'
2025-01-16T02:20:13.595+02:00 DEBUG 25984 --- [FirstSpring] [           main] o.s.b.f.s.DefaultListableBeanFactory     : Creating shared instance of singleton bean 'courseController'
2025-01-16T02:20:13.595+02:00 TRACE 25984 --- [FirstSpring] [           main] o.s.b.f.s.DefaultListableBeanFactory     : Creating instance of bean 'courseController'
2025-01-16T02:20:13.599+02:00 TRACE 25984 --- [FirstSpring] [           main] o.s.b.f.s.DefaultListableBeanFactory     : Finished creating instance of bean 'courseController'
2025-01-16T02:20:13.599+02:00 DEBUG 25984 --- [FirstSpring] [           main] o.s.b.f.s.DefaultListableBeanFactory     : Creating shared instance of singleton bean 'currencyConfigurationController'
2025-01-16T02:20:13.599+02:00 TRACE 25984 --- [FirstSpring] [           main] o.s.b.f.s.DefaultListableBeanFactory     : Creating instance of bean 'currencyConfigurationController'
2025-01-16T02:20:13.603+02:00 DEBUG 25984 --- [FirstSpring] [           main] o.s.b.f.s.DefaultListableBeanFactory     : Creating shared instance of singleton bean 'currencyServiceConfiguration'
2025-01-16T02:20:13.603+02:00 TRACE 25984 --- [FirstSpring] [           main] o.s.b.f.s.DefaultListableBeanFactory     : Creating instance of bean 'currencyServiceConfiguration'
2025-01-16T02:20:13.610+02:00 DEBUG 25984 --- [FirstSpring] [           main] o.s.b.f.s.DefaultListableBeanFactory     : Creating shared instance of singleton bean 'org.springframework.boot.context.properties.BoundConfigurationProperties'
2025-01-16T02:20:13.610+02:00 TRACE 25984 --- [FirstSpring] [           main] o.s.b.f.s.DefaultListableBeanFactory     : Creating instance of bean 'org.springframework.boot.context.properties.BoundConfigurationProperties'
2025-01-16T02:20:13.610+02:00 TRACE 25984 --- [FirstSpring] [           main] o.s.b.f.s.DefaultListableBeanFactory     : Finished creating instance of bean 'org.springframework.boot.context.properties.BoundConfigurationProperties'
2025-01-16T02:20:13.622+02:00 TRACE 25984 --- [FirstSpring] [           main] o.s.b.f.s.DefaultListableBeanFactory     : Finished creating instance of bean 'currencyServiceConfiguration'
2025-01-16T02:20:13.623+02:00 TRACE 25984 --- [FirstSpring] [           main] f.a.AutowiredAnnotationBeanPostProcessor : Autowiring by type from bean name 'currencyConfigurationController' to bean named 'currencyServiceConfiguration'
2025-01-16T02:20:13.624+02:00 TRACE 25984 --- [FirstSpring] [           main] o.s.b.f.s.DefaultListableBeanFactory     : Finished creating instance of bean 'currencyConfigurationController'
2025-01-16T02:20:13.624+02:00 TRACE 25984 --- [FirstSpring] [           main] o.s.b.f.s.DefaultListableBeanFactory     : Returning cached instance of singleton bean 'currencyServiceConfiguration'
2025-01-16T02:20:13.625+02:00 DEBUG 25984 --- [FirstSpring] [           main] o.s.b.f.s.DefaultListableBeanFactory     : Creating shared instance of singleton bean 'org.springframework.boot.autoconfigure.AutoConfigurationPackages'
2025-01-16T02:20:13.625+02:00 TRACE 25984 --- [FirstSpring] [           main] o.s.b.f.s.DefaultListableBeanFactory     : Creating instance of bean 'org.springframework.boot.autoconfigure.AutoConfigurationPackages'
2025-01-16T02:20:13.631+02:00 TRACE 25984 --- [FirstSpring] [           main] o.s.b.f.s.DefaultListableBeanFactory     : Finished creating instance of bean 'org.springframework.boot.autoconfigure.AutoConfigurationPackages'
2025-01-16T02:20:13.632+02:00 DEBUG 25984 --- [FirstSpring] [           main] o.s.b.f.s.DefaultListableBeanFactory     : Creating shared instance of singleton bean 'org.springframework.boot.autoconfigure.context.PropertyPlaceholderAutoConfiguration'
2025-01-16T02:20:13.632+02:00 TRACE 25984 --- [FirstSpring] [           main] o.s.b.f.s.DefaultListableBeanFactory     : Creating instance of bean 'org.springframework.boot.autoconfigure.context.PropertyPlaceholderAutoConfiguration'
2025-01-16T02:20:13.632+02:00 TRACE 25984 --- [FirstSpring] [           main] o.s.b.f.s.DefaultListableBeanFactory     : Finished creating instance of bean 'org.springframework.boot.autoconfigure.context.PropertyPlaceholderAutoConfiguration'
2025-01-16T02:20:13.632+02:00 TRACE 25984 --- [FirstSpring] [           main] o.s.b.f.s.DefaultListableBeanFactory     : Returning cached instance of singleton bean 'propertySourcesPlaceholderConfigurer'
2025-01-16T02:20:13.632+02:00 DEBUG 25984 --- [FirstSpring] [           main] o.s.b.f.s.DefaultListableBeanFactory     : Creating shared instance of singleton bean 'org.springframework.boot.autoconfigure.ssl.SslAutoConfiguration'
2025-01-16T02:20:13.632+02:00 TRACE 25984 --- [FirstSpring] [           main] o.s.b.f.s.DefaultListableBeanFactory     : Creating instance of bean 'org.springframework.boot.autoconfigure.ssl.SslAutoConfiguration'
2025-01-16T02:20:13.633+02:00 DEBUG 25984 --- [FirstSpring] [           main] o.s.b.f.s.DefaultListableBeanFactory     : Creating shared instance of singleton bean 'spring.ssl-org.springframework.boot.autoconfigure.ssl.SslProperties'
2025-01-16T02:20:13.633+02:00 TRACE 25984 --- [FirstSpring] [           main] o.s.b.f.s.DefaultListableBeanFactory     : Creating instance of bean 'spring.ssl-org.springframework.boot.autoconfigure.ssl.SslProperties'
2025-01-16T02:20:13.634+02:00 TRACE 25984 --- [FirstSpring] [           main] o.s.b.f.s.DefaultListableBeanFactory     : Returning cached instance of singleton bean 'org.springframework.boot.context.properties.BoundConfigurationProperties'
2025-01-16T02:20:13.635+02:00 TRACE 25984 --- [FirstSpring] [           main] o.s.b.f.s.DefaultListableBeanFactory     : Finished creating instance of bean 'spring.ssl-org.springframework.boot.autoconfigure.ssl.SslProperties'
2025-01-16T02:20:13.635+02:00 DEBUG 25984 --- [FirstSpring] [           main] o.s.b.f.s.DefaultListableBeanFactory     : Autowiring by type from bean name 'org.springframework.boot.autoconfigure.ssl.SslAutoConfiguration' via constructor to bean named 'org.springframework.web.context.support.GenericWebApplicationContext@46292372'
2025-01-16T02:20:13.635+02:00 DEBUG 25984 --- [FirstSpring] [           main] o.s.b.f.s.DefaultListableBeanFactory     : Autowiring by type from bean name 'org.springframework.boot.autoconfigure.ssl.SslAutoConfiguration' via constructor to bean named 'spring.ssl-org.springframework.boot.autoconfigure.ssl.SslProperties'
2025-01-16T02:20:13.636+02:00 TRACE 25984 --- [FirstSpring] [           main] o.s.c.io.support.SpringFactoriesLoader   : Loaded [org.springframework.core.io.ProtocolResolver] names: [org.springframework.boot.io.Base64ProtocolResolver]
2025-01-16T02:20:13.636+02:00 TRACE 25984 --- [FirstSpring] [           main] o.s.b.f.s.DefaultListableBeanFactory     : Finished creating instance of bean 'org.springframework.boot.autoconfigure.ssl.SslAutoConfiguration'
2025-01-16T02:20:13.636+02:00 DEBUG 25984 --- [FirstSpring] [           main] o.s.b.f.s.DefaultListableBeanFactory     : Creating shared instance of singleton bean 'fileWatcher'
2025-01-16T02:20:13.636+02:00 TRACE 25984 --- [FirstSpring] [           main] o.s.b.f.s.DefaultListableBeanFactory     : Creating instance of bean 'fileWatcher'
2025-01-16T02:20:13.636+02:00 TRACE 25984 --- [FirstSpring] [           main] o.s.b.f.s.DefaultListableBeanFactory     : Returning cached instance of singleton bean 'org.springframework.boot.autoconfigure.ssl.SslAutoConfiguration'
2025-01-16T02:20:13.637+02:00 TRACE 25984 --- [FirstSpring] [           main] o.s.b.f.s.DefaultListableBeanFactory     : Finished creating instance of bean 'fileWatcher'
2025-01-16T02:20:13.637+02:00 DEBUG 25984 --- [FirstSpring] [           main] o.s.b.f.s.DefaultListableBeanFactory     : Creating shared instance of singleton bean 'sslPropertiesSslBundleRegistrar'
2025-01-16T02:20:13.637+02:00 TRACE 25984 --- [FirstSpring] [           main] o.s.b.f.s.DefaultListableBeanFactory     : Creating instance of bean 'sslPropertiesSslBundleRegistrar'
2025-01-16T02:20:13.637+02:00 TRACE 25984 --- [FirstSpring] [           main] o.s.b.f.s.DefaultListableBeanFactory     : Returning cached instance of singleton bean 'org.springframework.boot.autoconfigure.ssl.SslAutoConfiguration'
2025-01-16T02:20:13.638+02:00 TRACE 25984 --- [FirstSpring] [           main] o.s.b.f.s.DefaultListableBeanFactory     : Returning cached instance of singleton bean 'fileWatcher'
2025-01-16T02:20:13.638+02:00 DEBUG 25984 --- [FirstSpring] [           main] o.s.b.f.s.DefaultListableBeanFactory     : Autowiring by type from bean name 'sslPropertiesSslBundleRegistrar' via factory method to bean named 'fileWatcher'
2025-01-16T02:20:13.639+02:00 TRACE 25984 --- [FirstSpring] [           main] o.s.b.f.s.DefaultListableBeanFactory     : Finished creating instance of bean 'sslPropertiesSslBundleRegistrar'
2025-01-16T02:20:13.639+02:00 DEBUG 25984 --- [FirstSpring] [           main] o.s.b.f.s.DefaultListableBeanFactory     : Creating shared instance of singleton bean 'sslBundleRegistry'
2025-01-16T02:20:13.639+02:00 TRACE 25984 --- [FirstSpring] [           main] o.s.b.f.s.DefaultListableBeanFactory     : Creating instance of bean 'sslBundleRegistry'
2025-01-16T02:20:13.639+02:00 TRACE 25984 --- [FirstSpring] [           main] o.s.b.f.s.DefaultListableBeanFactory     : Returning cached instance of singleton bean 'org.springframework.boot.autoconfigure.ssl.SslAutoConfiguration'
2025-01-16T02:20:13.640+02:00 TRACE 25984 --- [FirstSpring] [           main] o.s.b.f.s.DefaultListableBeanFactory     : Returning cached instance of singleton bean 'sslPropertiesSslBundleRegistrar'
2025-01-16T02:20:13.642+02:00 TRACE 25984 --- [FirstSpring] [           main] o.s.b.f.s.DefaultListableBeanFactory     : Returning cached instance of singleton bean 'sslPropertiesSslBundleRegistrar'
2025-01-16T02:20:13.647+02:00 TRACE 25984 --- [FirstSpring] [           main] o.s.b.f.s.DefaultListableBeanFactory     : Finished creating instance of bean 'sslBundleRegistry'
2025-01-16T02:20:13.647+02:00 TRACE 25984 --- [FirstSpring] [           main] o.s.b.f.s.DefaultListableBeanFactory     : Returning cached instance of singleton bean 'org.springframework.boot.context.properties.ConfigurationPropertiesBindingPostProcessor'
2025-01-16T02:20:13.647+02:00 TRACE 25984 --- [FirstSpring] [           main] o.s.b.f.s.DefaultListableBeanFactory     : Returning cached instance of singleton bean 'org.springframework.boot.context.internalConfigurationPropertiesBinder'
2025-01-16T02:20:13.647+02:00 TRACE 25984 --- [FirstSpring] [           main] o.s.b.f.s.DefaultListableBeanFactory     : Returning cached instance of singleton bean 'org.springframework.boot.context.properties.BoundConfigurationProperties'
2025-01-16T02:20:13.647+02:00 DEBUG 25984 --- [FirstSpring] [           main] o.s.b.f.s.DefaultListableBeanFactory     : Creating shared instance of singleton bean 'org.springframework.boot.context.properties.EnableConfigurationPropertiesRegistrar.methodValidationExcludeFilter'
2025-01-16T02:20:13.647+02:00 TRACE 25984 --- [FirstSpring] [           main] o.s.b.f.s.DefaultListableBeanFactory     : Creating instance of bean 'org.springframework.boot.context.properties.EnableConfigurationPropertiesRegistrar.methodValidationExcludeFilter'
2025-01-16T02:20:13.649+02:00 TRACE 25984 --- [FirstSpring] [           main] o.s.b.f.s.DefaultListableBeanFactory     : Ignoring factory method [public static org.springframework.boot.validation.beanvalidation.MethodValidationExcludeFilter org.springframework.boot.validation.beanvalidation.MethodValidationExcludeFilter.byAnnotation(java.lang.Class,org.springframework.core.annotation.MergedAnnotations$SearchStrategy)] of bean 'org.springframework.boot.context.properties.EnableConfigurationPropertiesRegistrar.methodValidationExcludeFilter': org.springframework.beans.factory.UnsatisfiedDependencyException: Error creating bean with name 'org.springframework.boot.context.properties.EnableConfigurationPropertiesRegistrar.methodValidationExcludeFilter': Unsatisfied dependency expressed through method 'byAnnotation' parameter 1: Ambiguous argument values for parameter of type [org.springframework.core.annotation.MergedAnnotations$SearchStrategy] - did you specify the correct bean references as arguments?
2025-01-16T02:20:13.653+02:00 TRACE 25984 --- [FirstSpring] [           main] o.s.b.f.s.DefaultListableBeanFactory     : Finished creating instance of bean 'org.springframework.boot.context.properties.EnableConfigurationPropertiesRegistrar.methodValidationExcludeFilter'
2025-01-16T02:20:13.653+02:00 TRACE 25984 --- [FirstSpring] [           main] o.s.b.f.s.DefaultListableBeanFactory     : Returning cached instance of singleton bean 'spring.ssl-org.springframework.boot.autoconfigure.ssl.SslProperties'
2025-01-16T02:20:13.653+02:00 DEBUG 25984 --- [FirstSpring] [           main] o.s.b.f.s.DefaultListableBeanFactory     : Creating shared instance of singleton bean 'org.springframework.boot.autoconfigure.websocket.servlet.WebSocketServletAutoConfiguration$TomcatWebSocketConfiguration'
2025-01-16T02:20:13.653+02:00 TRACE 25984 --- [FirstSpring] [           main] o.s.b.f.s.DefaultListableBeanFactory     : Creating instance of bean 'org.springframework.boot.autoconfigure.websocket.servlet.WebSocketServletAutoConfiguration$TomcatWebSocketConfiguration'
2025-01-16T02:20:13.654+02:00 TRACE 25984 --- [FirstSpring] [           main] o.s.b.f.s.DefaultListableBeanFactory     : Finished creating instance of bean 'org.springframework.boot.autoconfigure.websocket.servlet.WebSocketServletAutoConfiguration$TomcatWebSocketConfiguration'
2025-01-16T02:20:13.654+02:00 DEBUG 25984 --- [FirstSpring] [           main] o.s.b.f.s.DefaultListableBeanFactory     : Creating shared instance of singleton bean 'websocketServletWebServerCustomizer'
2025-01-16T02:20:13.654+02:00 TRACE 25984 --- [FirstSpring] [           main] o.s.b.f.s.DefaultListableBeanFactory     : Creating instance of bean 'websocketServletWebServerCustomizer'
2025-01-16T02:20:13.654+02:00 TRACE 25984 --- [FirstSpring] [           main] o.s.b.f.s.DefaultListableBeanFactory     : Returning cached instance of singleton bean 'org.springframework.boot.autoconfigure.websocket.servlet.WebSocketServletAutoConfiguration$TomcatWebSocketConfiguration'
2025-01-16T02:20:13.657+02:00 TRACE 25984 --- [FirstSpring] [           main] o.s.b.f.s.DefaultListableBeanFactory     : Finished creating instance of bean 'websocketServletWebServerCustomizer'
2025-01-16T02:20:13.657+02:00 DEBUG 25984 --- [FirstSpring] [           main] o.s.b.f.s.DefaultListableBeanFactory     : Creating shared instance of singleton bean 'org.springframework.boot.autoconfigure.websocket.servlet.WebSocketServletAutoConfiguration'
2025-01-16T02:20:13.657+02:00 TRACE 25984 --- [FirstSpring] [           main] o.s.b.f.s.DefaultListableBeanFactory     : Creating instance of bean 'org.springframework.boot.autoconfigure.websocket.servlet.WebSocketServletAutoConfiguration'
2025-01-16T02:20:13.657+02:00 TRACE 25984 --- [FirstSpring] [           main] o.s.b.f.s.DefaultListableBeanFactory     : Finished creating instance of bean 'org.springframework.boot.autoconfigure.websocket.servlet.WebSocketServletAutoConfiguration'
2025-01-16T02:20:13.657+02:00 DEBUG 25984 --- [FirstSpring] [           main] o.s.b.f.s.DefaultListableBeanFactory     : Creating shared instance of singleton bean 'org.springframework.boot.autoconfigure.web.servlet.ServletWebServerFactoryConfiguration$EmbeddedTomcat'
2025-01-16T02:20:13.657+02:00 TRACE 25984 --- [FirstSpring] [           main] o.s.b.f.s.DefaultListableBeanFactory     : Creating instance of bean 'org.springframework.boot.autoconfigure.web.servlet.ServletWebServerFactoryConfiguration$EmbeddedTomcat'
2025-01-16T02:20:13.657+02:00 TRACE 25984 --- [FirstSpring] [           main] o.s.b.f.s.DefaultListableBeanFactory     : Finished creating instance of bean 'org.springframework.boot.autoconfigure.web.servlet.ServletWebServerFactoryConfiguration$EmbeddedTomcat'
2025-01-16T02:20:13.657+02:00 DEBUG 25984 --- [FirstSpring] [           main] o.s.b.f.s.DefaultListableBeanFactory     : Creating shared instance of singleton bean 'tomcatServletWebServerFactory'
2025-01-16T02:20:13.657+02:00 TRACE 25984 --- [FirstSpring] [           main] o.s.b.f.s.DefaultListableBeanFactory     : Creating instance of bean 'tomcatServletWebServerFactory'
2025-01-16T02:20:13.657+02:00 TRACE 25984 --- [FirstSpring] [           main] o.s.b.f.s.DefaultListableBeanFactory     : Returning cached instance of singleton bean 'org.springframework.boot.autoconfigure.web.servlet.ServletWebServerFactoryConfiguration$EmbeddedTomcat'
2025-01-16T02:20:13.688+02:00 TRACE 25984 --- [FirstSpring] [           main] o.s.b.f.s.DefaultListableBeanFactory     : Returning cached instance of singleton bean 'websocketServletWebServerCustomizer'
2025-01-16T02:20:13.688+02:00 DEBUG 25984 --- [FirstSpring] [           main] o.s.b.f.s.DefaultListableBeanFactory     : Creating shared instance of singleton bean 'servletWebServerFactoryCustomizer'
2025-01-16T02:20:13.688+02:00 TRACE 25984 --- [FirstSpring] [           main] o.s.b.f.s.DefaultListableBeanFactory     : Creating instance of bean 'servletWebServerFactoryCustomizer'
2025-01-16T02:20:13.689+02:00 DEBUG 25984 --- [FirstSpring] [           main] o.s.b.f.s.DefaultListableBeanFactory     : Creating shared instance of singleton bean 'org.springframework.boot.autoconfigure.web.servlet.ServletWebServerFactoryAutoConfiguration'
2025-01-16T02:20:13.689+02:00 TRACE 25984 --- [FirstSpring] [           main] o.s.b.f.s.DefaultListableBeanFactory     : Creating instance of bean 'org.springframework.boot.autoconfigure.web.servlet.ServletWebServerFactoryAutoConfiguration'
2025-01-16T02:20:13.689+02:00 TRACE 25984 --- [FirstSpring] [           main] o.s.b.f.s.DefaultListableBeanFactory     : Finished creating instance of bean 'org.springframework.boot.autoconfigure.web.servlet.ServletWebServerFactoryAutoConfiguration'
2025-01-16T02:20:13.690+02:00 DEBUG 25984 --- [FirstSpring] [           main] o.s.b.f.s.DefaultListableBeanFactory     : Creating shared instance of singleton bean 'server-org.springframework.boot.autoconfigure.web.ServerProperties'
2025-01-16T02:20:13.690+02:00 TRACE 25984 --- [FirstSpring] [           main] o.s.b.f.s.DefaultListableBeanFactory     : Creating instance of bean 'server-org.springframework.boot.autoconfigure.web.ServerProperties'
2025-01-16T02:20:13.699+02:00 TRACE 25984 --- [FirstSpring] [           main] o.s.b.f.s.DefaultListableBeanFactory     : Returning cached instance of singleton bean 'org.springframework.boot.context.properties.BoundConfigurationProperties'
2025-01-16T02:20:13.703+02:00 TRACE 25984 --- [FirstSpring] [           main] o.s.b.f.s.DefaultListableBeanFactory     : Finished creating instance of bean 'server-org.springframework.boot.autoconfigure.web.ServerProperties'
2025-01-16T02:20:13.703+02:00 DEBUG 25984 --- [FirstSpring] [           main] o.s.b.f.s.DefaultListableBeanFactory     : Autowiring by type from bean name 'servletWebServerFactoryCustomizer' via factory method to bean named 'server-org.springframework.boot.autoconfigure.web.ServerProperties'
2025-01-16T02:20:13.708+02:00 TRACE 25984 --- [FirstSpring] [           main] o.s.b.f.s.DefaultListableBeanFactory     : Returning cached instance of singleton bean 'sslBundleRegistry'
2025-01-16T02:20:13.708+02:00 TRACE 25984 --- [FirstSpring] [           main] o.s.b.f.s.DefaultListableBeanFactory     : Finished creating instance of bean 'servletWebServerFactoryCustomizer'
2025-01-16T02:20:13.708+02:00 DEBUG 25984 --- [FirstSpring] [           main] o.s.b.f.s.DefaultListableBeanFactory     : Creating shared instance of singleton bean 'tomcatServletWebServerFactoryCustomizer'
2025-01-16T02:20:13.708+02:00 TRACE 25984 --- [FirstSpring] [           main] o.s.b.f.s.DefaultListableBeanFactory     : Creating instance of bean 'tomcatServletWebServerFactoryCustomizer'
2025-01-16T02:20:13.708+02:00 TRACE 25984 --- [FirstSpring] [           main] o.s.b.f.s.DefaultListableBeanFactory     : Returning cached instance of singleton bean 'org.springframework.boot.autoconfigure.web.servlet.ServletWebServerFactoryAutoConfiguration'
2025-01-16T02:20:13.709+02:00 TRACE 25984 --- [FirstSpring] [           main] o.s.b.f.s.DefaultListableBeanFactory     : Returning cached instance of singleton bean 'server-org.springframework.boot.autoconfigure.web.ServerProperties'
2025-01-16T02:20:13.709+02:00 DEBUG 25984 --- [FirstSpring] [           main] o.s.b.f.s.DefaultListableBeanFactory     : Autowiring by type from bean name 'tomcatServletWebServerFactoryCustomizer' via factory method to bean named 'server-org.springframework.boot.autoconfigure.web.ServerProperties'
2025-01-16T02:20:13.710+02:00 TRACE 25984 --- [FirstSpring] [           main] o.s.b.f.s.DefaultListableBeanFactory     : Finished creating instance of bean 'tomcatServletWebServerFactoryCustomizer'
2025-01-16T02:20:13.710+02:00 DEBUG 25984 --- [FirstSpring] [           main] o.s.b.f.s.DefaultListableBeanFactory     : Creating shared instance of singleton bean 'localeCharsetMappingsCustomizer'
2025-01-16T02:20:13.710+02:00 TRACE 25984 --- [FirstSpring] [           main] o.s.b.f.s.DefaultListableBeanFactory     : Creating instance of bean 'localeCharsetMappingsCustomizer'
2025-01-16T02:20:13.710+02:00 DEBUG 25984 --- [FirstSpring] [           main] o.s.b.f.s.DefaultListableBeanFactory     : Creating shared instance of singleton bean 'org.springframework.boot.autoconfigure.web.servlet.HttpEncodingAutoConfiguration'
2025-01-16T02:20:13.710+02:00 TRACE 25984 --- [FirstSpring] [           main] o.s.b.f.s.DefaultListableBeanFactory     : Creating instance of bean 'org.springframework.boot.autoconfigure.web.servlet.HttpEncodingAutoConfiguration'
2025-01-16T02:20:13.710+02:00 TRACE 25984 --- [FirstSpring] [           main] o.s.b.f.s.DefaultListableBeanFactory     : Returning cached instance of singleton bean 'server-org.springframework.boot.autoconfigure.web.ServerProperties'
2025-01-16T02:20:13.710+02:00 DEBUG 25984 --- [FirstSpring] [           main] o.s.b.f.s.DefaultListableBeanFactory     : Autowiring by type from bean name 'org.springframework.boot.autoconfigure.web.servlet.HttpEncodingAutoConfiguration' via constructor to bean named 'server-org.springframework.boot.autoconfigure.web.ServerProperties'
2025-01-16T02:20:13.710+02:00 TRACE 25984 --- [FirstSpring] [           main] o.s.b.f.s.DefaultListableBeanFactory     : Finished creating instance of bean 'org.springframework.boot.autoconfigure.web.servlet.HttpEncodingAutoConfiguration'
2025-01-16T02:20:13.711+02:00 TRACE 25984 --- [FirstSpring] [           main] o.s.b.f.s.DefaultListableBeanFactory     : Finished creating instance of bean 'localeCharsetMappingsCustomizer'
2025-01-16T02:20:13.723+02:00 DEBUG 25984 --- [FirstSpring] [           main] o.s.b.f.s.DefaultListableBeanFactory     : Creating shared instance of singleton bean 'errorPageCustomizer'
2025-01-16T02:20:13.723+02:00 TRACE 25984 --- [FirstSpring] [           main] o.s.b.f.s.DefaultListableBeanFactory     : Creating instance of bean 'errorPageCustomizer'
2025-01-16T02:20:13.723+02:00 DEBUG 25984 --- [FirstSpring] [           main] o.s.b.f.s.DefaultListableBeanFactory     : Creating shared instance of singleton bean 'org.springframework.boot.autoconfigure.web.servlet.error.ErrorMvcAutoConfiguration'
2025-01-16T02:20:13.724+02:00 TRACE 25984 --- [FirstSpring] [           main] o.s.b.f.s.DefaultListableBeanFactory     : Creating instance of bean 'org.springframework.boot.autoconfigure.web.servlet.error.ErrorMvcAutoConfiguration'
2025-01-16T02:20:13.724+02:00 TRACE 25984 --- [FirstSpring] [           main] o.s.b.f.s.DefaultListableBeanFactory     : Returning cached instance of singleton bean 'server-org.springframework.boot.autoconfigure.web.ServerProperties'
2025-01-16T02:20:13.724+02:00 DEBUG 25984 --- [FirstSpring] [           main] o.s.b.f.s.DefaultListableBeanFactory     : Autowiring by type from bean name 'org.springframework.boot.autoconfigure.web.servlet.error.ErrorMvcAutoConfiguration' via constructor to bean named 'server-org.springframework.boot.autoconfigure.web.ServerProperties'
2025-01-16T02:20:13.725+02:00 TRACE 25984 --- [FirstSpring] [           main] o.s.b.f.s.DefaultListableBeanFactory     : Finished creating instance of bean 'org.springframework.boot.autoconfigure.web.servlet.error.ErrorMvcAutoConfiguration'
2025-01-16T02:20:13.726+02:00 DEBUG 25984 --- [FirstSpring] [           main] o.s.b.f.s.DefaultListableBeanFactory     : Creating shared instance of singleton bean 'dispatcherServletRegistration'
2025-01-16T02:20:13.728+02:00 TRACE 25984 --- [FirstSpring] [           main] o.s.b.f.s.DefaultListableBeanFactory     : Creating instance of bean 'dispatcherServletRegistration'
2025-01-16T02:20:13.728+02:00 DEBUG 25984 --- [FirstSpring] [           main] o.s.b.f.s.DefaultListableBeanFactory     : Creating shared instance of singleton bean 'org.springframework.boot.autoconfigure.web.servlet.DispatcherServletAutoConfiguration$DispatcherServletRegistrationConfiguration'
2025-01-16T02:20:13.728+02:00 TRACE 25984 --- [FirstSpring] [           main] o.s.b.f.s.DefaultListableBeanFactory     : Creating instance of bean 'org.springframework.boot.autoconfigure.web.servlet.DispatcherServletAutoConfiguration$DispatcherServletRegistrationConfiguration'
2025-01-16T02:20:13.729+02:00 TRACE 25984 --- [FirstSpring] [           main] o.s.b.f.s.DefaultListableBeanFactory     : Finished creating instance of bean 'org.springframework.boot.autoconfigure.web.servlet.DispatcherServletAutoConfiguration$DispatcherServletRegistrationConfiguration'
2025-01-16T02:20:13.729+02:00 DEBUG 25984 --- [FirstSpring] [           main] o.s.b.f.s.DefaultListableBeanFactory     : Creating shared instance of singleton bean 'dispatcherServlet'
2025-01-16T02:20:13.729+02:00 TRACE 25984 --- [FirstSpring] [           main] o.s.b.f.s.DefaultListableBeanFactory     : Creating instance of bean 'dispatcherServlet'
2025-01-16T02:20:13.729+02:00 DEBUG 25984 --- [FirstSpring] [           main] o.s.b.f.s.DefaultListableBeanFactory     : Creating shared instance of singleton bean 'org.springframework.boot.autoconfigure.web.servlet.DispatcherServletAutoConfiguration$DispatcherServletConfiguration'
2025-01-16T02:20:13.729+02:00 TRACE 25984 --- [FirstSpring] [           main] o.s.b.f.s.DefaultListableBeanFactory     : Creating instance of bean 'org.springframework.boot.autoconfigure.web.servlet.DispatcherServletAutoConfiguration$DispatcherServletConfiguration'
2025-01-16T02:20:13.730+02:00 TRACE 25984 --- [FirstSpring] [           main] o.s.b.f.s.DefaultListableBeanFactory     : Finished creating instance of bean 'org.springframework.boot.autoconfigure.web.servlet.DispatcherServletAutoConfiguration$DispatcherServletConfiguration'
2025-01-16T02:20:13.731+02:00 DEBUG 25984 --- [FirstSpring] [           main] o.s.b.f.s.DefaultListableBeanFactory     : Creating shared instance of singleton bean 'spring.mvc-org.springframework.boot.autoconfigure.web.servlet.WebMvcProperties'
2025-01-16T02:20:13.732+02:00 TRACE 25984 --- [FirstSpring] [           main] o.s.b.f.s.DefaultListableBeanFactory     : Creating instance of bean 'spring.mvc-org.springframework.boot.autoconfigure.web.servlet.WebMvcProperties'
2025-01-16T02:20:13.735+02:00 TRACE 25984 --- [FirstSpring] [           main] o.s.b.f.s.DefaultListableBeanFactory     : Returning cached instance of singleton bean 'org.springframework.boot.context.properties.BoundConfigurationProperties'
2025-01-16T02:20:13.761+02:00 TRACE 25984 --- [FirstSpring] [           main] o.s.b.f.s.DefaultListableBeanFactory     : Finished creating instance of bean 'spring.mvc-org.springframework.boot.autoconfigure.web.servlet.WebMvcProperties'
2025-01-16T02:20:13.761+02:00 DEBUG 25984 --- [FirstSpring] [           main] o.s.b.f.s.DefaultListableBeanFactory     : Autowiring by type from bean name 'dispatcherServlet' via factory method to bean named 'spring.mvc-org.springframework.boot.autoconfigure.web.servlet.WebMvcProperties'
2025-01-16T02:20:13.780+02:00 TRACE 25984 --- [FirstSpring] [           main] o.s.b.f.s.DefaultListableBeanFactory     : Finished creating instance of bean 'dispatcherServlet'
2025-01-16T02:20:13.781+02:00 TRACE 25984 --- [FirstSpring] [           main] o.s.b.f.s.DefaultListableBeanFactory     : Returning cached instance of singleton bean 'spring.mvc-org.springframework.boot.autoconfigure.web.servlet.WebMvcProperties'
2025-01-16T02:20:13.781+02:00 DEBUG 25984 --- [FirstSpring] [           main] o.s.b.f.s.DefaultListableBeanFactory     : Autowiring by type from bean name 'dispatcherServletRegistration' via factory method to bean named 'dispatcherServlet'
2025-01-16T02:20:13.781+02:00 DEBUG 25984 --- [FirstSpring] [           main] o.s.b.f.s.DefaultListableBeanFactory     : Autowiring by type from bean name 'dispatcherServletRegistration' via factory method to bean named 'spring.mvc-org.springframework.boot.autoconfigure.web.servlet.WebMvcProperties'
2025-01-16T02:20:13.786+02:00 DEBUG 25984 --- [FirstSpring] [           main] o.s.b.f.s.DefaultListableBeanFactory     : Creating shared instance of singleton bean 'multipartConfigElement'
2025-01-16T02:20:13.786+02:00 TRACE 25984 --- [FirstSpring] [           main] o.s.b.f.s.DefaultListableBeanFactory     : Creating instance of bean 'multipartConfigElement'
2025-01-16T02:20:13.786+02:00 DEBUG 25984 --- [FirstSpring] [           main] o.s.b.f.s.DefaultListableBeanFactory     : Creating shared instance of singleton bean 'org.springframework.boot.autoconfigure.web.servlet.MultipartAutoConfiguration'
2025-01-16T02:20:13.786+02:00 TRACE 25984 --- [FirstSpring] [           main] o.s.b.f.s.DefaultListableBeanFactory     : Creating instance of bean 'org.springframework.boot.autoconfigure.web.servlet.MultipartAutoConfiguration'
2025-01-16T02:20:13.788+02:00 DEBUG 25984 --- [FirstSpring] [           main] o.s.b.f.s.DefaultListableBeanFactory     : Creating shared instance of singleton bean 'spring.servlet.multipart-org.springframework.boot.autoconfigure.web.servlet.MultipartProperties'
2025-01-16T02:20:13.788+02:00 TRACE 25984 --- [FirstSpring] [           main] o.s.b.f.s.DefaultListableBeanFactory     : Creating instance of bean 'spring.servlet.multipart-org.springframework.boot.autoconfigure.web.servlet.MultipartProperties'
2025-01-16T02:20:13.789+02:00 TRACE 25984 --- [FirstSpring] [           main] o.s.b.f.s.DefaultListableBeanFactory     : Returning cached instance of singleton bean 'org.springframework.boot.context.properties.BoundConfigurationProperties'
2025-01-16T02:20:13.798+02:00 TRACE 25984 --- [FirstSpring] [           main] o.s.b.f.s.DefaultListableBeanFactory     : Finished creating instance of bean 'spring.servlet.multipart-org.springframework.boot.autoconfigure.web.servlet.MultipartProperties'
2025-01-16T02:20:13.798+02:00 DEBUG 25984 --- [FirstSpring] [           main] o.s.b.f.s.DefaultListableBeanFactory     : Autowiring by type from bean name 'org.springframework.boot.autoconfigure.web.servlet.MultipartAutoConfiguration' via constructor to bean named 'spring.servlet.multipart-org.springframework.boot.autoconfigure.web.servlet.MultipartProperties'
2025-01-16T02:20:13.799+02:00 TRACE 25984 --- [FirstSpring] [           main] o.s.b.f.s.DefaultListableBeanFactory     : Finished creating instance of bean 'org.springframework.boot.autoconfigure.web.servlet.MultipartAutoConfiguration'
2025-01-16T02:20:13.802+02:00 TRACE 25984 --- [FirstSpring] [           main] o.s.b.f.s.DefaultListableBeanFactory     : Finished creating instance of bean 'multipartConfigElement'
2025-01-16T02:20:13.806+02:00 TRACE 25984 --- [FirstSpring] [           main] o.s.b.f.s.DefaultListableBeanFactory     : Finished creating instance of bean 'dispatcherServletRegistration'
2025-01-16T02:20:13.806+02:00 DEBUG 25984 --- [FirstSpring] [           main] o.s.b.f.s.DefaultListableBeanFactory     : Autowiring by type from bean name 'errorPageCustomizer' via factory method to bean named 'dispatcherServletRegistration'
2025-01-16T02:20:13.807+02:00 TRACE 25984 --- [FirstSpring] [           main] o.s.b.f.s.DefaultListableBeanFactory     : Finished creating instance of bean 'errorPageCustomizer'
2025-01-16T02:20:13.808+02:00 TRACE 25984 --- [FirstSpring] [           main] o.s.b.f.s.DefaultListableBeanFactory     : Finished creating instance of bean 'tomcatServletWebServerFactory'
2025-01-16T02:20:13.808+02:00 TRACE 25984 --- [FirstSpring] [           main] o.s.b.f.s.DefaultListableBeanFactory     : Returning cached instance of singleton bean 'org.springframework.boot.autoconfigure.web.servlet.ServletWebServerFactoryAutoConfiguration'
2025-01-16T02:20:13.808+02:00 TRACE 25984 --- [FirstSpring] [           main] o.s.b.f.s.DefaultListableBeanFactory     : Returning cached instance of singleton bean 'servletWebServerFactoryCustomizer'
2025-01-16T02:20:13.808+02:00 TRACE 25984 --- [FirstSpring] [           main] o.s.b.f.s.DefaultListableBeanFactory     : Returning cached instance of singleton bean 'tomcatServletWebServerFactoryCustomizer'
2025-01-16T02:20:13.808+02:00 TRACE 25984 --- [FirstSpring] [           main] o.s.b.f.s.DefaultListableBeanFactory     : Returning cached instance of singleton bean 'server-org.springframework.boot.autoconfigure.web.ServerProperties'
2025-01-16T02:20:13.808+02:00 TRACE 25984 --- [FirstSpring] [           main] o.s.b.f.s.DefaultListableBeanFactory     : Returning cached instance of singleton bean 'webServerFactoryCustomizerBeanPostProcessor'
2025-01-16T02:20:13.808+02:00 TRACE 25984 --- [FirstSpring] [           main] o.s.b.f.s.DefaultListableBeanFactory     : Returning cached instance of singleton bean 'errorPageRegistrarBeanPostProcessor'
2025-01-16T02:20:13.808+02:00 TRACE 25984 --- [FirstSpring] [           main] o.s.b.f.s.DefaultListableBeanFactory     : Returning cached instance of singleton bean 'org.springframework.boot.autoconfigure.web.servlet.DispatcherServletAutoConfiguration$DispatcherServletConfiguration'
2025-01-16T02:20:13.808+02:00 TRACE 25984 --- [FirstSpring] [           main] o.s.b.f.s.DefaultListableBeanFactory     : Returning cached instance of singleton bean 'dispatcherServlet'
2025-01-16T02:20:13.808+02:00 TRACE 25984 --- [FirstSpring] [           main] o.s.b.f.s.DefaultListableBeanFactory     : Returning cached instance of singleton bean 'spring.mvc-org.springframework.boot.autoconfigure.web.servlet.WebMvcProperties'
2025-01-16T02:20:13.808+02:00 TRACE 25984 --- [FirstSpring] [           main] o.s.b.f.s.DefaultListableBeanFactory     : Returning cached instance of singleton bean 'org.springframework.boot.autoconfigure.web.servlet.DispatcherServletAutoConfiguration$DispatcherServletRegistrationConfiguration'
2025-01-16T02:20:13.808+02:00 TRACE 25984 --- [FirstSpring] [           main] o.s.b.f.s.DefaultListableBeanFactory     : Returning cached instance of singleton bean 'dispatcherServletRegistration'
2025-01-16T02:20:13.808+02:00 DEBUG 25984 --- [FirstSpring] [           main] o.s.b.f.s.DefaultListableBeanFactory     : Creating shared instance of singleton bean 'org.springframework.boot.autoconfigure.web.servlet.DispatcherServletAutoConfiguration'
2025-01-16T02:20:13.808+02:00 TRACE 25984 --- [FirstSpring] [           main] o.s.b.f.s.DefaultListableBeanFactory     : Creating instance of bean 'org.springframework.boot.autoconfigure.web.servlet.DispatcherServletAutoConfiguration'
2025-01-16T02:20:13.808+02:00 TRACE 25984 --- [FirstSpring] [           main] o.s.b.f.s.DefaultListableBeanFactory     : Finished creating instance of bean 'org.springframework.boot.autoconfigure.web.servlet.DispatcherServletAutoConfiguration'
2025-01-16T02:20:13.808+02:00 DEBUG 25984 --- [FirstSpring] [           main] o.s.b.f.s.DefaultListableBeanFactory     : Creating shared instance of singleton bean 'org.springframework.boot.autoconfigure.task.TaskExecutorConfigurations$ThreadPoolTaskExecutorBuilderConfiguration'
2025-01-16T02:20:13.808+02:00 TRACE 25984 --- [FirstSpring] [           main] o.s.b.f.s.DefaultListableBeanFactory     : Creating instance of bean 'org.springframework.boot.autoconfigure.task.TaskExecutorConfigurations$ThreadPoolTaskExecutorBuilderConfiguration'
2025-01-16T02:20:13.808+02:00 TRACE 25984 --- [FirstSpring] [           main] o.s.b.f.s.DefaultListableBeanFactory     : Finished creating instance of bean 'org.springframework.boot.autoconfigure.task.TaskExecutorConfigurations$ThreadPoolTaskExecutorBuilderConfiguration'
2025-01-16T02:20:13.808+02:00 DEBUG 25984 --- [FirstSpring] [           main] o.s.b.f.s.DefaultListableBeanFactory     : Creating shared instance of singleton bean 'threadPoolTaskExecutorBuilder'
2025-01-16T02:20:13.808+02:00 TRACE 25984 --- [FirstSpring] [           main] o.s.b.f.s.DefaultListableBeanFactory     : Creating instance of bean 'threadPoolTaskExecutorBuilder'
2025-01-16T02:20:13.808+02:00 TRACE 25984 --- [FirstSpring] [           main] o.s.b.f.s.DefaultListableBeanFactory     : Returning cached instance of singleton bean 'org.springframework.boot.autoconfigure.task.TaskExecutorConfigurations$ThreadPoolTaskExecutorBuilderConfiguration'
2025-01-16T02:20:13.810+02:00 DEBUG 25984 --- [FirstSpring] [           main] o.s.b.f.s.DefaultListableBeanFactory     : Creating shared instance of singleton bean 'spring.task.execution-org.springframework.boot.autoconfigure.task.TaskExecutionProperties'
2025-01-16T02:20:13.811+02:00 TRACE 25984 --- [FirstSpring] [           main] o.s.b.f.s.DefaultListableBeanFactory     : Creating instance of bean 'spring.task.execution-org.springframework.boot.autoconfigure.task.TaskExecutionProperties'
2025-01-16T02:20:13.811+02:00 TRACE 25984 --- [FirstSpring] [           main] o.s.b.f.s.DefaultListableBeanFactory     : Returning cached instance of singleton bean 'org.springframework.boot.context.properties.BoundConfigurationProperties'
2025-01-16T02:20:13.812+02:00 TRACE 25984 --- [FirstSpring] [           main] o.s.b.f.s.DefaultListableBeanFactory     : Finished creating instance of bean 'spring.task.execution-org.springframework.boot.autoconfigure.task.TaskExecutionProperties'
2025-01-16T02:20:13.812+02:00 DEBUG 25984 --- [FirstSpring] [           main] o.s.b.f.s.DefaultListableBeanFactory     : Autowiring by type from bean name 'threadPoolTaskExecutorBuilder' via factory method to bean named 'spring.task.execution-org.springframework.boot.autoconfigure.task.TaskExecutionProperties'
2025-01-16T02:20:13.816+02:00 TRACE 25984 --- [FirstSpring] [           main] o.s.b.f.s.DefaultListableBeanFactory     : Finished creating instance of bean 'threadPoolTaskExecutorBuilder'
2025-01-16T02:20:13.816+02:00 DEBUG 25984 --- [FirstSpring] [           main] o.s.b.f.s.DefaultListableBeanFactory     : Creating shared instance of singleton bean 'org.springframework.boot.autoconfigure.task.TaskExecutorConfigurations$SimpleAsyncTaskExecutorBuilderConfiguration'
2025-01-16T02:20:13.816+02:00 TRACE 25984 --- [FirstSpring] [           main] o.s.b.f.s.DefaultListableBeanFactory     : Creating instance of bean 'org.springframework.boot.autoconfigure.task.TaskExecutorConfigurations$SimpleAsyncTaskExecutorBuilderConfiguration'
2025-01-16T02:20:13.817+02:00 TRACE 25984 --- [FirstSpring] [           main] o.s.b.f.s.DefaultListableBeanFactory     : Returning cached instance of singleton bean 'spring.task.execution-org.springframework.boot.autoconfigure.task.TaskExecutionProperties'
2025-01-16T02:20:13.817+02:00 DEBUG 25984 --- [FirstSpring] [           main] o.s.b.f.s.DefaultListableBeanFactory     : Autowiring by type from bean name 'org.springframework.boot.autoconfigure.task.TaskExecutorConfigurations$SimpleAsyncTaskExecutorBuilderConfiguration' via constructor to bean named 'spring.task.execution-org.springframework.boot.autoconfigure.task.TaskExecutionProperties'
2025-01-16T02:20:13.818+02:00 TRACE 25984 --- [FirstSpring] [           main] o.s.b.f.s.DefaultListableBeanFactory     : Finished creating instance of bean 'org.springframework.boot.autoconfigure.task.TaskExecutorConfigurations$SimpleAsyncTaskExecutorBuilderConfiguration'
2025-01-16T02:20:13.818+02:00 DEBUG 25984 --- [FirstSpring] [           main] o.s.b.f.s.DefaultListableBeanFactory     : Creating shared instance of singleton bean 'simpleAsyncTaskExecutorBuilder'
2025-01-16T02:20:13.818+02:00 TRACE 25984 --- [FirstSpring] [           main] o.s.b.f.s.DefaultListableBeanFactory     : Creating instance of bean 'simpleAsyncTaskExecutorBuilder'
2025-01-16T02:20:13.818+02:00 TRACE 25984 --- [FirstSpring] [           main] o.s.b.f.s.DefaultListableBeanFactory     : Returning cached instance of singleton bean 'org.springframework.boot.autoconfigure.task.TaskExecutorConfigurations$SimpleAsyncTaskExecutorBuilderConfiguration'
2025-01-16T02:20:13.820+02:00 TRACE 25984 --- [FirstSpring] [           main] o.s.b.f.s.DefaultListableBeanFactory     : Finished creating instance of bean 'simpleAsyncTaskExecutorBuilder'
2025-01-16T02:20:13.820+02:00 DEBUG 25984 --- [FirstSpring] [           main] o.s.b.f.s.DefaultListableBeanFactory     : Creating shared instance of singleton bean 'org.springframework.boot.autoconfigure.task.TaskExecutorConfigurations$TaskExecutorConfiguration'
2025-01-16T02:20:13.820+02:00 TRACE 25984 --- [FirstSpring] [           main] o.s.b.f.s.DefaultListableBeanFactory     : Creating instance of bean 'org.springframework.boot.autoconfigure.task.TaskExecutorConfigurations$TaskExecutorConfiguration'
2025-01-16T02:20:13.820+02:00 TRACE 25984 --- [FirstSpring] [           main] o.s.b.f.s.DefaultListableBeanFactory     : Finished creating instance of bean 'org.springframework.boot.autoconfigure.task.TaskExecutorConfigurations$TaskExecutorConfiguration'
2025-01-16T02:20:13.820+02:00 DEBUG 25984 --- [FirstSpring] [           main] o.s.b.f.s.DefaultListableBeanFactory     : Creating shared instance of singleton bean 'org.springframework.boot.autoconfigure.task.TaskExecutionAutoConfiguration'
2025-01-16T02:20:13.820+02:00 TRACE 25984 --- [FirstSpring] [           main] o.s.b.f.s.DefaultListableBeanFactory     : Creating instance of bean 'org.springframework.boot.autoconfigure.task.TaskExecutionAutoConfiguration'
2025-01-16T02:20:13.820+02:00 TRACE 25984 --- [FirstSpring] [           main] o.s.b.f.s.DefaultListableBeanFactory     : Finished creating instance of bean 'org.springframework.boot.autoconfigure.task.TaskExecutionAutoConfiguration'
2025-01-16T02:20:13.820+02:00 TRACE 25984 --- [FirstSpring] [           main] o.s.b.f.s.DefaultListableBeanFactory     : Returning cached instance of singleton bean 'spring.task.execution-org.springframework.boot.autoconfigure.task.TaskExecutionProperties'
2025-01-16T02:20:13.820+02:00 DEBUG 25984 --- [FirstSpring] [           main] o.s.b.f.s.DefaultListableBeanFactory     : Creating shared instance of singleton bean 'org.springframework.boot.autoconfigure.web.servlet.error.ErrorMvcAutoConfiguration$WhitelabelErrorViewConfiguration'
2025-01-16T02:20:13.820+02:00 TRACE 25984 --- [FirstSpring] [           main] o.s.b.f.s.DefaultListableBeanFactory     : Creating instance of bean 'org.springframework.boot.autoconfigure.web.servlet.error.ErrorMvcAutoConfiguration$WhitelabelErrorViewConfiguration'
2025-01-16T02:20:13.821+02:00 TRACE 25984 --- [FirstSpring] [           main] o.s.b.f.s.DefaultListableBeanFactory     : Finished creating instance of bean 'org.springframework.boot.autoconfigure.web.servlet.error.ErrorMvcAutoConfiguration$WhitelabelErrorViewConfiguration'
2025-01-16T02:20:13.821+02:00 DEBUG 25984 --- [FirstSpring] [           main] o.s.b.f.s.DefaultListableBeanFactory     : Creating shared instance of singleton bean 'error'
2025-01-16T02:20:13.821+02:00 TRACE 25984 --- [FirstSpring] [           main] o.s.b.f.s.DefaultListableBeanFactory     : Creating instance of bean 'error'
2025-01-16T02:20:13.821+02:00 TRACE 25984 --- [FirstSpring] [           main] o.s.b.f.s.DefaultListableBeanFactory     : Returning cached instance of singleton bean 'org.springframework.boot.autoconfigure.web.servlet.error.ErrorMvcAutoConfiguration$WhitelabelErrorViewConfiguration'
2025-01-16T02:20:13.821+02:00 TRACE 25984 --- [FirstSpring] [           main] o.s.b.f.s.DefaultListableBeanFactory     : Finished creating instance of bean 'error'
2025-01-16T02:20:13.822+02:00 DEBUG 25984 --- [FirstSpring] [           main] o.s.b.f.s.DefaultListableBeanFactory     : Creating shared instance of singleton bean 'beanNameViewResolver'
2025-01-16T02:20:13.822+02:00 TRACE 25984 --- [FirstSpring] [           main] o.s.b.f.s.DefaultListableBeanFactory     : Creating instance of bean 'beanNameViewResolver'
2025-01-16T02:20:13.822+02:00 TRACE 25984 --- [FirstSpring] [           main] o.s.b.f.s.DefaultListableBeanFactory     : Returning cached instance of singleton bean 'org.springframework.boot.autoconfigure.web.servlet.error.ErrorMvcAutoConfiguration$WhitelabelErrorViewConfiguration'
2025-01-16T02:20:13.824+02:00 TRACE 25984 --- [FirstSpring] [           main] o.s.b.f.s.DefaultListableBeanFactory     : Finished creating instance of bean 'beanNameViewResolver'
2025-01-16T02:20:13.824+02:00 DEBUG 25984 --- [FirstSpring] [           main] o.s.b.f.s.DefaultListableBeanFactory     : Creating shared instance of singleton bean 'org.springframework.boot.autoconfigure.web.servlet.error.ErrorMvcAutoConfiguration$DefaultErrorViewResolverConfiguration'
2025-01-16T02:20:13.824+02:00 TRACE 25984 --- [FirstSpring] [           main] o.s.b.f.s.DefaultListableBeanFactory     : Creating instance of bean 'org.springframework.boot.autoconfigure.web.servlet.error.ErrorMvcAutoConfiguration$DefaultErrorViewResolverConfiguration'
2025-01-16T02:20:13.825+02:00 DEBUG 25984 --- [FirstSpring] [           main] o.s.b.f.s.DefaultListableBeanFactory     : Creating shared instance of singleton bean 'spring.web-org.springframework.boot.autoconfigure.web.WebProperties'
2025-01-16T02:20:13.825+02:00 TRACE 25984 --- [FirstSpring] [           main] o.s.b.f.s.DefaultListableBeanFactory     : Creating instance of bean 'spring.web-org.springframework.boot.autoconfigure.web.WebProperties'
2025-01-16T02:20:13.827+02:00 TRACE 25984 --- [FirstSpring] [           main] o.s.b.f.s.DefaultListableBeanFactory     : Returning cached instance of singleton bean 'org.springframework.boot.context.properties.BoundConfigurationProperties'
2025-01-16T02:20:13.828+02:00 TRACE 25984 --- [FirstSpring] [           main] o.s.b.f.s.DefaultListableBeanFactory     : Finished creating instance of bean 'spring.web-org.springframework.boot.autoconfigure.web.WebProperties'
2025-01-16T02:20:13.828+02:00 DEBUG 25984 --- [FirstSpring] [           main] o.s.b.f.s.DefaultListableBeanFactory     : Autowiring by type from bean name 'org.springframework.boot.autoconfigure.web.servlet.error.ErrorMvcAutoConfiguration$DefaultErrorViewResolverConfiguration' via constructor to bean named 'org.springframework.web.context.support.GenericWebApplicationContext@46292372'
2025-01-16T02:20:13.828+02:00 DEBUG 25984 --- [FirstSpring] [           main] o.s.b.f.s.DefaultListableBeanFactory     : Autowiring by type from bean name 'org.springframework.boot.autoconfigure.web.servlet.error.ErrorMvcAutoConfiguration$DefaultErrorViewResolverConfiguration' via constructor to bean named 'spring.web-org.springframework.boot.autoconfigure.web.WebProperties'
2025-01-16T02:20:13.828+02:00 TRACE 25984 --- [FirstSpring] [           main] o.s.b.f.s.DefaultListableBeanFactory     : Finished creating instance of bean 'org.springframework.boot.autoconfigure.web.servlet.error.ErrorMvcAutoConfiguration$DefaultErrorViewResolverConfiguration'
2025-01-16T02:20:13.828+02:00 DEBUG 25984 --- [FirstSpring] [           main] o.s.b.f.s.DefaultListableBeanFactory     : Creating shared instance of singleton bean 'conventionErrorViewResolver'
2025-01-16T02:20:13.828+02:00 TRACE 25984 --- [FirstSpring] [           main] o.s.b.f.s.DefaultListableBeanFactory     : Creating instance of bean 'conventionErrorViewResolver'
2025-01-16T02:20:13.829+02:00 TRACE 25984 --- [FirstSpring] [           main] o.s.b.f.s.DefaultListableBeanFactory     : Returning cached instance of singleton bean 'org.springframework.boot.autoconfigure.web.servlet.error.ErrorMvcAutoConfiguration$DefaultErrorViewResolverConfiguration'
2025-01-16T02:20:13.831+02:00 TRACE 25984 --- [FirstSpring] [           main] o.s.c.io.support.SpringFactoriesLoader   : Loaded [org.springframework.boot.autoconfigure.template.TemplateAvailabilityProvider] names: [org.springframework.boot.autoconfigure.freemarker.FreeMarkerTemplateAvailabilityProvider, org.springframework.boot.autoconfigure.mustache.MustacheTemplateAvailabilityProvider, org.springframework.boot.autoconfigure.groovy.template.GroovyTemplateAvailabilityProvider, org.springframework.boot.autoconfigure.thymeleaf.ThymeleafTemplateAvailabilityProvider, org.springframework.boot.autoconfigure.web.servlet.JspTemplateAvailabilityProvider]
2025-01-16T02:20:13.832+02:00 TRACE 25984 --- [FirstSpring] [           main] o.s.b.f.s.DefaultListableBeanFactory     : Finished creating instance of bean 'conventionErrorViewResolver'
2025-01-16T02:20:13.832+02:00 TRACE 25984 --- [FirstSpring] [           main] o.s.b.f.s.DefaultListableBeanFactory     : Returning cached instance of singleton bean 'spring.web-org.springframework.boot.autoconfigure.web.WebProperties'
2025-01-16T02:20:13.832+02:00 TRACE 25984 --- [FirstSpring] [           main] o.s.b.f.s.DefaultListableBeanFactory     : Returning cached instance of singleton bean 'org.springframework.boot.autoconfigure.web.servlet.error.ErrorMvcAutoConfiguration'
2025-01-16T02:20:13.832+02:00 DEBUG 25984 --- [FirstSpring] [           main] o.s.b.f.s.DefaultListableBeanFactory     : Creating shared instance of singleton bean 'errorAttributes'
2025-01-16T02:20:13.832+02:00 TRACE 25984 --- [FirstSpring] [           main] o.s.b.f.s.DefaultListableBeanFactory     : Creating instance of bean 'errorAttributes'
2025-01-16T02:20:13.832+02:00 TRACE 25984 --- [FirstSpring] [           main] o.s.b.f.s.DefaultListableBeanFactory     : Returning cached instance of singleton bean 'org.springframework.boot.autoconfigure.web.servlet.error.ErrorMvcAutoConfiguration'
2025-01-16T02:20:13.834+02:00 TRACE 25984 --- [FirstSpring] [           main] o.s.b.f.s.DefaultListableBeanFactory     : Finished creating instance of bean 'errorAttributes'
2025-01-16T02:20:13.834+02:00 DEBUG 25984 --- [FirstSpring] [           main] o.s.b.f.s.DefaultListableBeanFactory     : Creating shared instance of singleton bean 'basicErrorController'
2025-01-16T02:20:13.834+02:00 TRACE 25984 --- [FirstSpring] [           main] o.s.b.f.s.DefaultListableBeanFactory     : Creating instance of bean 'basicErrorController'
2025-01-16T02:20:13.834+02:00 TRACE 25984 --- [FirstSpring] [           main] o.s.b.f.s.DefaultListableBeanFactory     : Returning cached instance of singleton bean 'org.springframework.boot.autoconfigure.web.servlet.error.ErrorMvcAutoConfiguration'
2025-01-16T02:20:13.835+02:00 TRACE 25984 --- [FirstSpring] [           main] o.s.b.f.s.DefaultListableBeanFactory     : Returning cached instance of singleton bean 'errorAttributes'
2025-01-16T02:20:13.835+02:00 DEBUG 25984 --- [FirstSpring] [           main] o.s.b.f.s.DefaultListableBeanFactory     : Autowiring by type from bean name 'basicErrorController' via factory method to bean named 'errorAttributes'
2025-01-16T02:20:13.836+02:00 TRACE 25984 --- [FirstSpring] [           main] o.s.b.f.s.DefaultListableBeanFactory     : Returning cached instance of singleton bean 'conventionErrorViewResolver'
2025-01-16T02:20:13.836+02:00 TRACE 25984 --- [FirstSpring] [           main] o.s.b.f.s.DefaultListableBeanFactory     : Returning cached instance of singleton bean 'conventionErrorViewResolver'
2025-01-16T02:20:13.842+02:00 TRACE 25984 --- [FirstSpring] [           main] o.s.b.f.s.DefaultListableBeanFactory     : Finished creating instance of bean 'basicErrorController'
2025-01-16T02:20:13.842+02:00 TRACE 25984 --- [FirstSpring] [           main] o.s.b.f.s.DefaultListableBeanFactory     : Returning cached instance of singleton bean 'errorPageCustomizer'
2025-01-16T02:20:13.842+02:00 TRACE 25984 --- [FirstSpring] [           main] o.s.b.f.s.DefaultListableBeanFactory     : Returning cached instance of singleton bean 'preserveErrorControllerTargetClassPostProcessor'
2025-01-16T02:20:13.842+02:00 DEBUG 25984 --- [FirstSpring] [           main] o.s.b.f.s.DefaultListableBeanFactory     : Creating shared instance of singleton bean 'org.springframework.boot.autoconfigure.web.servlet.WebMvcAutoConfiguration$EnableWebMvcConfiguration'
2025-01-16T02:20:13.842+02:00 TRACE 25984 --- [FirstSpring] [           main] o.s.b.f.s.DefaultListableBeanFactory     : Creating instance of bean 'org.springframework.boot.autoconfigure.web.servlet.WebMvcAutoConfiguration$EnableWebMvcConfiguration'
2025-01-16T02:20:13.843+02:00 TRACE 25984 --- [FirstSpring] [           main] o.s.b.f.s.DefaultListableBeanFactory     : Returning cached instance of singleton bean 'spring.mvc-org.springframework.boot.autoconfigure.web.servlet.WebMvcProperties'
2025-01-16T02:20:13.843+02:00 TRACE 25984 --- [FirstSpring] [           main] o.s.b.f.s.DefaultListableBeanFactory     : Returning cached instance of singleton bean 'spring.web-org.springframework.boot.autoconfigure.web.WebProperties'
2025-01-16T02:20:13.843+02:00 DEBUG 25984 --- [FirstSpring] [           main] o.s.b.f.s.DefaultListableBeanFactory     : Autowiring by type from bean name 'org.springframework.boot.autoconfigure.web.servlet.WebMvcAutoConfiguration$EnableWebMvcConfiguration' via constructor to bean named 'spring.mvc-org.springframework.boot.autoconfigure.web.servlet.WebMvcProperties'
2025-01-16T02:20:13.844+02:00 DEBUG 25984 --- [FirstSpring] [           main] o.s.b.f.s.DefaultListableBeanFactory     : Autowiring by type from bean name 'org.springframework.boot.autoconfigure.web.servlet.WebMvcAutoConfiguration$EnableWebMvcConfiguration' via constructor to bean named 'spring.web-org.springframework.boot.autoconfigure.web.WebProperties'
2025-01-16T02:20:13.844+02:00 DEBUG 25984 --- [FirstSpring] [           main] o.s.b.f.s.DefaultListableBeanFactory     : Autowiring by type from bean name 'org.springframework.boot.autoconfigure.web.servlet.WebMvcAutoConfiguration$EnableWebMvcConfiguration' via constructor to bean named 'org.springframework.beans.factory.support.DefaultListableBeanFactory@4b6ac111'
2025-01-16T02:20:13.849+02:00 TRACE 25984 --- [FirstSpring] [           main] o.s.beans.CachedIntrospectionResults     : Getting BeanInfo for class [org.springframework.boot.autoconfigure.web.servlet.WebMvcAutoConfiguration$EnableWebMvcConfiguration]
2025-01-16T02:20:13.850+02:00 TRACE 25984 --- [FirstSpring] [           main] o.s.beans.CachedIntrospectionResults     : Caching PropertyDescriptors for class [org.springframework.boot.autoconfigure.web.servlet.WebMvcAutoConfiguration$EnableWebMvcConfiguration]
2025-01-16T02:20:13.850+02:00 TRACE 25984 --- [FirstSpring] [           main] o.s.beans.CachedIntrospectionResults     : Found bean property 'applicationContext' of type [org.springframework.context.ApplicationContext]
2025-01-16T02:20:13.850+02:00 TRACE 25984 --- [FirstSpring] [           main] o.s.beans.CachedIntrospectionResults     : Found bean property 'class' of type [java.lang.Class]
2025-01-16T02:20:13.850+02:00 TRACE 25984 --- [FirstSpring] [           main] o.s.beans.CachedIntrospectionResults     : Found bean property 'configurers' of type [java.util.List]
2025-01-16T02:20:13.850+02:00 TRACE 25984 --- [FirstSpring] [           main] o.s.beans.CachedIntrospectionResults     : Found bean property 'resourceLoader' of type [org.springframework.core.io.ResourceLoader]
2025-01-16T02:20:13.850+02:00 TRACE 25984 --- [FirstSpring] [           main] o.s.beans.CachedIntrospectionResults     : Found bean property 'servletContext' of type [jakarta.servlet.ServletContext]
2025-01-16T02:20:13.853+02:00 DEBUG 25984 --- [FirstSpring] [           main] o.s.b.f.s.DefaultListableBeanFactory     : Creating shared instance of singleton bean 'org.springframework.boot.autoconfigure.web.servlet.WebMvcAutoConfiguration$WebMvcAutoConfigurationAdapter'
2025-01-16T02:20:13.854+02:00 TRACE 25984 --- [FirstSpring] [           main] o.s.b.f.s.DefaultListableBeanFactory     : Creating instance of bean 'org.springframework.boot.autoconfigure.web.servlet.WebMvcAutoConfiguration$WebMvcAutoConfigurationAdapter'
2025-01-16T02:20:13.854+02:00 TRACE 25984 --- [FirstSpring] [           main] o.s.b.f.s.DefaultListableBeanFactory     : Returning cached instance of singleton bean 'spring.web-org.springframework.boot.autoconfigure.web.WebProperties'
2025-01-16T02:20:13.854+02:00 TRACE 25984 --- [FirstSpring] [           main] o.s.b.f.s.DefaultListableBeanFactory     : Returning cached instance of singleton bean 'spring.mvc-org.springframework.boot.autoconfigure.web.servlet.WebMvcProperties'
2025-01-16T02:20:13.855+02:00 DEBUG 25984 --- [FirstSpring] [           main] o.s.b.f.s.DefaultListableBeanFactory     : Autowiring by type from bean name 'org.springframework.boot.autoconfigure.web.servlet.WebMvcAutoConfiguration$WebMvcAutoConfigurationAdapter' via constructor to bean named 'spring.web-org.springframework.boot.autoconfigure.web.WebProperties'
2025-01-16T02:20:13.855+02:00 DEBUG 25984 --- [FirstSpring] [           main] o.s.b.f.s.DefaultListableBeanFactory     : Autowiring by type from bean name 'org.springframework.boot.autoconfigure.web.servlet.WebMvcAutoConfiguration$WebMvcAutoConfigurationAdapter' via constructor to bean named 'spring.mvc-org.springframework.boot.autoconfigure.web.servlet.WebMvcProperties'
2025-01-16T02:20:13.855+02:00 DEBUG 25984 --- [FirstSpring] [           main] o.s.b.f.s.DefaultListableBeanFactory     : Autowiring by type from bean name 'org.springframework.boot.autoconfigure.web.servlet.WebMvcAutoConfiguration$WebMvcAutoConfigurationAdapter' via constructor to bean named 'org.springframework.beans.factory.support.DefaultListableBeanFactory@4b6ac111'
2025-01-16T02:20:13.858+02:00 TRACE 25984 --- [FirstSpring] [           main] o.s.b.f.s.DefaultListableBeanFactory     : Finished creating instance of bean 'org.springframework.boot.autoconfigure.web.servlet.WebMvcAutoConfiguration$WebMvcAutoConfigurationAdapter'
2025-01-16T02:20:13.858+02:00 DEBUG 25984 --- [FirstSpring] [           main] o.s.b.f.s.DefaultListableBeanFactory     : Creating shared instance of singleton bean 'endpointObjectMapperWebMvcConfigurer'
2025-01-16T02:20:13.858+02:00 TRACE 25984 --- [FirstSpring] [           main] o.s.b.f.s.DefaultListableBeanFactory     : Creating instance of bean 'endpointObjectMapperWebMvcConfigurer'
2025-01-16T02:20:13.858+02:00 DEBUG 25984 --- [FirstSpring] [           main] o.s.b.f.s.DefaultListableBeanFactory     : Creating shared instance of singleton bean 'endpointObjectMapper'
2025-01-16T02:20:13.858+02:00 TRACE 25984 --- [FirstSpring] [           main] o.s.b.f.s.DefaultListableBeanFactory     : Creating instance of bean 'endpointObjectMapper'
2025-01-16T02:20:13.858+02:00 DEBUG 25984 --- [FirstSpring] [           main] o.s.b.f.s.DefaultListableBeanFactory     : Creating shared instance of singleton bean 'org.springframework.boot.actuate.autoconfigure.endpoint.jackson.JacksonEndpointAutoConfiguration'
2025-01-16T02:20:13.858+02:00 TRACE 25984 --- [FirstSpring] [           main] o.s.b.f.s.DefaultListableBeanFactory     : Creating instance of bean 'org.springframework.boot.actuate.autoconfigure.endpoint.jackson.JacksonEndpointAutoConfiguration'
2025-01-16T02:20:13.859+02:00 TRACE 25984 --- [FirstSpring] [           main] o.s.b.f.s.DefaultListableBeanFactory     : Finished creating instance of bean 'org.springframework.boot.actuate.autoconfigure.endpoint.jackson.JacksonEndpointAutoConfiguration'
2025-01-16T02:20:13.861+02:00 TRACE 25984 --- [FirstSpring] [           main] o.s.b.f.s.DefaultListableBeanFactory     : Finished creating instance of bean 'endpointObjectMapper'
2025-01-16T02:20:13.861+02:00 DEBUG 25984 --- [FirstSpring] [           main] o.s.b.f.s.DefaultListableBeanFactory     : Autowiring by type from bean name 'endpointObjectMapperWebMvcConfigurer' via factory method to bean named 'endpointObjectMapper'
2025-01-16T02:20:13.861+02:00 TRACE 25984 --- [FirstSpring] [           main] o.s.b.f.s.DefaultListableBeanFactory     : Finished creating instance of bean 'endpointObjectMapperWebMvcConfigurer'
2025-01-16T02:20:13.862+02:00 TRACE 25984 --- [FirstSpring] [           main] f.a.AutowiredAnnotationBeanPostProcessor : Autowiring by type from bean name 'org.springframework.boot.autoconfigure.web.servlet.WebMvcAutoConfiguration$EnableWebMvcConfiguration' to bean named 'org.springframework.boot.autoconfigure.web.servlet.WebMvcAutoConfiguration$WebMvcAutoConfigurationAdapter'
2025-01-16T02:20:13.862+02:00 TRACE 25984 --- [FirstSpring] [           main] f.a.AutowiredAnnotationBeanPostProcessor : Autowiring by type from bean name 'org.springframework.boot.autoconfigure.web.servlet.WebMvcAutoConfiguration$EnableWebMvcConfiguration' to bean named 'endpointObjectMapperWebMvcConfigurer'
2025-01-16T02:20:13.862+02:00 TRACE 25984 --- [FirstSpring] [           main] o.s.b.f.s.DefaultListableBeanFactory     : Finished creating instance of bean 'org.springframework.boot.autoconfigure.web.servlet.WebMvcAutoConfiguration$EnableWebMvcConfiguration'
2025-01-16T02:20:13.862+02:00 DEBUG 25984 --- [FirstSpring] [           main] o.s.b.f.s.DefaultListableBeanFactory     : Creating shared instance of singleton bean 'welcomePageHandlerMapping'
2025-01-16T02:20:13.862+02:00 TRACE 25984 --- [FirstSpring] [           main] o.s.b.f.s.DefaultListableBeanFactory     : Creating instance of bean 'welcomePageHandlerMapping'
2025-01-16T02:20:13.862+02:00 TRACE 25984 --- [FirstSpring] [           main] o.s.b.f.s.DefaultListableBeanFactory     : Returning cached instance of singleton bean 'org.springframework.boot.autoconfigure.web.servlet.WebMvcAutoConfiguration$EnableWebMvcConfiguration'
2025-01-16T02:20:13.862+02:00 DEBUG 25984 --- [FirstSpring] [           main] o.s.b.f.s.DefaultListableBeanFactory     : Creating shared instance of singleton bean 'mvcConversionService'
2025-01-16T02:20:13.863+02:00 TRACE 25984 --- [FirstSpring] [           main] o.s.b.f.s.DefaultListableBeanFactory     : Creating instance of bean 'mvcConversionService'
2025-01-16T02:20:13.863+02:00 TRACE 25984 --- [FirstSpring] [           main] o.s.b.f.s.DefaultListableBeanFactory     : Returning cached instance of singleton bean 'org.springframework.boot.autoconfigure.web.servlet.WebMvcAutoConfiguration$EnableWebMvcConfiguration'
2025-01-16T02:20:13.866+02:00 TRACE 25984 --- [FirstSpring] [           main] o.s.b.f.s.DefaultListableBeanFactory     : Finished creating instance of bean 'mvcConversionService'
2025-01-16T02:20:13.868+02:00 DEBUG 25984 --- [FirstSpring] [           main] o.s.b.f.s.DefaultListableBeanFactory     : Creating shared instance of singleton bean 'mvcResourceUrlProvider'
2025-01-16T02:20:13.868+02:00 TRACE 25984 --- [FirstSpring] [           main] o.s.b.f.s.DefaultListableBeanFactory     : Creating instance of bean 'mvcResourceUrlProvider'
2025-01-16T02:20:13.868+02:00 TRACE 25984 --- [FirstSpring] [           main] o.s.b.f.s.DefaultListableBeanFactory     : Returning cached instance of singleton bean 'org.springframework.boot.autoconfigure.web.servlet.WebMvcAutoConfiguration$EnableWebMvcConfiguration'
2025-01-16T02:20:13.870+02:00 TRACE 25984 --- [FirstSpring] [           main] o.s.b.f.s.DefaultListableBeanFactory     : Finished creating instance of bean 'mvcResourceUrlProvider'
2025-01-16T02:20:13.870+02:00 DEBUG 25984 --- [FirstSpring] [           main] o.s.b.f.s.DefaultListableBeanFactory     : Autowiring by type from bean name 'welcomePageHandlerMapping' via factory method to bean named 'org.springframework.web.context.support.GenericWebApplicationContext@46292372'
2025-01-16T02:20:13.870+02:00 DEBUG 25984 --- [FirstSpring] [           main] o.s.b.f.s.DefaultListableBeanFactory     : Autowiring by type from bean name 'welcomePageHandlerMapping' via factory method to bean named 'mvcConversionService'
2025-01-16T02:20:13.870+02:00 DEBUG 25984 --- [FirstSpring] [           main] o.s.b.f.s.DefaultListableBeanFactory     : Autowiring by type from bean name 'welcomePageHandlerMapping' via factory method to bean named 'mvcResourceUrlProvider'
2025-01-16T02:20:13.873+02:00 TRACE 25984 --- [FirstSpring] [           main] o.s.c.io.support.SpringFactoriesLoader   : Loaded [org.springframework.boot.autoconfigure.template.TemplateAvailabilityProvider] names: [org.springframework.boot.autoconfigure.freemarker.FreeMarkerTemplateAvailabilityProvider, org.springframework.boot.autoconfigure.mustache.MustacheTemplateAvailabilityProvider, org.springframework.boot.autoconfigure.groovy.template.GroovyTemplateAvailabilityProvider, org.springframework.boot.autoconfigure.thymeleaf.ThymeleafTemplateAvailabilityProvider, org.springframework.boot.autoconfigure.web.servlet.JspTemplateAvailabilityProvider]
2025-01-16T02:20:13.887+02:00 TRACE 25984 --- [FirstSpring] [           main] o.s.b.f.s.DefaultListableBeanFactory     : Finished creating instance of bean 'welcomePageHandlerMapping'
2025-01-16T02:20:13.887+02:00 DEBUG 25984 --- [FirstSpring] [           main] o.s.b.f.s.DefaultListableBeanFactory     : Creating shared instance of singleton bean 'welcomePageNotAcceptableHandlerMapping'
2025-01-16T02:20:13.887+02:00 TRACE 25984 --- [FirstSpring] [           main] o.s.b.f.s.DefaultListableBeanFactory     : Creating instance of bean 'welcomePageNotAcceptableHandlerMapping'
2025-01-16T02:20:13.887+02:00 TRACE 25984 --- [FirstSpring] [           main] o.s.b.f.s.DefaultListableBeanFactory     : Returning cached instance of singleton bean 'org.springframework.boot.autoconfigure.web.servlet.WebMvcAutoConfiguration$EnableWebMvcConfiguration'
2025-01-16T02:20:13.887+02:00 TRACE 25984 --- [FirstSpring] [           main] o.s.b.f.s.DefaultListableBeanFactory     : Returning cached instance of singleton bean 'mvcConversionService'
2025-01-16T02:20:13.887+02:00 TRACE 25984 --- [FirstSpring] [           main] o.s.b.f.s.DefaultListableBeanFactory     : Returning cached instance of singleton bean 'mvcResourceUrlProvider'
2025-01-16T02:20:13.887+02:00 DEBUG 25984 --- [FirstSpring] [           main] o.s.b.f.s.DefaultListableBeanFactory     : Autowiring by type from bean name 'welcomePageNotAcceptableHandlerMapping' via factory method to bean named 'org.springframework.web.context.support.GenericWebApplicationContext@46292372'
2025-01-16T02:20:13.887+02:00 DEBUG 25984 --- [FirstSpring] [           main] o.s.b.f.s.DefaultListableBeanFactory     : Autowiring by type from bean name 'welcomePageNotAcceptableHandlerMapping' via factory method to bean named 'mvcConversionService'
2025-01-16T02:20:13.887+02:00 DEBUG 25984 --- [FirstSpring] [           main] o.s.b.f.s.DefaultListableBeanFactory     : Autowiring by type from bean name 'welcomePageNotAcceptableHandlerMapping' via factory method to bean named 'mvcResourceUrlProvider'
2025-01-16T02:20:13.888+02:00 TRACE 25984 --- [FirstSpring] [           main] o.s.c.io.support.SpringFactoriesLoader   : Loaded [org.springframework.boot.autoconfigure.template.TemplateAvailabilityProvider] names: [org.springframework.boot.autoconfigure.freemarker.FreeMarkerTemplateAvailabilityProvider, org.springframework.boot.autoconfigure.mustache.MustacheTemplateAvailabilityProvider, org.springframework.boot.autoconfigure.groovy.template.GroovyTemplateAvailabilityProvider, org.springframework.boot.autoconfigure.thymeleaf.ThymeleafTemplateAvailabilityProvider, org.springframework.boot.autoconfigure.web.servlet.JspTemplateAvailabilityProvider]
2025-01-16T02:20:13.890+02:00 TRACE 25984 --- [FirstSpring] [           main] o.s.b.f.s.DefaultListableBeanFactory     : Finished creating instance of bean 'welcomePageNotAcceptableHandlerMapping'
2025-01-16T02:20:13.890+02:00 DEBUG 25984 --- [FirstSpring] [           main] o.s.b.f.s.DefaultListableBeanFactory     : Creating shared instance of singleton bean 'localeResolver'
2025-01-16T02:20:13.890+02:00 TRACE 25984 --- [FirstSpring] [           main] o.s.b.f.s.DefaultListableBeanFactory     : Creating instance of bean 'localeResolver'
2025-01-16T02:20:13.890+02:00 TRACE 25984 --- [FirstSpring] [           main] o.s.b.f.s.DefaultListableBeanFactory     : Returning cached instance of singleton bean 'org.springframework.boot.autoconfigure.web.servlet.WebMvcAutoConfiguration$EnableWebMvcConfiguration'
2025-01-16T02:20:13.891+02:00 TRACE 25984 --- [FirstSpring] [           main] o.s.b.f.s.DefaultListableBeanFactory     : Finished creating instance of bean 'localeResolver'
2025-01-16T02:20:13.891+02:00 DEBUG 25984 --- [FirstSpring] [           main] o.s.b.f.s.DefaultListableBeanFactory     : Creating shared instance of singleton bean 'themeResolver'
2025-01-16T02:20:13.891+02:00 TRACE 25984 --- [FirstSpring] [           main] o.s.b.f.s.DefaultListableBeanFactory     : Creating instance of bean 'themeResolver'
2025-01-16T02:20:13.892+02:00 TRACE 25984 --- [FirstSpring] [           main] o.s.b.f.s.DefaultListableBeanFactory     : Returning cached instance of singleton bean 'org.springframework.boot.autoconfigure.web.servlet.WebMvcAutoConfiguration$EnableWebMvcConfiguration'
2025-01-16T02:20:13.892+02:00 TRACE 25984 --- [FirstSpring] [           main] o.s.b.f.s.DefaultListableBeanFactory     : Finished creating instance of bean 'themeResolver'
2025-01-16T02:20:13.892+02:00 DEBUG 25984 --- [FirstSpring] [           main] o.s.b.f.s.DefaultListableBeanFactory     : Creating shared instance of singleton bean 'flashMapManager'
2025-01-16T02:20:13.892+02:00 TRACE 25984 --- [FirstSpring] [           main] o.s.b.f.s.DefaultListableBeanFactory     : Creating instance of bean 'flashMapManager'
2025-01-16T02:20:13.892+02:00 TRACE 25984 --- [FirstSpring] [           main] o.s.b.f.s.DefaultListableBeanFactory     : Returning cached instance of singleton bean 'org.springframework.boot.autoconfigure.web.servlet.WebMvcAutoConfiguration$EnableWebMvcConfiguration'
2025-01-16T02:20:13.895+02:00 TRACE 25984 --- [FirstSpring] [           main] o.s.b.f.s.DefaultListableBeanFactory     : Finished creating instance of bean 'flashMapManager'
2025-01-16T02:20:13.895+02:00 DEBUG 25984 --- [FirstSpring] [           main] o.s.b.f.s.DefaultListableBeanFactory     : Creating shared instance of singleton bean 'viewNameTranslator'
2025-01-16T02:20:13.895+02:00 TRACE 25984 --- [FirstSpring] [           main] o.s.b.f.s.DefaultListableBeanFactory     : Creating instance of bean 'viewNameTranslator'
2025-01-16T02:20:13.895+02:00 TRACE 25984 --- [FirstSpring] [           main] o.s.b.f.s.DefaultListableBeanFactory     : Returning cached instance of singleton bean 'org.springframework.boot.autoconfigure.web.servlet.WebMvcAutoConfiguration$EnableWebMvcConfiguration'
2025-01-16T02:20:13.896+02:00 TRACE 25984 --- [FirstSpring] [           main] o.s.b.f.s.DefaultListableBeanFactory     : Finished creating instance of bean 'viewNameTranslator'
2025-01-16T02:20:13.896+02:00 TRACE 25984 --- [FirstSpring] [           main] o.s.b.f.s.DefaultListableBeanFactory     : Returning cached instance of singleton bean 'mvcConversionService'
2025-01-16T02:20:13.896+02:00 DEBUG 25984 --- [FirstSpring] [           main] o.s.b.f.s.DefaultListableBeanFactory     : Creating shared instance of singleton bean 'mvcValidator'
2025-01-16T02:20:13.896+02:00 TRACE 25984 --- [FirstSpring] [           main] o.s.b.f.s.DefaultListableBeanFactory     : Creating instance of bean 'mvcValidator'
2025-01-16T02:20:13.896+02:00 TRACE 25984 --- [FirstSpring] [           main] o.s.b.f.s.DefaultListableBeanFactory     : Returning cached instance of singleton bean 'org.springframework.boot.autoconfigure.web.servlet.WebMvcAutoConfiguration$EnableWebMvcConfiguration'
2025-01-16T02:20:13.897+02:00 TRACE 25984 --- [FirstSpring] [           main] o.s.b.f.s.DefaultListableBeanFactory     : Finished creating instance of bean 'mvcValidator'
2025-01-16T02:20:13.897+02:00 DEBUG 25984 --- [FirstSpring] [           main] o.s.b.f.s.DefaultListableBeanFactory     : Creating shared instance of singleton bean 'mvcContentNegotiationManager'
2025-01-16T02:20:13.897+02:00 TRACE 25984 --- [FirstSpring] [           main] o.s.b.f.s.DefaultListableBeanFactory     : Creating instance of bean 'mvcContentNegotiationManager'
2025-01-16T02:20:13.897+02:00 TRACE 25984 --- [FirstSpring] [           main] o.s.b.f.s.DefaultListableBeanFactory     : Returning cached instance of singleton bean 'org.springframework.boot.autoconfigure.web.servlet.WebMvcAutoConfiguration$EnableWebMvcConfiguration'
2025-01-16T02:20:13.901+02:00 TRACE 25984 --- [FirstSpring] [           main] o.s.b.f.s.DefaultListableBeanFactory     : Finished creating instance of bean 'mvcContentNegotiationManager'
2025-01-16T02:20:13.901+02:00 DEBUG 25984 --- [FirstSpring] [           main] o.s.b.f.s.DefaultListableBeanFactory     : Creating shared instance of singleton bean 'requestMappingHandlerMapping'
2025-01-16T02:20:13.901+02:00 TRACE 25984 --- [FirstSpring] [           main] o.s.b.f.s.DefaultListableBeanFactory     : Creating instance of bean 'requestMappingHandlerMapping'
2025-01-16T02:20:13.901+02:00 TRACE 25984 --- [FirstSpring] [           main] o.s.b.f.s.DefaultListableBeanFactory     : Returning cached instance of singleton bean 'org.springframework.boot.autoconfigure.web.servlet.WebMvcAutoConfiguration$EnableWebMvcConfiguration'
2025-01-16T02:20:13.903+02:00 TRACE 25984 --- [FirstSpring] [           main] o.s.b.f.s.DefaultListableBeanFactory     : Returning cached instance of singleton bean 'mvcContentNegotiationManager'
2025-01-16T02:20:13.903+02:00 TRACE 25984 --- [FirstSpring] [           main] o.s.b.f.s.DefaultListableBeanFactory     : Returning cached instance of singleton bean 'mvcConversionService'
2025-01-16T02:20:13.903+02:00 TRACE 25984 --- [FirstSpring] [           main] o.s.b.f.s.DefaultListableBeanFactory     : Returning cached instance of singleton bean 'mvcResourceUrlProvider'
2025-01-16T02:20:13.903+02:00 DEBUG 25984 --- [FirstSpring] [           main] o.s.b.f.s.DefaultListableBeanFactory     : Autowiring by type from bean name 'requestMappingHandlerMapping' via factory method to bean named 'mvcContentNegotiationManager'
2025-01-16T02:20:13.903+02:00 DEBUG 25984 --- [FirstSpring] [           main] o.s.b.f.s.DefaultListableBeanFactory     : Autowiring by type from bean name 'requestMappingHandlerMapping' via factory method to bean named 'mvcConversionService'
2025-01-16T02:20:13.903+02:00 DEBUG 25984 --- [FirstSpring] [           main] o.s.b.f.s.DefaultListableBeanFactory     : Autowiring by type from bean name 'requestMappingHandlerMapping' via factory method to bean named 'mvcResourceUrlProvider'
2025-01-16T02:20:13.921+02:00 TRACE 25984 --- [FirstSpring] [           main] o.s.b.f.s.DefaultListableBeanFactory     : Invoking afterPropertiesSet() on bean with name 'requestMappingHandlerMapping'
2025-01-16T02:20:13.945+02:00 TRACE 25984 --- [FirstSpring] [           main] s.w.s.m.m.a.RequestMappingHandlerMapping : 
	c.c.F.CourseController:
	{ [/courses]}: retrieveAllCourses()
2025-01-16T02:20:13.950+02:00 TRACE 25984 --- [FirstSpring] [           main] s.w.s.m.m.a.RequestMappingHandlerMapping : 
	c.c.F.CurrencyConfigurationController:
	{ [/currency-configuration]}: retrieveAllCourses()
2025-01-16T02:20:13.952+02:00 TRACE 25984 --- [FirstSpring] [           main] o.s.c.e.PropertySourcesPropertyResolver  : Searching for key 'server.error.path' in PropertySource 'environmentProperties'
2025-01-16T02:20:13.953+02:00 TRACE 25984 --- [FirstSpring] [           main] o.s.c.e.PropertySourcesPropertyResolver  : Searching for key 'server.error.path' in PropertySource 'localProperties'
2025-01-16T02:20:13.953+02:00 TRACE 25984 --- [FirstSpring] [           main] o.s.c.e.PropertySourcesPropertyResolver  : Could not find key 'server.error.path' in any property source
2025-01-16T02:20:13.953+02:00 TRACE 25984 --- [FirstSpring] [           main] o.s.c.e.PropertySourcesPropertyResolver  : Searching for key 'error.path' in PropertySource 'environmentProperties'
2025-01-16T02:20:13.953+02:00 TRACE 25984 --- [FirstSpring] [           main] o.s.c.e.PropertySourcesPropertyResolver  : Searching for key 'error.path' in PropertySource 'localProperties'
2025-01-16T02:20:13.953+02:00 TRACE 25984 --- [FirstSpring] [           main] o.s.c.e.PropertySourcesPropertyResolver  : Could not find key 'error.path' in any property source
2025-01-16T02:20:13.955+02:00 TRACE 25984 --- [FirstSpring] [           main] o.s.c.e.PropertySourcesPropertyResolver  : Searching for key 'server.error.path' in PropertySource 'environmentProperties'
2025-01-16T02:20:13.955+02:00 TRACE 25984 --- [FirstSpring] [           main] o.s.c.e.PropertySourcesPropertyResolver  : Searching for key 'server.error.path' in PropertySource 'localProperties'
2025-01-16T02:20:13.955+02:00 TRACE 25984 --- [FirstSpring] [           main] o.s.c.e.PropertySourcesPropertyResolver  : Could not find key 'server.error.path' in any property source
2025-01-16T02:20:13.955+02:00 TRACE 25984 --- [FirstSpring] [           main] o.s.c.e.PropertySourcesPropertyResolver  : Searching for key 'error.path' in PropertySource 'environmentProperties'
2025-01-16T02:20:13.955+02:00 TRACE 25984 --- [FirstSpring] [           main] o.s.c.e.PropertySourcesPropertyResolver  : Searching for key 'error.path' in PropertySource 'localProperties'
2025-01-16T02:20:13.955+02:00 TRACE 25984 --- [FirstSpring] [           main] o.s.c.e.PropertySourcesPropertyResolver  : Could not find key 'error.path' in any property source
2025-01-16T02:20:13.970+02:00 TRACE 25984 --- [FirstSpring] [           main] s.w.s.m.m.a.RequestMappingHandlerMapping : 
	o.s.b.a.w.s.e.BasicErrorController:
	{ [/error]}: error(HttpServletRequest)
	{ [/error], produces [text/html]}: errorHtml(HttpServletRequest,HttpServletResponse)
2025-01-16T02:20:14.039+02:00 DEBUG 25984 --- [FirstSpring] [           main] s.w.s.m.m.a.RequestMappingHandlerMapping : 4 mappings in 'requestMappingHandlerMapping'
2025-01-16T02:20:14.040+02:00 TRACE 25984 --- [FirstSpring] [           main] o.s.b.f.s.DefaultListableBeanFactory     : Finished creating instance of bean 'requestMappingHandlerMapping'
2025-01-16T02:20:14.040+02:00 DEBUG 25984 --- [FirstSpring] [           main] o.s.b.f.s.DefaultListableBeanFactory     : Creating shared instance of singleton bean 'mvcPatternParser'
2025-01-16T02:20:14.040+02:00 TRACE 25984 --- [FirstSpring] [           main] o.s.b.f.s.DefaultListableBeanFactory     : Creating instance of bean 'mvcPatternParser'
2025-01-16T02:20:14.040+02:00 TRACE 25984 --- [FirstSpring] [           main] o.s.b.f.s.DefaultListableBeanFactory     : Returning cached instance of singleton bean 'org.springframework.boot.autoconfigure.web.servlet.WebMvcAutoConfiguration$EnableWebMvcConfiguration'
2025-01-16T02:20:14.041+02:00 TRACE 25984 --- [FirstSpring] [           main] o.s.b.f.s.DefaultListableBeanFactory     : Finished creating instance of bean 'mvcPatternParser'
2025-01-16T02:20:14.041+02:00 DEBUG 25984 --- [FirstSpring] [           main] o.s.b.f.s.DefaultListableBeanFactory     : Creating shared instance of singleton bean 'mvcUrlPathHelper'
2025-01-16T02:20:14.041+02:00 TRACE 25984 --- [FirstSpring] [           main] o.s.b.f.s.DefaultListableBeanFactory     : Creating instance of bean 'mvcUrlPathHelper'
2025-01-16T02:20:14.041+02:00 TRACE 25984 --- [FirstSpring] [           main] o.s.b.f.s.DefaultListableBeanFactory     : Returning cached instance of singleton bean 'org.springframework.boot.autoconfigure.web.servlet.WebMvcAutoConfiguration$EnableWebMvcConfiguration'
2025-01-16T02:20:14.041+02:00 TRACE 25984 --- [FirstSpring] [           main] o.s.b.f.s.DefaultListableBeanFactory     : Finished creating instance of bean 'mvcUrlPathHelper'
2025-01-16T02:20:14.041+02:00 DEBUG 25984 --- [FirstSpring] [           main] o.s.b.f.s.DefaultListableBeanFactory     : Creating shared instance of singleton bean 'mvcPathMatcher'
2025-01-16T02:20:14.041+02:00 TRACE 25984 --- [FirstSpring] [           main] o.s.b.f.s.DefaultListableBeanFactory     : Creating instance of bean 'mvcPathMatcher'
2025-01-16T02:20:14.041+02:00 TRACE 25984 --- [FirstSpring] [           main] o.s.b.f.s.DefaultListableBeanFactory     : Returning cached instance of singleton bean 'org.springframework.boot.autoconfigure.web.servlet.WebMvcAutoConfiguration$EnableWebMvcConfiguration'
2025-01-16T02:20:14.042+02:00 TRACE 25984 --- [FirstSpring] [           main] o.s.b.f.s.DefaultListableBeanFactory     : Finished creating instance of bean 'mvcPathMatcher'
2025-01-16T02:20:14.042+02:00 DEBUG 25984 --- [FirstSpring] [           main] o.s.b.f.s.DefaultListableBeanFactory     : Creating shared instance of singleton bean 'viewControllerHandlerMapping'
2025-01-16T02:20:14.042+02:00 TRACE 25984 --- [FirstSpring] [           main] o.s.b.f.s.DefaultListableBeanFactory     : Creating instance of bean 'viewControllerHandlerMapping'
2025-01-16T02:20:14.042+02:00 TRACE 25984 --- [FirstSpring] [           main] o.s.b.f.s.DefaultListableBeanFactory     : Returning cached instance of singleton bean 'org.springframework.boot.autoconfigure.web.servlet.WebMvcAutoConfiguration$EnableWebMvcConfiguration'
2025-01-16T02:20:14.042+02:00 TRACE 25984 --- [FirstSpring] [           main] o.s.b.f.s.DefaultListableBeanFactory     : Returning cached instance of singleton bean 'mvcConversionService'
2025-01-16T02:20:14.042+02:00 TRACE 25984 --- [FirstSpring] [           main] o.s.b.f.s.DefaultListableBeanFactory     : Returning cached instance of singleton bean 'mvcResourceUrlProvider'
2025-01-16T02:20:14.042+02:00 DEBUG 25984 --- [FirstSpring] [           main] o.s.b.f.s.DefaultListableBeanFactory     : Autowiring by type from bean name 'viewControllerHandlerMapping' via factory method to bean named 'mvcConversionService'
2025-01-16T02:20:14.042+02:00 DEBUG 25984 --- [FirstSpring] [           main] o.s.b.f.s.DefaultListableBeanFactory     : Autowiring by type from bean name 'viewControllerHandlerMapping' via factory method to bean named 'mvcResourceUrlProvider'
2025-01-16T02:20:14.044+02:00 TRACE 25984 --- [FirstSpring] [           main] o.s.b.f.s.DefaultListableBeanFactory     : Finished creating instance of bean 'viewControllerHandlerMapping'
2025-01-16T02:20:14.044+02:00 DEBUG 25984 --- [FirstSpring] [           main] o.s.b.f.s.DefaultListableBeanFactory     : Creating shared instance of singleton bean 'beanNameHandlerMapping'
2025-01-16T02:20:14.044+02:00 TRACE 25984 --- [FirstSpring] [           main] o.s.b.f.s.DefaultListableBeanFactory     : Creating instance of bean 'beanNameHandlerMapping'
2025-01-16T02:20:14.044+02:00 TRACE 25984 --- [FirstSpring] [           main] o.s.b.f.s.DefaultListableBeanFactory     : Returning cached instance of singleton bean 'org.springframework.boot.autoconfigure.web.servlet.WebMvcAutoConfiguration$EnableWebMvcConfiguration'
2025-01-16T02:20:14.044+02:00 TRACE 25984 --- [FirstSpring] [           main] o.s.b.f.s.DefaultListableBeanFactory     : Returning cached instance of singleton bean 'mvcConversionService'
2025-01-16T02:20:14.044+02:00 TRACE 25984 --- [FirstSpring] [           main] o.s.b.f.s.DefaultListableBeanFactory     : Returning cached instance of singleton bean 'mvcResourceUrlProvider'
2025-01-16T02:20:14.044+02:00 DEBUG 25984 --- [FirstSpring] [           main] o.s.b.f.s.DefaultListableBeanFactory     : Autowiring by type from bean name 'beanNameHandlerMapping' via factory method to bean named 'mvcConversionService'
2025-01-16T02:20:14.044+02:00 DEBUG 25984 --- [FirstSpring] [           main] o.s.b.f.s.DefaultListableBeanFactory     : Autowiring by type from bean name 'beanNameHandlerMapping' via factory method to bean named 'mvcResourceUrlProvider'
2025-01-16T02:20:14.045+02:00 DEBUG 25984 --- [FirstSpring] [           main] o.s.w.s.h.BeanNameUrlHandlerMapping      : Detected 0 mappings in 'beanNameHandlerMapping'
2025-01-16T02:20:14.045+02:00 TRACE 25984 --- [FirstSpring] [           main] o.s.b.f.s.DefaultListableBeanFactory     : Finished creating instance of bean 'beanNameHandlerMapping'
2025-01-16T02:20:14.045+02:00 DEBUG 25984 --- [FirstSpring] [           main] o.s.b.f.s.DefaultListableBeanFactory     : Creating shared instance of singleton bean 'routerFunctionMapping'
2025-01-16T02:20:14.045+02:00 TRACE 25984 --- [FirstSpring] [           main] o.s.b.f.s.DefaultListableBeanFactory     : Creating instance of bean 'routerFunctionMapping'
2025-01-16T02:20:14.045+02:00 TRACE 25984 --- [FirstSpring] [           main] o.s.b.f.s.DefaultListableBeanFactory     : Returning cached instance of singleton bean 'org.springframework.boot.autoconfigure.web.servlet.WebMvcAutoConfiguration$EnableWebMvcConfiguration'
2025-01-16T02:20:14.045+02:00 TRACE 25984 --- [FirstSpring] [           main] o.s.b.f.s.DefaultListableBeanFactory     : Returning cached instance of singleton bean 'mvcConversionService'
2025-01-16T02:20:14.046+02:00 TRACE 25984 --- [FirstSpring] [           main] o.s.b.f.s.DefaultListableBeanFactory     : Returning cached instance of singleton bean 'mvcResourceUrlProvider'
2025-01-16T02:20:14.046+02:00 DEBUG 25984 --- [FirstSpring] [           main] o.s.b.f.s.DefaultListableBeanFactory     : Autowiring by type from bean name 'routerFunctionMapping' via factory method to bean named 'mvcConversionService'
2025-01-16T02:20:14.046+02:00 DEBUG 25984 --- [FirstSpring] [           main] o.s.b.f.s.DefaultListableBeanFactory     : Autowiring by type from bean name 'routerFunctionMapping' via factory method to bean named 'mvcResourceUrlProvider'
2025-01-16T02:20:14.047+02:00 DEBUG 25984 --- [FirstSpring] [           main] o.s.b.f.s.DefaultListableBeanFactory     : Creating shared instance of singleton bean 'messageConverters'
2025-01-16T02:20:14.048+02:00 TRACE 25984 --- [FirstSpring] [           main] o.s.b.f.s.DefaultListableBeanFactory     : Creating instance of bean 'messageConverters'
2025-01-16T02:20:14.048+02:00 DEBUG 25984 --- [FirstSpring] [           main] o.s.b.f.s.DefaultListableBeanFactory     : Creating shared instance of singleton bean 'org.springframework.boot.autoconfigure.http.HttpMessageConvertersAutoConfiguration'
2025-01-16T02:20:14.048+02:00 TRACE 25984 --- [FirstSpring] [           main] o.s.b.f.s.DefaultListableBeanFactory     : Creating instance of bean 'org.springframework.boot.autoconfigure.http.HttpMessageConvertersAutoConfiguration'
2025-01-16T02:20:14.048+02:00 TRACE 25984 --- [FirstSpring] [           main] o.s.b.f.s.DefaultListableBeanFactory     : Finished creating instance of bean 'org.springframework.boot.autoconfigure.http.HttpMessageConvertersAutoConfiguration'
2025-01-16T02:20:14.051+02:00 DEBUG 25984 --- [FirstSpring] [           main] o.s.b.f.s.DefaultListableBeanFactory     : Creating shared instance of singleton bean 'stringHttpMessageConverter'
2025-01-16T02:20:14.051+02:00 TRACE 25984 --- [FirstSpring] [           main] o.s.b.f.s.DefaultListableBeanFactory     : Creating instance of bean 'stringHttpMessageConverter'
2025-01-16T02:20:14.051+02:00 DEBUG 25984 --- [FirstSpring] [           main] o.s.b.f.s.DefaultListableBeanFactory     : Creating shared instance of singleton bean 'org.springframework.boot.autoconfigure.http.HttpMessageConvertersAutoConfiguration$StringHttpMessageConverterConfiguration'
2025-01-16T02:20:14.051+02:00 TRACE 25984 --- [FirstSpring] [           main] o.s.b.f.s.DefaultListableBeanFactory     : Creating instance of bean 'org.springframework.boot.autoconfigure.http.HttpMessageConvertersAutoConfiguration$StringHttpMessageConverterConfiguration'
2025-01-16T02:20:14.052+02:00 TRACE 25984 --- [FirstSpring] [           main] o.s.b.f.s.DefaultListableBeanFactory     : Finished creating instance of bean 'org.springframework.boot.autoconfigure.http.HttpMessageConvertersAutoConfiguration$StringHttpMessageConverterConfiguration'
2025-01-16T02:20:14.052+02:00 TRACE 25984 --- [FirstSpring] [           main] o.s.b.f.s.DefaultListableBeanFactory     : Returning cached instance of singleton bean 'environment'
2025-01-16T02:20:14.052+02:00 DEBUG 25984 --- [FirstSpring] [           main] o.s.b.f.s.DefaultListableBeanFactory     : Autowiring by type from bean name 'stringHttpMessageConverter' via factory method to bean named 'environment'
2025-01-16T02:20:14.057+02:00 TRACE 25984 --- [FirstSpring] [           main] o.s.b.f.s.DefaultListableBeanFactory     : Finished creating instance of bean 'stringHttpMessageConverter'
2025-01-16T02:20:14.058+02:00 DEBUG 25984 --- [FirstSpring] [           main] o.s.b.f.s.DefaultListableBeanFactory     : Creating shared instance of singleton bean 'mappingJackson2HttpMessageConverter'
2025-01-16T02:20:14.058+02:00 TRACE 25984 --- [FirstSpring] [           main] o.s.b.f.s.DefaultListableBeanFactory     : Creating instance of bean 'mappingJackson2HttpMessageConverter'
2025-01-16T02:20:14.058+02:00 DEBUG 25984 --- [FirstSpring] [           main] o.s.b.f.s.DefaultListableBeanFactory     : Creating shared instance of singleton bean 'org.springframework.boot.autoconfigure.http.JacksonHttpMessageConvertersConfiguration$MappingJackson2HttpMessageConverterConfiguration'
2025-01-16T02:20:14.058+02:00 TRACE 25984 --- [FirstSpring] [           main] o.s.b.f.s.DefaultListableBeanFactory     : Creating instance of bean 'org.springframework.boot.autoconfigure.http.JacksonHttpMessageConvertersConfiguration$MappingJackson2HttpMessageConverterConfiguration'
2025-01-16T02:20:14.058+02:00 TRACE 25984 --- [FirstSpring] [           main] o.s.b.f.s.DefaultListableBeanFactory     : Finished creating instance of bean 'org.springframework.boot.autoconfigure.http.JacksonHttpMessageConvertersConfiguration$MappingJackson2HttpMessageConverterConfiguration'
2025-01-16T02:20:14.059+02:00 DEBUG 25984 --- [FirstSpring] [           main] o.s.b.f.s.DefaultListableBeanFactory     : Creating shared instance of singleton bean 'jacksonObjectMapper'
2025-01-16T02:20:14.059+02:00 TRACE 25984 --- [FirstSpring] [           main] o.s.b.f.s.DefaultListableBeanFactory     : Creating instance of bean 'jacksonObjectMapper'
2025-01-16T02:20:14.059+02:00 DEBUG 25984 --- [FirstSpring] [           main] o.s.b.f.s.DefaultListableBeanFactory     : Creating shared instance of singleton bean 'org.springframework.boot.autoconfigure.jackson.JacksonAutoConfiguration$JacksonObjectMapperConfiguration'
2025-01-16T02:20:14.059+02:00 TRACE 25984 --- [FirstSpring] [           main] o.s.b.f.s.DefaultListableBeanFactory     : Creating instance of bean 'org.springframework.boot.autoconfigure.jackson.JacksonAutoConfiguration$JacksonObjectMapperConfiguration'
2025-01-16T02:20:14.059+02:00 TRACE 25984 --- [FirstSpring] [           main] o.s.b.f.s.DefaultListableBeanFactory     : Finished creating instance of bean 'org.springframework.boot.autoconfigure.jackson.JacksonAutoConfiguration$JacksonObjectMapperConfiguration'
2025-01-16T02:20:14.059+02:00 TRACE 25984 --- [FirstSpring] [           main] o.s.b.f.s.DefaultListableBeanFactory     : Creating instance of bean 'jacksonObjectMapperBuilder'
2025-01-16T02:20:14.060+02:00 DEBUG 25984 --- [FirstSpring] [           main] o.s.b.f.s.DefaultListableBeanFactory     : Creating shared instance of singleton bean 'org.springframework.boot.autoconfigure.jackson.JacksonAutoConfiguration$JacksonObjectMapperBuilderConfiguration'
2025-01-16T02:20:14.060+02:00 TRACE 25984 --- [FirstSpring] [           main] o.s.b.f.s.DefaultListableBeanFactory     : Creating instance of bean 'org.springframework.boot.autoconfigure.jackson.JacksonAutoConfiguration$JacksonObjectMapperBuilderConfiguration'
2025-01-16T02:20:14.060+02:00 TRACE 25984 --- [FirstSpring] [           main] o.s.b.f.s.DefaultListableBeanFactory     : Finished creating instance of bean 'org.springframework.boot.autoconfigure.jackson.JacksonAutoConfiguration$JacksonObjectMapperBuilderConfiguration'
2025-01-16T02:20:14.061+02:00 DEBUG 25984 --- [FirstSpring] [           main] o.s.b.f.s.DefaultListableBeanFactory     : Creating shared instance of singleton bean 'standardJacksonObjectMapperBuilderCustomizer'
2025-01-16T02:20:14.061+02:00 TRACE 25984 --- [FirstSpring] [           main] o.s.b.f.s.DefaultListableBeanFactory     : Creating instance of bean 'standardJacksonObjectMapperBuilderCustomizer'
2025-01-16T02:20:14.061+02:00 DEBUG 25984 --- [FirstSpring] [           main] o.s.b.f.s.DefaultListableBeanFactory     : Creating shared instance of singleton bean 'org.springframework.boot.autoconfigure.jackson.JacksonAutoConfiguration$Jackson2ObjectMapperBuilderCustomizerConfiguration'
2025-01-16T02:20:14.061+02:00 TRACE 25984 --- [FirstSpring] [           main] o.s.b.f.s.DefaultListableBeanFactory     : Creating instance of bean 'org.springframework.boot.autoconfigure.jackson.JacksonAutoConfiguration$Jackson2ObjectMapperBuilderCustomizerConfiguration'
2025-01-16T02:20:14.061+02:00 TRACE 25984 --- [FirstSpring] [           main] o.s.b.f.s.DefaultListableBeanFactory     : Finished creating instance of bean 'org.springframework.boot.autoconfigure.jackson.JacksonAutoConfiguration$Jackson2ObjectMapperBuilderCustomizerConfiguration'
2025-01-16T02:20:14.063+02:00 DEBUG 25984 --- [FirstSpring] [           main] o.s.b.f.s.DefaultListableBeanFactory     : Creating shared instance of singleton bean 'spring.jackson-org.springframework.boot.autoconfigure.jackson.JacksonProperties'
2025-01-16T02:20:14.063+02:00 TRACE 25984 --- [FirstSpring] [           main] o.s.b.f.s.DefaultListableBeanFactory     : Creating instance of bean 'spring.jackson-org.springframework.boot.autoconfigure.jackson.JacksonProperties'
2025-01-16T02:20:14.064+02:00 TRACE 25984 --- [FirstSpring] [           main] o.s.b.f.s.DefaultListableBeanFactory     : Returning cached instance of singleton bean 'org.springframework.boot.context.properties.BoundConfigurationProperties'
2025-01-16T02:20:14.068+02:00 TRACE 25984 --- [FirstSpring] [           main] o.s.b.f.s.DefaultListableBeanFactory     : Finished creating instance of bean 'spring.jackson-org.springframework.boot.autoconfigure.jackson.JacksonProperties'
2025-01-16T02:20:14.068+02:00 DEBUG 25984 --- [FirstSpring] [           main] o.s.b.f.s.DefaultListableBeanFactory     : Autowiring by type from bean name 'standardJacksonObjectMapperBuilderCustomizer' via factory method to bean named 'spring.jackson-org.springframework.boot.autoconfigure.jackson.JacksonProperties'
2025-01-16T02:20:14.070+02:00 DEBUG 25984 --- [FirstSpring] [           main] o.s.b.f.s.DefaultListableBeanFactory     : Creating shared instance of singleton bean 'parameterNamesModule'
2025-01-16T02:20:14.070+02:00 TRACE 25984 --- [FirstSpring] [           main] o.s.b.f.s.DefaultListableBeanFactory     : Creating instance of bean 'parameterNamesModule'
2025-01-16T02:20:14.070+02:00 DEBUG 25984 --- [FirstSpring] [           main] o.s.b.f.s.DefaultListableBeanFactory     : Creating shared instance of singleton bean 'org.springframework.boot.autoconfigure.jackson.JacksonAutoConfiguration$ParameterNamesModuleConfiguration'
2025-01-16T02:20:14.070+02:00 TRACE 25984 --- [FirstSpring] [           main] o.s.b.f.s.DefaultListableBeanFactory     : Creating instance of bean 'org.springframework.boot.autoconfigure.jackson.JacksonAutoConfiguration$ParameterNamesModuleConfiguration'
2025-01-16T02:20:14.070+02:00 TRACE 25984 --- [FirstSpring] [           main] o.s.b.f.s.DefaultListableBeanFactory     : Finished creating instance of bean 'org.springframework.boot.autoconfigure.jackson.JacksonAutoConfiguration$ParameterNamesModuleConfiguration'
2025-01-16T02:20:14.074+02:00 TRACE 25984 --- [FirstSpring] [           main] o.s.b.f.s.DefaultListableBeanFactory     : Finished creating instance of bean 'parameterNamesModule'
2025-01-16T02:20:14.074+02:00 DEBUG 25984 --- [FirstSpring] [           main] o.s.b.f.s.DefaultListableBeanFactory     : Creating shared instance of singleton bean 'jsonMixinModule'
2025-01-16T02:20:14.074+02:00 TRACE 25984 --- [FirstSpring] [           main] o.s.b.f.s.DefaultListableBeanFactory     : Creating instance of bean 'jsonMixinModule'
2025-01-16T02:20:14.074+02:00 DEBUG 25984 --- [FirstSpring] [           main] o.s.b.f.s.DefaultListableBeanFactory     : Creating shared instance of singleton bean 'org.springframework.boot.autoconfigure.jackson.JacksonAutoConfiguration$JacksonMixinConfiguration'
2025-01-16T02:20:14.074+02:00 TRACE 25984 --- [FirstSpring] [           main] o.s.b.f.s.DefaultListableBeanFactory     : Creating instance of bean 'org.springframework.boot.autoconfigure.jackson.JacksonAutoConfiguration$JacksonMixinConfiguration'
2025-01-16T02:20:14.075+02:00 TRACE 25984 --- [FirstSpring] [           main] o.s.b.f.s.DefaultListableBeanFactory     : Finished creating instance of bean 'org.springframework.boot.autoconfigure.jackson.JacksonAutoConfiguration$JacksonMixinConfiguration'
2025-01-16T02:20:14.076+02:00 DEBUG 25984 --- [FirstSpring] [           main] o.s.b.f.s.DefaultListableBeanFactory     : Creating shared instance of singleton bean 'jsonMixinModuleEntries'
2025-01-16T02:20:14.076+02:00 TRACE 25984 --- [FirstSpring] [           main] o.s.b.f.s.DefaultListableBeanFactory     : Creating instance of bean 'jsonMixinModuleEntries'
2025-01-16T02:20:14.076+02:00 DEBUG 25984 --- [FirstSpring] [           main] o.s.b.f.s.DefaultListableBeanFactory     : Autowiring by type from bean name 'jsonMixinModuleEntries' via factory method to bean named 'org.springframework.web.context.support.GenericWebApplicationContext@46292372'
2025-01-16T02:20:14.076+02:00 TRACE 25984 --- [FirstSpring] [           main] o.s.b.f.s.DefaultListableBeanFactory     : Returning cached instance of singleton bean 'org.springframework.boot.autoconfigure.AutoConfigurationPackages'
2025-01-16T02:20:14.076+02:00 DEBUG 25984 --- [FirstSpring] [           main] o.s.b.a.AutoConfigurationPackages        : @EnableAutoConfiguration was declared on a class in the package 'com.courseSpring.FirstSpring'. Automatic @Repository and @Entity scanning is enabled.
2025-01-16T02:20:14.076+02:00 TRACE 25984 --- [FirstSpring] [           main] o.s.b.f.s.DefaultListableBeanFactory     : Returning cached instance of singleton bean 'org.springframework.boot.autoconfigure.AutoConfigurationPackages'
2025-01-16T02:20:14.080+02:00 TRACE 25984 --- [FirstSpring] [           main] .i.s.PathMatchingResourcePatternResolver : Resolved module-path location pattern [com/courseSpring/FirstSpring/**/*.class] to resources []
2025-01-16T02:20:14.080+02:00 TRACE 25984 --- [FirstSpring] [           main] .i.s.PathMatchingResourcePatternResolver : Searching directory [C:\Users\papaf\Downloads\FirstSpring\FirstSpring\target\test-classes\com\courseSpring\FirstSpring] for files matching pattern [**/*.class]
2025-01-16T02:20:14.081+02:00 TRACE 25984 --- [FirstSpring] [           main] .i.s.PathMatchingResourcePatternResolver : Searching directory [C:\Users\papaf\Downloads\FirstSpring\FirstSpring\target\classes\com\courseSpring\FirstSpring] for files matching pattern [**/*.class]
2025-01-16T02:20:14.081+02:00 TRACE 25984 --- [FirstSpring] [           main] .i.s.PathMatchingResourcePatternResolver : Resolved location pattern [classpath*:com/courseSpring/FirstSpring/**/*.class] to resources [file [C:\Users\papaf\Downloads\FirstSpring\FirstSpring\target\test-classes\com\courseSpring\FirstSpring\FirstSpringApplicationTests.class], file [C:\Users\papaf\Downloads\FirstSpring\FirstSpring\target\classes\com\courseSpring\FirstSpring\Course.class], file [C:\Users\papaf\Downloads\FirstSpring\FirstSpring\target\classes\com\courseSpring\FirstSpring\CourseController.class], file [C:\Users\papaf\Downloads\FirstSpring\FirstSpring\target\classes\com\courseSpring\FirstSpring\CurrencyConfigurationController.class], file [C:\Users\papaf\Downloads\FirstSpring\FirstSpring\target\classes\com\courseSpring\FirstSpring\CurrencyServiceConfiguration.class], file [C:\Users\papaf\Downloads\FirstSpring\FirstSpring\target\classes\com\courseSpring\FirstSpring\FirstSpringApplication.class]]
2025-01-16T02:20:14.081+02:00 TRACE 25984 --- [FirstSpring] [           main] nModuleEntries$JsonMixinComponentScanner : Scanning file [C:\Users\papaf\Downloads\FirstSpring\FirstSpring\target\test-classes\com\courseSpring\FirstSpring\FirstSpringApplicationTests.class]
2025-01-16T02:20:14.081+02:00 TRACE 25984 --- [FirstSpring] [           main] nModuleEntries$JsonMixinComponentScanner : Ignored because not matching any filter: file [C:\Users\papaf\Downloads\FirstSpring\FirstSpring\target\test-classes\com\courseSpring\FirstSpring\FirstSpringApplicationTests.class]
2025-01-16T02:20:14.081+02:00 TRACE 25984 --- [FirstSpring] [           main] nModuleEntries$JsonMixinComponentScanner : Scanning file [C:\Users\papaf\Downloads\FirstSpring\FirstSpring\target\classes\com\courseSpring\FirstSpring\Course.class]
2025-01-16T02:20:14.081+02:00 TRACE 25984 --- [FirstSpring] [           main] nModuleEntries$JsonMixinComponentScanner : Ignored because not matching any filter: file [C:\Users\papaf\Downloads\FirstSpring\FirstSpring\target\classes\com\courseSpring\FirstSpring\Course.class]
2025-01-16T02:20:14.081+02:00 TRACE 25984 --- [FirstSpring] [           main] nModuleEntries$JsonMixinComponentScanner : Scanning file [C:\Users\papaf\Downloads\FirstSpring\FirstSpring\target\classes\com\courseSpring\FirstSpring\CourseController.class]
2025-01-16T02:20:14.081+02:00 TRACE 25984 --- [FirstSpring] [           main] nModuleEntries$JsonMixinComponentScanner : Ignored because not matching any filter: file [C:\Users\papaf\Downloads\FirstSpring\FirstSpring\target\classes\com\courseSpring\FirstSpring\CourseController.class]
2025-01-16T02:20:14.081+02:00 TRACE 25984 --- [FirstSpring] [           main] nModuleEntries$JsonMixinComponentScanner : Scanning file [C:\Users\papaf\Downloads\FirstSpring\FirstSpring\target\classes\com\courseSpring\FirstSpring\CurrencyConfigurationController.class]
2025-01-16T02:20:14.081+02:00 TRACE 25984 --- [FirstSpring] [           main] nModuleEntries$JsonMixinComponentScanner : Ignored because not matching any filter: file [C:\Users\papaf\Downloads\FirstSpring\FirstSpring\target\classes\com\courseSpring\FirstSpring\CurrencyConfigurationController.class]
2025-01-16T02:20:14.081+02:00 TRACE 25984 --- [FirstSpring] [           main] nModuleEntries$JsonMixinComponentScanner : Scanning file [C:\Users\papaf\Downloads\FirstSpring\FirstSpring\target\classes\com\courseSpring\FirstSpring\CurrencyServiceConfiguration.class]
2025-01-16T02:20:14.081+02:00 TRACE 25984 --- [FirstSpring] [           main] nModuleEntries$JsonMixinComponentScanner : Ignored because not matching any filter: file [C:\Users\papaf\Downloads\FirstSpring\FirstSpring\target\classes\com\courseSpring\FirstSpring\CurrencyServiceConfiguration.class]
2025-01-16T02:20:14.081+02:00 TRACE 25984 --- [FirstSpring] [           main] nModuleEntries$JsonMixinComponentScanner : Scanning file [C:\Users\papaf\Downloads\FirstSpring\FirstSpring\target\classes\com\courseSpring\FirstSpring\FirstSpringApplication.class]
2025-01-16T02:20:14.082+02:00 TRACE 25984 --- [FirstSpring] [           main] nModuleEntries$JsonMixinComponentScanner : Ignored because not matching any filter: file [C:\Users\papaf\Downloads\FirstSpring\FirstSpring\target\classes\com\courseSpring\FirstSpring\FirstSpringApplication.class]
2025-01-16T02:20:14.082+02:00 TRACE 25984 --- [FirstSpring] [           main] o.s.b.f.s.DefaultListableBeanFactory     : Finished creating instance of bean 'jsonMixinModuleEntries'
2025-01-16T02:20:14.082+02:00 DEBUG 25984 --- [FirstSpring] [           main] o.s.b.f.s.DefaultListableBeanFactory     : Autowiring by type from bean name 'jsonMixinModule' via factory method to bean named 'org.springframework.web.context.support.GenericWebApplicationContext@46292372'
2025-01-16T02:20:14.082+02:00 DEBUG 25984 --- [FirstSpring] [           main] o.s.b.f.s.DefaultListableBeanFactory     : Autowiring by type from bean name 'jsonMixinModule' via factory method to bean named 'jsonMixinModuleEntries'
2025-01-16T02:20:14.083+02:00 TRACE 25984 --- [FirstSpring] [           main] o.s.b.f.s.DefaultListableBeanFactory     : Finished creating instance of bean 'jsonMixinModule'
2025-01-16T02:20:14.083+02:00 DEBUG 25984 --- [FirstSpring] [           main] o.s.b.f.s.DefaultListableBeanFactory     : Creating shared instance of singleton bean 'jsonComponentModule'
2025-01-16T02:20:14.083+02:00 TRACE 25984 --- [FirstSpring] [           main] o.s.b.f.s.DefaultListableBeanFactory     : Creating instance of bean 'jsonComponentModule'
2025-01-16T02:20:14.084+02:00 DEBUG 25984 --- [FirstSpring] [           main] o.s.b.f.s.DefaultListableBeanFactory     : Creating shared instance of singleton bean 'org.springframework.boot.autoconfigure.jackson.JacksonAutoConfiguration'
2025-01-16T02:20:14.084+02:00 TRACE 25984 --- [FirstSpring] [           main] o.s.b.f.s.DefaultListableBeanFactory     : Creating instance of bean 'org.springframework.boot.autoconfigure.jackson.JacksonAutoConfiguration'
2025-01-16T02:20:14.084+02:00 TRACE 25984 --- [FirstSpring] [           main] o.s.b.f.s.DefaultListableBeanFactory     : Finished creating instance of bean 'org.springframework.boot.autoconfigure.jackson.JacksonAutoConfiguration'
2025-01-16T02:20:14.085+02:00 TRACE 25984 --- [FirstSpring] [           main] o.s.b.f.s.DefaultListableBeanFactory     : Invoking afterPropertiesSet() on bean with name 'jsonComponentModule'
2025-01-16T02:20:14.088+02:00 TRACE 25984 --- [FirstSpring] [           main] o.s.b.f.s.DefaultListableBeanFactory     : Finished creating instance of bean 'jsonComponentModule'
2025-01-16T02:20:14.089+02:00 TRACE 25984 --- [FirstSpring] [           main] o.s.b.f.s.DefaultListableBeanFactory     : Finished creating instance of bean 'standardJacksonObjectMapperBuilderCustomizer'
2025-01-16T02:20:14.089+02:00 DEBUG 25984 --- [FirstSpring] [           main] o.s.b.f.s.DefaultListableBeanFactory     : Autowiring by type from bean name 'jacksonObjectMapperBuilder' via factory method to bean named 'org.springframework.web.context.support.GenericWebApplicationContext@46292372'
2025-01-16T02:20:14.089+02:00 DEBUG 25984 --- [FirstSpring] [           main] o.s.b.f.s.DefaultListableBeanFactory     : Autowiring by type from bean name 'jacksonObjectMapperBuilder' via factory method to bean named 'standardJacksonObjectMapperBuilderCustomizer'
2025-01-16T02:20:14.094+02:00 TRACE 25984 --- [FirstSpring] [           main] o.s.b.f.s.DefaultListableBeanFactory     : Finished creating instance of bean 'jacksonObjectMapperBuilder'
2025-01-16T02:20:14.094+02:00 DEBUG 25984 --- [FirstSpring] [           main] o.s.b.f.s.DefaultListableBeanFactory     : Autowiring by type from bean name 'jacksonObjectMapper' via factory method to bean named 'jacksonObjectMapperBuilder'
2025-01-16T02:20:14.106+02:00 TRACE 25984 --- [FirstSpring] [           main] o.s.b.f.s.DefaultListableBeanFactory     : Finished creating instance of bean 'jacksonObjectMapper'
2025-01-16T02:20:14.106+02:00 DEBUG 25984 --- [FirstSpring] [           main] o.s.b.f.s.DefaultListableBeanFactory     : Autowiring by type from bean name 'mappingJackson2HttpMessageConverter' via factory method to bean named 'jacksonObjectMapper'
2025-01-16T02:20:14.107+02:00 TRACE 25984 --- [FirstSpring] [           main] o.s.b.f.s.DefaultListableBeanFactory     : Finished creating instance of bean 'mappingJackson2HttpMessageConverter'
2025-01-16T02:20:14.108+02:00 TRACE 25984 --- [FirstSpring] [           main] o.s.b.f.s.DefaultListableBeanFactory     : Returning cached instance of singleton bean 'stringHttpMessageConverter'
2025-01-16T02:20:14.108+02:00 TRACE 25984 --- [FirstSpring] [           main] o.s.b.f.s.DefaultListableBeanFactory     : Returning cached instance of singleton bean 'mappingJackson2HttpMessageConverter'
2025-01-16T02:20:14.111+02:00 TRACE 25984 --- [FirstSpring] [           main] o.s.b.f.s.DefaultListableBeanFactory     : Finished creating instance of bean 'messageConverters'
2025-01-16T02:20:14.115+02:00 TRACE 25984 --- [FirstSpring] [           main] o.s.b.f.s.DefaultListableBeanFactory     : Invoking afterPropertiesSet() on bean with name 'routerFunctionMapping'
2025-01-16T02:20:14.115+02:00 TRACE 25984 --- [FirstSpring] [           main] o.s.w.s.f.support.RouterFunctionMapping  : 0 RouterFunction(s) in 'routerFunctionMapping'
2025-01-16T02:20:14.115+02:00 TRACE 25984 --- [FirstSpring] [           main] o.s.b.f.s.DefaultListableBeanFactory     : Finished creating instance of bean 'routerFunctionMapping'
2025-01-16T02:20:14.115+02:00 DEBUG 25984 --- [FirstSpring] [           main] o.s.b.f.s.DefaultListableBeanFactory     : Creating shared instance of singleton bean 'resourceHandlerMapping'
2025-01-16T02:20:14.115+02:00 TRACE 25984 --- [FirstSpring] [           main] o.s.b.f.s.DefaultListableBeanFactory     : Creating instance of bean 'resourceHandlerMapping'
2025-01-16T02:20:14.115+02:00 TRACE 25984 --- [FirstSpring] [           main] o.s.b.f.s.DefaultListableBeanFactory     : Returning cached instance of singleton bean 'org.springframework.boot.autoconfigure.web.servlet.WebMvcAutoConfiguration$EnableWebMvcConfiguration'
2025-01-16T02:20:14.116+02:00 TRACE 25984 --- [FirstSpring] [           main] o.s.b.f.s.DefaultListableBeanFactory     : Returning cached instance of singleton bean 'mvcContentNegotiationManager'
2025-01-16T02:20:14.116+02:00 TRACE 25984 --- [FirstSpring] [           main] o.s.b.f.s.DefaultListableBeanFactory     : Returning cached instance of singleton bean 'mvcConversionService'
2025-01-16T02:20:14.116+02:00 TRACE 25984 --- [FirstSpring] [           main] o.s.b.f.s.DefaultListableBeanFactory     : Returning cached instance of singleton bean 'mvcResourceUrlProvider'
2025-01-16T02:20:14.116+02:00 DEBUG 25984 --- [FirstSpring] [           main] o.s.b.f.s.DefaultListableBeanFactory     : Autowiring by type from bean name 'resourceHandlerMapping' via factory method to bean named 'mvcContentNegotiationManager'
2025-01-16T02:20:14.116+02:00 DEBUG 25984 --- [FirstSpring] [           main] o.s.b.f.s.DefaultListableBeanFactory     : Autowiring by type from bean name 'resourceHandlerMapping' via factory method to bean named 'mvcConversionService'
2025-01-16T02:20:14.116+02:00 DEBUG 25984 --- [FirstSpring] [           main] o.s.b.f.s.DefaultListableBeanFactory     : Autowiring by type from bean name 'resourceHandlerMapping' via factory method to bean named 'mvcResourceUrlProvider'
2025-01-16T02:20:14.162+02:00 TRACE 25984 --- [FirstSpring] [           main] o.s.w.s.handler.SimpleUrlHandlerMapping  : Mapped [/webjars/**] onto ResourceHttpRequestHandler [classpath [META-INF/resources/webjars/]]
2025-01-16T02:20:14.163+02:00 TRACE 25984 --- [FirstSpring] [           main] o.s.w.s.handler.SimpleUrlHandlerMapping  : Mapped [/**] onto ResourceHttpRequestHandler [classpath [META-INF/resources/], classpath [resources/], classpath [static/], classpath [public/], ServletContext [/]]
2025-01-16T02:20:14.163+02:00 DEBUG 25984 --- [FirstSpring] [           main] o.s.w.s.handler.SimpleUrlHandlerMapping  : Patterns [/webjars/**, /**] in 'resourceHandlerMapping'
2025-01-16T02:20:14.163+02:00 TRACE 25984 --- [FirstSpring] [           main] o.s.b.f.s.DefaultListableBeanFactory     : Finished creating instance of bean 'resourceHandlerMapping'
2025-01-16T02:20:14.163+02:00 TRACE 25984 --- [FirstSpring] [           main] o.s.b.f.s.DefaultListableBeanFactory     : Returning cached instance of singleton bean 'mvcResourceUrlProvider'
2025-01-16T02:20:14.163+02:00 DEBUG 25984 --- [FirstSpring] [           main] o.s.b.f.s.DefaultListableBeanFactory     : Creating shared instance of singleton bean 'defaultServletHandlerMapping'
2025-01-16T02:20:14.163+02:00 TRACE 25984 --- [FirstSpring] [           main] o.s.b.f.s.DefaultListableBeanFactory     : Creating instance of bean 'defaultServletHandlerMapping'
2025-01-16T02:20:14.163+02:00 TRACE 25984 --- [FirstSpring] [           main] o.s.b.f.s.DefaultListableBeanFactory     : Returning cached instance of singleton bean 'org.springframework.boot.autoconfigure.web.servlet.WebMvcAutoConfiguration$EnableWebMvcConfiguration'
2025-01-16T02:20:14.164+02:00 TRACE 25984 --- [FirstSpring] [           main] o.s.b.f.s.DefaultListableBeanFactory     : Finished creating instance of bean 'defaultServletHandlerMapping'
2025-01-16T02:20:14.164+02:00 DEBUG 25984 --- [FirstSpring] [           main] o.s.b.f.s.DefaultListableBeanFactory     : Creating shared instance of singleton bean 'requestMappingHandlerAdapter'
2025-01-16T02:20:14.164+02:00 TRACE 25984 --- [FirstSpring] [           main] o.s.b.f.s.DefaultListableBeanFactory     : Creating instance of bean 'requestMappingHandlerAdapter'
2025-01-16T02:20:14.164+02:00 TRACE 25984 --- [FirstSpring] [           main] o.s.b.f.s.DefaultListableBeanFactory     : Returning cached instance of singleton bean 'org.springframework.boot.autoconfigure.web.servlet.WebMvcAutoConfiguration$EnableWebMvcConfiguration'
2025-01-16T02:20:14.164+02:00 TRACE 25984 --- [FirstSpring] [           main] o.s.b.f.s.DefaultListableBeanFactory     : Returning cached instance of singleton bean 'mvcContentNegotiationManager'
2025-01-16T02:20:14.165+02:00 TRACE 25984 --- [FirstSpring] [           main] o.s.b.f.s.DefaultListableBeanFactory     : Returning cached instance of singleton bean 'mvcConversionService'
2025-01-16T02:20:14.165+02:00 TRACE 25984 --- [FirstSpring] [           main] o.s.b.f.s.DefaultListableBeanFactory     : Returning cached instance of singleton bean 'mvcValidator'
2025-01-16T02:20:14.165+02:00 DEBUG 25984 --- [FirstSpring] [           main] o.s.b.f.s.DefaultListableBeanFactory     : Autowiring by type from bean name 'requestMappingHandlerAdapter' via factory method to bean named 'mvcContentNegotiationManager'
2025-01-16T02:20:14.165+02:00 DEBUG 25984 --- [FirstSpring] [           main] o.s.b.f.s.DefaultListableBeanFactory     : Autowiring by type from bean name 'requestMappingHandlerAdapter' via factory method to bean named 'mvcConversionService'
2025-01-16T02:20:14.165+02:00 DEBUG 25984 --- [FirstSpring] [           main] o.s.b.f.s.DefaultListableBeanFactory     : Autowiring by type from bean name 'requestMappingHandlerAdapter' via factory method to bean named 'mvcValidator'
2025-01-16T02:20:14.174+02:00 DEBUG 25984 --- [FirstSpring] [           main] o.s.b.f.s.DefaultListableBeanFactory     : Creating shared instance of singleton bean 'applicationTaskExecutor'
2025-01-16T02:20:14.175+02:00 TRACE 25984 --- [FirstSpring] [           main] o.s.b.f.s.DefaultListableBeanFactory     : Creating instance of bean 'applicationTaskExecutor'
2025-01-16T02:20:14.175+02:00 TRACE 25984 --- [FirstSpring] [           main] o.s.b.f.s.DefaultListableBeanFactory     : Returning cached instance of singleton bean 'org.springframework.boot.autoconfigure.task.TaskExecutorConfigurations$TaskExecutorConfiguration'
2025-01-16T02:20:14.175+02:00 TRACE 25984 --- [FirstSpring] [           main] o.s.b.f.s.DefaultListableBeanFactory     : Returning cached instance of singleton bean 'threadPoolTaskExecutorBuilder'
2025-01-16T02:20:14.175+02:00 DEBUG 25984 --- [FirstSpring] [           main] o.s.b.f.s.DefaultListableBeanFactory     : Autowiring by type from bean name 'applicationTaskExecutor' via factory method to bean named 'threadPoolTaskExecutorBuilder'
2025-01-16T02:20:14.180+02:00 TRACE 25984 --- [FirstSpring] [           main] o.s.b.f.s.DefaultListableBeanFactory     : Invoking afterPropertiesSet() on bean with name 'applicationTaskExecutor'
2025-01-16T02:20:14.180+02:00 DEBUG 25984 --- [FirstSpring] [           main] o.s.s.concurrent.ThreadPoolTaskExecutor  : Initializing ExecutorService 'applicationTaskExecutor'
2025-01-16T02:20:14.181+02:00 TRACE 25984 --- [FirstSpring] [           main] o.s.b.f.s.DefaultListableBeanFactory     : Finished creating instance of bean 'applicationTaskExecutor'
2025-01-16T02:20:14.186+02:00 TRACE 25984 --- [FirstSpring] [           main] o.s.b.f.s.DefaultListableBeanFactory     : Invoking afterPropertiesSet() on bean with name 'requestMappingHandlerAdapter'
2025-01-16T02:20:14.193+02:00 DEBUG 25984 --- [FirstSpring] [           main] s.w.s.m.m.a.RequestMappingHandlerAdapter : ControllerAdvice beans: 0 @ModelAttribute, 0 @InitBinder, 1 RequestBodyAdvice, 1 ResponseBodyAdvice
2025-01-16T02:20:14.224+02:00 TRACE 25984 --- [FirstSpring] [           main] o.s.b.f.s.DefaultListableBeanFactory     : Returning cached instance of singleton bean 'beanNameViewResolver'
2025-01-16T02:20:14.225+02:00 DEBUG 25984 --- [FirstSpring] [           main] o.s.b.f.s.DefaultListableBeanFactory     : Creating shared instance of singleton bean 'mvcViewResolver'
2025-01-16T02:20:14.225+02:00 TRACE 25984 --- [FirstSpring] [           main] o.s.b.f.s.DefaultListableBeanFactory     : Creating instance of bean 'mvcViewResolver'
2025-01-16T02:20:14.225+02:00 TRACE 25984 --- [FirstSpring] [           main] o.s.b.f.s.DefaultListableBeanFactory     : Returning cached instance of singleton bean 'org.springframework.boot.autoconfigure.web.servlet.WebMvcAutoConfiguration$EnableWebMvcConfiguration'
2025-01-16T02:20:14.225+02:00 TRACE 25984 --- [FirstSpring] [           main] o.s.b.f.s.DefaultListableBeanFactory     : Returning cached instance of singleton bean 'mvcContentNegotiationManager'
2025-01-16T02:20:14.225+02:00 DEBUG 25984 --- [FirstSpring] [           main] o.s.b.f.s.DefaultListableBeanFactory     : Autowiring by type from bean name 'mvcViewResolver' via factory method to bean named 'mvcContentNegotiationManager'
2025-01-16T02:20:14.227+02:00 TRACE 25984 --- [FirstSpring] [           main] o.s.b.f.s.DefaultListableBeanFactory     : Invoking afterPropertiesSet() on bean with name 'mvcViewResolver'
2025-01-16T02:20:14.228+02:00 TRACE 25984 --- [FirstSpring] [           main] o.s.b.f.s.DefaultListableBeanFactory     : Finished creating instance of bean 'mvcViewResolver'
2025-01-16T02:20:14.228+02:00 DEBUG 25984 --- [FirstSpring] [           main] o.s.b.f.s.DefaultListableBeanFactory     : Creating shared instance of singleton bean 'defaultViewResolver'
2025-01-16T02:20:14.228+02:00 TRACE 25984 --- [FirstSpring] [           main] o.s.b.f.s.DefaultListableBeanFactory     : Creating instance of bean 'defaultViewResolver'
2025-01-16T02:20:14.228+02:00 TRACE 25984 --- [FirstSpring] [           main] o.s.b.f.s.DefaultListableBeanFactory     : Returning cached instance of singleton bean 'org.springframework.boot.autoconfigure.web.servlet.WebMvcAutoConfiguration$WebMvcAutoConfigurationAdapter'
2025-01-16T02:20:14.232+02:00 TRACE 25984 --- [FirstSpring] [           main] o.s.b.f.s.DefaultListableBeanFactory     : Finished creating instance of bean 'defaultViewResolver'
2025-01-16T02:20:14.232+02:00 DEBUG 25984 --- [FirstSpring] [           main] o.s.b.f.s.DefaultListableBeanFactory     : Creating shared instance of singleton bean 'viewResolver'
2025-01-16T02:20:14.232+02:00 TRACE 25984 --- [FirstSpring] [           main] o.s.b.f.s.DefaultListableBeanFactory     : Creating instance of bean 'viewResolver'
2025-01-16T02:20:14.232+02:00 TRACE 25984 --- [FirstSpring] [           main] o.s.b.f.s.DefaultListableBeanFactory     : Returning cached instance of singleton bean 'org.springframework.boot.autoconfigure.web.servlet.WebMvcAutoConfiguration$WebMvcAutoConfigurationAdapter'
2025-01-16T02:20:14.233+02:00 DEBUG 25984 --- [FirstSpring] [           main] o.s.b.f.s.DefaultListableBeanFactory     : Autowiring by type from bean name 'viewResolver' via factory method to bean named 'org.springframework.beans.factory.support.DefaultListableBeanFactory@4b6ac111'
2025-01-16T02:20:14.233+02:00 TRACE 25984 --- [FirstSpring] [           main] o.s.b.f.s.DefaultListableBeanFactory     : Returning cached instance of singleton bean 'mvcContentNegotiationManager'
2025-01-16T02:20:14.234+02:00 TRACE 25984 --- [FirstSpring] [           main] o.s.b.f.s.DefaultListableBeanFactory     : Returning cached instance of singleton bean 'beanNameViewResolver'
2025-01-16T02:20:14.234+02:00 TRACE 25984 --- [FirstSpring] [           main] o.s.b.f.s.DefaultListableBeanFactory     : Returning cached instance of singleton bean 'mvcViewResolver'
2025-01-16T02:20:14.234+02:00 TRACE 25984 --- [FirstSpring] [           main] o.s.b.f.s.DefaultListableBeanFactory     : Returning cached instance of singleton bean 'defaultViewResolver'
2025-01-16T02:20:14.234+02:00 DEBUG 25984 --- [FirstSpring] [           main] o.s.b.f.s.DefaultListableBeanFactory     : Creating shared instance of singleton bean 'viewResolver'
2025-01-16T02:20:14.235+02:00 TRACE 25984 --- [FirstSpring] [           main] o.s.b.f.s.DefaultListableBeanFactory     : Ignoring match to currently created bean 'viewResolver': Error creating bean with name 'viewResolver': Requested bean is currently in creation: Is there an unresolvable circular reference or an asynchronous initialization dependency?
2025-01-16T02:20:14.235+02:00 TRACE 25984 --- [FirstSpring] [           main] o.s.b.f.s.DefaultListableBeanFactory     : Invoking afterPropertiesSet() on bean with name 'viewResolver'
2025-01-16T02:20:14.235+02:00 TRACE 25984 --- [FirstSpring] [           main] o.s.b.f.s.DefaultListableBeanFactory     : Finished creating instance of bean 'viewResolver'
2025-01-16T02:20:14.236+02:00 TRACE 25984 --- [FirstSpring] [           main] o.s.b.f.s.DefaultListableBeanFactory     : Returning cached instance of singleton bean 'localeResolver'
2025-01-16T02:20:14.239+02:00 TRACE 25984 --- [FirstSpring] [           main] o.s.b.f.s.DefaultListableBeanFactory     : Finished creating instance of bean 'requestMappingHandlerAdapter'
2025-01-16T02:20:14.239+02:00 DEBUG 25984 --- [FirstSpring] [           main] o.s.b.f.s.DefaultListableBeanFactory     : Creating shared instance of singleton bean 'handlerFunctionAdapter'
2025-01-16T02:20:14.239+02:00 TRACE 25984 --- [FirstSpring] [           main] o.s.b.f.s.DefaultListableBeanFactory     : Creating instance of bean 'handlerFunctionAdapter'
2025-01-16T02:20:14.239+02:00 TRACE 25984 --- [FirstSpring] [           main] o.s.b.f.s.DefaultListableBeanFactory     : Returning cached instance of singleton bean 'org.springframework.boot.autoconfigure.web.servlet.WebMvcAutoConfiguration$EnableWebMvcConfiguration'
2025-01-16T02:20:14.240+02:00 TRACE 25984 --- [FirstSpring] [           main] o.s.b.f.s.DefaultListableBeanFactory     : Finished creating instance of bean 'handlerFunctionAdapter'
2025-01-16T02:20:14.241+02:00 DEBUG 25984 --- [FirstSpring] [           main] o.s.b.f.s.DefaultListableBeanFactory     : Creating shared instance of singleton bean 'mvcUriComponentsContributor'
2025-01-16T02:20:14.241+02:00 TRACE 25984 --- [FirstSpring] [           main] o.s.b.f.s.DefaultListableBeanFactory     : Creating instance of bean 'mvcUriComponentsContributor'
2025-01-16T02:20:14.241+02:00 TRACE 25984 --- [FirstSpring] [           main] o.s.b.f.s.DefaultListableBeanFactory     : Returning cached instance of singleton bean 'org.springframework.boot.autoconfigure.web.servlet.WebMvcAutoConfiguration$EnableWebMvcConfiguration'
2025-01-16T02:20:14.241+02:00 TRACE 25984 --- [FirstSpring] [           main] o.s.b.f.s.DefaultListableBeanFactory     : Returning cached instance of singleton bean 'mvcConversionService'
2025-01-16T02:20:14.241+02:00 TRACE 25984 --- [FirstSpring] [           main] o.s.b.f.s.DefaultListableBeanFactory     : Returning cached instance of singleton bean 'requestMappingHandlerAdapter'
2025-01-16T02:20:14.241+02:00 DEBUG 25984 --- [FirstSpring] [           main] o.s.b.f.s.DefaultListableBeanFactory     : Autowiring by type from bean name 'mvcUriComponentsContributor' via factory method to bean named 'mvcConversionService'
2025-01-16T02:20:14.241+02:00 DEBUG 25984 --- [FirstSpring] [           main] o.s.b.f.s.DefaultListableBeanFactory     : Autowiring by type from bean name 'mvcUriComponentsContributor' via factory method to bean named 'requestMappingHandlerAdapter'
2025-01-16T02:20:14.242+02:00 TRACE 25984 --- [FirstSpring] [           main] o.s.b.f.s.DefaultListableBeanFactory     : Finished creating instance of bean 'mvcUriComponentsContributor'
2025-01-16T02:20:14.242+02:00 DEBUG 25984 --- [FirstSpring] [           main] o.s.b.f.s.DefaultListableBeanFactory     : Creating shared instance of singleton bean 'httpRequestHandlerAdapter'
2025-01-16T02:20:14.242+02:00 TRACE 25984 --- [FirstSpring] [           main] o.s.b.f.s.DefaultListableBeanFactory     : Creating instance of bean 'httpRequestHandlerAdapter'
2025-01-16T02:20:14.244+02:00 TRACE 25984 --- [FirstSpring] [           main] o.s.b.f.s.DefaultListableBeanFactory     : Returning cached instance of singleton bean 'org.springframework.boot.autoconfigure.web.servlet.WebMvcAutoConfiguration$EnableWebMvcConfiguration'
2025-01-16T02:20:14.244+02:00 TRACE 25984 --- [FirstSpring] [           main] o.s.b.f.s.DefaultListableBeanFactory     : Finished creating instance of bean 'httpRequestHandlerAdapter'
2025-01-16T02:20:14.244+02:00 DEBUG 25984 --- [FirstSpring] [           main] o.s.b.f.s.DefaultListableBeanFactory     : Creating shared instance of singleton bean 'simpleControllerHandlerAdapter'
2025-01-16T02:20:14.244+02:00 TRACE 25984 --- [FirstSpring] [           main] o.s.b.f.s.DefaultListableBeanFactory     : Creating instance of bean 'simpleControllerHandlerAdapter'
2025-01-16T02:20:14.244+02:00 TRACE 25984 --- [FirstSpring] [           main] o.s.b.f.s.DefaultListableBeanFactory     : Returning cached instance of singleton bean 'org.springframework.boot.autoconfigure.web.servlet.WebMvcAutoConfiguration$EnableWebMvcConfiguration'
2025-01-16T02:20:14.244+02:00 TRACE 25984 --- [FirstSpring] [           main] o.s.b.f.s.DefaultListableBeanFactory     : Finished creating instance of bean 'simpleControllerHandlerAdapter'
2025-01-16T02:20:14.244+02:00 DEBUG 25984 --- [FirstSpring] [           main] o.s.b.f.s.DefaultListableBeanFactory     : Creating shared instance of singleton bean 'handlerExceptionResolver'
2025-01-16T02:20:14.244+02:00 TRACE 25984 --- [FirstSpring] [           main] o.s.b.f.s.DefaultListableBeanFactory     : Creating instance of bean 'handlerExceptionResolver'
2025-01-16T02:20:14.244+02:00 TRACE 25984 --- [FirstSpring] [           main] o.s.b.f.s.DefaultListableBeanFactory     : Returning cached instance of singleton bean 'org.springframework.boot.autoconfigure.web.servlet.WebMvcAutoConfiguration$EnableWebMvcConfiguration'
2025-01-16T02:20:14.245+02:00 TRACE 25984 --- [FirstSpring] [           main] o.s.b.f.s.DefaultListableBeanFactory     : Returning cached instance of singleton bean 'mvcContentNegotiationManager'
2025-01-16T02:20:14.245+02:00 DEBUG 25984 --- [FirstSpring] [           main] o.s.b.f.s.DefaultListableBeanFactory     : Autowiring by type from bean name 'handlerExceptionResolver' via factory method to bean named 'mvcContentNegotiationManager'
2025-01-16T02:20:14.247+02:00 DEBUG 25984 --- [FirstSpring] [           main] .m.m.a.ExceptionHandlerExceptionResolver : ControllerAdvice beans: 0 @ExceptionHandler, 1 ResponseBodyAdvice
2025-01-16T02:20:14.249+02:00 TRACE 25984 --- [FirstSpring] [           main] o.s.b.f.s.DefaultListableBeanFactory     : Finished creating instance of bean 'handlerExceptionResolver'
2025-01-16T02:20:14.249+02:00 TRACE 25984 --- [FirstSpring] [           main] o.s.b.f.s.DefaultListableBeanFactory     : Returning cached instance of singleton bean 'mvcViewResolver'
2025-01-16T02:20:14.249+02:00 TRACE 25984 --- [FirstSpring] [           main] o.s.b.f.s.DefaultListableBeanFactory     : Returning cached instance of singleton bean 'org.springframework.boot.autoconfigure.web.servlet.WebMvcAutoConfiguration$WebMvcAutoConfigurationAdapter'
2025-01-16T02:20:14.250+02:00 TRACE 25984 --- [FirstSpring] [           main] o.s.b.f.s.DefaultListableBeanFactory     : Returning cached instance of singleton bean 'defaultViewResolver'
2025-01-16T02:20:14.250+02:00 TRACE 25984 --- [FirstSpring] [           main] o.s.b.f.s.DefaultListableBeanFactory     : Returning cached instance of singleton bean 'viewResolver'
2025-01-16T02:20:14.250+02:00 DEBUG 25984 --- [FirstSpring] [           main] o.s.b.f.s.DefaultListableBeanFactory     : Creating shared instance of singleton bean 'requestContextFilter'
2025-01-16T02:20:14.250+02:00 TRACE 25984 --- [FirstSpring] [           main] o.s.b.f.s.DefaultListableBeanFactory     : Creating instance of bean 'requestContextFilter'
2025-01-16T02:20:14.251+02:00 TRACE 25984 --- [FirstSpring] [           main] o.s.b.f.s.DefaultListableBeanFactory     : Invoking afterPropertiesSet() on bean with name 'requestContextFilter'
2025-01-16T02:20:14.251+02:00 TRACE 25984 --- [FirstSpring] [           main] o.s.b.f.s.DefaultListableBeanFactory     : Finished creating instance of bean 'requestContextFilter'
2025-01-16T02:20:14.251+02:00 DEBUG 25984 --- [FirstSpring] [           main] o.s.b.f.s.DefaultListableBeanFactory     : Creating shared instance of singleton bean 'org.springframework.boot.autoconfigure.web.servlet.WebMvcAutoConfiguration'
2025-01-16T02:20:14.251+02:00 TRACE 25984 --- [FirstSpring] [           main] o.s.b.f.s.DefaultListableBeanFactory     : Creating instance of bean 'org.springframework.boot.autoconfigure.web.servlet.WebMvcAutoConfiguration'
2025-01-16T02:20:14.251+02:00 TRACE 25984 --- [FirstSpring] [           main] o.s.b.f.s.DefaultListableBeanFactory     : Finished creating instance of bean 'org.springframework.boot.autoconfigure.web.servlet.WebMvcAutoConfiguration'
2025-01-16T02:20:14.251+02:00 DEBUG 25984 --- [FirstSpring] [           main] o.s.b.f.s.DefaultListableBeanFactory     : Creating shared instance of singleton bean 'formContentFilter'
2025-01-16T02:20:14.251+02:00 TRACE 25984 --- [FirstSpring] [           main] o.s.b.f.s.DefaultListableBeanFactory     : Creating instance of bean 'formContentFilter'
2025-01-16T02:20:14.251+02:00 TRACE 25984 --- [FirstSpring] [           main] o.s.b.f.s.DefaultListableBeanFactory     : Returning cached instance of singleton bean 'org.springframework.boot.autoconfigure.web.servlet.WebMvcAutoConfiguration'
2025-01-16T02:20:14.253+02:00 TRACE 25984 --- [FirstSpring] [           main] o.s.b.f.s.DefaultListableBeanFactory     : Invoking afterPropertiesSet() on bean with name 'formContentFilter'
2025-01-16T02:20:14.253+02:00 TRACE 25984 --- [FirstSpring] [           main] o.s.b.f.s.DefaultListableBeanFactory     : Finished creating instance of bean 'formContentFilter'
2025-01-16T02:20:14.253+02:00 DEBUG 25984 --- [FirstSpring] [           main] o.s.b.f.s.DefaultListableBeanFactory     : Creating shared instance of singleton bean 'org.springframework.boot.actuate.autoconfigure.audit.AuditEventsEndpointAutoConfiguration'
2025-01-16T02:20:14.253+02:00 TRACE 25984 --- [FirstSpring] [           main] o.s.b.f.s.DefaultListableBeanFactory     : Creating instance of bean 'org.springframework.boot.actuate.autoconfigure.audit.AuditEventsEndpointAutoConfiguration'
2025-01-16T02:20:14.253+02:00 TRACE 25984 --- [FirstSpring] [           main] o.s.b.f.s.DefaultListableBeanFactory     : Finished creating instance of bean 'org.springframework.boot.actuate.autoconfigure.audit.AuditEventsEndpointAutoConfiguration'
2025-01-16T02:20:14.253+02:00 DEBUG 25984 --- [FirstSpring] [           main] o.s.b.f.s.DefaultListableBeanFactory     : Creating shared instance of singleton bean 'org.springframework.boot.autoconfigure.availability.ApplicationAvailabilityAutoConfiguration'
2025-01-16T02:20:14.253+02:00 TRACE 25984 --- [FirstSpring] [           main] o.s.b.f.s.DefaultListableBeanFactory     : Creating instance of bean 'org.springframework.boot.autoconfigure.availability.ApplicationAvailabilityAutoConfiguration'
2025-01-16T02:20:14.254+02:00 TRACE 25984 --- [FirstSpring] [           main] o.s.b.f.s.DefaultListableBeanFactory     : Finished creating instance of bean 'org.springframework.boot.autoconfigure.availability.ApplicationAvailabilityAutoConfiguration'
2025-01-16T02:20:14.254+02:00 DEBUG 25984 --- [FirstSpring] [           main] o.s.b.f.s.DefaultListableBeanFactory     : Creating shared instance of singleton bean 'applicationAvailability'
2025-01-16T02:20:14.254+02:00 TRACE 25984 --- [FirstSpring] [           main] o.s.b.f.s.DefaultListableBeanFactory     : Creating instance of bean 'applicationAvailability'
2025-01-16T02:20:14.254+02:00 TRACE 25984 --- [FirstSpring] [           main] o.s.b.f.s.DefaultListableBeanFactory     : Returning cached instance of singleton bean 'org.springframework.boot.autoconfigure.availability.ApplicationAvailabilityAutoConfiguration'
2025-01-16T02:20:14.256+02:00 TRACE 25984 --- [FirstSpring] [           main] o.s.b.f.s.DefaultListableBeanFactory     : Finished creating instance of bean 'applicationAvailability'
2025-01-16T02:20:14.256+02:00 DEBUG 25984 --- [FirstSpring] [           main] o.s.b.f.s.DefaultListableBeanFactory     : Creating shared instance of singleton bean 'org.springframework.boot.actuate.autoconfigure.availability.AvailabilityHealthContributorAutoConfiguration'
2025-01-16T02:20:14.256+02:00 TRACE 25984 --- [FirstSpring] [           main] o.s.b.f.s.DefaultListableBeanFactory     : Creating instance of bean 'org.springframework.boot.actuate.autoconfigure.availability.AvailabilityHealthContributorAutoConfiguration'
2025-01-16T02:20:14.259+02:00 TRACE 25984 --- [FirstSpring] [           main] o.s.b.f.s.DefaultListableBeanFactory     : Finished creating instance of bean 'org.springframework.boot.actuate.autoconfigure.availability.AvailabilityHealthContributorAutoConfiguration'
2025-01-16T02:20:14.259+02:00 DEBUG 25984 --- [FirstSpring] [           main] o.s.b.f.s.DefaultListableBeanFactory     : Creating shared instance of singleton bean 'org.springframework.boot.actuate.autoconfigure.beans.BeansEndpointAutoConfiguration'
2025-01-16T02:20:14.259+02:00 TRACE 25984 --- [FirstSpring] [           main] o.s.b.f.s.DefaultListableBeanFactory     : Creating instance of bean 'org.springframework.boot.actuate.autoconfigure.beans.BeansEndpointAutoConfiguration'
2025-01-16T02:20:14.259+02:00 TRACE 25984 --- [FirstSpring] [           main] o.s.b.f.s.DefaultListableBeanFactory     : Finished creating instance of bean 'org.springframework.boot.actuate.autoconfigure.beans.BeansEndpointAutoConfiguration'
2025-01-16T02:20:14.260+02:00 DEBUG 25984 --- [FirstSpring] [           main] o.s.b.f.s.DefaultListableBeanFactory     : Creating shared instance of singleton bean 'beansEndpoint'
2025-01-16T02:20:14.260+02:00 TRACE 25984 --- [FirstSpring] [           main] o.s.b.f.s.DefaultListableBeanFactory     : Creating instance of bean 'beansEndpoint'
2025-01-16T02:20:14.260+02:00 TRACE 25984 --- [FirstSpring] [           main] o.s.b.f.s.DefaultListableBeanFactory     : Returning cached instance of singleton bean 'org.springframework.boot.actuate.autoconfigure.beans.BeansEndpointAutoConfiguration'
2025-01-16T02:20:14.260+02:00 DEBUG 25984 --- [FirstSpring] [           main] o.s.b.f.s.DefaultListableBeanFactory     : Autowiring by type from bean name 'beansEndpoint' via factory method to bean named 'org.springframework.web.context.support.GenericWebApplicationContext@46292372'
2025-01-16T02:20:14.266+02:00 TRACE 25984 --- [FirstSpring] [           main] o.s.b.f.s.DefaultListableBeanFactory     : Finished creating instance of bean 'beansEndpoint'
2025-01-16T02:20:14.266+02:00 TRACE 25984 --- [FirstSpring] [           main] o.s.b.f.s.DefaultListableBeanFactory     : Returning cached instance of singleton bean 'org.springframework.boot.autoconfigure.jackson.JacksonAutoConfiguration$Jackson2ObjectMapperBuilderCustomizerConfiguration'
2025-01-16T02:20:14.266+02:00 TRACE 25984 --- [FirstSpring] [           main] o.s.b.f.s.DefaultListableBeanFactory     : Returning cached instance of singleton bean 'standardJacksonObjectMapperBuilderCustomizer'
2025-01-16T02:20:14.266+02:00 TRACE 25984 --- [FirstSpring] [           main] o.s.b.f.s.DefaultListableBeanFactory     : Returning cached instance of singleton bean 'spring.jackson-org.springframework.boot.autoconfigure.jackson.JacksonProperties'
2025-01-16T02:20:14.266+02:00 TRACE 25984 --- [FirstSpring] [           main] o.s.b.f.s.DefaultListableBeanFactory     : Returning cached instance of singleton bean 'org.springframework.boot.autoconfigure.jackson.JacksonAutoConfiguration$JacksonObjectMapperBuilderConfiguration'
2025-01-16T02:20:14.266+02:00 TRACE 25984 --- [FirstSpring] [           main] o.s.b.f.s.DefaultListableBeanFactory     : Returning cached instance of singleton bean 'org.springframework.boot.autoconfigure.jackson.JacksonAutoConfiguration$ParameterNamesModuleConfiguration'
2025-01-16T02:20:14.266+02:00 TRACE 25984 --- [FirstSpring] [           main] o.s.b.f.s.DefaultListableBeanFactory     : Returning cached instance of singleton bean 'parameterNamesModule'
2025-01-16T02:20:14.266+02:00 TRACE 25984 --- [FirstSpring] [           main] o.s.b.f.s.DefaultListableBeanFactory     : Returning cached instance of singleton bean 'org.springframework.boot.autoconfigure.jackson.JacksonAutoConfiguration$JacksonObjectMapperConfiguration'
2025-01-16T02:20:14.266+02:00 TRACE 25984 --- [FirstSpring] [           main] o.s.b.f.s.DefaultListableBeanFactory     : Returning cached instance of singleton bean 'jacksonObjectMapper'
2025-01-16T02:20:14.266+02:00 TRACE 25984 --- [FirstSpring] [           main] o.s.b.f.s.DefaultListableBeanFactory     : Returning cached instance of singleton bean 'org.springframework.boot.autoconfigure.jackson.JacksonAutoConfiguration$JacksonMixinConfiguration'
2025-01-16T02:20:14.266+02:00 TRACE 25984 --- [FirstSpring] [           main] o.s.b.f.s.DefaultListableBeanFactory     : Returning cached instance of singleton bean 'jsonMixinModuleEntries'
2025-01-16T02:20:14.266+02:00 TRACE 25984 --- [FirstSpring] [           main] o.s.b.f.s.DefaultListableBeanFactory     : Returning cached instance of singleton bean 'jsonMixinModule'
2025-01-16T02:20:14.266+02:00 TRACE 25984 --- [FirstSpring] [           main] o.s.b.f.s.DefaultListableBeanFactory     : Returning cached instance of singleton bean 'org.springframework.boot.autoconfigure.jackson.JacksonAutoConfiguration'
2025-01-16T02:20:14.266+02:00 TRACE 25984 --- [FirstSpring] [           main] o.s.b.f.s.DefaultListableBeanFactory     : Returning cached instance of singleton bean 'jsonComponentModule'
2025-01-16T02:20:14.266+02:00 DEBUG 25984 --- [FirstSpring] [           main] o.s.b.f.s.DefaultListableBeanFactory     : Creating shared instance of singleton bean 'org.springframework.boot.actuate.autoconfigure.cache.CachesEndpointAutoConfiguration'
2025-01-16T02:20:14.266+02:00 TRACE 25984 --- [FirstSpring] [           main] o.s.b.f.s.DefaultListableBeanFactory     : Creating instance of bean 'org.springframework.boot.actuate.autoconfigure.cache.CachesEndpointAutoConfiguration'
2025-01-16T02:20:14.267+02:00 TRACE 25984 --- [FirstSpring] [           main] o.s.b.f.s.DefaultListableBeanFactory     : Finished creating instance of bean 'org.springframework.boot.actuate.autoconfigure.cache.CachesEndpointAutoConfiguration'
2025-01-16T02:20:14.267+02:00 DEBUG 25984 --- [FirstSpring] [           main] o.s.b.f.s.DefaultListableBeanFactory     : Creating shared instance of singleton bean 'cachesEndpoint'
2025-01-16T02:20:14.267+02:00 TRACE 25984 --- [FirstSpring] [           main] o.s.b.f.s.DefaultListableBeanFactory     : Creating instance of bean 'cachesEndpoint'
2025-01-16T02:20:14.267+02:00 TRACE 25984 --- [FirstSpring] [           main] o.s.b.f.s.DefaultListableBeanFactory     : Returning cached instance of singleton bean 'org.springframework.boot.actuate.autoconfigure.cache.CachesEndpointAutoConfiguration'
2025-01-16T02:20:14.273+02:00 TRACE 25984 --- [FirstSpring] [           main] o.s.b.f.s.DefaultListableBeanFactory     : Finished creating instance of bean 'cachesEndpoint'
2025-01-16T02:20:14.273+02:00 DEBUG 25984 --- [FirstSpring] [           main] o.s.b.f.s.DefaultListableBeanFactory     : Creating shared instance of singleton bean 'cachesEndpointWebExtension'
2025-01-16T02:20:14.273+02:00 TRACE 25984 --- [FirstSpring] [           main] o.s.b.f.s.DefaultListableBeanFactory     : Creating instance of bean 'cachesEndpointWebExtension'
2025-01-16T02:20:14.273+02:00 TRACE 25984 --- [FirstSpring] [           main] o.s.b.f.s.DefaultListableBeanFactory     : Returning cached instance of singleton bean 'org.springframework.boot.actuate.autoconfigure.cache.CachesEndpointAutoConfiguration'
2025-01-16T02:20:14.273+02:00 TRACE 25984 --- [FirstSpring] [           main] o.s.b.f.s.DefaultListableBeanFactory     : Returning cached instance of singleton bean 'cachesEndpoint'
2025-01-16T02:20:14.273+02:00 DEBUG 25984 --- [FirstSpring] [           main] o.s.b.f.s.DefaultListableBeanFactory     : Autowiring by type from bean name 'cachesEndpointWebExtension' via factory method to bean named 'cachesEndpoint'
2025-01-16T02:20:14.275+02:00 TRACE 25984 --- [FirstSpring] [           main] o.s.b.f.s.DefaultListableBeanFactory     : Finished creating instance of bean 'cachesEndpointWebExtension'
2025-01-16T02:20:14.275+02:00 DEBUG 25984 --- [FirstSpring] [           main] o.s.b.f.s.DefaultListableBeanFactory     : Creating shared instance of singleton bean 'org.springframework.boot.actuate.autoconfigure.health.HealthEndpointConfiguration'
2025-01-16T02:20:14.275+02:00 TRACE 25984 --- [FirstSpring] [           main] o.s.b.f.s.DefaultListableBeanFactory     : Creating instance of bean 'org.springframework.boot.actuate.autoconfigure.health.HealthEndpointConfiguration'
2025-01-16T02:20:14.275+02:00 TRACE 25984 --- [FirstSpring] [           main] o.s.b.f.s.DefaultListableBeanFactory     : Finished creating instance of bean 'org.springframework.boot.actuate.autoconfigure.health.HealthEndpointConfiguration'
2025-01-16T02:20:14.275+02:00 DEBUG 25984 --- [FirstSpring] [           main] o.s.b.f.s.DefaultListableBeanFactory     : Creating shared instance of singleton bean 'healthStatusAggregator'
2025-01-16T02:20:14.275+02:00 TRACE 25984 --- [FirstSpring] [           main] o.s.b.f.s.DefaultListableBeanFactory     : Creating instance of bean 'healthStatusAggregator'
2025-01-16T02:20:14.275+02:00 TRACE 25984 --- [FirstSpring] [           main] o.s.b.f.s.DefaultListableBeanFactory     : Returning cached instance of singleton bean 'org.springframework.boot.actuate.autoconfigure.health.HealthEndpointConfiguration'
2025-01-16T02:20:14.276+02:00 DEBUG 25984 --- [FirstSpring] [           main] o.s.b.f.s.DefaultListableBeanFactory     : Creating shared instance of singleton bean 'management.endpoint.health-org.springframework.boot.actuate.autoconfigure.health.HealthEndpointProperties'
2025-01-16T02:20:14.276+02:00 TRACE 25984 --- [FirstSpring] [           main] o.s.b.f.s.DefaultListableBeanFactory     : Creating instance of bean 'management.endpoint.health-org.springframework.boot.actuate.autoconfigure.health.HealthEndpointProperties'
2025-01-16T02:20:14.277+02:00 TRACE 25984 --- [FirstSpring] [           main] o.s.b.f.s.DefaultListableBeanFactory     : Returning cached instance of singleton bean 'org.springframework.boot.context.properties.BoundConfigurationProperties'
2025-01-16T02:20:14.280+02:00 TRACE 25984 --- [FirstSpring] [           main] o.s.b.f.s.DefaultListableBeanFactory     : Finished creating instance of bean 'management.endpoint.health-org.springframework.boot.actuate.autoconfigure.health.HealthEndpointProperties'
2025-01-16T02:20:14.281+02:00 DEBUG 25984 --- [FirstSpring] [           main] o.s.b.f.s.DefaultListableBeanFactory     : Autowiring by type from bean name 'healthStatusAggregator' via factory method to bean named 'management.endpoint.health-org.springframework.boot.actuate.autoconfigure.health.HealthEndpointProperties'
2025-01-16T02:20:14.284+02:00 TRACE 25984 --- [FirstSpring] [           main] o.s.b.f.s.DefaultListableBeanFactory     : Finished creating instance of bean 'healthStatusAggregator'
2025-01-16T02:20:14.284+02:00 DEBUG 25984 --- [FirstSpring] [           main] o.s.b.f.s.DefaultListableBeanFactory     : Creating shared instance of singleton bean 'healthHttpCodeStatusMapper'
2025-01-16T02:20:14.284+02:00 TRACE 25984 --- [FirstSpring] [           main] o.s.b.f.s.DefaultListableBeanFactory     : Creating instance of bean 'healthHttpCodeStatusMapper'
2025-01-16T02:20:14.284+02:00 TRACE 25984 --- [FirstSpring] [           main] o.s.b.f.s.DefaultListableBeanFactory     : Returning cached instance of singleton bean 'org.springframework.boot.actuate.autoconfigure.health.HealthEndpointConfiguration'
2025-01-16T02:20:14.285+02:00 TRACE 25984 --- [FirstSpring] [           main] o.s.b.f.s.DefaultListableBeanFactory     : Returning cached instance of singleton bean 'management.endpoint.health-org.springframework.boot.actuate.autoconfigure.health.HealthEndpointProperties'
2025-01-16T02:20:14.285+02:00 DEBUG 25984 --- [FirstSpring] [           main] o.s.b.f.s.DefaultListableBeanFactory     : Autowiring by type from bean name 'healthHttpCodeStatusMapper' via factory method to bean named 'management.endpoint.health-org.springframework.boot.actuate.autoconfigure.health.HealthEndpointProperties'
2025-01-16T02:20:14.287+02:00 TRACE 25984 --- [FirstSpring] [           main] o.s.b.f.s.DefaultListableBeanFactory     : Finished creating instance of bean 'healthHttpCodeStatusMapper'
2025-01-16T02:20:14.287+02:00 DEBUG 25984 --- [FirstSpring] [           main] o.s.b.f.s.DefaultListableBeanFactory     : Creating shared instance of singleton bean 'healthEndpointGroups'
2025-01-16T02:20:14.287+02:00 TRACE 25984 --- [FirstSpring] [           main] o.s.b.f.s.DefaultListableBeanFactory     : Creating instance of bean 'healthEndpointGroups'
2025-01-16T02:20:14.287+02:00 TRACE 25984 --- [FirstSpring] [           main] o.s.b.f.s.DefaultListableBeanFactory     : Returning cached instance of singleton bean 'org.springframework.boot.actuate.autoconfigure.health.HealthEndpointConfiguration'
2025-01-16T02:20:14.287+02:00 TRACE 25984 --- [FirstSpring] [           main] o.s.b.f.s.DefaultListableBeanFactory     : Returning cached instance of singleton bean 'management.endpoint.health-org.springframework.boot.actuate.autoconfigure.health.HealthEndpointProperties'
2025-01-16T02:20:14.288+02:00 DEBUG 25984 --- [FirstSpring] [           main] o.s.b.f.s.DefaultListableBeanFactory     : Autowiring by type from bean name 'healthEndpointGroups' via factory method to bean named 'org.springframework.web.context.support.GenericWebApplicationContext@46292372'
2025-01-16T02:20:14.288+02:00 DEBUG 25984 --- [FirstSpring] [           main] o.s.b.f.s.DefaultListableBeanFactory     : Autowiring by type from bean name 'healthEndpointGroups' via factory method to bean named 'management.endpoint.health-org.springframework.boot.actuate.autoconfigure.health.HealthEndpointProperties'
2025-01-16T02:20:14.289+02:00 TRACE 25984 --- [FirstSpring] [           main] o.s.b.f.s.DefaultListableBeanFactory     : Returning cached instance of singleton bean 'healthStatusAggregator'
2025-01-16T02:20:14.290+02:00 TRACE 25984 --- [FirstSpring] [           main] o.s.b.f.s.DefaultListableBeanFactory     : Returning cached instance of singleton bean 'healthHttpCodeStatusMapper'
2025-01-16T02:20:14.293+02:00 TRACE 25984 --- [FirstSpring] [           main] o.s.b.f.s.DefaultListableBeanFactory     : Finished creating instance of bean 'healthEndpointGroups'
2025-01-16T02:20:14.293+02:00 DEBUG 25984 --- [FirstSpring] [           main] o.s.b.f.s.DefaultListableBeanFactory     : Creating shared instance of singleton bean 'healthContributorRegistry'
2025-01-16T02:20:14.293+02:00 TRACE 25984 --- [FirstSpring] [           main] o.s.b.f.s.DefaultListableBeanFactory     : Creating instance of bean 'healthContributorRegistry'
2025-01-16T02:20:14.293+02:00 TRACE 25984 --- [FirstSpring] [           main] o.s.b.f.s.DefaultListableBeanFactory     : Returning cached instance of singleton bean 'org.springframework.boot.actuate.autoconfigure.health.HealthEndpointConfiguration'
2025-01-16T02:20:14.294+02:00 TRACE 25984 --- [FirstSpring] [           main] o.s.b.f.s.DefaultListableBeanFactory     : Returning cached instance of singleton bean 'healthEndpointGroups'
2025-01-16T02:20:14.295+02:00 DEBUG 25984 --- [FirstSpring] [           main] o.s.b.f.s.DefaultListableBeanFactory     : Creating shared instance of singleton bean 'sslHealthIndicator'
2025-01-16T02:20:14.295+02:00 TRACE 25984 --- [FirstSpring] [           main] o.s.b.f.s.DefaultListableBeanFactory     : Creating instance of bean 'sslHealthIndicator'
2025-01-16T02:20:14.295+02:00 DEBUG 25984 --- [FirstSpring] [           main] o.s.b.f.s.DefaultListableBeanFactory     : Creating shared instance of singleton bean 'org.springframework.boot.actuate.autoconfigure.ssl.SslHealthContributorAutoConfiguration'
2025-01-16T02:20:14.295+02:00 TRACE 25984 --- [FirstSpring] [           main] o.s.b.f.s.DefaultListableBeanFactory     : Creating instance of bean 'org.springframework.boot.actuate.autoconfigure.ssl.SslHealthContributorAutoConfiguration'
2025-01-16T02:20:14.295+02:00 TRACE 25984 --- [FirstSpring] [           main] o.s.b.f.s.DefaultListableBeanFactory     : Finished creating instance of bean 'org.springframework.boot.actuate.autoconfigure.ssl.SslHealthContributorAutoConfiguration'
2025-01-16T02:20:14.295+02:00 DEBUG 25984 --- [FirstSpring] [           main] o.s.b.f.s.DefaultListableBeanFactory     : Creating shared instance of singleton bean 'sslInfo'
2025-01-16T02:20:14.295+02:00 TRACE 25984 --- [FirstSpring] [           main] o.s.b.f.s.DefaultListableBeanFactory     : Creating instance of bean 'sslInfo'
2025-01-16T02:20:14.295+02:00 TRACE 25984 --- [FirstSpring] [           main] o.s.b.f.s.DefaultListableBeanFactory     : Returning cached instance of singleton bean 'org.springframework.boot.actuate.autoconfigure.ssl.SslHealthContributorAutoConfiguration'
2025-01-16T02:20:14.295+02:00 TRACE 25984 --- [FirstSpring] [           main] o.s.b.f.s.DefaultListableBeanFactory     : Returning cached instance of singleton bean 'sslBundleRegistry'
2025-01-16T02:20:14.295+02:00 DEBUG 25984 --- [FirstSpring] [           main] o.s.b.f.s.DefaultListableBeanFactory     : Creating shared instance of singleton bean 'management.health.ssl-org.springframework.boot.actuate.autoconfigure.ssl.SslHealthIndicatorProperties'
2025-01-16T02:20:14.295+02:00 TRACE 25984 --- [FirstSpring] [           main] o.s.b.f.s.DefaultListableBeanFactory     : Creating instance of bean 'management.health.ssl-org.springframework.boot.actuate.autoconfigure.ssl.SslHealthIndicatorProperties'
2025-01-16T02:20:14.296+02:00 TRACE 25984 --- [FirstSpring] [           main] o.s.b.f.s.DefaultListableBeanFactory     : Returning cached instance of singleton bean 'org.springframework.boot.context.properties.BoundConfigurationProperties'
2025-01-16T02:20:14.297+02:00 TRACE 25984 --- [FirstSpring] [           main] o.s.b.f.s.DefaultListableBeanFactory     : Finished creating instance of bean 'management.health.ssl-org.springframework.boot.actuate.autoconfigure.ssl.SslHealthIndicatorProperties'
2025-01-16T02:20:14.297+02:00 DEBUG 25984 --- [FirstSpring] [           main] o.s.b.f.s.DefaultListableBeanFactory     : Autowiring by type from bean name 'sslInfo' via factory method to bean named 'sslBundleRegistry'
2025-01-16T02:20:14.297+02:00 DEBUG 25984 --- [FirstSpring] [           main] o.s.b.f.s.DefaultListableBeanFactory     : Autowiring by type from bean name 'sslInfo' via factory method to bean named 'management.health.ssl-org.springframework.boot.actuate.autoconfigure.ssl.SslHealthIndicatorProperties'
2025-01-16T02:20:14.298+02:00 TRACE 25984 --- [FirstSpring] [           main] o.s.b.f.s.DefaultListableBeanFactory     : Finished creating instance of bean 'sslInfo'
2025-01-16T02:20:14.298+02:00 DEBUG 25984 --- [FirstSpring] [           main] o.s.b.f.s.DefaultListableBeanFactory     : Autowiring by type from bean name 'sslHealthIndicator' via factory method to bean named 'sslInfo'
2025-01-16T02:20:14.302+02:00 TRACE 25984 --- [FirstSpring] [           main] o.s.b.f.s.DefaultListableBeanFactory     : Finished creating instance of bean 'sslHealthIndicator'
2025-01-16T02:20:14.302+02:00 DEBUG 25984 --- [FirstSpring] [           main] o.s.b.f.s.DefaultListableBeanFactory     : Creating shared instance of singleton bean 'diskSpaceHealthIndicator'
2025-01-16T02:20:14.302+02:00 TRACE 25984 --- [FirstSpring] [           main] o.s.b.f.s.DefaultListableBeanFactory     : Creating instance of bean 'diskSpaceHealthIndicator'
2025-01-16T02:20:14.302+02:00 DEBUG 25984 --- [FirstSpring] [           main] o.s.b.f.s.DefaultListableBeanFactory     : Creating shared instance of singleton bean 'org.springframework.boot.actuate.autoconfigure.system.DiskSpaceHealthContributorAutoConfiguration'
2025-01-16T02:20:14.302+02:00 TRACE 25984 --- [FirstSpring] [           main] o.s.b.f.s.DefaultListableBeanFactory     : Creating instance of bean 'org.springframework.boot.actuate.autoconfigure.system.DiskSpaceHealthContributorAutoConfiguration'
2025-01-16T02:20:14.302+02:00 TRACE 25984 --- [FirstSpring] [           main] o.s.b.f.s.DefaultListableBeanFactory     : Finished creating instance of bean 'org.springframework.boot.actuate.autoconfigure.system.DiskSpaceHealthContributorAutoConfiguration'
2025-01-16T02:20:14.303+02:00 DEBUG 25984 --- [FirstSpring] [           main] o.s.b.f.s.DefaultListableBeanFactory     : Creating shared instance of singleton bean 'management.health.diskspace-org.springframework.boot.actuate.autoconfigure.system.DiskSpaceHealthIndicatorProperties'
2025-01-16T02:20:14.303+02:00 TRACE 25984 --- [FirstSpring] [           main] o.s.b.f.s.DefaultListableBeanFactory     : Creating instance of bean 'management.health.diskspace-org.springframework.boot.actuate.autoconfigure.system.DiskSpaceHealthIndicatorProperties'
2025-01-16T02:20:14.303+02:00 TRACE 25984 --- [FirstSpring] [           main] o.s.b.f.s.DefaultListableBeanFactory     : Returning cached instance of singleton bean 'org.springframework.boot.context.properties.BoundConfigurationProperties'
2025-01-16T02:20:14.304+02:00 TRACE 25984 --- [FirstSpring] [           main] o.s.b.f.s.DefaultListableBeanFactory     : Finished creating instance of bean 'management.health.diskspace-org.springframework.boot.actuate.autoconfigure.system.DiskSpaceHealthIndicatorProperties'
2025-01-16T02:20:14.304+02:00 DEBUG 25984 --- [FirstSpring] [           main] o.s.b.f.s.DefaultListableBeanFactory     : Autowiring by type from bean name 'diskSpaceHealthIndicator' via factory method to bean named 'management.health.diskspace-org.springframework.boot.actuate.autoconfigure.system.DiskSpaceHealthIndicatorProperties'
2025-01-16T02:20:14.305+02:00 TRACE 25984 --- [FirstSpring] [           main] o.s.b.f.s.DefaultListableBeanFactory     : Finished creating instance of bean 'diskSpaceHealthIndicator'
2025-01-16T02:20:14.305+02:00 DEBUG 25984 --- [FirstSpring] [           main] o.s.b.f.s.DefaultListableBeanFactory     : Creating shared instance of singleton bean 'pingHealthContributor'
2025-01-16T02:20:14.305+02:00 TRACE 25984 --- [FirstSpring] [           main] o.s.b.f.s.DefaultListableBeanFactory     : Creating instance of bean 'pingHealthContributor'
2025-01-16T02:20:14.305+02:00 DEBUG 25984 --- [FirstSpring] [           main] o.s.b.f.s.DefaultListableBeanFactory     : Creating shared instance of singleton bean 'org.springframework.boot.actuate.autoconfigure.health.HealthContributorAutoConfiguration'
2025-01-16T02:20:14.305+02:00 TRACE 25984 --- [FirstSpring] [           main] o.s.b.f.s.DefaultListableBeanFactory     : Creating instance of bean 'org.springframework.boot.actuate.autoconfigure.health.HealthContributorAutoConfiguration'
2025-01-16T02:20:14.305+02:00 TRACE 25984 --- [FirstSpring] [           main] o.s.b.f.s.DefaultListableBeanFactory     : Finished creating instance of bean 'org.springframework.boot.actuate.autoconfigure.health.HealthContributorAutoConfiguration'
2025-01-16T02:20:14.306+02:00 TRACE 25984 --- [FirstSpring] [           main] o.s.b.f.s.DefaultListableBeanFactory     : Finished creating instance of bean 'pingHealthContributor'
2025-01-16T02:20:14.309+02:00 DEBUG 25984 --- [FirstSpring] [           main] o.s.b.f.s.DefaultListableBeanFactory     : Autowiring by type from bean name 'healthContributorRegistry' via factory method to bean named 'org.springframework.web.context.support.GenericWebApplicationContext@46292372'
2025-01-16T02:20:14.309+02:00 DEBUG 25984 --- [FirstSpring] [           main] o.s.b.f.s.DefaultListableBeanFactory     : Autowiring by type from bean name 'healthContributorRegistry' via factory method to bean named 'healthEndpointGroups'
2025-01-16T02:20:14.309+02:00 DEBUG 25984 --- [FirstSpring] [           main] o.s.b.f.s.DefaultListableBeanFactory     : Autowiring by type from bean name 'healthContributorRegistry' via factory method to bean named 'sslHealthIndicator'
2025-01-16T02:20:14.309+02:00 DEBUG 25984 --- [FirstSpring] [           main] o.s.b.f.s.DefaultListableBeanFactory     : Autowiring by type from bean name 'healthContributorRegistry' via factory method to bean named 'diskSpaceHealthIndicator'
2025-01-16T02:20:14.309+02:00 DEBUG 25984 --- [FirstSpring] [           main] o.s.b.f.s.DefaultListableBeanFactory     : Autowiring by type from bean name 'healthContributorRegistry' via factory method to bean named 'pingHealthContributor'
2025-01-16T02:20:14.316+02:00 TRACE 25984 --- [FirstSpring] [           main] o.s.b.f.s.DefaultListableBeanFactory     : Finished creating instance of bean 'healthContributorRegistry'
2025-01-16T02:20:14.316+02:00 DEBUG 25984 --- [FirstSpring] [           main] o.s.b.f.s.DefaultListableBeanFactory     : Creating shared instance of singleton bean 'healthEndpointGroupMembershipValidator'
2025-01-16T02:20:14.316+02:00 TRACE 25984 --- [FirstSpring] [           main] o.s.b.f.s.DefaultListableBeanFactory     : Creating instance of bean 'healthEndpointGroupMembershipValidator'
2025-01-16T02:20:14.316+02:00 TRACE 25984 --- [FirstSpring] [           main] o.s.b.f.s.DefaultListableBeanFactory     : Returning cached instance of singleton bean 'org.springframework.boot.actuate.autoconfigure.health.HealthEndpointConfiguration'
2025-01-16T02:20:14.316+02:00 TRACE 25984 --- [FirstSpring] [           main] o.s.b.f.s.DefaultListableBeanFactory     : Returning cached instance of singleton bean 'management.endpoint.health-org.springframework.boot.actuate.autoconfigure.health.HealthEndpointProperties'
2025-01-16T02:20:14.316+02:00 TRACE 25984 --- [FirstSpring] [           main] o.s.b.f.s.DefaultListableBeanFactory     : Returning cached instance of singleton bean 'healthContributorRegistry'
2025-01-16T02:20:14.316+02:00 DEBUG 25984 --- [FirstSpring] [           main] o.s.b.f.s.DefaultListableBeanFactory     : Autowiring by type from bean name 'healthEndpointGroupMembershipValidator' via factory method to bean named 'management.endpoint.health-org.springframework.boot.actuate.autoconfigure.health.HealthEndpointProperties'
2025-01-16T02:20:14.316+02:00 DEBUG 25984 --- [FirstSpring] [           main] o.s.b.f.s.DefaultListableBeanFactory     : Autowiring by type from bean name 'healthEndpointGroupMembershipValidator' via factory method to bean named 'healthContributorRegistry'
2025-01-16T02:20:14.318+02:00 TRACE 25984 --- [FirstSpring] [           main] o.s.b.f.s.DefaultListableBeanFactory     : Finished creating instance of bean 'healthEndpointGroupMembershipValidator'
2025-01-16T02:20:14.318+02:00 DEBUG 25984 --- [FirstSpring] [           main] o.s.b.f.s.DefaultListableBeanFactory     : Creating shared instance of singleton bean 'healthEndpoint'
2025-01-16T02:20:14.318+02:00 TRACE 25984 --- [FirstSpring] [           main] o.s.b.f.s.DefaultListableBeanFactory     : Creating instance of bean 'healthEndpoint'
2025-01-16T02:20:14.319+02:00 TRACE 25984 --- [FirstSpring] [           main] o.s.b.f.s.DefaultListableBeanFactory     : Returning cached instance of singleton bean 'org.springframework.boot.actuate.autoconfigure.health.HealthEndpointConfiguration'
2025-01-16T02:20:14.319+02:00 TRACE 25984 --- [FirstSpring] [           main] o.s.b.f.s.DefaultListableBeanFactory     : Returning cached instance of singleton bean 'healthContributorRegistry'
2025-01-16T02:20:14.319+02:00 TRACE 25984 --- [FirstSpring] [           main] o.s.b.f.s.DefaultListableBeanFactory     : Returning cached instance of singleton bean 'healthEndpointGroups'
2025-01-16T02:20:14.319+02:00 TRACE 25984 --- [FirstSpring] [           main] o.s.b.f.s.DefaultListableBeanFactory     : Returning cached instance of singleton bean 'management.endpoint.health-org.springframework.boot.actuate.autoconfigure.health.HealthEndpointProperties'
2025-01-16T02:20:14.319+02:00 DEBUG 25984 --- [FirstSpring] [           main] o.s.b.f.s.DefaultListableBeanFactory     : Autowiring by type from bean name 'healthEndpoint' via factory method to bean named 'healthContributorRegistry'
2025-01-16T02:20:14.319+02:00 DEBUG 25984 --- [FirstSpring] [           main] o.s.b.f.s.DefaultListableBeanFactory     : Autowiring by type from bean name 'healthEndpoint' via factory method to bean named 'healthEndpointGroups'
2025-01-16T02:20:14.319+02:00 DEBUG 25984 --- [FirstSpring] [           main] o.s.b.f.s.DefaultListableBeanFactory     : Autowiring by type from bean name 'healthEndpoint' via factory method to bean named 'management.endpoint.health-org.springframework.boot.actuate.autoconfigure.health.HealthEndpointProperties'
2025-01-16T02:20:14.323+02:00 TRACE 25984 --- [FirstSpring] [           main] o.s.b.f.s.DefaultListableBeanFactory     : Finished creating instance of bean 'healthEndpoint'
2025-01-16T02:20:14.323+02:00 TRACE 25984 --- [FirstSpring] [           main] o.s.b.f.s.DefaultListableBeanFactory     : Returning cached instance of singleton bean 'healthEndpointGroupsBeanPostProcessor'
2025-01-16T02:20:14.323+02:00 DEBUG 25984 --- [FirstSpring] [           main] o.s.b.f.s.DefaultListableBeanFactory     : Creating shared instance of singleton bean 'org.springframework.boot.actuate.autoconfigure.health.HealthEndpointWebExtensionConfiguration$MvcAdditionalHealthEndpointPathsConfiguration'
2025-01-16T02:20:14.323+02:00 TRACE 25984 --- [FirstSpring] [           main] o.s.b.f.s.DefaultListableBeanFactory     : Creating instance of bean 'org.springframework.boot.actuate.autoconfigure.health.HealthEndpointWebExtensionConfiguration$MvcAdditionalHealthEndpointPathsConfiguration'
2025-01-16T02:20:14.324+02:00 TRACE 25984 --- [FirstSpring] [           main] o.s.b.f.s.DefaultListableBeanFactory     : Finished creating instance of bean 'org.springframework.boot.actuate.autoconfigure.health.HealthEndpointWebExtensionConfiguration$MvcAdditionalHealthEndpointPathsConfiguration'
2025-01-16T02:20:14.324+02:00 DEBUG 25984 --- [FirstSpring] [           main] o.s.b.f.s.DefaultListableBeanFactory     : Creating shared instance of singleton bean 'healthEndpointWebMvcHandlerMapping'
2025-01-16T02:20:14.324+02:00 TRACE 25984 --- [FirstSpring] [           main] o.s.b.f.s.DefaultListableBeanFactory     : Creating instance of bean 'healthEndpointWebMvcHandlerMapping'
2025-01-16T02:20:14.324+02:00 TRACE 25984 --- [FirstSpring] [           main] o.s.b.f.s.DefaultListableBeanFactory     : Returning cached instance of singleton bean 'org.springframework.boot.actuate.autoconfigure.health.HealthEndpointWebExtensionConfiguration$MvcAdditionalHealthEndpointPathsConfiguration'
2025-01-16T02:20:14.324+02:00 DEBUG 25984 --- [FirstSpring] [           main] o.s.b.f.s.DefaultListableBeanFactory     : Creating shared instance of singleton bean 'webEndpointDiscoverer'
2025-01-16T02:20:14.324+02:00 TRACE 25984 --- [FirstSpring] [           main] o.s.b.f.s.DefaultListableBeanFactory     : Creating instance of bean 'webEndpointDiscoverer'
2025-01-16T02:20:14.324+02:00 DEBUG 25984 --- [FirstSpring] [           main] o.s.b.f.s.DefaultListableBeanFactory     : Creating shared instance of singleton bean 'org.springframework.boot.actuate.autoconfigure.endpoint.web.WebEndpointAutoConfiguration'
2025-01-16T02:20:14.324+02:00 TRACE 25984 --- [FirstSpring] [           main] o.s.b.f.s.DefaultListableBeanFactory     : Creating instance of bean 'org.springframework.boot.actuate.autoconfigure.endpoint.web.WebEndpointAutoConfiguration'
2025-01-16T02:20:14.325+02:00 DEBUG 25984 --- [FirstSpring] [           main] o.s.b.f.s.DefaultListableBeanFactory     : Creating shared instance of singleton bean 'management.endpoints.web-org.springframework.boot.actuate.autoconfigure.endpoint.web.WebEndpointProperties'
2025-01-16T02:20:14.325+02:00 TRACE 25984 --- [FirstSpring] [           main] o.s.b.f.s.DefaultListableBeanFactory     : Creating instance of bean 'management.endpoints.web-org.springframework.boot.actuate.autoconfigure.endpoint.web.WebEndpointProperties'
2025-01-16T02:20:14.325+02:00 TRACE 25984 --- [FirstSpring] [           main] o.s.b.f.s.DefaultListableBeanFactory     : Returning cached instance of singleton bean 'org.springframework.boot.context.properties.BoundConfigurationProperties'
2025-01-16T02:20:14.332+02:00 TRACE 25984 --- [FirstSpring] [           main] o.s.b.f.s.DefaultListableBeanFactory     : Finished creating instance of bean 'management.endpoints.web-org.springframework.boot.actuate.autoconfigure.endpoint.web.WebEndpointProperties'
2025-01-16T02:20:14.332+02:00 DEBUG 25984 --- [FirstSpring] [           main] o.s.b.f.s.DefaultListableBeanFactory     : Autowiring by type from bean name 'org.springframework.boot.actuate.autoconfigure.endpoint.web.WebEndpointAutoConfiguration' via constructor to bean named 'org.springframework.web.context.support.GenericWebApplicationContext@46292372'
2025-01-16T02:20:14.332+02:00 DEBUG 25984 --- [FirstSpring] [           main] o.s.b.f.s.DefaultListableBeanFactory     : Autowiring by type from bean name 'org.springframework.boot.actuate.autoconfigure.endpoint.web.WebEndpointAutoConfiguration' via constructor to bean named 'management.endpoints.web-org.springframework.boot.actuate.autoconfigure.endpoint.web.WebEndpointProperties'
2025-01-16T02:20:14.334+02:00 TRACE 25984 --- [FirstSpring] [           main] o.s.b.f.s.DefaultListableBeanFactory     : Finished creating instance of bean 'org.springframework.boot.actuate.autoconfigure.endpoint.web.WebEndpointAutoConfiguration'
2025-01-16T02:20:14.335+02:00 DEBUG 25984 --- [FirstSpring] [           main] o.s.b.f.s.DefaultListableBeanFactory     : Creating shared instance of singleton bean 'endpointOperationParameterMapper'
2025-01-16T02:20:14.335+02:00 TRACE 25984 --- [FirstSpring] [           main] o.s.b.f.s.DefaultListableBeanFactory     : Creating instance of bean 'endpointOperationParameterMapper'
2025-01-16T02:20:14.335+02:00 DEBUG 25984 --- [FirstSpring] [           main] o.s.b.f.s.DefaultListableBeanFactory     : Creating shared instance of singleton bean 'org.springframework.boot.actuate.autoconfigure.endpoint.EndpointAutoConfiguration'
2025-01-16T02:20:14.335+02:00 TRACE 25984 --- [FirstSpring] [           main] o.s.b.f.s.DefaultListableBeanFactory     : Creating instance of bean 'org.springframework.boot.actuate.autoconfigure.endpoint.EndpointAutoConfiguration'
2025-01-16T02:20:14.335+02:00 TRACE 25984 --- [FirstSpring] [           main] o.s.b.f.s.DefaultListableBeanFactory     : Finished creating instance of bean 'org.springframework.boot.actuate.autoconfigure.endpoint.EndpointAutoConfiguration'
2025-01-16T02:20:14.342+02:00 TRACE 25984 --- [FirstSpring] [           main] o.s.b.f.s.DefaultListableBeanFactory     : Finished creating instance of bean 'endpointOperationParameterMapper'
2025-01-16T02:20:14.343+02:00 DEBUG 25984 --- [FirstSpring] [           main] o.s.b.f.s.DefaultListableBeanFactory     : Creating shared instance of singleton bean 'endpointMediaTypes'
2025-01-16T02:20:14.343+02:00 TRACE 25984 --- [FirstSpring] [           main] o.s.b.f.s.DefaultListableBeanFactory     : Creating instance of bean 'endpointMediaTypes'
2025-01-16T02:20:14.343+02:00 TRACE 25984 --- [FirstSpring] [           main] o.s.b.f.s.DefaultListableBeanFactory     : Returning cached instance of singleton bean 'org.springframework.boot.actuate.autoconfigure.endpoint.web.WebEndpointAutoConfiguration'
2025-01-16T02:20:14.344+02:00 TRACE 25984 --- [FirstSpring] [           main] o.s.b.f.s.DefaultListableBeanFactory     : Finished creating instance of bean 'endpointMediaTypes'
2025-01-16T02:20:14.345+02:00 DEBUG 25984 --- [FirstSpring] [           main] o.s.b.f.s.DefaultListableBeanFactory     : Autowiring by type from bean name 'webEndpointDiscoverer' via factory method to bean named 'endpointOperationParameterMapper'
2025-01-16T02:20:14.345+02:00 DEBUG 25984 --- [FirstSpring] [           main] o.s.b.f.s.DefaultListableBeanFactory     : Autowiring by type from bean name 'webEndpointDiscoverer' via factory method to bean named 'endpointMediaTypes'
2025-01-16T02:20:14.350+02:00 DEBUG 25984 --- [FirstSpring] [           main] o.s.b.f.s.DefaultListableBeanFactory     : Creating shared instance of singleton bean 'webEndpointPathMapper'
2025-01-16T02:20:14.350+02:00 TRACE 25984 --- [FirstSpring] [           main] o.s.b.f.s.DefaultListableBeanFactory     : Creating instance of bean 'webEndpointPathMapper'
2025-01-16T02:20:14.350+02:00 TRACE 25984 --- [FirstSpring] [           main] o.s.b.f.s.DefaultListableBeanFactory     : Returning cached instance of singleton bean 'org.springframework.boot.actuate.autoconfigure.endpoint.web.WebEndpointAutoConfiguration'
2025-01-16T02:20:14.352+02:00 TRACE 25984 --- [FirstSpring] [           main] o.s.b.f.s.DefaultListableBeanFactory     : Finished creating instance of bean 'webEndpointPathMapper'
2025-01-16T02:20:14.352+02:00 TRACE 25984 --- [FirstSpring] [           main] o.s.b.f.s.DefaultListableBeanFactory     : Returning cached instance of singleton bean 'webEndpointPathMapper'
2025-01-16T02:20:14.353+02:00 TRACE 25984 --- [FirstSpring] [           main] o.s.b.f.s.DefaultListableBeanFactory     : Returning cached instance of singleton bean 'healthEndpointGroups'
2025-01-16T02:20:14.353+02:00 TRACE 25984 --- [FirstSpring] [           main] o.s.b.f.s.DefaultListableBeanFactory     : Returning cached instance of singleton bean 'healthEndpointGroups'
2025-01-16T02:20:14.353+02:00 DEBUG 25984 --- [FirstSpring] [           main] o.s.b.f.s.DefaultListableBeanFactory     : Creating shared instance of singleton bean 'endpointCachingOperationInvokerAdvisor'
2025-01-16T02:20:14.353+02:00 TRACE 25984 --- [FirstSpring] [           main] o.s.b.f.s.DefaultListableBeanFactory     : Creating instance of bean 'endpointCachingOperationInvokerAdvisor'
2025-01-16T02:20:14.354+02:00 TRACE 25984 --- [FirstSpring] [           main] o.s.b.f.s.DefaultListableBeanFactory     : Returning cached instance of singleton bean 'org.springframework.boot.actuate.autoconfigure.endpoint.EndpointAutoConfiguration'
2025-01-16T02:20:14.354+02:00 TRACE 25984 --- [FirstSpring] [           main] o.s.b.f.s.DefaultListableBeanFactory     : Returning cached instance of singleton bean 'environment'
2025-01-16T02:20:14.354+02:00 DEBUG 25984 --- [FirstSpring] [           main] o.s.b.f.s.DefaultListableBeanFactory     : Autowiring by type from bean name 'endpointCachingOperationInvokerAdvisor' via factory method to bean named 'environment'
2025-01-16T02:20:14.355+02:00 TRACE 25984 --- [FirstSpring] [           main] o.s.b.f.s.DefaultListableBeanFactory     : Finished creating instance of bean 'endpointCachingOperationInvokerAdvisor'
2025-01-16T02:20:14.355+02:00 TRACE 25984 --- [FirstSpring] [           main] o.s.b.f.s.DefaultListableBeanFactory     : Returning cached instance of singleton bean 'endpointCachingOperationInvokerAdvisor'
2025-01-16T02:20:14.357+02:00 DEBUG 25984 --- [FirstSpring] [           main] o.s.b.f.s.DefaultListableBeanFactory     : Creating shared instance of singleton bean 'webExposeExcludePropertyEndpointFilter'
2025-01-16T02:20:14.357+02:00 TRACE 25984 --- [FirstSpring] [           main] o.s.b.f.s.DefaultListableBeanFactory     : Creating instance of bean 'webExposeExcludePropertyEndpointFilter'
2025-01-16T02:20:14.357+02:00 TRACE 25984 --- [FirstSpring] [           main] o.s.b.f.s.DefaultListableBeanFactory     : Returning cached instance of singleton bean 'org.springframework.boot.actuate.autoconfigure.endpoint.web.WebEndpointAutoConfiguration'
2025-01-16T02:20:14.358+02:00 TRACE 25984 --- [FirstSpring] [           main] o.s.b.f.s.DefaultListableBeanFactory     : Finished creating instance of bean 'webExposeExcludePropertyEndpointFilter'
2025-01-16T02:20:14.359+02:00 TRACE 25984 --- [FirstSpring] [           main] o.s.b.f.s.DefaultListableBeanFactory     : Returning cached instance of singleton bean 'webExposeExcludePropertyEndpointFilter'
2025-01-16T02:20:14.360+02:00 DEBUG 25984 --- [FirstSpring] [           main] o.s.b.f.s.DefaultListableBeanFactory     : Creating shared instance of singleton bean 'webAccessPropertiesOperationFilter'
2025-01-16T02:20:14.360+02:00 TRACE 25984 --- [FirstSpring] [           main] o.s.b.f.s.DefaultListableBeanFactory     : Creating instance of bean 'webAccessPropertiesOperationFilter'
2025-01-16T02:20:14.360+02:00 TRACE 25984 --- [FirstSpring] [           main] o.s.b.f.s.DefaultListableBeanFactory     : Returning cached instance of singleton bean 'org.springframework.boot.actuate.autoconfigure.endpoint.web.WebEndpointAutoConfiguration'
2025-01-16T02:20:14.360+02:00 DEBUG 25984 --- [FirstSpring] [           main] o.s.b.f.s.DefaultListableBeanFactory     : Creating shared instance of singleton bean 'propertiesEndpointAccessResolver'
2025-01-16T02:20:14.360+02:00 TRACE 25984 --- [FirstSpring] [           main] o.s.b.f.s.DefaultListableBeanFactory     : Creating instance of bean 'propertiesEndpointAccessResolver'
2025-01-16T02:20:14.360+02:00 TRACE 25984 --- [FirstSpring] [           main] o.s.b.f.s.DefaultListableBeanFactory     : Returning cached instance of singleton bean 'org.springframework.boot.actuate.autoconfigure.endpoint.EndpointAutoConfiguration'
2025-01-16T02:20:14.360+02:00 TRACE 25984 --- [FirstSpring] [           main] o.s.b.f.s.DefaultListableBeanFactory     : Returning cached instance of singleton bean 'environment'
2025-01-16T02:20:14.360+02:00 DEBUG 25984 --- [FirstSpring] [           main] o.s.b.f.s.DefaultListableBeanFactory     : Autowiring by type from bean name 'propertiesEndpointAccessResolver' via factory method to bean named 'environment'
2025-01-16T02:20:14.362+02:00 TRACE 25984 --- [FirstSpring] [           main] o.s.b.f.s.DefaultListableBeanFactory     : Finished creating instance of bean 'propertiesEndpointAccessResolver'
2025-01-16T02:20:14.362+02:00 DEBUG 25984 --- [FirstSpring] [           main] o.s.b.f.s.DefaultListableBeanFactory     : Autowiring by type from bean name 'webAccessPropertiesOperationFilter' via factory method to bean named 'propertiesEndpointAccessResolver'
2025-01-16T02:20:14.363+02:00 TRACE 25984 --- [FirstSpring] [           main] o.s.b.f.s.DefaultListableBeanFactory     : Finished creating instance of bean 'webAccessPropertiesOperationFilter'
2025-01-16T02:20:14.363+02:00 TRACE 25984 --- [FirstSpring] [           main] o.s.b.f.s.DefaultListableBeanFactory     : Returning cached instance of singleton bean 'webAccessPropertiesOperationFilter'
2025-01-16T02:20:14.367+02:00 TRACE 25984 --- [FirstSpring] [           main] o.s.b.f.s.DefaultListableBeanFactory     : Finished creating instance of bean 'webEndpointDiscoverer'
2025-01-16T02:20:14.367+02:00 TRACE 25984 --- [FirstSpring] [           main] o.s.b.f.s.DefaultListableBeanFactory     : Returning cached instance of singleton bean 'healthEndpointGroups'
2025-01-16T02:20:14.367+02:00 DEBUG 25984 --- [FirstSpring] [           main] o.s.b.f.s.DefaultListableBeanFactory     : Autowiring by type from bean name 'healthEndpointWebMvcHandlerMapping' via factory method to bean named 'webEndpointDiscoverer'
2025-01-16T02:20:14.367+02:00 DEBUG 25984 --- [FirstSpring] [           main] o.s.b.f.s.DefaultListableBeanFactory     : Autowiring by type from bean name 'healthEndpointWebMvcHandlerMapping' via factory method to bean named 'healthEndpointGroups'
2025-01-16T02:20:14.377+02:00 TRACE 25984 --- [FirstSpring] [           main] o.s.b.f.s.DefaultListableBeanFactory     : Returning cached instance of singleton bean 'cachesEndpoint'
2025-01-16T02:20:14.382+02:00 TRACE 25984 --- [FirstSpring] [           main] o.s.b.f.s.DefaultListableBeanFactory     : Returning cached instance of singleton bean 'healthEndpoint'
2025-01-16T02:20:14.383+02:00 DEBUG 25984 --- [FirstSpring] [           main] o.s.b.f.s.DefaultListableBeanFactory     : Creating shared instance of singleton bean 'configurationPropertiesReportEndpoint'
2025-01-16T02:20:14.383+02:00 TRACE 25984 --- [FirstSpring] [           main] o.s.b.f.s.DefaultListableBeanFactory     : Creating instance of bean 'configurationPropertiesReportEndpoint'
2025-01-16T02:20:14.383+02:00 DEBUG 25984 --- [FirstSpring] [           main] o.s.b.f.s.DefaultListableBeanFactory     : Creating shared instance of singleton bean 'org.springframework.boot.actuate.autoconfigure.context.properties.ConfigurationPropertiesReportEndpointAutoConfiguration'
2025-01-16T02:20:14.383+02:00 TRACE 25984 --- [FirstSpring] [           main] o.s.b.f.s.DefaultListableBeanFactory     : Creating instance of bean 'org.springframework.boot.actuate.autoconfigure.context.properties.ConfigurationPropertiesReportEndpointAutoConfiguration'
2025-01-16T02:20:14.383+02:00 TRACE 25984 --- [FirstSpring] [           main] o.s.b.f.s.DefaultListableBeanFactory     : Finished creating instance of bean 'org.springframework.boot.actuate.autoconfigure.context.properties.ConfigurationPropertiesReportEndpointAutoConfiguration'
2025-01-16T02:20:14.384+02:00 DEBUG 25984 --- [FirstSpring] [           main] o.s.b.f.s.DefaultListableBeanFactory     : Creating shared instance of singleton bean 'management.endpoint.configprops-org.springframework.boot.actuate.autoconfigure.context.properties.ConfigurationPropertiesReportEndpointProperties'
2025-01-16T02:20:14.384+02:00 TRACE 25984 --- [FirstSpring] [           main] o.s.b.f.s.DefaultListableBeanFactory     : Creating instance of bean 'management.endpoint.configprops-org.springframework.boot.actuate.autoconfigure.context.properties.ConfigurationPropertiesReportEndpointProperties'
2025-01-16T02:20:14.385+02:00 TRACE 25984 --- [FirstSpring] [           main] o.s.b.f.s.DefaultListableBeanFactory     : Returning cached instance of singleton bean 'org.springframework.boot.context.properties.BoundConfigurationProperties'
2025-01-16T02:20:14.386+02:00 TRACE 25984 --- [FirstSpring] [           main] o.s.b.f.s.DefaultListableBeanFactory     : Finished creating instance of bean 'management.endpoint.configprops-org.springframework.boot.actuate.autoconfigure.context.properties.ConfigurationPropertiesReportEndpointProperties'
2025-01-16T02:20:14.387+02:00 DEBUG 25984 --- [FirstSpring] [           main] o.s.b.f.s.DefaultListableBeanFactory     : Autowiring by type from bean name 'configurationPropertiesReportEndpoint' via factory method to bean named 'management.endpoint.configprops-org.springframework.boot.actuate.autoconfigure.context.properties.ConfigurationPropertiesReportEndpointProperties'
2025-01-16T02:20:14.397+02:00 TRACE 25984 --- [FirstSpring] [           main] o.s.b.f.s.DefaultListableBeanFactory     : Finished creating instance of bean 'configurationPropertiesReportEndpoint'
2025-01-16T02:20:14.398+02:00 DEBUG 25984 --- [FirstSpring] [           main] o.s.b.f.s.DefaultListableBeanFactory     : Creating shared instance of singleton bean 'environmentEndpoint'
2025-01-16T02:20:14.398+02:00 TRACE 25984 --- [FirstSpring] [           main] o.s.b.f.s.DefaultListableBeanFactory     : Creating instance of bean 'environmentEndpoint'
2025-01-16T02:20:14.398+02:00 DEBUG 25984 --- [FirstSpring] [           main] o.s.b.f.s.DefaultListableBeanFactory     : Creating shared instance of singleton bean 'org.springframework.boot.actuate.autoconfigure.env.EnvironmentEndpointAutoConfiguration'
2025-01-16T02:20:14.398+02:00 TRACE 25984 --- [FirstSpring] [           main] o.s.b.f.s.DefaultListableBeanFactory     : Creating instance of bean 'org.springframework.boot.actuate.autoconfigure.env.EnvironmentEndpointAutoConfiguration'
2025-01-16T02:20:14.398+02:00 TRACE 25984 --- [FirstSpring] [           main] o.s.b.f.s.DefaultListableBeanFactory     : Finished creating instance of bean 'org.springframework.boot.actuate.autoconfigure.env.EnvironmentEndpointAutoConfiguration'
2025-01-16T02:20:14.398+02:00 TRACE 25984 --- [FirstSpring] [           main] o.s.b.f.s.DefaultListableBeanFactory     : Returning cached instance of singleton bean 'environment'
2025-01-16T02:20:14.399+02:00 DEBUG 25984 --- [FirstSpring] [           main] o.s.b.f.s.DefaultListableBeanFactory     : Creating shared instance of singleton bean 'management.endpoint.env-org.springframework.boot.actuate.autoconfigure.env.EnvironmentEndpointProperties'
2025-01-16T02:20:14.399+02:00 TRACE 25984 --- [FirstSpring] [           main] o.s.b.f.s.DefaultListableBeanFactory     : Creating instance of bean 'management.endpoint.env-org.springframework.boot.actuate.autoconfigure.env.EnvironmentEndpointProperties'
2025-01-16T02:20:14.399+02:00 TRACE 25984 --- [FirstSpring] [           main] o.s.b.f.s.DefaultListableBeanFactory     : Returning cached instance of singleton bean 'org.springframework.boot.context.properties.BoundConfigurationProperties'
2025-01-16T02:20:14.400+02:00 TRACE 25984 --- [FirstSpring] [           main] o.s.b.f.s.DefaultListableBeanFactory     : Finished creating instance of bean 'management.endpoint.env-org.springframework.boot.actuate.autoconfigure.env.EnvironmentEndpointProperties'
2025-01-16T02:20:14.400+02:00 DEBUG 25984 --- [FirstSpring] [           main] o.s.b.f.s.DefaultListableBeanFactory     : Autowiring by type from bean name 'environmentEndpoint' via factory method to bean named 'environment'
2025-01-16T02:20:14.400+02:00 DEBUG 25984 --- [FirstSpring] [           main] o.s.b.f.s.DefaultListableBeanFactory     : Autowiring by type from bean name 'environmentEndpoint' via factory method to bean named 'management.endpoint.env-org.springframework.boot.actuate.autoconfigure.env.EnvironmentEndpointProperties'
2025-01-16T02:20:14.404+02:00 TRACE 25984 --- [FirstSpring] [           main] o.s.b.f.s.DefaultListableBeanFactory     : Finished creating instance of bean 'environmentEndpoint'
2025-01-16T02:20:14.404+02:00 DEBUG 25984 --- [FirstSpring] [           main] o.s.b.f.s.DefaultListableBeanFactory     : Creating shared instance of singleton bean 'sbomEndpoint'
2025-01-16T02:20:14.404+02:00 TRACE 25984 --- [FirstSpring] [           main] o.s.b.f.s.DefaultListableBeanFactory     : Creating instance of bean 'sbomEndpoint'
2025-01-16T02:20:14.404+02:00 DEBUG 25984 --- [FirstSpring] [           main] o.s.b.f.s.DefaultListableBeanFactory     : Creating shared instance of singleton bean 'org.springframework.boot.actuate.autoconfigure.sbom.SbomEndpointAutoConfiguration'
2025-01-16T02:20:14.404+02:00 TRACE 25984 --- [FirstSpring] [           main] o.s.b.f.s.DefaultListableBeanFactory     : Creating instance of bean 'org.springframework.boot.actuate.autoconfigure.sbom.SbomEndpointAutoConfiguration'
2025-01-16T02:20:14.405+02:00 DEBUG 25984 --- [FirstSpring] [           main] o.s.b.f.s.DefaultListableBeanFactory     : Creating shared instance of singleton bean 'management.endpoint.sbom-org.springframework.boot.actuate.sbom.SbomProperties'
2025-01-16T02:20:14.405+02:00 TRACE 25984 --- [FirstSpring] [           main] o.s.b.f.s.DefaultListableBeanFactory     : Creating instance of bean 'management.endpoint.sbom-org.springframework.boot.actuate.sbom.SbomProperties'
2025-01-16T02:20:14.405+02:00 TRACE 25984 --- [FirstSpring] [           main] o.s.b.f.s.DefaultListableBeanFactory     : Returning cached instance of singleton bean 'org.springframework.boot.context.properties.BoundConfigurationProperties'
2025-01-16T02:20:14.405+02:00 TRACE 25984 --- [FirstSpring] [           main] o.s.b.f.s.DefaultListableBeanFactory     : Finished creating instance of bean 'management.endpoint.sbom-org.springframework.boot.actuate.sbom.SbomProperties'
2025-01-16T02:20:14.405+02:00 DEBUG 25984 --- [FirstSpring] [           main] o.s.b.f.s.DefaultListableBeanFactory     : Autowiring by type from bean name 'org.springframework.boot.actuate.autoconfigure.sbom.SbomEndpointAutoConfiguration' via constructor to bean named 'management.endpoint.sbom-org.springframework.boot.actuate.sbom.SbomProperties'
2025-01-16T02:20:14.407+02:00 TRACE 25984 --- [FirstSpring] [           main] o.s.b.f.s.DefaultListableBeanFactory     : Finished creating instance of bean 'org.springframework.boot.actuate.autoconfigure.sbom.SbomEndpointAutoConfiguration'
2025-01-16T02:20:14.407+02:00 DEBUG 25984 --- [FirstSpring] [           main] o.s.b.f.s.DefaultListableBeanFactory     : Autowiring by type from bean name 'sbomEndpoint' via factory method to bean named 'org.springframework.web.context.support.GenericWebApplicationContext@46292372'
2025-01-16T02:20:14.411+02:00 TRACE 25984 --- [FirstSpring] [           main] o.s.b.f.s.DefaultListableBeanFactory     : Finished creating instance of bean 'sbomEndpoint'
2025-01-16T02:20:14.412+02:00 TRACE 25984 --- [FirstSpring] [           main] o.s.b.f.s.DefaultListableBeanFactory     : Returning cached instance of singleton bean 'beansEndpoint'
2025-01-16T02:20:14.412+02:00 TRACE 25984 --- [FirstSpring] [           main] o.s.b.f.s.DefaultListableBeanFactory     : Returning cached instance of singleton bean 'beansEndpoint'
2025-01-16T02:20:14.422+02:00 TRACE 25984 --- [FirstSpring] [           main] o.s.b.f.s.DefaultListableBeanFactory     : Returning cached instance of singleton bean 'beansEndpoint'
2025-01-16T02:20:14.422+02:00 TRACE 25984 --- [FirstSpring] [           main] o.s.b.f.s.DefaultListableBeanFactory     : Returning cached instance of singleton bean 'cachesEndpoint'
2025-01-16T02:20:14.428+02:00 TRACE 25984 --- [FirstSpring] [           main] o.s.b.f.s.DefaultListableBeanFactory     : Returning cached instance of singleton bean 'cachesEndpointWebExtension'
2025-01-16T02:20:14.428+02:00 TRACE 25984 --- [FirstSpring] [           main] o.s.b.f.s.DefaultListableBeanFactory     : Returning cached instance of singleton bean 'cachesEndpoint'
2025-01-16T02:20:14.428+02:00 TRACE 25984 --- [FirstSpring] [           main] o.s.b.f.s.DefaultListableBeanFactory     : Returning cached instance of singleton bean 'healthEndpoint'
2025-01-16T02:20:14.430+02:00 DEBUG 25984 --- [FirstSpring] [           main] o.s.b.f.s.DefaultListableBeanFactory     : Creating shared instance of singleton bean 'healthEndpointWebExtension'
2025-01-16T02:20:14.430+02:00 TRACE 25984 --- [FirstSpring] [           main] o.s.b.f.s.DefaultListableBeanFactory     : Creating instance of bean 'healthEndpointWebExtension'
2025-01-16T02:20:14.430+02:00 DEBUG 25984 --- [FirstSpring] [           main] o.s.b.f.s.DefaultListableBeanFactory     : Creating shared instance of singleton bean 'org.springframework.boot.actuate.autoconfigure.health.HealthEndpointWebExtensionConfiguration'
2025-01-16T02:20:14.430+02:00 TRACE 25984 --- [FirstSpring] [           main] o.s.b.f.s.DefaultListableBeanFactory     : Creating instance of bean 'org.springframework.boot.actuate.autoconfigure.health.HealthEndpointWebExtensionConfiguration'
2025-01-16T02:20:14.430+02:00 TRACE 25984 --- [FirstSpring] [           main] o.s.b.f.s.DefaultListableBeanFactory     : Finished creating instance of bean 'org.springframework.boot.actuate.autoconfigure.health.HealthEndpointWebExtensionConfiguration'
2025-01-16T02:20:14.431+02:00 TRACE 25984 --- [FirstSpring] [           main] o.s.b.f.s.DefaultListableBeanFactory     : Returning cached instance of singleton bean 'healthContributorRegistry'
2025-01-16T02:20:14.431+02:00 TRACE 25984 --- [FirstSpring] [           main] o.s.b.f.s.DefaultListableBeanFactory     : Returning cached instance of singleton bean 'healthEndpointGroups'
2025-01-16T02:20:14.431+02:00 TRACE 25984 --- [FirstSpring] [           main] o.s.b.f.s.DefaultListableBeanFactory     : Returning cached instance of singleton bean 'management.endpoint.health-org.springframework.boot.actuate.autoconfigure.health.HealthEndpointProperties'
2025-01-16T02:20:14.431+02:00 DEBUG 25984 --- [FirstSpring] [           main] o.s.b.f.s.DefaultListableBeanFactory     : Autowiring by type from bean name 'healthEndpointWebExtension' via factory method to bean named 'healthContributorRegistry'
2025-01-16T02:20:14.431+02:00 DEBUG 25984 --- [FirstSpring] [           main] o.s.b.f.s.DefaultListableBeanFactory     : Autowiring by type from bean name 'healthEndpointWebExtension' via factory method to bean named 'healthEndpointGroups'
2025-01-16T02:20:14.431+02:00 DEBUG 25984 --- [FirstSpring] [           main] o.s.b.f.s.DefaultListableBeanFactory     : Autowiring by type from bean name 'healthEndpointWebExtension' via factory method to bean named 'management.endpoint.health-org.springframework.boot.actuate.autoconfigure.health.HealthEndpointProperties'
2025-01-16T02:20:14.432+02:00 TRACE 25984 --- [FirstSpring] [           main] o.s.b.f.s.DefaultListableBeanFactory     : Finished creating instance of bean 'healthEndpointWebExtension'
2025-01-16T02:20:14.434+02:00 TRACE 25984 --- [FirstSpring] [           main] o.s.b.f.s.DefaultListableBeanFactory     : Returning cached instance of singleton bean 'healthEndpoint'
2025-01-16T02:20:14.434+02:00 DEBUG 25984 --- [FirstSpring] [           main] o.s.b.f.s.DefaultListableBeanFactory     : Creating shared instance of singleton bean 'infoEndpoint'
2025-01-16T02:20:14.434+02:00 TRACE 25984 --- [FirstSpring] [           main] o.s.b.f.s.DefaultListableBeanFactory     : Creating instance of bean 'infoEndpoint'
2025-01-16T02:20:14.434+02:00 DEBUG 25984 --- [FirstSpring] [           main] o.s.b.f.s.DefaultListableBeanFactory     : Creating shared instance of singleton bean 'org.springframework.boot.actuate.autoconfigure.info.InfoEndpointAutoConfiguration'
2025-01-16T02:20:14.434+02:00 TRACE 25984 --- [FirstSpring] [           main] o.s.b.f.s.DefaultListableBeanFactory     : Creating instance of bean 'org.springframework.boot.actuate.autoconfigure.info.InfoEndpointAutoConfiguration'
2025-01-16T02:20:14.434+02:00 TRACE 25984 --- [FirstSpring] [           main] o.s.b.f.s.DefaultListableBeanFactory     : Finished creating instance of bean 'org.springframework.boot.actuate.autoconfigure.info.InfoEndpointAutoConfiguration'
2025-01-16T02:20:14.435+02:00 TRACE 25984 --- [FirstSpring] [           main] o.s.b.f.s.DefaultListableBeanFactory     : Finished creating instance of bean 'infoEndpoint'
2025-01-16T02:20:14.435+02:00 TRACE 25984 --- [FirstSpring] [           main] o.s.b.f.s.DefaultListableBeanFactory     : Returning cached instance of singleton bean 'infoEndpoint'
2025-01-16T02:20:14.435+02:00 TRACE 25984 --- [FirstSpring] [           main] o.s.b.f.s.DefaultListableBeanFactory     : Returning cached instance of singleton bean 'infoEndpoint'
2025-01-16T02:20:14.435+02:00 DEBUG 25984 --- [FirstSpring] [           main] o.s.b.f.s.DefaultListableBeanFactory     : Creating shared instance of singleton bean 'conditionsReportEndpoint'
2025-01-16T02:20:14.435+02:00 TRACE 25984 --- [FirstSpring] [           main] o.s.b.f.s.DefaultListableBeanFactory     : Creating instance of bean 'conditionsReportEndpoint'
2025-01-16T02:20:14.435+02:00 DEBUG 25984 --- [FirstSpring] [           main] o.s.b.f.s.DefaultListableBeanFactory     : Creating shared instance of singleton bean 'org.springframework.boot.actuate.autoconfigure.condition.ConditionsReportEndpointAutoConfiguration'
2025-01-16T02:20:14.435+02:00 TRACE 25984 --- [FirstSpring] [           main] o.s.b.f.s.DefaultListableBeanFactory     : Creating instance of bean 'org.springframework.boot.actuate.autoconfigure.condition.ConditionsReportEndpointAutoConfiguration'
2025-01-16T02:20:14.435+02:00 TRACE 25984 --- [FirstSpring] [           main] o.s.b.f.s.DefaultListableBeanFactory     : Finished creating instance of bean 'org.springframework.boot.actuate.autoconfigure.condition.ConditionsReportEndpointAutoConfiguration'
2025-01-16T02:20:14.435+02:00 DEBUG 25984 --- [FirstSpring] [           main] o.s.b.f.s.DefaultListableBeanFactory     : Autowiring by type from bean name 'conditionsReportEndpoint' via factory method to bean named 'org.springframework.web.context.support.GenericWebApplicationContext@46292372'
2025-01-16T02:20:14.437+02:00 TRACE 25984 --- [FirstSpring] [           main] o.s.b.f.s.DefaultListableBeanFactory     : Finished creating instance of bean 'conditionsReportEndpoint'
2025-01-16T02:20:14.437+02:00 TRACE 25984 --- [FirstSpring] [           main] o.s.b.f.s.DefaultListableBeanFactory     : Returning cached instance of singleton bean 'conditionsReportEndpoint'
2025-01-16T02:20:14.438+02:00 TRACE 25984 --- [FirstSpring] [           main] o.s.b.f.s.DefaultListableBeanFactory     : Returning cached instance of singleton bean 'conditionsReportEndpoint'
2025-01-16T02:20:14.438+02:00 TRACE 25984 --- [FirstSpring] [           main] o.s.b.f.s.DefaultListableBeanFactory     : Returning cached instance of singleton bean 'configurationPropertiesReportEndpoint'
2025-01-16T02:20:14.438+02:00 DEBUG 25984 --- [FirstSpring] [           main] o.s.b.f.s.DefaultListableBeanFactory     : Creating shared instance of singleton bean 'configurationPropertiesReportEndpointWebExtension'
2025-01-16T02:20:14.438+02:00 TRACE 25984 --- [FirstSpring] [           main] o.s.b.f.s.DefaultListableBeanFactory     : Creating instance of bean 'configurationPropertiesReportEndpointWebExtension'
2025-01-16T02:20:14.439+02:00 TRACE 25984 --- [FirstSpring] [           main] o.s.b.f.s.DefaultListableBeanFactory     : Returning cached instance of singleton bean 'org.springframework.boot.actuate.autoconfigure.context.properties.ConfigurationPropertiesReportEndpointAutoConfiguration'
2025-01-16T02:20:14.439+02:00 TRACE 25984 --- [FirstSpring] [           main] o.s.b.f.s.DefaultListableBeanFactory     : Returning cached instance of singleton bean 'configurationPropertiesReportEndpoint'
2025-01-16T02:20:14.439+02:00 TRACE 25984 --- [FirstSpring] [           main] o.s.b.f.s.DefaultListableBeanFactory     : Returning cached instance of singleton bean 'management.endpoint.configprops-org.springframework.boot.actuate.autoconfigure.context.properties.ConfigurationPropertiesReportEndpointProperties'
2025-01-16T02:20:14.439+02:00 DEBUG 25984 --- [FirstSpring] [           main] o.s.b.f.s.DefaultListableBeanFactory     : Autowiring by type from bean name 'configurationPropertiesReportEndpointWebExtension' via factory method to bean named 'configurationPropertiesReportEndpoint'
2025-01-16T02:20:14.439+02:00 DEBUG 25984 --- [FirstSpring] [           main] o.s.b.f.s.DefaultListableBeanFactory     : Autowiring by type from bean name 'configurationPropertiesReportEndpointWebExtension' via factory method to bean named 'management.endpoint.configprops-org.springframework.boot.actuate.autoconfigure.context.properties.ConfigurationPropertiesReportEndpointProperties'
2025-01-16T02:20:14.439+02:00 TRACE 25984 --- [FirstSpring] [           main] o.s.b.f.s.DefaultListableBeanFactory     : Finished creating instance of bean 'configurationPropertiesReportEndpointWebExtension'
2025-01-16T02:20:14.440+02:00 TRACE 25984 --- [FirstSpring] [           main] o.s.b.f.s.DefaultListableBeanFactory     : Returning cached instance of singleton bean 'configurationPropertiesReportEndpoint'
2025-01-16T02:20:14.440+02:00 TRACE 25984 --- [FirstSpring] [           main] o.s.b.f.s.DefaultListableBeanFactory     : Returning cached instance of singleton bean 'environmentEndpoint'
2025-01-16T02:20:14.453+02:00 DEBUG 25984 --- [FirstSpring] [           main] o.s.b.f.s.DefaultListableBeanFactory     : Creating shared instance of singleton bean 'environmentEndpointWebExtension'
2025-01-16T02:20:14.453+02:00 TRACE 25984 --- [FirstSpring] [           main] o.s.b.f.s.DefaultListableBeanFactory     : Creating instance of bean 'environmentEndpointWebExtension'
2025-01-16T02:20:14.453+02:00 TRACE 25984 --- [FirstSpring] [           main] o.s.b.f.s.DefaultListableBeanFactory     : Returning cached instance of singleton bean 'org.springframework.boot.actuate.autoconfigure.env.EnvironmentEndpointAutoConfiguration'
2025-01-16T02:20:14.453+02:00 TRACE 25984 --- [FirstSpring] [           main] o.s.b.f.s.DefaultListableBeanFactory     : Returning cached instance of singleton bean 'environmentEndpoint'
2025-01-16T02:20:14.454+02:00 TRACE 25984 --- [FirstSpring] [           main] o.s.b.f.s.DefaultListableBeanFactory     : Returning cached instance of singleton bean 'management.endpoint.env-org.springframework.boot.actuate.autoconfigure.env.EnvironmentEndpointProperties'
2025-01-16T02:20:14.454+02:00 DEBUG 25984 --- [FirstSpring] [           main] o.s.b.f.s.DefaultListableBeanFactory     : Autowiring by type from bean name 'environmentEndpointWebExtension' via factory method to bean named 'environmentEndpoint'
2025-01-16T02:20:14.454+02:00 DEBUG 25984 --- [FirstSpring] [           main] o.s.b.f.s.DefaultListableBeanFactory     : Autowiring by type from bean name 'environmentEndpointWebExtension' via factory method to bean named 'management.endpoint.env-org.springframework.boot.actuate.autoconfigure.env.EnvironmentEndpointProperties'
2025-01-16T02:20:14.455+02:00 TRACE 25984 --- [FirstSpring] [           main] o.s.b.f.s.DefaultListableBeanFactory     : Finished creating instance of bean 'environmentEndpointWebExtension'
2025-01-16T02:20:14.456+02:00 TRACE 25984 --- [FirstSpring] [           main] o.s.b.f.s.DefaultListableBeanFactory     : Returning cached instance of singleton bean 'environmentEndpoint'
2025-01-16T02:20:14.456+02:00 DEBUG 25984 --- [FirstSpring] [           main] o.s.b.f.s.DefaultListableBeanFactory     : Creating shared instance of singleton bean 'loggersEndpoint'
2025-01-16T02:20:14.456+02:00 TRACE 25984 --- [FirstSpring] [           main] o.s.b.f.s.DefaultListableBeanFactory     : Creating instance of bean 'loggersEndpoint'
2025-01-16T02:20:14.456+02:00 DEBUG 25984 --- [FirstSpring] [           main] o.s.b.f.s.DefaultListableBeanFactory     : Creating shared instance of singleton bean 'org.springframework.boot.actuate.autoconfigure.logging.LoggersEndpointAutoConfiguration'
2025-01-16T02:20:14.456+02:00 TRACE 25984 --- [FirstSpring] [           main] o.s.b.f.s.DefaultListableBeanFactory     : Creating instance of bean 'org.springframework.boot.actuate.autoconfigure.logging.LoggersEndpointAutoConfiguration'
2025-01-16T02:20:14.457+02:00 TRACE 25984 --- [FirstSpring] [           main] o.s.b.f.s.DefaultListableBeanFactory     : Finished creating instance of bean 'org.springframework.boot.actuate.autoconfigure.logging.LoggersEndpointAutoConfiguration'
2025-01-16T02:20:14.458+02:00 TRACE 25984 --- [FirstSpring] [           main] o.s.b.f.s.DefaultListableBeanFactory     : Returning cached instance of singleton bean 'springBootLoggingSystem'
2025-01-16T02:20:14.458+02:00 DEBUG 25984 --- [FirstSpring] [           main] o.s.b.f.s.DefaultListableBeanFactory     : Autowiring by type from bean name 'loggersEndpoint' via factory method to bean named 'springBootLoggingSystem'
2025-01-16T02:20:14.459+02:00 TRACE 25984 --- [FirstSpring] [           main] o.s.b.f.s.DefaultListableBeanFactory     : Returning cached instance of singleton bean 'springBootLoggerGroups'
2025-01-16T02:20:14.462+02:00 TRACE 25984 --- [FirstSpring] [           main] o.s.b.f.s.DefaultListableBeanFactory     : Finished creating instance of bean 'loggersEndpoint'
2025-01-16T02:20:14.462+02:00 TRACE 25984 --- [FirstSpring] [           main] o.s.b.f.s.DefaultListableBeanFactory     : Returning cached instance of singleton bean 'loggersEndpoint'
2025-01-16T02:20:14.464+02:00 TRACE 25984 --- [FirstSpring] [           main] o.s.b.f.s.DefaultListableBeanFactory     : Returning cached instance of singleton bean 'loggersEndpoint'
2025-01-16T02:20:14.464+02:00 DEBUG 25984 --- [FirstSpring] [           main] o.s.b.f.s.DefaultListableBeanFactory     : Creating shared instance of singleton bean 'heapDumpWebEndpoint'
2025-01-16T02:20:14.464+02:00 TRACE 25984 --- [FirstSpring] [           main] o.s.b.f.s.DefaultListableBeanFactory     : Creating instance of bean 'heapDumpWebEndpoint'
2025-01-16T02:20:14.464+02:00 DEBUG 25984 --- [FirstSpring] [           main] o.s.b.f.s.DefaultListableBeanFactory     : Creating shared instance of singleton bean 'org.springframework.boot.actuate.autoconfigure.management.HeapDumpWebEndpointAutoConfiguration'
2025-01-16T02:20:14.464+02:00 TRACE 25984 --- [FirstSpring] [           main] o.s.b.f.s.DefaultListableBeanFactory     : Creating instance of bean 'org.springframework.boot.actuate.autoconfigure.management.HeapDumpWebEndpointAutoConfiguration'
2025-01-16T02:20:14.464+02:00 TRACE 25984 --- [FirstSpring] [           main] o.s.b.f.s.DefaultListableBeanFactory     : Finished creating instance of bean 'org.springframework.boot.actuate.autoconfigure.management.HeapDumpWebEndpointAutoConfiguration'
2025-01-16T02:20:14.466+02:00 TRACE 25984 --- [FirstSpring] [           main] o.s.b.f.s.DefaultListableBeanFactory     : Finished creating instance of bean 'heapDumpWebEndpoint'
2025-01-16T02:20:14.467+02:00 TRACE 25984 --- [FirstSpring] [           main] o.s.b.f.s.DefaultListableBeanFactory     : Returning cached instance of singleton bean 'heapDumpWebEndpoint'
2025-01-16T02:20:14.468+02:00 TRACE 25984 --- [FirstSpring] [           main] o.s.b.f.s.DefaultListableBeanFactory     : Returning cached instance of singleton bean 'heapDumpWebEndpoint'
2025-01-16T02:20:14.468+02:00 DEBUG 25984 --- [FirstSpring] [           main] o.s.b.f.s.DefaultListableBeanFactory     : Creating shared instance of singleton bean 'dumpEndpoint'
2025-01-16T02:20:14.468+02:00 TRACE 25984 --- [FirstSpring] [           main] o.s.b.f.s.DefaultListableBeanFactory     : Creating instance of bean 'dumpEndpoint'
2025-01-16T02:20:14.468+02:00 DEBUG 25984 --- [FirstSpring] [           main] o.s.b.f.s.DefaultListableBeanFactory     : Creating shared instance of singleton bean 'org.springframework.boot.actuate.autoconfigure.management.ThreadDumpEndpointAutoConfiguration'
2025-01-16T02:20:14.468+02:00 TRACE 25984 --- [FirstSpring] [           main] o.s.b.f.s.DefaultListableBeanFactory     : Creating instance of bean 'org.springframework.boot.actuate.autoconfigure.management.ThreadDumpEndpointAutoConfiguration'
2025-01-16T02:20:14.469+02:00 TRACE 25984 --- [FirstSpring] [           main] o.s.b.f.s.DefaultListableBeanFactory     : Finished creating instance of bean 'org.springframework.boot.actuate.autoconfigure.management.ThreadDumpEndpointAutoConfiguration'
2025-01-16T02:20:14.471+02:00 TRACE 25984 --- [FirstSpring] [           main] o.s.b.f.s.DefaultListableBeanFactory     : Finished creating instance of bean 'dumpEndpoint'
2025-01-16T02:20:14.471+02:00 TRACE 25984 --- [FirstSpring] [           main] o.s.b.f.s.DefaultListableBeanFactory     : Returning cached instance of singleton bean 'dumpEndpoint'
2025-01-16T02:20:14.472+02:00 TRACE 25984 --- [FirstSpring] [           main] o.s.b.f.s.DefaultListableBeanFactory     : Returning cached instance of singleton bean 'dumpEndpoint'
2025-01-16T02:20:14.472+02:00 DEBUG 25984 --- [FirstSpring] [           main] o.s.b.f.s.DefaultListableBeanFactory     : Creating shared instance of singleton bean 'metricsEndpoint'
2025-01-16T02:20:14.472+02:00 TRACE 25984 --- [FirstSpring] [           main] o.s.b.f.s.DefaultListableBeanFactory     : Creating instance of bean 'metricsEndpoint'
2025-01-16T02:20:14.472+02:00 DEBUG 25984 --- [FirstSpring] [           main] o.s.b.f.s.DefaultListableBeanFactory     : Creating shared instance of singleton bean 'org.springframework.boot.actuate.autoconfigure.metrics.MetricsEndpointAutoConfiguration'
2025-01-16T02:20:14.472+02:00 TRACE 25984 --- [FirstSpring] [           main] o.s.b.f.s.DefaultListableBeanFactory     : Creating instance of bean 'org.springframework.boot.actuate.autoconfigure.metrics.MetricsEndpointAutoConfiguration'
2025-01-16T02:20:14.472+02:00 TRACE 25984 --- [FirstSpring] [           main] o.s.b.f.s.DefaultListableBeanFactory     : Finished creating instance of bean 'org.springframework.boot.actuate.autoconfigure.metrics.MetricsEndpointAutoConfiguration'
2025-01-16T02:20:14.473+02:00 DEBUG 25984 --- [FirstSpring] [           main] o.s.b.f.s.DefaultListableBeanFactory     : Creating shared instance of singleton bean 'simpleMeterRegistry'
2025-01-16T02:20:14.473+02:00 TRACE 25984 --- [FirstSpring] [           main] o.s.b.f.s.DefaultListableBeanFactory     : Creating instance of bean 'simpleMeterRegistry'
2025-01-16T02:20:14.473+02:00 DEBUG 25984 --- [FirstSpring] [           main] o.s.b.f.s.DefaultListableBeanFactory     : Creating shared instance of singleton bean 'org.springframework.boot.actuate.autoconfigure.metrics.export.simple.SimpleMetricsExportAutoConfiguration'
2025-01-16T02:20:14.473+02:00 TRACE 25984 --- [FirstSpring] [           main] o.s.b.f.s.DefaultListableBeanFactory     : Creating instance of bean 'org.springframework.boot.actuate.autoconfigure.metrics.export.simple.SimpleMetricsExportAutoConfiguration'
2025-01-16T02:20:14.474+02:00 TRACE 25984 --- [FirstSpring] [           main] o.s.b.f.s.DefaultListableBeanFactory     : Finished creating instance of bean 'org.springframework.boot.actuate.autoconfigure.metrics.export.simple.SimpleMetricsExportAutoConfiguration'
2025-01-16T02:20:14.474+02:00 DEBUG 25984 --- [FirstSpring] [           main] o.s.b.f.s.DefaultListableBeanFactory     : Creating shared instance of singleton bean 'simpleConfig'
2025-01-16T02:20:14.474+02:00 TRACE 25984 --- [FirstSpring] [           main] o.s.b.f.s.DefaultListableBeanFactory     : Creating instance of bean 'simpleConfig'
2025-01-16T02:20:14.474+02:00 TRACE 25984 --- [FirstSpring] [           main] o.s.b.f.s.DefaultListableBeanFactory     : Returning cached instance of singleton bean 'org.springframework.boot.actuate.autoconfigure.metrics.export.simple.SimpleMetricsExportAutoConfiguration'
2025-01-16T02:20:14.474+02:00 DEBUG 25984 --- [FirstSpring] [           main] o.s.b.f.s.DefaultListableBeanFactory     : Creating shared instance of singleton bean 'management.simple.metrics.export-org.springframework.boot.actuate.autoconfigure.metrics.export.simple.SimpleProperties'
2025-01-16T02:20:14.474+02:00 TRACE 25984 --- [FirstSpring] [           main] o.s.b.f.s.DefaultListableBeanFactory     : Creating instance of bean 'management.simple.metrics.export-org.springframework.boot.actuate.autoconfigure.metrics.export.simple.SimpleProperties'
2025-01-16T02:20:14.474+02:00 TRACE 25984 --- [FirstSpring] [           main] o.s.b.f.s.DefaultListableBeanFactory     : Returning cached instance of singleton bean 'org.springframework.boot.context.properties.BoundConfigurationProperties'
2025-01-16T02:20:14.475+02:00 TRACE 25984 --- [FirstSpring] [           main] o.s.b.f.s.DefaultListableBeanFactory     : Finished creating instance of bean 'management.simple.metrics.export-org.springframework.boot.actuate.autoconfigure.metrics.export.simple.SimpleProperties'
2025-01-16T02:20:14.475+02:00 DEBUG 25984 --- [FirstSpring] [           main] o.s.b.f.s.DefaultListableBeanFactory     : Autowiring by type from bean name 'simpleConfig' via factory method to bean named 'management.simple.metrics.export-org.springframework.boot.actuate.autoconfigure.metrics.export.simple.SimpleProperties'
2025-01-16T02:20:14.480+02:00 TRACE 25984 --- [FirstSpring] [           main] o.s.b.f.s.DefaultListableBeanFactory     : Finished creating instance of bean 'simpleConfig'
2025-01-16T02:20:14.480+02:00 DEBUG 25984 --- [FirstSpring] [           main] o.s.b.f.s.DefaultListableBeanFactory     : Creating shared instance of singleton bean 'micrometerClock'
2025-01-16T02:20:14.480+02:00 TRACE 25984 --- [FirstSpring] [           main] o.s.b.f.s.DefaultListableBeanFactory     : Creating instance of bean 'micrometerClock'
2025-01-16T02:20:14.480+02:00 DEBUG 25984 --- [FirstSpring] [           main] o.s.b.f.s.DefaultListableBeanFactory     : Creating shared instance of singleton bean 'org.springframework.boot.actuate.autoconfigure.metrics.MetricsAutoConfiguration'
2025-01-16T02:20:14.480+02:00 TRACE 25984 --- [FirstSpring] [           main] o.s.b.f.s.DefaultListableBeanFactory     : Creating instance of bean 'org.springframework.boot.actuate.autoconfigure.metrics.MetricsAutoConfiguration'
2025-01-16T02:20:14.480+02:00 TRACE 25984 --- [FirstSpring] [           main] o.s.b.f.s.DefaultListableBeanFactory     : Finished creating instance of bean 'org.springframework.boot.actuate.autoconfigure.metrics.MetricsAutoConfiguration'
2025-01-16T02:20:14.481+02:00 TRACE 25984 --- [FirstSpring] [           main] o.s.b.f.s.DefaultListableBeanFactory     : Finished creating instance of bean 'micrometerClock'
2025-01-16T02:20:14.481+02:00 DEBUG 25984 --- [FirstSpring] [           main] o.s.b.f.s.DefaultListableBeanFactory     : Autowiring by type from bean name 'simpleMeterRegistry' via factory method to bean named 'simpleConfig'
2025-01-16T02:20:14.481+02:00 DEBUG 25984 --- [FirstSpring] [           main] o.s.b.f.s.DefaultListableBeanFactory     : Autowiring by type from bean name 'simpleMeterRegistry' via factory method to bean named 'micrometerClock'
2025-01-16T02:20:14.509+02:00 DEBUG 25984 --- [FirstSpring] [           main] o.s.b.f.s.DefaultListableBeanFactory     : Creating shared instance of singleton bean 'propertiesMeterFilter'
2025-01-16T02:20:14.509+02:00 TRACE 25984 --- [FirstSpring] [           main] o.s.b.f.s.DefaultListableBeanFactory     : Creating instance of bean 'propertiesMeterFilter'
2025-01-16T02:20:14.509+02:00 TRACE 25984 --- [FirstSpring] [           main] o.s.b.f.s.DefaultListableBeanFactory     : Returning cached instance of singleton bean 'org.springframework.boot.actuate.autoconfigure.metrics.MetricsAutoConfiguration'
2025-01-16T02:20:14.509+02:00 DEBUG 25984 --- [FirstSpring] [           main] o.s.b.f.s.DefaultListableBeanFactory     : Creating shared instance of singleton bean 'management.metrics-org.springframework.boot.actuate.autoconfigure.metrics.MetricsProperties'
2025-01-16T02:20:14.509+02:00 TRACE 25984 --- [FirstSpring] [           main] o.s.b.f.s.DefaultListableBeanFactory     : Creating instance of bean 'management.metrics-org.springframework.boot.actuate.autoconfigure.metrics.MetricsProperties'
2025-01-16T02:20:14.510+02:00 TRACE 25984 --- [FirstSpring] [           main] o.s.b.f.s.DefaultListableBeanFactory     : Returning cached instance of singleton bean 'org.springframework.boot.context.properties.BoundConfigurationProperties'
2025-01-16T02:20:14.510+02:00 TRACE 25984 --- [FirstSpring] [           main] o.s.b.f.s.DefaultListableBeanFactory     : Finished creating instance of bean 'management.metrics-org.springframework.boot.actuate.autoconfigure.metrics.MetricsProperties'
2025-01-16T02:20:14.510+02:00 DEBUG 25984 --- [FirstSpring] [           main] o.s.b.f.s.DefaultListableBeanFactory     : Autowiring by type from bean name 'propertiesMeterFilter' via factory method to bean named 'management.metrics-org.springframework.boot.actuate.autoconfigure.metrics.MetricsProperties'
2025-01-16T02:20:14.512+02:00 TRACE 25984 --- [FirstSpring] [           main] o.s.b.f.s.DefaultListableBeanFactory     : Finished creating instance of bean 'propertiesMeterFilter'
2025-01-16T02:20:14.512+02:00 DEBUG 25984 --- [FirstSpring] [           main] o.s.b.f.s.DefaultListableBeanFactory     : Creating shared instance of singleton bean 'metricsHttpClientUriTagFilter'
2025-01-16T02:20:14.512+02:00 TRACE 25984 --- [FirstSpring] [           main] o.s.b.f.s.DefaultListableBeanFactory     : Creating instance of bean 'metricsHttpClientUriTagFilter'
2025-01-16T02:20:14.512+02:00 DEBUG 25984 --- [FirstSpring] [           main] o.s.b.f.s.DefaultListableBeanFactory     : Creating shared instance of singleton bean 'org.springframework.boot.actuate.autoconfigure.observation.web.client.HttpClientObservationsAutoConfiguration$MeterFilterConfiguration'
2025-01-16T02:20:14.512+02:00 TRACE 25984 --- [FirstSpring] [           main] o.s.b.f.s.DefaultListableBeanFactory     : Creating instance of bean 'org.springframework.boot.actuate.autoconfigure.observation.web.client.HttpClientObservationsAutoConfiguration$MeterFilterConfiguration'
2025-01-16T02:20:14.513+02:00 TRACE 25984 --- [FirstSpring] [           main] o.s.b.f.s.DefaultListableBeanFactory     : Finished creating instance of bean 'org.springframework.boot.actuate.autoconfigure.observation.web.client.HttpClientObservationsAutoConfiguration$MeterFilterConfiguration'
2025-01-16T02:20:14.513+02:00 DEBUG 25984 --- [FirstSpring] [           main] o.s.b.f.s.DefaultListableBeanFactory     : Creating shared instance of singleton bean 'management.observations-org.springframework.boot.actuate.autoconfigure.observation.ObservationProperties'
2025-01-16T02:20:14.513+02:00 TRACE 25984 --- [FirstSpring] [           main] o.s.b.f.s.DefaultListableBeanFactory     : Creating instance of bean 'management.observations-org.springframework.boot.actuate.autoconfigure.observation.ObservationProperties'
2025-01-16T02:20:14.516+02:00 TRACE 25984 --- [FirstSpring] [           main] o.s.b.f.s.DefaultListableBeanFactory     : Returning cached instance of singleton bean 'org.springframework.boot.context.properties.BoundConfigurationProperties'
2025-01-16T02:20:14.518+02:00 TRACE 25984 --- [FirstSpring] [           main] o.s.b.f.s.DefaultListableBeanFactory     : Finished creating instance of bean 'management.observations-org.springframework.boot.actuate.autoconfigure.observation.ObservationProperties'
2025-01-16T02:20:14.518+02:00 TRACE 25984 --- [FirstSpring] [           main] o.s.b.f.s.DefaultListableBeanFactory     : Returning cached instance of singleton bean 'management.metrics-org.springframework.boot.actuate.autoconfigure.metrics.MetricsProperties'
2025-01-16T02:20:14.518+02:00 DEBUG 25984 --- [FirstSpring] [           main] o.s.b.f.s.DefaultListableBeanFactory     : Autowiring by type from bean name 'metricsHttpClientUriTagFilter' via factory method to bean named 'management.observations-org.springframework.boot.actuate.autoconfigure.observation.ObservationProperties'
2025-01-16T02:20:14.518+02:00 DEBUG 25984 --- [FirstSpring] [           main] o.s.b.f.s.DefaultListableBeanFactory     : Autowiring by type from bean name 'metricsHttpClientUriTagFilter' via factory method to bean named 'management.metrics-org.springframework.boot.actuate.autoconfigure.metrics.MetricsProperties'
2025-01-16T02:20:14.521+02:00 TRACE 25984 --- [FirstSpring] [           main] o.s.b.f.s.DefaultListableBeanFactory     : Finished creating instance of bean 'metricsHttpClientUriTagFilter'
2025-01-16T02:20:14.521+02:00 DEBUG 25984 --- [FirstSpring] [           main] o.s.b.f.s.DefaultListableBeanFactory     : Creating shared instance of singleton bean 'metricsHttpServerUriTagFilter'
2025-01-16T02:20:14.521+02:00 TRACE 25984 --- [FirstSpring] [           main] o.s.b.f.s.DefaultListableBeanFactory     : Creating instance of bean 'metricsHttpServerUriTagFilter'
2025-01-16T02:20:14.521+02:00 DEBUG 25984 --- [FirstSpring] [           main] o.s.b.f.s.DefaultListableBeanFactory     : Creating shared instance of singleton bean 'org.springframework.boot.actuate.autoconfigure.observation.web.servlet.WebMvcObservationAutoConfiguration$MeterFilterConfiguration'
2025-01-16T02:20:14.521+02:00 TRACE 25984 --- [FirstSpring] [           main] o.s.b.f.s.DefaultListableBeanFactory     : Creating instance of bean 'org.springframework.boot.actuate.autoconfigure.observation.web.servlet.WebMvcObservationAutoConfiguration$MeterFilterConfiguration'
2025-01-16T02:20:14.522+02:00 TRACE 25984 --- [FirstSpring] [           main] o.s.b.f.s.DefaultListableBeanFactory     : Finished creating instance of bean 'org.springframework.boot.actuate.autoconfigure.observation.web.servlet.WebMvcObservationAutoConfiguration$MeterFilterConfiguration'
2025-01-16T02:20:14.522+02:00 TRACE 25984 --- [FirstSpring] [           main] o.s.b.f.s.DefaultListableBeanFactory     : Returning cached instance of singleton bean 'management.observations-org.springframework.boot.actuate.autoconfigure.observation.ObservationProperties'
2025-01-16T02:20:14.522+02:00 TRACE 25984 --- [FirstSpring] [           main] o.s.b.f.s.DefaultListableBeanFactory     : Returning cached instance of singleton bean 'management.metrics-org.springframework.boot.actuate.autoconfigure.metrics.MetricsProperties'
2025-01-16T02:20:14.522+02:00 DEBUG 25984 --- [FirstSpring] [           main] o.s.b.f.s.DefaultListableBeanFactory     : Autowiring by type from bean name 'metricsHttpServerUriTagFilter' via factory method to bean named 'management.observations-org.springframework.boot.actuate.autoconfigure.observation.ObservationProperties'
2025-01-16T02:20:14.522+02:00 DEBUG 25984 --- [FirstSpring] [           main] o.s.b.f.s.DefaultListableBeanFactory     : Autowiring by type from bean name 'metricsHttpServerUriTagFilter' via factory method to bean named 'management.metrics-org.springframework.boot.actuate.autoconfigure.metrics.MetricsProperties'
2025-01-16T02:20:14.523+02:00 TRACE 25984 --- [FirstSpring] [           main] o.s.b.f.s.DefaultListableBeanFactory     : Finished creating instance of bean 'metricsHttpServerUriTagFilter'
2025-01-16T02:20:14.523+02:00 TRACE 25984 --- [FirstSpring] [           main] o.s.b.f.s.DefaultListableBeanFactory     : Returning cached instance of singleton bean 'propertiesMeterFilter'
2025-01-16T02:20:14.524+02:00 TRACE 25984 --- [FirstSpring] [           main] o.s.b.f.s.DefaultListableBeanFactory     : Returning cached instance of singleton bean 'metricsHttpClientUriTagFilter'
2025-01-16T02:20:14.524+02:00 TRACE 25984 --- [FirstSpring] [           main] o.s.b.f.s.DefaultListableBeanFactory     : Returning cached instance of singleton bean 'metricsHttpServerUriTagFilter'
2025-01-16T02:20:14.524+02:00 TRACE 25984 --- [FirstSpring] [           main] o.s.b.f.s.DefaultListableBeanFactory     : Returning cached instance of singleton bean 'management.metrics-org.springframework.boot.actuate.autoconfigure.metrics.MetricsProperties'
2025-01-16T02:20:14.529+02:00 TRACE 25984 --- [FirstSpring] [           main] o.s.b.f.s.DefaultListableBeanFactory     : Finished creating instance of bean 'simpleMeterRegistry'
2025-01-16T02:20:14.529+02:00 DEBUG 25984 --- [FirstSpring] [           main] o.s.b.f.s.DefaultListableBeanFactory     : Autowiring by type from bean name 'metricsEndpoint' via factory method to bean named 'simpleMeterRegistry'
2025-01-16T02:20:14.531+02:00 TRACE 25984 --- [FirstSpring] [           main] o.s.b.f.s.DefaultListableBeanFactory     : Finished creating instance of bean 'metricsEndpoint'
2025-01-16T02:20:14.531+02:00 TRACE 25984 --- [FirstSpring] [           main] o.s.b.f.s.DefaultListableBeanFactory     : Returning cached instance of singleton bean 'metricsEndpoint'
2025-01-16T02:20:14.532+02:00 TRACE 25984 --- [FirstSpring] [           main] o.s.b.f.s.DefaultListableBeanFactory     : Returning cached instance of singleton bean 'metricsEndpoint'
2025-01-16T02:20:14.532+02:00 TRACE 25984 --- [FirstSpring] [           main] o.s.b.f.s.DefaultListableBeanFactory     : Returning cached instance of singleton bean 'sbomEndpoint'
2025-01-16T02:20:14.533+02:00 DEBUG 25984 --- [FirstSpring] [           main] o.s.b.f.s.DefaultListableBeanFactory     : Creating shared instance of singleton bean 'sbomEndpointWebExtension'
2025-01-16T02:20:14.533+02:00 TRACE 25984 --- [FirstSpring] [           main] o.s.b.f.s.DefaultListableBeanFactory     : Creating instance of bean 'sbomEndpointWebExtension'
2025-01-16T02:20:14.533+02:00 TRACE 25984 --- [FirstSpring] [           main] o.s.b.f.s.DefaultListableBeanFactory     : Returning cached instance of singleton bean 'org.springframework.boot.actuate.autoconfigure.sbom.SbomEndpointAutoConfiguration'
2025-01-16T02:20:14.533+02:00 TRACE 25984 --- [FirstSpring] [           main] o.s.b.f.s.DefaultListableBeanFactory     : Returning cached instance of singleton bean 'sbomEndpoint'
2025-01-16T02:20:14.533+02:00 DEBUG 25984 --- [FirstSpring] [           main] o.s.b.f.s.DefaultListableBeanFactory     : Autowiring by type from bean name 'sbomEndpointWebExtension' via factory method to bean named 'sbomEndpoint'
2025-01-16T02:20:14.534+02:00 TRACE 25984 --- [FirstSpring] [           main] o.s.b.f.s.DefaultListableBeanFactory     : Finished creating instance of bean 'sbomEndpointWebExtension'
2025-01-16T02:20:14.535+02:00 TRACE 25984 --- [FirstSpring] [           main] o.s.b.f.s.DefaultListableBeanFactory     : Returning cached instance of singleton bean 'sbomEndpoint'
2025-01-16T02:20:14.535+02:00 DEBUG 25984 --- [FirstSpring] [           main] o.s.b.f.s.DefaultListableBeanFactory     : Creating shared instance of singleton bean 'scheduledTasksEndpoint'
2025-01-16T02:20:14.535+02:00 TRACE 25984 --- [FirstSpring] [           main] o.s.b.f.s.DefaultListableBeanFactory     : Creating instance of bean 'scheduledTasksEndpoint'
2025-01-16T02:20:14.535+02:00 DEBUG 25984 --- [FirstSpring] [           main] o.s.b.f.s.DefaultListableBeanFactory     : Creating shared instance of singleton bean 'org.springframework.boot.actuate.autoconfigure.scheduling.ScheduledTasksEndpointAutoConfiguration'
2025-01-16T02:20:14.535+02:00 TRACE 25984 --- [FirstSpring] [           main] o.s.b.f.s.DefaultListableBeanFactory     : Creating instance of bean 'org.springframework.boot.actuate.autoconfigure.scheduling.ScheduledTasksEndpointAutoConfiguration'
2025-01-16T02:20:14.535+02:00 TRACE 25984 --- [FirstSpring] [           main] o.s.b.f.s.DefaultListableBeanFactory     : Finished creating instance of bean 'org.springframework.boot.actuate.autoconfigure.scheduling.ScheduledTasksEndpointAutoConfiguration'
2025-01-16T02:20:14.537+02:00 TRACE 25984 --- [FirstSpring] [           main] o.s.b.f.s.DefaultListableBeanFactory     : Finished creating instance of bean 'scheduledTasksEndpoint'
2025-01-16T02:20:14.538+02:00 TRACE 25984 --- [FirstSpring] [           main] o.s.b.f.s.DefaultListableBeanFactory     : Returning cached instance of singleton bean 'scheduledTasksEndpoint'
2025-01-16T02:20:14.538+02:00 TRACE 25984 --- [FirstSpring] [           main] o.s.b.f.s.DefaultListableBeanFactory     : Returning cached instance of singleton bean 'scheduledTasksEndpoint'
2025-01-16T02:20:14.539+02:00 DEBUG 25984 --- [FirstSpring] [           main] o.s.b.f.s.DefaultListableBeanFactory     : Creating shared instance of singleton bean 'mappingsEndpoint'
2025-01-16T02:20:14.539+02:00 TRACE 25984 --- [FirstSpring] [           main] o.s.b.f.s.DefaultListableBeanFactory     : Creating instance of bean 'mappingsEndpoint'
2025-01-16T02:20:14.539+02:00 DEBUG 25984 --- [FirstSpring] [           main] o.s.b.f.s.DefaultListableBeanFactory     : Creating shared instance of singleton bean 'org.springframework.boot.actuate.autoconfigure.web.mappings.MappingsEndpointAutoConfiguration'
2025-01-16T02:20:14.539+02:00 TRACE 25984 --- [FirstSpring] [           main] o.s.b.f.s.DefaultListableBeanFactory     : Creating instance of bean 'org.springframework.boot.actuate.autoconfigure.web.mappings.MappingsEndpointAutoConfiguration'
2025-01-16T02:20:14.539+02:00 TRACE 25984 --- [FirstSpring] [           main] o.s.b.f.s.DefaultListableBeanFactory     : Finished creating instance of bean 'org.springframework.boot.actuate.autoconfigure.web.mappings.MappingsEndpointAutoConfiguration'
2025-01-16T02:20:14.539+02:00 DEBUG 25984 --- [FirstSpring] [           main] o.s.b.f.s.DefaultListableBeanFactory     : Autowiring by type from bean name 'mappingsEndpoint' via factory method to bean named 'org.springframework.web.context.support.GenericWebApplicationContext@46292372'
2025-01-16T02:20:14.540+02:00 DEBUG 25984 --- [FirstSpring] [           main] o.s.b.f.s.DefaultListableBeanFactory     : Creating shared instance of singleton bean 'dispatcherServletMappingDescriptionProvider'
2025-01-16T02:20:14.540+02:00 TRACE 25984 --- [FirstSpring] [           main] o.s.b.f.s.DefaultListableBeanFactory     : Creating instance of bean 'dispatcherServletMappingDescriptionProvider'
2025-01-16T02:20:14.540+02:00 DEBUG 25984 --- [FirstSpring] [           main] o.s.b.f.s.DefaultListableBeanFactory     : Creating shared instance of singleton bean 'org.springframework.boot.actuate.autoconfigure.web.mappings.MappingsEndpointAutoConfiguration$ServletWebConfiguration$SpringMvcConfiguration'
2025-01-16T02:20:14.540+02:00 TRACE 25984 --- [FirstSpring] [           main] o.s.b.f.s.DefaultListableBeanFactory     : Creating instance of bean 'org.springframework.boot.actuate.autoconfigure.web.mappings.MappingsEndpointAutoConfiguration$ServletWebConfiguration$SpringMvcConfiguration'
2025-01-16T02:20:14.541+02:00 TRACE 25984 --- [FirstSpring] [           main] o.s.b.f.s.DefaultListableBeanFactory     : Finished creating instance of bean 'org.springframework.boot.actuate.autoconfigure.web.mappings.MappingsEndpointAutoConfiguration$ServletWebConfiguration$SpringMvcConfiguration'
2025-01-16T02:20:14.544+02:00 TRACE 25984 --- [FirstSpring] [           main] o.s.b.f.s.DefaultListableBeanFactory     : Finished creating instance of bean 'dispatcherServletMappingDescriptionProvider'
2025-01-16T02:20:14.544+02:00 DEBUG 25984 --- [FirstSpring] [           main] o.s.b.f.s.DefaultListableBeanFactory     : Creating shared instance of singleton bean 'servletMappingDescriptionProvider'
2025-01-16T02:20:14.544+02:00 TRACE 25984 --- [FirstSpring] [           main] o.s.b.f.s.DefaultListableBeanFactory     : Creating instance of bean 'servletMappingDescriptionProvider'
2025-01-16T02:20:14.545+02:00 DEBUG 25984 --- [FirstSpring] [           main] o.s.b.f.s.DefaultListableBeanFactory     : Creating shared instance of singleton bean 'org.springframework.boot.actuate.autoconfigure.web.mappings.MappingsEndpointAutoConfiguration$ServletWebConfiguration'
2025-01-16T02:20:14.545+02:00 TRACE 25984 --- [FirstSpring] [           main] o.s.b.f.s.DefaultListableBeanFactory     : Creating instance of bean 'org.springframework.boot.actuate.autoconfigure.web.mappings.MappingsEndpointAutoConfiguration$ServletWebConfiguration'
2025-01-16T02:20:14.545+02:00 TRACE 25984 --- [FirstSpring] [           main] o.s.b.f.s.DefaultListableBeanFactory     : Finished creating instance of bean 'org.springframework.boot.actuate.autoconfigure.web.mappings.MappingsEndpointAutoConfiguration$ServletWebConfiguration'
2025-01-16T02:20:14.545+02:00 TRACE 25984 --- [FirstSpring] [           main] o.s.b.f.s.DefaultListableBeanFactory     : Finished creating instance of bean 'servletMappingDescriptionProvider'
2025-01-16T02:20:14.545+02:00 DEBUG 25984 --- [FirstSpring] [           main] o.s.b.f.s.DefaultListableBeanFactory     : Creating shared instance of singleton bean 'filterMappingDescriptionProvider'
2025-01-16T02:20:14.545+02:00 TRACE 25984 --- [FirstSpring] [           main] o.s.b.f.s.DefaultListableBeanFactory     : Creating instance of bean 'filterMappingDescriptionProvider'
2025-01-16T02:20:14.545+02:00 TRACE 25984 --- [FirstSpring] [           main] o.s.b.f.s.DefaultListableBeanFactory     : Returning cached instance of singleton bean 'org.springframework.boot.actuate.autoconfigure.web.mappings.MappingsEndpointAutoConfiguration$ServletWebConfiguration'
2025-01-16T02:20:14.547+02:00 TRACE 25984 --- [FirstSpring] [           main] o.s.b.f.s.DefaultListableBeanFactory     : Finished creating instance of bean 'filterMappingDescriptionProvider'
2025-01-16T02:20:14.547+02:00 TRACE 25984 --- [FirstSpring] [           main] o.s.b.f.s.DefaultListableBeanFactory     : Returning cached instance of singleton bean 'dispatcherServletMappingDescriptionProvider'
2025-01-16T02:20:14.547+02:00 TRACE 25984 --- [FirstSpring] [           main] o.s.b.f.s.DefaultListableBeanFactory     : Returning cached instance of singleton bean 'servletMappingDescriptionProvider'
2025-01-16T02:20:14.547+02:00 TRACE 25984 --- [FirstSpring] [           main] o.s.b.f.s.DefaultListableBeanFactory     : Returning cached instance of singleton bean 'filterMappingDescriptionProvider'
2025-01-16T02:20:14.549+02:00 TRACE 25984 --- [FirstSpring] [           main] o.s.b.f.s.DefaultListableBeanFactory     : Finished creating instance of bean 'mappingsEndpoint'
2025-01-16T02:20:14.549+02:00 TRACE 25984 --- [FirstSpring] [           main] o.s.b.f.s.DefaultListableBeanFactory     : Returning cached instance of singleton bean 'mappingsEndpoint'
2025-01-16T02:20:14.549+02:00 TRACE 25984 --- [FirstSpring] [           main] o.s.b.f.s.DefaultListableBeanFactory     : Returning cached instance of singleton bean 'mappingsEndpoint'
2025-01-16T02:20:14.553+02:00 TRACE 25984 --- [FirstSpring] [           main] o.s.b.f.s.DefaultListableBeanFactory     : Invoking afterPropertiesSet() on bean with name 'healthEndpointWebMvcHandlerMapping'
2025-01-16T02:20:14.554+02:00 TRACE 25984 --- [FirstSpring] [           main] o.s.b.f.s.DefaultListableBeanFactory     : Finished creating instance of bean 'healthEndpointWebMvcHandlerMapping'
2025-01-16T02:20:14.554+02:00 TRACE 25984 --- [FirstSpring] [           main] o.s.b.f.s.DefaultListableBeanFactory     : Returning cached instance of singleton bean 'org.springframework.boot.actuate.autoconfigure.health.HealthEndpointWebExtensionConfiguration'
2025-01-16T02:20:14.554+02:00 TRACE 25984 --- [FirstSpring] [           main] o.s.b.f.s.DefaultListableBeanFactory     : Returning cached instance of singleton bean 'healthEndpointWebExtension'
2025-01-16T02:20:14.554+02:00 DEBUG 25984 --- [FirstSpring] [           main] o.s.b.f.s.DefaultListableBeanFactory     : Creating shared instance of singleton bean 'org.springframework.boot.actuate.autoconfigure.health.HealthEndpointAutoConfiguration'
2025-01-16T02:20:14.554+02:00 TRACE 25984 --- [FirstSpring] [           main] o.s.b.f.s.DefaultListableBeanFactory     : Creating instance of bean 'org.springframework.boot.actuate.autoconfigure.health.HealthEndpointAutoConfiguration'
2025-01-16T02:20:14.554+02:00 TRACE 25984 --- [FirstSpring] [           main] o.s.b.f.s.DefaultListableBeanFactory     : Finished creating instance of bean 'org.springframework.boot.actuate.autoconfigure.health.HealthEndpointAutoConfiguration'
2025-01-16T02:20:14.554+02:00 TRACE 25984 --- [FirstSpring] [           main] o.s.b.f.s.DefaultListableBeanFactory     : Returning cached instance of singleton bean 'management.endpoint.health-org.springframework.boot.actuate.autoconfigure.health.HealthEndpointProperties'
2025-01-16T02:20:14.554+02:00 DEBUG 25984 --- [FirstSpring] [           main] o.s.b.f.s.DefaultListableBeanFactory     : Creating shared instance of singleton bean 'org.springframework.boot.autoconfigure.info.ProjectInfoAutoConfiguration'
2025-01-16T02:20:14.554+02:00 TRACE 25984 --- [FirstSpring] [           main] o.s.b.f.s.DefaultListableBeanFactory     : Creating instance of bean 'org.springframework.boot.autoconfigure.info.ProjectInfoAutoConfiguration'
2025-01-16T02:20:14.555+02:00 DEBUG 25984 --- [FirstSpring] [           main] o.s.b.f.s.DefaultListableBeanFactory     : Creating shared instance of singleton bean 'spring.info-org.springframework.boot.autoconfigure.info.ProjectInfoProperties'
2025-01-16T02:20:14.555+02:00 TRACE 25984 --- [FirstSpring] [           main] o.s.b.f.s.DefaultListableBeanFactory     : Creating instance of bean 'spring.info-org.springframework.boot.autoconfigure.info.ProjectInfoProperties'
2025-01-16T02:20:14.555+02:00 TRACE 25984 --- [FirstSpring] [           main] o.s.b.f.s.DefaultListableBeanFactory     : Returning cached instance of singleton bean 'org.springframework.boot.context.properties.BoundConfigurationProperties'
2025-01-16T02:20:14.556+02:00 TRACE 25984 --- [FirstSpring] [           main] o.s.b.f.s.DefaultListableBeanFactory     : Finished creating instance of bean 'spring.info-org.springframework.boot.autoconfigure.info.ProjectInfoProperties'
2025-01-16T02:20:14.556+02:00 DEBUG 25984 --- [FirstSpring] [           main] o.s.b.f.s.DefaultListableBeanFactory     : Autowiring by type from bean name 'org.springframework.boot.autoconfigure.info.ProjectInfoAutoConfiguration' via constructor to bean named 'spring.info-org.springframework.boot.autoconfigure.info.ProjectInfoProperties'
2025-01-16T02:20:14.556+02:00 TRACE 25984 --- [FirstSpring] [           main] o.s.b.f.s.DefaultListableBeanFactory     : Finished creating instance of bean 'org.springframework.boot.autoconfigure.info.ProjectInfoAutoConfiguration'
2025-01-16T02:20:14.556+02:00 TRACE 25984 --- [FirstSpring] [           main] o.s.b.f.s.DefaultListableBeanFactory     : Returning cached instance of singleton bean 'spring.info-org.springframework.boot.autoconfigure.info.ProjectInfoProperties'
2025-01-16T02:20:14.556+02:00 DEBUG 25984 --- [FirstSpring] [           main] o.s.b.f.s.DefaultListableBeanFactory     : Creating shared instance of singleton bean 'org.springframework.boot.actuate.autoconfigure.info.InfoContributorAutoConfiguration'
2025-01-16T02:20:14.556+02:00 TRACE 25984 --- [FirstSpring] [           main] o.s.b.f.s.DefaultListableBeanFactory     : Creating instance of bean 'org.springframework.boot.actuate.autoconfigure.info.InfoContributorAutoConfiguration'
2025-01-16T02:20:14.564+02:00 TRACE 25984 --- [FirstSpring] [           main] o.s.b.f.s.DefaultListableBeanFactory     : Finished creating instance of bean 'org.springframework.boot.actuate.autoconfigure.info.InfoContributorAutoConfiguration'
2025-01-16T02:20:14.565+02:00 TRACE 25984 --- [FirstSpring] [           main] o.s.b.f.s.DefaultListableBeanFactory     : Returning cached instance of singleton bean 'management.health.ssl-org.springframework.boot.actuate.autoconfigure.ssl.SslHealthIndicatorProperties'
2025-01-16T02:20:14.565+02:00 DEBUG 25984 --- [FirstSpring] [           main] o.s.b.f.s.DefaultListableBeanFactory     : Creating shared instance of singleton bean 'management.info-org.springframework.boot.actuate.autoconfigure.info.InfoContributorProperties'
2025-01-16T02:20:14.565+02:00 TRACE 25984 --- [FirstSpring] [           main] o.s.b.f.s.DefaultListableBeanFactory     : Creating instance of bean 'management.info-org.springframework.boot.actuate.autoconfigure.info.InfoContributorProperties'
2025-01-16T02:20:14.566+02:00 TRACE 25984 --- [FirstSpring] [           main] o.s.b.f.s.DefaultListableBeanFactory     : Returning cached instance of singleton bean 'org.springframework.boot.context.properties.BoundConfigurationProperties'
2025-01-16T02:20:14.567+02:00 TRACE 25984 --- [FirstSpring] [           main] o.s.b.f.s.DefaultListableBeanFactory     : Finished creating instance of bean 'management.info-org.springframework.boot.actuate.autoconfigure.info.InfoContributorProperties'
2025-01-16T02:20:14.567+02:00 TRACE 25984 --- [FirstSpring] [           main] o.s.b.f.s.DefaultListableBeanFactory     : Returning cached instance of singleton bean 'org.springframework.boot.actuate.autoconfigure.info.InfoEndpointAutoConfiguration'
2025-01-16T02:20:14.567+02:00 TRACE 25984 --- [FirstSpring] [           main] o.s.b.f.s.DefaultListableBeanFactory     : Returning cached instance of singleton bean 'infoEndpoint'
2025-01-16T02:20:14.567+02:00 DEBUG 25984 --- [FirstSpring] [           main] o.s.b.f.s.DefaultListableBeanFactory     : Creating shared instance of singleton bean 'org.springframework.boot.actuate.autoconfigure.web.servlet.ServletManagementContextAutoConfiguration'
2025-01-16T02:20:14.567+02:00 TRACE 25984 --- [FirstSpring] [           main] o.s.b.f.s.DefaultListableBeanFactory     : Creating instance of bean 'org.springframework.boot.actuate.autoconfigure.web.servlet.ServletManagementContextAutoConfiguration'
2025-01-16T02:20:14.567+02:00 TRACE 25984 --- [FirstSpring] [           main] o.s.b.f.s.DefaultListableBeanFactory     : Finished creating instance of bean 'org.springframework.boot.actuate.autoconfigure.web.servlet.ServletManagementContextAutoConfiguration'
2025-01-16T02:20:14.567+02:00 DEBUG 25984 --- [FirstSpring] [           main] o.s.b.f.s.DefaultListableBeanFactory     : Creating shared instance of singleton bean 'servletWebChildContextFactory'
2025-01-16T02:20:14.567+02:00 TRACE 25984 --- [FirstSpring] [           main] o.s.b.f.s.DefaultListableBeanFactory     : Creating instance of bean 'servletWebChildContextFactory'
2025-01-16T02:20:14.569+02:00 TRACE 25984 --- [FirstSpring] [           main] o.s.b.f.s.DefaultListableBeanFactory     : Finished creating instance of bean 'servletWebChildContextFactory'
2025-01-16T02:20:14.569+02:00 DEBUG 25984 --- [FirstSpring] [           main] o.s.b.f.s.DefaultListableBeanFactory     : Creating shared instance of singleton bean 'managementServletContext'
2025-01-16T02:20:14.569+02:00 TRACE 25984 --- [FirstSpring] [           main] o.s.b.f.s.DefaultListableBeanFactory     : Creating instance of bean 'managementServletContext'
2025-01-16T02:20:14.569+02:00 TRACE 25984 --- [FirstSpring] [           main] o.s.b.f.s.DefaultListableBeanFactory     : Returning cached instance of singleton bean 'org.springframework.boot.actuate.autoconfigure.web.servlet.ServletManagementContextAutoConfiguration'
2025-01-16T02:20:14.569+02:00 TRACE 25984 --- [FirstSpring] [           main] o.s.b.f.s.DefaultListableBeanFactory     : Returning cached instance of singleton bean 'management.endpoints.web-org.springframework.boot.actuate.autoconfigure.endpoint.web.WebEndpointProperties'
2025-01-16T02:20:14.569+02:00 DEBUG 25984 --- [FirstSpring] [           main] o.s.b.f.s.DefaultListableBeanFactory     : Autowiring by type from bean name 'managementServletContext' via factory method to bean named 'management.endpoints.web-org.springframework.boot.actuate.autoconfigure.endpoint.web.WebEndpointProperties'
2025-01-16T02:20:14.570+02:00 TRACE 25984 --- [FirstSpring] [           main] o.s.b.f.s.DefaultListableBeanFactory     : Finished creating instance of bean 'managementServletContext'
2025-01-16T02:20:14.570+02:00 TRACE 25984 --- [FirstSpring] [           main] o.s.b.f.s.DefaultListableBeanFactory     : Returning cached instance of singleton bean 'org.springframework.boot.actuate.autoconfigure.condition.ConditionsReportEndpointAutoConfiguration'
2025-01-16T02:20:14.570+02:00 TRACE 25984 --- [FirstSpring] [           main] o.s.b.f.s.DefaultListableBeanFactory     : Returning cached instance of singleton bean 'conditionsReportEndpoint'
2025-01-16T02:20:14.570+02:00 TRACE 25984 --- [FirstSpring] [           main] o.s.b.f.s.DefaultListableBeanFactory     : Returning cached instance of singleton bean 'org.springframework.boot.actuate.autoconfigure.context.properties.ConfigurationPropertiesReportEndpointAutoConfiguration'
2025-01-16T02:20:14.570+02:00 TRACE 25984 --- [FirstSpring] [           main] o.s.b.f.s.DefaultListableBeanFactory     : Returning cached instance of singleton bean 'configurationPropertiesReportEndpoint'
2025-01-16T02:20:14.570+02:00 TRACE 25984 --- [FirstSpring] [           main] o.s.b.f.s.DefaultListableBeanFactory     : Returning cached instance of singleton bean 'configurationPropertiesReportEndpointWebExtension'
2025-01-16T02:20:14.570+02:00 TRACE 25984 --- [FirstSpring] [           main] o.s.b.f.s.DefaultListableBeanFactory     : Returning cached instance of singleton bean 'management.endpoint.configprops-org.springframework.boot.actuate.autoconfigure.context.properties.ConfigurationPropertiesReportEndpointProperties'
2025-01-16T02:20:14.570+02:00 TRACE 25984 --- [FirstSpring] [           main] o.s.b.f.s.DefaultListableBeanFactory     : Returning cached instance of singleton bean 'org.springframework.boot.actuate.autoconfigure.endpoint.EndpointAutoConfiguration'
2025-01-16T02:20:14.570+02:00 TRACE 25984 --- [FirstSpring] [           main] o.s.b.f.s.DefaultListableBeanFactory     : Returning cached instance of singleton bean 'endpointOperationParameterMapper'
2025-01-16T02:20:14.570+02:00 TRACE 25984 --- [FirstSpring] [           main] o.s.b.f.s.DefaultListableBeanFactory     : Returning cached instance of singleton bean 'endpointCachingOperationInvokerAdvisor'
2025-01-16T02:20:14.570+02:00 TRACE 25984 --- [FirstSpring] [           main] o.s.b.f.s.DefaultListableBeanFactory     : Returning cached instance of singleton bean 'propertiesEndpointAccessResolver'
2025-01-16T02:20:14.570+02:00 TRACE 25984 --- [FirstSpring] [           main] o.s.b.f.s.DefaultListableBeanFactory     : Returning cached instance of singleton bean 'org.springframework.boot.actuate.autoconfigure.endpoint.jackson.JacksonEndpointAutoConfiguration'
2025-01-16T02:20:14.570+02:00 TRACE 25984 --- [FirstSpring] [           main] o.s.b.f.s.DefaultListableBeanFactory     : Returning cached instance of singleton bean 'endpointObjectMapper'
2025-01-16T02:20:14.570+02:00 DEBUG 25984 --- [FirstSpring] [           main] o.s.b.f.s.DefaultListableBeanFactory     : Creating shared instance of singleton bean 'org.springframework.boot.actuate.autoconfigure.endpoint.web.WebEndpointAutoConfiguration$WebEndpointServletConfiguration'
2025-01-16T02:20:14.570+02:00 TRACE 25984 --- [FirstSpring] [           main] o.s.b.f.s.DefaultListableBeanFactory     : Creating instance of bean 'org.springframework.boot.actuate.autoconfigure.endpoint.web.WebEndpointAutoConfiguration$WebEndpointServletConfiguration'
2025-01-16T02:20:14.571+02:00 TRACE 25984 --- [FirstSpring] [           main] o.s.b.f.s.DefaultListableBeanFactory     : Finished creating instance of bean 'org.springframework.boot.actuate.autoconfigure.endpoint.web.WebEndpointAutoConfiguration$WebEndpointServletConfiguration'
2025-01-16T02:20:14.571+02:00 DEBUG 25984 --- [FirstSpring] [           main] o.s.b.f.s.DefaultListableBeanFactory     : Creating shared instance of singleton bean 'servletEndpointDiscoverer'
2025-01-16T02:20:14.571+02:00 TRACE 25984 --- [FirstSpring] [           main] o.s.b.f.s.DefaultListableBeanFactory     : Creating instance of bean 'servletEndpointDiscoverer'
2025-01-16T02:20:14.571+02:00 TRACE 25984 --- [FirstSpring] [           main] o.s.b.f.s.DefaultListableBeanFactory     : Returning cached instance of singleton bean 'org.springframework.boot.actuate.autoconfigure.endpoint.web.WebEndpointAutoConfiguration$WebEndpointServletConfiguration'
2025-01-16T02:20:14.571+02:00 DEBUG 25984 --- [FirstSpring] [           main] o.s.b.f.s.DefaultListableBeanFactory     : Autowiring by type from bean name 'servletEndpointDiscoverer' via factory method to bean named 'org.springframework.web.context.support.GenericWebApplicationContext@46292372'
2025-01-16T02:20:14.572+02:00 TRACE 25984 --- [FirstSpring] [           main] o.s.b.f.s.DefaultListableBeanFactory     : Returning cached instance of singleton bean 'webEndpointPathMapper'
2025-01-16T02:20:14.572+02:00 TRACE 25984 --- [FirstSpring] [           main] o.s.b.f.s.DefaultListableBeanFactory     : Returning cached instance of singleton bean 'webEndpointPathMapper'
2025-01-16T02:20:14.573+02:00 DEBUG 25984 --- [FirstSpring] [           main] o.s.b.f.s.DefaultListableBeanFactory     : Creating shared instance of singleton bean 'servletExposeExcludePropertyEndpointFilter'
2025-01-16T02:20:14.573+02:00 TRACE 25984 --- [FirstSpring] [           main] o.s.b.f.s.DefaultListableBeanFactory     : Creating instance of bean 'servletExposeExcludePropertyEndpointFilter'
2025-01-16T02:20:14.573+02:00 DEBUG 25984 --- [FirstSpring] [           main] o.s.b.f.s.DefaultListableBeanFactory     : Creating shared instance of singleton bean 'org.springframework.boot.actuate.autoconfigure.endpoint.web.ServletEndpointManagementContextConfiguration'
2025-01-16T02:20:14.573+02:00 TRACE 25984 --- [FirstSpring] [           main] o.s.b.f.s.DefaultListableBeanFactory     : Creating instance of bean 'org.springframework.boot.actuate.autoconfigure.endpoint.web.ServletEndpointManagementContextConfiguration'
2025-01-16T02:20:14.573+02:00 TRACE 25984 --- [FirstSpring] [           main] o.s.b.f.s.DefaultListableBeanFactory     : Finished creating instance of bean 'org.springframework.boot.actuate.autoconfigure.endpoint.web.ServletEndpointManagementContextConfiguration'
2025-01-16T02:20:14.574+02:00 TRACE 25984 --- [FirstSpring] [           main] o.s.b.f.s.DefaultListableBeanFactory     : Returning cached instance of singleton bean 'management.endpoints.web-org.springframework.boot.actuate.autoconfigure.endpoint.web.WebEndpointProperties'
2025-01-16T02:20:14.574+02:00 DEBUG 25984 --- [FirstSpring] [           main] o.s.b.f.s.DefaultListableBeanFactory     : Autowiring by type from bean name 'servletExposeExcludePropertyEndpointFilter' via factory method to bean named 'management.endpoints.web-org.springframework.boot.actuate.autoconfigure.endpoint.web.WebEndpointProperties'
2025-01-16T02:20:14.574+02:00 TRACE 25984 --- [FirstSpring] [           main] o.s.b.f.s.DefaultListableBeanFactory     : Finished creating instance of bean 'servletExposeExcludePropertyEndpointFilter'
2025-01-16T02:20:14.574+02:00 TRACE 25984 --- [FirstSpring] [           main] o.s.b.f.s.DefaultListableBeanFactory     : Returning cached instance of singleton bean 'servletExposeExcludePropertyEndpointFilter'
2025-01-16T02:20:14.575+02:00 TRACE 25984 --- [FirstSpring] [           main] o.s.b.f.s.DefaultListableBeanFactory     : Finished creating instance of bean 'servletEndpointDiscoverer'
2025-01-16T02:20:14.575+02:00 TRACE 25984 --- [FirstSpring] [           main] o.s.b.f.s.DefaultListableBeanFactory     : Returning cached instance of singleton bean 'org.springframework.boot.actuate.autoconfigure.endpoint.web.WebEndpointAutoConfiguration'
2025-01-16T02:20:14.575+02:00 TRACE 25984 --- [FirstSpring] [           main] o.s.b.f.s.DefaultListableBeanFactory     : Returning cached instance of singleton bean 'webEndpointPathMapper'
2025-01-16T02:20:14.575+02:00 TRACE 25984 --- [FirstSpring] [           main] o.s.b.f.s.DefaultListableBeanFactory     : Returning cached instance of singleton bean 'endpointMediaTypes'
2025-01-16T02:20:14.575+02:00 TRACE 25984 --- [FirstSpring] [           main] o.s.b.f.s.DefaultListableBeanFactory     : Returning cached instance of singleton bean 'webEndpointDiscoverer'
2025-01-16T02:20:14.575+02:00 DEBUG 25984 --- [FirstSpring] [           main] o.s.b.f.s.DefaultListableBeanFactory     : Creating shared instance of singleton bean 'controllerEndpointDiscoverer'
2025-01-16T02:20:14.575+02:00 TRACE 25984 --- [FirstSpring] [           main] o.s.b.f.s.DefaultListableBeanFactory     : Creating instance of bean 'controllerEndpointDiscoverer'
2025-01-16T02:20:14.575+02:00 TRACE 25984 --- [FirstSpring] [           main] o.s.b.f.s.DefaultListableBeanFactory     : Returning cached instance of singleton bean 'org.springframework.boot.actuate.autoconfigure.endpoint.web.WebEndpointAutoConfiguration'
2025-01-16T02:20:14.576+02:00 TRACE 25984 --- [FirstSpring] [           main] o.s.b.f.s.DefaultListableBeanFactory     : Returning cached instance of singleton bean 'webEndpointPathMapper'
2025-01-16T02:20:14.576+02:00 TRACE 25984 --- [FirstSpring] [           main] o.s.b.f.s.DefaultListableBeanFactory     : Returning cached instance of singleton bean 'webEndpointPathMapper'
2025-01-16T02:20:14.577+02:00 DEBUG 25984 --- [FirstSpring] [           main] o.s.b.f.s.DefaultListableBeanFactory     : Creating shared instance of singleton bean 'controllerExposeExcludePropertyEndpointFilter'
2025-01-16T02:20:14.577+02:00 TRACE 25984 --- [FirstSpring] [           main] o.s.b.f.s.DefaultListableBeanFactory     : Creating instance of bean 'controllerExposeExcludePropertyEndpointFilter'
2025-01-16T02:20:14.577+02:00 TRACE 25984 --- [FirstSpring] [           main] o.s.b.f.s.DefaultListableBeanFactory     : Returning cached instance of singleton bean 'org.springframework.boot.actuate.autoconfigure.endpoint.web.WebEndpointAutoConfiguration'
2025-01-16T02:20:14.577+02:00 TRACE 25984 --- [FirstSpring] [           main] o.s.b.f.s.DefaultListableBeanFactory     : Finished creating instance of bean 'controllerExposeExcludePropertyEndpointFilter'
2025-01-16T02:20:14.578+02:00 TRACE 25984 --- [FirstSpring] [           main] o.s.b.f.s.DefaultListableBeanFactory     : Finished creating instance of bean 'controllerEndpointDiscoverer'
2025-01-16T02:20:14.578+02:00 DEBUG 25984 --- [FirstSpring] [           main] o.s.b.f.s.DefaultListableBeanFactory     : Creating shared instance of singleton bean 'pathMappedEndpoints'
2025-01-16T02:20:14.578+02:00 TRACE 25984 --- [FirstSpring] [           main] o.s.b.f.s.DefaultListableBeanFactory     : Creating instance of bean 'pathMappedEndpoints'
2025-01-16T02:20:14.578+02:00 TRACE 25984 --- [FirstSpring] [           main] o.s.b.f.s.DefaultListableBeanFactory     : Returning cached instance of singleton bean 'org.springframework.boot.actuate.autoconfigure.endpoint.web.WebEndpointAutoConfiguration'
2025-01-16T02:20:14.579+02:00 TRACE 25984 --- [FirstSpring] [           main] o.s.b.f.s.DefaultListableBeanFactory     : Returning cached instance of singleton bean 'servletEndpointDiscoverer'
2025-01-16T02:20:14.579+02:00 TRACE 25984 --- [FirstSpring] [           main] o.s.b.f.s.DefaultListableBeanFactory     : Returning cached instance of singleton bean 'webEndpointDiscoverer'
2025-01-16T02:20:14.579+02:00 TRACE 25984 --- [FirstSpring] [           main] o.s.b.f.s.DefaultListableBeanFactory     : Returning cached instance of singleton bean 'controllerEndpointDiscoverer'
2025-01-16T02:20:14.579+02:00 DEBUG 25984 --- [FirstSpring] [           main] o.s.b.f.s.DefaultListableBeanFactory     : Autowiring by type from bean name 'pathMappedEndpoints' via factory method to bean named 'servletEndpointDiscoverer'
2025-01-16T02:20:14.579+02:00 DEBUG 25984 --- [FirstSpring] [           main] o.s.b.f.s.DefaultListableBeanFactory     : Autowiring by type from bean name 'pathMappedEndpoints' via factory method to bean named 'webEndpointDiscoverer'
2025-01-16T02:20:14.579+02:00 DEBUG 25984 --- [FirstSpring] [           main] o.s.b.f.s.DefaultListableBeanFactory     : Autowiring by type from bean name 'pathMappedEndpoints' via factory method to bean named 'controllerEndpointDiscoverer'
2025-01-16T02:20:14.589+02:00 TRACE 25984 --- [FirstSpring] [           main] o.s.b.f.s.DefaultListableBeanFactory     : Finished creating instance of bean 'pathMappedEndpoints'
2025-01-16T02:20:14.589+02:00 TRACE 25984 --- [FirstSpring] [           main] o.s.b.f.s.DefaultListableBeanFactory     : Returning cached instance of singleton bean 'webExposeExcludePropertyEndpointFilter'
2025-01-16T02:20:14.589+02:00 TRACE 25984 --- [FirstSpring] [           main] o.s.b.f.s.DefaultListableBeanFactory     : Returning cached instance of singleton bean 'controllerExposeExcludePropertyEndpointFilter'
2025-01-16T02:20:14.589+02:00 TRACE 25984 --- [FirstSpring] [           main] o.s.b.f.s.DefaultListableBeanFactory     : Returning cached instance of singleton bean 'webAccessPropertiesOperationFilter'
2025-01-16T02:20:14.589+02:00 TRACE 25984 --- [FirstSpring] [           main] o.s.b.f.s.DefaultListableBeanFactory     : Returning cached instance of singleton bean 'management.endpoints.web-org.springframework.boot.actuate.autoconfigure.endpoint.web.WebEndpointProperties'
2025-01-16T02:20:14.589+02:00 TRACE 25984 --- [FirstSpring] [           main] o.s.b.f.s.DefaultListableBeanFactory     : Returning cached instance of singleton bean 'org.springframework.boot.actuate.autoconfigure.env.EnvironmentEndpointAutoConfiguration'
2025-01-16T02:20:14.589+02:00 TRACE 25984 --- [FirstSpring] [           main] o.s.b.f.s.DefaultListableBeanFactory     : Returning cached instance of singleton bean 'environmentEndpoint'
2025-01-16T02:20:14.589+02:00 TRACE 25984 --- [FirstSpring] [           main] o.s.b.f.s.DefaultListableBeanFactory     : Returning cached instance of singleton bean 'environmentEndpointWebExtension'
2025-01-16T02:20:14.589+02:00 TRACE 25984 --- [FirstSpring] [           main] o.s.b.f.s.DefaultListableBeanFactory     : Returning cached instance of singleton bean 'management.endpoint.env-org.springframework.boot.actuate.autoconfigure.env.EnvironmentEndpointProperties'
2025-01-16T02:20:14.589+02:00 TRACE 25984 --- [FirstSpring] [           main] o.s.b.f.s.DefaultListableBeanFactory     : Returning cached instance of singleton bean 'org.springframework.boot.actuate.autoconfigure.ssl.SslHealthContributorAutoConfiguration'
2025-01-16T02:20:14.589+02:00 TRACE 25984 --- [FirstSpring] [           main] o.s.b.f.s.DefaultListableBeanFactory     : Returning cached instance of singleton bean 'sslHealthIndicator'
2025-01-16T02:20:14.589+02:00 TRACE 25984 --- [FirstSpring] [           main] o.s.b.f.s.DefaultListableBeanFactory     : Returning cached instance of singleton bean 'sslInfo'
2025-01-16T02:20:14.589+02:00 TRACE 25984 --- [FirstSpring] [           main] o.s.b.f.s.DefaultListableBeanFactory     : Returning cached instance of singleton bean 'org.springframework.boot.actuate.autoconfigure.system.DiskSpaceHealthContributorAutoConfiguration'
2025-01-16T02:20:14.589+02:00 TRACE 25984 --- [FirstSpring] [           main] o.s.b.f.s.DefaultListableBeanFactory     : Returning cached instance of singleton bean 'diskSpaceHealthIndicator'
2025-01-16T02:20:14.589+02:00 TRACE 25984 --- [FirstSpring] [           main] o.s.b.f.s.DefaultListableBeanFactory     : Returning cached instance of singleton bean 'management.health.diskspace-org.springframework.boot.actuate.autoconfigure.system.DiskSpaceHealthIndicatorProperties'
2025-01-16T02:20:14.589+02:00 TRACE 25984 --- [FirstSpring] [           main] o.s.b.f.s.DefaultListableBeanFactory     : Returning cached instance of singleton bean 'org.springframework.boot.actuate.autoconfigure.health.HealthContributorAutoConfiguration'
2025-01-16T02:20:14.589+02:00 TRACE 25984 --- [FirstSpring] [           main] o.s.b.f.s.DefaultListableBeanFactory     : Returning cached instance of singleton bean 'pingHealthContributor'
2025-01-16T02:20:14.589+02:00 DEBUG 25984 --- [FirstSpring] [           main] o.s.b.f.s.DefaultListableBeanFactory     : Creating shared instance of singleton bean 'org.springframework.boot.actuate.autoconfigure.logging.LogFileWebEndpointAutoConfiguration'
2025-01-16T02:20:14.589+02:00 TRACE 25984 --- [FirstSpring] [           main] o.s.b.f.s.DefaultListableBeanFactory     : Creating instance of bean 'org.springframework.boot.actuate.autoconfigure.logging.LogFileWebEndpointAutoConfiguration'
2025-01-16T02:20:14.590+02:00 TRACE 25984 --- [FirstSpring] [           main] o.s.b.f.s.DefaultListableBeanFactory     : Finished creating instance of bean 'org.springframework.boot.actuate.autoconfigure.logging.LogFileWebEndpointAutoConfiguration'
2025-01-16T02:20:14.590+02:00 DEBUG 25984 --- [FirstSpring] [           main] o.s.b.f.s.DefaultListableBeanFactory     : Creating shared instance of singleton bean 'management.endpoint.logfile-org.springframework.boot.actuate.autoconfigure.logging.LogFileWebEndpointProperties'
2025-01-16T02:20:14.590+02:00 TRACE 25984 --- [FirstSpring] [           main] o.s.b.f.s.DefaultListableBeanFactory     : Creating instance of bean 'management.endpoint.logfile-org.springframework.boot.actuate.autoconfigure.logging.LogFileWebEndpointProperties'
2025-01-16T02:20:14.591+02:00 TRACE 25984 --- [FirstSpring] [           main] o.s.b.f.s.DefaultListableBeanFactory     : Returning cached instance of singleton bean 'org.springframework.boot.context.properties.BoundConfigurationProperties'
2025-01-16T02:20:14.591+02:00 TRACE 25984 --- [FirstSpring] [           main] o.s.b.f.s.DefaultListableBeanFactory     : Finished creating instance of bean 'management.endpoint.logfile-org.springframework.boot.actuate.autoconfigure.logging.LogFileWebEndpointProperties'
2025-01-16T02:20:14.591+02:00 TRACE 25984 --- [FirstSpring] [           main] o.s.b.f.s.DefaultListableBeanFactory     : Returning cached instance of singleton bean 'org.springframework.boot.actuate.autoconfigure.logging.LoggersEndpointAutoConfiguration'
2025-01-16T02:20:14.591+02:00 TRACE 25984 --- [FirstSpring] [           main] o.s.b.f.s.DefaultListableBeanFactory     : Returning cached instance of singleton bean 'loggersEndpoint'
2025-01-16T02:20:14.591+02:00 TRACE 25984 --- [FirstSpring] [           main] o.s.b.f.s.DefaultListableBeanFactory     : Returning cached instance of singleton bean 'org.springframework.boot.actuate.autoconfigure.management.HeapDumpWebEndpointAutoConfiguration'
2025-01-16T02:20:14.591+02:00 TRACE 25984 --- [FirstSpring] [           main] o.s.b.f.s.DefaultListableBeanFactory     : Returning cached instance of singleton bean 'heapDumpWebEndpoint'
2025-01-16T02:20:14.591+02:00 TRACE 25984 --- [FirstSpring] [           main] o.s.b.f.s.DefaultListableBeanFactory     : Returning cached instance of singleton bean 'org.springframework.boot.actuate.autoconfigure.management.ThreadDumpEndpointAutoConfiguration'
2025-01-16T02:20:14.591+02:00 TRACE 25984 --- [FirstSpring] [           main] o.s.b.f.s.DefaultListableBeanFactory     : Returning cached instance of singleton bean 'dumpEndpoint'
2025-01-16T02:20:14.591+02:00 TRACE 25984 --- [FirstSpring] [           main] o.s.b.f.s.DefaultListableBeanFactory     : Returning cached instance of singleton bean 'org.springframework.boot.actuate.autoconfigure.metrics.MetricsAutoConfiguration'
2025-01-16T02:20:14.591+02:00 TRACE 25984 --- [FirstSpring] [           main] o.s.b.f.s.DefaultListableBeanFactory     : Returning cached instance of singleton bean 'micrometerClock'
2025-01-16T02:20:14.591+02:00 TRACE 25984 --- [FirstSpring] [           main] o.s.b.f.s.DefaultListableBeanFactory     : Returning cached instance of singleton bean 'meterRegistryPostProcessor'
2025-01-16T02:20:14.591+02:00 TRACE 25984 --- [FirstSpring] [           main] o.s.b.f.s.DefaultListableBeanFactory     : Returning cached instance of singleton bean 'propertiesMeterFilter'
2025-01-16T02:20:14.591+02:00 DEBUG 25984 --- [FirstSpring] [           main] o.s.b.f.s.DefaultListableBeanFactory     : Creating shared instance of singleton bean 'meterRegistryCloser'
2025-01-16T02:20:14.591+02:00 TRACE 25984 --- [FirstSpring] [           main] o.s.b.f.s.DefaultListableBeanFactory     : Creating instance of bean 'meterRegistryCloser'
2025-01-16T02:20:14.591+02:00 TRACE 25984 --- [FirstSpring] [           main] o.s.b.f.s.DefaultListableBeanFactory     : Returning cached instance of singleton bean 'org.springframework.boot.actuate.autoconfigure.metrics.MetricsAutoConfiguration'
2025-01-16T02:20:14.593+02:00 TRACE 25984 --- [FirstSpring] [           main] o.s.b.f.s.DefaultListableBeanFactory     : Returning cached instance of singleton bean 'simpleMeterRegistry'
2025-01-16T02:20:14.593+02:00 TRACE 25984 --- [FirstSpring] [           main] o.s.b.f.s.DefaultListableBeanFactory     : Returning cached instance of singleton bean 'simpleMeterRegistry'
2025-01-16T02:20:14.593+02:00 TRACE 25984 --- [FirstSpring] [           main] o.s.b.f.s.DefaultListableBeanFactory     : Finished creating instance of bean 'meterRegistryCloser'
2025-01-16T02:20:14.593+02:00 TRACE 25984 --- [FirstSpring] [           main] o.s.b.f.s.DefaultListableBeanFactory     : Returning cached instance of singleton bean 'management.metrics-org.springframework.boot.actuate.autoconfigure.metrics.MetricsProperties'
2025-01-16T02:20:14.593+02:00 TRACE 25984 --- [FirstSpring] [           main] o.s.b.f.s.DefaultListableBeanFactory     : Returning cached instance of singleton bean 'org.springframework.boot.actuate.autoconfigure.metrics.export.simple.SimpleMetricsExportAutoConfiguration'
2025-01-16T02:20:14.593+02:00 TRACE 25984 --- [FirstSpring] [           main] o.s.b.f.s.DefaultListableBeanFactory     : Returning cached instance of singleton bean 'simpleMeterRegistry'
2025-01-16T02:20:14.593+02:00 TRACE 25984 --- [FirstSpring] [           main] o.s.b.f.s.DefaultListableBeanFactory     : Returning cached instance of singleton bean 'simpleConfig'
2025-01-16T02:20:14.593+02:00 TRACE 25984 --- [FirstSpring] [           main] o.s.b.f.s.DefaultListableBeanFactory     : Returning cached instance of singleton bean 'management.simple.metrics.export-org.springframework.boot.actuate.autoconfigure.metrics.export.simple.SimpleProperties'
2025-01-16T02:20:14.593+02:00 DEBUG 25984 --- [FirstSpring] [           main] o.s.b.f.s.DefaultListableBeanFactory     : Creating shared instance of singleton bean 'org.springframework.boot.actuate.autoconfigure.metrics.CompositeMeterRegistryAutoConfiguration'
2025-01-16T02:20:14.593+02:00 TRACE 25984 --- [FirstSpring] [           main] o.s.b.f.s.DefaultListableBeanFactory     : Creating instance of bean 'org.springframework.boot.actuate.autoconfigure.metrics.CompositeMeterRegistryAutoConfiguration'
2025-01-16T02:20:14.594+02:00 TRACE 25984 --- [FirstSpring] [           main] o.s.b.f.s.DefaultListableBeanFactory     : Finished creating instance of bean 'org.springframework.boot.actuate.autoconfigure.metrics.CompositeMeterRegistryAutoConfiguration'
2025-01-16T02:20:14.594+02:00 DEBUG 25984 --- [FirstSpring] [           main] o.s.b.f.s.DefaultListableBeanFactory     : Creating shared instance of singleton bean 'org.springframework.boot.actuate.autoconfigure.metrics.JvmMetricsAutoConfiguration'
2025-01-16T02:20:14.594+02:00 TRACE 25984 --- [FirstSpring] [           main] o.s.b.f.s.DefaultListableBeanFactory     : Creating instance of bean 'org.springframework.boot.actuate.autoconfigure.metrics.JvmMetricsAutoConfiguration'
2025-01-16T02:20:14.594+02:00 TRACE 25984 --- [FirstSpring] [           main] o.s.b.f.s.DefaultListableBeanFactory     : Finished creating instance of bean 'org.springframework.boot.actuate.autoconfigure.metrics.JvmMetricsAutoConfiguration'
2025-01-16T02:20:14.594+02:00 DEBUG 25984 --- [FirstSpring] [           main] o.s.b.f.s.DefaultListableBeanFactory     : Creating shared instance of singleton bean 'jvmGcMetrics'
2025-01-16T02:20:14.594+02:00 TRACE 25984 --- [FirstSpring] [           main] o.s.b.f.s.DefaultListableBeanFactory     : Creating instance of bean 'jvmGcMetrics'
2025-01-16T02:20:14.594+02:00 TRACE 25984 --- [FirstSpring] [           main] o.s.b.f.s.DefaultListableBeanFactory     : Returning cached instance of singleton bean 'org.springframework.boot.actuate.autoconfigure.metrics.JvmMetricsAutoConfiguration'
2025-01-16T02:20:14.604+02:00 TRACE 25984 --- [FirstSpring] [           main] o.s.b.f.s.DefaultListableBeanFactory     : Finished creating instance of bean 'jvmGcMetrics'
2025-01-16T02:20:14.605+02:00 DEBUG 25984 --- [FirstSpring] [           main] o.s.b.f.s.DefaultListableBeanFactory     : Creating shared instance of singleton bean 'jvmHeapPressureMetrics'
2025-01-16T02:20:14.605+02:00 TRACE 25984 --- [FirstSpring] [           main] o.s.b.f.s.DefaultListableBeanFactory     : Creating instance of bean 'jvmHeapPressureMetrics'
2025-01-16T02:20:14.605+02:00 TRACE 25984 --- [FirstSpring] [           main] o.s.b.f.s.DefaultListableBeanFactory     : Returning cached instance of singleton bean 'org.springframework.boot.actuate.autoconfigure.metrics.JvmMetricsAutoConfiguration'
2025-01-16T02:20:14.612+02:00 TRACE 25984 --- [FirstSpring] [           main] o.s.b.f.s.DefaultListableBeanFactory     : Finished creating instance of bean 'jvmHeapPressureMetrics'
2025-01-16T02:20:14.612+02:00 DEBUG 25984 --- [FirstSpring] [           main] o.s.b.f.s.DefaultListableBeanFactory     : Creating shared instance of singleton bean 'jvmMemoryMetrics'
2025-01-16T02:20:14.612+02:00 TRACE 25984 --- [FirstSpring] [           main] o.s.b.f.s.DefaultListableBeanFactory     : Creating instance of bean 'jvmMemoryMetrics'
2025-01-16T02:20:14.612+02:00 TRACE 25984 --- [FirstSpring] [           main] o.s.b.f.s.DefaultListableBeanFactory     : Returning cached instance of singleton bean 'org.springframework.boot.actuate.autoconfigure.metrics.JvmMetricsAutoConfiguration'
2025-01-16T02:20:14.612+02:00 TRACE 25984 --- [FirstSpring] [           main] o.s.b.f.s.DefaultListableBeanFactory     : Finished creating instance of bean 'jvmMemoryMetrics'
2025-01-16T02:20:14.612+02:00 DEBUG 25984 --- [FirstSpring] [           main] o.s.b.f.s.DefaultListableBeanFactory     : Creating shared instance of singleton bean 'jvmThreadMetrics'
2025-01-16T02:20:14.612+02:00 TRACE 25984 --- [FirstSpring] [           main] o.s.b.f.s.DefaultListableBeanFactory     : Creating instance of bean 'jvmThreadMetrics'
2025-01-16T02:20:14.612+02:00 TRACE 25984 --- [FirstSpring] [           main] o.s.b.f.s.DefaultListableBeanFactory     : Returning cached instance of singleton bean 'org.springframework.boot.actuate.autoconfigure.metrics.JvmMetricsAutoConfiguration'
2025-01-16T02:20:14.613+02:00 TRACE 25984 --- [FirstSpring] [           main] o.s.b.f.s.DefaultListableBeanFactory     : Finished creating instance of bean 'jvmThreadMetrics'
2025-01-16T02:20:14.613+02:00 DEBUG 25984 --- [FirstSpring] [           main] o.s.b.f.s.DefaultListableBeanFactory     : Creating shared instance of singleton bean 'classLoaderMetrics'
2025-01-16T02:20:14.613+02:00 TRACE 25984 --- [FirstSpring] [           main] o.s.b.f.s.DefaultListableBeanFactory     : Creating instance of bean 'classLoaderMetrics'
2025-01-16T02:20:14.613+02:00 TRACE 25984 --- [FirstSpring] [           main] o.s.b.f.s.DefaultListableBeanFactory     : Returning cached instance of singleton bean 'org.springframework.boot.actuate.autoconfigure.metrics.JvmMetricsAutoConfiguration'
2025-01-16T02:20:14.614+02:00 TRACE 25984 --- [FirstSpring] [           main] o.s.b.f.s.DefaultListableBeanFactory     : Finished creating instance of bean 'classLoaderMetrics'
2025-01-16T02:20:14.614+02:00 DEBUG 25984 --- [FirstSpring] [           main] o.s.b.f.s.DefaultListableBeanFactory     : Creating shared instance of singleton bean 'jvmInfoMetrics'
2025-01-16T02:20:14.614+02:00 TRACE 25984 --- [FirstSpring] [           main] o.s.b.f.s.DefaultListableBeanFactory     : Creating instance of bean 'jvmInfoMetrics'
2025-01-16T02:20:14.614+02:00 TRACE 25984 --- [FirstSpring] [           main] o.s.b.f.s.DefaultListableBeanFactory     : Returning cached instance of singleton bean 'org.springframework.boot.actuate.autoconfigure.metrics.JvmMetricsAutoConfiguration'
2025-01-16T02:20:14.614+02:00 TRACE 25984 --- [FirstSpring] [           main] o.s.b.f.s.DefaultListableBeanFactory     : Finished creating instance of bean 'jvmInfoMetrics'
2025-01-16T02:20:14.614+02:00 DEBUG 25984 --- [FirstSpring] [           main] o.s.b.f.s.DefaultListableBeanFactory     : Creating shared instance of singleton bean 'jvmCompilationMetrics'
2025-01-16T02:20:14.614+02:00 TRACE 25984 --- [FirstSpring] [           main] o.s.b.f.s.DefaultListableBeanFactory     : Creating instance of bean 'jvmCompilationMetrics'
2025-01-16T02:20:14.614+02:00 TRACE 25984 --- [FirstSpring] [           main] o.s.b.f.s.DefaultListableBeanFactory     : Returning cached instance of singleton bean 'org.springframework.boot.actuate.autoconfigure.metrics.JvmMetricsAutoConfiguration'
2025-01-16T02:20:14.615+02:00 TRACE 25984 --- [FirstSpring] [           main] o.s.b.f.s.DefaultListableBeanFactory     : Finished creating instance of bean 'jvmCompilationMetrics'
2025-01-16T02:20:14.615+02:00 DEBUG 25984 --- [FirstSpring] [           main] o.s.b.f.s.DefaultListableBeanFactory     : Creating shared instance of singleton bean 'org.springframework.boot.actuate.autoconfigure.metrics.LogbackMetricsAutoConfiguration'
2025-01-16T02:20:14.615+02:00 TRACE 25984 --- [FirstSpring] [           main] o.s.b.f.s.DefaultListableBeanFactory     : Creating instance of bean 'org.springframework.boot.actuate.autoconfigure.metrics.LogbackMetricsAutoConfiguration'
2025-01-16T02:20:14.615+02:00 TRACE 25984 --- [FirstSpring] [           main] o.s.b.f.s.DefaultListableBeanFactory     : Finished creating instance of bean 'org.springframework.boot.actuate.autoconfigure.metrics.LogbackMetricsAutoConfiguration'
2025-01-16T02:20:14.615+02:00 DEBUG 25984 --- [FirstSpring] [           main] o.s.b.f.s.DefaultListableBeanFactory     : Creating shared instance of singleton bean 'logbackMetrics'
2025-01-16T02:20:14.615+02:00 TRACE 25984 --- [FirstSpring] [           main] o.s.b.f.s.DefaultListableBeanFactory     : Creating instance of bean 'logbackMetrics'
2025-01-16T02:20:14.615+02:00 TRACE 25984 --- [FirstSpring] [           main] o.s.b.f.s.DefaultListableBeanFactory     : Returning cached instance of singleton bean 'org.springframework.boot.actuate.autoconfigure.metrics.LogbackMetricsAutoConfiguration'
2025-01-16T02:20:14.618+02:00 TRACE 25984 --- [FirstSpring] [           main] o.s.b.f.s.DefaultListableBeanFactory     : Finished creating instance of bean 'logbackMetrics'
2025-01-16T02:20:14.618+02:00 TRACE 25984 --- [FirstSpring] [           main] o.s.b.f.s.DefaultListableBeanFactory     : Returning cached instance of singleton bean 'org.springframework.boot.actuate.autoconfigure.metrics.MetricsEndpointAutoConfiguration'
2025-01-16T02:20:14.618+02:00 TRACE 25984 --- [FirstSpring] [           main] o.s.b.f.s.DefaultListableBeanFactory     : Returning cached instance of singleton bean 'metricsEndpoint'
2025-01-16T02:20:14.618+02:00 DEBUG 25984 --- [FirstSpring] [           main] o.s.b.f.s.DefaultListableBeanFactory     : Creating shared instance of singleton bean 'org.springframework.boot.actuate.autoconfigure.metrics.SystemMetricsAutoConfiguration'
2025-01-16T02:20:14.618+02:00 TRACE 25984 --- [FirstSpring] [           main] o.s.b.f.s.DefaultListableBeanFactory     : Creating instance of bean 'org.springframework.boot.actuate.autoconfigure.metrics.SystemMetricsAutoConfiguration'
2025-01-16T02:20:14.619+02:00 TRACE 25984 --- [FirstSpring] [           main] o.s.b.f.s.DefaultListableBeanFactory     : Finished creating instance of bean 'org.springframework.boot.actuate.autoconfigure.metrics.SystemMetricsAutoConfiguration'
2025-01-16T02:20:14.619+02:00 DEBUG 25984 --- [FirstSpring] [           main] o.s.b.f.s.DefaultListableBeanFactory     : Creating shared instance of singleton bean 'uptimeMetrics'
2025-01-16T02:20:14.619+02:00 TRACE 25984 --- [FirstSpring] [           main] o.s.b.f.s.DefaultListableBeanFactory     : Creating instance of bean 'uptimeMetrics'
2025-01-16T02:20:14.619+02:00 TRACE 25984 --- [FirstSpring] [           main] o.s.b.f.s.DefaultListableBeanFactory     : Returning cached instance of singleton bean 'org.springframework.boot.actuate.autoconfigure.metrics.SystemMetricsAutoConfiguration'
2025-01-16T02:20:14.620+02:00 TRACE 25984 --- [FirstSpring] [           main] o.s.b.f.s.DefaultListableBeanFactory     : Finished creating instance of bean 'uptimeMetrics'
2025-01-16T02:20:14.620+02:00 DEBUG 25984 --- [FirstSpring] [           main] o.s.b.f.s.DefaultListableBeanFactory     : Creating shared instance of singleton bean 'processorMetrics'
2025-01-16T02:20:14.620+02:00 TRACE 25984 --- [FirstSpring] [           main] o.s.b.f.s.DefaultListableBeanFactory     : Creating instance of bean 'processorMetrics'
2025-01-16T02:20:14.620+02:00 TRACE 25984 --- [FirstSpring] [           main] o.s.b.f.s.DefaultListableBeanFactory     : Returning cached instance of singleton bean 'org.springframework.boot.actuate.autoconfigure.metrics.SystemMetricsAutoConfiguration'
2025-01-16T02:20:14.672+02:00 TRACE 25984 --- [FirstSpring] [           main] o.s.b.f.s.DefaultListableBeanFactory     : Finished creating instance of bean 'processorMetrics'
2025-01-16T02:20:14.672+02:00 DEBUG 25984 --- [FirstSpring] [           main] o.s.b.f.s.DefaultListableBeanFactory     : Creating shared instance of singleton bean 'fileDescriptorMetrics'
2025-01-16T02:20:14.672+02:00 TRACE 25984 --- [FirstSpring] [           main] o.s.b.f.s.DefaultListableBeanFactory     : Creating instance of bean 'fileDescriptorMetrics'
2025-01-16T02:20:14.672+02:00 TRACE 25984 --- [FirstSpring] [           main] o.s.b.f.s.DefaultListableBeanFactory     : Returning cached instance of singleton bean 'org.springframework.boot.actuate.autoconfigure.metrics.SystemMetricsAutoConfiguration'
2025-01-16T02:20:14.680+02:00 TRACE 25984 --- [FirstSpring] [           main] o.s.b.f.s.DefaultListableBeanFactory     : Finished creating instance of bean 'fileDescriptorMetrics'
2025-01-16T02:20:14.681+02:00 DEBUG 25984 --- [FirstSpring] [           main] o.s.b.f.s.DefaultListableBeanFactory     : Creating shared instance of singleton bean 'diskSpaceMetrics'
2025-01-16T02:20:14.681+02:00 TRACE 25984 --- [FirstSpring] [           main] o.s.b.f.s.DefaultListableBeanFactory     : Creating instance of bean 'diskSpaceMetrics'
2025-01-16T02:20:14.681+02:00 TRACE 25984 --- [FirstSpring] [           main] o.s.b.f.s.DefaultListableBeanFactory     : Returning cached instance of singleton bean 'org.springframework.boot.actuate.autoconfigure.metrics.SystemMetricsAutoConfiguration'
2025-01-16T02:20:14.681+02:00 TRACE 25984 --- [FirstSpring] [           main] o.s.b.f.s.DefaultListableBeanFactory     : Returning cached instance of singleton bean 'management.metrics-org.springframework.boot.actuate.autoconfigure.metrics.MetricsProperties'
2025-01-16T02:20:14.681+02:00 DEBUG 25984 --- [FirstSpring] [           main] o.s.b.f.s.DefaultListableBeanFactory     : Autowiring by type from bean name 'diskSpaceMetrics' via factory method to bean named 'management.metrics-org.springframework.boot.actuate.autoconfigure.metrics.MetricsProperties'
2025-01-16T02:20:14.683+02:00 TRACE 25984 --- [FirstSpring] [           main] o.s.b.f.s.DefaultListableBeanFactory     : Finished creating instance of bean 'diskSpaceMetrics'
2025-01-16T02:20:14.683+02:00 DEBUG 25984 --- [FirstSpring] [           main] o.s.b.f.s.DefaultListableBeanFactory     : Creating shared instance of singleton bean 'org.springframework.boot.actuate.autoconfigure.metrics.integration.IntegrationMetricsAutoConfiguration'
2025-01-16T02:20:14.683+02:00 TRACE 25984 --- [FirstSpring] [           main] o.s.b.f.s.DefaultListableBeanFactory     : Creating instance of bean 'org.springframework.boot.actuate.autoconfigure.metrics.integration.IntegrationMetricsAutoConfiguration'
2025-01-16T02:20:14.684+02:00 TRACE 25984 --- [FirstSpring] [           main] o.s.b.f.s.DefaultListableBeanFactory     : Finished creating instance of bean 'org.springframework.boot.actuate.autoconfigure.metrics.integration.IntegrationMetricsAutoConfiguration'
2025-01-16T02:20:14.684+02:00 DEBUG 25984 --- [FirstSpring] [           main] o.s.b.f.s.DefaultListableBeanFactory     : Creating shared instance of singleton bean 'org.springframework.boot.actuate.autoconfigure.metrics.startup.StartupTimeMetricsListenerAutoConfiguration'
2025-01-16T02:20:14.684+02:00 TRACE 25984 --- [FirstSpring] [           main] o.s.b.f.s.DefaultListableBeanFactory     : Creating instance of bean 'org.springframework.boot.actuate.autoconfigure.metrics.startup.StartupTimeMetricsListenerAutoConfiguration'
2025-01-16T02:20:14.684+02:00 TRACE 25984 --- [FirstSpring] [           main] o.s.b.f.s.DefaultListableBeanFactory     : Finished creating instance of bean 'org.springframework.boot.actuate.autoconfigure.metrics.startup.StartupTimeMetricsListenerAutoConfiguration'
2025-01-16T02:20:14.684+02:00 DEBUG 25984 --- [FirstSpring] [           main] o.s.b.f.s.DefaultListableBeanFactory     : Creating shared instance of singleton bean 'startupTimeMetrics'
2025-01-16T02:20:14.684+02:00 TRACE 25984 --- [FirstSpring] [           main] o.s.b.f.s.DefaultListableBeanFactory     : Creating instance of bean 'startupTimeMetrics'
2025-01-16T02:20:14.684+02:00 TRACE 25984 --- [FirstSpring] [           main] o.s.b.f.s.DefaultListableBeanFactory     : Returning cached instance of singleton bean 'org.springframework.boot.actuate.autoconfigure.metrics.startup.StartupTimeMetricsListenerAutoConfiguration'
2025-01-16T02:20:14.684+02:00 TRACE 25984 --- [FirstSpring] [           main] o.s.b.f.s.DefaultListableBeanFactory     : Returning cached instance of singleton bean 'simpleMeterRegistry'
2025-01-16T02:20:14.684+02:00 DEBUG 25984 --- [FirstSpring] [           main] o.s.b.f.s.DefaultListableBeanFactory     : Autowiring by type from bean name 'startupTimeMetrics' via factory method to bean named 'simpleMeterRegistry'
2025-01-16T02:20:14.694+02:00 TRACE 25984 --- [FirstSpring] [           main] o.s.b.f.s.DefaultListableBeanFactory     : Finished creating instance of bean 'startupTimeMetrics'
2025-01-16T02:20:14.694+02:00 DEBUG 25984 --- [FirstSpring] [           main] o.s.b.f.s.DefaultListableBeanFactory     : Creating shared instance of singleton bean 'org.springframework.boot.autoconfigure.task.TaskSchedulingConfigurations$ThreadPoolTaskSchedulerBuilderConfiguration'
2025-01-16T02:20:14.695+02:00 TRACE 25984 --- [FirstSpring] [           main] o.s.b.f.s.DefaultListableBeanFactory     : Creating instance of bean 'org.springframework.boot.autoconfigure.task.TaskSchedulingConfigurations$ThreadPoolTaskSchedulerBuilderConfiguration'
2025-01-16T02:20:14.695+02:00 TRACE 25984 --- [FirstSpring] [           main] o.s.b.f.s.DefaultListableBeanFactory     : Finished creating instance of bean 'org.springframework.boot.autoconfigure.task.TaskSchedulingConfigurations$ThreadPoolTaskSchedulerBuilderConfiguration'
2025-01-16T02:20:14.695+02:00 DEBUG 25984 --- [FirstSpring] [           main] o.s.b.f.s.DefaultListableBeanFactory     : Creating shared instance of singleton bean 'threadPoolTaskSchedulerBuilder'
2025-01-16T02:20:14.695+02:00 TRACE 25984 --- [FirstSpring] [           main] o.s.b.f.s.DefaultListableBeanFactory     : Creating instance of bean 'threadPoolTaskSchedulerBuilder'
2025-01-16T02:20:14.695+02:00 TRACE 25984 --- [FirstSpring] [           main] o.s.b.f.s.DefaultListableBeanFactory     : Returning cached instance of singleton bean 'org.springframework.boot.autoconfigure.task.TaskSchedulingConfigurations$ThreadPoolTaskSchedulerBuilderConfiguration'
2025-01-16T02:20:14.699+02:00 DEBUG 25984 --- [FirstSpring] [           main] o.s.b.f.s.DefaultListableBeanFactory     : Creating shared instance of singleton bean 'spring.task.scheduling-org.springframework.boot.autoconfigure.task.TaskSchedulingProperties'
2025-01-16T02:20:14.699+02:00 TRACE 25984 --- [FirstSpring] [           main] o.s.b.f.s.DefaultListableBeanFactory     : Creating instance of bean 'spring.task.scheduling-org.springframework.boot.autoconfigure.task.TaskSchedulingProperties'
2025-01-16T02:20:14.703+02:00 TRACE 25984 --- [FirstSpring] [           main] o.s.b.f.s.DefaultListableBeanFactory     : Returning cached instance of singleton bean 'org.springframework.boot.context.properties.BoundConfigurationProperties'
2025-01-16T02:20:14.705+02:00 TRACE 25984 --- [FirstSpring] [           main] o.s.b.f.s.DefaultListableBeanFactory     : Finished creating instance of bean 'spring.task.scheduling-org.springframework.boot.autoconfigure.task.TaskSchedulingProperties'
2025-01-16T02:20:14.706+02:00 DEBUG 25984 --- [FirstSpring] [           main] o.s.b.f.s.DefaultListableBeanFactory     : Autowiring by type from bean name 'threadPoolTaskSchedulerBuilder' via factory method to bean named 'spring.task.scheduling-org.springframework.boot.autoconfigure.task.TaskSchedulingProperties'
2025-01-16T02:20:14.709+02:00 TRACE 25984 --- [FirstSpring] [           main] o.s.b.f.s.DefaultListableBeanFactory     : Finished creating instance of bean 'threadPoolTaskSchedulerBuilder'
2025-01-16T02:20:14.709+02:00 DEBUG 25984 --- [FirstSpring] [           main] o.s.b.f.s.DefaultListableBeanFactory     : Creating shared instance of singleton bean 'org.springframework.boot.autoconfigure.task.TaskSchedulingConfigurations$SimpleAsyncTaskSchedulerBuilderConfiguration'
2025-01-16T02:20:14.709+02:00 TRACE 25984 --- [FirstSpring] [           main] o.s.b.f.s.DefaultListableBeanFactory     : Creating instance of bean 'org.springframework.boot.autoconfigure.task.TaskSchedulingConfigurations$SimpleAsyncTaskSchedulerBuilderConfiguration'
2025-01-16T02:20:14.712+02:00 TRACE 25984 --- [FirstSpring] [           main] o.s.b.f.s.DefaultListableBeanFactory     : Returning cached instance of singleton bean 'spring.task.scheduling-org.springframework.boot.autoconfigure.task.TaskSchedulingProperties'
2025-01-16T02:20:14.712+02:00 DEBUG 25984 --- [FirstSpring] [           main] o.s.b.f.s.DefaultListableBeanFactory     : Autowiring by type from bean name 'org.springframework.boot.autoconfigure.task.TaskSchedulingConfigurations$SimpleAsyncTaskSchedulerBuilderConfiguration' via constructor to bean named 'spring.task.scheduling-org.springframework.boot.autoconfigure.task.TaskSchedulingProperties'
2025-01-16T02:20:14.713+02:00 TRACE 25984 --- [FirstSpring] [           main] o.s.b.f.s.DefaultListableBeanFactory     : Finished creating instance of bean 'org.springframework.boot.autoconfigure.task.TaskSchedulingConfigurations$SimpleAsyncTaskSchedulerBuilderConfiguration'
2025-01-16T02:20:14.713+02:00 DEBUG 25984 --- [FirstSpring] [           main] o.s.b.f.s.DefaultListableBeanFactory     : Creating shared instance of singleton bean 'simpleAsyncTaskSchedulerBuilder'
2025-01-16T02:20:14.713+02:00 TRACE 25984 --- [FirstSpring] [           main] o.s.b.f.s.DefaultListableBeanFactory     : Creating instance of bean 'simpleAsyncTaskSchedulerBuilder'
2025-01-16T02:20:14.713+02:00 TRACE 25984 --- [FirstSpring] [           main] o.s.b.f.s.DefaultListableBeanFactory     : Returning cached instance of singleton bean 'org.springframework.boot.autoconfigure.task.TaskSchedulingConfigurations$SimpleAsyncTaskSchedulerBuilderConfiguration'
2025-01-16T02:20:14.720+02:00 TRACE 25984 --- [FirstSpring] [           main] o.s.b.f.s.DefaultListableBeanFactory     : Finished creating instance of bean 'simpleAsyncTaskSchedulerBuilder'
2025-01-16T02:20:14.720+02:00 DEBUG 25984 --- [FirstSpring] [           main] o.s.b.f.s.DefaultListableBeanFactory     : Creating shared instance of singleton bean 'org.springframework.boot.autoconfigure.task.TaskSchedulingAutoConfiguration'
2025-01-16T02:20:14.720+02:00 TRACE 25984 --- [FirstSpring] [           main] o.s.b.f.s.DefaultListableBeanFactory     : Creating instance of bean 'org.springframework.boot.autoconfigure.task.TaskSchedulingAutoConfiguration'
2025-01-16T02:20:14.721+02:00 TRACE 25984 --- [FirstSpring] [           main] o.s.b.f.s.DefaultListableBeanFactory     : Finished creating instance of bean 'org.springframework.boot.autoconfigure.task.TaskSchedulingAutoConfiguration'
2025-01-16T02:20:14.721+02:00 TRACE 25984 --- [FirstSpring] [           main] o.s.b.f.s.DefaultListableBeanFactory     : Returning cached instance of singleton bean 'spring.task.scheduling-org.springframework.boot.autoconfigure.task.TaskSchedulingProperties'
2025-01-16T02:20:14.721+02:00 DEBUG 25984 --- [FirstSpring] [           main] o.s.b.f.s.DefaultListableBeanFactory     : Creating shared instance of singleton bean 'org.springframework.boot.actuate.autoconfigure.metrics.task.TaskExecutorMetricsAutoConfiguration'
2025-01-16T02:20:14.721+02:00 TRACE 25984 --- [FirstSpring] [           main] o.s.b.f.s.DefaultListableBeanFactory     : Creating instance of bean 'org.springframework.boot.actuate.autoconfigure.metrics.task.TaskExecutorMetricsAutoConfiguration'
2025-01-16T02:20:14.721+02:00 TRACE 25984 --- [FirstSpring] [           main] o.s.beans.CachedIntrospectionResults     : Getting BeanInfo for class [org.springframework.boot.actuate.autoconfigure.metrics.task.TaskExecutorMetricsAutoConfiguration]
2025-01-16T02:20:14.722+02:00 TRACE 25984 --- [FirstSpring] [           main] o.s.beans.CachedIntrospectionResults     : Caching PropertyDescriptors for class [org.springframework.boot.actuate.autoconfigure.metrics.task.TaskExecutorMetricsAutoConfiguration]
2025-01-16T02:20:14.722+02:00 TRACE 25984 --- [FirstSpring] [           main] o.s.beans.CachedIntrospectionResults     : Found bean property 'class' of type [java.lang.Class]
2025-01-16T02:20:14.725+02:00 TRACE 25984 --- [FirstSpring] [           main] o.s.b.f.s.DefaultListableBeanFactory     : Returning cached instance of singleton bean 'applicationTaskExecutor'
2025-01-16T02:20:14.727+02:00 TRACE 25984 --- [FirstSpring] [           main] o.s.b.f.s.DefaultListableBeanFactory     : Returning cached instance of singleton bean 'simpleMeterRegistry'
2025-01-16T02:20:14.727+02:00 TRACE 25984 --- [FirstSpring] [           main] f.a.AutowiredAnnotationBeanPostProcessor : Autowiring by type from bean name 'org.springframework.boot.actuate.autoconfigure.metrics.task.TaskExecutorMetricsAutoConfiguration' to bean named 'applicationTaskExecutor'
2025-01-16T02:20:14.727+02:00 TRACE 25984 --- [FirstSpring] [           main] f.a.AutowiredAnnotationBeanPostProcessor : Autowiring by type from bean name 'org.springframework.boot.actuate.autoconfigure.metrics.task.TaskExecutorMetricsAutoConfiguration' to bean named 'simpleMeterRegistry'
2025-01-16T02:20:14.752+02:00 TRACE 25984 --- [FirstSpring] [           main] o.s.b.f.s.DefaultListableBeanFactory     : Finished creating instance of bean 'org.springframework.boot.actuate.autoconfigure.metrics.task.TaskExecutorMetricsAutoConfiguration'
2025-01-16T02:20:14.752+02:00 DEBUG 25984 --- [FirstSpring] [           main] o.s.b.f.s.DefaultListableBeanFactory     : Creating shared instance of singleton bean 'eagerTaskExecutorMetrics'
2025-01-16T02:20:14.752+02:00 TRACE 25984 --- [FirstSpring] [           main] o.s.b.f.s.DefaultListableBeanFactory     : Creating instance of bean 'eagerTaskExecutorMetrics'
2025-01-16T02:20:14.753+02:00 TRACE 25984 --- [FirstSpring] [           main] o.s.b.f.s.DefaultListableBeanFactory     : Finished creating instance of bean 'eagerTaskExecutorMetrics'
2025-01-16T02:20:14.753+02:00 DEBUG 25984 --- [FirstSpring] [           main] o.s.b.f.s.DefaultListableBeanFactory     : Creating shared instance of singleton bean 'org.springframework.boot.actuate.autoconfigure.metrics.web.tomcat.TomcatMetricsAutoConfiguration'
2025-01-16T02:20:14.753+02:00 TRACE 25984 --- [FirstSpring] [           main] o.s.b.f.s.DefaultListableBeanFactory     : Creating instance of bean 'org.springframework.boot.actuate.autoconfigure.metrics.web.tomcat.TomcatMetricsAutoConfiguration'
2025-01-16T02:20:14.753+02:00 TRACE 25984 --- [FirstSpring] [           main] o.s.b.f.s.DefaultListableBeanFactory     : Finished creating instance of bean 'org.springframework.boot.actuate.autoconfigure.metrics.web.tomcat.TomcatMetricsAutoConfiguration'
2025-01-16T02:20:14.753+02:00 DEBUG 25984 --- [FirstSpring] [           main] o.s.b.f.s.DefaultListableBeanFactory     : Creating shared instance of singleton bean 'tomcatMetricsBinder'
2025-01-16T02:20:14.753+02:00 TRACE 25984 --- [FirstSpring] [           main] o.s.b.f.s.DefaultListableBeanFactory     : Creating instance of bean 'tomcatMetricsBinder'
2025-01-16T02:20:14.753+02:00 TRACE 25984 --- [FirstSpring] [           main] o.s.b.f.s.DefaultListableBeanFactory     : Returning cached instance of singleton bean 'org.springframework.boot.actuate.autoconfigure.metrics.web.tomcat.TomcatMetricsAutoConfiguration'
2025-01-16T02:20:14.754+02:00 TRACE 25984 --- [FirstSpring] [           main] o.s.b.f.s.DefaultListableBeanFactory     : Returning cached instance of singleton bean 'simpleMeterRegistry'
2025-01-16T02:20:14.754+02:00 DEBUG 25984 --- [FirstSpring] [           main] o.s.b.f.s.DefaultListableBeanFactory     : Autowiring by type from bean name 'tomcatMetricsBinder' via factory method to bean named 'simpleMeterRegistry'
2025-01-16T02:20:14.754+02:00 TRACE 25984 --- [FirstSpring] [           main] o.s.b.f.s.DefaultListableBeanFactory     : Finished creating instance of bean 'tomcatMetricsBinder'
2025-01-16T02:20:14.754+02:00 DEBUG 25984 --- [FirstSpring] [           main] o.s.b.f.s.DefaultListableBeanFactory     : Creating shared instance of singleton bean 'org.springframework.boot.actuate.autoconfigure.observation.ObservationAutoConfiguration$MeterObservationHandlerConfiguration$OnlyMetricsMeterObservationHandlerConfiguration'
2025-01-16T02:20:14.754+02:00 TRACE 25984 --- [FirstSpring] [           main] o.s.b.f.s.DefaultListableBeanFactory     : Creating instance of bean 'org.springframework.boot.actuate.autoconfigure.observation.ObservationAutoConfiguration$MeterObservationHandlerConfiguration$OnlyMetricsMeterObservationHandlerConfiguration'
2025-01-16T02:20:14.754+02:00 TRACE 25984 --- [FirstSpring] [           main] o.s.b.f.s.DefaultListableBeanFactory     : Finished creating instance of bean 'org.springframework.boot.actuate.autoconfigure.observation.ObservationAutoConfiguration$MeterObservationHandlerConfiguration$OnlyMetricsMeterObservationHandlerConfiguration'
2025-01-16T02:20:14.754+02:00 DEBUG 25984 --- [FirstSpring] [           main] o.s.b.f.s.DefaultListableBeanFactory     : Creating shared instance of singleton bean 'defaultMeterObservationHandler'
2025-01-16T02:20:14.754+02:00 TRACE 25984 --- [FirstSpring] [           main] o.s.b.f.s.DefaultListableBeanFactory     : Creating instance of bean 'defaultMeterObservationHandler'
2025-01-16T02:20:14.754+02:00 TRACE 25984 --- [FirstSpring] [           main] o.s.b.f.s.DefaultListableBeanFactory     : Returning cached instance of singleton bean 'org.springframework.boot.actuate.autoconfigure.observation.ObservationAutoConfiguration$MeterObservationHandlerConfiguration$OnlyMetricsMeterObservationHandlerConfiguration'
2025-01-16T02:20:14.754+02:00 TRACE 25984 --- [FirstSpring] [           main] o.s.b.f.s.DefaultListableBeanFactory     : Returning cached instance of singleton bean 'simpleMeterRegistry'
2025-01-16T02:20:14.754+02:00 TRACE 25984 --- [FirstSpring] [           main] o.s.b.f.s.DefaultListableBeanFactory     : Returning cached instance of singleton bean 'management.observations-org.springframework.boot.actuate.autoconfigure.observation.ObservationProperties'
2025-01-16T02:20:14.754+02:00 DEBUG 25984 --- [FirstSpring] [           main] o.s.b.f.s.DefaultListableBeanFactory     : Autowiring by type from bean name 'defaultMeterObservationHandler' via factory method to bean named 'simpleMeterRegistry'
2025-01-16T02:20:14.754+02:00 DEBUG 25984 --- [FirstSpring] [           main] o.s.b.f.s.DefaultListableBeanFactory     : Autowiring by type from bean name 'defaultMeterObservationHandler' via factory method to bean named 'management.observations-org.springframework.boot.actuate.autoconfigure.observation.ObservationProperties'
2025-01-16T02:20:14.755+02:00 TRACE 25984 --- [FirstSpring] [           main] o.s.b.f.s.DefaultListableBeanFactory     : Finished creating instance of bean 'defaultMeterObservationHandler'
2025-01-16T02:20:14.755+02:00 DEBUG 25984 --- [FirstSpring] [           main] o.s.b.f.s.DefaultListableBeanFactory     : Creating shared instance of singleton bean 'org.springframework.boot.actuate.autoconfigure.observation.ObservationAutoConfiguration$MeterObservationHandlerConfiguration'
2025-01-16T02:20:14.755+02:00 TRACE 25984 --- [FirstSpring] [           main] o.s.b.f.s.DefaultListableBeanFactory     : Creating instance of bean 'org.springframework.boot.actuate.autoconfigure.observation.ObservationAutoConfiguration$MeterObservationHandlerConfiguration'
2025-01-16T02:20:14.756+02:00 TRACE 25984 --- [FirstSpring] [           main] o.s.b.f.s.DefaultListableBeanFactory     : Finished creating instance of bean 'org.springframework.boot.actuate.autoconfigure.observation.ObservationAutoConfiguration$MeterObservationHandlerConfiguration'
2025-01-16T02:20:14.756+02:00 DEBUG 25984 --- [FirstSpring] [           main] o.s.b.f.s.DefaultListableBeanFactory     : Creating shared instance of singleton bean 'org.springframework.boot.actuate.autoconfigure.observation.ObservationAutoConfiguration$OnlyMetricsConfiguration'
2025-01-16T02:20:14.756+02:00 TRACE 25984 --- [FirstSpring] [           main] o.s.b.f.s.DefaultListableBeanFactory     : Creating instance of bean 'org.springframework.boot.actuate.autoconfigure.observation.ObservationAutoConfiguration$OnlyMetricsConfiguration'
2025-01-16T02:20:14.756+02:00 TRACE 25984 --- [FirstSpring] [           main] o.s.b.f.s.DefaultListableBeanFactory     : Finished creating instance of bean 'org.springframework.boot.actuate.autoconfigure.observation.ObservationAutoConfiguration$OnlyMetricsConfiguration'
2025-01-16T02:20:14.756+02:00 DEBUG 25984 --- [FirstSpring] [           main] o.s.b.f.s.DefaultListableBeanFactory     : Creating shared instance of singleton bean 'metricsObservationHandlerGrouping'
2025-01-16T02:20:14.756+02:00 TRACE 25984 --- [FirstSpring] [           main] o.s.b.f.s.DefaultListableBeanFactory     : Creating instance of bean 'metricsObservationHandlerGrouping'
2025-01-16T02:20:14.756+02:00 TRACE 25984 --- [FirstSpring] [           main] o.s.b.f.s.DefaultListableBeanFactory     : Returning cached instance of singleton bean 'org.springframework.boot.actuate.autoconfigure.observation.ObservationAutoConfiguration$OnlyMetricsConfiguration'
2025-01-16T02:20:14.758+02:00 TRACE 25984 --- [FirstSpring] [           main] o.s.b.f.s.DefaultListableBeanFactory     : Finished creating instance of bean 'metricsObservationHandlerGrouping'
2025-01-16T02:20:14.759+02:00 DEBUG 25984 --- [FirstSpring] [           main] o.s.b.f.s.DefaultListableBeanFactory     : Creating shared instance of singleton bean 'org.springframework.boot.actuate.autoconfigure.observation.ObservationAutoConfiguration'
2025-01-16T02:20:14.759+02:00 TRACE 25984 --- [FirstSpring] [           main] o.s.b.f.s.DefaultListableBeanFactory     : Creating instance of bean 'org.springframework.boot.actuate.autoconfigure.observation.ObservationAutoConfiguration'
2025-01-16T02:20:14.759+02:00 TRACE 25984 --- [FirstSpring] [           main] o.s.b.f.s.DefaultListableBeanFactory     : Finished creating instance of bean 'org.springframework.boot.actuate.autoconfigure.observation.ObservationAutoConfiguration'
2025-01-16T02:20:14.759+02:00 TRACE 25984 --- [FirstSpring] [           main] o.s.b.f.s.DefaultListableBeanFactory     : Returning cached instance of singleton bean 'observationRegistryPostProcessor'
2025-01-16T02:20:14.759+02:00 DEBUG 25984 --- [FirstSpring] [           main] o.s.b.f.s.DefaultListableBeanFactory     : Creating shared instance of singleton bean 'observationRegistry'
2025-01-16T02:20:14.759+02:00 TRACE 25984 --- [FirstSpring] [           main] o.s.b.f.s.DefaultListableBeanFactory     : Creating instance of bean 'observationRegistry'
2025-01-16T02:20:14.759+02:00 TRACE 25984 --- [FirstSpring] [           main] o.s.b.f.s.DefaultListableBeanFactory     : Returning cached instance of singleton bean 'org.springframework.boot.actuate.autoconfigure.observation.ObservationAutoConfiguration'
2025-01-16T02:20:14.765+02:00 DEBUG 25984 --- [FirstSpring] [           main] o.s.b.f.s.DefaultListableBeanFactory     : Creating shared instance of singleton bean 'propertiesObservationFilter'
2025-01-16T02:20:14.765+02:00 TRACE 25984 --- [FirstSpring] [           main] o.s.b.f.s.DefaultListableBeanFactory     : Creating instance of bean 'propertiesObservationFilter'
2025-01-16T02:20:14.766+02:00 TRACE 25984 --- [FirstSpring] [           main] o.s.b.f.s.DefaultListableBeanFactory     : Returning cached instance of singleton bean 'org.springframework.boot.actuate.autoconfigure.observation.ObservationAutoConfiguration'
2025-01-16T02:20:14.766+02:00 TRACE 25984 --- [FirstSpring] [           main] o.s.b.f.s.DefaultListableBeanFactory     : Returning cached instance of singleton bean 'management.observations-org.springframework.boot.actuate.autoconfigure.observation.ObservationProperties'
2025-01-16T02:20:14.766+02:00 DEBUG 25984 --- [FirstSpring] [           main] o.s.b.f.s.DefaultListableBeanFactory     : Autowiring by type from bean name 'propertiesObservationFilter' via factory method to bean named 'management.observations-org.springframework.boot.actuate.autoconfigure.observation.ObservationProperties'
2025-01-16T02:20:14.771+02:00 TRACE 25984 --- [FirstSpring] [           main] o.s.b.f.s.DefaultListableBeanFactory     : Finished creating instance of bean 'propertiesObservationFilter'
2025-01-16T02:20:14.772+02:00 TRACE 25984 --- [FirstSpring] [           main] o.s.b.f.s.DefaultListableBeanFactory     : Returning cached instance of singleton bean 'propertiesObservationFilter'
2025-01-16T02:20:14.774+02:00 TRACE 25984 --- [FirstSpring] [           main] o.s.b.f.s.DefaultListableBeanFactory     : Returning cached instance of singleton bean 'metricsObservationHandlerGrouping'
2025-01-16T02:20:14.774+02:00 TRACE 25984 --- [FirstSpring] [           main] o.s.b.f.s.DefaultListableBeanFactory     : Returning cached instance of singleton bean 'defaultMeterObservationHandler'
2025-01-16T02:20:14.775+02:00 TRACE 25984 --- [FirstSpring] [           main] o.s.b.f.s.DefaultListableBeanFactory     : Returning cached instance of singleton bean 'defaultMeterObservationHandler'
2025-01-16T02:20:14.776+02:00 TRACE 25984 --- [FirstSpring] [           main] o.s.b.f.s.DefaultListableBeanFactory     : Returning cached instance of singleton bean 'propertiesObservationFilter'
2025-01-16T02:20:14.777+02:00 TRACE 25984 --- [FirstSpring] [           main] o.s.b.f.s.DefaultListableBeanFactory     : Returning cached instance of singleton bean 'propertiesObservationFilter'
2025-01-16T02:20:14.779+02:00 TRACE 25984 --- [FirstSpring] [           main] o.s.b.f.s.DefaultListableBeanFactory     : Finished creating instance of bean 'observationRegistry'
2025-01-16T02:20:14.779+02:00 TRACE 25984 --- [FirstSpring] [           main] o.s.b.f.s.DefaultListableBeanFactory     : Returning cached instance of singleton bean 'propertiesObservationFilter'
2025-01-16T02:20:14.779+02:00 TRACE 25984 --- [FirstSpring] [           main] o.s.b.f.s.DefaultListableBeanFactory     : Returning cached instance of singleton bean 'management.observations-org.springframework.boot.actuate.autoconfigure.observation.ObservationProperties'
2025-01-16T02:20:14.779+02:00 TRACE 25984 --- [FirstSpring] [           main] o.s.b.f.s.DefaultListableBeanFactory     : Returning cached instance of singleton bean 'org.springframework.boot.autoconfigure.http.HttpMessageConvertersAutoConfiguration$StringHttpMessageConverterConfiguration'
2025-01-16T02:20:14.779+02:00 TRACE 25984 --- [FirstSpring] [           main] o.s.b.f.s.DefaultListableBeanFactory     : Returning cached instance of singleton bean 'stringHttpMessageConverter'
2025-01-16T02:20:14.779+02:00 TRACE 25984 --- [FirstSpring] [           main] o.s.b.f.s.DefaultListableBeanFactory     : Returning cached instance of singleton bean 'org.springframework.boot.autoconfigure.http.JacksonHttpMessageConvertersConfiguration$MappingJackson2HttpMessageConverterConfiguration'
2025-01-16T02:20:14.779+02:00 TRACE 25984 --- [FirstSpring] [           main] o.s.b.f.s.DefaultListableBeanFactory     : Returning cached instance of singleton bean 'mappingJackson2HttpMessageConverter'
2025-01-16T02:20:14.779+02:00 DEBUG 25984 --- [FirstSpring] [           main] o.s.b.f.s.DefaultListableBeanFactory     : Creating shared instance of singleton bean 'org.springframework.boot.autoconfigure.http.JacksonHttpMessageConvertersConfiguration'
2025-01-16T02:20:14.779+02:00 TRACE 25984 --- [FirstSpring] [           main] o.s.b.f.s.DefaultListableBeanFactory     : Creating instance of bean 'org.springframework.boot.autoconfigure.http.JacksonHttpMessageConvertersConfiguration'
2025-01-16T02:20:14.780+02:00 TRACE 25984 --- [FirstSpring] [           main] o.s.b.f.s.DefaultListableBeanFactory     : Finished creating instance of bean 'org.springframework.boot.autoconfigure.http.JacksonHttpMessageConvertersConfiguration'
2025-01-16T02:20:14.780+02:00 TRACE 25984 --- [FirstSpring] [           main] o.s.b.f.s.DefaultListableBeanFactory     : Returning cached instance of singleton bean 'org.springframework.boot.autoconfigure.http.HttpMessageConvertersAutoConfiguration'
2025-01-16T02:20:14.780+02:00 TRACE 25984 --- [FirstSpring] [           main] o.s.b.f.s.DefaultListableBeanFactory     : Returning cached instance of singleton bean 'messageConverters'
2025-01-16T02:20:14.780+02:00 DEBUG 25984 --- [FirstSpring] [           main] o.s.b.f.s.DefaultListableBeanFactory     : Creating shared instance of singleton bean 'org.springframework.boot.autoconfigure.http.client.HttpClientAutoConfiguration'
2025-01-16T02:20:14.780+02:00 TRACE 25984 --- [FirstSpring] [           main] o.s.b.f.s.DefaultListableBeanFactory     : Creating instance of bean 'org.springframework.boot.autoconfigure.http.client.HttpClientAutoConfiguration'
2025-01-16T02:20:14.781+02:00 TRACE 25984 --- [FirstSpring] [           main] o.s.b.f.s.DefaultListableBeanFactory     : Finished creating instance of bean 'org.springframework.boot.autoconfigure.http.client.HttpClientAutoConfiguration'
2025-01-16T02:20:14.781+02:00 DEBUG 25984 --- [FirstSpring] [           main] o.s.b.f.s.DefaultListableBeanFactory     : Creating shared instance of singleton bean 'clientHttpRequestFactoryBuilder'
2025-01-16T02:20:14.781+02:00 TRACE 25984 --- [FirstSpring] [           main] o.s.b.f.s.DefaultListableBeanFactory     : Creating instance of bean 'clientHttpRequestFactoryBuilder'
2025-01-16T02:20:14.781+02:00 TRACE 25984 --- [FirstSpring] [           main] o.s.b.f.s.DefaultListableBeanFactory     : Returning cached instance of singleton bean 'org.springframework.boot.autoconfigure.http.client.HttpClientAutoConfiguration'
2025-01-16T02:20:14.781+02:00 DEBUG 25984 --- [FirstSpring] [           main] o.s.b.f.s.DefaultListableBeanFactory     : Creating shared instance of singleton bean 'spring.http.client-org.springframework.boot.autoconfigure.http.client.HttpClientProperties'
2025-01-16T02:20:14.781+02:00 TRACE 25984 --- [FirstSpring] [           main] o.s.b.f.s.DefaultListableBeanFactory     : Creating instance of bean 'spring.http.client-org.springframework.boot.autoconfigure.http.client.HttpClientProperties'
2025-01-16T02:20:14.782+02:00 TRACE 25984 --- [FirstSpring] [           main] o.s.b.f.s.DefaultListableBeanFactory     : Returning cached instance of singleton bean 'org.springframework.boot.context.properties.BoundConfigurationProperties'
2025-01-16T02:20:14.783+02:00 TRACE 25984 --- [FirstSpring] [           main] o.s.b.f.s.DefaultListableBeanFactory     : Finished creating instance of bean 'spring.http.client-org.springframework.boot.autoconfigure.http.client.HttpClientProperties'
2025-01-16T02:20:14.784+02:00 DEBUG 25984 --- [FirstSpring] [           main] o.s.b.f.s.DefaultListableBeanFactory     : Autowiring by type from bean name 'clientHttpRequestFactoryBuilder' via factory method to bean named 'spring.http.client-org.springframework.boot.autoconfigure.http.client.HttpClientProperties'
2025-01-16T02:20:14.802+02:00 TRACE 25984 --- [FirstSpring] [           main] o.s.b.f.s.DefaultListableBeanFactory     : Finished creating instance of bean 'clientHttpRequestFactoryBuilder'
2025-01-16T02:20:14.802+02:00 DEBUG 25984 --- [FirstSpring] [           main] o.s.b.f.s.DefaultListableBeanFactory     : Creating shared instance of singleton bean 'clientHttpRequestFactorySettings'
2025-01-16T02:20:14.802+02:00 TRACE 25984 --- [FirstSpring] [           main] o.s.b.f.s.DefaultListableBeanFactory     : Creating instance of bean 'clientHttpRequestFactorySettings'
2025-01-16T02:20:14.802+02:00 TRACE 25984 --- [FirstSpring] [           main] o.s.b.f.s.DefaultListableBeanFactory     : Returning cached instance of singleton bean 'org.springframework.boot.autoconfigure.http.client.HttpClientAutoConfiguration'
2025-01-16T02:20:14.802+02:00 TRACE 25984 --- [FirstSpring] [           main] o.s.b.f.s.DefaultListableBeanFactory     : Returning cached instance of singleton bean 'spring.http.client-org.springframework.boot.autoconfigure.http.client.HttpClientProperties'
2025-01-16T02:20:14.803+02:00 DEBUG 25984 --- [FirstSpring] [           main] o.s.b.f.s.DefaultListableBeanFactory     : Autowiring by type from bean name 'clientHttpRequestFactorySettings' via factory method to bean named 'spring.http.client-org.springframework.boot.autoconfigure.http.client.HttpClientProperties'
2025-01-16T02:20:14.804+02:00 TRACE 25984 --- [FirstSpring] [           main] o.s.b.f.s.DefaultListableBeanFactory     : Finished creating instance of bean 'clientHttpRequestFactorySettings'
2025-01-16T02:20:14.804+02:00 TRACE 25984 --- [FirstSpring] [           main] o.s.b.f.s.DefaultListableBeanFactory     : Returning cached instance of singleton bean 'spring.http.client-org.springframework.boot.autoconfigure.http.client.HttpClientProperties'
2025-01-16T02:20:14.804+02:00 DEBUG 25984 --- [FirstSpring] [           main] o.s.b.f.s.DefaultListableBeanFactory     : Creating shared instance of singleton bean 'org.springframework.boot.autoconfigure.web.client.RestClientAutoConfiguration'
2025-01-16T02:20:14.804+02:00 TRACE 25984 --- [FirstSpring] [           main] o.s.b.f.s.DefaultListableBeanFactory     : Creating instance of bean 'org.springframework.boot.autoconfigure.web.client.RestClientAutoConfiguration'
2025-01-16T02:20:14.804+02:00 TRACE 25984 --- [FirstSpring] [           main] o.s.b.f.s.DefaultListableBeanFactory     : Finished creating instance of bean 'org.springframework.boot.autoconfigure.web.client.RestClientAutoConfiguration'
2025-01-16T02:20:14.804+02:00 DEBUG 25984 --- [FirstSpring] [           main] o.s.b.f.s.DefaultListableBeanFactory     : Creating shared instance of singleton bean 'httpMessageConvertersRestClientCustomizer'
2025-01-16T02:20:14.804+02:00 TRACE 25984 --- [FirstSpring] [           main] o.s.b.f.s.DefaultListableBeanFactory     : Creating instance of bean 'httpMessageConvertersRestClientCustomizer'
2025-01-16T02:20:14.804+02:00 TRACE 25984 --- [FirstSpring] [           main] o.s.b.f.s.DefaultListableBeanFactory     : Returning cached instance of singleton bean 'org.springframework.boot.autoconfigure.web.client.RestClientAutoConfiguration'
2025-01-16T02:20:14.805+02:00 TRACE 25984 --- [FirstSpring] [           main] o.s.b.f.s.DefaultListableBeanFactory     : Returning cached instance of singleton bean 'messageConverters'
2025-01-16T02:20:14.806+02:00 TRACE 25984 --- [FirstSpring] [           main] o.s.b.f.s.DefaultListableBeanFactory     : Finished creating instance of bean 'httpMessageConvertersRestClientCustomizer'
2025-01-16T02:20:14.806+02:00 DEBUG 25984 --- [FirstSpring] [           main] o.s.b.f.s.DefaultListableBeanFactory     : Creating shared instance of singleton bean 'restClientSsl'
2025-01-16T02:20:14.806+02:00 TRACE 25984 --- [FirstSpring] [           main] o.s.b.f.s.DefaultListableBeanFactory     : Creating instance of bean 'restClientSsl'
2025-01-16T02:20:14.806+02:00 TRACE 25984 --- [FirstSpring] [           main] o.s.b.f.s.DefaultListableBeanFactory     : Returning cached instance of singleton bean 'org.springframework.boot.autoconfigure.web.client.RestClientAutoConfiguration'
2025-01-16T02:20:14.806+02:00 TRACE 25984 --- [FirstSpring] [           main] o.s.b.f.s.DefaultListableBeanFactory     : Returning cached instance of singleton bean 'sslBundleRegistry'
2025-01-16T02:20:14.807+02:00 DEBUG 25984 --- [FirstSpring] [           main] o.s.b.f.s.DefaultListableBeanFactory     : Autowiring by type from bean name 'restClientSsl' via factory method to bean named 'sslBundleRegistry'
2025-01-16T02:20:14.808+02:00 TRACE 25984 --- [FirstSpring] [           main] o.s.b.f.s.DefaultListableBeanFactory     : Returning cached instance of singleton bean 'clientHttpRequestFactoryBuilder'
2025-01-16T02:20:14.809+02:00 TRACE 25984 --- [FirstSpring] [           main] o.s.b.f.s.DefaultListableBeanFactory     : Finished creating instance of bean 'restClientSsl'
2025-01-16T02:20:14.809+02:00 DEBUG 25984 --- [FirstSpring] [           main] o.s.b.f.s.DefaultListableBeanFactory     : Creating shared instance of singleton bean 'restClientBuilderConfigurer'
2025-01-16T02:20:14.809+02:00 TRACE 25984 --- [FirstSpring] [           main] o.s.b.f.s.DefaultListableBeanFactory     : Creating instance of bean 'restClientBuilderConfigurer'
2025-01-16T02:20:14.809+02:00 TRACE 25984 --- [FirstSpring] [           main] o.s.b.f.s.DefaultListableBeanFactory     : Returning cached instance of singleton bean 'org.springframework.boot.autoconfigure.web.client.RestClientAutoConfiguration'
2025-01-16T02:20:14.812+02:00 TRACE 25984 --- [FirstSpring] [           main] o.s.b.f.s.DefaultListableBeanFactory     : Returning cached instance of singleton bean 'clientHttpRequestFactoryBuilder'
2025-01-16T02:20:14.813+02:00 TRACE 25984 --- [FirstSpring] [           main] o.s.b.f.s.DefaultListableBeanFactory     : Returning cached instance of singleton bean 'clientHttpRequestFactorySettings'
2025-01-16T02:20:14.813+02:00 TRACE 25984 --- [FirstSpring] [           main] o.s.b.f.s.DefaultListableBeanFactory     : Returning cached instance of singleton bean 'httpMessageConvertersRestClientCustomizer'
2025-01-16T02:20:14.813+02:00 DEBUG 25984 --- [FirstSpring] [           main] o.s.b.f.s.DefaultListableBeanFactory     : Creating shared instance of singleton bean 'observationRestClientCustomizer'
2025-01-16T02:20:14.813+02:00 TRACE 25984 --- [FirstSpring] [           main] o.s.b.f.s.DefaultListableBeanFactory     : Creating instance of bean 'observationRestClientCustomizer'
2025-01-16T02:20:14.813+02:00 DEBUG 25984 --- [FirstSpring] [           main] o.s.b.f.s.DefaultListableBeanFactory     : Creating shared instance of singleton bean 'org.springframework.boot.actuate.autoconfigure.observation.web.client.RestClientObservationConfiguration'
2025-01-16T02:20:14.813+02:00 TRACE 25984 --- [FirstSpring] [           main] o.s.b.f.s.DefaultListableBeanFactory     : Creating instance of bean 'org.springframework.boot.actuate.autoconfigure.observation.web.client.RestClientObservationConfiguration'
2025-01-16T02:20:14.816+02:00 TRACE 25984 --- [FirstSpring] [           main] o.s.b.f.s.DefaultListableBeanFactory     : Finished creating instance of bean 'org.springframework.boot.actuate.autoconfigure.observation.web.client.RestClientObservationConfiguration'
2025-01-16T02:20:14.817+02:00 TRACE 25984 --- [FirstSpring] [           main] o.s.b.f.s.DefaultListableBeanFactory     : Returning cached instance of singleton bean 'observationRegistry'
2025-01-16T02:20:14.818+02:00 TRACE 25984 --- [FirstSpring] [           main] o.s.b.f.s.DefaultListableBeanFactory     : Returning cached instance of singleton bean 'management.observations-org.springframework.boot.actuate.autoconfigure.observation.ObservationProperties'
2025-01-16T02:20:14.818+02:00 DEBUG 25984 --- [FirstSpring] [           main] o.s.b.f.s.DefaultListableBeanFactory     : Autowiring by type from bean name 'observationRestClientCustomizer' via factory method to bean named 'observationRegistry'
2025-01-16T02:20:14.818+02:00 DEBUG 25984 --- [FirstSpring] [           main] o.s.b.f.s.DefaultListableBeanFactory     : Autowiring by type from bean name 'observationRestClientCustomizer' via factory method to bean named 'management.observations-org.springframework.boot.actuate.autoconfigure.observation.ObservationProperties'
2025-01-16T02:20:14.836+02:00 TRACE 25984 --- [FirstSpring] [           main] o.s.b.f.s.DefaultListableBeanFactory     : Finished creating instance of bean 'observationRestClientCustomizer'
2025-01-16T02:20:14.836+02:00 TRACE 25984 --- [FirstSpring] [           main] o.s.b.f.s.DefaultListableBeanFactory     : Returning cached instance of singleton bean 'httpMessageConvertersRestClientCustomizer'
2025-01-16T02:20:14.836+02:00 TRACE 25984 --- [FirstSpring] [           main] o.s.b.f.s.DefaultListableBeanFactory     : Returning cached instance of singleton bean 'observationRestClientCustomizer'
2025-01-16T02:20:14.836+02:00 TRACE 25984 --- [FirstSpring] [           main] o.s.b.f.s.DefaultListableBeanFactory     : Finished creating instance of bean 'restClientBuilderConfigurer'
2025-01-16T02:20:14.836+02:00 DEBUG 25984 --- [FirstSpring] [           main] o.s.b.f.s.DefaultListableBeanFactory     : Creating shared instance of singleton bean 'org.springframework.boot.autoconfigure.web.client.RestTemplateAutoConfiguration'
2025-01-16T02:20:14.836+02:00 TRACE 25984 --- [FirstSpring] [           main] o.s.b.f.s.DefaultListableBeanFactory     : Creating instance of bean 'org.springframework.boot.autoconfigure.web.client.RestTemplateAutoConfiguration'
2025-01-16T02:20:14.837+02:00 TRACE 25984 --- [FirstSpring] [           main] o.s.b.f.s.DefaultListableBeanFactory     : Finished creating instance of bean 'org.springframework.boot.autoconfigure.web.client.RestTemplateAutoConfiguration'
2025-01-16T02:20:14.837+02:00 TRACE 25984 --- [FirstSpring] [           main] o.s.b.f.s.DefaultListableBeanFactory     : Returning cached instance of singleton bean 'org.springframework.boot.actuate.autoconfigure.observation.web.client.HttpClientObservationsAutoConfiguration$MeterFilterConfiguration'
2025-01-16T02:20:14.837+02:00 TRACE 25984 --- [FirstSpring] [           main] o.s.b.f.s.DefaultListableBeanFactory     : Returning cached instance of singleton bean 'metricsHttpClientUriTagFilter'
2025-01-16T02:20:14.837+02:00 DEBUG 25984 --- [FirstSpring] [           main] o.s.b.f.s.DefaultListableBeanFactory     : Creating shared instance of singleton bean 'org.springframework.boot.actuate.autoconfigure.observation.web.client.RestTemplateObservationConfiguration'
2025-01-16T02:20:14.837+02:00 TRACE 25984 --- [FirstSpring] [           main] o.s.b.f.s.DefaultListableBeanFactory     : Creating instance of bean 'org.springframework.boot.actuate.autoconfigure.observation.web.client.RestTemplateObservationConfiguration'
2025-01-16T02:20:14.837+02:00 TRACE 25984 --- [FirstSpring] [           main] o.s.b.f.s.DefaultListableBeanFactory     : Finished creating instance of bean 'org.springframework.boot.actuate.autoconfigure.observation.web.client.RestTemplateObservationConfiguration'
2025-01-16T02:20:14.837+02:00 DEBUG 25984 --- [FirstSpring] [           main] o.s.b.f.s.DefaultListableBeanFactory     : Creating shared instance of singleton bean 'observationRestTemplateCustomizer'
2025-01-16T02:20:14.837+02:00 TRACE 25984 --- [FirstSpring] [           main] o.s.b.f.s.DefaultListableBeanFactory     : Creating instance of bean 'observationRestTemplateCustomizer'
2025-01-16T02:20:14.837+02:00 TRACE 25984 --- [FirstSpring] [           main] o.s.b.f.s.DefaultListableBeanFactory     : Returning cached instance of singleton bean 'org.springframework.boot.actuate.autoconfigure.observation.web.client.RestTemplateObservationConfiguration'
2025-01-16T02:20:14.837+02:00 TRACE 25984 --- [FirstSpring] [           main] o.s.b.f.s.DefaultListableBeanFactory     : Returning cached instance of singleton bean 'observationRegistry'
2025-01-16T02:20:14.838+02:00 TRACE 25984 --- [FirstSpring] [           main] o.s.b.f.s.DefaultListableBeanFactory     : Returning cached instance of singleton bean 'management.observations-org.springframework.boot.actuate.autoconfigure.observation.ObservationProperties'
2025-01-16T02:20:14.838+02:00 DEBUG 25984 --- [FirstSpring] [           main] o.s.b.f.s.DefaultListableBeanFactory     : Autowiring by type from bean name 'observationRestTemplateCustomizer' via factory method to bean named 'observationRegistry'
2025-01-16T02:20:14.838+02:00 DEBUG 25984 --- [FirstSpring] [           main] o.s.b.f.s.DefaultListableBeanFactory     : Autowiring by type from bean name 'observationRestTemplateCustomizer' via factory method to bean named 'management.observations-org.springframework.boot.actuate.autoconfigure.observation.ObservationProperties'
2025-01-16T02:20:14.839+02:00 TRACE 25984 --- [FirstSpring] [           main] o.s.b.f.s.DefaultListableBeanFactory     : Finished creating instance of bean 'observationRestTemplateCustomizer'
2025-01-16T02:20:14.840+02:00 TRACE 25984 --- [FirstSpring] [           main] o.s.b.f.s.DefaultListableBeanFactory     : Returning cached instance of singleton bean 'org.springframework.boot.actuate.autoconfigure.observation.web.client.RestClientObservationConfiguration'
2025-01-16T02:20:14.840+02:00 TRACE 25984 --- [FirstSpring] [           main] o.s.b.f.s.DefaultListableBeanFactory     : Returning cached instance of singleton bean 'observationRestClientCustomizer'
2025-01-16T02:20:14.840+02:00 DEBUG 25984 --- [FirstSpring] [           main] o.s.b.f.s.DefaultListableBeanFactory     : Creating shared instance of singleton bean 'org.springframework.boot.actuate.autoconfigure.observation.web.client.HttpClientObservationsAutoConfiguration'
2025-01-16T02:20:14.840+02:00 TRACE 25984 --- [FirstSpring] [           main] o.s.b.f.s.DefaultListableBeanFactory     : Creating instance of bean 'org.springframework.boot.actuate.autoconfigure.observation.web.client.HttpClientObservationsAutoConfiguration'
2025-01-16T02:20:14.842+02:00 TRACE 25984 --- [FirstSpring] [           main] o.s.b.f.s.DefaultListableBeanFactory     : Finished creating instance of bean 'org.springframework.boot.actuate.autoconfigure.observation.web.client.HttpClientObservationsAutoConfiguration'
2025-01-16T02:20:14.842+02:00 TRACE 25984 --- [FirstSpring] [           main] o.s.b.f.s.DefaultListableBeanFactory     : Returning cached instance of singleton bean 'org.springframework.boot.actuate.autoconfigure.observation.web.servlet.WebMvcObservationAutoConfiguration$MeterFilterConfiguration'
2025-01-16T02:20:14.842+02:00 TRACE 25984 --- [FirstSpring] [           main] o.s.b.f.s.DefaultListableBeanFactory     : Returning cached instance of singleton bean 'metricsHttpServerUriTagFilter'
2025-01-16T02:20:14.842+02:00 DEBUG 25984 --- [FirstSpring] [           main] o.s.b.f.s.DefaultListableBeanFactory     : Creating shared instance of singleton bean 'org.springframework.boot.actuate.autoconfigure.observation.web.servlet.WebMvcObservationAutoConfiguration'
2025-01-16T02:20:14.842+02:00 TRACE 25984 --- [FirstSpring] [           main] o.s.b.f.s.DefaultListableBeanFactory     : Creating instance of bean 'org.springframework.boot.actuate.autoconfigure.observation.web.servlet.WebMvcObservationAutoConfiguration'
2025-01-16T02:20:14.842+02:00 TRACE 25984 --- [FirstSpring] [           main] o.s.b.f.s.DefaultListableBeanFactory     : Finished creating instance of bean 'org.springframework.boot.actuate.autoconfigure.observation.web.servlet.WebMvcObservationAutoConfiguration'
2025-01-16T02:20:14.842+02:00 DEBUG 25984 --- [FirstSpring] [           main] o.s.b.f.s.DefaultListableBeanFactory     : Creating shared instance of singleton bean 'webMvcObservationFilter'
2025-01-16T02:20:14.842+02:00 TRACE 25984 --- [FirstSpring] [           main] o.s.b.f.s.DefaultListableBeanFactory     : Creating instance of bean 'webMvcObservationFilter'
2025-01-16T02:20:14.842+02:00 TRACE 25984 --- [FirstSpring] [           main] o.s.b.f.s.DefaultListableBeanFactory     : Returning cached instance of singleton bean 'org.springframework.boot.actuate.autoconfigure.observation.web.servlet.WebMvcObservationAutoConfiguration'
2025-01-16T02:20:14.843+02:00 TRACE 25984 --- [FirstSpring] [           main] o.s.b.f.s.DefaultListableBeanFactory     : Returning cached instance of singleton bean 'observationRegistry'
2025-01-16T02:20:14.843+02:00 TRACE 25984 --- [FirstSpring] [           main] o.s.b.f.s.DefaultListableBeanFactory     : Returning cached instance of singleton bean 'management.observations-org.springframework.boot.actuate.autoconfigure.observation.ObservationProperties'
2025-01-16T02:20:14.843+02:00 DEBUG 25984 --- [FirstSpring] [           main] o.s.b.f.s.DefaultListableBeanFactory     : Autowiring by type from bean name 'webMvcObservationFilter' via factory method to bean named 'observationRegistry'
2025-01-16T02:20:14.843+02:00 DEBUG 25984 --- [FirstSpring] [           main] o.s.b.f.s.DefaultListableBeanFactory     : Autowiring by type from bean name 'webMvcObservationFilter' via factory method to bean named 'management.observations-org.springframework.boot.actuate.autoconfigure.observation.ObservationProperties'
2025-01-16T02:20:14.861+02:00 TRACE 25984 --- [FirstSpring] [           main] o.s.b.f.s.DefaultListableBeanFactory     : Finished creating instance of bean 'webMvcObservationFilter'
2025-01-16T02:20:14.861+02:00 TRACE 25984 --- [FirstSpring] [           main] o.s.b.f.s.DefaultListableBeanFactory     : Returning cached instance of singleton bean 'org.springframework.boot.actuate.autoconfigure.sbom.SbomEndpointAutoConfiguration'
2025-01-16T02:20:14.861+02:00 TRACE 25984 --- [FirstSpring] [           main] o.s.b.f.s.DefaultListableBeanFactory     : Returning cached instance of singleton bean 'sbomEndpoint'
2025-01-16T02:20:14.861+02:00 TRACE 25984 --- [FirstSpring] [           main] o.s.b.f.s.DefaultListableBeanFactory     : Returning cached instance of singleton bean 'sbomEndpointWebExtension'
2025-01-16T02:20:14.861+02:00 TRACE 25984 --- [FirstSpring] [           main] o.s.b.f.s.DefaultListableBeanFactory     : Returning cached instance of singleton bean 'management.endpoint.sbom-org.springframework.boot.actuate.sbom.SbomProperties'
2025-01-16T02:20:14.861+02:00 TRACE 25984 --- [FirstSpring] [           main] o.s.b.f.s.DefaultListableBeanFactory     : Returning cached instance of singleton bean 'org.springframework.boot.actuate.autoconfigure.scheduling.ScheduledTasksEndpointAutoConfiguration'
2025-01-16T02:20:14.861+02:00 TRACE 25984 --- [FirstSpring] [           main] o.s.b.f.s.DefaultListableBeanFactory     : Returning cached instance of singleton bean 'scheduledTasksEndpoint'
2025-01-16T02:20:14.861+02:00 DEBUG 25984 --- [FirstSpring] [           main] o.s.b.f.s.DefaultListableBeanFactory     : Creating shared instance of singleton bean 'org.springframework.boot.actuate.autoconfigure.scheduling.ScheduledTasksObservabilityAutoConfiguration'
2025-01-16T02:20:14.861+02:00 TRACE 25984 --- [FirstSpring] [           main] o.s.b.f.s.DefaultListableBeanFactory     : Creating instance of bean 'org.springframework.boot.actuate.autoconfigure.scheduling.ScheduledTasksObservabilityAutoConfiguration'
2025-01-16T02:20:14.861+02:00 TRACE 25984 --- [FirstSpring] [           main] o.s.b.f.s.DefaultListableBeanFactory     : Finished creating instance of bean 'org.springframework.boot.actuate.autoconfigure.scheduling.ScheduledTasksObservabilityAutoConfiguration'
2025-01-16T02:20:14.861+02:00 DEBUG 25984 --- [FirstSpring] [           main] o.s.b.f.s.DefaultListableBeanFactory     : Creating shared instance of singleton bean 'observabilitySchedulingConfigurer'
2025-01-16T02:20:14.861+02:00 TRACE 25984 --- [FirstSpring] [           main] o.s.b.f.s.DefaultListableBeanFactory     : Creating instance of bean 'observabilitySchedulingConfigurer'
2025-01-16T02:20:14.861+02:00 TRACE 25984 --- [FirstSpring] [           main] o.s.b.f.s.DefaultListableBeanFactory     : Returning cached instance of singleton bean 'org.springframework.boot.actuate.autoconfigure.scheduling.ScheduledTasksObservabilityAutoConfiguration'
2025-01-16T02:20:14.861+02:00 TRACE 25984 --- [FirstSpring] [           main] o.s.b.f.s.DefaultListableBeanFactory     : Returning cached instance of singleton bean 'observationRegistry'
2025-01-16T02:20:14.861+02:00 DEBUG 25984 --- [FirstSpring] [           main] o.s.b.f.s.DefaultListableBeanFactory     : Autowiring by type from bean name 'observabilitySchedulingConfigurer' via factory method to bean named 'observationRegistry'
2025-01-16T02:20:14.864+02:00 TRACE 25984 --- [FirstSpring] [           main] o.s.b.f.s.DefaultListableBeanFactory     : Finished creating instance of bean 'observabilitySchedulingConfigurer'
2025-01-16T02:20:14.864+02:00 DEBUG 25984 --- [FirstSpring] [           main] o.s.b.f.s.DefaultListableBeanFactory     : Creating shared instance of singleton bean 'org.springframework.boot.actuate.autoconfigure.web.exchanges.HttpExchangesEndpointAutoConfiguration'
2025-01-16T02:20:14.864+02:00 TRACE 25984 --- [FirstSpring] [           main] o.s.b.f.s.DefaultListableBeanFactory     : Creating instance of bean 'org.springframework.boot.actuate.autoconfigure.web.exchanges.HttpExchangesEndpointAutoConfiguration'
2025-01-16T02:20:14.865+02:00 TRACE 25984 --- [FirstSpring] [           main] o.s.b.f.s.DefaultListableBeanFactory     : Finished creating instance of bean 'org.springframework.boot.actuate.autoconfigure.web.exchanges.HttpExchangesEndpointAutoConfiguration'
2025-01-16T02:20:14.865+02:00 TRACE 25984 --- [FirstSpring] [           main] o.s.b.f.s.DefaultListableBeanFactory     : Returning cached instance of singleton bean 'org.springframework.boot.actuate.autoconfigure.web.mappings.MappingsEndpointAutoConfiguration$ServletWebConfiguration$SpringMvcConfiguration'
2025-01-16T02:20:14.865+02:00 TRACE 25984 --- [FirstSpring] [           main] o.s.b.f.s.DefaultListableBeanFactory     : Returning cached instance of singleton bean 'dispatcherServletMappingDescriptionProvider'
2025-01-16T02:20:14.865+02:00 TRACE 25984 --- [FirstSpring] [           main] o.s.b.f.s.DefaultListableBeanFactory     : Returning cached instance of singleton bean 'org.springframework.boot.actuate.autoconfigure.web.mappings.MappingsEndpointAutoConfiguration$ServletWebConfiguration'
2025-01-16T02:20:14.865+02:00 TRACE 25984 --- [FirstSpring] [           main] o.s.b.f.s.DefaultListableBeanFactory     : Returning cached instance of singleton bean 'servletMappingDescriptionProvider'
2025-01-16T02:20:14.865+02:00 TRACE 25984 --- [FirstSpring] [           main] o.s.b.f.s.DefaultListableBeanFactory     : Returning cached instance of singleton bean 'filterMappingDescriptionProvider'
2025-01-16T02:20:14.865+02:00 TRACE 25984 --- [FirstSpring] [           main] o.s.b.f.s.DefaultListableBeanFactory     : Returning cached instance of singleton bean 'org.springframework.boot.actuate.autoconfigure.web.mappings.MappingsEndpointAutoConfiguration'
2025-01-16T02:20:14.865+02:00 TRACE 25984 --- [FirstSpring] [           main] o.s.b.f.s.DefaultListableBeanFactory     : Returning cached instance of singleton bean 'mappingsEndpoint'
2025-01-16T02:20:14.865+02:00 DEBUG 25984 --- [FirstSpring] [           main] o.s.b.f.s.DefaultListableBeanFactory     : Creating shared instance of singleton bean 'org.springframework.boot.autoconfigure.aop.AopAutoConfiguration$ClassProxyingConfiguration'
2025-01-16T02:20:14.865+02:00 TRACE 25984 --- [FirstSpring] [           main] o.s.b.f.s.DefaultListableBeanFactory     : Creating instance of bean 'org.springframework.boot.autoconfigure.aop.AopAutoConfiguration$ClassProxyingConfiguration'
2025-01-16T02:20:14.865+02:00 TRACE 25984 --- [FirstSpring] [           main] o.s.b.f.s.DefaultListableBeanFactory     : Finished creating instance of bean 'org.springframework.boot.autoconfigure.aop.AopAutoConfiguration$ClassProxyingConfiguration'
2025-01-16T02:20:14.865+02:00 TRACE 25984 --- [FirstSpring] [           main] o.s.b.f.s.DefaultListableBeanFactory     : Returning cached instance of singleton bean 'forceAutoProxyCreatorToUseClassProxying'
2025-01-16T02:20:14.865+02:00 DEBUG 25984 --- [FirstSpring] [           main] o.s.b.f.s.DefaultListableBeanFactory     : Creating shared instance of singleton bean 'org.springframework.boot.autoconfigure.aop.AopAutoConfiguration'
2025-01-16T02:20:14.865+02:00 TRACE 25984 --- [FirstSpring] [           main] o.s.b.f.s.DefaultListableBeanFactory     : Creating instance of bean 'org.springframework.boot.autoconfigure.aop.AopAutoConfiguration'
2025-01-16T02:20:14.865+02:00 TRACE 25984 --- [FirstSpring] [           main] o.s.b.f.s.DefaultListableBeanFactory     : Finished creating instance of bean 'org.springframework.boot.autoconfigure.aop.AopAutoConfiguration'
2025-01-16T02:20:14.866+02:00 DEBUG 25984 --- [FirstSpring] [           main] o.s.b.f.s.DefaultListableBeanFactory     : Creating shared instance of singleton bean 'org.springframework.boot.autoconfigure.context.ConfigurationPropertiesAutoConfiguration'
2025-01-16T02:20:14.866+02:00 TRACE 25984 --- [FirstSpring] [           main] o.s.b.f.s.DefaultListableBeanFactory     : Creating instance of bean 'org.springframework.boot.autoconfigure.context.ConfigurationPropertiesAutoConfiguration'
2025-01-16T02:20:14.866+02:00 TRACE 25984 --- [FirstSpring] [           main] o.s.b.f.s.DefaultListableBeanFactory     : Finished creating instance of bean 'org.springframework.boot.autoconfigure.context.ConfigurationPropertiesAutoConfiguration'
2025-01-16T02:20:14.866+02:00 DEBUG 25984 --- [FirstSpring] [           main] o.s.b.f.s.DefaultListableBeanFactory     : Creating shared instance of singleton bean 'org.springframework.boot.autoconfigure.context.LifecycleAutoConfiguration'
2025-01-16T02:20:14.866+02:00 TRACE 25984 --- [FirstSpring] [           main] o.s.b.f.s.DefaultListableBeanFactory     : Creating instance of bean 'org.springframework.boot.autoconfigure.context.LifecycleAutoConfiguration'
2025-01-16T02:20:14.866+02:00 TRACE 25984 --- [FirstSpring] [           main] o.s.b.f.s.DefaultListableBeanFactory     : Finished creating instance of bean 'org.springframework.boot.autoconfigure.context.LifecycleAutoConfiguration'
2025-01-16T02:20:14.866+02:00 DEBUG 25984 --- [FirstSpring] [           main] o.s.b.f.s.DefaultListableBeanFactory     : Creating shared instance of singleton bean 'lifecycleProcessor'
2025-01-16T02:20:14.866+02:00 TRACE 25984 --- [FirstSpring] [           main] o.s.b.f.s.DefaultListableBeanFactory     : Creating instance of bean 'lifecycleProcessor'
2025-01-16T02:20:14.867+02:00 TRACE 25984 --- [FirstSpring] [           main] o.s.b.f.s.DefaultListableBeanFactory     : Returning cached instance of singleton bean 'org.springframework.boot.autoconfigure.context.LifecycleAutoConfiguration'
2025-01-16T02:20:14.868+02:00 DEBUG 25984 --- [FirstSpring] [           main] o.s.b.f.s.DefaultListableBeanFactory     : Creating shared instance of singleton bean 'spring.lifecycle-org.springframework.boot.autoconfigure.context.LifecycleProperties'
2025-01-16T02:20:14.868+02:00 TRACE 25984 --- [FirstSpring] [           main] o.s.b.f.s.DefaultListableBeanFactory     : Creating instance of bean 'spring.lifecycle-org.springframework.boot.autoconfigure.context.LifecycleProperties'
2025-01-16T02:20:14.869+02:00 TRACE 25984 --- [FirstSpring] [           main] o.s.b.f.s.DefaultListableBeanFactory     : Returning cached instance of singleton bean 'org.springframework.boot.context.properties.BoundConfigurationProperties'
2025-01-16T02:20:14.870+02:00 TRACE 25984 --- [FirstSpring] [           main] o.s.b.f.s.DefaultListableBeanFactory     : Finished creating instance of bean 'spring.lifecycle-org.springframework.boot.autoconfigure.context.LifecycleProperties'
2025-01-16T02:20:14.870+02:00 DEBUG 25984 --- [FirstSpring] [           main] o.s.b.f.s.DefaultListableBeanFactory     : Autowiring by type from bean name 'lifecycleProcessor' via factory method to bean named 'spring.lifecycle-org.springframework.boot.autoconfigure.context.LifecycleProperties'
2025-01-16T02:20:14.873+02:00 TRACE 25984 --- [FirstSpring] [           main] o.s.b.f.s.DefaultListableBeanFactory     : Finished creating instance of bean 'lifecycleProcessor'
2025-01-16T02:20:14.873+02:00 TRACE 25984 --- [FirstSpring] [           main] o.s.b.f.s.DefaultListableBeanFactory     : Returning cached instance of singleton bean 'spring.lifecycle-org.springframework.boot.autoconfigure.context.LifecycleProperties'
2025-01-16T02:20:14.873+02:00 DEBUG 25984 --- [FirstSpring] [           main] o.s.b.f.s.DefaultListableBeanFactory     : Creating shared instance of singleton bean 'org.springframework.boot.autoconfigure.sql.init.SqlInitializationAutoConfiguration'
2025-01-16T02:20:14.873+02:00 TRACE 25984 --- [FirstSpring] [           main] o.s.b.f.s.DefaultListableBeanFactory     : Creating instance of bean 'org.springframework.boot.autoconfigure.sql.init.SqlInitializationAutoConfiguration'
2025-01-16T02:20:14.874+02:00 TRACE 25984 --- [FirstSpring] [           main] o.s.b.f.s.DefaultListableBeanFactory     : Finished creating instance of bean 'org.springframework.boot.autoconfigure.sql.init.SqlInitializationAutoConfiguration'
2025-01-16T02:20:14.874+02:00 DEBUG 25984 --- [FirstSpring] [           main] o.s.b.f.s.DefaultListableBeanFactory     : Creating shared instance of singleton bean 'spring.sql.init-org.springframework.boot.autoconfigure.sql.init.SqlInitializationProperties'
2025-01-16T02:20:14.874+02:00 TRACE 25984 --- [FirstSpring] [           main] o.s.b.f.s.DefaultListableBeanFactory     : Creating instance of bean 'spring.sql.init-org.springframework.boot.autoconfigure.sql.init.SqlInitializationProperties'
2025-01-16T02:20:14.874+02:00 TRACE 25984 --- [FirstSpring] [           main] o.s.b.f.s.DefaultListableBeanFactory     : Returning cached instance of singleton bean 'org.springframework.boot.context.properties.BoundConfigurationProperties'
2025-01-16T02:20:14.876+02:00 TRACE 25984 --- [FirstSpring] [           main] o.s.b.f.s.DefaultListableBeanFactory     : Finished creating instance of bean 'spring.sql.init-org.springframework.boot.autoconfigure.sql.init.SqlInitializationProperties'
2025-01-16T02:20:14.876+02:00 TRACE 25984 --- [FirstSpring] [           main] o.s.b.f.s.DefaultListableBeanFactory     : Returning cached instance of singleton bean 'org.springframework.boot.sql.init.dependency.DatabaseInitializationDependencyConfigurer$DependsOnDatabaseInitializationPostProcessor'
2025-01-16T02:20:14.876+02:00 TRACE 25984 --- [FirstSpring] [           main] o.s.b.f.s.DefaultListableBeanFactory     : Returning cached instance of singleton bean 'org.springframework.boot.autoconfigure.web.servlet.HttpEncodingAutoConfiguration'
2025-01-16T02:20:14.876+02:00 DEBUG 25984 --- [FirstSpring] [           main] o.s.b.f.s.DefaultListableBeanFactory     : Creating shared instance of singleton bean 'characterEncodingFilter'
2025-01-16T02:20:14.876+02:00 TRACE 25984 --- [FirstSpring] [           main] o.s.b.f.s.DefaultListableBeanFactory     : Creating instance of bean 'characterEncodingFilter'
2025-01-16T02:20:14.876+02:00 TRACE 25984 --- [FirstSpring] [           main] o.s.b.f.s.DefaultListableBeanFactory     : Returning cached instance of singleton bean 'org.springframework.boot.autoconfigure.web.servlet.HttpEncodingAutoConfiguration'
2025-01-16T02:20:14.877+02:00 TRACE 25984 --- [FirstSpring] [           main] o.s.b.f.s.DefaultListableBeanFactory     : Invoking afterPropertiesSet() on bean with name 'characterEncodingFilter'
2025-01-16T02:20:14.877+02:00 TRACE 25984 --- [FirstSpring] [           main] o.s.b.f.s.DefaultListableBeanFactory     : Finished creating instance of bean 'characterEncodingFilter'
2025-01-16T02:20:14.877+02:00 TRACE 25984 --- [FirstSpring] [           main] o.s.b.f.s.DefaultListableBeanFactory     : Returning cached instance of singleton bean 'localeCharsetMappingsCustomizer'
2025-01-16T02:20:14.877+02:00 TRACE 25984 --- [FirstSpring] [           main] o.s.b.f.s.DefaultListableBeanFactory     : Returning cached instance of singleton bean 'org.springframework.boot.autoconfigure.web.servlet.MultipartAutoConfiguration'
2025-01-16T02:20:14.877+02:00 TRACE 25984 --- [FirstSpring] [           main] o.s.b.f.s.DefaultListableBeanFactory     : Returning cached instance of singleton bean 'multipartConfigElement'
2025-01-16T02:20:14.877+02:00 DEBUG 25984 --- [FirstSpring] [           main] o.s.b.f.s.DefaultListableBeanFactory     : Creating shared instance of singleton bean 'multipartResolver'
2025-01-16T02:20:14.877+02:00 TRACE 25984 --- [FirstSpring] [           main] o.s.b.f.s.DefaultListableBeanFactory     : Creating instance of bean 'multipartResolver'
2025-01-16T02:20:14.877+02:00 TRACE 25984 --- [FirstSpring] [           main] o.s.b.f.s.DefaultListableBeanFactory     : Returning cached instance of singleton bean 'org.springframework.boot.autoconfigure.web.servlet.MultipartAutoConfiguration'
2025-01-16T02:20:14.879+02:00 TRACE 25984 --- [FirstSpring] [           main] o.s.b.f.s.DefaultListableBeanFactory     : Finished creating instance of bean 'multipartResolver'
2025-01-16T02:20:14.879+02:00 TRACE 25984 --- [FirstSpring] [           main] o.s.b.f.s.DefaultListableBeanFactory     : Returning cached instance of singleton bean 'spring.servlet.multipart-org.springframework.boot.autoconfigure.web.servlet.MultipartProperties'
2025-01-16T02:20:14.879+02:00 DEBUG 25984 --- [FirstSpring] [           main] o.s.b.f.s.DefaultListableBeanFactory     : Creating shared instance of singleton bean 'org.springframework.boot.actuate.autoconfigure.endpoint.web.ServletEndpointManagementContextConfiguration$WebMvcServletEndpointManagementContextConfiguration'
2025-01-16T02:20:14.879+02:00 TRACE 25984 --- [FirstSpring] [           main] o.s.b.f.s.DefaultListableBeanFactory     : Creating instance of bean 'org.springframework.boot.actuate.autoconfigure.endpoint.web.ServletEndpointManagementContextConfiguration$WebMvcServletEndpointManagementContextConfiguration'
2025-01-16T02:20:14.880+02:00 TRACE 25984 --- [FirstSpring] [           main] o.s.b.f.s.DefaultListableBeanFactory     : Finished creating instance of bean 'org.springframework.boot.actuate.autoconfigure.endpoint.web.ServletEndpointManagementContextConfiguration$WebMvcServletEndpointManagementContextConfiguration'
2025-01-16T02:20:14.880+02:00 DEBUG 25984 --- [FirstSpring] [           main] o.s.b.f.s.DefaultListableBeanFactory     : Creating shared instance of singleton bean 'servletEndpointRegistrar'
2025-01-16T02:20:14.880+02:00 TRACE 25984 --- [FirstSpring] [           main] o.s.b.f.s.DefaultListableBeanFactory     : Creating instance of bean 'servletEndpointRegistrar'
2025-01-16T02:20:14.880+02:00 TRACE 25984 --- [FirstSpring] [           main] o.s.b.f.s.DefaultListableBeanFactory     : Returning cached instance of singleton bean 'org.springframework.boot.actuate.autoconfigure.endpoint.web.ServletEndpointManagementContextConfiguration$WebMvcServletEndpointManagementContextConfiguration'
2025-01-16T02:20:14.880+02:00 TRACE 25984 --- [FirstSpring] [           main] o.s.b.f.s.DefaultListableBeanFactory     : Returning cached instance of singleton bean 'management.endpoints.web-org.springframework.boot.actuate.autoconfigure.endpoint.web.WebEndpointProperties'
2025-01-16T02:20:14.880+02:00 TRACE 25984 --- [FirstSpring] [           main] o.s.b.f.s.DefaultListableBeanFactory     : Returning cached instance of singleton bean 'servletEndpointDiscoverer'
2025-01-16T02:20:14.880+02:00 TRACE 25984 --- [FirstSpring] [           main] o.s.b.f.s.DefaultListableBeanFactory     : Returning cached instance of singleton bean 'dispatcherServletRegistration'
2025-01-16T02:20:14.880+02:00 TRACE 25984 --- [FirstSpring] [           main] o.s.b.f.s.DefaultListableBeanFactory     : Returning cached instance of singleton bean 'propertiesEndpointAccessResolver'
2025-01-16T02:20:14.880+02:00 DEBUG 25984 --- [FirstSpring] [           main] o.s.b.f.s.DefaultListableBeanFactory     : Autowiring by type from bean name 'servletEndpointRegistrar' via factory method to bean named 'management.endpoints.web-org.springframework.boot.actuate.autoconfigure.endpoint.web.WebEndpointProperties'
2025-01-16T02:20:14.880+02:00 DEBUG 25984 --- [FirstSpring] [           main] o.s.b.f.s.DefaultListableBeanFactory     : Autowiring by type from bean name 'servletEndpointRegistrar' via factory method to bean named 'servletEndpointDiscoverer'
2025-01-16T02:20:14.880+02:00 DEBUG 25984 --- [FirstSpring] [           main] o.s.b.f.s.DefaultListableBeanFactory     : Autowiring by type from bean name 'servletEndpointRegistrar' via factory method to bean named 'dispatcherServletRegistration'
2025-01-16T02:20:14.880+02:00 DEBUG 25984 --- [FirstSpring] [           main] o.s.b.f.s.DefaultListableBeanFactory     : Autowiring by type from bean name 'servletEndpointRegistrar' via factory method to bean named 'propertiesEndpointAccessResolver'
2025-01-16T02:20:14.883+02:00 TRACE 25984 --- [FirstSpring] [           main] o.s.b.f.s.DefaultListableBeanFactory     : Finished creating instance of bean 'servletEndpointRegistrar'
2025-01-16T02:20:14.883+02:00 TRACE 25984 --- [FirstSpring] [           main] o.s.b.f.s.DefaultListableBeanFactory     : Returning cached instance of singleton bean 'org.springframework.boot.actuate.autoconfigure.endpoint.web.ServletEndpointManagementContextConfiguration'
2025-01-16T02:20:14.883+02:00 TRACE 25984 --- [FirstSpring] [           main] o.s.b.f.s.DefaultListableBeanFactory     : Returning cached instance of singleton bean 'servletExposeExcludePropertyEndpointFilter'
2025-01-16T02:20:14.883+02:00 DEBUG 25984 --- [FirstSpring] [           main] o.s.b.f.s.DefaultListableBeanFactory     : Creating shared instance of singleton bean 'org.springframework.boot.actuate.autoconfigure.endpoint.web.servlet.WebMvcEndpointManagementContextConfiguration'
2025-01-16T02:20:14.883+02:00 TRACE 25984 --- [FirstSpring] [           main] o.s.b.f.s.DefaultListableBeanFactory     : Creating instance of bean 'org.springframework.boot.actuate.autoconfigure.endpoint.web.servlet.WebMvcEndpointManagementContextConfiguration'
2025-01-16T02:20:14.883+02:00 TRACE 25984 --- [FirstSpring] [           main] o.s.b.f.s.DefaultListableBeanFactory     : Finished creating instance of bean 'org.springframework.boot.actuate.autoconfigure.endpoint.web.servlet.WebMvcEndpointManagementContextConfiguration'
2025-01-16T02:20:14.883+02:00 DEBUG 25984 --- [FirstSpring] [           main] o.s.b.f.s.DefaultListableBeanFactory     : Creating shared instance of singleton bean 'webEndpointServletHandlerMapping'
2025-01-16T02:20:14.884+02:00 TRACE 25984 --- [FirstSpring] [           main] o.s.b.f.s.DefaultListableBeanFactory     : Creating instance of bean 'webEndpointServletHandlerMapping'
2025-01-16T02:20:14.884+02:00 TRACE 25984 --- [FirstSpring] [           main] o.s.b.f.s.DefaultListableBeanFactory     : Returning cached instance of singleton bean 'org.springframework.boot.actuate.autoconfigure.endpoint.web.servlet.WebMvcEndpointManagementContextConfiguration'
2025-01-16T02:20:14.884+02:00 TRACE 25984 --- [FirstSpring] [           main] o.s.b.f.s.DefaultListableBeanFactory     : Returning cached instance of singleton bean 'webEndpointDiscoverer'
2025-01-16T02:20:14.884+02:00 TRACE 25984 --- [FirstSpring] [           main] o.s.b.f.s.DefaultListableBeanFactory     : Returning cached instance of singleton bean 'servletEndpointDiscoverer'
2025-01-16T02:20:14.884+02:00 TRACE 25984 --- [FirstSpring] [           main] o.s.b.f.s.DefaultListableBeanFactory     : Returning cached instance of singleton bean 'controllerEndpointDiscoverer'
2025-01-16T02:20:14.884+02:00 TRACE 25984 --- [FirstSpring] [           main] o.s.b.f.s.DefaultListableBeanFactory     : Returning cached instance of singleton bean 'endpointMediaTypes'
2025-01-16T02:20:14.885+02:00 DEBUG 25984 --- [FirstSpring] [           main] o.s.b.f.s.DefaultListableBeanFactory     : Creating shared instance of singleton bean 'management.endpoints.web.cors-org.springframework.boot.actuate.autoconfigure.endpoint.web.CorsEndpointProperties'
2025-01-16T02:20:14.885+02:00 TRACE 25984 --- [FirstSpring] [           main] o.s.b.f.s.DefaultListableBeanFactory     : Creating instance of bean 'management.endpoints.web.cors-org.springframework.boot.actuate.autoconfigure.endpoint.web.CorsEndpointProperties'
2025-01-16T02:20:14.889+02:00 TRACE 25984 --- [FirstSpring] [           main] o.s.b.f.s.DefaultListableBeanFactory     : Returning cached instance of singleton bean 'org.springframework.boot.context.properties.BoundConfigurationProperties'
2025-01-16T02:20:14.890+02:00 TRACE 25984 --- [FirstSpring] [           main] o.s.b.f.s.DefaultListableBeanFactory     : Finished creating instance of bean 'management.endpoints.web.cors-org.springframework.boot.actuate.autoconfigure.endpoint.web.CorsEndpointProperties'
2025-01-16T02:20:14.890+02:00 TRACE 25984 --- [FirstSpring] [           main] o.s.b.f.s.DefaultListableBeanFactory     : Returning cached instance of singleton bean 'management.endpoints.web-org.springframework.boot.actuate.autoconfigure.endpoint.web.WebEndpointProperties'
2025-01-16T02:20:14.891+02:00 TRACE 25984 --- [FirstSpring] [           main] o.s.b.f.s.DefaultListableBeanFactory     : Returning cached instance of singleton bean 'environment'
2025-01-16T02:20:14.891+02:00 DEBUG 25984 --- [FirstSpring] [           main] o.s.b.f.s.DefaultListableBeanFactory     : Autowiring by type from bean name 'webEndpointServletHandlerMapping' via factory method to bean named 'webEndpointDiscoverer'
2025-01-16T02:20:14.891+02:00 DEBUG 25984 --- [FirstSpring] [           main] o.s.b.f.s.DefaultListableBeanFactory     : Autowiring by type from bean name 'webEndpointServletHandlerMapping' via factory method to bean named 'servletEndpointDiscoverer'
2025-01-16T02:20:14.891+02:00 DEBUG 25984 --- [FirstSpring] [           main] o.s.b.f.s.DefaultListableBeanFactory     : Autowiring by type from bean name 'webEndpointServletHandlerMapping' via factory method to bean named 'controllerEndpointDiscoverer'
2025-01-16T02:20:14.891+02:00 DEBUG 25984 --- [FirstSpring] [           main] o.s.b.f.s.DefaultListableBeanFactory     : Autowiring by type from bean name 'webEndpointServletHandlerMapping' via factory method to bean named 'endpointMediaTypes'
2025-01-16T02:20:14.891+02:00 DEBUG 25984 --- [FirstSpring] [           main] o.s.b.f.s.DefaultListableBeanFactory     : Autowiring by type from bean name 'webEndpointServletHandlerMapping' via factory method to bean named 'management.endpoints.web.cors-org.springframework.boot.actuate.autoconfigure.endpoint.web.CorsEndpointProperties'
2025-01-16T02:20:14.891+02:00 DEBUG 25984 --- [FirstSpring] [           main] o.s.b.f.s.DefaultListableBeanFactory     : Autowiring by type from bean name 'webEndpointServletHandlerMapping' via factory method to bean named 'management.endpoints.web-org.springframework.boot.actuate.autoconfigure.endpoint.web.WebEndpointProperties'
2025-01-16T02:20:14.891+02:00 DEBUG 25984 --- [FirstSpring] [           main] o.s.b.f.s.DefaultListableBeanFactory     : Autowiring by type from bean name 'webEndpointServletHandlerMapping' via factory method to bean named 'environment'
2025-01-16T02:20:14.900+02:00  INFO 25984 --- [FirstSpring] [           main] o.s.b.a.e.web.EndpointLinksResolver      : Exposing 14 endpoints beneath base path '/actuator'
2025-01-16T02:20:14.901+02:00 TRACE 25984 --- [FirstSpring] [           main] o.s.b.f.s.DefaultListableBeanFactory     : Invoking afterPropertiesSet() on bean with name 'webEndpointServletHandlerMapping'
2025-01-16T02:20:14.908+02:00 TRACE 25984 --- [FirstSpring] [           main] s.b.a.e.w.s.WebMvcEndpointHandlerMapping : Register "{GET [/actuator/beans], produces [application/vnd.spring-boot.actuator.v3+json || application/vnd.spring-boot.actuator.v2+json || application/json]}" to java.lang.Object org.springframework.boot.actuate.endpoint.web.servlet.AbstractWebMvcEndpointHandlerMapping$OperationHandler.handle(jakarta.servlet.http.HttpServletRequest,java.util.Map<java.lang.String, java.lang.String>)
2025-01-16T02:20:14.911+02:00 TRACE 25984 --- [FirstSpring] [           main] s.b.a.e.w.s.WebMvcEndpointHandlerMapping : Register "{GET [/actuator/caches/{cache}], produces [application/vnd.spring-boot.actuator.v3+json || application/vnd.spring-boot.actuator.v2+json || application/json]}" to java.lang.Object org.springframework.boot.actuate.endpoint.web.servlet.AbstractWebMvcEndpointHandlerMapping$OperationHandler.handle(jakarta.servlet.http.HttpServletRequest,java.util.Map<java.lang.String, java.lang.String>)
2025-01-16T02:20:14.912+02:00 TRACE 25984 --- [FirstSpring] [           main] s.b.a.e.w.s.WebMvcEndpointHandlerMapping : Register "{DELETE [/actuator/caches/{cache}], produces [application/vnd.spring-boot.actuator.v3+json || application/vnd.spring-boot.actuator.v2+json || application/json]}" to java.lang.Object org.springframework.boot.actuate.endpoint.web.servlet.AbstractWebMvcEndpointHandlerMapping$OperationHandler.handle(jakarta.servlet.http.HttpServletRequest,java.util.Map<java.lang.String, java.lang.String>)
2025-01-16T02:20:14.912+02:00 TRACE 25984 --- [FirstSpring] [           main] s.b.a.e.w.s.WebMvcEndpointHandlerMapping : Register "{GET [/actuator/caches], produces [application/vnd.spring-boot.actuator.v3+json || application/vnd.spring-boot.actuator.v2+json || application/json]}" to java.lang.Object org.springframework.boot.actuate.endpoint.web.servlet.AbstractWebMvcEndpointHandlerMapping$OperationHandler.handle(jakarta.servlet.http.HttpServletRequest,java.util.Map<java.lang.String, java.lang.String>)
2025-01-16T02:20:14.913+02:00 TRACE 25984 --- [FirstSpring] [           main] s.b.a.e.w.s.WebMvcEndpointHandlerMapping : Register "{DELETE [/actuator/caches]}" to java.lang.Object org.springframework.boot.actuate.endpoint.web.servlet.AbstractWebMvcEndpointHandlerMapping$OperationHandler.handle(jakarta.servlet.http.HttpServletRequest,java.util.Map<java.lang.String, java.lang.String>)
2025-01-16T02:20:14.914+02:00 TRACE 25984 --- [FirstSpring] [           main] s.b.a.e.w.s.WebMvcEndpointHandlerMapping : Register "{GET [/actuator/health/**], produces [application/vnd.spring-boot.actuator.v3+json || application/vnd.spring-boot.actuator.v2+json || application/json]}" to java.lang.Object org.springframework.boot.actuate.endpoint.web.servlet.AbstractWebMvcEndpointHandlerMapping$OperationHandler.handle(jakarta.servlet.http.HttpServletRequest,java.util.Map<java.lang.String, java.lang.String>)
2025-01-16T02:20:14.914+02:00 TRACE 25984 --- [FirstSpring] [           main] s.b.a.e.w.s.WebMvcEndpointHandlerMapping : Register "{GET [/actuator/health], produces [application/vnd.spring-boot.actuator.v3+json || application/vnd.spring-boot.actuator.v2+json || application/json]}" to java.lang.Object org.springframework.boot.actuate.endpoint.web.servlet.AbstractWebMvcEndpointHandlerMapping$OperationHandler.handle(jakarta.servlet.http.HttpServletRequest,java.util.Map<java.lang.String, java.lang.String>)
2025-01-16T02:20:14.916+02:00 TRACE 25984 --- [FirstSpring] [           main] s.b.a.e.w.s.WebMvcEndpointHandlerMapping : Register "{GET [/actuator/info], produces [application/vnd.spring-boot.actuator.v3+json || application/vnd.spring-boot.actuator.v2+json || application/json]}" to java.lang.Object org.springframework.boot.actuate.endpoint.web.servlet.AbstractWebMvcEndpointHandlerMapping$OperationHandler.handle(jakarta.servlet.http.HttpServletRequest,java.util.Map<java.lang.String, java.lang.String>)
2025-01-16T02:20:14.917+02:00 TRACE 25984 --- [FirstSpring] [           main] s.b.a.e.w.s.WebMvcEndpointHandlerMapping : Register "{GET [/actuator/conditions], produces [application/vnd.spring-boot.actuator.v3+json || application/vnd.spring-boot.actuator.v2+json || application/json]}" to java.lang.Object org.springframework.boot.actuate.endpoint.web.servlet.AbstractWebMvcEndpointHandlerMapping$OperationHandler.handle(jakarta.servlet.http.HttpServletRequest,java.util.Map<java.lang.String, java.lang.String>)
2025-01-16T02:20:14.919+02:00 TRACE 25984 --- [FirstSpring] [           main] s.b.a.e.w.s.WebMvcEndpointHandlerMapping : Register "{GET [/actuator/configprops], produces [application/vnd.spring-boot.actuator.v3+json || application/vnd.spring-boot.actuator.v2+json || application/json]}" to java.lang.Object org.springframework.boot.actuate.endpoint.web.servlet.AbstractWebMvcEndpointHandlerMapping$OperationHandler.handle(jakarta.servlet.http.HttpServletRequest,java.util.Map<java.lang.String, java.lang.String>)
2025-01-16T02:20:14.920+02:00 TRACE 25984 --- [FirstSpring] [           main] s.b.a.e.w.s.WebMvcEndpointHandlerMapping : Register "{GET [/actuator/configprops/{prefix}], produces [application/vnd.spring-boot.actuator.v3+json || application/vnd.spring-boot.actuator.v2+json || application/json]}" to java.lang.Object org.springframework.boot.actuate.endpoint.web.servlet.AbstractWebMvcEndpointHandlerMapping$OperationHandler.handle(jakarta.servlet.http.HttpServletRequest,java.util.Map<java.lang.String, java.lang.String>)
2025-01-16T02:20:14.920+02:00 TRACE 25984 --- [FirstSpring] [           main] s.b.a.e.w.s.WebMvcEndpointHandlerMapping : Register "{GET [/actuator/env], produces [application/vnd.spring-boot.actuator.v3+json || application/vnd.spring-boot.actuator.v2+json || application/json]}" to java.lang.Object org.springframework.boot.actuate.endpoint.web.servlet.AbstractWebMvcEndpointHandlerMapping$OperationHandler.handle(jakarta.servlet.http.HttpServletRequest,java.util.Map<java.lang.String, java.lang.String>)
2025-01-16T02:20:14.920+02:00 TRACE 25984 --- [FirstSpring] [           main] s.b.a.e.w.s.WebMvcEndpointHandlerMapping : Register "{GET [/actuator/env/{toMatch}], produces [application/vnd.spring-boot.actuator.v3+json || application/vnd.spring-boot.actuator.v2+json || application/json]}" to java.lang.Object org.springframework.boot.actuate.endpoint.web.servlet.AbstractWebMvcEndpointHandlerMapping$OperationHandler.handle(jakarta.servlet.http.HttpServletRequest,java.util.Map<java.lang.String, java.lang.String>)
2025-01-16T02:20:14.921+02:00 TRACE 25984 --- [FirstSpring] [           main] s.b.a.e.w.s.WebMvcEndpointHandlerMapping : Register "{GET [/actuator/loggers], produces [application/vnd.spring-boot.actuator.v3+json || application/vnd.spring-boot.actuator.v2+json || application/json]}" to java.lang.Object org.springframework.boot.actuate.endpoint.web.servlet.AbstractWebMvcEndpointHandlerMapping$OperationHandler.handle(jakarta.servlet.http.HttpServletRequest,java.util.Map<java.lang.String, java.lang.String>)
2025-01-16T02:20:14.922+02:00 TRACE 25984 --- [FirstSpring] [           main] s.b.a.e.w.s.WebMvcEndpointHandlerMapping : Register "{POST [/actuator/loggers/{name}], consumes [application/vnd.spring-boot.actuator.v3+json || application/vnd.spring-boot.actuator.v2+json || application/json]}" to java.lang.Object org.springframework.boot.actuate.endpoint.web.servlet.AbstractWebMvcEndpointHandlerMapping$OperationHandler.handle(jakarta.servlet.http.HttpServletRequest,java.util.Map<java.lang.String, java.lang.String>)
2025-01-16T02:20:14.922+02:00 TRACE 25984 --- [FirstSpring] [           main] s.b.a.e.w.s.WebMvcEndpointHandlerMapping : Register "{GET [/actuator/loggers/{name}], produces [application/vnd.spring-boot.actuator.v3+json || application/vnd.spring-boot.actuator.v2+json || application/json]}" to java.lang.Object org.springframework.boot.actuate.endpoint.web.servlet.AbstractWebMvcEndpointHandlerMapping$OperationHandler.handle(jakarta.servlet.http.HttpServletRequest,java.util.Map<java.lang.String, java.lang.String>)
2025-01-16T02:20:14.928+02:00 TRACE 25984 --- [FirstSpring] [           main] s.b.a.e.w.s.WebMvcEndpointHandlerMapping : Register "{GET [/actuator/heapdump], produces [application/octet-stream]}" to java.lang.Object org.springframework.boot.actuate.endpoint.web.servlet.AbstractWebMvcEndpointHandlerMapping$OperationHandler.handle(jakarta.servlet.http.HttpServletRequest,java.util.Map<java.lang.String, java.lang.String>)
2025-01-16T02:20:14.928+02:00 TRACE 25984 --- [FirstSpring] [           main] s.b.a.e.w.s.WebMvcEndpointHandlerMapping : Register "{GET [/actuator/threaddump], produces [text/plain;charset=UTF-8]}" to java.lang.Object org.springframework.boot.actuate.endpoint.web.servlet.AbstractWebMvcEndpointHandlerMapping$OperationHandler.handle(jakarta.servlet.http.HttpServletRequest,java.util.Map<java.lang.String, java.lang.String>)
2025-01-16T02:20:14.929+02:00 TRACE 25984 --- [FirstSpring] [           main] s.b.a.e.w.s.WebMvcEndpointHandlerMapping : Register "{GET [/actuator/threaddump], produces [application/vnd.spring-boot.actuator.v3+json || application/vnd.spring-boot.actuator.v2+json || application/json]}" to java.lang.Object org.springframework.boot.actuate.endpoint.web.servlet.AbstractWebMvcEndpointHandlerMapping$OperationHandler.handle(jakarta.servlet.http.HttpServletRequest,java.util.Map<java.lang.String, java.lang.String>)
2025-01-16T02:20:14.929+02:00 TRACE 25984 --- [FirstSpring] [           main] s.b.a.e.w.s.WebMvcEndpointHandlerMapping : Register "{GET [/actuator/metrics], produces [application/vnd.spring-boot.actuator.v3+json || application/vnd.spring-boot.actuator.v2+json || application/json]}" to java.lang.Object org.springframework.boot.actuate.endpoint.web.servlet.AbstractWebMvcEndpointHandlerMapping$OperationHandler.handle(jakarta.servlet.http.HttpServletRequest,java.util.Map<java.lang.String, java.lang.String>)
2025-01-16T02:20:14.929+02:00 TRACE 25984 --- [FirstSpring] [           main] s.b.a.e.w.s.WebMvcEndpointHandlerMapping : Register "{GET [/actuator/metrics/{requiredMetricName}], produces [application/vnd.spring-boot.actuator.v3+json || application/vnd.spring-boot.actuator.v2+json || application/json]}" to java.lang.Object org.springframework.boot.actuate.endpoint.web.servlet.AbstractWebMvcEndpointHandlerMapping$OperationHandler.handle(jakarta.servlet.http.HttpServletRequest,java.util.Map<java.lang.String, java.lang.String>)
2025-01-16T02:20:14.929+02:00 TRACE 25984 --- [FirstSpring] [           main] s.b.a.e.w.s.WebMvcEndpointHandlerMapping : Register "{GET [/actuator/sbom/{id}], produces [application/octet-stream]}" to java.lang.Object org.springframework.boot.actuate.endpoint.web.servlet.AbstractWebMvcEndpointHandlerMapping$OperationHandler.handle(jakarta.servlet.http.HttpServletRequest,java.util.Map<java.lang.String, java.lang.String>)
2025-01-16T02:20:14.929+02:00 TRACE 25984 --- [FirstSpring] [           main] s.b.a.e.w.s.WebMvcEndpointHandlerMapping : Register "{GET [/actuator/sbom], produces [application/vnd.spring-boot.actuator.v3+json || application/vnd.spring-boot.actuator.v2+json || application/json]}" to java.lang.Object org.springframework.boot.actuate.endpoint.web.servlet.AbstractWebMvcEndpointHandlerMapping$OperationHandler.handle(jakarta.servlet.http.HttpServletRequest,java.util.Map<java.lang.String, java.lang.String>)
2025-01-16T02:20:14.929+02:00 TRACE 25984 --- [FirstSpring] [           main] s.b.a.e.w.s.WebMvcEndpointHandlerMapping : Register "{GET [/actuator/scheduledtasks], produces [application/vnd.spring-boot.actuator.v3+json || application/vnd.spring-boot.actuator.v2+json || application/json]}" to java.lang.Object org.springframework.boot.actuate.endpoint.web.servlet.AbstractWebMvcEndpointHandlerMapping$OperationHandler.handle(jakarta.servlet.http.HttpServletRequest,java.util.Map<java.lang.String, java.lang.String>)
2025-01-16T02:20:14.930+02:00 TRACE 25984 --- [FirstSpring] [           main] s.b.a.e.w.s.WebMvcEndpointHandlerMapping : Register "{GET [/actuator/mappings], produces [application/vnd.spring-boot.actuator.v3+json || application/vnd.spring-boot.actuator.v2+json || application/json]}" to java.lang.Object org.springframework.boot.actuate.endpoint.web.servlet.AbstractWebMvcEndpointHandlerMapping$OperationHandler.handle(jakarta.servlet.http.HttpServletRequest,java.util.Map<java.lang.String, java.lang.String>)
2025-01-16T02:20:14.931+02:00 TRACE 25984 --- [FirstSpring] [           main] s.b.a.e.w.s.WebMvcEndpointHandlerMapping : Register "{GET [/actuator], produces [application/vnd.spring-boot.actuator.v3+json || application/vnd.spring-boot.actuator.v2+json || application/json]}" to public java.util.Map<java.lang.String, java.util.Map<java.lang.String, org.springframework.boot.actuate.endpoint.web.Link>> org.springframework.boot.actuate.endpoint.web.servlet.WebMvcEndpointHandlerMapping$WebMvcLinksHandler.links(jakarta.servlet.http.HttpServletRequest,jakarta.servlet.http.HttpServletResponse)
2025-01-16T02:20:14.933+02:00 TRACE 25984 --- [FirstSpring] [           main] o.s.b.f.s.DefaultListableBeanFactory     : Finished creating instance of bean 'webEndpointServletHandlerMapping'
2025-01-16T02:20:14.933+02:00 DEBUG 25984 --- [FirstSpring] [           main] o.s.b.f.s.DefaultListableBeanFactory     : Creating shared instance of singleton bean 'controllerEndpointHandlerMapping'
2025-01-16T02:20:14.933+02:00 TRACE 25984 --- [FirstSpring] [           main] o.s.b.f.s.DefaultListableBeanFactory     : Creating instance of bean 'controllerEndpointHandlerMapping'
2025-01-16T02:20:14.933+02:00 TRACE 25984 --- [FirstSpring] [           main] o.s.b.f.s.DefaultListableBeanFactory     : Returning cached instance of singleton bean 'org.springframework.boot.actuate.autoconfigure.endpoint.web.servlet.WebMvcEndpointManagementContextConfiguration'
2025-01-16T02:20:14.933+02:00 TRACE 25984 --- [FirstSpring] [           main] o.s.b.f.s.DefaultListableBeanFactory     : Returning cached instance of singleton bean 'controllerEndpointDiscoverer'
2025-01-16T02:20:14.934+02:00 TRACE 25984 --- [FirstSpring] [           main] o.s.b.f.s.DefaultListableBeanFactory     : Returning cached instance of singleton bean 'management.endpoints.web.cors-org.springframework.boot.actuate.autoconfigure.endpoint.web.CorsEndpointProperties'
2025-01-16T02:20:14.934+02:00 TRACE 25984 --- [FirstSpring] [           main] o.s.b.f.s.DefaultListableBeanFactory     : Returning cached instance of singleton bean 'management.endpoints.web-org.springframework.boot.actuate.autoconfigure.endpoint.web.WebEndpointProperties'
2025-01-16T02:20:14.934+02:00 TRACE 25984 --- [FirstSpring] [           main] o.s.b.f.s.DefaultListableBeanFactory     : Returning cached instance of singleton bean 'propertiesEndpointAccessResolver'
2025-01-16T02:20:14.934+02:00 DEBUG 25984 --- [FirstSpring] [           main] o.s.b.f.s.DefaultListableBeanFactory     : Autowiring by type from bean name 'controllerEndpointHandlerMapping' via factory method to bean named 'controllerEndpointDiscoverer'
2025-01-16T02:20:14.934+02:00 DEBUG 25984 --- [FirstSpring] [           main] o.s.b.f.s.DefaultListableBeanFactory     : Autowiring by type from bean name 'controllerEndpointHandlerMapping' via factory method to bean named 'management.endpoints.web.cors-org.springframework.boot.actuate.autoconfigure.endpoint.web.CorsEndpointProperties'
2025-01-16T02:20:14.934+02:00 DEBUG 25984 --- [FirstSpring] [           main] o.s.b.f.s.DefaultListableBeanFactory     : Autowiring by type from bean name 'controllerEndpointHandlerMapping' via factory method to bean named 'management.endpoints.web-org.springframework.boot.actuate.autoconfigure.endpoint.web.WebEndpointProperties'
2025-01-16T02:20:14.934+02:00 DEBUG 25984 --- [FirstSpring] [           main] o.s.b.f.s.DefaultListableBeanFactory     : Autowiring by type from bean name 'controllerEndpointHandlerMapping' via factory method to bean named 'propertiesEndpointAccessResolver'
2025-01-16T02:20:14.944+02:00 TRACE 25984 --- [FirstSpring] [           main] o.s.b.f.s.DefaultListableBeanFactory     : Invoking afterPropertiesSet() on bean with name 'controllerEndpointHandlerMapping'
2025-01-16T02:20:14.945+02:00 TRACE 25984 --- [FirstSpring] [           main] o.s.b.f.s.DefaultListableBeanFactory     : Finished creating instance of bean 'controllerEndpointHandlerMapping'
2025-01-16T02:20:14.945+02:00 TRACE 25984 --- [FirstSpring] [           main] o.s.b.f.s.DefaultListableBeanFactory     : Returning cached instance of singleton bean 'endpointObjectMapperWebMvcConfigurer'
2025-01-16T02:20:14.945+02:00 TRACE 25984 --- [FirstSpring] [           main] o.s.b.f.s.DefaultListableBeanFactory     : Returning cached instance of singleton bean 'management.endpoints.web.cors-org.springframework.boot.actuate.autoconfigure.endpoint.web.CorsEndpointProperties'
2025-01-16T02:20:14.945+02:00 DEBUG 25984 --- [FirstSpring] [           main] o.s.b.f.s.DefaultListableBeanFactory     : Creating shared instance of singleton bean 'org.springframework.boot.actuate.autoconfigure.web.server.ManagementContextAutoConfiguration$SameManagementContextConfiguration$EnableSameManagementContextConfiguration'
2025-01-16T02:20:14.945+02:00 TRACE 25984 --- [FirstSpring] [           main] o.s.b.f.s.DefaultListableBeanFactory     : Creating instance of bean 'org.springframework.boot.actuate.autoconfigure.web.server.ManagementContextAutoConfiguration$SameManagementContextConfiguration$EnableSameManagementContextConfiguration'
2025-01-16T02:20:14.946+02:00 TRACE 25984 --- [FirstSpring] [           main] o.s.b.f.s.DefaultListableBeanFactory     : Finished creating instance of bean 'org.springframework.boot.actuate.autoconfigure.web.server.ManagementContextAutoConfiguration$SameManagementContextConfiguration$EnableSameManagementContextConfiguration'
2025-01-16T02:20:14.946+02:00 DEBUG 25984 --- [FirstSpring] [           main] o.s.b.f.s.DefaultListableBeanFactory     : Creating shared instance of singleton bean 'org.springframework.boot.actuate.autoconfigure.web.server.ManagementContextAutoConfiguration$SameManagementContextConfiguration'
2025-01-16T02:20:14.946+02:00 TRACE 25984 --- [FirstSpring] [           main] o.s.b.f.s.DefaultListableBeanFactory     : Creating instance of bean 'org.springframework.boot.actuate.autoconfigure.web.server.ManagementContextAutoConfiguration$SameManagementContextConfiguration'
2025-01-16T02:20:14.946+02:00 TRACE 25984 --- [FirstSpring] [           main] o.s.b.f.s.DefaultListableBeanFactory     : Returning cached instance of singleton bean 'environment'
2025-01-16T02:20:14.946+02:00 DEBUG 25984 --- [FirstSpring] [           main] o.s.b.f.s.DefaultListableBeanFactory     : Autowiring by type from bean name 'org.springframework.boot.actuate.autoconfigure.web.server.ManagementContextAutoConfiguration$SameManagementContextConfiguration' via constructor to bean named 'environment'
2025-01-16T02:20:14.947+02:00 TRACE 25984 --- [FirstSpring] [           main] o.s.b.f.s.DefaultListableBeanFactory     : Finished creating instance of bean 'org.springframework.boot.actuate.autoconfigure.web.server.ManagementContextAutoConfiguration$SameManagementContextConfiguration'
2025-01-16T02:20:14.947+02:00 DEBUG 25984 --- [FirstSpring] [           main] o.s.b.f.s.DefaultListableBeanFactory     : Creating shared instance of singleton bean 'org.springframework.boot.actuate.autoconfigure.web.server.ManagementContextAutoConfiguration'
2025-01-16T02:20:14.947+02:00 TRACE 25984 --- [FirstSpring] [           main] o.s.b.f.s.DefaultListableBeanFactory     : Creating instance of bean 'org.springframework.boot.actuate.autoconfigure.web.server.ManagementContextAutoConfiguration'
2025-01-16T02:20:14.947+02:00 TRACE 25984 --- [FirstSpring] [           main] o.s.b.f.s.DefaultListableBeanFactory     : Finished creating instance of bean 'org.springframework.boot.actuate.autoconfigure.web.server.ManagementContextAutoConfiguration'
2025-01-16T02:20:14.947+02:00 DEBUG 25984 --- [FirstSpring] [           main] o.s.b.f.s.DefaultListableBeanFactory     : Creating shared instance of singleton bean 'management.server-org.springframework.boot.actuate.autoconfigure.web.server.ManagementServerProperties'
2025-01-16T02:20:14.947+02:00 TRACE 25984 --- [FirstSpring] [           main] o.s.b.f.s.DefaultListableBeanFactory     : Creating instance of bean 'management.server-org.springframework.boot.actuate.autoconfigure.web.server.ManagementServerProperties'
2025-01-16T02:20:14.948+02:00 TRACE 25984 --- [FirstSpring] [           main] o.s.b.f.s.DefaultListableBeanFactory     : Returning cached instance of singleton bean 'org.springframework.boot.context.properties.BoundConfigurationProperties'
2025-01-16T02:20:14.948+02:00 TRACE 25984 --- [FirstSpring] [           main] o.s.b.f.s.DefaultListableBeanFactory     : Finished creating instance of bean 'management.server-org.springframework.boot.actuate.autoconfigure.web.server.ManagementServerProperties'
2025-01-16T02:20:14.948+02:00 TRACE 25984 --- [FirstSpring] [           main] o.s.b.f.s.DefaultListableBeanFactory     : Returning cached instance of singleton bean 'org.springframework.aop.config.internalAutoProxyCreator'
2025-01-16T02:20:14.951+02:00 TRACE 25984 --- [FirstSpring] [           main] o.s.c.e.EventListenerMethodProcessor     : No @EventListener annotations found on bean class: com.courseSpring.FirstSpring.FirstSpringApplication$$SpringCGLIB$$0
2025-01-16T02:20:14.951+02:00 TRACE 25984 --- [FirstSpring] [           main] o.s.c.e.EventListenerMethodProcessor     : No @EventListener annotations found on bean class: com.courseSpring.FirstSpring.CourseController
2025-01-16T02:20:14.952+02:00 TRACE 25984 --- [FirstSpring] [           main] o.s.c.e.EventListenerMethodProcessor     : No @EventListener annotations found on bean class: com.courseSpring.FirstSpring.CurrencyConfigurationController
2025-01-16T02:20:14.952+02:00 TRACE 25984 --- [FirstSpring] [           main] o.s.c.e.EventListenerMethodProcessor     : No @EventListener annotations found on bean class: com.courseSpring.FirstSpring.CurrencyServiceConfiguration
2025-01-16T02:20:14.952+02:00 TRACE 25984 --- [FirstSpring] [           main] o.s.c.e.EventListenerMethodProcessor     : No @EventListener annotations found on bean class: org.springframework.boot.autoconfigure.context.PropertyPlaceholderAutoConfiguration
2025-01-16T02:20:14.952+02:00 TRACE 25984 --- [FirstSpring] [           main] o.s.c.e.EventListenerMethodProcessor     : No @EventListener annotations found on bean class: org.springframework.boot.autoconfigure.ssl.SslAutoConfiguration
2025-01-16T02:20:14.952+02:00 TRACE 25984 --- [FirstSpring] [           main] o.s.c.e.EventListenerMethodProcessor     : No @EventListener annotations found on bean class: org.springframework.boot.autoconfigure.websocket.servlet.WebSocketServletAutoConfiguration$TomcatWebSocketConfiguration
2025-01-16T02:20:14.952+02:00 TRACE 25984 --- [FirstSpring] [           main] o.s.c.e.EventListenerMethodProcessor     : No @EventListener annotations found on bean class: org.springframework.boot.autoconfigure.websocket.servlet.WebSocketServletAutoConfiguration
2025-01-16T02:20:14.952+02:00 TRACE 25984 --- [FirstSpring] [           main] o.s.c.e.EventListenerMethodProcessor     : No @EventListener annotations found on bean class: org.springframework.boot.autoconfigure.web.servlet.ServletWebServerFactoryConfiguration$EmbeddedTomcat
2025-01-16T02:20:14.952+02:00 TRACE 25984 --- [FirstSpring] [           main] o.s.c.e.EventListenerMethodProcessor     : No @EventListener annotations found on bean class: org.springframework.boot.autoconfigure.web.servlet.ServletWebServerFactoryAutoConfiguration
2025-01-16T02:20:14.952+02:00 TRACE 25984 --- [FirstSpring] [           main] o.s.c.e.EventListenerMethodProcessor     : No @EventListener annotations found on bean class: org.springframework.boot.autoconfigure.web.servlet.DispatcherServletAutoConfiguration$DispatcherServletConfiguration
2025-01-16T02:20:14.952+02:00 TRACE 25984 --- [FirstSpring] [           main] o.s.c.e.EventListenerMethodProcessor     : No @EventListener annotations found on bean class: org.springframework.boot.autoconfigure.web.servlet.DispatcherServletAutoConfiguration$DispatcherServletRegistrationConfiguration
2025-01-16T02:20:14.952+02:00 TRACE 25984 --- [FirstSpring] [           main] o.s.c.e.EventListenerMethodProcessor     : No @EventListener annotations found on bean class: org.springframework.boot.autoconfigure.web.servlet.DispatcherServletAutoConfiguration
2025-01-16T02:20:14.952+02:00 TRACE 25984 --- [FirstSpring] [           main] o.s.c.e.EventListenerMethodProcessor     : No @EventListener annotations found on bean class: org.springframework.boot.autoconfigure.task.TaskExecutorConfigurations$ThreadPoolTaskExecutorBuilderConfiguration
2025-01-16T02:20:14.952+02:00 TRACE 25984 --- [FirstSpring] [           main] o.s.c.e.EventListenerMethodProcessor     : No @EventListener annotations found on bean class: org.springframework.boot.autoconfigure.task.TaskExecutorConfigurations$SimpleAsyncTaskExecutorBuilderConfiguration
2025-01-16T02:20:14.952+02:00 TRACE 25984 --- [FirstSpring] [           main] o.s.c.e.EventListenerMethodProcessor     : No @EventListener annotations found on bean class: org.springframework.boot.autoconfigure.task.TaskExecutorConfigurations$TaskExecutorConfiguration
2025-01-16T02:20:14.952+02:00 TRACE 25984 --- [FirstSpring] [           main] o.s.c.e.EventListenerMethodProcessor     : No @EventListener annotations found on bean class: org.springframework.boot.autoconfigure.task.TaskExecutionAutoConfiguration
2025-01-16T02:20:14.952+02:00 TRACE 25984 --- [FirstSpring] [           main] o.s.c.e.EventListenerMethodProcessor     : No @EventListener annotations found on bean class: org.springframework.boot.autoconfigure.web.servlet.error.ErrorMvcAutoConfiguration$WhitelabelErrorViewConfiguration
2025-01-16T02:20:14.953+02:00 TRACE 25984 --- [FirstSpring] [           main] o.s.c.e.EventListenerMethodProcessor     : No @EventListener annotations found on bean class: org.springframework.boot.autoconfigure.web.servlet.error.ErrorMvcAutoConfiguration$DefaultErrorViewResolverConfiguration
2025-01-16T02:20:14.953+02:00 TRACE 25984 --- [FirstSpring] [           main] o.s.c.e.EventListenerMethodProcessor     : No @EventListener annotations found on bean class: org.springframework.boot.autoconfigure.web.servlet.error.ErrorMvcAutoConfiguration
2025-01-16T02:20:14.954+02:00 TRACE 25984 --- [FirstSpring] [           main] o.s.c.e.EventListenerMethodProcessor     : No @EventListener annotations found on bean class: org.springframework.boot.autoconfigure.web.servlet.error.BasicErrorController
2025-01-16T02:20:14.957+02:00 TRACE 25984 --- [FirstSpring] [           main] o.s.c.e.EventListenerMethodProcessor     : No @EventListener annotations found on bean class: org.springframework.boot.autoconfigure.web.servlet.WebMvcAutoConfiguration$EnableWebMvcConfiguration
2025-01-16T02:20:14.958+02:00 TRACE 25984 --- [FirstSpring] [           main] o.s.c.e.EventListenerMethodProcessor     : No @EventListener annotations found on bean class: org.springframework.boot.autoconfigure.web.servlet.WebMvcAutoConfiguration$WebMvcAutoConfigurationAdapter
2025-01-16T02:20:14.958+02:00 TRACE 25984 --- [FirstSpring] [           main] o.s.c.e.EventListenerMethodProcessor     : No @EventListener annotations found on bean class: org.springframework.boot.autoconfigure.web.servlet.WebMvcAutoConfiguration
2025-01-16T02:20:14.958+02:00 TRACE 25984 --- [FirstSpring] [           main] o.s.c.e.EventListenerMethodProcessor     : No @EventListener annotations found on bean class: org.springframework.boot.actuate.autoconfigure.audit.AuditEventsEndpointAutoConfiguration
2025-01-16T02:20:14.958+02:00 TRACE 25984 --- [FirstSpring] [           main] o.s.c.e.EventListenerMethodProcessor     : No @EventListener annotations found on bean class: org.springframework.boot.autoconfigure.availability.ApplicationAvailabilityAutoConfiguration
2025-01-16T02:20:14.958+02:00 TRACE 25984 --- [FirstSpring] [           main] o.s.c.e.EventListenerMethodProcessor     : No @EventListener annotations found on bean class: org.springframework.boot.actuate.autoconfigure.availability.AvailabilityHealthContributorAutoConfiguration
2025-01-16T02:20:14.959+02:00 TRACE 25984 --- [FirstSpring] [           main] o.s.c.e.EventListenerMethodProcessor     : No @EventListener annotations found on bean class: org.springframework.boot.actuate.autoconfigure.beans.BeansEndpointAutoConfiguration
2025-01-16T02:20:14.959+02:00 TRACE 25984 --- [FirstSpring] [           main] o.s.c.e.EventListenerMethodProcessor     : No @EventListener annotations found on bean class: org.springframework.boot.autoconfigure.jackson.JacksonAutoConfiguration$Jackson2ObjectMapperBuilderCustomizerConfiguration
2025-01-16T02:20:14.959+02:00 TRACE 25984 --- [FirstSpring] [           main] o.s.c.e.EventListenerMethodProcessor     : No @EventListener annotations found on bean class: org.springframework.boot.autoconfigure.jackson.JacksonAutoConfiguration$JacksonObjectMapperBuilderConfiguration
2025-01-16T02:20:14.959+02:00 TRACE 25984 --- [FirstSpring] [           main] o.s.c.e.EventListenerMethodProcessor     : No @EventListener annotations found on bean class: org.springframework.boot.autoconfigure.jackson.JacksonAutoConfiguration$ParameterNamesModuleConfiguration
2025-01-16T02:20:14.960+02:00 TRACE 25984 --- [FirstSpring] [           main] o.s.c.e.EventListenerMethodProcessor     : No @EventListener annotations found on bean class: com.fasterxml.jackson.module.paramnames.ParameterNamesModule
2025-01-16T02:20:14.960+02:00 TRACE 25984 --- [FirstSpring] [           main] o.s.c.e.EventListenerMethodProcessor     : No @EventListener annotations found on bean class: org.springframework.boot.autoconfigure.jackson.JacksonAutoConfiguration$JacksonObjectMapperConfiguration
2025-01-16T02:20:14.961+02:00 TRACE 25984 --- [FirstSpring] [           main] o.s.c.e.EventListenerMethodProcessor     : No @EventListener annotations found on bean class: com.fasterxml.jackson.databind.ObjectMapper
2025-01-16T02:20:14.961+02:00 TRACE 25984 --- [FirstSpring] [           main] o.s.c.e.EventListenerMethodProcessor     : No @EventListener annotations found on bean class: org.springframework.boot.autoconfigure.jackson.JacksonAutoConfiguration$JacksonMixinConfiguration
2025-01-16T02:20:14.961+02:00 TRACE 25984 --- [FirstSpring] [           main] o.s.c.e.EventListenerMethodProcessor     : No @EventListener annotations found on bean class: org.springframework.boot.autoconfigure.jackson.JacksonAutoConfiguration
2025-01-16T02:20:14.961+02:00 TRACE 25984 --- [FirstSpring] [           main] o.s.c.e.EventListenerMethodProcessor     : No @EventListener annotations found on bean class: org.springframework.boot.actuate.autoconfigure.cache.CachesEndpointAutoConfiguration
2025-01-16T02:20:14.962+02:00 TRACE 25984 --- [FirstSpring] [           main] o.s.c.e.EventListenerMethodProcessor     : No @EventListener annotations found on bean class: org.springframework.boot.actuate.autoconfigure.health.HealthEndpointConfiguration
2025-01-16T02:20:14.962+02:00 TRACE 25984 --- [FirstSpring] [           main] o.s.c.e.EventListenerMethodProcessor     : No @EventListener annotations found on bean class: org.springframework.boot.actuate.autoconfigure.health.HealthEndpointWebExtensionConfiguration
2025-01-16T02:20:14.962+02:00 TRACE 25984 --- [FirstSpring] [           main] o.s.c.e.EventListenerMethodProcessor     : No @EventListener annotations found on bean class: org.springframework.boot.actuate.autoconfigure.health.HealthEndpointAutoConfiguration
2025-01-16T02:20:14.962+02:00 TRACE 25984 --- [FirstSpring] [           main] o.s.c.e.EventListenerMethodProcessor     : No @EventListener annotations found on bean class: org.springframework.boot.autoconfigure.info.ProjectInfoAutoConfiguration
2025-01-16T02:20:14.962+02:00 TRACE 25984 --- [FirstSpring] [           main] o.s.c.e.EventListenerMethodProcessor     : No @EventListener annotations found on bean class: org.springframework.boot.actuate.autoconfigure.info.InfoContributorAutoConfiguration
2025-01-16T02:20:14.962+02:00 TRACE 25984 --- [FirstSpring] [           main] o.s.c.e.EventListenerMethodProcessor     : No @EventListener annotations found on bean class: org.springframework.boot.actuate.autoconfigure.info.InfoEndpointAutoConfiguration
2025-01-16T02:20:14.962+02:00 TRACE 25984 --- [FirstSpring] [           main] o.s.c.e.EventListenerMethodProcessor     : No @EventListener annotations found on bean class: org.springframework.boot.actuate.autoconfigure.web.servlet.ServletManagementContextAutoConfiguration
2025-01-16T02:20:14.962+02:00 TRACE 25984 --- [FirstSpring] [           main] o.s.c.e.EventListenerMethodProcessor     : No @EventListener annotations found on bean class: org.springframework.boot.actuate.autoconfigure.condition.ConditionsReportEndpointAutoConfiguration
2025-01-16T02:20:14.962+02:00 TRACE 25984 --- [FirstSpring] [           main] o.s.c.e.EventListenerMethodProcessor     : No @EventListener annotations found on bean class: org.springframework.boot.actuate.autoconfigure.context.properties.ConfigurationPropertiesReportEndpointAutoConfiguration
2025-01-16T02:20:14.962+02:00 TRACE 25984 --- [FirstSpring] [           main] o.s.c.e.EventListenerMethodProcessor     : No @EventListener annotations found on bean class: org.springframework.boot.actuate.autoconfigure.endpoint.EndpointAutoConfiguration
2025-01-16T02:20:14.962+02:00 TRACE 25984 --- [FirstSpring] [           main] o.s.c.e.EventListenerMethodProcessor     : No @EventListener annotations found on bean class: org.springframework.boot.actuate.autoconfigure.endpoint.jackson.JacksonEndpointAutoConfiguration
2025-01-16T02:20:14.962+02:00 TRACE 25984 --- [FirstSpring] [           main] o.s.c.e.EventListenerMethodProcessor     : No @EventListener annotations found on bean class: org.springframework.boot.actuate.autoconfigure.endpoint.web.WebEndpointAutoConfiguration$WebEndpointServletConfiguration
2025-01-16T02:20:14.962+02:00 TRACE 25984 --- [FirstSpring] [           main] o.s.c.e.EventListenerMethodProcessor     : No @EventListener annotations found on bean class: org.springframework.boot.actuate.autoconfigure.endpoint.web.WebEndpointAutoConfiguration
2025-01-16T02:20:14.962+02:00 TRACE 25984 --- [FirstSpring] [           main] o.s.c.e.EventListenerMethodProcessor     : No @EventListener annotations found on bean class: org.springframework.boot.actuate.autoconfigure.env.EnvironmentEndpointAutoConfiguration
2025-01-16T02:20:14.962+02:00 TRACE 25984 --- [FirstSpring] [           main] o.s.c.e.EventListenerMethodProcessor     : No @EventListener annotations found on bean class: org.springframework.boot.actuate.autoconfigure.ssl.SslHealthContributorAutoConfiguration
2025-01-16T02:20:14.962+02:00 TRACE 25984 --- [FirstSpring] [           main] o.s.c.e.EventListenerMethodProcessor     : No @EventListener annotations found on bean class: org.springframework.boot.actuate.autoconfigure.system.DiskSpaceHealthContributorAutoConfiguration
2025-01-16T02:20:14.962+02:00 TRACE 25984 --- [FirstSpring] [           main] o.s.c.e.EventListenerMethodProcessor     : No @EventListener annotations found on bean class: org.springframework.boot.actuate.autoconfigure.health.HealthContributorAutoConfiguration
2025-01-16T02:20:14.962+02:00 TRACE 25984 --- [FirstSpring] [           main] o.s.c.e.EventListenerMethodProcessor     : No @EventListener annotations found on bean class: org.springframework.boot.actuate.autoconfigure.logging.LogFileWebEndpointAutoConfiguration
2025-01-16T02:20:14.962+02:00 TRACE 25984 --- [FirstSpring] [           main] o.s.c.e.EventListenerMethodProcessor     : No @EventListener annotations found on bean class: org.springframework.boot.actuate.autoconfigure.logging.LoggersEndpointAutoConfiguration
2025-01-16T02:20:14.962+02:00 TRACE 25984 --- [FirstSpring] [           main] o.s.c.e.EventListenerMethodProcessor     : No @EventListener annotations found on bean class: org.springframework.boot.actuate.autoconfigure.management.HeapDumpWebEndpointAutoConfiguration
2025-01-16T02:20:14.962+02:00 TRACE 25984 --- [FirstSpring] [           main] o.s.c.e.EventListenerMethodProcessor     : No @EventListener annotations found on bean class: org.springframework.boot.actuate.autoconfigure.management.ThreadDumpEndpointAutoConfiguration
2025-01-16T02:20:14.962+02:00 TRACE 25984 --- [FirstSpring] [           main] o.s.c.e.EventListenerMethodProcessor     : No @EventListener annotations found on bean class: org.springframework.boot.actuate.autoconfigure.metrics.MetricsAutoConfiguration
2025-01-16T02:20:14.963+02:00 TRACE 25984 --- [FirstSpring] [           main] o.s.c.e.EventListenerMethodProcessor     : No @EventListener annotations found on bean class: io.micrometer.core.instrument.Clock$1
2025-01-16T02:20:14.963+02:00 TRACE 25984 --- [FirstSpring] [           main] o.s.c.e.EventListenerMethodProcessor     : No @EventListener annotations found on bean class: org.springframework.boot.actuate.autoconfigure.metrics.export.simple.SimpleMetricsExportAutoConfiguration
2025-01-16T02:20:14.963+02:00 TRACE 25984 --- [FirstSpring] [           main] o.s.c.e.EventListenerMethodProcessor     : No @EventListener annotations found on bean class: io.micrometer.core.instrument.simple.SimpleMeterRegistry
2025-01-16T02:20:14.964+02:00 TRACE 25984 --- [FirstSpring] [           main] o.s.c.e.EventListenerMethodProcessor     : No @EventListener annotations found on bean class: org.springframework.boot.actuate.autoconfigure.metrics.CompositeMeterRegistryAutoConfiguration
2025-01-16T02:20:14.964+02:00 TRACE 25984 --- [FirstSpring] [           main] o.s.c.e.EventListenerMethodProcessor     : No @EventListener annotations found on bean class: org.springframework.boot.actuate.autoconfigure.metrics.JvmMetricsAutoConfiguration
2025-01-16T02:20:14.964+02:00 TRACE 25984 --- [FirstSpring] [           main] o.s.c.e.EventListenerMethodProcessor     : No @EventListener annotations found on bean class: io.micrometer.core.instrument.binder.jvm.JvmGcMetrics
2025-01-16T02:20:14.964+02:00 TRACE 25984 --- [FirstSpring] [           main] o.s.c.e.EventListenerMethodProcessor     : No @EventListener annotations found on bean class: io.micrometer.core.instrument.binder.jvm.JvmHeapPressureMetrics
2025-01-16T02:20:14.964+02:00 TRACE 25984 --- [FirstSpring] [           main] o.s.c.e.EventListenerMethodProcessor     : No @EventListener annotations found on bean class: io.micrometer.core.instrument.binder.jvm.JvmMemoryMetrics
2025-01-16T02:20:14.964+02:00 TRACE 25984 --- [FirstSpring] [           main] o.s.c.e.EventListenerMethodProcessor     : No @EventListener annotations found on bean class: io.micrometer.core.instrument.binder.jvm.JvmThreadMetrics
2025-01-16T02:20:14.964+02:00 TRACE 25984 --- [FirstSpring] [           main] o.s.c.e.EventListenerMethodProcessor     : No @EventListener annotations found on bean class: io.micrometer.core.instrument.binder.jvm.ClassLoaderMetrics
2025-01-16T02:20:14.964+02:00 TRACE 25984 --- [FirstSpring] [           main] o.s.c.e.EventListenerMethodProcessor     : No @EventListener annotations found on bean class: io.micrometer.core.instrument.binder.jvm.JvmInfoMetrics
2025-01-16T02:20:14.964+02:00 TRACE 25984 --- [FirstSpring] [           main] o.s.c.e.EventListenerMethodProcessor     : No @EventListener annotations found on bean class: io.micrometer.core.instrument.binder.jvm.JvmCompilationMetrics
2025-01-16T02:20:14.964+02:00 TRACE 25984 --- [FirstSpring] [           main] o.s.c.e.EventListenerMethodProcessor     : No @EventListener annotations found on bean class: org.springframework.boot.actuate.autoconfigure.metrics.LogbackMetricsAutoConfiguration
2025-01-16T02:20:14.964+02:00 TRACE 25984 --- [FirstSpring] [           main] o.s.c.e.EventListenerMethodProcessor     : No @EventListener annotations found on bean class: io.micrometer.core.instrument.binder.logging.LogbackMetrics
2025-01-16T02:20:14.964+02:00 TRACE 25984 --- [FirstSpring] [           main] o.s.c.e.EventListenerMethodProcessor     : No @EventListener annotations found on bean class: org.springframework.boot.actuate.autoconfigure.metrics.MetricsEndpointAutoConfiguration
2025-01-16T02:20:14.964+02:00 TRACE 25984 --- [FirstSpring] [           main] o.s.c.e.EventListenerMethodProcessor     : No @EventListener annotations found on bean class: org.springframework.boot.actuate.autoconfigure.metrics.SystemMetricsAutoConfiguration
2025-01-16T02:20:14.964+02:00 TRACE 25984 --- [FirstSpring] [           main] o.s.c.e.EventListenerMethodProcessor     : No @EventListener annotations found on bean class: io.micrometer.core.instrument.binder.system.UptimeMetrics
2025-01-16T02:20:14.964+02:00 TRACE 25984 --- [FirstSpring] [           main] o.s.c.e.EventListenerMethodProcessor     : No @EventListener annotations found on bean class: io.micrometer.core.instrument.binder.system.ProcessorMetrics
2025-01-16T02:20:14.964+02:00 TRACE 25984 --- [FirstSpring] [           main] o.s.c.e.EventListenerMethodProcessor     : No @EventListener annotations found on bean class: io.micrometer.core.instrument.binder.system.FileDescriptorMetrics
2025-01-16T02:20:14.964+02:00 TRACE 25984 --- [FirstSpring] [           main] o.s.c.e.EventListenerMethodProcessor     : No @EventListener annotations found on bean class: org.springframework.boot.actuate.autoconfigure.metrics.integration.IntegrationMetricsAutoConfiguration
2025-01-16T02:20:14.965+02:00 TRACE 25984 --- [FirstSpring] [           main] o.s.c.e.EventListenerMethodProcessor     : No @EventListener annotations found on bean class: org.springframework.boot.actuate.autoconfigure.metrics.startup.StartupTimeMetricsListenerAutoConfiguration
2025-01-16T02:20:14.965+02:00 TRACE 25984 --- [FirstSpring] [           main] o.s.c.e.EventListenerMethodProcessor     : No @EventListener annotations found on bean class: org.springframework.boot.autoconfigure.task.TaskSchedulingConfigurations$ThreadPoolTaskSchedulerBuilderConfiguration
2025-01-16T02:20:14.966+02:00 TRACE 25984 --- [FirstSpring] [           main] o.s.c.e.EventListenerMethodProcessor     : No @EventListener annotations found on bean class: org.springframework.boot.autoconfigure.task.TaskSchedulingConfigurations$SimpleAsyncTaskSchedulerBuilderConfiguration
2025-01-16T02:20:14.966+02:00 TRACE 25984 --- [FirstSpring] [           main] o.s.c.e.EventListenerMethodProcessor     : No @EventListener annotations found on bean class: org.springframework.boot.autoconfigure.task.TaskSchedulingAutoConfiguration
2025-01-16T02:20:14.966+02:00 TRACE 25984 --- [FirstSpring] [           main] o.s.c.e.EventListenerMethodProcessor     : No @EventListener annotations found on bean class: org.springframework.boot.actuate.autoconfigure.metrics.task.TaskExecutorMetricsAutoConfiguration
2025-01-16T02:20:14.966+02:00 TRACE 25984 --- [FirstSpring] [           main] o.s.c.e.EventListenerMethodProcessor     : No @EventListener annotations found on bean class: org.springframework.boot.actuate.autoconfigure.metrics.web.tomcat.TomcatMetricsAutoConfiguration
2025-01-16T02:20:14.966+02:00 TRACE 25984 --- [FirstSpring] [           main] o.s.c.e.EventListenerMethodProcessor     : No @EventListener annotations found on bean class: org.springframework.boot.actuate.autoconfigure.observation.ObservationAutoConfiguration$MeterObservationHandlerConfiguration$OnlyMetricsMeterObservationHandlerConfiguration
2025-01-16T02:20:14.966+02:00 TRACE 25984 --- [FirstSpring] [           main] o.s.c.e.EventListenerMethodProcessor     : No @EventListener annotations found on bean class: io.micrometer.core.instrument.observation.DefaultMeterObservationHandler
2025-01-16T02:20:14.966+02:00 TRACE 25984 --- [FirstSpring] [           main] o.s.c.e.EventListenerMethodProcessor     : No @EventListener annotations found on bean class: org.springframework.boot.actuate.autoconfigure.observation.ObservationAutoConfiguration$MeterObservationHandlerConfiguration
2025-01-16T02:20:14.966+02:00 TRACE 25984 --- [FirstSpring] [           main] o.s.c.e.EventListenerMethodProcessor     : No @EventListener annotations found on bean class: org.springframework.boot.actuate.autoconfigure.observation.ObservationAutoConfiguration$OnlyMetricsConfiguration
2025-01-16T02:20:14.966+02:00 TRACE 25984 --- [FirstSpring] [           main] o.s.c.e.EventListenerMethodProcessor     : No @EventListener annotations found on bean class: org.springframework.boot.actuate.autoconfigure.observation.ObservationAutoConfiguration
2025-01-16T02:20:14.966+02:00 TRACE 25984 --- [FirstSpring] [           main] o.s.c.e.EventListenerMethodProcessor     : No @EventListener annotations found on bean class: io.micrometer.observation.SimpleObservationRegistry
2025-01-16T02:20:14.966+02:00 TRACE 25984 --- [FirstSpring] [           main] o.s.c.e.EventListenerMethodProcessor     : No @EventListener annotations found on bean class: org.springframework.boot.autoconfigure.http.HttpMessageConvertersAutoConfiguration$StringHttpMessageConverterConfiguration
2025-01-16T02:20:14.966+02:00 TRACE 25984 --- [FirstSpring] [           main] o.s.c.e.EventListenerMethodProcessor     : No @EventListener annotations found on bean class: org.springframework.boot.autoconfigure.http.JacksonHttpMessageConvertersConfiguration$MappingJackson2HttpMessageConverterConfiguration
2025-01-16T02:20:14.966+02:00 TRACE 25984 --- [FirstSpring] [           main] o.s.c.e.EventListenerMethodProcessor     : No @EventListener annotations found on bean class: org.springframework.boot.autoconfigure.http.JacksonHttpMessageConvertersConfiguration
2025-01-16T02:20:14.966+02:00 TRACE 25984 --- [FirstSpring] [           main] o.s.c.e.EventListenerMethodProcessor     : No @EventListener annotations found on bean class: org.springframework.boot.autoconfigure.http.HttpMessageConvertersAutoConfiguration
2025-01-16T02:20:14.967+02:00 TRACE 25984 --- [FirstSpring] [           main] o.s.c.e.EventListenerMethodProcessor     : No @EventListener annotations found on bean class: org.springframework.boot.autoconfigure.http.client.HttpClientAutoConfiguration
2025-01-16T02:20:14.967+02:00 TRACE 25984 --- [FirstSpring] [           main] o.s.c.e.EventListenerMethodProcessor     : No @EventListener annotations found on bean class: org.springframework.boot.autoconfigure.web.client.RestClientAutoConfiguration
2025-01-16T02:20:14.967+02:00 TRACE 25984 --- [FirstSpring] [           main] o.s.c.e.EventListenerMethodProcessor     : No @EventListener annotations found on bean class: org.springframework.boot.autoconfigure.web.client.RestTemplateAutoConfiguration
2025-01-16T02:20:14.967+02:00 TRACE 25984 --- [FirstSpring] [           main] o.s.c.e.EventListenerMethodProcessor     : No @EventListener annotations found on bean class: org.springframework.boot.actuate.autoconfigure.observation.web.client.HttpClientObservationsAutoConfiguration$MeterFilterConfiguration
2025-01-16T02:20:14.967+02:00 TRACE 25984 --- [FirstSpring] [           main] o.s.c.e.EventListenerMethodProcessor     : No @EventListener annotations found on bean class: io.micrometer.core.instrument.config.MeterFilter$9
2025-01-16T02:20:14.967+02:00 TRACE 25984 --- [FirstSpring] [           main] o.s.c.e.EventListenerMethodProcessor     : No @EventListener annotations found on bean class: org.springframework.boot.actuate.autoconfigure.observation.web.client.RestTemplateObservationConfiguration
2025-01-16T02:20:14.968+02:00 TRACE 25984 --- [FirstSpring] [           main] o.s.c.e.EventListenerMethodProcessor     : No @EventListener annotations found on bean class: org.springframework.boot.actuate.autoconfigure.observation.web.client.RestClientObservationConfiguration
2025-01-16T02:20:14.968+02:00 TRACE 25984 --- [FirstSpring] [           main] o.s.c.e.EventListenerMethodProcessor     : No @EventListener annotations found on bean class: org.springframework.boot.actuate.autoconfigure.observation.web.client.HttpClientObservationsAutoConfiguration
2025-01-16T02:20:14.968+02:00 TRACE 25984 --- [FirstSpring] [           main] o.s.c.e.EventListenerMethodProcessor     : No @EventListener annotations found on bean class: org.springframework.boot.actuate.autoconfigure.observation.web.servlet.WebMvcObservationAutoConfiguration$MeterFilterConfiguration
2025-01-16T02:20:14.968+02:00 TRACE 25984 --- [FirstSpring] [           main] o.s.c.e.EventListenerMethodProcessor     : No @EventListener annotations found on bean class: org.springframework.boot.actuate.autoconfigure.observation.web.servlet.WebMvcObservationAutoConfiguration
2025-01-16T02:20:14.968+02:00 TRACE 25984 --- [FirstSpring] [           main] o.s.c.e.EventListenerMethodProcessor     : No @EventListener annotations found on bean class: org.springframework.boot.actuate.autoconfigure.sbom.SbomEndpointAutoConfiguration
2025-01-16T02:20:14.968+02:00 TRACE 25984 --- [FirstSpring] [           main] o.s.c.e.EventListenerMethodProcessor     : No @EventListener annotations found on bean class: org.springframework.boot.actuate.autoconfigure.scheduling.ScheduledTasksEndpointAutoConfiguration
2025-01-16T02:20:14.968+02:00 TRACE 25984 --- [FirstSpring] [           main] o.s.c.e.EventListenerMethodProcessor     : No @EventListener annotations found on bean class: org.springframework.boot.actuate.autoconfigure.scheduling.ScheduledTasksObservabilityAutoConfiguration
2025-01-16T02:20:14.968+02:00 TRACE 25984 --- [FirstSpring] [           main] o.s.c.e.EventListenerMethodProcessor     : No @EventListener annotations found on bean class: org.springframework.boot.actuate.autoconfigure.web.exchanges.HttpExchangesEndpointAutoConfiguration
2025-01-16T02:20:14.968+02:00 TRACE 25984 --- [FirstSpring] [           main] o.s.c.e.EventListenerMethodProcessor     : No @EventListener annotations found on bean class: org.springframework.boot.actuate.autoconfigure.web.mappings.MappingsEndpointAutoConfiguration$ServletWebConfiguration$SpringMvcConfiguration
2025-01-16T02:20:14.968+02:00 TRACE 25984 --- [FirstSpring] [           main] o.s.c.e.EventListenerMethodProcessor     : No @EventListener annotations found on bean class: org.springframework.boot.actuate.autoconfigure.web.mappings.MappingsEndpointAutoConfiguration$ServletWebConfiguration
2025-01-16T02:20:14.968+02:00 TRACE 25984 --- [FirstSpring] [           main] o.s.c.e.EventListenerMethodProcessor     : No @EventListener annotations found on bean class: org.springframework.boot.actuate.autoconfigure.web.mappings.MappingsEndpointAutoConfiguration
2025-01-16T02:20:14.968+02:00 TRACE 25984 --- [FirstSpring] [           main] o.s.c.e.EventListenerMethodProcessor     : No @EventListener annotations found on bean class: org.springframework.boot.autoconfigure.aop.AopAutoConfiguration$ClassProxyingConfiguration
2025-01-16T02:20:14.968+02:00 TRACE 25984 --- [FirstSpring] [           main] o.s.c.e.EventListenerMethodProcessor     : No @EventListener annotations found on bean class: org.springframework.boot.autoconfigure.aop.AopAutoConfiguration
2025-01-16T02:20:14.968+02:00 TRACE 25984 --- [FirstSpring] [           main] o.s.c.e.EventListenerMethodProcessor     : No @EventListener annotations found on bean class: org.springframework.boot.autoconfigure.context.ConfigurationPropertiesAutoConfiguration
2025-01-16T02:20:14.968+02:00 TRACE 25984 --- [FirstSpring] [           main] o.s.c.e.EventListenerMethodProcessor     : No @EventListener annotations found on bean class: org.springframework.boot.autoconfigure.context.LifecycleAutoConfiguration
2025-01-16T02:20:14.968+02:00 TRACE 25984 --- [FirstSpring] [           main] o.s.c.e.EventListenerMethodProcessor     : No @EventListener annotations found on bean class: org.springframework.boot.autoconfigure.sql.init.SqlInitializationAutoConfiguration
2025-01-16T02:20:14.968+02:00 TRACE 25984 --- [FirstSpring] [           main] o.s.c.e.EventListenerMethodProcessor     : No @EventListener annotations found on bean class: org.springframework.boot.autoconfigure.web.servlet.HttpEncodingAutoConfiguration
2025-01-16T02:20:14.968+02:00 TRACE 25984 --- [FirstSpring] [           main] o.s.c.e.EventListenerMethodProcessor     : No @EventListener annotations found on bean class: org.springframework.boot.autoconfigure.web.servlet.MultipartAutoConfiguration
2025-01-16T02:20:14.969+02:00 TRACE 25984 --- [FirstSpring] [           main] o.s.c.e.EventListenerMethodProcessor     : No @EventListener annotations found on bean class: jakarta.servlet.MultipartConfigElement
2025-01-16T02:20:14.969+02:00 TRACE 25984 --- [FirstSpring] [           main] o.s.c.e.EventListenerMethodProcessor     : No @EventListener annotations found on bean class: org.springframework.boot.actuate.autoconfigure.endpoint.web.ServletEndpointManagementContextConfiguration$WebMvcServletEndpointManagementContextConfiguration
2025-01-16T02:20:14.969+02:00 TRACE 25984 --- [FirstSpring] [           main] o.s.c.e.EventListenerMethodProcessor     : No @EventListener annotations found on bean class: org.springframework.boot.actuate.autoconfigure.endpoint.web.ServletEndpointManagementContextConfiguration
2025-01-16T02:20:14.969+02:00 TRACE 25984 --- [FirstSpring] [           main] o.s.c.e.EventListenerMethodProcessor     : No @EventListener annotations found on bean class: org.springframework.boot.actuate.autoconfigure.endpoint.web.servlet.WebMvcEndpointManagementContextConfiguration
2025-01-16T02:20:14.969+02:00 TRACE 25984 --- [FirstSpring] [           main] o.s.c.e.EventListenerMethodProcessor     : No @EventListener annotations found on bean class: org.springframework.boot.actuate.autoconfigure.web.server.ManagementContextAutoConfiguration$SameManagementContextConfiguration$EnableSameManagementContextConfiguration
2025-01-16T02:20:14.969+02:00 TRACE 25984 --- [FirstSpring] [           main] o.s.c.e.EventListenerMethodProcessor     : No @EventListener annotations found on bean class: org.springframework.boot.actuate.autoconfigure.web.server.ManagementContextAutoConfiguration$SameManagementContextConfiguration
2025-01-16T02:20:14.969+02:00 TRACE 25984 --- [FirstSpring] [           main] o.s.c.e.EventListenerMethodProcessor     : No @EventListener annotations found on bean class: org.springframework.boot.actuate.autoconfigure.web.server.ManagementContextAutoConfiguration
2025-01-16T02:20:14.971+02:00 TRACE 25984 --- [FirstSpring] [           main] o.s.b.f.s.DefaultListableBeanFactory     : Returning cached instance of singleton bean 'jvmGcMetrics'
2025-01-16T02:20:14.971+02:00 TRACE 25984 --- [FirstSpring] [           main] o.s.b.f.s.DefaultListableBeanFactory     : Returning cached instance of singleton bean 'jvmHeapPressureMetrics'
2025-01-16T02:20:14.971+02:00 TRACE 25984 --- [FirstSpring] [           main] o.s.b.f.s.DefaultListableBeanFactory     : Returning cached instance of singleton bean 'jvmMemoryMetrics'
2025-01-16T02:20:14.971+02:00 TRACE 25984 --- [FirstSpring] [           main] o.s.b.f.s.DefaultListableBeanFactory     : Returning cached instance of singleton bean 'jvmThreadMetrics'
2025-01-16T02:20:14.971+02:00 TRACE 25984 --- [FirstSpring] [           main] o.s.b.f.s.DefaultListableBeanFactory     : Returning cached instance of singleton bean 'classLoaderMetrics'
2025-01-16T02:20:14.971+02:00 TRACE 25984 --- [FirstSpring] [           main] o.s.b.f.s.DefaultListableBeanFactory     : Returning cached instance of singleton bean 'jvmInfoMetrics'
2025-01-16T02:20:14.971+02:00 TRACE 25984 --- [FirstSpring] [           main] o.s.b.f.s.DefaultListableBeanFactory     : Returning cached instance of singleton bean 'jvmCompilationMetrics'
2025-01-16T02:20:14.971+02:00 TRACE 25984 --- [FirstSpring] [           main] o.s.b.f.s.DefaultListableBeanFactory     : Returning cached instance of singleton bean 'logbackMetrics'
2025-01-16T02:20:14.971+02:00 TRACE 25984 --- [FirstSpring] [           main] o.s.b.f.s.DefaultListableBeanFactory     : Returning cached instance of singleton bean 'uptimeMetrics'
2025-01-16T02:20:14.971+02:00 TRACE 25984 --- [FirstSpring] [           main] o.s.b.f.s.DefaultListableBeanFactory     : Returning cached instance of singleton bean 'processorMetrics'
2025-01-16T02:20:14.971+02:00 TRACE 25984 --- [FirstSpring] [           main] o.s.b.f.s.DefaultListableBeanFactory     : Returning cached instance of singleton bean 'fileDescriptorMetrics'
2025-01-16T02:20:14.971+02:00 TRACE 25984 --- [FirstSpring] [           main] o.s.b.f.s.DefaultListableBeanFactory     : Returning cached instance of singleton bean 'diskSpaceMetrics'
2025-01-16T02:20:14.972+02:00 TRACE 25984 --- [FirstSpring] [           main] o.s.b.f.s.DefaultListableBeanFactory     : Returning cached instance of singleton bean 'jvmGcMetrics'
2025-01-16T02:20:14.972+02:00 TRACE 25984 --- [FirstSpring] [           main] o.s.b.f.s.DefaultListableBeanFactory     : Returning cached instance of singleton bean 'jvmHeapPressureMetrics'
2025-01-16T02:20:14.972+02:00 TRACE 25984 --- [FirstSpring] [           main] o.s.b.f.s.DefaultListableBeanFactory     : Returning cached instance of singleton bean 'jvmMemoryMetrics'
2025-01-16T02:20:14.972+02:00 TRACE 25984 --- [FirstSpring] [           main] o.s.b.f.s.DefaultListableBeanFactory     : Returning cached instance of singleton bean 'jvmThreadMetrics'
2025-01-16T02:20:14.972+02:00 TRACE 25984 --- [FirstSpring] [           main] o.s.b.f.s.DefaultListableBeanFactory     : Returning cached instance of singleton bean 'classLoaderMetrics'
2025-01-16T02:20:14.972+02:00 TRACE 25984 --- [FirstSpring] [           main] o.s.b.f.s.DefaultListableBeanFactory     : Returning cached instance of singleton bean 'jvmInfoMetrics'
2025-01-16T02:20:14.972+02:00 TRACE 25984 --- [FirstSpring] [           main] o.s.b.f.s.DefaultListableBeanFactory     : Returning cached instance of singleton bean 'jvmCompilationMetrics'
2025-01-16T02:20:14.972+02:00 TRACE 25984 --- [FirstSpring] [           main] o.s.b.f.s.DefaultListableBeanFactory     : Returning cached instance of singleton bean 'logbackMetrics'
2025-01-16T02:20:14.972+02:00 TRACE 25984 --- [FirstSpring] [           main] o.s.b.f.s.DefaultListableBeanFactory     : Returning cached instance of singleton bean 'uptimeMetrics'
2025-01-16T02:20:14.972+02:00 TRACE 25984 --- [FirstSpring] [           main] o.s.b.f.s.DefaultListableBeanFactory     : Returning cached instance of singleton bean 'processorMetrics'
2025-01-16T02:20:14.972+02:00 TRACE 25984 --- [FirstSpring] [           main] o.s.b.f.s.DefaultListableBeanFactory     : Returning cached instance of singleton bean 'fileDescriptorMetrics'
2025-01-16T02:20:14.972+02:00 TRACE 25984 --- [FirstSpring] [           main] o.s.b.f.s.DefaultListableBeanFactory     : Returning cached instance of singleton bean 'diskSpaceMetrics'
2025-01-16T02:20:14.999+02:00 TRACE 25984 --- [FirstSpring] [           main] o.s.b.f.s.DefaultListableBeanFactory     : Returning cached instance of singleton bean 'lifecycleProcessor'
2025-01-16T02:20:14.999+02:00 TRACE 25984 --- [FirstSpring] [           main] o.s.w.c.s.GenericWebApplicationContext   : Using LifecycleProcessor [org.springframework.context.support.DefaultLifecycleProcessor@5785e813]
2025-01-16T02:20:15.000+02:00 TRACE 25984 --- [FirstSpring] [           main] o.s.b.f.s.DefaultListableBeanFactory     : Returning cached instance of singleton bean 'applicationTaskExecutor'
2025-01-16T02:20:15.000+02:00 TRACE 25984 --- [FirstSpring] [           main] o.s.b.f.s.DefaultListableBeanFactory     : Returning cached instance of singleton bean 'lifecycleProcessor'
2025-01-16T02:20:15.000+02:00 TRACE 25984 --- [FirstSpring] [           main] o.s.b.f.s.DefaultListableBeanFactory     : Returning cached instance of singleton bean 'springBootLoggingLifecycle'
2025-01-16T02:20:15.002+02:00 DEBUG 25984 --- [FirstSpring] [           main] o.s.c.support.DefaultLifecycleProcessor  : Starting beans in phase -2147483647
2025-01-16T02:20:15.002+02:00 TRACE 25984 --- [FirstSpring] [           main] o.s.c.support.DefaultLifecycleProcessor  : Starting bean 'springBootLoggingLifecycle' of type [org.springframework.boot.context.logging.LoggingApplicationListener$Lifecycle]
2025-01-16T02:20:15.002+02:00 DEBUG 25984 --- [FirstSpring] [           main] o.s.c.support.DefaultLifecycleProcessor  : Successfully started bean 'springBootLoggingLifecycle'
2025-01-16T02:20:15.002+02:00 DEBUG 25984 --- [FirstSpring] [           main] o.s.c.support.DefaultLifecycleProcessor  : Starting beans in phase 1073741823
2025-01-16T02:20:15.003+02:00 TRACE 25984 --- [FirstSpring] [           main] o.s.b.f.s.DefaultListableBeanFactory     : Returning cached instance of singleton bean 'org.springframework.boot.autoconfigure.internalCachingMetadataReaderFactory'
2025-01-16T02:20:15.003+02:00 TRACE 25984 --- [FirstSpring] [           main] o.s.b.f.s.DefaultListableBeanFactory     : Returning cached instance of singleton bean 'mvcResourceUrlProvider'
2025-01-16T02:20:15.003+02:00 TRACE 25984 --- [FirstSpring] [           main] o.s.b.f.s.DefaultListableBeanFactory     : Returning cached instance of singleton bean 'startupTimeMetrics'
2025-01-16T02:20:15.016+02:00 DEBUG 25984 --- [FirstSpring] [           main] .s.b.a.l.ConditionEvaluationReportLogger : 


============================
CONDITIONS EVALUATION REPORT
============================


Positive matches:
-----------------

   AopAutoConfiguration matched:
      - @ConditionalOnProperty (spring.aop.auto=true) matched (OnPropertyCondition)

   AopAutoConfiguration.ClassProxyingConfiguration matched:
      - @ConditionalOnMissingClass did not find unwanted class 'org.aspectj.weaver.Advice' (OnClassCondition)
      - @ConditionalOnProperty (spring.aop.proxy-target-class=true) matched (OnPropertyCondition)

   ApplicationAvailabilityAutoConfiguration#applicationAvailability matched:
      - @ConditionalOnMissingBean (types: org.springframework.boot.availability.ApplicationAvailability; SearchStrategy: all) did not find any beans (OnBeanCondition)

   AuditEventsEndpointAutoConfiguration matched:
      - @ConditionalOnAvailableEndpoint marked as exposed by a 'management.endpoints.web.exposure' property (OnAvailableEndpointCondition)

   BeansEndpointAutoConfiguration matched:
      - @ConditionalOnAvailableEndpoint marked as exposed by a 'management.endpoints.web.exposure' property (OnAvailableEndpointCondition)

   BeansEndpointAutoConfiguration#beansEndpoint matched:
      - @ConditionalOnMissingBean (types: org.springframework.boot.actuate.beans.BeansEndpoint; SearchStrategy: all) did not find any beans (OnBeanCondition)

   CacheMeterBinderProvidersConfiguration matched:
      - @ConditionalOnClass found required class 'io.micrometer.core.instrument.binder.MeterBinder' (OnClassCondition)

   CachesEndpointAutoConfiguration matched:
      - @ConditionalOnClass found required class 'org.springframework.cache.CacheManager' (OnClassCondition)
      - @ConditionalOnAvailableEndpoint marked as exposed by a 'management.endpoints.web.exposure' property (OnAvailableEndpointCondition)

   CachesEndpointAutoConfiguration#cachesEndpoint matched:
      - @ConditionalOnMissingBean (types: org.springframework.boot.actuate.cache.CachesEndpoint; SearchStrategy: all) did not find any beans (OnBeanCondition)

   CachesEndpointAutoConfiguration#cachesEndpointWebExtension matched:
      - @ConditionalOnBean (types: org.springframework.boot.actuate.cache.CachesEndpoint; SearchStrategy: all) found bean 'cachesEndpoint'; @ConditionalOnMissingBean (types: org.springframework.boot.actuate.cache.CachesEndpointWebExtension; SearchStrategy: all) did not find any beans (OnBeanCondition)
      - @ConditionalOnAvailableEndpoint marked as exposed by a 'management.endpoints.web.exposure' property (OnAvailableEndpointCondition)

   CompositeMeterRegistryAutoConfiguration matched:
      - @ConditionalOnClass found required class 'io.micrometer.core.instrument.composite.CompositeMeterRegistry' (OnClassCondition)

   ConditionsReportEndpointAutoConfiguration matched:
      - @ConditionalOnAvailableEndpoint marked as exposed by a 'management.endpoints.web.exposure' property (OnAvailableEndpointCondition)

   ConditionsReportEndpointAutoConfiguration#conditionsReportEndpoint matched:
      - @ConditionalOnMissingBean (types: org.springframework.boot.actuate.autoconfigure.condition.ConditionsReportEndpoint; SearchStrategy: current) did not find any beans (OnBeanCondition)

   ConfigurationPropertiesReportEndpointAutoConfiguration matched:
      - @ConditionalOnAvailableEndpoint marked as exposed by a 'management.endpoints.web.exposure' property (OnAvailableEndpointCondition)

   ConfigurationPropertiesReportEndpointAutoConfiguration#configurationPropertiesReportEndpoint matched:
      - @ConditionalOnMissingBean (types: org.springframework.boot.actuate.context.properties.ConfigurationPropertiesReportEndpoint; SearchStrategy: all) did not find any beans (OnBeanCondition)

   ConfigurationPropertiesReportEndpointAutoConfiguration#configurationPropertiesReportEndpointWebExtension matched:
      - @ConditionalOnBean (types: org.springframework.boot.actuate.context.properties.ConfigurationPropertiesReportEndpoint; SearchStrategy: all) found bean 'configurationPropertiesReportEndpoint'; @ConditionalOnMissingBean (types: org.springframework.boot.actuate.context.properties.ConfigurationPropertiesReportEndpointWebExtension; SearchStrategy: all) did not find any beans (OnBeanCondition)
      - @ConditionalOnAvailableEndpoint marked as exposed by a 'management.endpoints.web.exposure' property (OnAvailableEndpointCondition)

   DiskSpaceHealthContributorAutoConfiguration matched:
      - @ConditionalOnEnabledHealthIndicator management.health.defaults.enabled is considered true (OnEnabledHealthIndicatorCondition)

   DiskSpaceHealthContributorAutoConfiguration#diskSpaceHealthIndicator matched:
      - @ConditionalOnMissingBean (names: diskSpaceHealthIndicator; SearchStrategy: all) did not find any beans (OnBeanCondition)

   DispatcherServletAutoConfiguration matched:
      - @ConditionalOnClass found required class 'org.springframework.web.servlet.DispatcherServlet' (OnClassCondition)
      - found 'session' scope (OnWebApplicationCondition)

   DispatcherServletAutoConfiguration.DispatcherServletConfiguration matched:
      - @ConditionalOnClass found required class 'jakarta.servlet.ServletRegistration' (OnClassCondition)
      - Default DispatcherServlet did not find dispatcher servlet beans (DispatcherServletAutoConfiguration.DefaultDispatcherServletCondition)

   DispatcherServletAutoConfiguration.DispatcherServletRegistrationConfiguration matched:
      - @ConditionalOnClass found required class 'jakarta.servlet.ServletRegistration' (OnClassCondition)
      - DispatcherServlet Registration did not find servlet registration bean (DispatcherServletAutoConfiguration.DispatcherServletRegistrationCondition)

   DispatcherServletAutoConfiguration.DispatcherServletRegistrationConfiguration#dispatcherServletRegistration matched:
      - @ConditionalOnBean (names: dispatcherServlet types: org.springframework.web.servlet.DispatcherServlet; SearchStrategy: all) found bean 'dispatcherServlet' (OnBeanCondition)

   EndpointAutoConfiguration#endpointCachingOperationInvokerAdvisor matched:
      - @ConditionalOnMissingBean (types: org.springframework.boot.actuate.endpoint.invoker.cache.CachingOperationInvokerAdvisor; SearchStrategy: all) did not find any beans (OnBeanCondition)

   EndpointAutoConfiguration#endpointOperationParameterMapper matched:
      - @ConditionalOnMissingBean (types: org.springframework.boot.actuate.endpoint.invoke.ParameterValueMapper; SearchStrategy: all) did not find any beans (OnBeanCondition)

   EndpointAutoConfiguration#propertiesEndpointAccessResolver matched:
      - @ConditionalOnMissingBean (types: org.springframework.boot.actuate.endpoint.EndpointAccessResolver; SearchStrategy: all) did not find any beans (OnBeanCondition)

   EnvironmentEndpointAutoConfiguration matched:
      - @ConditionalOnAvailableEndpoint marked as exposed by a 'management.endpoints.web.exposure' property (OnAvailableEndpointCondition)

   EnvironmentEndpointAutoConfiguration#environmentEndpoint matched:
      - @ConditionalOnMissingBean (types: org.springframework.boot.actuate.env.EnvironmentEndpoint; SearchStrategy: all) did not find any beans (OnBeanCondition)

   EnvironmentEndpointAutoConfiguration#environmentEndpointWebExtension matched:
      - @ConditionalOnBean (types: org.springframework.boot.actuate.env.EnvironmentEndpoint; SearchStrategy: all) found bean 'environmentEndpoint'; @ConditionalOnMissingBean (types: org.springframework.boot.actuate.env.EnvironmentEndpointWebExtension; SearchStrategy: all) did not find any beans (OnBeanCondition)
      - @ConditionalOnAvailableEndpoint marked as exposed by a 'management.endpoints.web.exposure' property (OnAvailableEndpointCondition)

   ErrorMvcAutoConfiguration matched:
      - @ConditionalOnClass found required classes 'jakarta.servlet.Servlet', 'org.springframework.web.servlet.DispatcherServlet' (OnClassCondition)
      - found 'session' scope (OnWebApplicationCondition)

   ErrorMvcAutoConfiguration#basicErrorController matched:
      - @ConditionalOnMissingBean (types: org.springframework.boot.web.servlet.error.ErrorController; SearchStrategy: current) did not find any beans (OnBeanCondition)

   ErrorMvcAutoConfiguration#errorAttributes matched:
      - @ConditionalOnMissingBean (types: org.springframework.boot.web.servlet.error.ErrorAttributes; SearchStrategy: current) did not find any beans (OnBeanCondition)

   ErrorMvcAutoConfiguration.DefaultErrorViewResolverConfiguration#conventionErrorViewResolver matched:
      - @ConditionalOnBean (types: org.springframework.web.servlet.DispatcherServlet; SearchStrategy: all) found bean 'dispatcherServlet'; @ConditionalOnMissingBean (types: org.springframework.boot.autoconfigure.web.servlet.error.ErrorViewResolver; SearchStrategy: all) did not find any beans (OnBeanCondition)

   ErrorMvcAutoConfiguration.WhitelabelErrorViewConfiguration matched:
      - @ConditionalOnProperty (server.error.whitelabel.enabled) matched (OnPropertyCondition)
      - ErrorTemplate Missing did not find error template view (ErrorMvcAutoConfiguration.ErrorTemplateMissingCondition)

   ErrorMvcAutoConfiguration.WhitelabelErrorViewConfiguration#beanNameViewResolver matched:
      - @ConditionalOnMissingBean (types: org.springframework.web.servlet.view.BeanNameViewResolver; SearchStrategy: all) did not find any beans (OnBeanCondition)

   ErrorMvcAutoConfiguration.WhitelabelErrorViewConfiguration#defaultErrorView matched:
      - @ConditionalOnMissingBean (names: error; SearchStrategy: all) did not find any beans (OnBeanCondition)

   GenericCacheConfiguration matched:
      - Cache org.springframework.boot.autoconfigure.cache.GenericCacheConfiguration automatic cache type (CacheCondition)

   HealthContributorAutoConfiguration#pingHealthContributor matched:
      - @ConditionalOnEnabledHealthIndicator management.health.defaults.enabled is considered true (OnEnabledHealthIndicatorCondition)

   HealthEndpointAutoConfiguration matched:
      - @ConditionalOnAvailableEndpoint marked as exposed by a 'management.endpoints.web.exposure' property (OnAvailableEndpointCondition)

   HealthEndpointConfiguration#healthContributorRegistry matched:
      - @ConditionalOnMissingBean (types: org.springframework.boot.actuate.health.HealthContributorRegistry; SearchStrategy: all) did not find any beans (OnBeanCondition)

   HealthEndpointConfiguration#healthEndpoint matched:
      - @ConditionalOnMissingBean (types: org.springframework.boot.actuate.health.HealthEndpoint; SearchStrategy: all) did not find any beans (OnBeanCondition)

   HealthEndpointConfiguration#healthEndpointGroupMembershipValidator matched:
      - @ConditionalOnProperty (management.endpoint.health.validate-group-membership=true) matched (OnPropertyCondition)

   HealthEndpointConfiguration#healthEndpointGroups matched:
      - @ConditionalOnMissingBean (types: org.springframework.boot.actuate.health.HealthEndpointGroups; SearchStrategy: all) did not find any beans (OnBeanCondition)

   HealthEndpointConfiguration#healthHttpCodeStatusMapper matched:
      - @ConditionalOnMissingBean (types: org.springframework.boot.actuate.health.HttpCodeStatusMapper; SearchStrategy: all) did not find any beans (OnBeanCondition)

   HealthEndpointConfiguration#healthStatusAggregator matched:
      - @ConditionalOnMissingBean (types: org.springframework.boot.actuate.health.StatusAggregator; SearchStrategy: all) did not find any beans (OnBeanCondition)

   HealthEndpointWebExtensionConfiguration matched:
      - found 'session' scope (OnWebApplicationCondition)
      - @ConditionalOnAvailableEndpoint marked as exposed by a 'management.endpoints.web.exposure' property (OnAvailableEndpointCondition)
      - @ConditionalOnBean (types: org.springframework.boot.actuate.health.HealthEndpoint; SearchStrategy: all) found bean 'healthEndpoint' (OnBeanCondition)

   HealthEndpointWebExtensionConfiguration#healthEndpointWebExtension matched:
      - @ConditionalOnMissingBean (types: org.springframework.boot.actuate.health.HealthEndpointWebExtension; SearchStrategy: all) did not find any beans (OnBeanCondition)

   HealthEndpointWebExtensionConfiguration.MvcAdditionalHealthEndpointPathsConfiguration matched:
      - @ConditionalOnBean (types: org.springframework.web.servlet.DispatcherServlet; SearchStrategy: all) found bean 'dispatcherServlet' (OnBeanCondition)

   HeapDumpWebEndpointAutoConfiguration matched:
      - @ConditionalOnAvailableEndpoint marked as exposed by a 'management.endpoints.web.exposure' property (OnAvailableEndpointCondition)

   HeapDumpWebEndpointAutoConfiguration#heapDumpWebEndpoint matched:
      - @ConditionalOnMissingBean (types: org.springframework.boot.actuate.management.HeapDumpWebEndpoint; SearchStrategy: all) did not find any beans (OnBeanCondition)

   HttpClientAutoConfiguration matched:
      - @ConditionalOnClass found required class 'org.springframework.http.client.ClientHttpRequestFactory' (OnClassCondition)
      - NoneNestedConditions 0 matched 1 did not; NestedCondition on NotReactiveWebApplicationCondition.ReactiveWebApplication did not find reactive web application classes (NotReactiveWebApplicationCondition)

   HttpClientAutoConfiguration#clientHttpRequestFactoryBuilder matched:
      - @ConditionalOnMissingBean (types: org.springframework.boot.http.client.ClientHttpRequestFactoryBuilder; SearchStrategy: all) did not find any beans (OnBeanCondition)

   HttpClientAutoConfiguration#clientHttpRequestFactorySettings matched:
      - @ConditionalOnMissingBean (types: org.springframework.boot.http.client.ClientHttpRequestFactorySettings; SearchStrategy: all) did not find any beans (OnBeanCondition)

   HttpClientObservationsAutoConfiguration matched:
      - @ConditionalOnClass found required class 'io.micrometer.observation.Observation' (OnClassCondition)
      - @ConditionalOnBean (types: io.micrometer.observation.ObservationRegistry; SearchStrategy: all) found bean 'observationRegistry' (OnBeanCondition)

   HttpClientObservationsAutoConfiguration.MeterFilterConfiguration matched:
      - @ConditionalOnClass found required class 'io.micrometer.core.instrument.MeterRegistry' (OnClassCondition)
      - @ConditionalOnBean (types: io.micrometer.core.instrument.MeterRegistry; SearchStrategy: all) found bean 'simpleMeterRegistry' (OnBeanCondition)

   HttpEncodingAutoConfiguration matched:
      - @ConditionalOnClass found required class 'org.springframework.web.filter.CharacterEncodingFilter' (OnClassCondition)
      - found 'session' scope (OnWebApplicationCondition)
      - @ConditionalOnProperty (server.servlet.encoding.enabled) matched (OnPropertyCondition)

   HttpEncodingAutoConfiguration#characterEncodingFilter matched:
      - @ConditionalOnMissingBean (types: org.springframework.web.filter.CharacterEncodingFilter; SearchStrategy: all) did not find any beans (OnBeanCondition)

   HttpExchangesEndpointAutoConfiguration matched:
      - @ConditionalOnAvailableEndpoint marked as exposed by a 'management.endpoints.web.exposure' property (OnAvailableEndpointCondition)

   HttpMessageConvertersAutoConfiguration matched:
      - @ConditionalOnClass found required class 'org.springframework.http.converter.HttpMessageConverter' (OnClassCondition)
      - NoneNestedConditions 0 matched 1 did not; NestedCondition on HttpMessageConvertersAutoConfiguration.NotReactiveWebApplicationCondition.ReactiveWebApplication did not find reactive web application classes (HttpMessageConvertersAutoConfiguration.NotReactiveWebApplicationCondition)

   HttpMessageConvertersAutoConfiguration#messageConverters matched:
      - @ConditionalOnMissingBean (types: org.springframework.boot.autoconfigure.http.HttpMessageConverters; SearchStrategy: all) did not find any beans (OnBeanCondition)

   HttpMessageConvertersAutoConfiguration.StringHttpMessageConverterConfiguration matched:
      - @ConditionalOnClass found required class 'org.springframework.http.converter.StringHttpMessageConverter' (OnClassCondition)

   HttpMessageConvertersAutoConfiguration.StringHttpMessageConverterConfiguration#stringHttpMessageConverter matched:
      - @ConditionalOnMissingBean (types: org.springframework.http.converter.StringHttpMessageConverter; SearchStrategy: all) did not find any beans (OnBeanCondition)

   InfoEndpointAutoConfiguration matched:
      - @ConditionalOnAvailableEndpoint marked as exposed by a 'management.endpoints.web.exposure' property (OnAvailableEndpointCondition)

   InfoEndpointAutoConfiguration#infoEndpoint matched:
      - @ConditionalOnMissingBean (types: org.springframework.boot.actuate.info.InfoEndpoint; SearchStrategy: all) did not find any beans (OnBeanCondition)

   JacksonAutoConfiguration matched:
      - @ConditionalOnClass found required class 'com.fasterxml.jackson.databind.ObjectMapper' (OnClassCondition)

   JacksonAutoConfiguration.Jackson2ObjectMapperBuilderCustomizerConfiguration matched:
      - @ConditionalOnClass found required class 'org.springframework.http.converter.json.Jackson2ObjectMapperBuilder' (OnClassCondition)

   JacksonAutoConfiguration.JacksonObjectMapperBuilderConfiguration matched:
      - @ConditionalOnClass found required class 'org.springframework.http.converter.json.Jackson2ObjectMapperBuilder' (OnClassCondition)

   JacksonAutoConfiguration.JacksonObjectMapperBuilderConfiguration#jacksonObjectMapperBuilder matched:
      - @ConditionalOnMissingBean (types: org.springframework.http.converter.json.Jackson2ObjectMapperBuilder; SearchStrategy: all) did not find any beans (OnBeanCondition)

   JacksonAutoConfiguration.JacksonObjectMapperConfiguration matched:
      - @ConditionalOnClass found required class 'org.springframework.http.converter.json.Jackson2ObjectMapperBuilder' (OnClassCondition)

   JacksonAutoConfiguration.JacksonObjectMapperConfiguration#jacksonObjectMapper matched:
      - @ConditionalOnMissingBean (types: com.fasterxml.jackson.databind.ObjectMapper; SearchStrategy: all) did not find any beans (OnBeanCondition)

   JacksonAutoConfiguration.ParameterNamesModuleConfiguration matched:
      - @ConditionalOnClass found required class 'com.fasterxml.jackson.module.paramnames.ParameterNamesModule' (OnClassCondition)

   JacksonAutoConfiguration.ParameterNamesModuleConfiguration#parameterNamesModule matched:
      - @ConditionalOnMissingBean (types: com.fasterxml.jackson.module.paramnames.ParameterNamesModule; SearchStrategy: all) did not find any beans (OnBeanCondition)

   JacksonEndpointAutoConfiguration#endpointObjectMapper matched:
      - @ConditionalOnClass found required classes 'com.fasterxml.jackson.databind.ObjectMapper', 'org.springframework.http.converter.json.Jackson2ObjectMapperBuilder' (OnClassCondition)
      - @ConditionalOnProperty (management.endpoints.jackson.isolated-object-mapper) matched (OnPropertyCondition)

   JacksonHttpMessageConvertersConfiguration.MappingJackson2HttpMessageConverterConfiguration matched:
      - @ConditionalOnClass found required class 'com.fasterxml.jackson.databind.ObjectMapper' (OnClassCondition)
      - @ConditionalOnProperty (spring.mvc.converters.preferred-json-mapper=jackson) matched (OnPropertyCondition)
      - @ConditionalOnBean (types: com.fasterxml.jackson.databind.ObjectMapper; SearchStrategy: all) found bean 'jacksonObjectMapper' (OnBeanCondition)

   JacksonHttpMessageConvertersConfiguration.MappingJackson2HttpMessageConverterConfiguration#mappingJackson2HttpMessageConverter matched:
      - @ConditionalOnMissingBean (types: org.springframework.http.converter.json.MappingJackson2HttpMessageConverter ignored: org.springframework.hateoas.server.mvc.TypeConstrainedMappingJackson2HttpMessageConverter,org.springframework.data.rest.webmvc.alps.AlpsJsonHttpMessageConverter; SearchStrategy: all) did not find any beans (OnBeanCondition)

   JvmMetricsAutoConfiguration matched:
      - @ConditionalOnClass found required class 'io.micrometer.core.instrument.MeterRegistry' (OnClassCondition)
      - @ConditionalOnBean (types: io.micrometer.core.instrument.MeterRegistry; SearchStrategy: all) found bean 'simpleMeterRegistry' (OnBeanCondition)

   JvmMetricsAutoConfiguration#classLoaderMetrics matched:
      - @ConditionalOnMissingBean (types: io.micrometer.core.instrument.binder.jvm.ClassLoaderMetrics; SearchStrategy: all) did not find any beans (OnBeanCondition)

   JvmMetricsAutoConfiguration#jvmCompilationMetrics matched:
      - @ConditionalOnMissingBean (types: io.micrometer.core.instrument.binder.jvm.JvmCompilationMetrics; SearchStrategy: all) did not find any beans (OnBeanCondition)

   JvmMetricsAutoConfiguration#jvmGcMetrics matched:
      - @ConditionalOnMissingBean (types: io.micrometer.core.instrument.binder.jvm.JvmGcMetrics; SearchStrategy: all) did not find any beans (OnBeanCondition)

   JvmMetricsAutoConfiguration#jvmHeapPressureMetrics matched:
      - @ConditionalOnMissingBean (types: io.micrometer.core.instrument.binder.jvm.JvmHeapPressureMetrics; SearchStrategy: all) did not find any beans (OnBeanCondition)

   JvmMetricsAutoConfiguration#jvmInfoMetrics matched:
      - @ConditionalOnMissingBean (types: io.micrometer.core.instrument.binder.jvm.JvmInfoMetrics; SearchStrategy: all) did not find any beans (OnBeanCondition)

   JvmMetricsAutoConfiguration#jvmMemoryMetrics matched:
      - @ConditionalOnMissingBean (types: io.micrometer.core.instrument.binder.jvm.JvmMemoryMetrics; SearchStrategy: all) did not find any beans (OnBeanCondition)

   JvmMetricsAutoConfiguration#jvmThreadMetrics matched:
      - @ConditionalOnMissingBean (types: io.micrometer.core.instrument.binder.jvm.JvmThreadMetrics; SearchStrategy: all) did not find any beans (OnBeanCondition)

   LifecycleAutoConfiguration#defaultLifecycleProcessor matched:
      - @ConditionalOnMissingBean (names: lifecycleProcessor; SearchStrategy: current) did not find any beans (OnBeanCondition)

   LogFileWebEndpointAutoConfiguration matched:
      - @ConditionalOnAvailableEndpoint marked as exposed by a 'management.endpoints.web.exposure' property (OnAvailableEndpointCondition)

   LogbackMetricsAutoConfiguration matched:
      - @ConditionalOnClass found required classes 'io.micrometer.core.instrument.MeterRegistry', 'ch.qos.logback.classic.LoggerContext', 'org.slf4j.LoggerFactory' (OnClassCondition)
      - LogbackLoggingCondition ILoggerFactory is a Logback LoggerContext (LogbackMetricsAutoConfiguration.LogbackLoggingCondition)
      - @ConditionalOnBean (types: io.micrometer.core.instrument.MeterRegistry; SearchStrategy: all) found bean 'simpleMeterRegistry' (OnBeanCondition)

   LogbackMetricsAutoConfiguration#logbackMetrics matched:
      - @ConditionalOnMissingBean (types: io.micrometer.core.instrument.binder.logging.LogbackMetrics; SearchStrategy: all) did not find any beans (OnBeanCondition)

   LoggersEndpointAutoConfiguration matched:
      - @ConditionalOnAvailableEndpoint marked as exposed by a 'management.endpoints.web.exposure' property (OnAvailableEndpointCondition)

   LoggersEndpointAutoConfiguration#loggersEndpoint matched:
      - Logging System enabled (LoggersEndpointAutoConfiguration.OnEnabledLoggingSystemCondition)
      - @ConditionalOnBean (types: org.springframework.boot.logging.LoggingSystem; SearchStrategy: all) found bean 'springBootLoggingSystem'; @ConditionalOnMissingBean (types: org.springframework.boot.actuate.logging.LoggersEndpoint; SearchStrategy: all) did not find any beans (OnBeanCondition)

   ManagementContextAutoConfiguration.SameManagementContextConfiguration matched:
      - Management Port actual port type (SAME) matched required type (OnManagementPortCondition)

   MappingsEndpointAutoConfiguration matched:
      - @ConditionalOnAvailableEndpoint marked as exposed by a 'management.endpoints.web.exposure' property (OnAvailableEndpointCondition)

   MappingsEndpointAutoConfiguration.ServletWebConfiguration matched:
      - found 'session' scope (OnWebApplicationCondition)

   MappingsEndpointAutoConfiguration.ServletWebConfiguration.SpringMvcConfiguration matched:
      - @ConditionalOnClass found required class 'org.springframework.web.servlet.DispatcherServlet' (OnClassCondition)
      - @ConditionalOnBean (types: org.springframework.web.servlet.DispatcherServlet; SearchStrategy: all) found bean 'dispatcherServlet' (OnBeanCondition)

   MetricsAutoConfiguration matched:
      - @ConditionalOnClass found required class 'io.micrometer.core.annotation.Timed' (OnClassCondition)

   MetricsAutoConfiguration#micrometerClock matched:
      - @ConditionalOnMissingBean (types: io.micrometer.core.instrument.Clock; SearchStrategy: all) did not find any beans (OnBeanCondition)

   MetricsEndpointAutoConfiguration matched:
      - @ConditionalOnClass found required class 'io.micrometer.core.annotation.Timed' (OnClassCondition)
      - @ConditionalOnAvailableEndpoint marked as exposed by a 'management.endpoints.web.exposure' property (OnAvailableEndpointCondition)

   MetricsEndpointAutoConfiguration#metricsEndpoint matched:
      - @ConditionalOnBean (types: io.micrometer.core.instrument.MeterRegistry; SearchStrategy: all) found bean 'simpleMeterRegistry'; @ConditionalOnMissingBean (types: org.springframework.boot.actuate.metrics.MetricsEndpoint; SearchStrategy: all) did not find any beans (OnBeanCondition)

   MultipartAutoConfiguration matched:
      - @ConditionalOnClass found required classes 'jakarta.servlet.Servlet', 'org.springframework.web.multipart.support.StandardServletMultipartResolver', 'jakarta.servlet.MultipartConfigElement' (OnClassCondition)
      - found 'session' scope (OnWebApplicationCondition)
      - @ConditionalOnProperty (spring.servlet.multipart.enabled) matched (OnPropertyCondition)

   MultipartAutoConfiguration#multipartConfigElement matched:
      - @ConditionalOnMissingBean (types: jakarta.servlet.MultipartConfigElement; SearchStrategy: all) did not find any beans (OnBeanCondition)

   MultipartAutoConfiguration#multipartResolver matched:
      - @ConditionalOnMissingBean (types: org.springframework.web.multipart.MultipartResolver; SearchStrategy: all) did not find any beans (OnBeanCondition)

   NoOpCacheConfiguration matched:
      - Cache org.springframework.boot.autoconfigure.cache.NoOpCacheConfiguration automatic cache type (CacheCondition)

   ObservationAutoConfiguration matched:
      - @ConditionalOnClass found required class 'io.micrometer.observation.ObservationRegistry' (OnClassCondition)

   ObservationAutoConfiguration#observationRegistry matched:
      - @ConditionalOnMissingBean (types: io.micrometer.observation.ObservationRegistry; SearchStrategy: all) did not find any beans (OnBeanCondition)

   ObservationAutoConfiguration.MeterObservationHandlerConfiguration matched:
      - @ConditionalOnBean (types: io.micrometer.core.instrument.MeterRegistry; SearchStrategy: all) found bean 'simpleMeterRegistry'; @ConditionalOnMissingBean (types: io.micrometer.core.instrument.observation.MeterObservationHandler; SearchStrategy: all) did not find any beans (OnBeanCondition)

   ObservationAutoConfiguration.MeterObservationHandlerConfiguration.OnlyMetricsMeterObservationHandlerConfiguration matched:
      - @ConditionalOnMissingBean (types: io.micrometer.tracing.Tracer; SearchStrategy: all) did not find any beans (OnBeanCondition)

   ObservationAutoConfiguration.OnlyMetricsConfiguration matched:
      - @ConditionalOnClass found required class 'io.micrometer.core.instrument.MeterRegistry'; @ConditionalOnMissingClass did not find unwanted class 'io.micrometer.tracing.Tracer' (OnClassCondition)

   PropertyPlaceholderAutoConfiguration#propertySourcesPlaceholderConfigurer matched:
      - @ConditionalOnMissingBean (types: org.springframework.context.support.PropertySourcesPlaceholderConfigurer; SearchStrategy: current) did not find any beans (OnBeanCondition)

   RestClientAutoConfiguration matched:
      - @ConditionalOnClass found required class 'org.springframework.web.client.RestClient' (OnClassCondition)
      - NoneNestedConditions 0 matched 1 did not; NestedCondition on NotReactiveWebApplicationCondition.ReactiveWebApplication did not find reactive web application classes (NotReactiveWebApplicationCondition)

   RestClientAutoConfiguration#httpMessageConvertersRestClientCustomizer matched:
      - @ConditionalOnMissingBean (types: org.springframework.boot.autoconfigure.web.client.HttpMessageConvertersRestClientCustomizer; SearchStrategy: all) did not find any beans (OnBeanCondition)

   RestClientAutoConfiguration#restClientBuilder matched:
      - @ConditionalOnMissingBean (types: org.springframework.web.client.RestClient$Builder; SearchStrategy: all) did not find any beans (OnBeanCondition)

   RestClientAutoConfiguration#restClientBuilderConfigurer matched:
      - @ConditionalOnMissingBean (types: org.springframework.boot.autoconfigure.web.client.RestClientBuilderConfigurer; SearchStrategy: all) did not find any beans (OnBeanCondition)

   RestClientAutoConfiguration#restClientSsl matched:
      - @ConditionalOnBean (types: org.springframework.boot.ssl.SslBundles; SearchStrategy: all) found bean 'sslBundleRegistry'; @ConditionalOnMissingBean (types: org.springframework.boot.autoconfigure.web.client.RestClientSsl; SearchStrategy: all) did not find any beans (OnBeanCondition)

   RestClientObservationConfiguration matched:
      - @ConditionalOnClass found required class 'org.springframework.web.client.RestClient' (OnClassCondition)
      - @ConditionalOnBean (types: org.springframework.web.client.RestClient$Builder; SearchStrategy: all) found bean 'restClientBuilder' (OnBeanCondition)

   RestTemplateAutoConfiguration matched:
      - @ConditionalOnClass found required class 'org.springframework.web.client.RestTemplate' (OnClassCondition)
      - NoneNestedConditions 0 matched 1 did not; NestedCondition on NotReactiveWebApplicationCondition.ReactiveWebApplication did not find reactive web application classes (NotReactiveWebApplicationCondition)

   RestTemplateAutoConfiguration#restTemplateBuilder matched:
      - @ConditionalOnMissingBean (types: org.springframework.boot.web.client.RestTemplateBuilder; SearchStrategy: all) did not find any beans (OnBeanCondition)

   RestTemplateObservationConfiguration matched:
      - @ConditionalOnClass found required class 'org.springframework.web.client.RestTemplate' (OnClassCondition)
      - @ConditionalOnBean (types: org.springframework.boot.web.client.RestTemplateBuilder; SearchStrategy: all) found bean 'restTemplateBuilder' (OnBeanCondition)

   SbomEndpointAutoConfiguration matched:
      - @ConditionalOnAvailableEndpoint marked as exposed by a 'management.endpoints.web.exposure' property (OnAvailableEndpointCondition)

   SbomEndpointAutoConfiguration#sbomEndpoint matched:
      - @ConditionalOnMissingBean (types: org.springframework.boot.actuate.sbom.SbomEndpoint; SearchStrategy: all) did not find any beans (OnBeanCondition)

   SbomEndpointAutoConfiguration#sbomEndpointWebExtension matched:
      - @ConditionalOnBean (types: org.springframework.boot.actuate.sbom.SbomEndpoint; SearchStrategy: all) found bean 'sbomEndpoint'; @ConditionalOnMissingBean (types: org.springframework.boot.actuate.sbom.SbomEndpointWebExtension; SearchStrategy: all) did not find any beans (OnBeanCondition)
      - @ConditionalOnAvailableEndpoint marked as exposed by a 'management.endpoints.web.exposure' property (OnAvailableEndpointCondition)

   ScheduledTasksEndpointAutoConfiguration matched:
      - @ConditionalOnAvailableEndpoint marked as exposed by a 'management.endpoints.web.exposure' property (OnAvailableEndpointCondition)

   ScheduledTasksEndpointAutoConfiguration#scheduledTasksEndpoint matched:
      - @ConditionalOnMissingBean (types: org.springframework.boot.actuate.scheduling.ScheduledTasksEndpoint; SearchStrategy: all) did not find any beans (OnBeanCondition)

   ScheduledTasksObservabilityAutoConfiguration matched:
      - @ConditionalOnClass found required class 'org.springframework.scheduling.concurrent.ThreadPoolTaskScheduler' (OnClassCondition)
      - @ConditionalOnBean (types: io.micrometer.observation.ObservationRegistry; SearchStrategy: all) found bean 'observationRegistry' (OnBeanCondition)

   ServletEndpointManagementContextConfiguration matched:
      - found 'session' scope (OnWebApplicationCondition)

   ServletEndpointManagementContextConfiguration.WebMvcServletEndpointManagementContextConfiguration matched:
      - @ConditionalOnClass found required class 'org.springframework.web.servlet.DispatcherServlet' (OnClassCondition)

   ServletManagementContextAutoConfiguration matched:
      - @ConditionalOnClass found required class 'jakarta.servlet.Servlet' (OnClassCondition)
      - found 'session' scope (OnWebApplicationCondition)

   ServletWebServerFactoryAutoConfiguration matched:
      - @ConditionalOnClass found required class 'jakarta.servlet.ServletRequest' (OnClassCondition)
      - found 'session' scope (OnWebApplicationCondition)

   ServletWebServerFactoryAutoConfiguration#tomcatServletWebServerFactoryCustomizer matched:
      - @ConditionalOnClass found required class 'org.apache.catalina.startup.Tomcat' (OnClassCondition)

   ServletWebServerFactoryConfiguration.EmbeddedTomcat matched:
      - @ConditionalOnClass found required classes 'jakarta.servlet.Servlet', 'org.apache.catalina.startup.Tomcat', 'org.apache.coyote.UpgradeProtocol' (OnClassCondition)
      - @ConditionalOnMissingBean (types: org.springframework.boot.web.servlet.server.ServletWebServerFactory; SearchStrategy: current) did not find any beans (OnBeanCondition)

   SimpleCacheConfiguration matched:
      - Cache org.springframework.boot.autoconfigure.cache.SimpleCacheConfiguration automatic cache type (CacheCondition)

   SimpleMetricsExportAutoConfiguration matched:
      - @ConditionalOnEnabledMetricsExport management.simple.metrics.export.enabled is true (OnMetricsExportEnabledCondition)
      - @ConditionalOnBean (types: io.micrometer.core.instrument.Clock; SearchStrategy: all) found bean 'micrometerClock'; @ConditionalOnMissingBean (types: io.micrometer.core.instrument.MeterRegistry; SearchStrategy: all) did not find any beans (OnBeanCondition)

   SimpleMetricsExportAutoConfiguration#simpleConfig matched:
      - @ConditionalOnMissingBean (types: io.micrometer.core.instrument.simple.SimpleConfig; SearchStrategy: all) did not find any beans (OnBeanCondition)

   SqlInitializationAutoConfiguration matched:
      - @ConditionalOnProperty (spring.sql.init.enabled) matched (OnPropertyCondition)
      - NoneNestedConditions 0 matched 1 did not; NestedCondition on SqlInitializationAutoConfiguration.SqlInitializationModeCondition.ModeIsNever @ConditionalOnProperty (spring.sql.init.mode=never) did not find property 'mode' (SqlInitializationAutoConfiguration.SqlInitializationModeCondition)

   SslAutoConfiguration#sslBundleRegistry matched:
      - @ConditionalOnMissingBean (types: org.springframework.boot.ssl.SslBundleRegistry,org.springframework.boot.ssl.SslBundles; SearchStrategy: all) did not find any beans (OnBeanCondition)

   SslHealthContributorAutoConfiguration matched:
      - @ConditionalOnEnabledHealthIndicator management.health.defaults.enabled is considered true (OnEnabledHealthIndicatorCondition)

   SslHealthContributorAutoConfiguration#sslHealthIndicator matched:
      - @ConditionalOnMissingBean (names: sslHealthIndicator; SearchStrategy: all) did not find any beans (OnBeanCondition)

   SslHealthContributorAutoConfiguration#sslInfo matched:
      - @ConditionalOnMissingBean (types: org.springframework.boot.info.SslInfo; SearchStrategy: all) did not find any beans (OnBeanCondition)

   StartupTimeMetricsListenerAutoConfiguration matched:
      - @ConditionalOnClass found required class 'io.micrometer.core.instrument.MeterRegistry' (OnClassCondition)
      - @ConditionalOnBean (types: io.micrometer.core.instrument.MeterRegistry; SearchStrategy: all) found bean 'simpleMeterRegistry' (OnBeanCondition)

   StartupTimeMetricsListenerAutoConfiguration#startupTimeMetrics matched:
      - @ConditionalOnMissingBean (types: org.springframework.boot.actuate.metrics.startup.StartupTimeMetricsListener; SearchStrategy: all) did not find any beans (OnBeanCondition)

   SystemMetricsAutoConfiguration matched:
      - @ConditionalOnClass found required class 'io.micrometer.core.instrument.MeterRegistry' (OnClassCondition)
      - @ConditionalOnBean (types: io.micrometer.core.instrument.MeterRegistry; SearchStrategy: all) found bean 'simpleMeterRegistry' (OnBeanCondition)

   SystemMetricsAutoConfiguration#diskSpaceMetrics matched:
      - @ConditionalOnMissingBean (types: org.springframework.boot.actuate.metrics.system.DiskSpaceMetricsBinder; SearchStrategy: all) did not find any beans (OnBeanCondition)

   SystemMetricsAutoConfiguration#fileDescriptorMetrics matched:
      - @ConditionalOnMissingBean (types: io.micrometer.core.instrument.binder.system.FileDescriptorMetrics; SearchStrategy: all) did not find any beans (OnBeanCondition)

   SystemMetricsAutoConfiguration#processorMetrics matched:
      - @ConditionalOnMissingBean (types: io.micrometer.core.instrument.binder.system.ProcessorMetrics; SearchStrategy: all) did not find any beans (OnBeanCondition)

   SystemMetricsAutoConfiguration#uptimeMetrics matched:
      - @ConditionalOnMissingBean (types: io.micrometer.core.instrument.binder.system.UptimeMetrics; SearchStrategy: all) did not find any beans (OnBeanCondition)

   TaskExecutionAutoConfiguration matched:
      - @ConditionalOnClass found required class 'org.springframework.scheduling.concurrent.ThreadPoolTaskExecutor' (OnClassCondition)

   TaskExecutorConfigurations.SimpleAsyncTaskExecutorBuilderConfiguration#simpleAsyncTaskExecutorBuilder matched:
      - @ConditionalOnMissingBean (types: org.springframework.boot.task.SimpleAsyncTaskExecutorBuilder; SearchStrategy: all) did not find any beans (OnBeanCondition)
      - @ConditionalOnThreading found PLATFORM (OnThreadingCondition)

   TaskExecutorConfigurations.TaskExecutorConfiguration matched:
      - @ConditionalOnMissingBean (types: java.util.concurrent.Executor; SearchStrategy: all) did not find any beans (OnBeanCondition)

   TaskExecutorConfigurations.TaskExecutorConfiguration#applicationTaskExecutor matched:
      - @ConditionalOnThreading found PLATFORM (OnThreadingCondition)

   TaskExecutorConfigurations.ThreadPoolTaskExecutorBuilderConfiguration#threadPoolTaskExecutorBuilder matched:
      - @ConditionalOnMissingBean (types: org.springframework.boot.task.ThreadPoolTaskExecutorBuilder; SearchStrategy: all) did not find any beans (OnBeanCondition)

   TaskExecutorMetricsAutoConfiguration matched:
      - @ConditionalOnClass found required class 'io.micrometer.core.instrument.binder.jvm.ExecutorServiceMetrics' (OnClassCondition)
      - @ConditionalOnBean (types: java.util.concurrent.Executor,io.micrometer.core.instrument.MeterRegistry; SearchStrategy: all) found beans 'applicationTaskExecutor', 'simpleMeterRegistry' (OnBeanCondition)

   TaskSchedulingAutoConfiguration matched:
      - @ConditionalOnClass found required class 'org.springframework.scheduling.concurrent.ThreadPoolTaskScheduler' (OnClassCondition)

   TaskSchedulingConfigurations.SimpleAsyncTaskSchedulerBuilderConfiguration#simpleAsyncTaskSchedulerBuilder matched:
      - @ConditionalOnMissingBean (types: org.springframework.boot.task.SimpleAsyncTaskSchedulerBuilder; SearchStrategy: all) did not find any beans (OnBeanCondition)
      - @ConditionalOnThreading found PLATFORM (OnThreadingCondition)

   TaskSchedulingConfigurations.ThreadPoolTaskSchedulerBuilderConfiguration#threadPoolTaskSchedulerBuilder matched:
      - @ConditionalOnMissingBean (types: org.springframework.boot.task.ThreadPoolTaskSchedulerBuilder; SearchStrategy: all) did not find any beans (OnBeanCondition)

   ThreadDumpEndpointAutoConfiguration matched:
      - @ConditionalOnAvailableEndpoint marked as exposed by a 'management.endpoints.web.exposure' property (OnAvailableEndpointCondition)

   ThreadDumpEndpointAutoConfiguration#dumpEndpoint matched:
      - @ConditionalOnMissingBean (types: org.springframework.boot.actuate.management.ThreadDumpEndpoint; SearchStrategy: all) did not find any beans (OnBeanCondition)

   TomcatMetricsAutoConfiguration matched:
      - @ConditionalOnClass found required classes 'io.micrometer.core.instrument.binder.tomcat.TomcatMetrics', 'org.apache.catalina.Manager' (OnClassCondition)
      - @ConditionalOnWebApplication (required) found 'session' scope (OnWebApplicationCondition)

   TomcatMetricsAutoConfiguration#tomcatMetricsBinder matched:
      - @ConditionalOnBean (types: io.micrometer.core.instrument.MeterRegistry; SearchStrategy: all) found bean 'simpleMeterRegistry'; @ConditionalOnMissingBean (types: io.micrometer.core.instrument.binder.tomcat.TomcatMetrics,org.springframework.boot.actuate.metrics.web.tomcat.TomcatMetricsBinder; SearchStrategy: all) did not find any beans (OnBeanCondition)

   WebEndpointAutoConfiguration matched:
      - @ConditionalOnWebApplication (required) found 'session' scope (OnWebApplicationCondition)

   WebEndpointAutoConfiguration#controllerEndpointDiscoverer matched:
      - @ConditionalOnMissingBean (types: org.springframework.boot.actuate.endpoint.web.annotation.ControllerEndpointsSupplier; SearchStrategy: all) did not find any beans (OnBeanCondition)

   WebEndpointAutoConfiguration#endpointMediaTypes matched:
      - @ConditionalOnMissingBean (types: org.springframework.boot.actuate.endpoint.web.EndpointMediaTypes; SearchStrategy: all) did not find any beans (OnBeanCondition)

   WebEndpointAutoConfiguration#pathMappedEndpoints matched:
      - @ConditionalOnMissingBean (types: org.springframework.boot.actuate.endpoint.web.PathMappedEndpoints; SearchStrategy: all) did not find any beans (OnBeanCondition)

   WebEndpointAutoConfiguration#webEndpointDiscoverer matched:
      - @ConditionalOnMissingBean (types: org.springframework.boot.actuate.endpoint.web.WebEndpointsSupplier; SearchStrategy: all) did not find any beans (OnBeanCondition)

   WebEndpointAutoConfiguration.WebEndpointServletConfiguration matched:
      - found 'session' scope (OnWebApplicationCondition)

   WebEndpointAutoConfiguration.WebEndpointServletConfiguration#servletEndpointDiscoverer matched:
      - @ConditionalOnMissingBean (types: org.springframework.boot.actuate.endpoint.web.annotation.ServletEndpointsSupplier; SearchStrategy: all) did not find any beans (OnBeanCondition)

   WebMvcAutoConfiguration matched:
      - @ConditionalOnClass found required classes 'jakarta.servlet.Servlet', 'org.springframework.web.servlet.DispatcherServlet', 'org.springframework.web.servlet.config.annotation.WebMvcConfigurer' (OnClassCondition)
      - found 'session' scope (OnWebApplicationCondition)
      - @ConditionalOnMissingBean (types: org.springframework.web.servlet.config.annotation.WebMvcConfigurationSupport; SearchStrategy: all) did not find any beans (OnBeanCondition)

   WebMvcAutoConfiguration#formContentFilter matched:
      - @ConditionalOnProperty (spring.mvc.formcontent.filter.enabled) matched (OnPropertyCondition)
      - @ConditionalOnMissingBean (types: org.springframework.web.filter.FormContentFilter; SearchStrategy: all) did not find any beans (OnBeanCondition)

   WebMvcAutoConfiguration.EnableWebMvcConfiguration#flashMapManager matched:
      - @ConditionalOnMissingBean (names: flashMapManager; SearchStrategy: all) did not find any beans (OnBeanCondition)

   WebMvcAutoConfiguration.EnableWebMvcConfiguration#localeResolver matched:
      - @ConditionalOnMissingBean (names: localeResolver; SearchStrategy: all) did not find any beans (OnBeanCondition)

   WebMvcAutoConfiguration.EnableWebMvcConfiguration#themeResolver matched:
      - @ConditionalOnMissingBean (names: themeResolver; SearchStrategy: all) did not find any beans (OnBeanCondition)

   WebMvcAutoConfiguration.EnableWebMvcConfiguration#viewNameTranslator matched:
      - @ConditionalOnMissingBean (names: viewNameTranslator; SearchStrategy: all) did not find any beans (OnBeanCondition)

   WebMvcAutoConfiguration.WebMvcAutoConfigurationAdapter#defaultViewResolver matched:
      - @ConditionalOnMissingBean (types: org.springframework.web.servlet.view.InternalResourceViewResolver; SearchStrategy: all) did not find any beans (OnBeanCondition)

   WebMvcAutoConfiguration.WebMvcAutoConfigurationAdapter#requestContextFilter matched:
      - @ConditionalOnMissingBean (types: org.springframework.web.context.request.RequestContextListener,org.springframework.web.filter.RequestContextFilter; SearchStrategy: all) did not find any beans (OnBeanCondition)

   WebMvcAutoConfiguration.WebMvcAutoConfigurationAdapter#viewResolver matched:
      - @ConditionalOnBean (types: org.springframework.web.servlet.ViewResolver; SearchStrategy: all) found beans 'defaultViewResolver', 'beanNameViewResolver', 'mvcViewResolver'; @ConditionalOnMissingBean (names: viewResolver types: org.springframework.web.servlet.view.ContentNegotiatingViewResolver; SearchStrategy: all) did not find any beans (OnBeanCondition)

   WebMvcEndpointManagementContextConfiguration matched:
      - @ConditionalOnClass found required class 'org.springframework.web.servlet.DispatcherServlet' (OnClassCondition)
      - found 'session' scope (OnWebApplicationCondition)
      - @ConditionalOnBean (types: org.springframework.web.servlet.DispatcherServlet,org.springframework.boot.actuate.endpoint.web.WebEndpointsSupplier; SearchStrategy: all) found beans 'webEndpointDiscoverer', 'dispatcherServlet' (OnBeanCondition)

   WebMvcEndpointManagementContextConfiguration#controllerEndpointHandlerMapping matched:
      - @ConditionalOnMissingBean (types: org.springframework.boot.actuate.endpoint.web.servlet.ControllerEndpointHandlerMapping; SearchStrategy: all) did not find any beans (OnBeanCondition)

   WebMvcEndpointManagementContextConfiguration#endpointObjectMapperWebMvcConfigurer matched:
      - @ConditionalOnBean (types: org.springframework.boot.actuate.endpoint.jackson.EndpointObjectMapper; SearchStrategy: all) found bean 'endpointObjectMapper' (OnBeanCondition)

   WebMvcEndpointManagementContextConfiguration#webEndpointServletHandlerMapping matched:
      - @ConditionalOnMissingBean (types: org.springframework.boot.actuate.endpoint.web.servlet.WebMvcEndpointHandlerMapping; SearchStrategy: all) did not find any beans (OnBeanCondition)

   WebMvcObservationAutoConfiguration matched:
      - @ConditionalOnClass found required classes 'org.springframework.web.servlet.DispatcherServlet', 'io.micrometer.observation.Observation' (OnClassCondition)
      - found 'session' scope (OnWebApplicationCondition)
      - @ConditionalOnBean (types: io.micrometer.observation.ObservationRegistry; SearchStrategy: all) found bean 'observationRegistry' (OnBeanCondition)

   WebMvcObservationAutoConfiguration#webMvcObservationFilter matched:
      - @ConditionalOnMissingBean (types: org.springframework.web.filter.ServerHttpObservationFilter; SearchStrategy: all) did not find any beans (OnBeanCondition)

   WebMvcObservationAutoConfiguration.MeterFilterConfiguration matched:
      - @ConditionalOnClass found required class 'io.micrometer.core.instrument.MeterRegistry' (OnClassCondition)
      - @ConditionalOnBean (types: io.micrometer.core.instrument.MeterRegistry; SearchStrategy: all) found bean 'simpleMeterRegistry' (OnBeanCondition)

   WebSocketServletAutoConfiguration matched:
      - @ConditionalOnClass found required classes 'jakarta.servlet.Servlet', 'jakarta.websocket.server.ServerContainer' (OnClassCondition)
      - found 'session' scope (OnWebApplicationCondition)

   WebSocketServletAutoConfiguration.TomcatWebSocketConfiguration matched:
      - @ConditionalOnClass found required classes 'org.apache.catalina.startup.Tomcat', 'org.apache.tomcat.websocket.server.WsSci' (OnClassCondition)

   WebSocketServletAutoConfiguration.TomcatWebSocketConfiguration#websocketServletWebServerCustomizer matched:
      - @ConditionalOnMissingBean (names: websocketServletWebServerCustomizer; SearchStrategy: all) did not find any beans (OnBeanCondition)


Negative matches:
-----------------

   ActiveMQAutoConfiguration:
      Did not match:
         - @ConditionalOnClass did not find required class 'jakarta.jms.ConnectionFactory' (OnClassCondition)

   AopAutoConfiguration.AspectJAutoProxyingConfiguration:
      Did not match:
         - @ConditionalOnClass did not find required class 'org.aspectj.weaver.Advice' (OnClassCondition)

   AppOpticsMetricsExportAutoConfiguration:
      Did not match:
         - @ConditionalOnClass did not find required class 'io.micrometer.appoptics.AppOpticsMeterRegistry' (OnClassCondition)

   ArtemisAutoConfiguration:
      Did not match:
         - @ConditionalOnClass did not find required class 'jakarta.jms.ConnectionFactory' (OnClassCondition)

   AtlasMetricsExportAutoConfiguration:
      Did not match:
         - @ConditionalOnClass did not find required class 'io.micrometer.atlas.AtlasMeterRegistry' (OnClassCondition)

   AuditAutoConfiguration:
      Did not match:
         - @ConditionalOnBean (types: org.springframework.boot.actuate.audit.AuditEventRepository; SearchStrategy: all) did not find any beans of type org.springframework.boot.actuate.audit.AuditEventRepository (OnBeanCondition)
      Matched:
         - @ConditionalOnProperty (management.auditevents.enabled) matched (OnPropertyCondition)

   AuditEventsEndpointAutoConfiguration#auditEventsEndpoint:
      Did not match:
         - @ConditionalOnBean (types: org.springframework.boot.actuate.audit.AuditEventRepository; SearchStrategy: all) did not find any beans of type org.springframework.boot.actuate.audit.AuditEventRepository (OnBeanCondition)

   AvailabilityHealthContributorAutoConfiguration#livenessStateHealthIndicator:
      Did not match:
         - @ConditionalOnProperty (management.health.livenessstate.enabled=true) did not find property 'enabled' (OnPropertyCondition)

   AvailabilityHealthContributorAutoConfiguration#readinessStateHealthIndicator:
      Did not match:
         - @ConditionalOnProperty (management.health.readinessstate.enabled=true) did not find property 'enabled' (OnPropertyCondition)

   AvailabilityProbesAutoConfiguration:
      Did not match:
         - Probes availability not running on a supported cloud platform (AvailabilityProbesAutoConfiguration.ProbesCondition)

   BatchAutoConfiguration:
      Did not match:
         - @ConditionalOnClass did not find required class 'org.springframework.batch.core.launch.JobLauncher' (OnClassCondition)

   BatchObservationAutoConfiguration:
      Did not match:
         - @ConditionalOnClass did not find required class 'org.springframework.batch.core.configuration.annotation.BatchObservabilityBeanPostProcessor' (OnClassCondition)

   BraveAutoConfiguration:
      Did not match:
         - @ConditionalOnClass did not find required class 'brave.Tracer' (OnClassCondition)

   Cache2kCacheConfiguration:
      Did not match:
         - @ConditionalOnClass did not find required class 'org.cache2k.Cache2kBuilder' (OnClassCondition)

   CacheAutoConfiguration:
      Did not match:
         - @ConditionalOnBean (types: org.springframework.cache.interceptor.CacheAspectSupport; SearchStrategy: all) did not find any beans of type org.springframework.cache.interceptor.CacheAspectSupport (OnBeanCondition)
      Matched:
         - @ConditionalOnClass found required class 'org.springframework.cache.CacheManager' (OnClassCondition)

   CacheAutoConfiguration.CacheManagerEntityManagerFactoryDependsOnPostProcessor:
      Did not match:
         - @ConditionalOnClass did not find required class 'org.springframework.orm.jpa.LocalContainerEntityManagerFactoryBean' (OnClassCondition)
         - Ancestor org.springframework.boot.autoconfigure.cache.CacheAutoConfiguration did not match (ConditionEvaluationReport.AncestorsMatchedCondition)

   CacheMeterBinderProvidersConfiguration.Cache2kCacheMeterBinderProviderConfiguration:
      Did not match:
         - @ConditionalOnClass did not find required classes 'org.cache2k.Cache2kBuilder', 'org.cache2k.extra.spring.SpringCache2kCache', 'org.cache2k.extra.micrometer.Cache2kCacheMetrics' (OnClassCondition)

   CacheMeterBinderProvidersConfiguration.CaffeineCacheMeterBinderProviderConfiguration:
      Did not match:
         - @ConditionalOnClass did not find required classes 'org.springframework.cache.caffeine.CaffeineCache', 'com.github.benmanes.caffeine.cache.Cache' (OnClassCondition)

   CacheMeterBinderProvidersConfiguration.HazelcastCacheMeterBinderProviderConfiguration:
      Did not match:
         - @ConditionalOnClass did not find required classes 'com.hazelcast.spring.cache.HazelcastCache', 'com.hazelcast.core.Hazelcast' (OnClassCondition)

   CacheMeterBinderProvidersConfiguration.JCacheCacheMeterBinderProviderConfiguration:
      Did not match:
         - @ConditionalOnClass did not find required classes 'org.springframework.cache.jcache.JCacheCache', 'javax.cache.CacheManager' (OnClassCondition)

   CacheMeterBinderProvidersConfiguration.RedisCacheMeterBinderProviderConfiguration:
      Did not match:
         - @ConditionalOnClass did not find required class 'org.springframework.data.redis.cache.RedisCache' (OnClassCondition)

   CacheMetricsAutoConfiguration:
      Did not match:
         - @ConditionalOnBean (types: org.springframework.cache.CacheManager; SearchStrategy: all) did not find any beans of type org.springframework.cache.CacheManager (OnBeanCondition)

   CaffeineCacheConfiguration:
      Did not match:
         - @ConditionalOnClass did not find required class 'com.github.benmanes.caffeine.cache.Caffeine' (OnClassCondition)

   CassandraAutoConfiguration:
      Did not match:
         - @ConditionalOnClass did not find required class 'com.datastax.oss.driver.api.core.CqlSession' (OnClassCondition)

   CassandraDataAutoConfiguration:
      Did not match:
         - @ConditionalOnClass did not find required class 'com.datastax.oss.driver.api.core.CqlSession' (OnClassCondition)

   CassandraHealthContributorAutoConfiguration:
      Did not match:
         - @ConditionalOnClass did not find required class 'com.datastax.oss.driver.api.core.CqlSession' (OnClassCondition)

   CassandraReactiveDataAutoConfiguration:
      Did not match:
         - @ConditionalOnClass did not find required class 'com.datastax.oss.driver.api.core.CqlSession' (OnClassCondition)

   CassandraReactiveHealthContributorAutoConfiguration:
      Did not match:
         - @ConditionalOnClass did not find required class 'com.datastax.oss.driver.api.core.CqlSession' (OnClassCondition)

   CassandraReactiveRepositoriesAutoConfiguration:
      Did not match:
         - @ConditionalOnClass did not find required class 'org.springframework.data.cassandra.ReactiveSession' (OnClassCondition)

   CassandraRepositoriesAutoConfiguration:
      Did not match:
         - @ConditionalOnClass did not find required class 'com.datastax.oss.driver.api.core.CqlSession' (OnClassCondition)

   ClientHttpConnectorAutoConfiguration:
      Did not match:
         - @ConditionalOnClass did not find required class 'org.springframework.web.reactive.function.client.WebClient' (OnClassCondition)

   CloudFoundryActuatorAutoConfiguration:
      Did not match:
         - @ConditionalOnCloudPlatform did not find CLOUD_FOUNDRY (OnCloudPlatformCondition)
      Matched:
         - @ConditionalOnClass found required class 'org.springframework.web.servlet.DispatcherServlet' (OnClassCondition)
         - found 'session' scope (OnWebApplicationCondition)
         - @ConditionalOnProperty (management.cloudfoundry.enabled) matched (OnPropertyCondition)

   CodecsAutoConfiguration:
      Did not match:
         - @ConditionalOnClass did not find required class 'org.springframework.web.reactive.function.client.WebClient' (OnClassCondition)

   CompositeMeterRegistryConfiguration:
      Did not match:
         - NoneNestedConditions 1 matched 1 did not; NestedCondition on CompositeMeterRegistryConfiguration.MultipleNonPrimaryMeterRegistriesCondition.SingleInjectableMeterRegistry @ConditionalOnSingleCandidate (types: io.micrometer.core.instrument.MeterRegistry; SearchStrategy: all) found a single bean 'simpleMeterRegistry'; NestedCondition on CompositeMeterRegistryConfiguration.MultipleNonPrimaryMeterRegistriesCondition.NoMeterRegistryCondition @ConditionalOnMissingBean (types: io.micrometer.core.instrument.MeterRegistry; SearchStrategy: all) found beans of type 'io.micrometer.core.instrument.MeterRegistry' simpleMeterRegistry (CompositeMeterRegistryConfiguration.MultipleNonPrimaryMeterRegistriesCondition)

   ConnectionFactoryHealthContributorAutoConfiguration:
      Did not match:
         - @ConditionalOnClass did not find required class 'io.r2dbc.spi.ConnectionFactory' (OnClassCondition)

   ConnectionPoolMetricsAutoConfiguration:
      Did not match:
         - @ConditionalOnClass did not find required class 'io.r2dbc.pool.ConnectionPool' (OnClassCondition)

   CouchbaseAutoConfiguration:
      Did not match:
         - @ConditionalOnClass did not find required class 'com.couchbase.client.java.Cluster' (OnClassCondition)

   CouchbaseCacheConfiguration:
      Did not match:
         - @ConditionalOnClass did not find required class 'com.couchbase.client.java.Cluster' (OnClassCondition)

   CouchbaseDataAutoConfiguration:
      Did not match:
         - @ConditionalOnClass did not find required class 'com.couchbase.client.java.Bucket' (OnClassCondition)

   CouchbaseHealthContributorAutoConfiguration:
      Did not match:
         - @ConditionalOnClass did not find required class 'com.couchbase.client.java.Cluster' (OnClassCondition)

   CouchbaseReactiveDataAutoConfiguration:
      Did not match:
         - @ConditionalOnClass did not find required class 'com.couchbase.client.java.Cluster' (OnClassCondition)

   CouchbaseReactiveHealthContributorAutoConfiguration:
      Did not match:
         - @ConditionalOnClass did not find required class 'com.couchbase.client.java.Cluster' (OnClassCondition)

   CouchbaseReactiveRepositoriesAutoConfiguration:
      Did not match:
         - @ConditionalOnClass did not find required class 'com.couchbase.client.java.Cluster' (OnClassCondition)

   CouchbaseRepositoriesAutoConfiguration:
      Did not match:
         - @ConditionalOnClass did not find required class 'com.couchbase.client.java.Bucket' (OnClassCondition)

   DataSourceAutoConfiguration:
      Did not match:
         - @ConditionalOnClass did not find required class 'org.springframework.jdbc.datasource.embedded.EmbeddedDatabaseType' (OnClassCondition)

   DataSourceHealthContributorAutoConfiguration:
      Did not match:
         - @ConditionalOnClass did not find required class 'org.springframework.jdbc.core.JdbcTemplate' (OnClassCondition)

   DataSourceInitializationConfiguration:
      Did not match:
         - @ConditionalOnClass did not find required class 'org.springframework.jdbc.datasource.init.DatabasePopulator' (OnClassCondition)

   DataSourcePoolMetricsAutoConfiguration:
      Did not match:
         - @ConditionalOnBean (types: javax.sql.DataSource,io.micrometer.core.instrument.MeterRegistry; SearchStrategy: all) did not find any beans of type javax.sql.DataSource (OnBeanCondition)
      Matched:
         - @ConditionalOnClass found required classes 'javax.sql.DataSource', 'io.micrometer.core.instrument.MeterRegistry' (OnClassCondition)

   DataSourcePoolMetricsAutoConfiguration.HikariDataSourceMetricsConfiguration:
      Did not match:
         - @ConditionalOnClass did not find required class 'com.zaxxer.hikari.HikariDataSource' (OnClassCondition)
         - Ancestor org.springframework.boot.actuate.autoconfigure.metrics.jdbc.DataSourcePoolMetricsAutoConfiguration did not match (ConditionEvaluationReport.AncestorsMatchedCondition)

   DataSourceTransactionManagerAutoConfiguration:
      Did not match:
         - @ConditionalOnClass did not find required class 'org.springframework.jdbc.core.JdbcTemplate' (OnClassCondition)

   DatadogMetricsExportAutoConfiguration:
      Did not match:
         - @ConditionalOnClass did not find required class 'io.micrometer.datadog.DatadogMeterRegistry' (OnClassCondition)

   DevToolsDataSourceAutoConfiguration:
      Did not match:
         - Devtools devtools is disabled for current context. (OnEnabledDevToolsCondition)
      Matched:
         - @ConditionalOnClass found required class 'javax.sql.DataSource' (OnClassCondition)

   DevToolsR2dbcAutoConfiguration:
      Did not match:
         - @ConditionalOnClass did not find required class 'io.r2dbc.spi.ConnectionFactory' (OnClassCondition)

   DispatcherServletAutoConfiguration.DispatcherServletConfiguration#multipartResolver:
      Did not match:
         - @ConditionalOnBean (types: org.springframework.web.multipart.MultipartResolver; SearchStrategy: all) did not find any beans of type org.springframework.web.multipart.MultipartResolver (OnBeanCondition)

   DynatraceMetricsExportAutoConfiguration:
      Did not match:
         - @ConditionalOnClass did not find required class 'io.micrometer.dynatrace.DynatraceMeterRegistry' (OnClassCondition)

   ElasticMetricsExportAutoConfiguration:
      Did not match:
         - @ConditionalOnClass did not find required class 'io.micrometer.elastic.ElasticMeterRegistry' (OnClassCondition)

   ElasticsearchClientAutoConfiguration:
      Did not match:
         - @ConditionalOnClass did not find required class 'co.elastic.clients.elasticsearch.ElasticsearchClient' (OnClassCondition)

   ElasticsearchDataAutoConfiguration:
      Did not match:
         - @ConditionalOnClass did not find required class 'org.springframework.data.elasticsearch.client.elc.ElasticsearchTemplate' (OnClassCondition)

   ElasticsearchReactiveHealthContributorAutoConfiguration:
      Did not match:
         - @ConditionalOnClass did not find required class 'reactor.core.publisher.Flux' (OnClassCondition)

   ElasticsearchRepositoriesAutoConfiguration:
      Did not match:
         - @ConditionalOnClass did not find required class 'org.springframework.data.elasticsearch.repository.ElasticsearchRepository' (OnClassCondition)

   ElasticsearchRestClientAutoConfiguration:
      Did not match:
         - @ConditionalOnClass did not find required class 'org.elasticsearch.client.RestClientBuilder' (OnClassCondition)

   ElasticsearchRestHealthContributorAutoConfiguration:
      Did not match:
         - @ConditionalOnClass did not find required class 'org.elasticsearch.client.RestClient' (OnClassCondition)

   EmbeddedLdapAutoConfiguration:
      Did not match:
         - @ConditionalOnClass did not find required class 'com.unboundid.ldap.listener.InMemoryDirectoryServer' (OnClassCondition)

   EmbeddedWebServerFactoryCustomizerAutoConfiguration:
      Did not match:
         - Application is deployed as a WAR file. (OnWarDeploymentCondition)
      Matched:
         - @ConditionalOnWebApplication (required) found 'session' scope (OnWebApplicationCondition)

   ErrorWebFluxAutoConfiguration:
      Did not match:
         - @ConditionalOnClass did not find required class 'org.springframework.web.reactive.config.WebFluxConfigurer' (OnClassCondition)

   FlywayAutoConfiguration:
      Did not match:
         - @ConditionalOnClass did not find required class 'org.flywaydb.core.Flyway' (OnClassCondition)

   FlywayEndpointAutoConfiguration:
      Did not match:
         - @ConditionalOnClass did not find required class 'org.flywaydb.core.Flyway' (OnClassCondition)

   FreeMarkerAutoConfiguration:
      Did not match:
         - @ConditionalOnClass did not find required class 'freemarker.template.Configuration' (OnClassCondition)

   GangliaMetricsExportAutoConfiguration:
      Did not match:
         - @ConditionalOnClass did not find required class 'io.micrometer.ganglia.GangliaMeterRegistry' (OnClassCondition)

   GraphQlAutoConfiguration:
      Did not match:
         - @ConditionalOnClass did not find required class 'graphql.GraphQL' (OnClassCondition)

   GraphQlObservationAutoConfiguration:
      Did not match:
         - @ConditionalOnClass did not find required class 'graphql.GraphQL' (OnClassCondition)

   GraphQlQueryByExampleAutoConfiguration:
      Did not match:
         - @ConditionalOnClass did not find required class 'graphql.GraphQL' (OnClassCondition)

   GraphQlQuerydslAutoConfiguration:
      Did not match:
         - @ConditionalOnClass did not find required class 'com.querydsl.core.Query' (OnClassCondition)

   GraphQlRSocketAutoConfiguration:
      Did not match:
         - @ConditionalOnClass did not find required class 'graphql.GraphQL' (OnClassCondition)

   GraphQlReactiveQueryByExampleAutoConfiguration:
      Did not match:
         - @ConditionalOnClass did not find required class 'graphql.GraphQL' (OnClassCondition)

   GraphQlReactiveQuerydslAutoConfiguration:
      Did not match:
         - @ConditionalOnClass did not find required class 'com.querydsl.core.Query' (OnClassCondition)

   GraphQlWebFluxAutoConfiguration:
      Did not match:
         - @ConditionalOnClass did not find required class 'graphql.GraphQL' (OnClassCondition)

   GraphQlWebFluxSecurityAutoConfiguration:
      Did not match:
         - @ConditionalOnClass did not find required class 'graphql.GraphQL' (OnClassCondition)

   GraphQlWebMvcAutoConfiguration:
      Did not match:
         - @ConditionalOnClass did not find required class 'graphql.GraphQL' (OnClassCondition)

   GraphQlWebMvcSecurityAutoConfiguration:
      Did not match:
         - @ConditionalOnClass did not find required class 'graphql.GraphQL' (OnClassCondition)

   GraphiteMetricsExportAutoConfiguration:
      Did not match:
         - @ConditionalOnClass did not find required class 'io.micrometer.graphite.GraphiteMeterRegistry' (OnClassCondition)

   GroovyTemplateAutoConfiguration:
      Did not match:
         - @ConditionalOnClass did not find required class 'groovy.text.markup.MarkupTemplateEngine' (OnClassCondition)

   GsonAutoConfiguration:
      Did not match:
         - @ConditionalOnClass did not find required class 'com.google.gson.Gson' (OnClassCondition)

   GsonHttpMessageConvertersConfiguration:
      Did not match:
         - @ConditionalOnClass did not find required class 'com.google.gson.Gson' (OnClassCondition)

   H2ConsoleAutoConfiguration:
      Did not match:
         - @ConditionalOnClass did not find required class 'org.h2.server.web.JakartaWebServlet' (OnClassCondition)

   HazelcastAutoConfiguration:
      Did not match:
         - @ConditionalOnClass did not find required class 'com.hazelcast.core.HazelcastInstance' (OnClassCondition)

   HazelcastCacheConfiguration:
      Did not match:
         - @ConditionalOnClass did not find required class 'com.hazelcast.core.HazelcastInstance' (OnClassCondition)

   HazelcastHealthContributorAutoConfiguration:
      Did not match:
         - @ConditionalOnClass did not find required class 'com.hazelcast.core.HazelcastInstance' (OnClassCondition)

   HazelcastJpaDependencyAutoConfiguration:
      Did not match:
         - @ConditionalOnClass did not find required class 'com.hazelcast.core.HazelcastInstance' (OnClassCondition)

   HealthEndpointReactiveWebExtensionConfiguration:
      Did not match:
         - did not find reactive web application classes (OnWebApplicationCondition)

   HealthEndpointWebExtensionConfiguration.JerseyAdditionalHealthEndpointPathsConfiguration:
      Did not match:
         - @ConditionalOnClass did not find required class 'org.glassfish.jersey.server.ResourceConfig' (OnClassCondition)

   HibernateJpaAutoConfiguration:
      Did not match:
         - @ConditionalOnClass did not find required class 'jakarta.persistence.EntityManager' (OnClassCondition)

   HibernateMetricsAutoConfiguration:
      Did not match:
         - @ConditionalOnClass did not find required class 'jakarta.persistence.EntityManagerFactory' (OnClassCondition)

   HttpExchangesAutoConfiguration:
      Did not match:
         - @ConditionalOnBean (types: org.springframework.boot.actuate.web.exchanges.HttpExchangeRepository; SearchStrategy: all) did not find any beans of type org.springframework.boot.actuate.web.exchanges.HttpExchangeRepository (OnBeanCondition)
      Matched:
         - @ConditionalOnWebApplication (required) found 'session' scope (OnWebApplicationCondition)
         - @ConditionalOnProperty (management.httpexchanges.recording.enabled) matched (OnPropertyCondition)

   HttpExchangesAutoConfiguration.ReactiveHttpExchangesConfiguration:
      Did not match:
         - did not find reactive web application classes (OnWebApplicationCondition)
         - Ancestor org.springframework.boot.actuate.autoconfigure.web.exchanges.HttpExchangesAutoConfiguration did not match (ConditionEvaluationReport.AncestorsMatchedCondition)

   HttpExchangesAutoConfiguration.ServletHttpExchangesConfiguration:
      Did not match:
         - Ancestor org.springframework.boot.actuate.autoconfigure.web.exchanges.HttpExchangesAutoConfiguration did not match (ConditionEvaluationReport.AncestorsMatchedCondition)
      Matched:
         - found 'session' scope (OnWebApplicationCondition)

   HttpExchangesEndpointAutoConfiguration#httpExchangesEndpoint:
      Did not match:
         - @ConditionalOnBean (types: org.springframework.boot.actuate.web.exchanges.HttpExchangeRepository; SearchStrategy: all) did not find any beans of type org.springframework.boot.actuate.web.exchanges.HttpExchangeRepository (OnBeanCondition)

   HttpHandlerAutoConfiguration:
      Did not match:
         - @ConditionalOnClass did not find required class 'org.springframework.web.reactive.DispatcherHandler' (OnClassCondition)

   HumioMetricsExportAutoConfiguration:
      Did not match:
         - @ConditionalOnClass did not find required class 'io.micrometer.humio.HumioMeterRegistry' (OnClassCondition)

   HypermediaAutoConfiguration:
      Did not match:
         - @ConditionalOnClass did not find required class 'org.springframework.hateoas.EntityModel' (OnClassCondition)

   InfinispanCacheConfiguration:
      Did not match:
         - @ConditionalOnClass did not find required class 'org.infinispan.spring.embedded.provider.SpringEmbeddedCacheManager' (OnClassCondition)

   InfluxMetricsExportAutoConfiguration:
      Did not match:
         - @ConditionalOnClass did not find required class 'io.micrometer.influx.InfluxMeterRegistry' (OnClassCondition)

   InfoContributorAutoConfiguration#buildInfoContributor:
      Did not match:
         - @ConditionalOnSingleCandidate (types: org.springframework.boot.info.BuildProperties; SearchStrategy: all) did not find any beans (OnBeanCondition)
      Matched:
         - @ConditionalOnEnabledInfoContributor management.info.defaults.enabled is considered true (OnEnabledInfoContributorCondition)

   InfoContributorAutoConfiguration#envInfoContributor:
      Did not match:
         - @ConditionalOnEnabledInfoContributor management.info.env.enabled is not true (OnEnabledInfoContributorCondition)

   InfoContributorAutoConfiguration#gitInfoContributor:
      Did not match:
         - @ConditionalOnSingleCandidate (types: org.springframework.boot.info.GitProperties; SearchStrategy: all) did not find any beans (OnBeanCondition)
      Matched:
         - @ConditionalOnEnabledInfoContributor management.info.defaults.enabled is considered true (OnEnabledInfoContributorCondition)

   InfoContributorAutoConfiguration#javaInfoContributor:
      Did not match:
         - @ConditionalOnEnabledInfoContributor management.info.java.enabled is not true (OnEnabledInfoContributorCondition)

   InfoContributorAutoConfiguration#osInfoContributor:
      Did not match:
         - @ConditionalOnEnabledInfoContributor management.info.os.enabled is not true (OnEnabledInfoContributorCondition)

   InfoContributorAutoConfiguration#processInfoContributor:
      Did not match:
         - @ConditionalOnEnabledInfoContributor management.info.process.enabled is not true (OnEnabledInfoContributorCondition)

   InfoContributorAutoConfiguration#sslInfo:
      Did not match:
         - @ConditionalOnEnabledInfoContributor management.info.ssl.enabled is not true (OnEnabledInfoContributorCondition)
      Matched:
         - @ConditionalOnMissingBean (types: org.springframework.boot.info.SslInfo; SearchStrategy: all) did not find any beans (OnBeanCondition)

   InfoContributorAutoConfiguration#sslInfoContributor:
      Did not match:
         - @ConditionalOnEnabledInfoContributor management.info.ssl.enabled is not true (OnEnabledInfoContributorCondition)

   IntegrationAutoConfiguration:
      Did not match:
         - @ConditionalOnClass did not find required class 'org.springframework.integration.config.EnableIntegration' (OnClassCondition)

   IntegrationGraphEndpointAutoConfiguration:
      Did not match:
         - @ConditionalOnClass did not find required class 'org.springframework.integration.graph.IntegrationGraphServer' (OnClassCondition)

   JCacheCacheConfiguration:
      Did not match:
         - @ConditionalOnClass did not find required class 'javax.cache.Caching' (OnClassCondition)

   JacksonHttpMessageConvertersConfiguration.MappingJackson2XmlHttpMessageConverterConfiguration:
      Did not match:
         - @ConditionalOnClass did not find required class 'com.fasterxml.jackson.dataformat.xml.XmlMapper' (OnClassCondition)

   JdbcClientAutoConfiguration:
      Did not match:
         - @ConditionalOnSingleCandidate did not find required type 'org.springframework.jdbc.core.namedparam.NamedParameterJdbcTemplate' (OnBeanCondition)

   JdbcRepositoriesAutoConfiguration:
      Did not match:
         - @ConditionalOnClass did not find required class 'org.springframework.data.jdbc.repository.config.AbstractJdbcConfiguration' (OnClassCondition)

   JdbcTemplateAutoConfiguration:
      Did not match:
         - @ConditionalOnClass did not find required class 'org.springframework.jdbc.core.JdbcTemplate' (OnClassCondition)

   JerseyAutoConfiguration:
      Did not match:
         - @ConditionalOnClass did not find required class 'org.glassfish.jersey.server.spring.SpringComponentProvider' (OnClassCondition)

   JerseySameManagementContextConfiguration:
      Did not match:
         - @ConditionalOnClass did not find required class 'org.glassfish.jersey.server.ResourceConfig' (OnClassCondition)

   JerseyServerMetricsAutoConfiguration:
      Did not match:
         - @ConditionalOnClass did not find required class 'org.glassfish.jersey.micrometer.server.ObservationApplicationEventListener' (OnClassCondition)

   JerseyWebEndpointManagementContextConfiguration:
      Did not match:
         - @ConditionalOnClass did not find required class 'org.glassfish.jersey.server.ResourceConfig' (OnClassCondition)

   JettyMetricsAutoConfiguration:
      Did not match:
         - @ConditionalOnClass did not find required class 'org.eclipse.jetty.server.Server' (OnClassCondition)

   JmsAutoConfiguration:
      Did not match:
         - @ConditionalOnClass did not find required class 'jakarta.jms.Message' (OnClassCondition)

   JmsHealthContributorAutoConfiguration:
      Did not match:
         - @ConditionalOnClass did not find required class 'jakarta.jms.ConnectionFactory' (OnClassCondition)

   JmxAutoConfiguration:
      Did not match:
         - @ConditionalOnProperty (spring.jmx.enabled=true) found different value in property 'enabled' (OnPropertyCondition)
      Matched:
         - @ConditionalOnClass found required class 'org.springframework.jmx.export.MBeanExporter' (OnClassCondition)

   JmxEndpointAutoConfiguration:
      Did not match:
         - @ConditionalOnProperty (spring.jmx.enabled=true) found different value in property 'enabled' (OnPropertyCondition)

   JmxMetricsExportAutoConfiguration:
      Did not match:
         - @ConditionalOnClass did not find required class 'io.micrometer.jmx.JmxMeterRegistry' (OnClassCondition)

   JndiConnectionFactoryAutoConfiguration:
      Did not match:
         - @ConditionalOnClass did not find required class 'org.springframework.jms.core.JmsTemplate' (OnClassCondition)

   JndiDataSourceAutoConfiguration:
      Did not match:
         - @ConditionalOnClass did not find required class 'org.springframework.jdbc.datasource.embedded.EmbeddedDatabaseType' (OnClassCondition)

   JooqAutoConfiguration:
      Did not match:
         - @ConditionalOnClass did not find required class 'org.jooq.DSLContext' (OnClassCondition)

   JpaRepositoriesAutoConfiguration:
      Did not match:
         - @ConditionalOnClass did not find required class 'org.springframework.data.jpa.repository.JpaRepository' (OnClassCondition)

   JsonbAutoConfiguration:
      Did not match:
         - @ConditionalOnClass did not find required class 'jakarta.json.bind.Jsonb' (OnClassCondition)

   JsonbHttpMessageConvertersConfiguration:
      Did not match:
         - @ConditionalOnClass did not find required class 'jakarta.json.bind.Jsonb' (OnClassCondition)

   JtaAutoConfiguration:
      Did not match:
         - @ConditionalOnClass did not find required class 'jakarta.transaction.Transaction' (OnClassCondition)

   KafkaAutoConfiguration:
      Did not match:
         - @ConditionalOnClass did not find required class 'org.springframework.kafka.core.KafkaTemplate' (OnClassCondition)

   KafkaMetricsAutoConfiguration:
      Did not match:
         - @ConditionalOnClass did not find required class 'org.springframework.kafka.core.ProducerFactory' (OnClassCondition)

   KairosMetricsExportAutoConfiguration:
      Did not match:
         - @ConditionalOnClass did not find required class 'io.micrometer.kairos.KairosMeterRegistry' (OnClassCondition)

   LdapAutoConfiguration:
      Did not match:
         - @ConditionalOnClass did not find required class 'org.springframework.ldap.core.ContextSource' (OnClassCondition)

   LdapHealthContributorAutoConfiguration:
      Did not match:
         - @ConditionalOnClass did not find required class 'org.springframework.ldap.core.LdapOperations' (OnClassCondition)

   LdapRepositoriesAutoConfiguration:
      Did not match:
         - @ConditionalOnClass did not find required class 'org.springframework.data.ldap.repository.LdapRepository' (OnClassCondition)

   LettuceMetricsAutoConfiguration:
      Did not match:
         - @ConditionalOnClass did not find required class 'io.lettuce.core.metrics.MicrometerCommandLatencyRecorder' (OnClassCondition)

   LiquibaseAutoConfiguration:
      Did not match:
         - @ConditionalOnClass did not find required class 'liquibase.change.DatabaseChange' (OnClassCondition)

   LiquibaseEndpointAutoConfiguration:
      Did not match:
         - @ConditionalOnClass did not find required class 'liquibase.integration.spring.SpringLiquibase' (OnClassCondition)

   LocalDevToolsAutoConfiguration:
      Did not match:
         - Initialized Restarter Condition initialized without URLs (OnInitializedRestarterCondition)

   Log4J2MetricsAutoConfiguration:
      Did not match:
         - @ConditionalOnClass did not find required class 'org.apache.logging.log4j.core.LoggerContext' (OnClassCondition)

   LogFileWebEndpointAutoConfiguration#logFileWebEndpoint:
      Did not match:
         - Log File did not find logging file (LogFileWebEndpointAutoConfiguration.LogFileCondition)

   MailHealthContributorAutoConfiguration:
      Did not match:
         - @ConditionalOnClass did not find required class 'org.springframework.mail.javamail.JavaMailSenderImpl' (OnClassCondition)

   MailSenderAutoConfiguration:
      Did not match:
         - @ConditionalOnClass did not find required class 'jakarta.mail.internet.MimeMessage' (OnClassCondition)

   MailSenderValidatorAutoConfiguration:
      Did not match:
         - @ConditionalOnSingleCandidate did not find required type 'org.springframework.mail.javamail.JavaMailSenderImpl' (OnBeanCondition)

   ManagementContextAutoConfiguration.DifferentManagementContextConfiguration:
      Did not match:
         - Management Port actual port type (SAME) did not match required type (DIFFERENT) (OnManagementPortCondition)

   ManagementWebSecurityAutoConfiguration:
      Did not match:
         - AllNestedConditions 1 matched 1 did not; NestedCondition on DefaultWebSecurityCondition.Beans @ConditionalOnMissingBean (types: org.springframework.security.web.SecurityFilterChain; SearchStrategy: all) did not find any beans; NestedCondition on DefaultWebSecurityCondition.Classes @ConditionalOnClass did not find required classes 'org.springframework.security.web.SecurityFilterChain', 'org.springframework.security.config.annotation.web.builders.HttpSecurity' (DefaultWebSecurityCondition)
      Matched:
         - found 'session' scope (OnWebApplicationCondition)

   MappingsEndpointAutoConfiguration.ReactiveWebConfiguration:
      Did not match:
         - @ConditionalOnClass did not find required class 'org.springframework.web.reactive.DispatcherHandler' (OnClassCondition)

   MessageSourceAutoConfiguration:
      Did not match:
         - ResourceBundle did not find bundle with basename messages (MessageSourceAutoConfiguration.ResourceBundleCondition)

   MetricsAspectsAutoConfiguration:
      Did not match:
         - @ConditionalOnClass did not find required class 'org.aspectj.weaver.Advice' (OnClassCondition)

   MicrometerTracingAutoConfiguration:
      Did not match:
         - @ConditionalOnClass did not find required class 'io.micrometer.tracing.Tracer' (OnClassCondition)

   MongoAutoConfiguration:
      Did not match:
         - @ConditionalOnClass did not find required class 'com.mongodb.client.MongoClient' (OnClassCondition)

   MongoDataAutoConfiguration:
      Did not match:
         - @ConditionalOnClass did not find required class 'com.mongodb.client.MongoClient' (OnClassCondition)

   MongoHealthContributorAutoConfiguration:
      Did not match:
         - @ConditionalOnClass did not find required class 'org.springframework.data.mongodb.core.MongoTemplate' (OnClassCondition)

   MongoMetricsAutoConfiguration:
      Did not match:
         - @ConditionalOnClass did not find required class 'com.mongodb.MongoClientSettings' (OnClassCondition)

   MongoReactiveAutoConfiguration:
      Did not match:
         - @ConditionalOnClass did not find required class 'com.mongodb.reactivestreams.client.MongoClient' (OnClassCondition)

   MongoReactiveDataAutoConfiguration:
      Did not match:
         - @ConditionalOnClass did not find required class 'com.mongodb.reactivestreams.client.MongoClient' (OnClassCondition)

   MongoReactiveHealthContributorAutoConfiguration:
      Did not match:
         - @ConditionalOnClass did not find required class 'reactor.core.publisher.Flux' (OnClassCondition)

   MongoReactiveRepositoriesAutoConfiguration:
      Did not match:
         - @ConditionalOnClass did not find required class 'com.mongodb.reactivestreams.client.MongoClient' (OnClassCondition)

   MongoRepositoriesAutoConfiguration:
      Did not match:
         - @ConditionalOnClass did not find required class 'com.mongodb.client.MongoClient' (OnClassCondition)

   MustacheAutoConfiguration:
      Did not match:
         - @ConditionalOnClass did not find required class 'com.samskivert.mustache.Mustache' (OnClassCondition)

   Neo4jAutoConfiguration:
      Did not match:
         - @ConditionalOnClass did not find required class 'org.neo4j.driver.Driver' (OnClassCondition)

   Neo4jDataAutoConfiguration:
      Did not match:
         - @ConditionalOnClass did not find required class 'org.neo4j.driver.Driver' (OnClassCondition)

   Neo4jHealthContributorAutoConfiguration:
      Did not match:
         - @ConditionalOnClass did not find required class 'org.neo4j.driver.Driver' (OnClassCondition)

   Neo4jReactiveDataAutoConfiguration:
      Did not match:
         - @ConditionalOnClass did not find required class 'org.neo4j.driver.Driver' (OnClassCondition)

   Neo4jReactiveRepositoriesAutoConfiguration:
      Did not match:
         - @ConditionalOnClass did not find required class 'org.neo4j.driver.Driver' (OnClassCondition)

   Neo4jRepositoriesAutoConfiguration:
      Did not match:
         - @ConditionalOnClass did not find required class 'org.neo4j.driver.Driver' (OnClassCondition)

   NettyAutoConfiguration:
      Did not match:
         - @ConditionalOnClass did not find required class 'io.netty.util.NettyRuntime' (OnClassCondition)

   NewRelicMetricsExportAutoConfiguration:
      Did not match:
         - @ConditionalOnClass did not find required class 'io.micrometer.newrelic.NewRelicMeterRegistry' (OnClassCondition)

   NoOpMeterRegistryConfiguration:
      Did not match:
         - @ConditionalOnMissingBean (types: io.micrometer.core.instrument.MeterRegistry; SearchStrategy: all) found beans of type 'io.micrometer.core.instrument.MeterRegistry' simpleMeterRegistry (OnBeanCondition)

   NoopTracerAutoConfiguration:
      Did not match:
         - @ConditionalOnClass did not find required class 'io.micrometer.tracing.Tracer' (OnClassCondition)

   OAuth2AuthorizationServerAutoConfiguration:
      Did not match:
         - @ConditionalOnClass did not find required class 'org.springframework.security.oauth2.server.authorization.OAuth2Authorization' (OnClassCondition)

   OAuth2AuthorizationServerJwtAutoConfiguration:
      Did not match:
         - @ConditionalOnClass did not find required class 'org.springframework.security.oauth2.server.authorization.OAuth2Authorization' (OnClassCondition)

   OAuth2ClientAutoConfiguration:
      Did not match:
         - @ConditionalOnClass did not find required class 'org.springframework.security.config.annotation.web.configuration.EnableWebSecurity' (OnClassCondition)

   OAuth2ResourceServerAutoConfiguration:
      Did not match:
         - @ConditionalOnClass did not find required class 'org.springframework.security.oauth2.server.resource.authentication.BearerTokenAuthenticationToken' (OnClassCondition)

   ObservationAutoConfiguration.MeterObservationHandlerConfiguration.TracingAndMetricsObservationHandlerConfiguration:
      Did not match:
         - @ConditionalOnBean did not find required type 'io.micrometer.tracing.Tracer' (OnBeanCondition)
         - @ConditionalOnBean (types: io.micrometer.tracing.Tracer; SearchStrategy: all) did not find any beans of type io.micrometer.tracing.Tracer (OnBeanCondition)

   ObservationAutoConfiguration.MetricsWithTracingConfiguration:
      Did not match:
         - @ConditionalOnClass did not find required class 'io.micrometer.tracing.Tracer' (OnClassCondition)

   ObservationAutoConfiguration.ObservedAspectConfiguration:
      Did not match:
         - @ConditionalOnClass did not find required class 'org.aspectj.weaver.Advice' (OnClassCondition)

   ObservationAutoConfiguration.OnlyTracingConfiguration:
      Did not match:
         - @ConditionalOnClass did not find required class 'io.micrometer.tracing.Tracer' (OnClassCondition)

   OpenTelemetryAutoConfiguration:
      Did not match:
         - @ConditionalOnClass did not find required class 'io.opentelemetry.sdk.OpenTelemetrySdk' (OnClassCondition)

   OpenTelemetryLoggingAutoConfiguration:
      Did not match:
         - @ConditionalOnClass did not find required class 'io.opentelemetry.api.OpenTelemetry' (OnClassCondition)

   OpenTelemetryTracingAutoConfiguration:
      Did not match:
         - @ConditionalOnClass did not find required class 'io.micrometer.tracing.otel.bridge.OtelTracer' (OnClassCondition)

   OtlpLoggingAutoConfiguration:
      Did not match:
         - @ConditionalOnClass did not find required class 'io.opentelemetry.api.OpenTelemetry' (OnClassCondition)

   OtlpMetricsExportAutoConfiguration:
      Did not match:
         - @ConditionalOnClass did not find required class 'io.micrometer.registry.otlp.OtlpMeterRegistry' (OnClassCondition)

   OtlpTracingAutoConfiguration:
      Did not match:
         - @ConditionalOnClass did not find required class 'io.micrometer.tracing.otel.bridge.OtelTracer' (OnClassCondition)

   PersistenceExceptionTranslationAutoConfiguration:
      Did not match:
         - @ConditionalOnClass did not find required class 'org.springframework.dao.annotation.PersistenceExceptionTranslationPostProcessor' (OnClassCondition)

   ProjectInfoAutoConfiguration#buildProperties:
      Did not match:
         - @ConditionalOnResource did not find resource '${spring.info.build.location:classpath:META-INF/build-info.properties}' (OnResourceCondition)

   ProjectInfoAutoConfiguration#gitProperties:
      Did not match:
         - GitResource did not find git info at classpath:git.properties (ProjectInfoAutoConfiguration.GitResourceAvailableCondition)

   PrometheusExemplarsAutoConfiguration:
      Did not match:
         - @ConditionalOnClass did not find required class 'io.micrometer.tracing.Tracer' (OnClassCondition)

   PrometheusMetricsExportAutoConfiguration:
      Did not match:
         - @ConditionalOnClass did not find required class 'io.micrometer.prometheusmetrics.PrometheusMeterRegistry' (OnClassCondition)

   PrometheusSimpleclientExemplarsAutoConfiguration:
      Did not match:
         - @ConditionalOnClass did not find required class 'io.micrometer.tracing.Tracer' (OnClassCondition)

   PrometheusSimpleclientMetricsExportAutoConfiguration:
      Did not match:
         - @ConditionalOnClass did not find required class 'io.micrometer.prometheus.PrometheusMeterRegistry' (OnClassCondition)

   PulsarAutoConfiguration:
      Did not match:
         - @ConditionalOnClass did not find required class 'org.apache.pulsar.client.api.PulsarClient' (OnClassCondition)

   PulsarReactiveAutoConfiguration:
      Did not match:
         - @ConditionalOnClass did not find required class 'org.apache.pulsar.client.api.PulsarClient' (OnClassCondition)

   QuartzAutoConfiguration:
      Did not match:
         - @ConditionalOnClass did not find required class 'org.quartz.Scheduler' (OnClassCondition)

   QuartzEndpointAutoConfiguration:
      Did not match:
         - @ConditionalOnClass did not find required class 'org.quartz.Scheduler' (OnClassCondition)

   R2dbcAutoConfiguration:
      Did not match:
         - @ConditionalOnClass did not find required class 'io.r2dbc.spi.ConnectionFactory' (OnClassCondition)

   R2dbcDataAutoConfiguration:
      Did not match:
         - @ConditionalOnClass did not find required class 'org.springframework.data.r2dbc.core.R2dbcEntityTemplate' (OnClassCondition)

   R2dbcInitializationConfiguration:
      Did not match:
         - @ConditionalOnClass did not find required classes 'io.r2dbc.spi.ConnectionFactory', 'org.springframework.r2dbc.connection.init.DatabasePopulator' (OnClassCondition)

   R2dbcObservationAutoConfiguration:
      Did not match:
         - @ConditionalOnClass did not find required class 'io.r2dbc.proxy.ProxyConnectionFactory' (OnClassCondition)

   R2dbcProxyAutoConfiguration:
      Did not match:
         - @ConditionalOnClass did not find required class 'io.r2dbc.proxy.ProxyConnectionFactory' (OnClassCondition)

   R2dbcRepositoriesAutoConfiguration:
      Did not match:
         - @ConditionalOnClass did not find required class 'io.r2dbc.spi.ConnectionFactory' (OnClassCondition)

   R2dbcTransactionManagerAutoConfiguration:
      Did not match:
         - @ConditionalOnClass did not find required class 'org.springframework.r2dbc.connection.R2dbcTransactionManager' (OnClassCondition)

   RSocketGraphQlClientAutoConfiguration:
      Did not match:
         - @ConditionalOnClass did not find required class 'graphql.GraphQL' (OnClassCondition)

   RSocketMessagingAutoConfiguration:
      Did not match:
         - @ConditionalOnClass did not find required class 'io.rsocket.RSocket' (OnClassCondition)

   RSocketRequesterAutoConfiguration:
      Did not match:
         - @ConditionalOnClass did not find required class 'io.rsocket.RSocket' (OnClassCondition)

   RSocketSecurityAutoConfiguration:
      Did not match:
         - @ConditionalOnClass did not find required class 'org.springframework.security.rsocket.core.SecuritySocketAcceptorInterceptor' (OnClassCondition)

   RSocketServerAutoConfiguration:
      Did not match:
         - @ConditionalOnClass did not find required class 'io.rsocket.core.RSocketServer' (OnClassCondition)

   RSocketStrategiesAutoConfiguration:
      Did not match:
         - @ConditionalOnClass did not find required class 'io.netty.buffer.PooledByteBufAllocator' (OnClassCondition)

   RabbitAutoConfiguration:
      Did not match:
         - @ConditionalOnClass did not find required class 'com.rabbitmq.client.Channel' (OnClassCondition)

   RabbitHealthContributorAutoConfiguration:
      Did not match:
         - @ConditionalOnClass did not find required class 'org.springframework.amqp.rabbit.core.RabbitTemplate' (OnClassCondition)

   RabbitMetricsAutoConfiguration:
      Did not match:
         - @ConditionalOnClass did not find required class 'com.rabbitmq.client.ConnectionFactory' (OnClassCondition)

   ReactiveCloudFoundryActuatorAutoConfiguration:
      Did not match:
         - @ConditionalOnWebApplication did not find reactive web application classes (OnWebApplicationCondition)

   ReactiveElasticsearchClientAutoConfiguration:
      Did not match:
         - @ConditionalOnClass did not find required class 'co.elastic.clients.transport.ElasticsearchTransport' (OnClassCondition)

   ReactiveElasticsearchRepositoriesAutoConfiguration:
      Did not match:
         - @ConditionalOnClass did not find required class 'reactor.core.publisher.Mono' (OnClassCondition)

   ReactiveHealthEndpointConfiguration:
      Did not match:
         - @ConditionalOnClass did not find required class 'reactor.core.publisher.Flux' (OnClassCondition)

   ReactiveManagementContextAutoConfiguration:
      Did not match:
         - @ConditionalOnClass did not find required class 'reactor.core.publisher.Flux' (OnClassCondition)

   ReactiveManagementWebSecurityAutoConfiguration:
      Did not match:
         - @ConditionalOnClass did not find required class 'org.springframework.security.config.annotation.web.reactive.EnableWebFluxSecurity' (OnClassCondition)

   ReactiveMultipartAutoConfiguration:
      Did not match:
         - @ConditionalOnClass did not find required class 'org.springframework.web.reactive.config.WebFluxConfigurer' (OnClassCondition)

   ReactiveOAuth2ClientAutoConfiguration:
      Did not match:
         - @ConditionalOnClass did not find required class 'reactor.core.publisher.Flux' (OnClassCondition)

   ReactiveOAuth2ResourceServerAutoConfiguration:
      Did not match:
         - @ConditionalOnClass did not find required class 'org.springframework.security.config.annotation.web.reactive.EnableWebFluxSecurity' (OnClassCondition)

   ReactiveSecurityAutoConfiguration:
      Did not match:
         - @ConditionalOnClass did not find required class 'reactor.core.publisher.Flux' (OnClassCondition)

   ReactiveUserDetailsServiceAutoConfiguration:
      Did not match:
         - @ConditionalOnClass did not find required class 'org.springframework.security.authentication.ReactiveAuthenticationManager' (OnClassCondition)

   ReactiveWebServerFactoryAutoConfiguration:
      Did not match:
         - @ConditionalOnWebApplication did not find reactive web application classes (OnWebApplicationCondition)

   ReactorAutoConfiguration:
      Did not match:
         - @ConditionalOnClass did not find required class 'reactor.core.publisher.Hooks' (OnClassCondition)

   RedisAutoConfiguration:
      Did not match:
         - @ConditionalOnClass did not find required class 'org.springframework.data.redis.core.RedisOperations' (OnClassCondition)

   RedisCacheConfiguration:
      Did not match:
         - @ConditionalOnClass did not find required class 'org.springframework.data.redis.connection.RedisConnectionFactory' (OnClassCondition)

   RedisHealthContributorAutoConfiguration:
      Did not match:
         - @ConditionalOnClass did not find required class 'org.springframework.data.redis.connection.RedisConnectionFactory' (OnClassCondition)

   RedisReactiveAutoConfiguration:
      Did not match:
         - @ConditionalOnClass did not find required class 'reactor.core.publisher.Flux' (OnClassCondition)

   RedisReactiveHealthContributorAutoConfiguration:
      Did not match:
         - @ConditionalOnClass did not find required class 'reactor.core.publisher.Flux' (OnClassCondition)

   RedisRepositoriesAutoConfiguration:
      Did not match:
         - @ConditionalOnClass did not find required class 'org.springframework.data.redis.repository.configuration.EnableRedisRepositories' (OnClassCondition)

   RemoteDevToolsAutoConfiguration:
      Did not match:
         - @ConditionalOnProperty (spring.devtools.remote.secret) did not find property 'secret' (OnPropertyCondition)
      Matched:
         - @ConditionalOnClass found required classes 'jakarta.servlet.Filter', 'org.springframework.http.server.ServerHttpRequest' (OnClassCondition)

   RepositoryMetricsAutoConfiguration:
      Did not match:
         - @ConditionalOnClass did not find required class 'org.springframework.data.repository.Repository' (OnClassCondition)

   RepositoryRestMvcAutoConfiguration:
      Did not match:
         - @ConditionalOnClass did not find required class 'org.springframework.data.rest.webmvc.config.RepositoryRestMvcConfiguration' (OnClassCondition)

   Saml2RelyingPartyAutoConfiguration:
      Did not match:
         - @ConditionalOnClass did not find required class 'org.springframework.security.saml2.provider.service.registration.RelyingPartyRegistrationRepository' (OnClassCondition)

   SecurityAutoConfiguration:
      Did not match:
         - @ConditionalOnClass did not find required class 'org.springframework.security.authentication.DefaultAuthenticationEventPublisher' (OnClassCondition)

   SecurityFilterAutoConfiguration:
      Did not match:
         - @ConditionalOnClass did not find required class 'org.springframework.security.config.http.SessionCreationPolicy' (OnClassCondition)

   SecurityRequestMatchersManagementContextConfiguration:
      Did not match:
         - @ConditionalOnClass did not find required class 'org.springframework.security.web.util.matcher.RequestMatcher' (OnClassCondition)

   SendGridAutoConfiguration:
      Did not match:
         - @ConditionalOnClass did not find required class 'com.sendgrid.SendGrid' (OnClassCondition)

   ServletEndpointManagementContextConfiguration.JerseyServletEndpointManagementContextConfiguration:
      Did not match:
         - @ConditionalOnClass did not find required class 'org.glassfish.jersey.server.ResourceConfig' (OnClassCondition)

   ServletManagementContextAutoConfiguration.ApplicationContextFilterConfiguration:
      Did not match:
         - @ConditionalOnProperty (management.server.add-application-context-header=true) did not find property 'add-application-context-header' (OnPropertyCondition)

   ServletWebServerFactoryAutoConfiguration.ForwardedHeaderFilterConfiguration:
      Did not match:
         - @ConditionalOnProperty (server.forward-headers-strategy=framework) did not find property 'server.forward-headers-strategy' (OnPropertyCondition)

   ServletWebServerFactoryConfiguration.EmbeddedJetty:
      Did not match:
         - @ConditionalOnClass did not find required classes 'org.eclipse.jetty.server.Server', 'org.eclipse.jetty.util.Loader', 'org.eclipse.jetty.ee10.webapp.WebAppContext' (OnClassCondition)

   ServletWebServerFactoryConfiguration.EmbeddedUndertow:
      Did not match:
         - @ConditionalOnClass did not find required classes 'io.undertow.Undertow', 'org.xnio.SslClientAuthMode' (OnClassCondition)

   SessionAutoConfiguration:
      Did not match:
         - @ConditionalOnClass did not find required class 'org.springframework.session.Session' (OnClassCondition)

   SessionsEndpointAutoConfiguration:
      Did not match:
         - @ConditionalOnClass did not find required class 'org.springframework.session.Session' (OnClassCondition)

   ShutdownEndpointAutoConfiguration:
      Did not match:
         - @ConditionalOnAvailableEndpoint the configured access for endpoint 'shutdown' is NONE (OnAvailableEndpointCondition)

   SignalFxMetricsExportAutoConfiguration:
      Did not match:
         - @ConditionalOnClass did not find required class 'io.micrometer.signalfx.SignalFxMeterRegistry' (OnClassCondition)

   SpringApplicationAdminJmxAutoConfiguration:
      Did not match:
         - @ConditionalOnProperty (spring.application.admin.enabled=true) did not find property 'enabled' (OnPropertyCondition)

   SpringDataWebAutoConfiguration:
      Did not match:
         - @ConditionalOnClass did not find required class 'org.springframework.data.web.PageableHandlerMethodArgumentResolver' (OnClassCondition)

   StackdriverMetricsExportAutoConfiguration:
      Did not match:
         - @ConditionalOnClass did not find required class 'io.micrometer.stackdriver.StackdriverMeterRegistry' (OnClassCondition)

   StartupEndpointAutoConfiguration:
      Did not match:
         - ApplicationStartup configured applicationStartup is of type class org.springframework.core.metrics.DefaultApplicationStartup, expected BufferingApplicationStartup. (StartupEndpointAutoConfiguration.ApplicationStartupCondition)

   StatsdMetricsExportAutoConfiguration:
      Did not match:
         - @ConditionalOnClass did not find required class 'io.micrometer.statsd.StatsdMeterRegistry' (OnClassCondition)

   TaskExecutorConfigurations.SimpleAsyncTaskExecutorBuilderConfiguration#simpleAsyncTaskExecutorBuilderVirtualThreads:
      Did not match:
         - @ConditionalOnMissingBean (types: org.springframework.boot.task.SimpleAsyncTaskExecutorBuilder; SearchStrategy: all) found beans of type 'org.springframework.boot.task.SimpleAsyncTaskExecutorBuilder' simpleAsyncTaskExecutorBuilder (OnBeanCondition)

   TaskExecutorConfigurations.TaskExecutorConfiguration#applicationTaskExecutorVirtualThreads:
      Did not match:
         - @ConditionalOnThreading did not find VIRTUAL (OnThreadingCondition)

   TaskSchedulingAutoConfiguration#scheduledBeanLazyInitializationExcludeFilter:
      Did not match:
         - @ConditionalOnBean (names: org.springframework.context.annotation.internalScheduledAnnotationProcessor; SearchStrategy: all) did not find any beans named org.springframework.context.annotation.internalScheduledAnnotationProcessor (OnBeanCondition)

   TaskSchedulingConfigurations.SimpleAsyncTaskSchedulerBuilderConfiguration#simpleAsyncTaskSchedulerBuilderVirtualThreads:
      Did not match:
         - @ConditionalOnMissingBean (types: org.springframework.boot.task.SimpleAsyncTaskSchedulerBuilder; SearchStrategy: all) found beans of type 'org.springframework.boot.task.SimpleAsyncTaskSchedulerBuilder' simpleAsyncTaskSchedulerBuilder (OnBeanCondition)

   TaskSchedulingConfigurations.TaskSchedulerConfiguration:
      Did not match:
         - @ConditionalOnBean (names: org.springframework.context.annotation.internalScheduledAnnotationProcessor; SearchStrategy: all) did not find any beans named org.springframework.context.annotation.internalScheduledAnnotationProcessor (OnBeanCondition)

   ThymeleafAutoConfiguration:
      Did not match:
         - @ConditionalOnClass did not find required class 'org.thymeleaf.spring6.SpringTemplateEngine' (OnClassCondition)

   TransactionAutoConfiguration:
      Did not match:
         - @ConditionalOnClass did not find required class 'org.springframework.transaction.PlatformTransactionManager' (OnClassCondition)

   TransactionManagerCustomizationAutoConfiguration:
      Did not match:
         - @ConditionalOnClass did not find required class 'org.springframework.transaction.PlatformTransactionManager' (OnClassCondition)

   UserDetailsServiceAutoConfiguration:
      Did not match:
         - @ConditionalOnClass did not find required class 'org.springframework.security.authentication.AuthenticationManager' (OnClassCondition)

   ValidationAutoConfiguration:
      Did not match:
         - @ConditionalOnClass did not find required class 'jakarta.validation.executable.ExecutableValidator' (OnClassCondition)

   WavefrontAutoConfiguration:
      Did not match:
         - @ConditionalOnClass did not find required class 'com.wavefront.sdk.common.application.ApplicationTags' (OnClassCondition)

   WavefrontMetricsExportAutoConfiguration:
      Did not match:
         - @ConditionalOnClass did not find required class 'com.wavefront.sdk.common.WavefrontSender' (OnClassCondition)

   WavefrontTracingAutoConfiguration:
      Did not match:
         - @ConditionalOnClass did not find required class 'com.wavefront.sdk.common.WavefrontSender' (OnClassCondition)

   WebClientAutoConfiguration:
      Did not match:
         - @ConditionalOnClass did not find required class 'org.springframework.web.reactive.function.client.WebClient' (OnClassCondition)

   WebClientObservationConfiguration:
      Did not match:
         - @ConditionalOnClass did not find required class 'org.springframework.web.reactive.function.client.WebClient' (OnClassCondition)

   WebFluxAutoConfiguration:
      Did not match:
         - @ConditionalOnClass did not find required class 'org.springframework.web.reactive.config.WebFluxConfigurer' (OnClassCondition)

   WebFluxEndpointManagementContextConfiguration:
      Did not match:
         - @ConditionalOnClass did not find required class 'org.springframework.web.reactive.DispatcherHandler' (OnClassCondition)

   WebFluxObservationAutoConfiguration:
      Did not match:
         - @ConditionalOnWebApplication did not find reactive web application classes (OnWebApplicationCondition)

   WebMvcAutoConfiguration#hiddenHttpMethodFilter:
      Did not match:
         - @ConditionalOnProperty (spring.mvc.hiddenmethod.filter.enabled) did not find property 'enabled' (OnPropertyCondition)

   WebMvcAutoConfiguration.ProblemDetailsErrorHandlingConfiguration:
      Did not match:
         - @ConditionalOnProperty (spring.mvc.problemdetails.enabled=true) did not find property 'enabled' (OnPropertyCondition)

   WebMvcAutoConfiguration.ResourceChainCustomizerConfiguration:
      Did not match:
         - @ConditionalOnEnabledResourceChain did not find class org.webjars.WebJarVersionLocator (OnEnabledResourceChainCondition)

   WebMvcAutoConfiguration.WebMvcAutoConfigurationAdapter#beanNameViewResolver:
      Did not match:
         - @ConditionalOnMissingBean (types: org.springframework.web.servlet.view.BeanNameViewResolver; SearchStrategy: all) found beans of type 'org.springframework.web.servlet.view.BeanNameViewResolver' beanNameViewResolver (OnBeanCondition)

   WebMvcEndpointManagementContextConfiguration#managementHealthEndpointWebMvcHandlerMapping:
      Did not match:
         - Management Port actual port type (SAME) did not match required type (DIFFERENT) (OnManagementPortCondition)

   WebServiceTemplateAutoConfiguration:
      Did not match:
         - @ConditionalOnClass did not find required class 'org.springframework.oxm.Marshaller' (OnClassCondition)

   WebServicesAutoConfiguration:
      Did not match:
         - @ConditionalOnClass did not find required class 'org.springframework.ws.transport.http.MessageDispatcherServlet' (OnClassCondition)

   WebSessionIdResolverAutoConfiguration:
      Did not match:
         - @ConditionalOnClass did not find required class 'reactor.core.publisher.Mono' (OnClassCondition)

   WebSocketMessagingAutoConfiguration:
      Did not match:
         - @ConditionalOnClass did not find required class 'org.springframework.web.socket.config.annotation.WebSocketMessageBrokerConfigurer' (OnClassCondition)

   WebSocketReactiveAutoConfiguration:
      Did not match:
         - @ConditionalOnWebApplication did not find reactive web application classes (OnWebApplicationCondition)

   WebSocketServletAutoConfiguration.JettyWebSocketConfiguration:
      Did not match:
         - @ConditionalOnClass did not find required class 'org.eclipse.jetty.ee10.websocket.jakarta.server.config.JakartaWebSocketServletContainerInitializer' (OnClassCondition)

   WebSocketServletAutoConfiguration.UndertowWebSocketConfiguration:
      Did not match:
         - @ConditionalOnClass did not find required class 'io.undertow.websockets.jsr.Bootstrap' (OnClassCondition)

   XADataSourceAutoConfiguration:
      Did not match:
         - @ConditionalOnClass did not find required class 'jakarta.transaction.TransactionManager' (OnClassCondition)

   ZipkinAutoConfiguration:
      Did not match:
         - @ConditionalOnClass did not find required class 'zipkin2.reporter.Encoding' (OnClassCondition)


Exclusions:
-----------

    None


Unconditional classes:
----------------------

    org.springframework.boot.autoconfigure.context.ConfigurationPropertiesAutoConfiguration

    org.springframework.boot.actuate.autoconfigure.availability.AvailabilityHealthContributorAutoConfiguration

    org.springframework.boot.autoconfigure.ssl.SslAutoConfiguration

    org.springframework.boot.actuate.autoconfigure.info.InfoContributorAutoConfiguration

    org.springframework.boot.autoconfigure.context.PropertyPlaceholderAutoConfiguration

    org.springframework.boot.autoconfigure.context.LifecycleAutoConfiguration

    org.springframework.boot.actuate.autoconfigure.metrics.integration.IntegrationMetricsAutoConfiguration

    org.springframework.boot.actuate.autoconfigure.endpoint.EndpointAutoConfiguration

    org.springframework.boot.actuate.autoconfigure.web.server.ManagementContextAutoConfiguration

    org.springframework.boot.actuate.autoconfigure.health.HealthContributorAutoConfiguration

    org.springframework.boot.actuate.autoconfigure.endpoint.jackson.JacksonEndpointAutoConfiguration

    org.springframework.boot.autoconfigure.availability.ApplicationAvailabilityAutoConfiguration

    org.springframework.boot.autoconfigure.info.ProjectInfoAutoConfiguration



2025-01-16T02:20:15.019+02:00 TRACE 25984 --- [FirstSpring] [           main] o.s.b.f.s.DefaultListableBeanFactory     : Returning cached instance of singleton bean 'welcomePageHandlerMapping'
2025-01-16T02:20:15.019+02:00 TRACE 25984 --- [FirstSpring] [           main] o.s.b.f.s.DefaultListableBeanFactory     : Returning cached instance of singleton bean 'welcomePageNotAcceptableHandlerMapping'
2025-01-16T02:20:15.019+02:00 TRACE 25984 --- [FirstSpring] [           main] o.s.b.f.s.DefaultListableBeanFactory     : Returning cached instance of singleton bean 'requestMappingHandlerMapping'
2025-01-16T02:20:15.019+02:00 TRACE 25984 --- [FirstSpring] [           main] o.s.b.f.s.DefaultListableBeanFactory     : Returning cached instance of singleton bean 'viewControllerHandlerMapping'
2025-01-16T02:20:15.019+02:00 TRACE 25984 --- [FirstSpring] [           main] o.s.b.f.s.DefaultListableBeanFactory     : Returning cached instance of singleton bean 'beanNameHandlerMapping'
2025-01-16T02:20:15.019+02:00 TRACE 25984 --- [FirstSpring] [           main] o.s.b.f.s.DefaultListableBeanFactory     : Returning cached instance of singleton bean 'routerFunctionMapping'
2025-01-16T02:20:15.019+02:00 TRACE 25984 --- [FirstSpring] [           main] o.s.b.f.s.DefaultListableBeanFactory     : Returning cached instance of singleton bean 'resourceHandlerMapping'
2025-01-16T02:20:15.019+02:00 TRACE 25984 --- [FirstSpring] [           main] o.s.b.f.s.DefaultListableBeanFactory     : Returning cached instance of singleton bean 'defaultServletHandlerMapping'
2025-01-16T02:20:15.019+02:00 TRACE 25984 --- [FirstSpring] [           main] o.s.b.f.s.DefaultListableBeanFactory     : Returning cached instance of singleton bean 'healthEndpointWebMvcHandlerMapping'
2025-01-16T02:20:15.019+02:00 TRACE 25984 --- [FirstSpring] [           main] o.s.b.f.s.DefaultListableBeanFactory     : Returning cached instance of singleton bean 'webEndpointServletHandlerMapping'
2025-01-16T02:20:15.019+02:00 TRACE 25984 --- [FirstSpring] [           main] o.s.b.f.s.DefaultListableBeanFactory     : Returning cached instance of singleton bean 'controllerEndpointHandlerMapping'
2025-01-16T02:20:15.022+02:00  INFO 25984 --- [FirstSpring] [           main] c.c.F.FirstSpringApplicationTests        : Started FirstSpringApplicationTests in 3.874 seconds (process running for 5.375)
2025-01-16T02:20:15.023+02:00 TRACE 25984 --- [FirstSpring] [           main] o.s.b.f.s.DefaultListableBeanFactory     : Returning cached instance of singleton bean 'startupTimeMetrics'
2025-01-16T02:20:15.023+02:00 TRACE 25984 --- [FirstSpring] [           main] o.s.b.f.s.DefaultListableBeanFactory     : Returning cached instance of singleton bean 'tomcatMetricsBinder'
2025-01-16T02:20:15.170+02:00 TRACE 25984 --- [FirstSpring] [           main] o.s.b.f.s.DefaultListableBeanFactory     : Returning cached instance of singleton bean 'applicationAvailability'
2025-01-16T02:20:15.170+02:00 TRACE 25984 --- [FirstSpring] [           main] o.s.b.f.s.DefaultListableBeanFactory     : Returning cached instance of singleton bean 'startupTimeMetrics'
2025-01-16T02:20:15.170+02:00 DEBUG 25984 --- [FirstSpring] [           main] o.s.b.a.ApplicationAvailabilityBean      : Application availability state LivenessState changed to CORRECT
2025-01-16T02:20:15.175+02:00 TRACE 25984 --- [FirstSpring] [           main] o.s.b.f.s.DefaultListableBeanFactory     : Returning cached instance of singleton bean 'startupTimeMetrics'
2025-01-16T02:20:15.175+02:00 DEBUG 25984 --- [FirstSpring] [           main] o.s.boot.devtools.restart.Restarter      : Creating new Restarter for thread Thread[#1,main,5,main]
2025-01-16T02:20:15.175+02:00 TRACE 25984 --- [FirstSpring] [           main] o.s.b.f.s.DefaultListableBeanFactory     : Returning cached instance of singleton bean 'applicationAvailability'
2025-01-16T02:20:15.175+02:00 TRACE 25984 --- [FirstSpring] [           main] o.s.b.f.s.DefaultListableBeanFactory     : Returning cached instance of singleton bean 'startupTimeMetrics'
2025-01-16T02:20:15.175+02:00 DEBUG 25984 --- [FirstSpring] [           main] o.s.b.a.ApplicationAvailabilityBean      : Application availability state ReadinessState changed to ACCEPTING_TRAFFIC
2025-01-16T02:20:15.177+02:00 TRACE 25984 --- [FirstSpring] [           main] c.DefaultCacheAwareContextLoaderDelegate : Storing ApplicationContext [1177101170] in cache under key [WebMergedContextConfiguration@9b2dc56 testClass = com.courseSpring.FirstSpring.FirstSpringApplicationTests, locations = [], classes = [com.courseSpring.FirstSpring.FirstSpringApplication], contextInitializerClasses = [], activeProfiles = [], propertySourceDescriptors = [], propertySourceProperties = ["org.springframework.boot.test.context.SpringBootTestContextBootstrapper=true"], contextCustomizers = [org.springframework.boot.test.context.filter.ExcludeFilterContextCustomizer@5e3f861, org.springframework.boot.test.json.DuplicateJsonObjectContextCustomizerFactory$DuplicateJsonObjectContextCustomizer@6d5620ce, org.springframework.boot.test.mock.mockito.MockitoContextCustomizer@0, org.springframework.boot.test.web.client.TestRestTemplateContextCustomizer@3e78b6a5, org.springframework.boot.test.web.reactor.netty.DisableReactorResourceFactoryGlobalResourcesContextCustomizerFactory$DisableReactorResourceFactoryGlobalResourcesContextCustomizerCustomizer@4b8729ff, org.springframework.boot.test.autoconfigure.OnFailureConditionReportContextCustomizerFactory$OnFailureConditionReportContextCustomizer@383dc82c, org.springframework.boot.test.autoconfigure.actuate.observability.ObservabilityContextCustomizerFactory$DisableObservabilityContextCustomizer@1f, org.springframework.boot.test.autoconfigure.properties.PropertyMappingContextCustomizer@0, org.springframework.boot.test.autoconfigure.web.servlet.WebDriverContextCustomizer@3cce57c7, org.springframework.test.context.support.DynamicPropertiesContextCustomizer@0, org.springframework.boot.test.context.SpringBootTestAnnotation@8d5f40f9], resourceBasePath = "src/main/webapp", contextLoader = org.springframework.boot.test.context.SpringBootContextLoader, parent = null]
2025-01-16T02:20:15.177+02:00 DEBUG 25984 --- [FirstSpring] [           main] org.springframework.test.context.cache   : Spring test ApplicationContext cache statistics: [DefaultContextCache@621f23ac size = 1, maxSize = 32, parentContextCount = 0, hitCount = 0, missCount = 1, failureCount = 0]
2025-01-16T02:20:15.178+02:00 TRACE 25984 --- [FirstSpring] [           main] o.s.t.c.w.ServletTestExecutionListener   : Setting up MockHttpServletRequest, MockHttpServletResponse, ServletWebRequest, and RequestContextHolder for test context [DefaultTestContext@51f68849 testClass = com.courseSpring.FirstSpring.FirstSpringApplicationTests, testInstance = com.courseSpring.FirstSpring.FirstSpringApplicationTests@4eb9ae4d, testMethod = null, testException = null, mergedContextConfiguration = [WebMergedContextConfiguration@9b2dc56 testClass = com.courseSpring.FirstSpring.FirstSpringApplicationTests, locations = [], classes = [com.courseSpring.FirstSpring.FirstSpringApplication], contextInitializerClasses = [], activeProfiles = [], propertySourceDescriptors = [], propertySourceProperties = ["org.springframework.boot.test.context.SpringBootTestContextBootstrapper=true"], contextCustomizers = [org.springframework.boot.test.context.filter.ExcludeFilterContextCustomizer@5e3f861, org.springframework.boot.test.json.DuplicateJsonObjectContextCustomizerFactory$DuplicateJsonObjectContextCustomizer@6d5620ce, org.springframework.boot.test.mock.mockito.MockitoContextCustomizer@0, org.springframework.boot.test.web.client.TestRestTemplateContextCustomizer@3e78b6a5, org.springframework.boot.test.web.reactor.netty.DisableReactorResourceFactoryGlobalResourcesContextCustomizerFactory$DisableReactorResourceFactoryGlobalResourcesContextCustomizerCustomizer@4b8729ff, org.springframework.boot.test.autoconfigure.OnFailureConditionReportContextCustomizerFactory$OnFailureConditionReportContextCustomizer@383dc82c, org.springframework.boot.test.autoconfigure.actuate.observability.ObservabilityContextCustomizerFactory$DisableObservabilityContextCustomizer@1f, org.springframework.boot.test.autoconfigure.properties.PropertyMappingContextCustomizer@0, org.springframework.boot.test.autoconfigure.web.servlet.WebDriverContextCustomizer@3cce57c7, org.springframework.test.context.support.DynamicPropertiesContextCustomizer@0, org.springframework.boot.test.context.SpringBootTestAnnotation@8d5f40f9], resourceBasePath = "src/main/webapp", contextLoader = org.springframework.boot.test.context.SpringBootContextLoader, parent = null], attributes = {"org.springframework.test.context.web.ServletTestExecutionListener.activateListener" -> true}]
2025-01-16T02:20:15.191+02:00 TRACE 25984 --- [FirstSpring] [           main] DependencyInjectionTestExecutionListener : Performing dependency injection for test context [DefaultTestContext@51f68849 testClass = com.courseSpring.FirstSpring.FirstSpringApplicationTests, testInstance = com.courseSpring.FirstSpring.FirstSpringApplicationTests@4eb9ae4d, testMethod = null, testException = null, mergedContextConfiguration = [WebMergedContextConfiguration@9b2dc56 testClass = com.courseSpring.FirstSpring.FirstSpringApplicationTests, locations = [], classes = [com.courseSpring.FirstSpring.FirstSpringApplication], contextInitializerClasses = [], activeProfiles = [], propertySourceDescriptors = [], propertySourceProperties = ["org.springframework.boot.test.context.SpringBootTestContextBootstrapper=true"], contextCustomizers = [org.springframework.boot.test.context.filter.ExcludeFilterContextCustomizer@5e3f861, org.springframework.boot.test.json.DuplicateJsonObjectContextCustomizerFactory$DuplicateJsonObjectContextCustomizer@6d5620ce, org.springframework.boot.test.mock.mockito.MockitoContextCustomizer@0, org.springframework.boot.test.web.client.TestRestTemplateContextCustomizer@3e78b6a5, org.springframework.boot.test.web.reactor.netty.DisableReactorResourceFactoryGlobalResourcesContextCustomizerFactory$DisableReactorResourceFactoryGlobalResourcesContextCustomizerCustomizer@4b8729ff, org.springframework.boot.test.autoconfigure.OnFailureConditionReportContextCustomizerFactory$OnFailureConditionReportContextCustomizer@383dc82c, org.springframework.boot.test.autoconfigure.actuate.observability.ObservabilityContextCustomizerFactory$DisableObservabilityContextCustomizer@1f, org.springframework.boot.test.autoconfigure.properties.PropertyMappingContextCustomizer@0, org.springframework.boot.test.autoconfigure.web.servlet.WebDriverContextCustomizer@3cce57c7, org.springframework.test.context.support.DynamicPropertiesContextCustomizer@0, org.springframework.boot.test.context.SpringBootTestAnnotation@8d5f40f9], resourceBasePath = "src/main/webapp", contextLoader = org.springframework.boot.test.context.SpringBootContextLoader, parent = null], attributes = {"org.springframework.test.context.web.ServletTestExecutionListener.activateListener" -> true, "org.springframework.test.context.web.ServletTestExecutionListener.populatedRequestContextHolder" -> true, "org.springframework.test.context.web.ServletTestExecutionListener.resetRequestContextHolder" -> true, "org.springframework.test.context.event.ApplicationEventsTestExecutionListener.recordApplicationEvents" -> false}]
2025-01-16T02:20:15.191+02:00 TRACE 25984 --- [FirstSpring] [           main] c.DefaultCacheAwareContextLoaderDelegate : Retrieved ApplicationContext [1177101170] from cache with key [WebMergedContextConfiguration@9b2dc56 testClass = com.courseSpring.FirstSpring.FirstSpringApplicationTests, locations = [], classes = [com.courseSpring.FirstSpring.FirstSpringApplication], contextInitializerClasses = [], activeProfiles = [], propertySourceDescriptors = [], propertySourceProperties = ["org.springframework.boot.test.context.SpringBootTestContextBootstrapper=true"], contextCustomizers = [org.springframework.boot.test.context.filter.ExcludeFilterContextCustomizer@5e3f861, org.springframework.boot.test.json.DuplicateJsonObjectContextCustomizerFactory$DuplicateJsonObjectContextCustomizer@6d5620ce, org.springframework.boot.test.mock.mockito.MockitoContextCustomizer@0, org.springframework.boot.test.web.client.TestRestTemplateContextCustomizer@3e78b6a5, org.springframework.boot.test.web.reactor.netty.DisableReactorResourceFactoryGlobalResourcesContextCustomizerFactory$DisableReactorResourceFactoryGlobalResourcesContextCustomizerCustomizer@4b8729ff, org.springframework.boot.test.autoconfigure.OnFailureConditionReportContextCustomizerFactory$OnFailureConditionReportContextCustomizer@383dc82c, org.springframework.boot.test.autoconfigure.actuate.observability.ObservabilityContextCustomizerFactory$DisableObservabilityContextCustomizer@1f, org.springframework.boot.test.autoconfigure.properties.PropertyMappingContextCustomizer@0, org.springframework.boot.test.autoconfigure.web.servlet.WebDriverContextCustomizer@3cce57c7, org.springframework.test.context.support.DynamicPropertiesContextCustomizer@0, org.springframework.boot.test.context.SpringBootTestAnnotation@8d5f40f9], resourceBasePath = "src/main/webapp", contextLoader = org.springframework.boot.test.context.SpringBootContextLoader, parent = null]
2025-01-16T02:20:15.191+02:00 DEBUG 25984 --- [FirstSpring] [           main] org.springframework.test.context.cache   : Spring test ApplicationContext cache statistics: [DefaultContextCache@621f23ac size = 1, maxSize = 32, parentContextCount = 0, hitCount = 1, missCount = 1, failureCount = 0]
2025-01-16T02:20:15.192+02:00 TRACE 25984 --- [FirstSpring] [           main] c.DefaultCacheAwareContextLoaderDelegate : Retrieved ApplicationContext [1177101170] from cache with key [WebMergedContextConfiguration@9b2dc56 testClass = com.courseSpring.FirstSpring.FirstSpringApplicationTests, locations = [], classes = [com.courseSpring.FirstSpring.FirstSpringApplication], contextInitializerClasses = [], activeProfiles = [], propertySourceDescriptors = [], propertySourceProperties = ["org.springframework.boot.test.context.SpringBootTestContextBootstrapper=true"], contextCustomizers = [org.springframework.boot.test.context.filter.ExcludeFilterContextCustomizer@5e3f861, org.springframework.boot.test.json.DuplicateJsonObjectContextCustomizerFactory$DuplicateJsonObjectContextCustomizer@6d5620ce, org.springframework.boot.test.mock.mockito.MockitoContextCustomizer@0, org.springframework.boot.test.web.client.TestRestTemplateContextCustomizer@3e78b6a5, org.springframework.boot.test.web.reactor.netty.DisableReactorResourceFactoryGlobalResourcesContextCustomizerFactory$DisableReactorResourceFactoryGlobalResourcesContextCustomizerCustomizer@4b8729ff, org.springframework.boot.test.autoconfigure.OnFailureConditionReportContextCustomizerFactory$OnFailureConditionReportContextCustomizer@383dc82c, org.springframework.boot.test.autoconfigure.actuate.observability.ObservabilityContextCustomizerFactory$DisableObservabilityContextCustomizer@1f, org.springframework.boot.test.autoconfigure.properties.PropertyMappingContextCustomizer@0, org.springframework.boot.test.autoconfigure.web.servlet.WebDriverContextCustomizer@3cce57c7, org.springframework.test.context.support.DynamicPropertiesContextCustomizer@0, org.springframework.boot.test.context.SpringBootTestAnnotation@8d5f40f9], resourceBasePath = "src/main/webapp", contextLoader = org.springframework.boot.test.context.SpringBootContextLoader, parent = null]
2025-01-16T02:20:15.193+02:00 DEBUG 25984 --- [FirstSpring] [           main] org.springframework.test.context.cache   : Spring test ApplicationContext cache statistics: [DefaultContextCache@621f23ac size = 1, maxSize = 32, parentContextCount = 0, hitCount = 2, missCount = 1, failureCount = 0]
2025-01-16T02:20:15.193+02:00 TRACE 25984 --- [FirstSpring] [           main] o.s.b.f.s.DefaultListableBeanFactory     : Returning cached instance of singleton bean 'startupTimeMetrics'
2025-01-16T02:20:15.196+02:00 TRACE 25984 --- [FirstSpring] [           main] o.s.test.context.TestContextManager      : beforeTestMethod(): instance [com.courseSpring.FirstSpring.FirstSpringApplicationTests@4eb9ae4d], method [void com.courseSpring.FirstSpring.FirstSpringApplicationTests.contextLoads()]
2025-01-16T02:20:15.198+02:00 TRACE 25984 --- [FirstSpring] [           main] sContextBeforeModesTestExecutionListener : Before test method: context [DefaultTestContext@51f68849 testClass = com.courseSpring.FirstSpring.FirstSpringApplicationTests, testInstance = com.courseSpring.FirstSpring.FirstSpringApplicationTests@4eb9ae4d, testMethod = contextLoads(), testException = null, mergedContextConfiguration = [WebMergedContextConfiguration@9b2dc56 testClass = com.courseSpring.FirstSpring.FirstSpringApplicationTests, locations = [], classes = [com.courseSpring.FirstSpring.FirstSpringApplication], contextInitializerClasses = [], activeProfiles = [], propertySourceDescriptors = [], propertySourceProperties = ["org.springframework.boot.test.context.SpringBootTestContextBootstrapper=true"], contextCustomizers = [org.springframework.boot.test.context.filter.ExcludeFilterContextCustomizer@5e3f861, org.springframework.boot.test.json.DuplicateJsonObjectContextCustomizerFactory$DuplicateJsonObjectContextCustomizer@6d5620ce, org.springframework.boot.test.mock.mockito.MockitoContextCustomizer@0, org.springframework.boot.test.web.client.TestRestTemplateContextCustomizer@3e78b6a5, org.springframework.boot.test.web.reactor.netty.DisableReactorResourceFactoryGlobalResourcesContextCustomizerFactory$DisableReactorResourceFactoryGlobalResourcesContextCustomizerCustomizer@4b8729ff, org.springframework.boot.test.autoconfigure.OnFailureConditionReportContextCustomizerFactory$OnFailureConditionReportContextCustomizer@383dc82c, org.springframework.boot.test.autoconfigure.actuate.observability.ObservabilityContextCustomizerFactory$DisableObservabilityContextCustomizer@1f, org.springframework.boot.test.autoconfigure.properties.PropertyMappingContextCustomizer@0, org.springframework.boot.test.autoconfigure.web.servlet.WebDriverContextCustomizer@3cce57c7, org.springframework.test.context.support.DynamicPropertiesContextCustomizer@0, org.springframework.boot.test.context.SpringBootTestAnnotation@8d5f40f9], resourceBasePath = "src/main/webapp", contextLoader = org.springframework.boot.test.context.SpringBootContextLoader, parent = null], attributes = {"org.springframework.test.context.web.ServletTestExecutionListener.activateListener" -> true, "org.springframework.test.context.web.ServletTestExecutionListener.populatedRequestContextHolder" -> true, "org.springframework.test.context.web.ServletTestExecutionListener.resetRequestContextHolder" -> true, "org.springframework.test.context.event.ApplicationEventsTestExecutionListener.recordApplicationEvents" -> false}], class annotated with @DirtiesContext [false] with mode [null], method annotated with @DirtiesContext [false] with mode [null]
2025-01-16T02:20:15.200+02:00 TRACE 25984 --- [FirstSpring] [           main] c.DefaultCacheAwareContextLoaderDelegate : Retrieved ApplicationContext [1177101170] from cache with key [WebMergedContextConfiguration@9b2dc56 testClass = com.courseSpring.FirstSpring.FirstSpringApplicationTests, locations = [], classes = [com.courseSpring.FirstSpring.FirstSpringApplication], contextInitializerClasses = [], activeProfiles = [], propertySourceDescriptors = [], propertySourceProperties = ["org.springframework.boot.test.context.SpringBootTestContextBootstrapper=true"], contextCustomizers = [org.springframework.boot.test.context.filter.ExcludeFilterContextCustomizer@5e3f861, org.springframework.boot.test.json.DuplicateJsonObjectContextCustomizerFactory$DuplicateJsonObjectContextCustomizer@6d5620ce, org.springframework.boot.test.mock.mockito.MockitoContextCustomizer@0, org.springframework.boot.test.web.client.TestRestTemplateContextCustomizer@3e78b6a5, org.springframework.boot.test.web.reactor.netty.DisableReactorResourceFactoryGlobalResourcesContextCustomizerFactory$DisableReactorResourceFactoryGlobalResourcesContextCustomizerCustomizer@4b8729ff, org.springframework.boot.test.autoconfigure.OnFailureConditionReportContextCustomizerFactory$OnFailureConditionReportContextCustomizer@383dc82c, org.springframework.boot.test.autoconfigure.actuate.observability.ObservabilityContextCustomizerFactory$DisableObservabilityContextCustomizer@1f, org.springframework.boot.test.autoconfigure.properties.PropertyMappingContextCustomizer@0, org.springframework.boot.test.autoconfigure.web.servlet.WebDriverContextCustomizer@3cce57c7, org.springframework.test.context.support.DynamicPropertiesContextCustomizer@0, org.springframework.boot.test.context.SpringBootTestAnnotation@8d5f40f9], resourceBasePath = "src/main/webapp", contextLoader = org.springframework.boot.test.context.SpringBootContextLoader, parent = null]
2025-01-16T02:20:15.200+02:00 DEBUG 25984 --- [FirstSpring] [           main] org.springframework.test.context.cache   : Spring test ApplicationContext cache statistics: [DefaultContextCache@621f23ac size = 1, maxSize = 32, parentContextCount = 0, hitCount = 3, missCount = 1, failureCount = 0]
2025-01-16T02:20:15.200+02:00 TRACE 25984 --- [FirstSpring] [           main] o.s.b.f.s.DefaultListableBeanFactory     : Returning cached instance of singleton bean 'startupTimeMetrics'
2025-01-16T02:20:15.200+02:00 TRACE 25984 --- [FirstSpring] [           main] c.DefaultCacheAwareContextLoaderDelegate : Retrieved ApplicationContext [1177101170] from cache with key [WebMergedContextConfiguration@9b2dc56 testClass = com.courseSpring.FirstSpring.FirstSpringApplicationTests, locations = [], classes = [com.courseSpring.FirstSpring.FirstSpringApplication], contextInitializerClasses = [], activeProfiles = [], propertySourceDescriptors = [], propertySourceProperties = ["org.springframework.boot.test.context.SpringBootTestContextBootstrapper=true"], contextCustomizers = [org.springframework.boot.test.context.filter.ExcludeFilterContextCustomizer@5e3f861, org.springframework.boot.test.json.DuplicateJsonObjectContextCustomizerFactory$DuplicateJsonObjectContextCustomizer@6d5620ce, org.springframework.boot.test.mock.mockito.MockitoContextCustomizer@0, org.springframework.boot.test.web.client.TestRestTemplateContextCustomizer@3e78b6a5, org.springframework.boot.test.web.reactor.netty.DisableReactorResourceFactoryGlobalResourcesContextCustomizerFactory$DisableReactorResourceFactoryGlobalResourcesContextCustomizerCustomizer@4b8729ff, org.springframework.boot.test.autoconfigure.OnFailureConditionReportContextCustomizerFactory$OnFailureConditionReportContextCustomizer@383dc82c, org.springframework.boot.test.autoconfigure.actuate.observability.ObservabilityContextCustomizerFactory$DisableObservabilityContextCustomizer@1f, org.springframework.boot.test.autoconfigure.properties.PropertyMappingContextCustomizer@0, org.springframework.boot.test.autoconfigure.web.servlet.WebDriverContextCustomizer@3cce57c7, org.springframework.test.context.support.DynamicPropertiesContextCustomizer@0, org.springframework.boot.test.context.SpringBootTestAnnotation@8d5f40f9], resourceBasePath = "src/main/webapp", contextLoader = org.springframework.boot.test.context.SpringBootContextLoader, parent = null]
2025-01-16T02:20:15.200+02:00 DEBUG 25984 --- [FirstSpring] [           main] org.springframework.test.context.cache   : Spring test ApplicationContext cache statistics: [DefaultContextCache@621f23ac size = 1, maxSize = 32, parentContextCount = 0, hitCount = 4, missCount = 1, failureCount = 0]
2025-01-16T02:20:15.201+02:00 TRACE 25984 --- [FirstSpring] [           main] o.s.b.f.s.DefaultListableBeanFactory     : Returning cached instance of singleton bean 'org.springframework.boot.test.mock.mockito.MockitoPostProcessor$SpyPostProcessor'
2025-01-16T02:20:16.230+02:00 TRACE 25984 --- [FirstSpring] [           main] o.s.b.f.s.DefaultListableBeanFactory     : Returning cached instance of singleton bean 'org.springframework.boot.test.mock.mockito.MockitoPostProcessor'
2025-01-16T02:20:16.231+02:00 TRACE 25984 --- [FirstSpring] [           main] o.s.b.f.s.DefaultListableBeanFactory     : Returning cached instance of singleton bean 'org.springframework.test.context.support.internalDynamicPropertyRegistrarBeanInitializer'
2025-01-16T02:20:16.231+02:00 TRACE 25984 --- [FirstSpring] [           main] o.s.b.f.s.DefaultListableBeanFactory     : Returning cached instance of singleton bean 'org.springframework.context.annotation.internalConfigurationAnnotationProcessor'
2025-01-16T02:20:16.231+02:00 TRACE 25984 --- [FirstSpring] [           main] o.s.b.f.s.DefaultListableBeanFactory     : Returning cached instance of singleton bean 'org.springframework.context.annotation.internalAutowiredAnnotationProcessor'
2025-01-16T02:20:16.231+02:00 TRACE 25984 --- [FirstSpring] [           main] o.s.b.f.s.DefaultListableBeanFactory     : Returning cached instance of singleton bean 'org.springframework.context.annotation.internalCommonAnnotationProcessor'
2025-01-16T02:20:16.231+02:00 TRACE 25984 --- [FirstSpring] [           main] o.s.b.f.s.DefaultListableBeanFactory     : Returning cached instance of singleton bean 'org.springframework.context.event.internalEventListenerProcessor'
2025-01-16T02:20:16.231+02:00 TRACE 25984 --- [FirstSpring] [           main] o.s.b.f.s.DefaultListableBeanFactory     : Returning cached instance of singleton bean 'org.springframework.context.event.internalEventListenerFactory'
2025-01-16T02:20:16.231+02:00 TRACE 25984 --- [FirstSpring] [           main] o.s.b.f.s.DefaultListableBeanFactory     : Returning cached instance of singleton bean 'firstSpringApplication'
2025-01-16T02:20:16.231+02:00 TRACE 25984 --- [FirstSpring] [           main] o.s.b.f.s.DefaultListableBeanFactory     : Returning cached instance of singleton bean 'org.springframework.boot.autoconfigure.internalCachingMetadataReaderFactory'
2025-01-16T02:20:16.231+02:00 TRACE 25984 --- [FirstSpring] [           main] o.s.b.f.s.DefaultListableBeanFactory     : Returning cached instance of singleton bean 'org.springframework.boot.autoconfigure.internalCachingMetadataReaderFactory'
2025-01-16T02:20:16.231+02:00 TRACE 25984 --- [FirstSpring] [           main] o.s.b.f.s.DefaultListableBeanFactory     : Returning cached instance of singleton bean 'courseController'
2025-01-16T02:20:16.231+02:00 TRACE 25984 --- [FirstSpring] [           main] o.s.b.f.s.DefaultListableBeanFactory     : Returning cached instance of singleton bean 'currencyConfigurationController'
2025-01-16T02:20:16.231+02:00 TRACE 25984 --- [FirstSpring] [           main] o.s.b.f.s.DefaultListableBeanFactory     : Returning cached instance of singleton bean 'currencyServiceConfiguration'
2025-01-16T02:20:16.231+02:00 TRACE 25984 --- [FirstSpring] [           main] o.s.b.f.s.DefaultListableBeanFactory     : Returning cached instance of singleton bean 'org.springframework.boot.autoconfigure.AutoConfigurationPackages'
2025-01-16T02:20:16.231+02:00 TRACE 25984 --- [FirstSpring] [           main] o.s.b.f.s.DefaultListableBeanFactory     : Returning cached instance of singleton bean 'org.springframework.boot.autoconfigure.context.PropertyPlaceholderAutoConfiguration'
2025-01-16T02:20:16.231+02:00 TRACE 25984 --- [FirstSpring] [           main] o.s.b.f.s.DefaultListableBeanFactory     : Returning cached instance of singleton bean 'propertySourcesPlaceholderConfigurer'
2025-01-16T02:20:16.231+02:00 TRACE 25984 --- [FirstSpring] [           main] o.s.b.f.s.DefaultListableBeanFactory     : Returning cached instance of singleton bean 'org.springframework.boot.autoconfigure.ssl.SslAutoConfiguration'
2025-01-16T02:20:16.231+02:00 TRACE 25984 --- [FirstSpring] [           main] o.s.b.f.s.DefaultListableBeanFactory     : Returning cached instance of singleton bean 'fileWatcher'
2025-01-16T02:20:16.231+02:00 TRACE 25984 --- [FirstSpring] [           main] o.s.b.f.s.DefaultListableBeanFactory     : Returning cached instance of singleton bean 'sslPropertiesSslBundleRegistrar'
2025-01-16T02:20:16.231+02:00 TRACE 25984 --- [FirstSpring] [           main] o.s.b.f.s.DefaultListableBeanFactory     : Returning cached instance of singleton bean 'sslBundleRegistry'
2025-01-16T02:20:16.231+02:00 TRACE 25984 --- [FirstSpring] [           main] o.s.b.f.s.DefaultListableBeanFactory     : Returning cached instance of singleton bean 'org.springframework.boot.context.properties.ConfigurationPropertiesBindingPostProcessor'
2025-01-16T02:20:16.231+02:00 TRACE 25984 --- [FirstSpring] [           main] o.s.b.f.s.DefaultListableBeanFactory     : Returning cached instance of singleton bean 'org.springframework.boot.context.internalConfigurationPropertiesBinder'
2025-01-16T02:20:16.231+02:00 TRACE 25984 --- [FirstSpring] [           main] o.s.b.f.s.DefaultListableBeanFactory     : Returning cached instance of singleton bean 'org.springframework.boot.context.internalConfigurationPropertiesBinder'
2025-01-16T02:20:16.231+02:00 TRACE 25984 --- [FirstSpring] [           main] o.s.b.f.s.DefaultListableBeanFactory     : Returning cached instance of singleton bean 'org.springframework.boot.context.properties.BoundConfigurationProperties'
2025-01-16T02:20:16.231+02:00 TRACE 25984 --- [FirstSpring] [           main] o.s.b.f.s.DefaultListableBeanFactory     : Returning cached instance of singleton bean 'org.springframework.boot.context.properties.EnableConfigurationPropertiesRegistrar.methodValidationExcludeFilter'
2025-01-16T02:20:16.231+02:00 TRACE 25984 --- [FirstSpring] [           main] o.s.b.f.s.DefaultListableBeanFactory     : Returning cached instance of singleton bean 'spring.ssl-org.springframework.boot.autoconfigure.ssl.SslProperties'
2025-01-16T02:20:16.231+02:00 TRACE 25984 --- [FirstSpring] [           main] o.s.b.f.s.DefaultListableBeanFactory     : Returning cached instance of singleton bean 'org.springframework.boot.autoconfigure.websocket.servlet.WebSocketServletAutoConfiguration$TomcatWebSocketConfiguration'
2025-01-16T02:20:16.231+02:00 TRACE 25984 --- [FirstSpring] [           main] o.s.b.f.s.DefaultListableBeanFactory     : Returning cached instance of singleton bean 'websocketServletWebServerCustomizer'
2025-01-16T02:20:16.231+02:00 TRACE 25984 --- [FirstSpring] [           main] o.s.b.f.s.DefaultListableBeanFactory     : Returning cached instance of singleton bean 'org.springframework.boot.autoconfigure.websocket.servlet.WebSocketServletAutoConfiguration'
2025-01-16T02:20:16.231+02:00 TRACE 25984 --- [FirstSpring] [           main] o.s.b.f.s.DefaultListableBeanFactory     : Returning cached instance of singleton bean 'org.springframework.boot.autoconfigure.web.servlet.ServletWebServerFactoryConfiguration$EmbeddedTomcat'
2025-01-16T02:20:16.231+02:00 TRACE 25984 --- [FirstSpring] [           main] o.s.b.f.s.DefaultListableBeanFactory     : Returning cached instance of singleton bean 'tomcatServletWebServerFactory'
2025-01-16T02:20:16.231+02:00 TRACE 25984 --- [FirstSpring] [           main] o.s.b.f.s.DefaultListableBeanFactory     : Returning cached instance of singleton bean 'org.springframework.boot.autoconfigure.web.servlet.ServletWebServerFactoryAutoConfiguration'
2025-01-16T02:20:16.231+02:00 TRACE 25984 --- [FirstSpring] [           main] o.s.b.f.s.DefaultListableBeanFactory     : Returning cached instance of singleton bean 'servletWebServerFactoryCustomizer'
2025-01-16T02:20:16.231+02:00 TRACE 25984 --- [FirstSpring] [           main] o.s.b.f.s.DefaultListableBeanFactory     : Returning cached instance of singleton bean 'tomcatServletWebServerFactoryCustomizer'
2025-01-16T02:20:16.231+02:00 TRACE 25984 --- [FirstSpring] [           main] o.s.b.f.s.DefaultListableBeanFactory     : Returning cached instance of singleton bean 'server-org.springframework.boot.autoconfigure.web.ServerProperties'
2025-01-16T02:20:16.231+02:00 TRACE 25984 --- [FirstSpring] [           main] o.s.b.f.s.DefaultListableBeanFactory     : Returning cached instance of singleton bean 'webServerFactoryCustomizerBeanPostProcessor'
2025-01-16T02:20:16.231+02:00 TRACE 25984 --- [FirstSpring] [           main] o.s.b.f.s.DefaultListableBeanFactory     : Returning cached instance of singleton bean 'errorPageRegistrarBeanPostProcessor'
2025-01-16T02:20:16.231+02:00 TRACE 25984 --- [FirstSpring] [           main] o.s.b.f.s.DefaultListableBeanFactory     : Returning cached instance of singleton bean 'org.springframework.boot.autoconfigure.web.servlet.DispatcherServletAutoConfiguration$DispatcherServletConfiguration'
2025-01-16T02:20:16.231+02:00 TRACE 25984 --- [FirstSpring] [           main] o.s.b.f.s.DefaultListableBeanFactory     : Returning cached instance of singleton bean 'dispatcherServlet'
2025-01-16T02:20:16.231+02:00 TRACE 25984 --- [FirstSpring] [           main] o.s.b.f.s.DefaultListableBeanFactory     : Returning cached instance of singleton bean 'spring.mvc-org.springframework.boot.autoconfigure.web.servlet.WebMvcProperties'
2025-01-16T02:20:16.231+02:00 TRACE 25984 --- [FirstSpring] [           main] o.s.b.f.s.DefaultListableBeanFactory     : Returning cached instance of singleton bean 'org.springframework.boot.autoconfigure.web.servlet.DispatcherServletAutoConfiguration$DispatcherServletRegistrationConfiguration'
2025-01-16T02:20:16.231+02:00 TRACE 25984 --- [FirstSpring] [           main] o.s.b.f.s.DefaultListableBeanFactory     : Returning cached instance of singleton bean 'dispatcherServletRegistration'
2025-01-16T02:20:16.231+02:00 TRACE 25984 --- [FirstSpring] [           main] o.s.b.f.s.DefaultListableBeanFactory     : Returning cached instance of singleton bean 'org.springframework.boot.autoconfigure.web.servlet.DispatcherServletAutoConfiguration'
2025-01-16T02:20:16.231+02:00 TRACE 25984 --- [FirstSpring] [           main] o.s.b.f.s.DefaultListableBeanFactory     : Returning cached instance of singleton bean 'org.springframework.boot.autoconfigure.task.TaskExecutorConfigurations$ThreadPoolTaskExecutorBuilderConfiguration'
2025-01-16T02:20:16.231+02:00 TRACE 25984 --- [FirstSpring] [           main] o.s.b.f.s.DefaultListableBeanFactory     : Returning cached instance of singleton bean 'threadPoolTaskExecutorBuilder'
2025-01-16T02:20:16.231+02:00 TRACE 25984 --- [FirstSpring] [           main] o.s.b.f.s.DefaultListableBeanFactory     : Returning cached instance of singleton bean 'org.springframework.boot.autoconfigure.task.TaskExecutorConfigurations$SimpleAsyncTaskExecutorBuilderConfiguration'
2025-01-16T02:20:16.231+02:00 TRACE 25984 --- [FirstSpring] [           main] o.s.b.f.s.DefaultListableBeanFactory     : Returning cached instance of singleton bean 'simpleAsyncTaskExecutorBuilder'
2025-01-16T02:20:16.231+02:00 TRACE 25984 --- [FirstSpring] [           main] o.s.b.f.s.DefaultListableBeanFactory     : Returning cached instance of singleton bean 'org.springframework.boot.autoconfigure.task.TaskExecutorConfigurations$TaskExecutorConfiguration'
2025-01-16T02:20:16.231+02:00 TRACE 25984 --- [FirstSpring] [           main] o.s.b.f.s.DefaultListableBeanFactory     : Returning cached instance of singleton bean 'applicationTaskExecutor'
2025-01-16T02:20:16.231+02:00 TRACE 25984 --- [FirstSpring] [           main] o.s.b.f.s.DefaultListableBeanFactory     : Returning cached instance of singleton bean 'org.springframework.boot.autoconfigure.task.TaskExecutionAutoConfiguration'
2025-01-16T02:20:16.231+02:00 TRACE 25984 --- [FirstSpring] [           main] o.s.b.f.s.DefaultListableBeanFactory     : Returning cached instance of singleton bean 'spring.task.execution-org.springframework.boot.autoconfigure.task.TaskExecutionProperties'
2025-01-16T02:20:16.231+02:00 TRACE 25984 --- [FirstSpring] [           main] o.s.b.f.s.DefaultListableBeanFactory     : Returning cached instance of singleton bean 'org.springframework.boot.autoconfigure.web.servlet.error.ErrorMvcAutoConfiguration$WhitelabelErrorViewConfiguration'
2025-01-16T02:20:16.231+02:00 TRACE 25984 --- [FirstSpring] [           main] o.s.b.f.s.DefaultListableBeanFactory     : Returning cached instance of singleton bean 'error'
2025-01-16T02:20:16.231+02:00 TRACE 25984 --- [FirstSpring] [           main] o.s.b.f.s.DefaultListableBeanFactory     : Returning cached instance of singleton bean 'beanNameViewResolver'
2025-01-16T02:20:16.231+02:00 TRACE 25984 --- [FirstSpring] [           main] o.s.b.f.s.DefaultListableBeanFactory     : Returning cached instance of singleton bean 'org.springframework.boot.autoconfigure.web.servlet.error.ErrorMvcAutoConfiguration$DefaultErrorViewResolverConfiguration'
2025-01-16T02:20:16.231+02:00 TRACE 25984 --- [FirstSpring] [           main] o.s.b.f.s.DefaultListableBeanFactory     : Returning cached instance of singleton bean 'conventionErrorViewResolver'
2025-01-16T02:20:16.231+02:00 TRACE 25984 --- [FirstSpring] [           main] o.s.b.f.s.DefaultListableBeanFactory     : Returning cached instance of singleton bean 'spring.web-org.springframework.boot.autoconfigure.web.WebProperties'
2025-01-16T02:20:16.231+02:00 TRACE 25984 --- [FirstSpring] [           main] o.s.b.f.s.DefaultListableBeanFactory     : Returning cached instance of singleton bean 'org.springframework.boot.autoconfigure.web.servlet.error.ErrorMvcAutoConfiguration'
2025-01-16T02:20:16.231+02:00 TRACE 25984 --- [FirstSpring] [           main] o.s.b.f.s.DefaultListableBeanFactory     : Returning cached instance of singleton bean 'errorAttributes'
2025-01-16T02:20:16.231+02:00 TRACE 25984 --- [FirstSpring] [           main] o.s.b.f.s.DefaultListableBeanFactory     : Returning cached instance of singleton bean 'basicErrorController'
2025-01-16T02:20:16.231+02:00 TRACE 25984 --- [FirstSpring] [           main] o.s.b.f.s.DefaultListableBeanFactory     : Returning cached instance of singleton bean 'errorPageCustomizer'
2025-01-16T02:20:16.231+02:00 TRACE 25984 --- [FirstSpring] [           main] o.s.b.f.s.DefaultListableBeanFactory     : Returning cached instance of singleton bean 'preserveErrorControllerTargetClassPostProcessor'
2025-01-16T02:20:16.231+02:00 TRACE 25984 --- [FirstSpring] [           main] o.s.b.f.s.DefaultListableBeanFactory     : Returning cached instance of singleton bean 'org.springframework.boot.autoconfigure.web.servlet.WebMvcAutoConfiguration$EnableWebMvcConfiguration'
2025-01-16T02:20:16.231+02:00 TRACE 25984 --- [FirstSpring] [           main] o.s.b.f.s.DefaultListableBeanFactory     : Returning cached instance of singleton bean 'welcomePageHandlerMapping'
2025-01-16T02:20:16.231+02:00 TRACE 25984 --- [FirstSpring] [           main] o.s.b.f.s.DefaultListableBeanFactory     : Returning cached instance of singleton bean 'welcomePageNotAcceptableHandlerMapping'
2025-01-16T02:20:16.231+02:00 TRACE 25984 --- [FirstSpring] [           main] o.s.b.f.s.DefaultListableBeanFactory     : Returning cached instance of singleton bean 'localeResolver'
2025-01-16T02:20:16.231+02:00 TRACE 25984 --- [FirstSpring] [           main] o.s.b.f.s.DefaultListableBeanFactory     : Returning cached instance of singleton bean 'themeResolver'
2025-01-16T02:20:16.231+02:00 TRACE 25984 --- [FirstSpring] [           main] o.s.b.f.s.DefaultListableBeanFactory     : Returning cached instance of singleton bean 'flashMapManager'
2025-01-16T02:20:16.231+02:00 TRACE 25984 --- [FirstSpring] [           main] o.s.b.f.s.DefaultListableBeanFactory     : Returning cached instance of singleton bean 'viewNameTranslator'
2025-01-16T02:20:16.231+02:00 TRACE 25984 --- [FirstSpring] [           main] o.s.b.f.s.DefaultListableBeanFactory     : Returning cached instance of singleton bean 'mvcConversionService'
2025-01-16T02:20:16.231+02:00 TRACE 25984 --- [FirstSpring] [           main] o.s.b.f.s.DefaultListableBeanFactory     : Returning cached instance of singleton bean 'mvcValidator'
2025-01-16T02:20:16.231+02:00 TRACE 25984 --- [FirstSpring] [           main] o.s.b.f.s.DefaultListableBeanFactory     : Returning cached instance of singleton bean 'mvcContentNegotiationManager'
2025-01-16T02:20:16.231+02:00 TRACE 25984 --- [FirstSpring] [           main] o.s.b.f.s.DefaultListableBeanFactory     : Returning cached instance of singleton bean 'requestMappingHandlerMapping'
2025-01-16T02:20:16.231+02:00 TRACE 25984 --- [FirstSpring] [           main] o.s.b.f.s.DefaultListableBeanFactory     : Returning cached instance of singleton bean 'mvcPatternParser'
2025-01-16T02:20:16.231+02:00 TRACE 25984 --- [FirstSpring] [           main] o.s.b.f.s.DefaultListableBeanFactory     : Returning cached instance of singleton bean 'mvcUrlPathHelper'
2025-01-16T02:20:16.231+02:00 TRACE 25984 --- [FirstSpring] [           main] o.s.b.f.s.DefaultListableBeanFactory     : Returning cached instance of singleton bean 'mvcPathMatcher'
2025-01-16T02:20:16.231+02:00 TRACE 25984 --- [FirstSpring] [           main] o.s.b.f.s.DefaultListableBeanFactory     : Returning cached instance of singleton bean 'viewControllerHandlerMapping'
2025-01-16T02:20:16.231+02:00 TRACE 25984 --- [FirstSpring] [           main] o.s.b.f.s.DefaultListableBeanFactory     : Returning cached instance of singleton bean 'beanNameHandlerMapping'
2025-01-16T02:20:16.231+02:00 TRACE 25984 --- [FirstSpring] [           main] o.s.b.f.s.DefaultListableBeanFactory     : Returning cached instance of singleton bean 'routerFunctionMapping'
2025-01-16T02:20:16.231+02:00 TRACE 25984 --- [FirstSpring] [           main] o.s.b.f.s.DefaultListableBeanFactory     : Returning cached instance of singleton bean 'resourceHandlerMapping'
2025-01-16T02:20:16.231+02:00 TRACE 25984 --- [FirstSpring] [           main] o.s.b.f.s.DefaultListableBeanFactory     : Returning cached instance of singleton bean 'mvcResourceUrlProvider'
2025-01-16T02:20:16.231+02:00 TRACE 25984 --- [FirstSpring] [           main] o.s.b.f.s.DefaultListableBeanFactory     : Returning cached instance of singleton bean 'defaultServletHandlerMapping'
2025-01-16T02:20:16.231+02:00 TRACE 25984 --- [FirstSpring] [           main] o.s.b.f.s.DefaultListableBeanFactory     : Returning cached instance of singleton bean 'requestMappingHandlerAdapter'
2025-01-16T02:20:16.232+02:00 TRACE 25984 --- [FirstSpring] [           main] o.s.b.f.s.DefaultListableBeanFactory     : Returning cached instance of singleton bean 'handlerFunctionAdapter'
2025-01-16T02:20:16.232+02:00 TRACE 25984 --- [FirstSpring] [           main] o.s.b.f.s.DefaultListableBeanFactory     : Returning cached instance of singleton bean 'mvcUriComponentsContributor'
2025-01-16T02:20:16.232+02:00 TRACE 25984 --- [FirstSpring] [           main] o.s.b.f.s.DefaultListableBeanFactory     : Returning cached instance of singleton bean 'httpRequestHandlerAdapter'
2025-01-16T02:20:16.232+02:00 TRACE 25984 --- [FirstSpring] [           main] o.s.b.f.s.DefaultListableBeanFactory     : Returning cached instance of singleton bean 'simpleControllerHandlerAdapter'
2025-01-16T02:20:16.232+02:00 TRACE 25984 --- [FirstSpring] [           main] o.s.b.f.s.DefaultListableBeanFactory     : Returning cached instance of singleton bean 'handlerExceptionResolver'
2025-01-16T02:20:16.232+02:00 TRACE 25984 --- [FirstSpring] [           main] o.s.b.f.s.DefaultListableBeanFactory     : Returning cached instance of singleton bean 'mvcViewResolver'
2025-01-16T02:20:16.232+02:00 TRACE 25984 --- [FirstSpring] [           main] o.s.b.f.s.DefaultListableBeanFactory     : Returning cached instance of singleton bean 'org.springframework.boot.autoconfigure.web.servlet.WebMvcAutoConfiguration$WebMvcAutoConfigurationAdapter'
2025-01-16T02:20:16.232+02:00 TRACE 25984 --- [FirstSpring] [           main] o.s.b.f.s.DefaultListableBeanFactory     : Returning cached instance of singleton bean 'defaultViewResolver'
2025-01-16T02:20:16.232+02:00 TRACE 25984 --- [FirstSpring] [           main] o.s.b.f.s.DefaultListableBeanFactory     : Returning cached instance of singleton bean 'viewResolver'
2025-01-16T02:20:16.232+02:00 TRACE 25984 --- [FirstSpring] [           main] o.s.b.f.s.DefaultListableBeanFactory     : Returning cached instance of singleton bean 'requestContextFilter'
2025-01-16T02:20:16.232+02:00 TRACE 25984 --- [FirstSpring] [           main] o.s.b.f.s.DefaultListableBeanFactory     : Returning cached instance of singleton bean 'org.springframework.boot.autoconfigure.web.servlet.WebMvcAutoConfiguration'
2025-01-16T02:20:16.232+02:00 TRACE 25984 --- [FirstSpring] [           main] o.s.b.f.s.DefaultListableBeanFactory     : Returning cached instance of singleton bean 'formContentFilter'
2025-01-16T02:20:16.232+02:00 TRACE 25984 --- [FirstSpring] [           main] o.s.b.f.s.DefaultListableBeanFactory     : Returning cached instance of singleton bean 'org.springframework.boot.actuate.autoconfigure.audit.AuditEventsEndpointAutoConfiguration'
2025-01-16T02:20:16.232+02:00 TRACE 25984 --- [FirstSpring] [           main] o.s.b.f.s.DefaultListableBeanFactory     : Returning cached instance of singleton bean 'org.springframework.boot.autoconfigure.availability.ApplicationAvailabilityAutoConfiguration'
2025-01-16T02:20:16.232+02:00 TRACE 25984 --- [FirstSpring] [           main] o.s.b.f.s.DefaultListableBeanFactory     : Returning cached instance of singleton bean 'applicationAvailability'
2025-01-16T02:20:16.232+02:00 TRACE 25984 --- [FirstSpring] [           main] o.s.b.f.s.DefaultListableBeanFactory     : Returning cached instance of singleton bean 'org.springframework.boot.actuate.autoconfigure.availability.AvailabilityHealthContributorAutoConfiguration'
2025-01-16T02:20:16.232+02:00 TRACE 25984 --- [FirstSpring] [           main] o.s.b.f.s.DefaultListableBeanFactory     : Returning cached instance of singleton bean 'org.springframework.boot.actuate.autoconfigure.beans.BeansEndpointAutoConfiguration'
2025-01-16T02:20:16.232+02:00 TRACE 25984 --- [FirstSpring] [           main] o.s.b.f.s.DefaultListableBeanFactory     : Returning cached instance of singleton bean 'beansEndpoint'
2025-01-16T02:20:16.232+02:00 TRACE 25984 --- [FirstSpring] [           main] o.s.b.f.s.DefaultListableBeanFactory     : Returning cached instance of singleton bean 'org.springframework.boot.autoconfigure.jackson.JacksonAutoConfiguration$Jackson2ObjectMapperBuilderCustomizerConfiguration'
2025-01-16T02:20:16.232+02:00 TRACE 25984 --- [FirstSpring] [           main] o.s.b.f.s.DefaultListableBeanFactory     : Returning cached instance of singleton bean 'standardJacksonObjectMapperBuilderCustomizer'
2025-01-16T02:20:16.232+02:00 TRACE 25984 --- [FirstSpring] [           main] o.s.b.f.s.DefaultListableBeanFactory     : Returning cached instance of singleton bean 'spring.jackson-org.springframework.boot.autoconfigure.jackson.JacksonProperties'
2025-01-16T02:20:16.232+02:00 TRACE 25984 --- [FirstSpring] [           main] o.s.b.f.s.DefaultListableBeanFactory     : Returning cached instance of singleton bean 'org.springframework.boot.autoconfigure.jackson.JacksonAutoConfiguration$JacksonObjectMapperBuilderConfiguration'
2025-01-16T02:20:16.232+02:00 TRACE 25984 --- [FirstSpring] [           main] o.s.b.f.s.DefaultListableBeanFactory     : Returning cached instance of singleton bean 'org.springframework.boot.autoconfigure.jackson.JacksonAutoConfiguration$ParameterNamesModuleConfiguration'
2025-01-16T02:20:16.232+02:00 TRACE 25984 --- [FirstSpring] [           main] o.s.b.f.s.DefaultListableBeanFactory     : Returning cached instance of singleton bean 'parameterNamesModule'
2025-01-16T02:20:16.232+02:00 TRACE 25984 --- [FirstSpring] [           main] o.s.b.f.s.DefaultListableBeanFactory     : Returning cached instance of singleton bean 'org.springframework.boot.autoconfigure.jackson.JacksonAutoConfiguration$JacksonObjectMapperConfiguration'
2025-01-16T02:20:16.232+02:00 TRACE 25984 --- [FirstSpring] [           main] o.s.b.f.s.DefaultListableBeanFactory     : Returning cached instance of singleton bean 'jacksonObjectMapper'
2025-01-16T02:20:16.232+02:00 TRACE 25984 --- [FirstSpring] [           main] o.s.b.f.s.DefaultListableBeanFactory     : Returning cached instance of singleton bean 'org.springframework.boot.autoconfigure.jackson.JacksonAutoConfiguration$JacksonMixinConfiguration'
2025-01-16T02:20:16.232+02:00 TRACE 25984 --- [FirstSpring] [           main] o.s.b.f.s.DefaultListableBeanFactory     : Returning cached instance of singleton bean 'jsonMixinModuleEntries'
2025-01-16T02:20:16.232+02:00 TRACE 25984 --- [FirstSpring] [           main] o.s.b.f.s.DefaultListableBeanFactory     : Returning cached instance of singleton bean 'jsonMixinModule'
2025-01-16T02:20:16.232+02:00 TRACE 25984 --- [FirstSpring] [           main] o.s.b.f.s.DefaultListableBeanFactory     : Returning cached instance of singleton bean 'org.springframework.boot.autoconfigure.jackson.JacksonAutoConfiguration'
2025-01-16T02:20:16.232+02:00 TRACE 25984 --- [FirstSpring] [           main] o.s.b.f.s.DefaultListableBeanFactory     : Returning cached instance of singleton bean 'jsonComponentModule'
2025-01-16T02:20:16.232+02:00 TRACE 25984 --- [FirstSpring] [           main] o.s.b.f.s.DefaultListableBeanFactory     : Returning cached instance of singleton bean 'org.springframework.boot.actuate.autoconfigure.cache.CachesEndpointAutoConfiguration'
2025-01-16T02:20:16.232+02:00 TRACE 25984 --- [FirstSpring] [           main] o.s.b.f.s.DefaultListableBeanFactory     : Returning cached instance of singleton bean 'cachesEndpoint'
2025-01-16T02:20:16.232+02:00 TRACE 25984 --- [FirstSpring] [           main] o.s.b.f.s.DefaultListableBeanFactory     : Returning cached instance of singleton bean 'cachesEndpointWebExtension'
2025-01-16T02:20:16.232+02:00 TRACE 25984 --- [FirstSpring] [           main] o.s.b.f.s.DefaultListableBeanFactory     : Returning cached instance of singleton bean 'org.springframework.boot.actuate.autoconfigure.health.HealthEndpointConfiguration'
2025-01-16T02:20:16.232+02:00 TRACE 25984 --- [FirstSpring] [           main] o.s.b.f.s.DefaultListableBeanFactory     : Returning cached instance of singleton bean 'healthStatusAggregator'
2025-01-16T02:20:16.232+02:00 TRACE 25984 --- [FirstSpring] [           main] o.s.b.f.s.DefaultListableBeanFactory     : Returning cached instance of singleton bean 'healthHttpCodeStatusMapper'
2025-01-16T02:20:16.232+02:00 TRACE 25984 --- [FirstSpring] [           main] o.s.b.f.s.DefaultListableBeanFactory     : Returning cached instance of singleton bean 'healthEndpointGroups'
2025-01-16T02:20:16.232+02:00 TRACE 25984 --- [FirstSpring] [           main] o.s.b.f.s.DefaultListableBeanFactory     : Returning cached instance of singleton bean 'healthContributorRegistry'
2025-01-16T02:20:16.232+02:00 TRACE 25984 --- [FirstSpring] [           main] o.s.b.f.s.DefaultListableBeanFactory     : Returning cached instance of singleton bean 'healthEndpointGroupMembershipValidator'
2025-01-16T02:20:16.232+02:00 TRACE 25984 --- [FirstSpring] [           main] o.s.b.f.s.DefaultListableBeanFactory     : Returning cached instance of singleton bean 'healthEndpoint'
2025-01-16T02:20:16.232+02:00 TRACE 25984 --- [FirstSpring] [           main] o.s.b.f.s.DefaultListableBeanFactory     : Returning cached instance of singleton bean 'healthEndpointGroupsBeanPostProcessor'
2025-01-16T02:20:16.232+02:00 TRACE 25984 --- [FirstSpring] [           main] o.s.b.f.s.DefaultListableBeanFactory     : Returning cached instance of singleton bean 'org.springframework.boot.actuate.autoconfigure.health.HealthEndpointWebExtensionConfiguration$MvcAdditionalHealthEndpointPathsConfiguration'
2025-01-16T02:20:16.232+02:00 TRACE 25984 --- [FirstSpring] [           main] o.s.b.f.s.DefaultListableBeanFactory     : Returning cached instance of singleton bean 'healthEndpointWebMvcHandlerMapping'
2025-01-16T02:20:16.232+02:00 TRACE 25984 --- [FirstSpring] [           main] o.s.b.f.s.DefaultListableBeanFactory     : Returning cached instance of singleton bean 'org.springframework.boot.actuate.autoconfigure.health.HealthEndpointWebExtensionConfiguration'
2025-01-16T02:20:16.232+02:00 TRACE 25984 --- [FirstSpring] [           main] o.s.b.f.s.DefaultListableBeanFactory     : Returning cached instance of singleton bean 'healthEndpointWebExtension'
2025-01-16T02:20:16.232+02:00 TRACE 25984 --- [FirstSpring] [           main] o.s.b.f.s.DefaultListableBeanFactory     : Returning cached instance of singleton bean 'org.springframework.boot.actuate.autoconfigure.health.HealthEndpointAutoConfiguration'
2025-01-16T02:20:16.232+02:00 TRACE 25984 --- [FirstSpring] [           main] o.s.b.f.s.DefaultListableBeanFactory     : Returning cached instance of singleton bean 'management.endpoint.health-org.springframework.boot.actuate.autoconfigure.health.HealthEndpointProperties'
2025-01-16T02:20:16.232+02:00 TRACE 25984 --- [FirstSpring] [           main] o.s.b.f.s.DefaultListableBeanFactory     : Returning cached instance of singleton bean 'org.springframework.boot.autoconfigure.info.ProjectInfoAutoConfiguration'
2025-01-16T02:20:16.232+02:00 TRACE 25984 --- [FirstSpring] [           main] o.s.b.f.s.DefaultListableBeanFactory     : Returning cached instance of singleton bean 'spring.info-org.springframework.boot.autoconfigure.info.ProjectInfoProperties'
2025-01-16T02:20:16.232+02:00 TRACE 25984 --- [FirstSpring] [           main] o.s.b.f.s.DefaultListableBeanFactory     : Returning cached instance of singleton bean 'org.springframework.boot.actuate.autoconfigure.info.InfoContributorAutoConfiguration'
2025-01-16T02:20:16.232+02:00 TRACE 25984 --- [FirstSpring] [           main] o.s.b.f.s.DefaultListableBeanFactory     : Returning cached instance of singleton bean 'management.health.ssl-org.springframework.boot.actuate.autoconfigure.ssl.SslHealthIndicatorProperties'
2025-01-16T02:20:16.232+02:00 TRACE 25984 --- [FirstSpring] [           main] o.s.b.f.s.DefaultListableBeanFactory     : Returning cached instance of singleton bean 'management.info-org.springframework.boot.actuate.autoconfigure.info.InfoContributorProperties'
2025-01-16T02:20:16.232+02:00 TRACE 25984 --- [FirstSpring] [           main] o.s.b.f.s.DefaultListableBeanFactory     : Returning cached instance of singleton bean 'org.springframework.boot.actuate.autoconfigure.info.InfoEndpointAutoConfiguration'
2025-01-16T02:20:16.232+02:00 TRACE 25984 --- [FirstSpring] [           main] o.s.b.f.s.DefaultListableBeanFactory     : Returning cached instance of singleton bean 'infoEndpoint'
2025-01-16T02:20:16.232+02:00 TRACE 25984 --- [FirstSpring] [           main] o.s.b.f.s.DefaultListableBeanFactory     : Returning cached instance of singleton bean 'org.springframework.boot.actuate.autoconfigure.web.servlet.ServletManagementContextAutoConfiguration'
2025-01-16T02:20:16.232+02:00 TRACE 25984 --- [FirstSpring] [           main] o.s.b.f.s.DefaultListableBeanFactory     : Returning cached instance of singleton bean 'servletWebChildContextFactory'
2025-01-16T02:20:16.232+02:00 TRACE 25984 --- [FirstSpring] [           main] o.s.b.f.s.DefaultListableBeanFactory     : Returning cached instance of singleton bean 'managementServletContext'
2025-01-16T02:20:16.232+02:00 TRACE 25984 --- [FirstSpring] [           main] o.s.b.f.s.DefaultListableBeanFactory     : Returning cached instance of singleton bean 'org.springframework.boot.actuate.autoconfigure.condition.ConditionsReportEndpointAutoConfiguration'
2025-01-16T02:20:16.232+02:00 TRACE 25984 --- [FirstSpring] [           main] o.s.b.f.s.DefaultListableBeanFactory     : Returning cached instance of singleton bean 'conditionsReportEndpoint'
2025-01-16T02:20:16.232+02:00 TRACE 25984 --- [FirstSpring] [           main] o.s.b.f.s.DefaultListableBeanFactory     : Returning cached instance of singleton bean 'org.springframework.boot.actuate.autoconfigure.context.properties.ConfigurationPropertiesReportEndpointAutoConfiguration'
2025-01-16T02:20:16.232+02:00 TRACE 25984 --- [FirstSpring] [           main] o.s.b.f.s.DefaultListableBeanFactory     : Returning cached instance of singleton bean 'configurationPropertiesReportEndpoint'
2025-01-16T02:20:16.232+02:00 TRACE 25984 --- [FirstSpring] [           main] o.s.b.f.s.DefaultListableBeanFactory     : Returning cached instance of singleton bean 'configurationPropertiesReportEndpointWebExtension'
2025-01-16T02:20:16.232+02:00 TRACE 25984 --- [FirstSpring] [           main] o.s.b.f.s.DefaultListableBeanFactory     : Returning cached instance of singleton bean 'management.endpoint.configprops-org.springframework.boot.actuate.autoconfigure.context.properties.ConfigurationPropertiesReportEndpointProperties'
2025-01-16T02:20:16.232+02:00 TRACE 25984 --- [FirstSpring] [           main] o.s.b.f.s.DefaultListableBeanFactory     : Returning cached instance of singleton bean 'org.springframework.boot.actuate.autoconfigure.endpoint.EndpointAutoConfiguration'
2025-01-16T02:20:16.232+02:00 TRACE 25984 --- [FirstSpring] [           main] o.s.b.f.s.DefaultListableBeanFactory     : Returning cached instance of singleton bean 'endpointOperationParameterMapper'
2025-01-16T02:20:16.232+02:00 TRACE 25984 --- [FirstSpring] [           main] o.s.b.f.s.DefaultListableBeanFactory     : Returning cached instance of singleton bean 'endpointCachingOperationInvokerAdvisor'
2025-01-16T02:20:16.232+02:00 TRACE 25984 --- [FirstSpring] [           main] o.s.b.f.s.DefaultListableBeanFactory     : Returning cached instance of singleton bean 'propertiesEndpointAccessResolver'
2025-01-16T02:20:16.232+02:00 TRACE 25984 --- [FirstSpring] [           main] o.s.b.f.s.DefaultListableBeanFactory     : Returning cached instance of singleton bean 'org.springframework.boot.actuate.autoconfigure.endpoint.jackson.JacksonEndpointAutoConfiguration'
2025-01-16T02:20:16.232+02:00 TRACE 25984 --- [FirstSpring] [           main] o.s.b.f.s.DefaultListableBeanFactory     : Returning cached instance of singleton bean 'endpointObjectMapper'
2025-01-16T02:20:16.232+02:00 TRACE 25984 --- [FirstSpring] [           main] o.s.b.f.s.DefaultListableBeanFactory     : Returning cached instance of singleton bean 'org.springframework.boot.actuate.autoconfigure.endpoint.web.WebEndpointAutoConfiguration$WebEndpointServletConfiguration'
2025-01-16T02:20:16.232+02:00 TRACE 25984 --- [FirstSpring] [           main] o.s.b.f.s.DefaultListableBeanFactory     : Returning cached instance of singleton bean 'servletEndpointDiscoverer'
2025-01-16T02:20:16.232+02:00 TRACE 25984 --- [FirstSpring] [           main] o.s.b.f.s.DefaultListableBeanFactory     : Returning cached instance of singleton bean 'org.springframework.boot.actuate.autoconfigure.endpoint.web.WebEndpointAutoConfiguration'
2025-01-16T02:20:16.232+02:00 TRACE 25984 --- [FirstSpring] [           main] o.s.b.f.s.DefaultListableBeanFactory     : Returning cached instance of singleton bean 'webEndpointPathMapper'
2025-01-16T02:20:16.232+02:00 TRACE 25984 --- [FirstSpring] [           main] o.s.b.f.s.DefaultListableBeanFactory     : Returning cached instance of singleton bean 'endpointMediaTypes'
2025-01-16T02:20:16.232+02:00 TRACE 25984 --- [FirstSpring] [           main] o.s.b.f.s.DefaultListableBeanFactory     : Returning cached instance of singleton bean 'webEndpointDiscoverer'
2025-01-16T02:20:16.232+02:00 TRACE 25984 --- [FirstSpring] [           main] o.s.b.f.s.DefaultListableBeanFactory     : Returning cached instance of singleton bean 'controllerEndpointDiscoverer'
2025-01-16T02:20:16.232+02:00 TRACE 25984 --- [FirstSpring] [           main] o.s.b.f.s.DefaultListableBeanFactory     : Returning cached instance of singleton bean 'pathMappedEndpoints'
2025-01-16T02:20:16.232+02:00 TRACE 25984 --- [FirstSpring] [           main] o.s.b.f.s.DefaultListableBeanFactory     : Returning cached instance of singleton bean 'webExposeExcludePropertyEndpointFilter'
2025-01-16T02:20:16.232+02:00 TRACE 25984 --- [FirstSpring] [           main] o.s.b.f.s.DefaultListableBeanFactory     : Returning cached instance of singleton bean 'controllerExposeExcludePropertyEndpointFilter'
2025-01-16T02:20:16.232+02:00 TRACE 25984 --- [FirstSpring] [           main] o.s.b.f.s.DefaultListableBeanFactory     : Returning cached instance of singleton bean 'webAccessPropertiesOperationFilter'
2025-01-16T02:20:16.232+02:00 TRACE 25984 --- [FirstSpring] [           main] o.s.b.f.s.DefaultListableBeanFactory     : Returning cached instance of singleton bean 'management.endpoints.web-org.springframework.boot.actuate.autoconfigure.endpoint.web.WebEndpointProperties'
2025-01-16T02:20:16.232+02:00 TRACE 25984 --- [FirstSpring] [           main] o.s.b.f.s.DefaultListableBeanFactory     : Returning cached instance of singleton bean 'org.springframework.boot.actuate.autoconfigure.env.EnvironmentEndpointAutoConfiguration'
2025-01-16T02:20:16.232+02:00 TRACE 25984 --- [FirstSpring] [           main] o.s.b.f.s.DefaultListableBeanFactory     : Returning cached instance of singleton bean 'environmentEndpoint'
2025-01-16T02:20:16.232+02:00 TRACE 25984 --- [FirstSpring] [           main] o.s.b.f.s.DefaultListableBeanFactory     : Returning cached instance of singleton bean 'environmentEndpointWebExtension'
2025-01-16T02:20:16.232+02:00 TRACE 25984 --- [FirstSpring] [           main] o.s.b.f.s.DefaultListableBeanFactory     : Returning cached instance of singleton bean 'management.endpoint.env-org.springframework.boot.actuate.autoconfigure.env.EnvironmentEndpointProperties'
2025-01-16T02:20:16.232+02:00 TRACE 25984 --- [FirstSpring] [           main] o.s.b.f.s.DefaultListableBeanFactory     : Returning cached instance of singleton bean 'org.springframework.boot.actuate.autoconfigure.ssl.SslHealthContributorAutoConfiguration'
2025-01-16T02:20:16.232+02:00 TRACE 25984 --- [FirstSpring] [           main] o.s.b.f.s.DefaultListableBeanFactory     : Returning cached instance of singleton bean 'sslHealthIndicator'
2025-01-16T02:20:16.232+02:00 TRACE 25984 --- [FirstSpring] [           main] o.s.b.f.s.DefaultListableBeanFactory     : Returning cached instance of singleton bean 'sslInfo'
2025-01-16T02:20:16.232+02:00 TRACE 25984 --- [FirstSpring] [           main] o.s.b.f.s.DefaultListableBeanFactory     : Returning cached instance of singleton bean 'org.springframework.boot.actuate.autoconfigure.system.DiskSpaceHealthContributorAutoConfiguration'
2025-01-16T02:20:16.232+02:00 TRACE 25984 --- [FirstSpring] [           main] o.s.b.f.s.DefaultListableBeanFactory     : Returning cached instance of singleton bean 'diskSpaceHealthIndicator'
2025-01-16T02:20:16.232+02:00 TRACE 25984 --- [FirstSpring] [           main] o.s.b.f.s.DefaultListableBeanFactory     : Returning cached instance of singleton bean 'management.health.diskspace-org.springframework.boot.actuate.autoconfigure.system.DiskSpaceHealthIndicatorProperties'
2025-01-16T02:20:16.233+02:00 TRACE 25984 --- [FirstSpring] [           main] o.s.b.f.s.DefaultListableBeanFactory     : Returning cached instance of singleton bean 'org.springframework.boot.actuate.autoconfigure.health.HealthContributorAutoConfiguration'
2025-01-16T02:20:16.233+02:00 TRACE 25984 --- [FirstSpring] [           main] o.s.b.f.s.DefaultListableBeanFactory     : Returning cached instance of singleton bean 'pingHealthContributor'
2025-01-16T02:20:16.233+02:00 TRACE 25984 --- [FirstSpring] [           main] o.s.b.f.s.DefaultListableBeanFactory     : Returning cached instance of singleton bean 'org.springframework.boot.actuate.autoconfigure.logging.LogFileWebEndpointAutoConfiguration'
2025-01-16T02:20:16.233+02:00 TRACE 25984 --- [FirstSpring] [           main] o.s.b.f.s.DefaultListableBeanFactory     : Returning cached instance of singleton bean 'management.endpoint.logfile-org.springframework.boot.actuate.autoconfigure.logging.LogFileWebEndpointProperties'
2025-01-16T02:20:16.233+02:00 TRACE 25984 --- [FirstSpring] [           main] o.s.b.f.s.DefaultListableBeanFactory     : Returning cached instance of singleton bean 'org.springframework.boot.actuate.autoconfigure.logging.LoggersEndpointAutoConfiguration'
2025-01-16T02:20:16.233+02:00 TRACE 25984 --- [FirstSpring] [           main] o.s.b.f.s.DefaultListableBeanFactory     : Returning cached instance of singleton bean 'loggersEndpoint'
2025-01-16T02:20:16.233+02:00 TRACE 25984 --- [FirstSpring] [           main] o.s.b.f.s.DefaultListableBeanFactory     : Returning cached instance of singleton bean 'org.springframework.boot.actuate.autoconfigure.management.HeapDumpWebEndpointAutoConfiguration'
2025-01-16T02:20:16.233+02:00 TRACE 25984 --- [FirstSpring] [           main] o.s.b.f.s.DefaultListableBeanFactory     : Returning cached instance of singleton bean 'heapDumpWebEndpoint'
2025-01-16T02:20:16.233+02:00 TRACE 25984 --- [FirstSpring] [           main] o.s.b.f.s.DefaultListableBeanFactory     : Returning cached instance of singleton bean 'org.springframework.boot.actuate.autoconfigure.management.ThreadDumpEndpointAutoConfiguration'
2025-01-16T02:20:16.233+02:00 TRACE 25984 --- [FirstSpring] [           main] o.s.b.f.s.DefaultListableBeanFactory     : Returning cached instance of singleton bean 'dumpEndpoint'
2025-01-16T02:20:16.233+02:00 TRACE 25984 --- [FirstSpring] [           main] o.s.b.f.s.DefaultListableBeanFactory     : Returning cached instance of singleton bean 'org.springframework.boot.actuate.autoconfigure.metrics.MetricsAutoConfiguration'
2025-01-16T02:20:16.233+02:00 TRACE 25984 --- [FirstSpring] [           main] o.s.b.f.s.DefaultListableBeanFactory     : Returning cached instance of singleton bean 'micrometerClock'
2025-01-16T02:20:16.233+02:00 TRACE 25984 --- [FirstSpring] [           main] o.s.b.f.s.DefaultListableBeanFactory     : Returning cached instance of singleton bean 'meterRegistryPostProcessor'
2025-01-16T02:20:16.233+02:00 TRACE 25984 --- [FirstSpring] [           main] o.s.b.f.s.DefaultListableBeanFactory     : Returning cached instance of singleton bean 'propertiesMeterFilter'
2025-01-16T02:20:16.233+02:00 TRACE 25984 --- [FirstSpring] [           main] o.s.b.f.s.DefaultListableBeanFactory     : Returning cached instance of singleton bean 'meterRegistryCloser'
2025-01-16T02:20:16.233+02:00 TRACE 25984 --- [FirstSpring] [           main] o.s.b.f.s.DefaultListableBeanFactory     : Returning cached instance of singleton bean 'management.metrics-org.springframework.boot.actuate.autoconfigure.metrics.MetricsProperties'
2025-01-16T02:20:16.233+02:00 TRACE 25984 --- [FirstSpring] [           main] o.s.b.f.s.DefaultListableBeanFactory     : Returning cached instance of singleton bean 'org.springframework.boot.actuate.autoconfigure.metrics.export.simple.SimpleMetricsExportAutoConfiguration'
2025-01-16T02:20:16.233+02:00 TRACE 25984 --- [FirstSpring] [           main] o.s.b.f.s.DefaultListableBeanFactory     : Returning cached instance of singleton bean 'simpleMeterRegistry'
2025-01-16T02:20:16.233+02:00 TRACE 25984 --- [FirstSpring] [           main] o.s.b.f.s.DefaultListableBeanFactory     : Returning cached instance of singleton bean 'simpleConfig'
2025-01-16T02:20:16.233+02:00 TRACE 25984 --- [FirstSpring] [           main] o.s.b.f.s.DefaultListableBeanFactory     : Returning cached instance of singleton bean 'management.simple.metrics.export-org.springframework.boot.actuate.autoconfigure.metrics.export.simple.SimpleProperties'
2025-01-16T02:20:16.233+02:00 TRACE 25984 --- [FirstSpring] [           main] o.s.b.f.s.DefaultListableBeanFactory     : Returning cached instance of singleton bean 'org.springframework.boot.actuate.autoconfigure.metrics.CompositeMeterRegistryAutoConfiguration'
2025-01-16T02:20:16.233+02:00 TRACE 25984 --- [FirstSpring] [           main] o.s.b.f.s.DefaultListableBeanFactory     : Returning cached instance of singleton bean 'org.springframework.boot.actuate.autoconfigure.metrics.JvmMetricsAutoConfiguration'
2025-01-16T02:20:16.233+02:00 TRACE 25984 --- [FirstSpring] [           main] o.s.b.f.s.DefaultListableBeanFactory     : Returning cached instance of singleton bean 'jvmGcMetrics'
2025-01-16T02:20:16.233+02:00 TRACE 25984 --- [FirstSpring] [           main] o.s.b.f.s.DefaultListableBeanFactory     : Returning cached instance of singleton bean 'jvmHeapPressureMetrics'
2025-01-16T02:20:16.233+02:00 TRACE 25984 --- [FirstSpring] [           main] o.s.b.f.s.DefaultListableBeanFactory     : Returning cached instance of singleton bean 'jvmMemoryMetrics'
2025-01-16T02:20:16.233+02:00 TRACE 25984 --- [FirstSpring] [           main] o.s.b.f.s.DefaultListableBeanFactory     : Returning cached instance of singleton bean 'jvmThreadMetrics'
2025-01-16T02:20:16.233+02:00 TRACE 25984 --- [FirstSpring] [           main] o.s.b.f.s.DefaultListableBeanFactory     : Returning cached instance of singleton bean 'classLoaderMetrics'
2025-01-16T02:20:16.233+02:00 TRACE 25984 --- [FirstSpring] [           main] o.s.b.f.s.DefaultListableBeanFactory     : Returning cached instance of singleton bean 'jvmInfoMetrics'
2025-01-16T02:20:16.233+02:00 TRACE 25984 --- [FirstSpring] [           main] o.s.b.f.s.DefaultListableBeanFactory     : Returning cached instance of singleton bean 'jvmCompilationMetrics'
2025-01-16T02:20:16.233+02:00 TRACE 25984 --- [FirstSpring] [           main] o.s.b.f.s.DefaultListableBeanFactory     : Returning cached instance of singleton bean 'org.springframework.boot.actuate.autoconfigure.metrics.LogbackMetricsAutoConfiguration'
2025-01-16T02:20:16.233+02:00 TRACE 25984 --- [FirstSpring] [           main] o.s.b.f.s.DefaultListableBeanFactory     : Returning cached instance of singleton bean 'logbackMetrics'
2025-01-16T02:20:16.233+02:00 TRACE 25984 --- [FirstSpring] [           main] o.s.b.f.s.DefaultListableBeanFactory     : Returning cached instance of singleton bean 'org.springframework.boot.actuate.autoconfigure.metrics.MetricsEndpointAutoConfiguration'
2025-01-16T02:20:16.233+02:00 TRACE 25984 --- [FirstSpring] [           main] o.s.b.f.s.DefaultListableBeanFactory     : Returning cached instance of singleton bean 'metricsEndpoint'
2025-01-16T02:20:16.233+02:00 TRACE 25984 --- [FirstSpring] [           main] o.s.b.f.s.DefaultListableBeanFactory     : Returning cached instance of singleton bean 'org.springframework.boot.actuate.autoconfigure.metrics.SystemMetricsAutoConfiguration'
2025-01-16T02:20:16.233+02:00 TRACE 25984 --- [FirstSpring] [           main] o.s.b.f.s.DefaultListableBeanFactory     : Returning cached instance of singleton bean 'uptimeMetrics'
2025-01-16T02:20:16.233+02:00 TRACE 25984 --- [FirstSpring] [           main] o.s.b.f.s.DefaultListableBeanFactory     : Returning cached instance of singleton bean 'processorMetrics'
2025-01-16T02:20:16.233+02:00 TRACE 25984 --- [FirstSpring] [           main] o.s.b.f.s.DefaultListableBeanFactory     : Returning cached instance of singleton bean 'fileDescriptorMetrics'
2025-01-16T02:20:16.233+02:00 TRACE 25984 --- [FirstSpring] [           main] o.s.b.f.s.DefaultListableBeanFactory     : Returning cached instance of singleton bean 'diskSpaceMetrics'
2025-01-16T02:20:16.233+02:00 TRACE 25984 --- [FirstSpring] [           main] o.s.b.f.s.DefaultListableBeanFactory     : Returning cached instance of singleton bean 'org.springframework.boot.actuate.autoconfigure.metrics.integration.IntegrationMetricsAutoConfiguration'
2025-01-16T02:20:16.233+02:00 TRACE 25984 --- [FirstSpring] [           main] o.s.b.f.s.DefaultListableBeanFactory     : Returning cached instance of singleton bean 'org.springframework.boot.actuate.autoconfigure.metrics.startup.StartupTimeMetricsListenerAutoConfiguration'
2025-01-16T02:20:16.233+02:00 TRACE 25984 --- [FirstSpring] [           main] o.s.b.f.s.DefaultListableBeanFactory     : Returning cached instance of singleton bean 'startupTimeMetrics'
2025-01-16T02:20:16.233+02:00 TRACE 25984 --- [FirstSpring] [           main] o.s.b.f.s.DefaultListableBeanFactory     : Returning cached instance of singleton bean 'org.springframework.boot.autoconfigure.task.TaskSchedulingConfigurations$ThreadPoolTaskSchedulerBuilderConfiguration'
2025-01-16T02:20:16.233+02:00 TRACE 25984 --- [FirstSpring] [           main] o.s.b.f.s.DefaultListableBeanFactory     : Returning cached instance of singleton bean 'threadPoolTaskSchedulerBuilder'
2025-01-16T02:20:16.233+02:00 TRACE 25984 --- [FirstSpring] [           main] o.s.b.f.s.DefaultListableBeanFactory     : Returning cached instance of singleton bean 'org.springframework.boot.autoconfigure.task.TaskSchedulingConfigurations$SimpleAsyncTaskSchedulerBuilderConfiguration'
2025-01-16T02:20:16.233+02:00 TRACE 25984 --- [FirstSpring] [           main] o.s.b.f.s.DefaultListableBeanFactory     : Returning cached instance of singleton bean 'simpleAsyncTaskSchedulerBuilder'
2025-01-16T02:20:16.233+02:00 TRACE 25984 --- [FirstSpring] [           main] o.s.b.f.s.DefaultListableBeanFactory     : Returning cached instance of singleton bean 'org.springframework.boot.autoconfigure.task.TaskSchedulingAutoConfiguration'
2025-01-16T02:20:16.233+02:00 TRACE 25984 --- [FirstSpring] [           main] o.s.b.f.s.DefaultListableBeanFactory     : Returning cached instance of singleton bean 'spring.task.scheduling-org.springframework.boot.autoconfigure.task.TaskSchedulingProperties'
2025-01-16T02:20:16.233+02:00 TRACE 25984 --- [FirstSpring] [           main] o.s.b.f.s.DefaultListableBeanFactory     : Returning cached instance of singleton bean 'org.springframework.boot.actuate.autoconfigure.metrics.task.TaskExecutorMetricsAutoConfiguration'
2025-01-16T02:20:16.233+02:00 TRACE 25984 --- [FirstSpring] [           main] o.s.b.f.s.DefaultListableBeanFactory     : Returning cached instance of singleton bean 'eagerTaskExecutorMetrics'
2025-01-16T02:20:16.233+02:00 TRACE 25984 --- [FirstSpring] [           main] o.s.b.f.s.DefaultListableBeanFactory     : Returning cached instance of singleton bean 'org.springframework.boot.actuate.autoconfigure.metrics.web.tomcat.TomcatMetricsAutoConfiguration'
2025-01-16T02:20:16.233+02:00 TRACE 25984 --- [FirstSpring] [           main] o.s.b.f.s.DefaultListableBeanFactory     : Returning cached instance of singleton bean 'tomcatMetricsBinder'
2025-01-16T02:20:16.233+02:00 TRACE 25984 --- [FirstSpring] [           main] o.s.b.f.s.DefaultListableBeanFactory     : Returning cached instance of singleton bean 'org.springframework.boot.actuate.autoconfigure.observation.ObservationAutoConfiguration$MeterObservationHandlerConfiguration$OnlyMetricsMeterObservationHandlerConfiguration'
2025-01-16T02:20:16.233+02:00 TRACE 25984 --- [FirstSpring] [           main] o.s.b.f.s.DefaultListableBeanFactory     : Returning cached instance of singleton bean 'defaultMeterObservationHandler'
2025-01-16T02:20:16.233+02:00 TRACE 25984 --- [FirstSpring] [           main] o.s.b.f.s.DefaultListableBeanFactory     : Returning cached instance of singleton bean 'org.springframework.boot.actuate.autoconfigure.observation.ObservationAutoConfiguration$MeterObservationHandlerConfiguration'
2025-01-16T02:20:16.233+02:00 TRACE 25984 --- [FirstSpring] [           main] o.s.b.f.s.DefaultListableBeanFactory     : Returning cached instance of singleton bean 'org.springframework.boot.actuate.autoconfigure.observation.ObservationAutoConfiguration$OnlyMetricsConfiguration'
2025-01-16T02:20:16.233+02:00 TRACE 25984 --- [FirstSpring] [           main] o.s.b.f.s.DefaultListableBeanFactory     : Returning cached instance of singleton bean 'metricsObservationHandlerGrouping'
2025-01-16T02:20:16.233+02:00 TRACE 25984 --- [FirstSpring] [           main] o.s.b.f.s.DefaultListableBeanFactory     : Returning cached instance of singleton bean 'org.springframework.boot.actuate.autoconfigure.observation.ObservationAutoConfiguration'
2025-01-16T02:20:16.233+02:00 TRACE 25984 --- [FirstSpring] [           main] o.s.b.f.s.DefaultListableBeanFactory     : Returning cached instance of singleton bean 'observationRegistryPostProcessor'
2025-01-16T02:20:16.233+02:00 TRACE 25984 --- [FirstSpring] [           main] o.s.b.f.s.DefaultListableBeanFactory     : Returning cached instance of singleton bean 'observationRegistry'
2025-01-16T02:20:16.233+02:00 TRACE 25984 --- [FirstSpring] [           main] o.s.b.f.s.DefaultListableBeanFactory     : Returning cached instance of singleton bean 'propertiesObservationFilter'
2025-01-16T02:20:16.233+02:00 TRACE 25984 --- [FirstSpring] [           main] o.s.b.f.s.DefaultListableBeanFactory     : Returning cached instance of singleton bean 'management.observations-org.springframework.boot.actuate.autoconfigure.observation.ObservationProperties'
2025-01-16T02:20:16.233+02:00 TRACE 25984 --- [FirstSpring] [           main] o.s.b.f.s.DefaultListableBeanFactory     : Returning cached instance of singleton bean 'org.springframework.boot.autoconfigure.http.HttpMessageConvertersAutoConfiguration$StringHttpMessageConverterConfiguration'
2025-01-16T02:20:16.233+02:00 TRACE 25984 --- [FirstSpring] [           main] o.s.b.f.s.DefaultListableBeanFactory     : Returning cached instance of singleton bean 'stringHttpMessageConverter'
2025-01-16T02:20:16.235+02:00 TRACE 25984 --- [FirstSpring] [           main] o.s.b.f.s.DefaultListableBeanFactory     : Returning cached instance of singleton bean 'org.springframework.boot.autoconfigure.http.JacksonHttpMessageConvertersConfiguration$MappingJackson2HttpMessageConverterConfiguration'
2025-01-16T02:20:16.235+02:00 TRACE 25984 --- [FirstSpring] [           main] o.s.b.f.s.DefaultListableBeanFactory     : Returning cached instance of singleton bean 'mappingJackson2HttpMessageConverter'
2025-01-16T02:20:16.236+02:00 TRACE 25984 --- [FirstSpring] [           main] o.s.b.f.s.DefaultListableBeanFactory     : Returning cached instance of singleton bean 'org.springframework.boot.autoconfigure.http.JacksonHttpMessageConvertersConfiguration'
2025-01-16T02:20:16.236+02:00 TRACE 25984 --- [FirstSpring] [           main] o.s.b.f.s.DefaultListableBeanFactory     : Returning cached instance of singleton bean 'org.springframework.boot.autoconfigure.http.HttpMessageConvertersAutoConfiguration'
2025-01-16T02:20:16.236+02:00 TRACE 25984 --- [FirstSpring] [           main] o.s.b.f.s.DefaultListableBeanFactory     : Returning cached instance of singleton bean 'messageConverters'
2025-01-16T02:20:16.236+02:00 TRACE 25984 --- [FirstSpring] [           main] o.s.b.f.s.DefaultListableBeanFactory     : Returning cached instance of singleton bean 'org.springframework.boot.autoconfigure.http.client.HttpClientAutoConfiguration'
2025-01-16T02:20:16.236+02:00 TRACE 25984 --- [FirstSpring] [           main] o.s.b.f.s.DefaultListableBeanFactory     : Returning cached instance of singleton bean 'clientHttpRequestFactoryBuilder'
2025-01-16T02:20:16.236+02:00 TRACE 25984 --- [FirstSpring] [           main] o.s.b.f.s.DefaultListableBeanFactory     : Returning cached instance of singleton bean 'clientHttpRequestFactorySettings'
2025-01-16T02:20:16.236+02:00 TRACE 25984 --- [FirstSpring] [           main] o.s.b.f.s.DefaultListableBeanFactory     : Returning cached instance of singleton bean 'spring.http.client-org.springframework.boot.autoconfigure.http.client.HttpClientProperties'
2025-01-16T02:20:16.236+02:00 TRACE 25984 --- [FirstSpring] [           main] o.s.b.f.s.DefaultListableBeanFactory     : Returning cached instance of singleton bean 'org.springframework.boot.autoconfigure.web.client.RestClientAutoConfiguration'
2025-01-16T02:20:16.236+02:00 TRACE 25984 --- [FirstSpring] [           main] o.s.b.f.s.DefaultListableBeanFactory     : Returning cached instance of singleton bean 'httpMessageConvertersRestClientCustomizer'
2025-01-16T02:20:16.236+02:00 TRACE 25984 --- [FirstSpring] [           main] o.s.b.f.s.DefaultListableBeanFactory     : Returning cached instance of singleton bean 'restClientSsl'
2025-01-16T02:20:16.236+02:00 TRACE 25984 --- [FirstSpring] [           main] o.s.b.f.s.DefaultListableBeanFactory     : Returning cached instance of singleton bean 'restClientBuilderConfigurer'
2025-01-16T02:20:16.236+02:00 TRACE 25984 --- [FirstSpring] [           main] o.s.b.f.s.DefaultListableBeanFactory     : Returning cached instance of singleton bean 'org.springframework.boot.autoconfigure.web.client.RestTemplateAutoConfiguration'
2025-01-16T02:20:16.236+02:00 TRACE 25984 --- [FirstSpring] [           main] o.s.b.f.s.DefaultListableBeanFactory     : Returning cached instance of singleton bean 'org.springframework.boot.actuate.autoconfigure.observation.web.client.HttpClientObservationsAutoConfiguration$MeterFilterConfiguration'
2025-01-16T02:20:16.236+02:00 TRACE 25984 --- [FirstSpring] [           main] o.s.b.f.s.DefaultListableBeanFactory     : Returning cached instance of singleton bean 'metricsHttpClientUriTagFilter'
2025-01-16T02:20:16.236+02:00 TRACE 25984 --- [FirstSpring] [           main] o.s.b.f.s.DefaultListableBeanFactory     : Returning cached instance of singleton bean 'org.springframework.boot.actuate.autoconfigure.observation.web.client.RestTemplateObservationConfiguration'
2025-01-16T02:20:16.237+02:00 TRACE 25984 --- [FirstSpring] [           main] o.s.b.f.s.DefaultListableBeanFactory     : Returning cached instance of singleton bean 'observationRestTemplateCustomizer'
2025-01-16T02:20:16.237+02:00 TRACE 25984 --- [FirstSpring] [           main] o.s.b.f.s.DefaultListableBeanFactory     : Returning cached instance of singleton bean 'org.springframework.boot.actuate.autoconfigure.observation.web.client.RestClientObservationConfiguration'
2025-01-16T02:20:16.237+02:00 TRACE 25984 --- [FirstSpring] [           main] o.s.b.f.s.DefaultListableBeanFactory     : Returning cached instance of singleton bean 'observationRestClientCustomizer'
2025-01-16T02:20:16.237+02:00 TRACE 25984 --- [FirstSpring] [           main] o.s.b.f.s.DefaultListableBeanFactory     : Returning cached instance of singleton bean 'org.springframework.boot.actuate.autoconfigure.observation.web.client.HttpClientObservationsAutoConfiguration'
2025-01-16T02:20:16.237+02:00 TRACE 25984 --- [FirstSpring] [           main] o.s.b.f.s.DefaultListableBeanFactory     : Returning cached instance of singleton bean 'org.springframework.boot.actuate.autoconfigure.observation.web.servlet.WebMvcObservationAutoConfiguration$MeterFilterConfiguration'
2025-01-16T02:20:16.237+02:00 TRACE 25984 --- [FirstSpring] [           main] o.s.b.f.s.DefaultListableBeanFactory     : Returning cached instance of singleton bean 'metricsHttpServerUriTagFilter'
2025-01-16T02:20:16.237+02:00 TRACE 25984 --- [FirstSpring] [           main] o.s.b.f.s.DefaultListableBeanFactory     : Returning cached instance of singleton bean 'org.springframework.boot.actuate.autoconfigure.observation.web.servlet.WebMvcObservationAutoConfiguration'
2025-01-16T02:20:16.238+02:00 TRACE 25984 --- [FirstSpring] [           main] o.s.b.f.s.DefaultListableBeanFactory     : Returning cached instance of singleton bean 'webMvcObservationFilter'
2025-01-16T02:20:16.238+02:00 TRACE 25984 --- [FirstSpring] [           main] o.s.b.f.s.DefaultListableBeanFactory     : Returning cached instance of singleton bean 'org.springframework.boot.actuate.autoconfigure.sbom.SbomEndpointAutoConfiguration'
2025-01-16T02:20:16.238+02:00 TRACE 25984 --- [FirstSpring] [           main] o.s.b.f.s.DefaultListableBeanFactory     : Returning cached instance of singleton bean 'sbomEndpoint'
2025-01-16T02:20:16.238+02:00 TRACE 25984 --- [FirstSpring] [           main] o.s.b.f.s.DefaultListableBeanFactory     : Returning cached instance of singleton bean 'sbomEndpointWebExtension'
2025-01-16T02:20:16.238+02:00 TRACE 25984 --- [FirstSpring] [           main] o.s.b.f.s.DefaultListableBeanFactory     : Returning cached instance of singleton bean 'management.endpoint.sbom-org.springframework.boot.actuate.sbom.SbomProperties'
2025-01-16T02:20:16.238+02:00 TRACE 25984 --- [FirstSpring] [           main] o.s.b.f.s.DefaultListableBeanFactory     : Returning cached instance of singleton bean 'org.springframework.boot.actuate.autoconfigure.scheduling.ScheduledTasksEndpointAutoConfiguration'
2025-01-16T02:20:16.238+02:00 TRACE 25984 --- [FirstSpring] [           main] o.s.b.f.s.DefaultListableBeanFactory     : Returning cached instance of singleton bean 'scheduledTasksEndpoint'
2025-01-16T02:20:16.238+02:00 TRACE 25984 --- [FirstSpring] [           main] o.s.b.f.s.DefaultListableBeanFactory     : Returning cached instance of singleton bean 'org.springframework.boot.actuate.autoconfigure.scheduling.ScheduledTasksObservabilityAutoConfiguration'
2025-01-16T02:20:16.238+02:00 TRACE 25984 --- [FirstSpring] [           main] o.s.b.f.s.DefaultListableBeanFactory     : Returning cached instance of singleton bean 'observabilitySchedulingConfigurer'
2025-01-16T02:20:16.238+02:00 TRACE 25984 --- [FirstSpring] [           main] o.s.b.f.s.DefaultListableBeanFactory     : Returning cached instance of singleton bean 'org.springframework.boot.actuate.autoconfigure.web.exchanges.HttpExchangesEndpointAutoConfiguration'
2025-01-16T02:20:16.238+02:00 TRACE 25984 --- [FirstSpring] [           main] o.s.b.f.s.DefaultListableBeanFactory     : Returning cached instance of singleton bean 'org.springframework.boot.actuate.autoconfigure.web.mappings.MappingsEndpointAutoConfiguration$ServletWebConfiguration$SpringMvcConfiguration'
2025-01-16T02:20:16.238+02:00 TRACE 25984 --- [FirstSpring] [           main] o.s.b.f.s.DefaultListableBeanFactory     : Returning cached instance of singleton bean 'dispatcherServletMappingDescriptionProvider'
2025-01-16T02:20:16.238+02:00 TRACE 25984 --- [FirstSpring] [           main] o.s.b.f.s.DefaultListableBeanFactory     : Returning cached instance of singleton bean 'org.springframework.boot.actuate.autoconfigure.web.mappings.MappingsEndpointAutoConfiguration$ServletWebConfiguration'
2025-01-16T02:20:16.238+02:00 TRACE 25984 --- [FirstSpring] [           main] o.s.b.f.s.DefaultListableBeanFactory     : Returning cached instance of singleton bean 'servletMappingDescriptionProvider'
2025-01-16T02:20:16.238+02:00 TRACE 25984 --- [FirstSpring] [           main] o.s.b.f.s.DefaultListableBeanFactory     : Returning cached instance of singleton bean 'filterMappingDescriptionProvider'
2025-01-16T02:20:16.238+02:00 TRACE 25984 --- [FirstSpring] [           main] o.s.b.f.s.DefaultListableBeanFactory     : Returning cached instance of singleton bean 'org.springframework.boot.actuate.autoconfigure.web.mappings.MappingsEndpointAutoConfiguration'
2025-01-16T02:20:16.238+02:00 TRACE 25984 --- [FirstSpring] [           main] o.s.b.f.s.DefaultListableBeanFactory     : Returning cached instance of singleton bean 'mappingsEndpoint'
2025-01-16T02:20:16.238+02:00 TRACE 25984 --- [FirstSpring] [           main] o.s.b.f.s.DefaultListableBeanFactory     : Returning cached instance of singleton bean 'org.springframework.boot.autoconfigure.aop.AopAutoConfiguration$ClassProxyingConfiguration'
2025-01-16T02:20:16.238+02:00 TRACE 25984 --- [FirstSpring] [           main] o.s.b.f.s.DefaultListableBeanFactory     : Returning cached instance of singleton bean 'forceAutoProxyCreatorToUseClassProxying'
2025-01-16T02:20:16.238+02:00 TRACE 25984 --- [FirstSpring] [           main] o.s.b.f.s.DefaultListableBeanFactory     : Returning cached instance of singleton bean 'org.springframework.boot.autoconfigure.aop.AopAutoConfiguration'
2025-01-16T02:20:16.238+02:00 TRACE 25984 --- [FirstSpring] [           main] o.s.b.f.s.DefaultListableBeanFactory     : Returning cached instance of singleton bean 'org.springframework.boot.autoconfigure.context.ConfigurationPropertiesAutoConfiguration'
2025-01-16T02:20:16.238+02:00 TRACE 25984 --- [FirstSpring] [           main] o.s.b.f.s.DefaultListableBeanFactory     : Returning cached instance of singleton bean 'org.springframework.boot.autoconfigure.context.LifecycleAutoConfiguration'
2025-01-16T02:20:16.238+02:00 TRACE 25984 --- [FirstSpring] [           main] o.s.b.f.s.DefaultListableBeanFactory     : Returning cached instance of singleton bean 'lifecycleProcessor'
2025-01-16T02:20:16.238+02:00 TRACE 25984 --- [FirstSpring] [           main] o.s.b.f.s.DefaultListableBeanFactory     : Returning cached instance of singleton bean 'spring.lifecycle-org.springframework.boot.autoconfigure.context.LifecycleProperties'
2025-01-16T02:20:16.238+02:00 TRACE 25984 --- [FirstSpring] [           main] o.s.b.f.s.DefaultListableBeanFactory     : Returning cached instance of singleton bean 'org.springframework.boot.autoconfigure.sql.init.SqlInitializationAutoConfiguration'
2025-01-16T02:20:16.238+02:00 TRACE 25984 --- [FirstSpring] [           main] o.s.b.f.s.DefaultListableBeanFactory     : Returning cached instance of singleton bean 'spring.sql.init-org.springframework.boot.autoconfigure.sql.init.SqlInitializationProperties'
2025-01-16T02:20:16.238+02:00 TRACE 25984 --- [FirstSpring] [           main] o.s.b.f.s.DefaultListableBeanFactory     : Returning cached instance of singleton bean 'org.springframework.boot.sql.init.dependency.DatabaseInitializationDependencyConfigurer$DependsOnDatabaseInitializationPostProcessor'
2025-01-16T02:20:16.238+02:00 TRACE 25984 --- [FirstSpring] [           main] o.s.b.f.s.DefaultListableBeanFactory     : Returning cached instance of singleton bean 'org.springframework.boot.autoconfigure.web.servlet.HttpEncodingAutoConfiguration'
2025-01-16T02:20:16.238+02:00 TRACE 25984 --- [FirstSpring] [           main] o.s.b.f.s.DefaultListableBeanFactory     : Returning cached instance of singleton bean 'characterEncodingFilter'
2025-01-16T02:20:16.239+02:00 TRACE 25984 --- [FirstSpring] [           main] o.s.b.f.s.DefaultListableBeanFactory     : Returning cached instance of singleton bean 'localeCharsetMappingsCustomizer'
2025-01-16T02:20:16.239+02:00 TRACE 25984 --- [FirstSpring] [           main] o.s.b.f.s.DefaultListableBeanFactory     : Returning cached instance of singleton bean 'org.springframework.boot.autoconfigure.web.servlet.MultipartAutoConfiguration'
2025-01-16T02:20:16.239+02:00 TRACE 25984 --- [FirstSpring] [           main] o.s.b.f.s.DefaultListableBeanFactory     : Returning cached instance of singleton bean 'multipartConfigElement'
2025-01-16T02:20:16.239+02:00 TRACE 25984 --- [FirstSpring] [           main] o.s.b.f.s.DefaultListableBeanFactory     : Returning cached instance of singleton bean 'multipartResolver'
2025-01-16T02:20:16.239+02:00 TRACE 25984 --- [FirstSpring] [           main] o.s.b.f.s.DefaultListableBeanFactory     : Returning cached instance of singleton bean 'spring.servlet.multipart-org.springframework.boot.autoconfigure.web.servlet.MultipartProperties'
2025-01-16T02:20:16.239+02:00 TRACE 25984 --- [FirstSpring] [           main] o.s.b.f.s.DefaultListableBeanFactory     : Returning cached instance of singleton bean 'org.springframework.boot.actuate.autoconfigure.endpoint.web.ServletEndpointManagementContextConfiguration$WebMvcServletEndpointManagementContextConfiguration'
2025-01-16T02:20:16.239+02:00 TRACE 25984 --- [FirstSpring] [           main] o.s.b.f.s.DefaultListableBeanFactory     : Returning cached instance of singleton bean 'servletEndpointRegistrar'
2025-01-16T02:20:16.239+02:00 TRACE 25984 --- [FirstSpring] [           main] o.s.b.f.s.DefaultListableBeanFactory     : Returning cached instance of singleton bean 'org.springframework.boot.actuate.autoconfigure.endpoint.web.ServletEndpointManagementContextConfiguration'
2025-01-16T02:20:16.239+02:00 TRACE 25984 --- [FirstSpring] [           main] o.s.b.f.s.DefaultListableBeanFactory     : Returning cached instance of singleton bean 'servletExposeExcludePropertyEndpointFilter'
2025-01-16T02:20:16.239+02:00 TRACE 25984 --- [FirstSpring] [           main] o.s.b.f.s.DefaultListableBeanFactory     : Returning cached instance of singleton bean 'org.springframework.boot.actuate.autoconfigure.endpoint.web.servlet.WebMvcEndpointManagementContextConfiguration'
2025-01-16T02:20:16.239+02:00 TRACE 25984 --- [FirstSpring] [           main] o.s.b.f.s.DefaultListableBeanFactory     : Returning cached instance of singleton bean 'webEndpointServletHandlerMapping'
2025-01-16T02:20:16.239+02:00 TRACE 25984 --- [FirstSpring] [           main] o.s.b.f.s.DefaultListableBeanFactory     : Returning cached instance of singleton bean 'controllerEndpointHandlerMapping'
2025-01-16T02:20:16.239+02:00 TRACE 25984 --- [FirstSpring] [           main] o.s.b.f.s.DefaultListableBeanFactory     : Returning cached instance of singleton bean 'endpointObjectMapperWebMvcConfigurer'
2025-01-16T02:20:16.239+02:00 TRACE 25984 --- [FirstSpring] [           main] o.s.b.f.s.DefaultListableBeanFactory     : Returning cached instance of singleton bean 'management.endpoints.web.cors-org.springframework.boot.actuate.autoconfigure.endpoint.web.CorsEndpointProperties'
2025-01-16T02:20:16.239+02:00 TRACE 25984 --- [FirstSpring] [           main] o.s.b.f.s.DefaultListableBeanFactory     : Returning cached instance of singleton bean 'org.springframework.boot.actuate.autoconfigure.web.server.ManagementContextAutoConfiguration$SameManagementContextConfiguration$EnableSameManagementContextConfiguration'
2025-01-16T02:20:16.239+02:00 TRACE 25984 --- [FirstSpring] [           main] o.s.b.f.s.DefaultListableBeanFactory     : Returning cached instance of singleton bean 'org.springframework.boot.actuate.autoconfigure.web.server.ManagementContextAutoConfiguration$SameManagementContextConfiguration'
2025-01-16T02:20:16.241+02:00 TRACE 25984 --- [FirstSpring] [           main] o.s.b.f.s.DefaultListableBeanFactory     : Returning cached instance of singleton bean 'org.springframework.boot.actuate.autoconfigure.web.server.ManagementContextAutoConfiguration'
2025-01-16T02:20:16.242+02:00 TRACE 25984 --- [FirstSpring] [           main] o.s.b.f.s.DefaultListableBeanFactory     : Returning cached instance of singleton bean 'management.server-org.springframework.boot.actuate.autoconfigure.web.server.ManagementServerProperties'
2025-01-16T02:20:16.242+02:00 TRACE 25984 --- [FirstSpring] [           main] o.s.b.f.s.DefaultListableBeanFactory     : Returning cached instance of singleton bean 'org.springframework.aop.config.internalAutoProxyCreator'
2025-01-16T02:20:16.242+02:00 TRACE 25984 --- [FirstSpring] [           main] o.s.b.f.s.DefaultListableBeanFactory     : Returning cached instance of singleton bean 'org.springframework.boot.test.mock.mockito.MockitoBeans'
2025-01-16T02:20:16.242+02:00 TRACE 25984 --- [FirstSpring] [           main] c.DefaultCacheAwareContextLoaderDelegate : Retrieved ApplicationContext [1177101170] from cache with key [WebMergedContextConfiguration@9b2dc56 testClass = com.courseSpring.FirstSpring.FirstSpringApplicationTests, locations = [], classes = [com.courseSpring.FirstSpring.FirstSpringApplication], contextInitializerClasses = [], activeProfiles = [], propertySourceDescriptors = [], propertySourceProperties = ["org.springframework.boot.test.context.SpringBootTestContextBootstrapper=true"], contextCustomizers = [org.springframework.boot.test.context.filter.ExcludeFilterContextCustomizer@5e3f861, org.springframework.boot.test.json.DuplicateJsonObjectContextCustomizerFactory$DuplicateJsonObjectContextCustomizer@6d5620ce, org.springframework.boot.test.mock.mockito.MockitoContextCustomizer@0, org.springframework.boot.test.web.client.TestRestTemplateContextCustomizer@3e78b6a5, org.springframework.boot.test.web.reactor.netty.DisableReactorResourceFactoryGlobalResourcesContextCustomizerFactory$DisableReactorResourceFactoryGlobalResourcesContextCustomizerCustomizer@4b8729ff, org.springframework.boot.test.autoconfigure.OnFailureConditionReportContextCustomizerFactory$OnFailureConditionReportContextCustomizer@383dc82c, org.springframework.boot.test.autoconfigure.actuate.observability.ObservabilityContextCustomizerFactory$DisableObservabilityContextCustomizer@1f, org.springframework.boot.test.autoconfigure.properties.PropertyMappingContextCustomizer@0, org.springframework.boot.test.autoconfigure.web.servlet.WebDriverContextCustomizer@3cce57c7, org.springframework.test.context.support.DynamicPropertiesContextCustomizer@0, org.springframework.boot.test.context.SpringBootTestAnnotation@8d5f40f9], resourceBasePath = "src/main/webapp", contextLoader = org.springframework.boot.test.context.SpringBootContextLoader, parent = null]
2025-01-16T02:20:16.242+02:00 DEBUG 25984 --- [FirstSpring] [           main] org.springframework.test.context.cache   : Spring test ApplicationContext cache statistics: [DefaultContextCache@621f23ac size = 1, maxSize = 32, parentContextCount = 0, hitCount = 5, missCount = 1, failureCount = 0]
2025-01-16T02:20:16.244+02:00 TRACE 25984 --- [FirstSpring] [           main] o.s.b.f.s.DefaultListableBeanFactory     : Returning cached instance of singleton bean 'org.springframework.boot.test.mock.mockito.MockitoPostProcessor$SpyPostProcessor'
2025-01-16T02:20:16.244+02:00 TRACE 25984 --- [FirstSpring] [           main] o.s.b.f.s.DefaultListableBeanFactory     : Returning cached instance of singleton bean 'org.springframework.boot.test.mock.mockito.MockitoPostProcessor'
2025-01-16T02:20:16.245+02:00 TRACE 25984 --- [FirstSpring] [           main] o.s.b.f.s.DefaultListableBeanFactory     : Returning cached instance of singleton bean 'org.springframework.test.context.support.internalDynamicPropertyRegistrarBeanInitializer'
2025-01-16T02:20:16.245+02:00 TRACE 25984 --- [FirstSpring] [           main] o.s.b.f.s.DefaultListableBeanFactory     : Returning cached instance of singleton bean 'org.springframework.context.annotation.internalConfigurationAnnotationProcessor'
2025-01-16T02:20:16.245+02:00 TRACE 25984 --- [FirstSpring] [           main] o.s.b.f.s.DefaultListableBeanFactory     : Returning cached instance of singleton bean 'org.springframework.context.annotation.internalAutowiredAnnotationProcessor'
2025-01-16T02:20:16.245+02:00 TRACE 25984 --- [FirstSpring] [           main] o.s.b.f.s.DefaultListableBeanFactory     : Returning cached instance of singleton bean 'org.springframework.context.annotation.internalCommonAnnotationProcessor'
2025-01-16T02:20:16.245+02:00 TRACE 25984 --- [FirstSpring] [           main] o.s.b.f.s.DefaultListableBeanFactory     : Returning cached instance of singleton bean 'org.springframework.context.event.internalEventListenerProcessor'
2025-01-16T02:20:16.245+02:00 TRACE 25984 --- [FirstSpring] [           main] o.s.b.f.s.DefaultListableBeanFactory     : Returning cached instance of singleton bean 'org.springframework.context.event.internalEventListenerFactory'
2025-01-16T02:20:16.245+02:00 TRACE 25984 --- [FirstSpring] [           main] o.s.b.f.s.DefaultListableBeanFactory     : Returning cached instance of singleton bean 'firstSpringApplication'
2025-01-16T02:20:16.245+02:00 TRACE 25984 --- [FirstSpring] [           main] o.s.b.f.s.DefaultListableBeanFactory     : Returning cached instance of singleton bean 'org.springframework.boot.autoconfigure.internalCachingMetadataReaderFactory'
2025-01-16T02:20:16.245+02:00 TRACE 25984 --- [FirstSpring] [           main] o.s.b.f.s.DefaultListableBeanFactory     : Returning cached instance of singleton bean 'org.springframework.boot.autoconfigure.internalCachingMetadataReaderFactory'
2025-01-16T02:20:16.245+02:00 TRACE 25984 --- [FirstSpring] [           main] o.s.b.f.s.DefaultListableBeanFactory     : Returning cached instance of singleton bean 'courseController'
2025-01-16T02:20:16.245+02:00 TRACE 25984 --- [FirstSpring] [           main] o.s.b.f.s.DefaultListableBeanFactory     : Returning cached instance of singleton bean 'currencyConfigurationController'
2025-01-16T02:20:16.245+02:00 TRACE 25984 --- [FirstSpring] [           main] o.s.b.f.s.DefaultListableBeanFactory     : Returning cached instance of singleton bean 'currencyServiceConfiguration'
2025-01-16T02:20:16.245+02:00 TRACE 25984 --- [FirstSpring] [           main] o.s.b.f.s.DefaultListableBeanFactory     : Returning cached instance of singleton bean 'org.springframework.boot.autoconfigure.AutoConfigurationPackages'
2025-01-16T02:20:16.245+02:00 TRACE 25984 --- [FirstSpring] [           main] o.s.b.f.s.DefaultListableBeanFactory     : Returning cached instance of singleton bean 'org.springframework.boot.autoconfigure.context.PropertyPlaceholderAutoConfiguration'
2025-01-16T02:20:16.245+02:00 TRACE 25984 --- [FirstSpring] [           main] o.s.b.f.s.DefaultListableBeanFactory     : Returning cached instance of singleton bean 'propertySourcesPlaceholderConfigurer'
2025-01-16T02:20:16.245+02:00 TRACE 25984 --- [FirstSpring] [           main] o.s.b.f.s.DefaultListableBeanFactory     : Returning cached instance of singleton bean 'org.springframework.boot.autoconfigure.ssl.SslAutoConfiguration'
2025-01-16T02:20:16.245+02:00 TRACE 25984 --- [FirstSpring] [           main] o.s.b.f.s.DefaultListableBeanFactory     : Returning cached instance of singleton bean 'fileWatcher'
2025-01-16T02:20:16.245+02:00 TRACE 25984 --- [FirstSpring] [           main] o.s.b.f.s.DefaultListableBeanFactory     : Returning cached instance of singleton bean 'sslPropertiesSslBundleRegistrar'
2025-01-16T02:20:16.245+02:00 TRACE 25984 --- [FirstSpring] [           main] o.s.b.f.s.DefaultListableBeanFactory     : Returning cached instance of singleton bean 'sslBundleRegistry'
2025-01-16T02:20:16.245+02:00 TRACE 25984 --- [FirstSpring] [           main] o.s.b.f.s.DefaultListableBeanFactory     : Returning cached instance of singleton bean 'org.springframework.boot.context.properties.ConfigurationPropertiesBindingPostProcessor'
2025-01-16T02:20:16.245+02:00 TRACE 25984 --- [FirstSpring] [           main] o.s.b.f.s.DefaultListableBeanFactory     : Returning cached instance of singleton bean 'org.springframework.boot.context.internalConfigurationPropertiesBinder'
2025-01-16T02:20:16.245+02:00 TRACE 25984 --- [FirstSpring] [           main] o.s.b.f.s.DefaultListableBeanFactory     : Returning cached instance of singleton bean 'org.springframework.boot.context.internalConfigurationPropertiesBinder'
2025-01-16T02:20:16.245+02:00 TRACE 25984 --- [FirstSpring] [           main] o.s.b.f.s.DefaultListableBeanFactory     : Returning cached instance of singleton bean 'org.springframework.boot.context.properties.BoundConfigurationProperties'
2025-01-16T02:20:16.245+02:00 TRACE 25984 --- [FirstSpring] [           main] o.s.b.f.s.DefaultListableBeanFactory     : Returning cached instance of singleton bean 'org.springframework.boot.context.properties.EnableConfigurationPropertiesRegistrar.methodValidationExcludeFilter'
2025-01-16T02:20:16.245+02:00 TRACE 25984 --- [FirstSpring] [           main] o.s.b.f.s.DefaultListableBeanFactory     : Returning cached instance of singleton bean 'spring.ssl-org.springframework.boot.autoconfigure.ssl.SslProperties'
2025-01-16T02:20:16.245+02:00 TRACE 25984 --- [FirstSpring] [           main] o.s.b.f.s.DefaultListableBeanFactory     : Returning cached instance of singleton bean 'org.springframework.boot.autoconfigure.websocket.servlet.WebSocketServletAutoConfiguration$TomcatWebSocketConfiguration'
2025-01-16T02:20:16.245+02:00 TRACE 25984 --- [FirstSpring] [           main] o.s.b.f.s.DefaultListableBeanFactory     : Returning cached instance of singleton bean 'websocketServletWebServerCustomizer'
2025-01-16T02:20:16.245+02:00 TRACE 25984 --- [FirstSpring] [           main] o.s.b.f.s.DefaultListableBeanFactory     : Returning cached instance of singleton bean 'org.springframework.boot.autoconfigure.websocket.servlet.WebSocketServletAutoConfiguration'
2025-01-16T02:20:16.245+02:00 TRACE 25984 --- [FirstSpring] [           main] o.s.b.f.s.DefaultListableBeanFactory     : Returning cached instance of singleton bean 'org.springframework.boot.autoconfigure.web.servlet.ServletWebServerFactoryConfiguration$EmbeddedTomcat'
2025-01-16T02:20:16.245+02:00 TRACE 25984 --- [FirstSpring] [           main] o.s.b.f.s.DefaultListableBeanFactory     : Returning cached instance of singleton bean 'tomcatServletWebServerFactory'
2025-01-16T02:20:16.245+02:00 TRACE 25984 --- [FirstSpring] [           main] o.s.b.f.s.DefaultListableBeanFactory     : Returning cached instance of singleton bean 'org.springframework.boot.autoconfigure.web.servlet.ServletWebServerFactoryAutoConfiguration'
2025-01-16T02:20:16.245+02:00 TRACE 25984 --- [FirstSpring] [           main] o.s.b.f.s.DefaultListableBeanFactory     : Returning cached instance of singleton bean 'servletWebServerFactoryCustomizer'
2025-01-16T02:20:16.245+02:00 TRACE 25984 --- [FirstSpring] [           main] o.s.b.f.s.DefaultListableBeanFactory     : Returning cached instance of singleton bean 'tomcatServletWebServerFactoryCustomizer'
2025-01-16T02:20:16.245+02:00 TRACE 25984 --- [FirstSpring] [           main] o.s.b.f.s.DefaultListableBeanFactory     : Returning cached instance of singleton bean 'server-org.springframework.boot.autoconfigure.web.ServerProperties'
2025-01-16T02:20:16.245+02:00 TRACE 25984 --- [FirstSpring] [           main] o.s.b.f.s.DefaultListableBeanFactory     : Returning cached instance of singleton bean 'webServerFactoryCustomizerBeanPostProcessor'
2025-01-16T02:20:16.245+02:00 TRACE 25984 --- [FirstSpring] [           main] o.s.b.f.s.DefaultListableBeanFactory     : Returning cached instance of singleton bean 'errorPageRegistrarBeanPostProcessor'
2025-01-16T02:20:16.245+02:00 TRACE 25984 --- [FirstSpring] [           main] o.s.b.f.s.DefaultListableBeanFactory     : Returning cached instance of singleton bean 'org.springframework.boot.autoconfigure.web.servlet.DispatcherServletAutoConfiguration$DispatcherServletConfiguration'
2025-01-16T02:20:16.245+02:00 TRACE 25984 --- [FirstSpring] [           main] o.s.b.f.s.DefaultListableBeanFactory     : Returning cached instance of singleton bean 'dispatcherServlet'
2025-01-16T02:20:16.245+02:00 TRACE 25984 --- [FirstSpring] [           main] o.s.b.f.s.DefaultListableBeanFactory     : Returning cached instance of singleton bean 'spring.mvc-org.springframework.boot.autoconfigure.web.servlet.WebMvcProperties'
2025-01-16T02:20:16.245+02:00 TRACE 25984 --- [FirstSpring] [           main] o.s.b.f.s.DefaultListableBeanFactory     : Returning cached instance of singleton bean 'org.springframework.boot.autoconfigure.web.servlet.DispatcherServletAutoConfiguration$DispatcherServletRegistrationConfiguration'
2025-01-16T02:20:16.245+02:00 TRACE 25984 --- [FirstSpring] [           main] o.s.b.f.s.DefaultListableBeanFactory     : Returning cached instance of singleton bean 'dispatcherServletRegistration'
2025-01-16T02:20:16.245+02:00 TRACE 25984 --- [FirstSpring] [           main] o.s.b.f.s.DefaultListableBeanFactory     : Returning cached instance of singleton bean 'org.springframework.boot.autoconfigure.web.servlet.DispatcherServletAutoConfiguration'
2025-01-16T02:20:16.245+02:00 TRACE 25984 --- [FirstSpring] [           main] o.s.b.f.s.DefaultListableBeanFactory     : Returning cached instance of singleton bean 'org.springframework.boot.autoconfigure.task.TaskExecutorConfigurations$ThreadPoolTaskExecutorBuilderConfiguration'
2025-01-16T02:20:16.245+02:00 TRACE 25984 --- [FirstSpring] [           main] o.s.b.f.s.DefaultListableBeanFactory     : Returning cached instance of singleton bean 'threadPoolTaskExecutorBuilder'
2025-01-16T02:20:16.245+02:00 TRACE 25984 --- [FirstSpring] [           main] o.s.b.f.s.DefaultListableBeanFactory     : Returning cached instance of singleton bean 'org.springframework.boot.autoconfigure.task.TaskExecutorConfigurations$SimpleAsyncTaskExecutorBuilderConfiguration'
2025-01-16T02:20:16.245+02:00 TRACE 25984 --- [FirstSpring] [           main] o.s.b.f.s.DefaultListableBeanFactory     : Returning cached instance of singleton bean 'simpleAsyncTaskExecutorBuilder'
2025-01-16T02:20:16.245+02:00 TRACE 25984 --- [FirstSpring] [           main] o.s.b.f.s.DefaultListableBeanFactory     : Returning cached instance of singleton bean 'org.springframework.boot.autoconfigure.task.TaskExecutorConfigurations$TaskExecutorConfiguration'
2025-01-16T02:20:16.245+02:00 TRACE 25984 --- [FirstSpring] [           main] o.s.b.f.s.DefaultListableBeanFactory     : Returning cached instance of singleton bean 'applicationTaskExecutor'
2025-01-16T02:20:16.245+02:00 TRACE 25984 --- [FirstSpring] [           main] o.s.b.f.s.DefaultListableBeanFactory     : Returning cached instance of singleton bean 'org.springframework.boot.autoconfigure.task.TaskExecutionAutoConfiguration'
2025-01-16T02:20:16.245+02:00 TRACE 25984 --- [FirstSpring] [           main] o.s.b.f.s.DefaultListableBeanFactory     : Returning cached instance of singleton bean 'spring.task.execution-org.springframework.boot.autoconfigure.task.TaskExecutionProperties'
2025-01-16T02:20:16.245+02:00 TRACE 25984 --- [FirstSpring] [           main] o.s.b.f.s.DefaultListableBeanFactory     : Returning cached instance of singleton bean 'org.springframework.boot.autoconfigure.web.servlet.error.ErrorMvcAutoConfiguration$WhitelabelErrorViewConfiguration'
2025-01-16T02:20:16.245+02:00 TRACE 25984 --- [FirstSpring] [           main] o.s.b.f.s.DefaultListableBeanFactory     : Returning cached instance of singleton bean 'error'
2025-01-16T02:20:16.245+02:00 TRACE 25984 --- [FirstSpring] [           main] o.s.b.f.s.DefaultListableBeanFactory     : Returning cached instance of singleton bean 'beanNameViewResolver'
2025-01-16T02:20:16.245+02:00 TRACE 25984 --- [FirstSpring] [           main] o.s.b.f.s.DefaultListableBeanFactory     : Returning cached instance of singleton bean 'org.springframework.boot.autoconfigure.web.servlet.error.ErrorMvcAutoConfiguration$DefaultErrorViewResolverConfiguration'
2025-01-16T02:20:16.245+02:00 TRACE 25984 --- [FirstSpring] [           main] o.s.b.f.s.DefaultListableBeanFactory     : Returning cached instance of singleton bean 'conventionErrorViewResolver'
2025-01-16T02:20:16.245+02:00 TRACE 25984 --- [FirstSpring] [           main] o.s.b.f.s.DefaultListableBeanFactory     : Returning cached instance of singleton bean 'spring.web-org.springframework.boot.autoconfigure.web.WebProperties'
2025-01-16T02:20:16.245+02:00 TRACE 25984 --- [FirstSpring] [           main] o.s.b.f.s.DefaultListableBeanFactory     : Returning cached instance of singleton bean 'org.springframework.boot.autoconfigure.web.servlet.error.ErrorMvcAutoConfiguration'
2025-01-16T02:20:16.245+02:00 TRACE 25984 --- [FirstSpring] [           main] o.s.b.f.s.DefaultListableBeanFactory     : Returning cached instance of singleton bean 'errorAttributes'
2025-01-16T02:20:16.245+02:00 TRACE 25984 --- [FirstSpring] [           main] o.s.b.f.s.DefaultListableBeanFactory     : Returning cached instance of singleton bean 'basicErrorController'
2025-01-16T02:20:16.245+02:00 TRACE 25984 --- [FirstSpring] [           main] o.s.b.f.s.DefaultListableBeanFactory     : Returning cached instance of singleton bean 'errorPageCustomizer'
2025-01-16T02:20:16.245+02:00 TRACE 25984 --- [FirstSpring] [           main] o.s.b.f.s.DefaultListableBeanFactory     : Returning cached instance of singleton bean 'preserveErrorControllerTargetClassPostProcessor'
2025-01-16T02:20:16.245+02:00 TRACE 25984 --- [FirstSpring] [           main] o.s.b.f.s.DefaultListableBeanFactory     : Returning cached instance of singleton bean 'org.springframework.boot.autoconfigure.web.servlet.WebMvcAutoConfiguration$EnableWebMvcConfiguration'
2025-01-16T02:20:16.245+02:00 TRACE 25984 --- [FirstSpring] [           main] o.s.b.f.s.DefaultListableBeanFactory     : Returning cached instance of singleton bean 'welcomePageHandlerMapping'
2025-01-16T02:20:16.245+02:00 TRACE 25984 --- [FirstSpring] [           main] o.s.b.f.s.DefaultListableBeanFactory     : Returning cached instance of singleton bean 'welcomePageNotAcceptableHandlerMapping'
2025-01-16T02:20:16.245+02:00 TRACE 25984 --- [FirstSpring] [           main] o.s.b.f.s.DefaultListableBeanFactory     : Returning cached instance of singleton bean 'localeResolver'
2025-01-16T02:20:16.245+02:00 TRACE 25984 --- [FirstSpring] [           main] o.s.b.f.s.DefaultListableBeanFactory     : Returning cached instance of singleton bean 'themeResolver'
2025-01-16T02:20:16.245+02:00 TRACE 25984 --- [FirstSpring] [           main] o.s.b.f.s.DefaultListableBeanFactory     : Returning cached instance of singleton bean 'flashMapManager'
2025-01-16T02:20:16.245+02:00 TRACE 25984 --- [FirstSpring] [           main] o.s.b.f.s.DefaultListableBeanFactory     : Returning cached instance of singleton bean 'viewNameTranslator'
2025-01-16T02:20:16.245+02:00 TRACE 25984 --- [FirstSpring] [           main] o.s.b.f.s.DefaultListableBeanFactory     : Returning cached instance of singleton bean 'mvcConversionService'
2025-01-16T02:20:16.245+02:00 TRACE 25984 --- [FirstSpring] [           main] o.s.b.f.s.DefaultListableBeanFactory     : Returning cached instance of singleton bean 'mvcValidator'
2025-01-16T02:20:16.245+02:00 TRACE 25984 --- [FirstSpring] [           main] o.s.b.f.s.DefaultListableBeanFactory     : Returning cached instance of singleton bean 'mvcContentNegotiationManager'
2025-01-16T02:20:16.245+02:00 TRACE 25984 --- [FirstSpring] [           main] o.s.b.f.s.DefaultListableBeanFactory     : Returning cached instance of singleton bean 'requestMappingHandlerMapping'
2025-01-16T02:20:16.245+02:00 TRACE 25984 --- [FirstSpring] [           main] o.s.b.f.s.DefaultListableBeanFactory     : Returning cached instance of singleton bean 'mvcPatternParser'
2025-01-16T02:20:16.245+02:00 TRACE 25984 --- [FirstSpring] [           main] o.s.b.f.s.DefaultListableBeanFactory     : Returning cached instance of singleton bean 'mvcUrlPathHelper'
2025-01-16T02:20:16.245+02:00 TRACE 25984 --- [FirstSpring] [           main] o.s.b.f.s.DefaultListableBeanFactory     : Returning cached instance of singleton bean 'mvcPathMatcher'
2025-01-16T02:20:16.245+02:00 TRACE 25984 --- [FirstSpring] [           main] o.s.b.f.s.DefaultListableBeanFactory     : Returning cached instance of singleton bean 'viewControllerHandlerMapping'
2025-01-16T02:20:16.245+02:00 TRACE 25984 --- [FirstSpring] [           main] o.s.b.f.s.DefaultListableBeanFactory     : Returning cached instance of singleton bean 'beanNameHandlerMapping'
2025-01-16T02:20:16.245+02:00 TRACE 25984 --- [FirstSpring] [           main] o.s.b.f.s.DefaultListableBeanFactory     : Returning cached instance of singleton bean 'routerFunctionMapping'
2025-01-16T02:20:16.245+02:00 TRACE 25984 --- [FirstSpring] [           main] o.s.b.f.s.DefaultListableBeanFactory     : Returning cached instance of singleton bean 'resourceHandlerMapping'
2025-01-16T02:20:16.245+02:00 TRACE 25984 --- [FirstSpring] [           main] o.s.b.f.s.DefaultListableBeanFactory     : Returning cached instance of singleton bean 'mvcResourceUrlProvider'
2025-01-16T02:20:16.245+02:00 TRACE 25984 --- [FirstSpring] [           main] o.s.b.f.s.DefaultListableBeanFactory     : Returning cached instance of singleton bean 'defaultServletHandlerMapping'
2025-01-16T02:20:16.245+02:00 TRACE 25984 --- [FirstSpring] [           main] o.s.b.f.s.DefaultListableBeanFactory     : Returning cached instance of singleton bean 'requestMappingHandlerAdapter'
2025-01-16T02:20:16.245+02:00 TRACE 25984 --- [FirstSpring] [           main] o.s.b.f.s.DefaultListableBeanFactory     : Returning cached instance of singleton bean 'handlerFunctionAdapter'
2025-01-16T02:20:16.245+02:00 TRACE 25984 --- [FirstSpring] [           main] o.s.b.f.s.DefaultListableBeanFactory     : Returning cached instance of singleton bean 'mvcUriComponentsContributor'
2025-01-16T02:20:16.245+02:00 TRACE 25984 --- [FirstSpring] [           main] o.s.b.f.s.DefaultListableBeanFactory     : Returning cached instance of singleton bean 'httpRequestHandlerAdapter'
2025-01-16T02:20:16.245+02:00 TRACE 25984 --- [FirstSpring] [           main] o.s.b.f.s.DefaultListableBeanFactory     : Returning cached instance of singleton bean 'simpleControllerHandlerAdapter'
2025-01-16T02:20:16.245+02:00 TRACE 25984 --- [FirstSpring] [           main] o.s.b.f.s.DefaultListableBeanFactory     : Returning cached instance of singleton bean 'handlerExceptionResolver'
2025-01-16T02:20:16.245+02:00 TRACE 25984 --- [FirstSpring] [           main] o.s.b.f.s.DefaultListableBeanFactory     : Returning cached instance of singleton bean 'mvcViewResolver'
2025-01-16T02:20:16.245+02:00 TRACE 25984 --- [FirstSpring] [           main] o.s.b.f.s.DefaultListableBeanFactory     : Returning cached instance of singleton bean 'org.springframework.boot.autoconfigure.web.servlet.WebMvcAutoConfiguration$WebMvcAutoConfigurationAdapter'
2025-01-16T02:20:16.245+02:00 TRACE 25984 --- [FirstSpring] [           main] o.s.b.f.s.DefaultListableBeanFactory     : Returning cached instance of singleton bean 'defaultViewResolver'
2025-01-16T02:20:16.245+02:00 TRACE 25984 --- [FirstSpring] [           main] o.s.b.f.s.DefaultListableBeanFactory     : Returning cached instance of singleton bean 'viewResolver'
2025-01-16T02:20:16.245+02:00 TRACE 25984 --- [FirstSpring] [           main] o.s.b.f.s.DefaultListableBeanFactory     : Returning cached instance of singleton bean 'requestContextFilter'
2025-01-16T02:20:16.245+02:00 TRACE 25984 --- [FirstSpring] [           main] o.s.b.f.s.DefaultListableBeanFactory     : Returning cached instance of singleton bean 'org.springframework.boot.autoconfigure.web.servlet.WebMvcAutoConfiguration'
2025-01-16T02:20:16.245+02:00 TRACE 25984 --- [FirstSpring] [           main] o.s.b.f.s.DefaultListableBeanFactory     : Returning cached instance of singleton bean 'formContentFilter'
2025-01-16T02:20:16.245+02:00 TRACE 25984 --- [FirstSpring] [           main] o.s.b.f.s.DefaultListableBeanFactory     : Returning cached instance of singleton bean 'org.springframework.boot.actuate.autoconfigure.audit.AuditEventsEndpointAutoConfiguration'
2025-01-16T02:20:16.245+02:00 TRACE 25984 --- [FirstSpring] [           main] o.s.b.f.s.DefaultListableBeanFactory     : Returning cached instance of singleton bean 'org.springframework.boot.autoconfigure.availability.ApplicationAvailabilityAutoConfiguration'
2025-01-16T02:20:16.245+02:00 TRACE 25984 --- [FirstSpring] [           main] o.s.b.f.s.DefaultListableBeanFactory     : Returning cached instance of singleton bean 'applicationAvailability'
2025-01-16T02:20:16.245+02:00 TRACE 25984 --- [FirstSpring] [           main] o.s.b.f.s.DefaultListableBeanFactory     : Returning cached instance of singleton bean 'org.springframework.boot.actuate.autoconfigure.availability.AvailabilityHealthContributorAutoConfiguration'
2025-01-16T02:20:16.245+02:00 TRACE 25984 --- [FirstSpring] [           main] o.s.b.f.s.DefaultListableBeanFactory     : Returning cached instance of singleton bean 'org.springframework.boot.actuate.autoconfigure.beans.BeansEndpointAutoConfiguration'
2025-01-16T02:20:16.245+02:00 TRACE 25984 --- [FirstSpring] [           main] o.s.b.f.s.DefaultListableBeanFactory     : Returning cached instance of singleton bean 'beansEndpoint'
2025-01-16T02:20:16.245+02:00 TRACE 25984 --- [FirstSpring] [           main] o.s.b.f.s.DefaultListableBeanFactory     : Returning cached instance of singleton bean 'org.springframework.boot.autoconfigure.jackson.JacksonAutoConfiguration$Jackson2ObjectMapperBuilderCustomizerConfiguration'
2025-01-16T02:20:16.245+02:00 TRACE 25984 --- [FirstSpring] [           main] o.s.b.f.s.DefaultListableBeanFactory     : Returning cached instance of singleton bean 'standardJacksonObjectMapperBuilderCustomizer'
2025-01-16T02:20:16.245+02:00 TRACE 25984 --- [FirstSpring] [           main] o.s.b.f.s.DefaultListableBeanFactory     : Returning cached instance of singleton bean 'spring.jackson-org.springframework.boot.autoconfigure.jackson.JacksonProperties'
2025-01-16T02:20:16.245+02:00 TRACE 25984 --- [FirstSpring] [           main] o.s.b.f.s.DefaultListableBeanFactory     : Returning cached instance of singleton bean 'org.springframework.boot.autoconfigure.jackson.JacksonAutoConfiguration$JacksonObjectMapperBuilderConfiguration'
2025-01-16T02:20:16.245+02:00 TRACE 25984 --- [FirstSpring] [           main] o.s.b.f.s.DefaultListableBeanFactory     : Returning cached instance of singleton bean 'org.springframework.boot.autoconfigure.jackson.JacksonAutoConfiguration$ParameterNamesModuleConfiguration'
2025-01-16T02:20:16.245+02:00 TRACE 25984 --- [FirstSpring] [           main] o.s.b.f.s.DefaultListableBeanFactory     : Returning cached instance of singleton bean 'parameterNamesModule'
2025-01-16T02:20:16.245+02:00 TRACE 25984 --- [FirstSpring] [           main] o.s.b.f.s.DefaultListableBeanFactory     : Returning cached instance of singleton bean 'org.springframework.boot.autoconfigure.jackson.JacksonAutoConfiguration$JacksonObjectMapperConfiguration'
2025-01-16T02:20:16.245+02:00 TRACE 25984 --- [FirstSpring] [           main] o.s.b.f.s.DefaultListableBeanFactory     : Returning cached instance of singleton bean 'jacksonObjectMapper'
2025-01-16T02:20:16.245+02:00 TRACE 25984 --- [FirstSpring] [           main] o.s.b.f.s.DefaultListableBeanFactory     : Returning cached instance of singleton bean 'org.springframework.boot.autoconfigure.jackson.JacksonAutoConfiguration$JacksonMixinConfiguration'
2025-01-16T02:20:16.245+02:00 TRACE 25984 --- [FirstSpring] [           main] o.s.b.f.s.DefaultListableBeanFactory     : Returning cached instance of singleton bean 'jsonMixinModuleEntries'
2025-01-16T02:20:16.245+02:00 TRACE 25984 --- [FirstSpring] [           main] o.s.b.f.s.DefaultListableBeanFactory     : Returning cached instance of singleton bean 'jsonMixinModule'
2025-01-16T02:20:16.245+02:00 TRACE 25984 --- [FirstSpring] [           main] o.s.b.f.s.DefaultListableBeanFactory     : Returning cached instance of singleton bean 'org.springframework.boot.autoconfigure.jackson.JacksonAutoConfiguration'
2025-01-16T02:20:16.245+02:00 TRACE 25984 --- [FirstSpring] [           main] o.s.b.f.s.DefaultListableBeanFactory     : Returning cached instance of singleton bean 'jsonComponentModule'
2025-01-16T02:20:16.245+02:00 TRACE 25984 --- [FirstSpring] [           main] o.s.b.f.s.DefaultListableBeanFactory     : Returning cached instance of singleton bean 'org.springframework.boot.actuate.autoconfigure.cache.CachesEndpointAutoConfiguration'
2025-01-16T02:20:16.245+02:00 TRACE 25984 --- [FirstSpring] [           main] o.s.b.f.s.DefaultListableBeanFactory     : Returning cached instance of singleton bean 'cachesEndpoint'
2025-01-16T02:20:16.245+02:00 TRACE 25984 --- [FirstSpring] [           main] o.s.b.f.s.DefaultListableBeanFactory     : Returning cached instance of singleton bean 'cachesEndpointWebExtension'
2025-01-16T02:20:16.245+02:00 TRACE 25984 --- [FirstSpring] [           main] o.s.b.f.s.DefaultListableBeanFactory     : Returning cached instance of singleton bean 'org.springframework.boot.actuate.autoconfigure.health.HealthEndpointConfiguration'
2025-01-16T02:20:16.245+02:00 TRACE 25984 --- [FirstSpring] [           main] o.s.b.f.s.DefaultListableBeanFactory     : Returning cached instance of singleton bean 'healthStatusAggregator'
2025-01-16T02:20:16.245+02:00 TRACE 25984 --- [FirstSpring] [           main] o.s.b.f.s.DefaultListableBeanFactory     : Returning cached instance of singleton bean 'healthHttpCodeStatusMapper'
2025-01-16T02:20:16.246+02:00 TRACE 25984 --- [FirstSpring] [           main] o.s.b.f.s.DefaultListableBeanFactory     : Returning cached instance of singleton bean 'healthEndpointGroups'
2025-01-16T02:20:16.246+02:00 TRACE 25984 --- [FirstSpring] [           main] o.s.b.f.s.DefaultListableBeanFactory     : Returning cached instance of singleton bean 'healthContributorRegistry'
2025-01-16T02:20:16.246+02:00 TRACE 25984 --- [FirstSpring] [           main] o.s.b.f.s.DefaultListableBeanFactory     : Returning cached instance of singleton bean 'healthEndpointGroupMembershipValidator'
2025-01-16T02:20:16.246+02:00 TRACE 25984 --- [FirstSpring] [           main] o.s.b.f.s.DefaultListableBeanFactory     : Returning cached instance of singleton bean 'healthEndpoint'
2025-01-16T02:20:16.246+02:00 TRACE 25984 --- [FirstSpring] [           main] o.s.b.f.s.DefaultListableBeanFactory     : Returning cached instance of singleton bean 'healthEndpointGroupsBeanPostProcessor'
2025-01-16T02:20:16.246+02:00 TRACE 25984 --- [FirstSpring] [           main] o.s.b.f.s.DefaultListableBeanFactory     : Returning cached instance of singleton bean 'org.springframework.boot.actuate.autoconfigure.health.HealthEndpointWebExtensionConfiguration$MvcAdditionalHealthEndpointPathsConfiguration'
2025-01-16T02:20:16.246+02:00 TRACE 25984 --- [FirstSpring] [           main] o.s.b.f.s.DefaultListableBeanFactory     : Returning cached instance of singleton bean 'healthEndpointWebMvcHandlerMapping'
2025-01-16T02:20:16.246+02:00 TRACE 25984 --- [FirstSpring] [           main] o.s.b.f.s.DefaultListableBeanFactory     : Returning cached instance of singleton bean 'org.springframework.boot.actuate.autoconfigure.health.HealthEndpointWebExtensionConfiguration'
2025-01-16T02:20:16.246+02:00 TRACE 25984 --- [FirstSpring] [           main] o.s.b.f.s.DefaultListableBeanFactory     : Returning cached instance of singleton bean 'healthEndpointWebExtension'
2025-01-16T02:20:16.246+02:00 TRACE 25984 --- [FirstSpring] [           main] o.s.b.f.s.DefaultListableBeanFactory     : Returning cached instance of singleton bean 'org.springframework.boot.actuate.autoconfigure.health.HealthEndpointAutoConfiguration'
2025-01-16T02:20:16.246+02:00 TRACE 25984 --- [FirstSpring] [           main] o.s.b.f.s.DefaultListableBeanFactory     : Returning cached instance of singleton bean 'management.endpoint.health-org.springframework.boot.actuate.autoconfigure.health.HealthEndpointProperties'
2025-01-16T02:20:16.246+02:00 TRACE 25984 --- [FirstSpring] [           main] o.s.b.f.s.DefaultListableBeanFactory     : Returning cached instance of singleton bean 'org.springframework.boot.autoconfigure.info.ProjectInfoAutoConfiguration'
2025-01-16T02:20:16.246+02:00 TRACE 25984 --- [FirstSpring] [           main] o.s.b.f.s.DefaultListableBeanFactory     : Returning cached instance of singleton bean 'spring.info-org.springframework.boot.autoconfigure.info.ProjectInfoProperties'
2025-01-16T02:20:16.246+02:00 TRACE 25984 --- [FirstSpring] [           main] o.s.b.f.s.DefaultListableBeanFactory     : Returning cached instance of singleton bean 'org.springframework.boot.actuate.autoconfigure.info.InfoContributorAutoConfiguration'
2025-01-16T02:20:16.246+02:00 TRACE 25984 --- [FirstSpring] [           main] o.s.b.f.s.DefaultListableBeanFactory     : Returning cached instance of singleton bean 'management.health.ssl-org.springframework.boot.actuate.autoconfigure.ssl.SslHealthIndicatorProperties'
2025-01-16T02:20:16.246+02:00 TRACE 25984 --- [FirstSpring] [           main] o.s.b.f.s.DefaultListableBeanFactory     : Returning cached instance of singleton bean 'management.info-org.springframework.boot.actuate.autoconfigure.info.InfoContributorProperties'
2025-01-16T02:20:16.246+02:00 TRACE 25984 --- [FirstSpring] [           main] o.s.b.f.s.DefaultListableBeanFactory     : Returning cached instance of singleton bean 'org.springframework.boot.actuate.autoconfigure.info.InfoEndpointAutoConfiguration'
2025-01-16T02:20:16.246+02:00 TRACE 25984 --- [FirstSpring] [           main] o.s.b.f.s.DefaultListableBeanFactory     : Returning cached instance of singleton bean 'infoEndpoint'
2025-01-16T02:20:16.246+02:00 TRACE 25984 --- [FirstSpring] [           main] o.s.b.f.s.DefaultListableBeanFactory     : Returning cached instance of singleton bean 'org.springframework.boot.actuate.autoconfigure.web.servlet.ServletManagementContextAutoConfiguration'
2025-01-16T02:20:16.246+02:00 TRACE 25984 --- [FirstSpring] [           main] o.s.b.f.s.DefaultListableBeanFactory     : Returning cached instance of singleton bean 'servletWebChildContextFactory'
2025-01-16T02:20:16.246+02:00 TRACE 25984 --- [FirstSpring] [           main] o.s.b.f.s.DefaultListableBeanFactory     : Returning cached instance of singleton bean 'managementServletContext'
2025-01-16T02:20:16.246+02:00 TRACE 25984 --- [FirstSpring] [           main] o.s.b.f.s.DefaultListableBeanFactory     : Returning cached instance of singleton bean 'org.springframework.boot.actuate.autoconfigure.condition.ConditionsReportEndpointAutoConfiguration'
2025-01-16T02:20:16.246+02:00 TRACE 25984 --- [FirstSpring] [           main] o.s.b.f.s.DefaultListableBeanFactory     : Returning cached instance of singleton bean 'conditionsReportEndpoint'
2025-01-16T02:20:16.246+02:00 TRACE 25984 --- [FirstSpring] [           main] o.s.b.f.s.DefaultListableBeanFactory     : Returning cached instance of singleton bean 'org.springframework.boot.actuate.autoconfigure.context.properties.ConfigurationPropertiesReportEndpointAutoConfiguration'
2025-01-16T02:20:16.246+02:00 TRACE 25984 --- [FirstSpring] [           main] o.s.b.f.s.DefaultListableBeanFactory     : Returning cached instance of singleton bean 'configurationPropertiesReportEndpoint'
2025-01-16T02:20:16.246+02:00 TRACE 25984 --- [FirstSpring] [           main] o.s.b.f.s.DefaultListableBeanFactory     : Returning cached instance of singleton bean 'configurationPropertiesReportEndpointWebExtension'
2025-01-16T02:20:16.246+02:00 TRACE 25984 --- [FirstSpring] [           main] o.s.b.f.s.DefaultListableBeanFactory     : Returning cached instance of singleton bean 'management.endpoint.configprops-org.springframework.boot.actuate.autoconfigure.context.properties.ConfigurationPropertiesReportEndpointProperties'
2025-01-16T02:20:16.246+02:00 TRACE 25984 --- [FirstSpring] [           main] o.s.b.f.s.DefaultListableBeanFactory     : Returning cached instance of singleton bean 'org.springframework.boot.actuate.autoconfigure.endpoint.EndpointAutoConfiguration'
2025-01-16T02:20:16.249+02:00 TRACE 25984 --- [FirstSpring] [           main] o.s.b.f.s.DefaultListableBeanFactory     : Returning cached instance of singleton bean 'endpointOperationParameterMapper'
2025-01-16T02:20:16.249+02:00 TRACE 25984 --- [FirstSpring] [           main] o.s.b.f.s.DefaultListableBeanFactory     : Returning cached instance of singleton bean 'endpointCachingOperationInvokerAdvisor'
2025-01-16T02:20:16.249+02:00 TRACE 25984 --- [FirstSpring] [           main] o.s.b.f.s.DefaultListableBeanFactory     : Returning cached instance of singleton bean 'propertiesEndpointAccessResolver'
2025-01-16T02:20:16.249+02:00 TRACE 25984 --- [FirstSpring] [           main] o.s.b.f.s.DefaultListableBeanFactory     : Returning cached instance of singleton bean 'org.springframework.boot.actuate.autoconfigure.endpoint.jackson.JacksonEndpointAutoConfiguration'
2025-01-16T02:20:16.249+02:00 TRACE 25984 --- [FirstSpring] [           main] o.s.b.f.s.DefaultListableBeanFactory     : Returning cached instance of singleton bean 'endpointObjectMapper'
2025-01-16T02:20:16.249+02:00 TRACE 25984 --- [FirstSpring] [           main] o.s.b.f.s.DefaultListableBeanFactory     : Returning cached instance of singleton bean 'org.springframework.boot.actuate.autoconfigure.endpoint.web.WebEndpointAutoConfiguration$WebEndpointServletConfiguration'
2025-01-16T02:20:16.249+02:00 TRACE 25984 --- [FirstSpring] [           main] o.s.b.f.s.DefaultListableBeanFactory     : Returning cached instance of singleton bean 'servletEndpointDiscoverer'
2025-01-16T02:20:16.249+02:00 TRACE 25984 --- [FirstSpring] [           main] o.s.b.f.s.DefaultListableBeanFactory     : Returning cached instance of singleton bean 'org.springframework.boot.actuate.autoconfigure.endpoint.web.WebEndpointAutoConfiguration'
2025-01-16T02:20:16.249+02:00 TRACE 25984 --- [FirstSpring] [           main] o.s.b.f.s.DefaultListableBeanFactory     : Returning cached instance of singleton bean 'webEndpointPathMapper'
2025-01-16T02:20:16.249+02:00 TRACE 25984 --- [FirstSpring] [           main] o.s.b.f.s.DefaultListableBeanFactory     : Returning cached instance of singleton bean 'endpointMediaTypes'
2025-01-16T02:20:16.249+02:00 TRACE 25984 --- [FirstSpring] [           main] o.s.b.f.s.DefaultListableBeanFactory     : Returning cached instance of singleton bean 'webEndpointDiscoverer'
2025-01-16T02:20:16.249+02:00 TRACE 25984 --- [FirstSpring] [           main] o.s.b.f.s.DefaultListableBeanFactory     : Returning cached instance of singleton bean 'controllerEndpointDiscoverer'
2025-01-16T02:20:16.249+02:00 TRACE 25984 --- [FirstSpring] [           main] o.s.b.f.s.DefaultListableBeanFactory     : Returning cached instance of singleton bean 'pathMappedEndpoints'
2025-01-16T02:20:16.249+02:00 TRACE 25984 --- [FirstSpring] [           main] o.s.b.f.s.DefaultListableBeanFactory     : Returning cached instance of singleton bean 'webExposeExcludePropertyEndpointFilter'
2025-01-16T02:20:16.249+02:00 TRACE 25984 --- [FirstSpring] [           main] o.s.b.f.s.DefaultListableBeanFactory     : Returning cached instance of singleton bean 'controllerExposeExcludePropertyEndpointFilter'
2025-01-16T02:20:16.249+02:00 TRACE 25984 --- [FirstSpring] [           main] o.s.b.f.s.DefaultListableBeanFactory     : Returning cached instance of singleton bean 'webAccessPropertiesOperationFilter'
2025-01-16T02:20:16.249+02:00 TRACE 25984 --- [FirstSpring] [           main] o.s.b.f.s.DefaultListableBeanFactory     : Returning cached instance of singleton bean 'management.endpoints.web-org.springframework.boot.actuate.autoconfigure.endpoint.web.WebEndpointProperties'
2025-01-16T02:20:16.249+02:00 TRACE 25984 --- [FirstSpring] [           main] o.s.b.f.s.DefaultListableBeanFactory     : Returning cached instance of singleton bean 'org.springframework.boot.actuate.autoconfigure.env.EnvironmentEndpointAutoConfiguration'
2025-01-16T02:20:16.249+02:00 TRACE 25984 --- [FirstSpring] [           main] o.s.b.f.s.DefaultListableBeanFactory     : Returning cached instance of singleton bean 'environmentEndpoint'
2025-01-16T02:20:16.249+02:00 TRACE 25984 --- [FirstSpring] [           main] o.s.b.f.s.DefaultListableBeanFactory     : Returning cached instance of singleton bean 'environmentEndpointWebExtension'
2025-01-16T02:20:16.249+02:00 TRACE 25984 --- [FirstSpring] [           main] o.s.b.f.s.DefaultListableBeanFactory     : Returning cached instance of singleton bean 'management.endpoint.env-org.springframework.boot.actuate.autoconfigure.env.EnvironmentEndpointProperties'
2025-01-16T02:20:16.249+02:00 TRACE 25984 --- [FirstSpring] [           main] o.s.b.f.s.DefaultListableBeanFactory     : Returning cached instance of singleton bean 'org.springframework.boot.actuate.autoconfigure.ssl.SslHealthContributorAutoConfiguration'
2025-01-16T02:20:16.249+02:00 TRACE 25984 --- [FirstSpring] [           main] o.s.b.f.s.DefaultListableBeanFactory     : Returning cached instance of singleton bean 'sslHealthIndicator'
2025-01-16T02:20:16.249+02:00 TRACE 25984 --- [FirstSpring] [           main] o.s.b.f.s.DefaultListableBeanFactory     : Returning cached instance of singleton bean 'sslInfo'
2025-01-16T02:20:16.249+02:00 TRACE 25984 --- [FirstSpring] [           main] o.s.b.f.s.DefaultListableBeanFactory     : Returning cached instance of singleton bean 'org.springframework.boot.actuate.autoconfigure.system.DiskSpaceHealthContributorAutoConfiguration'
2025-01-16T02:20:16.249+02:00 TRACE 25984 --- [FirstSpring] [           main] o.s.b.f.s.DefaultListableBeanFactory     : Returning cached instance of singleton bean 'diskSpaceHealthIndicator'
2025-01-16T02:20:16.249+02:00 TRACE 25984 --- [FirstSpring] [           main] o.s.b.f.s.DefaultListableBeanFactory     : Returning cached instance of singleton bean 'management.health.diskspace-org.springframework.boot.actuate.autoconfigure.system.DiskSpaceHealthIndicatorProperties'
2025-01-16T02:20:16.249+02:00 TRACE 25984 --- [FirstSpring] [           main] o.s.b.f.s.DefaultListableBeanFactory     : Returning cached instance of singleton bean 'org.springframework.boot.actuate.autoconfigure.health.HealthContributorAutoConfiguration'
2025-01-16T02:20:16.249+02:00 TRACE 25984 --- [FirstSpring] [           main] o.s.b.f.s.DefaultListableBeanFactory     : Returning cached instance of singleton bean 'pingHealthContributor'
2025-01-16T02:20:16.249+02:00 TRACE 25984 --- [FirstSpring] [           main] o.s.b.f.s.DefaultListableBeanFactory     : Returning cached instance of singleton bean 'org.springframework.boot.actuate.autoconfigure.logging.LogFileWebEndpointAutoConfiguration'
2025-01-16T02:20:16.249+02:00 TRACE 25984 --- [FirstSpring] [           main] o.s.b.f.s.DefaultListableBeanFactory     : Returning cached instance of singleton bean 'management.endpoint.logfile-org.springframework.boot.actuate.autoconfigure.logging.LogFileWebEndpointProperties'
2025-01-16T02:20:16.249+02:00 TRACE 25984 --- [FirstSpring] [           main] o.s.b.f.s.DefaultListableBeanFactory     : Returning cached instance of singleton bean 'org.springframework.boot.actuate.autoconfigure.logging.LoggersEndpointAutoConfiguration'
2025-01-16T02:20:16.249+02:00 TRACE 25984 --- [FirstSpring] [           main] o.s.b.f.s.DefaultListableBeanFactory     : Returning cached instance of singleton bean 'loggersEndpoint'
2025-01-16T02:20:16.249+02:00 TRACE 25984 --- [FirstSpring] [           main] o.s.b.f.s.DefaultListableBeanFactory     : Returning cached instance of singleton bean 'org.springframework.boot.actuate.autoconfigure.management.HeapDumpWebEndpointAutoConfiguration'
2025-01-16T02:20:16.249+02:00 TRACE 25984 --- [FirstSpring] [           main] o.s.b.f.s.DefaultListableBeanFactory     : Returning cached instance of singleton bean 'heapDumpWebEndpoint'
2025-01-16T02:20:16.249+02:00 TRACE 25984 --- [FirstSpring] [           main] o.s.b.f.s.DefaultListableBeanFactory     : Returning cached instance of singleton bean 'org.springframework.boot.actuate.autoconfigure.management.ThreadDumpEndpointAutoConfiguration'
2025-01-16T02:20:16.249+02:00 TRACE 25984 --- [FirstSpring] [           main] o.s.b.f.s.DefaultListableBeanFactory     : Returning cached instance of singleton bean 'dumpEndpoint'
2025-01-16T02:20:16.249+02:00 TRACE 25984 --- [FirstSpring] [           main] o.s.b.f.s.DefaultListableBeanFactory     : Returning cached instance of singleton bean 'org.springframework.boot.actuate.autoconfigure.metrics.MetricsAutoConfiguration'
2025-01-16T02:20:16.249+02:00 TRACE 25984 --- [FirstSpring] [           main] o.s.b.f.s.DefaultListableBeanFactory     : Returning cached instance of singleton bean 'micrometerClock'
2025-01-16T02:20:16.249+02:00 TRACE 25984 --- [FirstSpring] [           main] o.s.b.f.s.DefaultListableBeanFactory     : Returning cached instance of singleton bean 'meterRegistryPostProcessor'
2025-01-16T02:20:16.249+02:00 TRACE 25984 --- [FirstSpring] [           main] o.s.b.f.s.DefaultListableBeanFactory     : Returning cached instance of singleton bean 'propertiesMeterFilter'
2025-01-16T02:20:16.249+02:00 TRACE 25984 --- [FirstSpring] [           main] o.s.b.f.s.DefaultListableBeanFactory     : Returning cached instance of singleton bean 'meterRegistryCloser'
2025-01-16T02:20:16.250+02:00 TRACE 25984 --- [FirstSpring] [           main] o.s.b.f.s.DefaultListableBeanFactory     : Returning cached instance of singleton bean 'management.metrics-org.springframework.boot.actuate.autoconfigure.metrics.MetricsProperties'
2025-01-16T02:20:16.250+02:00 TRACE 25984 --- [FirstSpring] [           main] o.s.b.f.s.DefaultListableBeanFactory     : Returning cached instance of singleton bean 'org.springframework.boot.actuate.autoconfigure.metrics.export.simple.SimpleMetricsExportAutoConfiguration'
2025-01-16T02:20:16.250+02:00 TRACE 25984 --- [FirstSpring] [           main] o.s.b.f.s.DefaultListableBeanFactory     : Returning cached instance of singleton bean 'simpleMeterRegistry'
2025-01-16T02:20:16.250+02:00 TRACE 25984 --- [FirstSpring] [           main] o.s.b.f.s.DefaultListableBeanFactory     : Returning cached instance of singleton bean 'simpleConfig'
2025-01-16T02:20:16.250+02:00 TRACE 25984 --- [FirstSpring] [           main] o.s.b.f.s.DefaultListableBeanFactory     : Returning cached instance of singleton bean 'management.simple.metrics.export-org.springframework.boot.actuate.autoconfigure.metrics.export.simple.SimpleProperties'
2025-01-16T02:20:16.250+02:00 TRACE 25984 --- [FirstSpring] [           main] o.s.b.f.s.DefaultListableBeanFactory     : Returning cached instance of singleton bean 'org.springframework.boot.actuate.autoconfigure.metrics.CompositeMeterRegistryAutoConfiguration'
2025-01-16T02:20:16.250+02:00 TRACE 25984 --- [FirstSpring] [           main] o.s.b.f.s.DefaultListableBeanFactory     : Returning cached instance of singleton bean 'org.springframework.boot.actuate.autoconfigure.metrics.JvmMetricsAutoConfiguration'
2025-01-16T02:20:16.250+02:00 TRACE 25984 --- [FirstSpring] [           main] o.s.b.f.s.DefaultListableBeanFactory     : Returning cached instance of singleton bean 'jvmGcMetrics'
2025-01-16T02:20:16.250+02:00 TRACE 25984 --- [FirstSpring] [           main] o.s.b.f.s.DefaultListableBeanFactory     : Returning cached instance of singleton bean 'jvmHeapPressureMetrics'
2025-01-16T02:20:16.250+02:00 TRACE 25984 --- [FirstSpring] [           main] o.s.b.f.s.DefaultListableBeanFactory     : Returning cached instance of singleton bean 'jvmMemoryMetrics'
2025-01-16T02:20:16.250+02:00 TRACE 25984 --- [FirstSpring] [           main] o.s.b.f.s.DefaultListableBeanFactory     : Returning cached instance of singleton bean 'jvmThreadMetrics'
2025-01-16T02:20:16.250+02:00 TRACE 25984 --- [FirstSpring] [           main] o.s.b.f.s.DefaultListableBeanFactory     : Returning cached instance of singleton bean 'classLoaderMetrics'
2025-01-16T02:20:16.250+02:00 TRACE 25984 --- [FirstSpring] [           main] o.s.b.f.s.DefaultListableBeanFactory     : Returning cached instance of singleton bean 'jvmInfoMetrics'
2025-01-16T02:20:16.250+02:00 TRACE 25984 --- [FirstSpring] [           main] o.s.b.f.s.DefaultListableBeanFactory     : Returning cached instance of singleton bean 'jvmCompilationMetrics'
2025-01-16T02:20:16.250+02:00 TRACE 25984 --- [FirstSpring] [           main] o.s.b.f.s.DefaultListableBeanFactory     : Returning cached instance of singleton bean 'org.springframework.boot.actuate.autoconfigure.metrics.LogbackMetricsAutoConfiguration'
2025-01-16T02:20:16.250+02:00 TRACE 25984 --- [FirstSpring] [           main] o.s.b.f.s.DefaultListableBeanFactory     : Returning cached instance of singleton bean 'logbackMetrics'
2025-01-16T02:20:16.250+02:00 TRACE 25984 --- [FirstSpring] [           main] o.s.b.f.s.DefaultListableBeanFactory     : Returning cached instance of singleton bean 'org.springframework.boot.actuate.autoconfigure.metrics.MetricsEndpointAutoConfiguration'
2025-01-16T02:20:16.250+02:00 TRACE 25984 --- [FirstSpring] [           main] o.s.b.f.s.DefaultListableBeanFactory     : Returning cached instance of singleton bean 'metricsEndpoint'
2025-01-16T02:20:16.250+02:00 TRACE 25984 --- [FirstSpring] [           main] o.s.b.f.s.DefaultListableBeanFactory     : Returning cached instance of singleton bean 'org.springframework.boot.actuate.autoconfigure.metrics.SystemMetricsAutoConfiguration'
2025-01-16T02:20:16.250+02:00 TRACE 25984 --- [FirstSpring] [           main] o.s.b.f.s.DefaultListableBeanFactory     : Returning cached instance of singleton bean 'uptimeMetrics'
2025-01-16T02:20:16.250+02:00 TRACE 25984 --- [FirstSpring] [           main] o.s.b.f.s.DefaultListableBeanFactory     : Returning cached instance of singleton bean 'processorMetrics'
2025-01-16T02:20:16.250+02:00 TRACE 25984 --- [FirstSpring] [           main] o.s.b.f.s.DefaultListableBeanFactory     : Returning cached instance of singleton bean 'fileDescriptorMetrics'
2025-01-16T02:20:16.250+02:00 TRACE 25984 --- [FirstSpring] [           main] o.s.b.f.s.DefaultListableBeanFactory     : Returning cached instance of singleton bean 'diskSpaceMetrics'
2025-01-16T02:20:16.250+02:00 TRACE 25984 --- [FirstSpring] [           main] o.s.b.f.s.DefaultListableBeanFactory     : Returning cached instance of singleton bean 'org.springframework.boot.actuate.autoconfigure.metrics.integration.IntegrationMetricsAutoConfiguration'
2025-01-16T02:20:16.250+02:00 TRACE 25984 --- [FirstSpring] [           main] o.s.b.f.s.DefaultListableBeanFactory     : Returning cached instance of singleton bean 'org.springframework.boot.actuate.autoconfigure.metrics.startup.StartupTimeMetricsListenerAutoConfiguration'
2025-01-16T02:20:16.250+02:00 TRACE 25984 --- [FirstSpring] [           main] o.s.b.f.s.DefaultListableBeanFactory     : Returning cached instance of singleton bean 'startupTimeMetrics'
2025-01-16T02:20:16.250+02:00 TRACE 25984 --- [FirstSpring] [           main] o.s.b.f.s.DefaultListableBeanFactory     : Returning cached instance of singleton bean 'org.springframework.boot.autoconfigure.task.TaskSchedulingConfigurations$ThreadPoolTaskSchedulerBuilderConfiguration'
2025-01-16T02:20:16.250+02:00 TRACE 25984 --- [FirstSpring] [           main] o.s.b.f.s.DefaultListableBeanFactory     : Returning cached instance of singleton bean 'threadPoolTaskSchedulerBuilder'
2025-01-16T02:20:16.250+02:00 TRACE 25984 --- [FirstSpring] [           main] o.s.b.f.s.DefaultListableBeanFactory     : Returning cached instance of singleton bean 'org.springframework.boot.autoconfigure.task.TaskSchedulingConfigurations$SimpleAsyncTaskSchedulerBuilderConfiguration'
2025-01-16T02:20:16.250+02:00 TRACE 25984 --- [FirstSpring] [           main] o.s.b.f.s.DefaultListableBeanFactory     : Returning cached instance of singleton bean 'simpleAsyncTaskSchedulerBuilder'
2025-01-16T02:20:16.250+02:00 TRACE 25984 --- [FirstSpring] [           main] o.s.b.f.s.DefaultListableBeanFactory     : Returning cached instance of singleton bean 'org.springframework.boot.autoconfigure.task.TaskSchedulingAutoConfiguration'
2025-01-16T02:20:16.250+02:00 TRACE 25984 --- [FirstSpring] [           main] o.s.b.f.s.DefaultListableBeanFactory     : Returning cached instance of singleton bean 'spring.task.scheduling-org.springframework.boot.autoconfigure.task.TaskSchedulingProperties'
2025-01-16T02:20:16.250+02:00 TRACE 25984 --- [FirstSpring] [           main] o.s.b.f.s.DefaultListableBeanFactory     : Returning cached instance of singleton bean 'org.springframework.boot.actuate.autoconfigure.metrics.task.TaskExecutorMetricsAutoConfiguration'
2025-01-16T02:20:16.250+02:00 TRACE 25984 --- [FirstSpring] [           main] o.s.b.f.s.DefaultListableBeanFactory     : Returning cached instance of singleton bean 'eagerTaskExecutorMetrics'
2025-01-16T02:20:16.250+02:00 TRACE 25984 --- [FirstSpring] [           main] o.s.b.f.s.DefaultListableBeanFactory     : Returning cached instance of singleton bean 'org.springframework.boot.actuate.autoconfigure.metrics.web.tomcat.TomcatMetricsAutoConfiguration'
2025-01-16T02:20:16.250+02:00 TRACE 25984 --- [FirstSpring] [           main] o.s.b.f.s.DefaultListableBeanFactory     : Returning cached instance of singleton bean 'tomcatMetricsBinder'
2025-01-16T02:20:16.250+02:00 TRACE 25984 --- [FirstSpring] [           main] o.s.b.f.s.DefaultListableBeanFactory     : Returning cached instance of singleton bean 'org.springframework.boot.actuate.autoconfigure.observation.ObservationAutoConfiguration$MeterObservationHandlerConfiguration$OnlyMetricsMeterObservationHandlerConfiguration'
2025-01-16T02:20:16.250+02:00 TRACE 25984 --- [FirstSpring] [           main] o.s.b.f.s.DefaultListableBeanFactory     : Returning cached instance of singleton bean 'defaultMeterObservationHandler'
2025-01-16T02:20:16.250+02:00 TRACE 25984 --- [FirstSpring] [           main] o.s.b.f.s.DefaultListableBeanFactory     : Returning cached instance of singleton bean 'org.springframework.boot.actuate.autoconfigure.observation.ObservationAutoConfiguration$MeterObservationHandlerConfiguration'
2025-01-16T02:20:16.250+02:00 TRACE 25984 --- [FirstSpring] [           main] o.s.b.f.s.DefaultListableBeanFactory     : Returning cached instance of singleton bean 'org.springframework.boot.actuate.autoconfigure.observation.ObservationAutoConfiguration$OnlyMetricsConfiguration'
2025-01-16T02:20:16.250+02:00 TRACE 25984 --- [FirstSpring] [           main] o.s.b.f.s.DefaultListableBeanFactory     : Returning cached instance of singleton bean 'metricsObservationHandlerGrouping'
2025-01-16T02:20:16.250+02:00 TRACE 25984 --- [FirstSpring] [           main] o.s.b.f.s.DefaultListableBeanFactory     : Returning cached instance of singleton bean 'org.springframework.boot.actuate.autoconfigure.observation.ObservationAutoConfiguration'
2025-01-16T02:20:16.250+02:00 TRACE 25984 --- [FirstSpring] [           main] o.s.b.f.s.DefaultListableBeanFactory     : Returning cached instance of singleton bean 'observationRegistryPostProcessor'
2025-01-16T02:20:16.250+02:00 TRACE 25984 --- [FirstSpring] [           main] o.s.b.f.s.DefaultListableBeanFactory     : Returning cached instance of singleton bean 'observationRegistry'
2025-01-16T02:20:16.250+02:00 TRACE 25984 --- [FirstSpring] [           main] o.s.b.f.s.DefaultListableBeanFactory     : Returning cached instance of singleton bean 'propertiesObservationFilter'
2025-01-16T02:20:16.250+02:00 TRACE 25984 --- [FirstSpring] [           main] o.s.b.f.s.DefaultListableBeanFactory     : Returning cached instance of singleton bean 'management.observations-org.springframework.boot.actuate.autoconfigure.observation.ObservationProperties'
2025-01-16T02:20:16.250+02:00 TRACE 25984 --- [FirstSpring] [           main] o.s.b.f.s.DefaultListableBeanFactory     : Returning cached instance of singleton bean 'org.springframework.boot.autoconfigure.http.HttpMessageConvertersAutoConfiguration$StringHttpMessageConverterConfiguration'
2025-01-16T02:20:16.250+02:00 TRACE 25984 --- [FirstSpring] [           main] o.s.b.f.s.DefaultListableBeanFactory     : Returning cached instance of singleton bean 'stringHttpMessageConverter'
2025-01-16T02:20:16.250+02:00 TRACE 25984 --- [FirstSpring] [           main] o.s.b.f.s.DefaultListableBeanFactory     : Returning cached instance of singleton bean 'org.springframework.boot.autoconfigure.http.JacksonHttpMessageConvertersConfiguration$MappingJackson2HttpMessageConverterConfiguration'
2025-01-16T02:20:16.250+02:00 TRACE 25984 --- [FirstSpring] [           main] o.s.b.f.s.DefaultListableBeanFactory     : Returning cached instance of singleton bean 'mappingJackson2HttpMessageConverter'
2025-01-16T02:20:16.250+02:00 TRACE 25984 --- [FirstSpring] [           main] o.s.b.f.s.DefaultListableBeanFactory     : Returning cached instance of singleton bean 'org.springframework.boot.autoconfigure.http.JacksonHttpMessageConvertersConfiguration'
2025-01-16T02:20:16.251+02:00 TRACE 25984 --- [FirstSpring] [           main] o.s.b.f.s.DefaultListableBeanFactory     : Returning cached instance of singleton bean 'org.springframework.boot.autoconfigure.http.HttpMessageConvertersAutoConfiguration'
2025-01-16T02:20:16.251+02:00 TRACE 25984 --- [FirstSpring] [           main] o.s.b.f.s.DefaultListableBeanFactory     : Returning cached instance of singleton bean 'messageConverters'
2025-01-16T02:20:16.251+02:00 TRACE 25984 --- [FirstSpring] [           main] o.s.b.f.s.DefaultListableBeanFactory     : Returning cached instance of singleton bean 'org.springframework.boot.autoconfigure.http.client.HttpClientAutoConfiguration'
2025-01-16T02:20:16.251+02:00 TRACE 25984 --- [FirstSpring] [           main] o.s.b.f.s.DefaultListableBeanFactory     : Returning cached instance of singleton bean 'clientHttpRequestFactoryBuilder'
2025-01-16T02:20:16.251+02:00 TRACE 25984 --- [FirstSpring] [           main] o.s.b.f.s.DefaultListableBeanFactory     : Returning cached instance of singleton bean 'clientHttpRequestFactorySettings'
2025-01-16T02:20:16.251+02:00 TRACE 25984 --- [FirstSpring] [           main] o.s.b.f.s.DefaultListableBeanFactory     : Returning cached instance of singleton bean 'spring.http.client-org.springframework.boot.autoconfigure.http.client.HttpClientProperties'
2025-01-16T02:20:16.251+02:00 TRACE 25984 --- [FirstSpring] [           main] o.s.b.f.s.DefaultListableBeanFactory     : Returning cached instance of singleton bean 'org.springframework.boot.autoconfigure.web.client.RestClientAutoConfiguration'
2025-01-16T02:20:16.251+02:00 TRACE 25984 --- [FirstSpring] [           main] o.s.b.f.s.DefaultListableBeanFactory     : Returning cached instance of singleton bean 'httpMessageConvertersRestClientCustomizer'
2025-01-16T02:20:16.251+02:00 TRACE 25984 --- [FirstSpring] [           main] o.s.b.f.s.DefaultListableBeanFactory     : Returning cached instance of singleton bean 'restClientSsl'
2025-01-16T02:20:16.251+02:00 TRACE 25984 --- [FirstSpring] [           main] o.s.b.f.s.DefaultListableBeanFactory     : Returning cached instance of singleton bean 'restClientBuilderConfigurer'
2025-01-16T02:20:16.251+02:00 TRACE 25984 --- [FirstSpring] [           main] o.s.b.f.s.DefaultListableBeanFactory     : Returning cached instance of singleton bean 'org.springframework.boot.autoconfigure.web.client.RestTemplateAutoConfiguration'
2025-01-16T02:20:16.251+02:00 TRACE 25984 --- [FirstSpring] [           main] o.s.b.f.s.DefaultListableBeanFactory     : Returning cached instance of singleton bean 'org.springframework.boot.actuate.autoconfigure.observation.web.client.HttpClientObservationsAutoConfiguration$MeterFilterConfiguration'
2025-01-16T02:20:16.251+02:00 TRACE 25984 --- [FirstSpring] [           main] o.s.b.f.s.DefaultListableBeanFactory     : Returning cached instance of singleton bean 'metricsHttpClientUriTagFilter'
2025-01-16T02:20:16.251+02:00 TRACE 25984 --- [FirstSpring] [           main] o.s.b.f.s.DefaultListableBeanFactory     : Returning cached instance of singleton bean 'org.springframework.boot.actuate.autoconfigure.observation.web.client.RestTemplateObservationConfiguration'
2025-01-16T02:20:16.251+02:00 TRACE 25984 --- [FirstSpring] [           main] o.s.b.f.s.DefaultListableBeanFactory     : Returning cached instance of singleton bean 'observationRestTemplateCustomizer'
2025-01-16T02:20:16.251+02:00 TRACE 25984 --- [FirstSpring] [           main] o.s.b.f.s.DefaultListableBeanFactory     : Returning cached instance of singleton bean 'org.springframework.boot.actuate.autoconfigure.observation.web.client.RestClientObservationConfiguration'
2025-01-16T02:20:16.251+02:00 TRACE 25984 --- [FirstSpring] [           main] o.s.b.f.s.DefaultListableBeanFactory     : Returning cached instance of singleton bean 'observationRestClientCustomizer'
2025-01-16T02:20:16.251+02:00 TRACE 25984 --- [FirstSpring] [           main] o.s.b.f.s.DefaultListableBeanFactory     : Returning cached instance of singleton bean 'org.springframework.boot.actuate.autoconfigure.observation.web.client.HttpClientObservationsAutoConfiguration'
2025-01-16T02:20:16.251+02:00 TRACE 25984 --- [FirstSpring] [           main] o.s.b.f.s.DefaultListableBeanFactory     : Returning cached instance of singleton bean 'org.springframework.boot.actuate.autoconfigure.observation.web.servlet.WebMvcObservationAutoConfiguration$MeterFilterConfiguration'
2025-01-16T02:20:16.251+02:00 TRACE 25984 --- [FirstSpring] [           main] o.s.b.f.s.DefaultListableBeanFactory     : Returning cached instance of singleton bean 'metricsHttpServerUriTagFilter'
2025-01-16T02:20:16.251+02:00 TRACE 25984 --- [FirstSpring] [           main] o.s.b.f.s.DefaultListableBeanFactory     : Returning cached instance of singleton bean 'org.springframework.boot.actuate.autoconfigure.observation.web.servlet.WebMvcObservationAutoConfiguration'
2025-01-16T02:20:16.251+02:00 TRACE 25984 --- [FirstSpring] [           main] o.s.b.f.s.DefaultListableBeanFactory     : Returning cached instance of singleton bean 'webMvcObservationFilter'
2025-01-16T02:20:16.251+02:00 TRACE 25984 --- [FirstSpring] [           main] o.s.b.f.s.DefaultListableBeanFactory     : Returning cached instance of singleton bean 'org.springframework.boot.actuate.autoconfigure.sbom.SbomEndpointAutoConfiguration'
2025-01-16T02:20:16.251+02:00 TRACE 25984 --- [FirstSpring] [           main] o.s.b.f.s.DefaultListableBeanFactory     : Returning cached instance of singleton bean 'sbomEndpoint'
2025-01-16T02:20:16.251+02:00 TRACE 25984 --- [FirstSpring] [           main] o.s.b.f.s.DefaultListableBeanFactory     : Returning cached instance of singleton bean 'sbomEndpointWebExtension'
2025-01-16T02:20:16.251+02:00 TRACE 25984 --- [FirstSpring] [           main] o.s.b.f.s.DefaultListableBeanFactory     : Returning cached instance of singleton bean 'management.endpoint.sbom-org.springframework.boot.actuate.sbom.SbomProperties'
2025-01-16T02:20:16.251+02:00 TRACE 25984 --- [FirstSpring] [           main] o.s.b.f.s.DefaultListableBeanFactory     : Returning cached instance of singleton bean 'org.springframework.boot.actuate.autoconfigure.scheduling.ScheduledTasksEndpointAutoConfiguration'
2025-01-16T02:20:16.251+02:00 TRACE 25984 --- [FirstSpring] [           main] o.s.b.f.s.DefaultListableBeanFactory     : Returning cached instance of singleton bean 'scheduledTasksEndpoint'
2025-01-16T02:20:16.251+02:00 TRACE 25984 --- [FirstSpring] [           main] o.s.b.f.s.DefaultListableBeanFactory     : Returning cached instance of singleton bean 'org.springframework.boot.actuate.autoconfigure.scheduling.ScheduledTasksObservabilityAutoConfiguration'
2025-01-16T02:20:16.251+02:00 TRACE 25984 --- [FirstSpring] [           main] o.s.b.f.s.DefaultListableBeanFactory     : Returning cached instance of singleton bean 'observabilitySchedulingConfigurer'
2025-01-16T02:20:16.251+02:00 TRACE 25984 --- [FirstSpring] [           main] o.s.b.f.s.DefaultListableBeanFactory     : Returning cached instance of singleton bean 'org.springframework.boot.actuate.autoconfigure.web.exchanges.HttpExchangesEndpointAutoConfiguration'
2025-01-16T02:20:16.251+02:00 TRACE 25984 --- [FirstSpring] [           main] o.s.b.f.s.DefaultListableBeanFactory     : Returning cached instance of singleton bean 'org.springframework.boot.actuate.autoconfigure.web.mappings.MappingsEndpointAutoConfiguration$ServletWebConfiguration$SpringMvcConfiguration'
2025-01-16T02:20:16.251+02:00 TRACE 25984 --- [FirstSpring] [           main] o.s.b.f.s.DefaultListableBeanFactory     : Returning cached instance of singleton bean 'dispatcherServletMappingDescriptionProvider'
2025-01-16T02:20:16.251+02:00 TRACE 25984 --- [FirstSpring] [           main] o.s.b.f.s.DefaultListableBeanFactory     : Returning cached instance of singleton bean 'org.springframework.boot.actuate.autoconfigure.web.mappings.MappingsEndpointAutoConfiguration$ServletWebConfiguration'
2025-01-16T02:20:16.251+02:00 TRACE 25984 --- [FirstSpring] [           main] o.s.b.f.s.DefaultListableBeanFactory     : Returning cached instance of singleton bean 'servletMappingDescriptionProvider'
2025-01-16T02:20:16.251+02:00 TRACE 25984 --- [FirstSpring] [           main] o.s.b.f.s.DefaultListableBeanFactory     : Returning cached instance of singleton bean 'filterMappingDescriptionProvider'
2025-01-16T02:20:16.251+02:00 TRACE 25984 --- [FirstSpring] [           main] o.s.b.f.s.DefaultListableBeanFactory     : Returning cached instance of singleton bean 'org.springframework.boot.actuate.autoconfigure.web.mappings.MappingsEndpointAutoConfiguration'
2025-01-16T02:20:16.251+02:00 TRACE 25984 --- [FirstSpring] [           main] o.s.b.f.s.DefaultListableBeanFactory     : Returning cached instance of singleton bean 'mappingsEndpoint'
2025-01-16T02:20:16.251+02:00 TRACE 25984 --- [FirstSpring] [           main] o.s.b.f.s.DefaultListableBeanFactory     : Returning cached instance of singleton bean 'org.springframework.boot.autoconfigure.aop.AopAutoConfiguration$ClassProxyingConfiguration'
2025-01-16T02:20:16.251+02:00 TRACE 25984 --- [FirstSpring] [           main] o.s.b.f.s.DefaultListableBeanFactory     : Returning cached instance of singleton bean 'forceAutoProxyCreatorToUseClassProxying'
2025-01-16T02:20:16.251+02:00 TRACE 25984 --- [FirstSpring] [           main] o.s.b.f.s.DefaultListableBeanFactory     : Returning cached instance of singleton bean 'org.springframework.boot.autoconfigure.aop.AopAutoConfiguration'
2025-01-16T02:20:16.251+02:00 TRACE 25984 --- [FirstSpring] [           main] o.s.b.f.s.DefaultListableBeanFactory     : Returning cached instance of singleton bean 'org.springframework.boot.autoconfigure.context.ConfigurationPropertiesAutoConfiguration'
2025-01-16T02:20:16.251+02:00 TRACE 25984 --- [FirstSpring] [           main] o.s.b.f.s.DefaultListableBeanFactory     : Returning cached instance of singleton bean 'org.springframework.boot.autoconfigure.context.LifecycleAutoConfiguration'
2025-01-16T02:20:16.251+02:00 TRACE 25984 --- [FirstSpring] [           main] o.s.b.f.s.DefaultListableBeanFactory     : Returning cached instance of singleton bean 'lifecycleProcessor'
2025-01-16T02:20:16.251+02:00 TRACE 25984 --- [FirstSpring] [           main] o.s.b.f.s.DefaultListableBeanFactory     : Returning cached instance of singleton bean 'spring.lifecycle-org.springframework.boot.autoconfigure.context.LifecycleProperties'
2025-01-16T02:20:16.251+02:00 TRACE 25984 --- [FirstSpring] [           main] o.s.b.f.s.DefaultListableBeanFactory     : Returning cached instance of singleton bean 'org.springframework.boot.autoconfigure.sql.init.SqlInitializationAutoConfiguration'
2025-01-16T02:20:16.251+02:00 TRACE 25984 --- [FirstSpring] [           main] o.s.b.f.s.DefaultListableBeanFactory     : Returning cached instance of singleton bean 'spring.sql.init-org.springframework.boot.autoconfigure.sql.init.SqlInitializationProperties'
2025-01-16T02:20:16.251+02:00 TRACE 25984 --- [FirstSpring] [           main] o.s.b.f.s.DefaultListableBeanFactory     : Returning cached instance of singleton bean 'org.springframework.boot.sql.init.dependency.DatabaseInitializationDependencyConfigurer$DependsOnDatabaseInitializationPostProcessor'
2025-01-16T02:20:16.251+02:00 TRACE 25984 --- [FirstSpring] [           main] o.s.b.f.s.DefaultListableBeanFactory     : Returning cached instance of singleton bean 'org.springframework.boot.autoconfigure.web.servlet.HttpEncodingAutoConfiguration'
2025-01-16T02:20:16.251+02:00 TRACE 25984 --- [FirstSpring] [           main] o.s.b.f.s.DefaultListableBeanFactory     : Returning cached instance of singleton bean 'characterEncodingFilter'
2025-01-16T02:20:16.251+02:00 TRACE 25984 --- [FirstSpring] [           main] o.s.b.f.s.DefaultListableBeanFactory     : Returning cached instance of singleton bean 'localeCharsetMappingsCustomizer'
2025-01-16T02:20:16.251+02:00 TRACE 25984 --- [FirstSpring] [           main] o.s.b.f.s.DefaultListableBeanFactory     : Returning cached instance of singleton bean 'org.springframework.boot.autoconfigure.web.servlet.MultipartAutoConfiguration'
2025-01-16T02:20:16.251+02:00 TRACE 25984 --- [FirstSpring] [           main] o.s.b.f.s.DefaultListableBeanFactory     : Returning cached instance of singleton bean 'multipartConfigElement'
2025-01-16T02:20:16.251+02:00 TRACE 25984 --- [FirstSpring] [           main] o.s.b.f.s.DefaultListableBeanFactory     : Returning cached instance of singleton bean 'multipartResolver'
2025-01-16T02:20:16.251+02:00 TRACE 25984 --- [FirstSpring] [           main] o.s.b.f.s.DefaultListableBeanFactory     : Returning cached instance of singleton bean 'spring.servlet.multipart-org.springframework.boot.autoconfigure.web.servlet.MultipartProperties'
2025-01-16T02:20:16.251+02:00 TRACE 25984 --- [FirstSpring] [           main] o.s.b.f.s.DefaultListableBeanFactory     : Returning cached instance of singleton bean 'org.springframework.boot.actuate.autoconfigure.endpoint.web.ServletEndpointManagementContextConfiguration$WebMvcServletEndpointManagementContextConfiguration'
2025-01-16T02:20:16.251+02:00 TRACE 25984 --- [FirstSpring] [           main] o.s.b.f.s.DefaultListableBeanFactory     : Returning cached instance of singleton bean 'servletEndpointRegistrar'
2025-01-16T02:20:16.251+02:00 TRACE 25984 --- [FirstSpring] [           main] o.s.b.f.s.DefaultListableBeanFactory     : Returning cached instance of singleton bean 'org.springframework.boot.actuate.autoconfigure.endpoint.web.ServletEndpointManagementContextConfiguration'
2025-01-16T02:20:16.251+02:00 TRACE 25984 --- [FirstSpring] [           main] o.s.b.f.s.DefaultListableBeanFactory     : Returning cached instance of singleton bean 'servletExposeExcludePropertyEndpointFilter'
2025-01-16T02:20:16.251+02:00 TRACE 25984 --- [FirstSpring] [           main] o.s.b.f.s.DefaultListableBeanFactory     : Returning cached instance of singleton bean 'org.springframework.boot.actuate.autoconfigure.endpoint.web.servlet.WebMvcEndpointManagementContextConfiguration'
2025-01-16T02:20:16.251+02:00 TRACE 25984 --- [FirstSpring] [           main] o.s.b.f.s.DefaultListableBeanFactory     : Returning cached instance of singleton bean 'webEndpointServletHandlerMapping'
2025-01-16T02:20:16.251+02:00 TRACE 25984 --- [FirstSpring] [           main] o.s.b.f.s.DefaultListableBeanFactory     : Returning cached instance of singleton bean 'controllerEndpointHandlerMapping'
2025-01-16T02:20:16.251+02:00 TRACE 25984 --- [FirstSpring] [           main] o.s.b.f.s.DefaultListableBeanFactory     : Returning cached instance of singleton bean 'endpointObjectMapperWebMvcConfigurer'
2025-01-16T02:20:16.251+02:00 TRACE 25984 --- [FirstSpring] [           main] o.s.b.f.s.DefaultListableBeanFactory     : Returning cached instance of singleton bean 'management.endpoints.web.cors-org.springframework.boot.actuate.autoconfigure.endpoint.web.CorsEndpointProperties'
2025-01-16T02:20:16.251+02:00 TRACE 25984 --- [FirstSpring] [           main] o.s.b.f.s.DefaultListableBeanFactory     : Returning cached instance of singleton bean 'org.springframework.boot.actuate.autoconfigure.web.server.ManagementContextAutoConfiguration$SameManagementContextConfiguration$EnableSameManagementContextConfiguration'
2025-01-16T02:20:16.251+02:00 TRACE 25984 --- [FirstSpring] [           main] o.s.b.f.s.DefaultListableBeanFactory     : Returning cached instance of singleton bean 'org.springframework.boot.actuate.autoconfigure.web.server.ManagementContextAutoConfiguration$SameManagementContextConfiguration'
2025-01-16T02:20:16.251+02:00 TRACE 25984 --- [FirstSpring] [           main] o.s.b.f.s.DefaultListableBeanFactory     : Returning cached instance of singleton bean 'org.springframework.boot.actuate.autoconfigure.web.server.ManagementContextAutoConfiguration'
2025-01-16T02:20:16.251+02:00 TRACE 25984 --- [FirstSpring] [           main] o.s.b.f.s.DefaultListableBeanFactory     : Returning cached instance of singleton bean 'management.server-org.springframework.boot.actuate.autoconfigure.web.server.ManagementServerProperties'
2025-01-16T02:20:16.251+02:00 TRACE 25984 --- [FirstSpring] [           main] o.s.b.f.s.DefaultListableBeanFactory     : Returning cached instance of singleton bean 'org.springframework.aop.config.internalAutoProxyCreator'
2025-01-16T02:20:16.254+02:00 TRACE 25984 --- [FirstSpring] [           main] o.s.test.context.TestContextManager      : beforeTestExecution(): instance [com.courseSpring.FirstSpring.FirstSpringApplicationTests@4eb9ae4d], method [void com.courseSpring.FirstSpring.FirstSpringApplicationTests.contextLoads()]
2025-01-16T02:20:16.255+02:00 TRACE 25984 --- [FirstSpring] [           main] c.DefaultCacheAwareContextLoaderDelegate : Retrieved ApplicationContext [1177101170] from cache with key [WebMergedContextConfiguration@9b2dc56 testClass = com.courseSpring.FirstSpring.FirstSpringApplicationTests, locations = [], classes = [com.courseSpring.FirstSpring.FirstSpringApplication], contextInitializerClasses = [], activeProfiles = [], propertySourceDescriptors = [], propertySourceProperties = ["org.springframework.boot.test.context.SpringBootTestContextBootstrapper=true"], contextCustomizers = [org.springframework.boot.test.context.filter.ExcludeFilterContextCustomizer@5e3f861, org.springframework.boot.test.json.DuplicateJsonObjectContextCustomizerFactory$DuplicateJsonObjectContextCustomizer@6d5620ce, org.springframework.boot.test.mock.mockito.MockitoContextCustomizer@0, org.springframework.boot.test.web.client.TestRestTemplateContextCustomizer@3e78b6a5, org.springframework.boot.test.web.reactor.netty.DisableReactorResourceFactoryGlobalResourcesContextCustomizerFactory$DisableReactorResourceFactoryGlobalResourcesContextCustomizerCustomizer@4b8729ff, org.springframework.boot.test.autoconfigure.OnFailureConditionReportContextCustomizerFactory$OnFailureConditionReportContextCustomizer@383dc82c, org.springframework.boot.test.autoconfigure.actuate.observability.ObservabilityContextCustomizerFactory$DisableObservabilityContextCustomizer@1f, org.springframework.boot.test.autoconfigure.properties.PropertyMappingContextCustomizer@0, org.springframework.boot.test.autoconfigure.web.servlet.WebDriverContextCustomizer@3cce57c7, org.springframework.test.context.support.DynamicPropertiesContextCustomizer@0, org.springframework.boot.test.context.SpringBootTestAnnotation@8d5f40f9], resourceBasePath = "src/main/webapp", contextLoader = org.springframework.boot.test.context.SpringBootContextLoader, parent = null]
2025-01-16T02:20:16.255+02:00 DEBUG 25984 --- [FirstSpring] [           main] org.springframework.test.context.cache   : Spring test ApplicationContext cache statistics: [DefaultContextCache@621f23ac size = 1, maxSize = 32, parentContextCount = 0, hitCount = 6, missCount = 1, failureCount = 0]
2025-01-16T02:20:16.255+02:00 TRACE 25984 --- [FirstSpring] [           main] o.s.b.f.s.DefaultListableBeanFactory     : Returning cached instance of singleton bean 'startupTimeMetrics'
2025-01-16T02:20:16.265+02:00 TRACE 25984 --- [FirstSpring] [           main] o.s.test.context.TestContextManager      : afterTestExecution(): instance [com.courseSpring.FirstSpring.FirstSpringApplicationTests@4eb9ae4d], method [void com.courseSpring.FirstSpring.FirstSpringApplicationTests.contextLoads()], exception [null]
2025-01-16T02:20:16.266+02:00 TRACE 25984 --- [FirstSpring] [           main] c.DefaultCacheAwareContextLoaderDelegate : Retrieved ApplicationContext [1177101170] from cache with key [WebMergedContextConfiguration@9b2dc56 testClass = com.courseSpring.FirstSpring.FirstSpringApplicationTests, locations = [], classes = [com.courseSpring.FirstSpring.FirstSpringApplication], contextInitializerClasses = [], activeProfiles = [], propertySourceDescriptors = [], propertySourceProperties = ["org.springframework.boot.test.context.SpringBootTestContextBootstrapper=true"], contextCustomizers = [org.springframework.boot.test.context.filter.ExcludeFilterContextCustomizer@5e3f861, org.springframework.boot.test.json.DuplicateJsonObjectContextCustomizerFactory$DuplicateJsonObjectContextCustomizer@6d5620ce, org.springframework.boot.test.mock.mockito.MockitoContextCustomizer@0, org.springframework.boot.test.web.client.TestRestTemplateContextCustomizer@3e78b6a5, org.springframework.boot.test.web.reactor.netty.DisableReactorResourceFactoryGlobalResourcesContextCustomizerFactory$DisableReactorResourceFactoryGlobalResourcesContextCustomizerCustomizer@4b8729ff, org.springframework.boot.test.autoconfigure.OnFailureConditionReportContextCustomizerFactory$OnFailureConditionReportContextCustomizer@383dc82c, org.springframework.boot.test.autoconfigure.actuate.observability.ObservabilityContextCustomizerFactory$DisableObservabilityContextCustomizer@1f, org.springframework.boot.test.autoconfigure.properties.PropertyMappingContextCustomizer@0, org.springframework.boot.test.autoconfigure.web.servlet.WebDriverContextCustomizer@3cce57c7, org.springframework.test.context.support.DynamicPropertiesContextCustomizer@0, org.springframework.boot.test.context.SpringBootTestAnnotation@8d5f40f9], resourceBasePath = "src/main/webapp", contextLoader = org.springframework.boot.test.context.SpringBootContextLoader, parent = null]
2025-01-16T02:20:16.266+02:00 DEBUG 25984 --- [FirstSpring] [           main] org.springframework.test.context.cache   : Spring test ApplicationContext cache statistics: [DefaultContextCache@621f23ac size = 1, maxSize = 32, parentContextCount = 0, hitCount = 7, missCount = 1, failureCount = 0]
2025-01-16T02:20:16.267+02:00 TRACE 25984 --- [FirstSpring] [           main] o.s.b.f.s.DefaultListableBeanFactory     : Returning cached instance of singleton bean 'startupTimeMetrics'
2025-01-16T02:20:16.268+02:00 TRACE 25984 --- [FirstSpring] [           main] o.s.test.context.TestContextManager      : afterTestMethod(): instance [com.courseSpring.FirstSpring.FirstSpringApplicationTests@4eb9ae4d], method [void com.courseSpring.FirstSpring.FirstSpringApplicationTests.contextLoads()], exception [null]
2025-01-16T02:20:16.268+02:00 TRACE 25984 --- [FirstSpring] [           main] c.DefaultCacheAwareContextLoaderDelegate : Retrieved ApplicationContext [1177101170] from cache with key [WebMergedContextConfiguration@9b2dc56 testClass = com.courseSpring.FirstSpring.FirstSpringApplicationTests, locations = [], classes = [com.courseSpring.FirstSpring.FirstSpringApplication], contextInitializerClasses = [], activeProfiles = [], propertySourceDescriptors = [], propertySourceProperties = ["org.springframework.boot.test.context.SpringBootTestContextBootstrapper=true"], contextCustomizers = [org.springframework.boot.test.context.filter.ExcludeFilterContextCustomizer@5e3f861, org.springframework.boot.test.json.DuplicateJsonObjectContextCustomizerFactory$DuplicateJsonObjectContextCustomizer@6d5620ce, org.springframework.boot.test.mock.mockito.MockitoContextCustomizer@0, org.springframework.boot.test.web.client.TestRestTemplateContextCustomizer@3e78b6a5, org.springframework.boot.test.web.reactor.netty.DisableReactorResourceFactoryGlobalResourcesContextCustomizerFactory$DisableReactorResourceFactoryGlobalResourcesContextCustomizerCustomizer@4b8729ff, org.springframework.boot.test.autoconfigure.OnFailureConditionReportContextCustomizerFactory$OnFailureConditionReportContextCustomizer@383dc82c, org.springframework.boot.test.autoconfigure.actuate.observability.ObservabilityContextCustomizerFactory$DisableObservabilityContextCustomizer@1f, org.springframework.boot.test.autoconfigure.properties.PropertyMappingContextCustomizer@0, org.springframework.boot.test.autoconfigure.web.servlet.WebDriverContextCustomizer@3cce57c7, org.springframework.test.context.support.DynamicPropertiesContextCustomizer@0, org.springframework.boot.test.context.SpringBootTestAnnotation@8d5f40f9], resourceBasePath = "src/main/webapp", contextLoader = org.springframework.boot.test.context.SpringBootContextLoader, parent = null]
2025-01-16T02:20:16.268+02:00 DEBUG 25984 --- [FirstSpring] [           main] org.springframework.test.context.cache   : Spring test ApplicationContext cache statistics: [DefaultContextCache@621f23ac size = 1, maxSize = 32, parentContextCount = 0, hitCount = 8, missCount = 1, failureCount = 0]
2025-01-16T02:20:16.268+02:00 TRACE 25984 --- [FirstSpring] [           main] o.s.b.f.s.DefaultListableBeanFactory     : Returning cached instance of singleton bean 'org.springframework.boot.test.mock.mockito.MockitoPostProcessor$SpyPostProcessor'
2025-01-16T02:20:16.269+02:00 TRACE 25984 --- [FirstSpring] [           main] o.s.b.f.s.DefaultListableBeanFactory     : Returning cached instance of singleton bean 'org.springframework.boot.test.mock.mockito.MockitoPostProcessor'
2025-01-16T02:20:16.269+02:00 TRACE 25984 --- [FirstSpring] [           main] o.s.b.f.s.DefaultListableBeanFactory     : Returning cached instance of singleton bean 'org.springframework.test.context.support.internalDynamicPropertyRegistrarBeanInitializer'
2025-01-16T02:20:16.269+02:00 TRACE 25984 --- [FirstSpring] [           main] o.s.b.f.s.DefaultListableBeanFactory     : Returning cached instance of singleton bean 'org.springframework.context.annotation.internalConfigurationAnnotationProcessor'
2025-01-16T02:20:16.269+02:00 TRACE 25984 --- [FirstSpring] [           main] o.s.b.f.s.DefaultListableBeanFactory     : Returning cached instance of singleton bean 'org.springframework.context.annotation.internalAutowiredAnnotationProcessor'
2025-01-16T02:20:16.269+02:00 TRACE 25984 --- [FirstSpring] [           main] o.s.b.f.s.DefaultListableBeanFactory     : Returning cached instance of singleton bean 'org.springframework.context.annotation.internalCommonAnnotationProcessor'
2025-01-16T02:20:16.269+02:00 TRACE 25984 --- [FirstSpring] [           main] o.s.b.f.s.DefaultListableBeanFactory     : Returning cached instance of singleton bean 'org.springframework.context.event.internalEventListenerProcessor'
2025-01-16T02:20:16.269+02:00 TRACE 25984 --- [FirstSpring] [           main] o.s.b.f.s.DefaultListableBeanFactory     : Returning cached instance of singleton bean 'org.springframework.context.event.internalEventListenerFactory'
2025-01-16T02:20:16.269+02:00 TRACE 25984 --- [FirstSpring] [           main] o.s.b.f.s.DefaultListableBeanFactory     : Returning cached instance of singleton bean 'firstSpringApplication'
2025-01-16T02:20:16.269+02:00 TRACE 25984 --- [FirstSpring] [           main] o.s.b.f.s.DefaultListableBeanFactory     : Returning cached instance of singleton bean 'org.springframework.boot.autoconfigure.internalCachingMetadataReaderFactory'
2025-01-16T02:20:16.269+02:00 TRACE 25984 --- [FirstSpring] [           main] o.s.b.f.s.DefaultListableBeanFactory     : Returning cached instance of singleton bean 'org.springframework.boot.autoconfigure.internalCachingMetadataReaderFactory'
2025-01-16T02:20:16.269+02:00 TRACE 25984 --- [FirstSpring] [           main] o.s.b.f.s.DefaultListableBeanFactory     : Returning cached instance of singleton bean 'courseController'
2025-01-16T02:20:16.269+02:00 TRACE 25984 --- [FirstSpring] [           main] o.s.b.f.s.DefaultListableBeanFactory     : Returning cached instance of singleton bean 'currencyConfigurationController'
2025-01-16T02:20:16.269+02:00 TRACE 25984 --- [FirstSpring] [           main] o.s.b.f.s.DefaultListableBeanFactory     : Returning cached instance of singleton bean 'currencyServiceConfiguration'
2025-01-16T02:20:16.269+02:00 TRACE 25984 --- [FirstSpring] [           main] o.s.b.f.s.DefaultListableBeanFactory     : Returning cached instance of singleton bean 'org.springframework.boot.autoconfigure.AutoConfigurationPackages'
2025-01-16T02:20:16.269+02:00 TRACE 25984 --- [FirstSpring] [           main] o.s.b.f.s.DefaultListableBeanFactory     : Returning cached instance of singleton bean 'org.springframework.boot.autoconfigure.context.PropertyPlaceholderAutoConfiguration'
2025-01-16T02:20:16.269+02:00 TRACE 25984 --- [FirstSpring] [           main] o.s.b.f.s.DefaultListableBeanFactory     : Returning cached instance of singleton bean 'propertySourcesPlaceholderConfigurer'
2025-01-16T02:20:16.269+02:00 TRACE 25984 --- [FirstSpring] [           main] o.s.b.f.s.DefaultListableBeanFactory     : Returning cached instance of singleton bean 'org.springframework.boot.autoconfigure.ssl.SslAutoConfiguration'
2025-01-16T02:20:16.269+02:00 TRACE 25984 --- [FirstSpring] [           main] o.s.b.f.s.DefaultListableBeanFactory     : Returning cached instance of singleton bean 'fileWatcher'
2025-01-16T02:20:16.269+02:00 TRACE 25984 --- [FirstSpring] [           main] o.s.b.f.s.DefaultListableBeanFactory     : Returning cached instance of singleton bean 'sslPropertiesSslBundleRegistrar'
2025-01-16T02:20:16.269+02:00 TRACE 25984 --- [FirstSpring] [           main] o.s.b.f.s.DefaultListableBeanFactory     : Returning cached instance of singleton bean 'sslBundleRegistry'
2025-01-16T02:20:16.269+02:00 TRACE 25984 --- [FirstSpring] [           main] o.s.b.f.s.DefaultListableBeanFactory     : Returning cached instance of singleton bean 'org.springframework.boot.context.properties.ConfigurationPropertiesBindingPostProcessor'
2025-01-16T02:20:16.269+02:00 TRACE 25984 --- [FirstSpring] [           main] o.s.b.f.s.DefaultListableBeanFactory     : Returning cached instance of singleton bean 'org.springframework.boot.context.internalConfigurationPropertiesBinder'
2025-01-16T02:20:16.269+02:00 TRACE 25984 --- [FirstSpring] [           main] o.s.b.f.s.DefaultListableBeanFactory     : Returning cached instance of singleton bean 'org.springframework.boot.context.internalConfigurationPropertiesBinder'
2025-01-16T02:20:16.269+02:00 TRACE 25984 --- [FirstSpring] [           main] o.s.b.f.s.DefaultListableBeanFactory     : Returning cached instance of singleton bean 'org.springframework.boot.context.properties.BoundConfigurationProperties'
2025-01-16T02:20:16.269+02:00 TRACE 25984 --- [FirstSpring] [           main] o.s.b.f.s.DefaultListableBeanFactory     : Returning cached instance of singleton bean 'org.springframework.boot.context.properties.EnableConfigurationPropertiesRegistrar.methodValidationExcludeFilter'
2025-01-16T02:20:16.269+02:00 TRACE 25984 --- [FirstSpring] [           main] o.s.b.f.s.DefaultListableBeanFactory     : Returning cached instance of singleton bean 'spring.ssl-org.springframework.boot.autoconfigure.ssl.SslProperties'
2025-01-16T02:20:16.269+02:00 TRACE 25984 --- [FirstSpring] [           main] o.s.b.f.s.DefaultListableBeanFactory     : Returning cached instance of singleton bean 'org.springframework.boot.autoconfigure.websocket.servlet.WebSocketServletAutoConfiguration$TomcatWebSocketConfiguration'
2025-01-16T02:20:16.269+02:00 TRACE 25984 --- [FirstSpring] [           main] o.s.b.f.s.DefaultListableBeanFactory     : Returning cached instance of singleton bean 'websocketServletWebServerCustomizer'
2025-01-16T02:20:16.269+02:00 TRACE 25984 --- [FirstSpring] [           main] o.s.b.f.s.DefaultListableBeanFactory     : Returning cached instance of singleton bean 'org.springframework.boot.autoconfigure.websocket.servlet.WebSocketServletAutoConfiguration'
2025-01-16T02:20:16.269+02:00 TRACE 25984 --- [FirstSpring] [           main] o.s.b.f.s.DefaultListableBeanFactory     : Returning cached instance of singleton bean 'org.springframework.boot.autoconfigure.web.servlet.ServletWebServerFactoryConfiguration$EmbeddedTomcat'
2025-01-16T02:20:16.269+02:00 TRACE 25984 --- [FirstSpring] [           main] o.s.b.f.s.DefaultListableBeanFactory     : Returning cached instance of singleton bean 'tomcatServletWebServerFactory'
2025-01-16T02:20:16.269+02:00 TRACE 25984 --- [FirstSpring] [           main] o.s.b.f.s.DefaultListableBeanFactory     : Returning cached instance of singleton bean 'org.springframework.boot.autoconfigure.web.servlet.ServletWebServerFactoryAutoConfiguration'
2025-01-16T02:20:16.269+02:00 TRACE 25984 --- [FirstSpring] [           main] o.s.b.f.s.DefaultListableBeanFactory     : Returning cached instance of singleton bean 'servletWebServerFactoryCustomizer'
2025-01-16T02:20:16.269+02:00 TRACE 25984 --- [FirstSpring] [           main] o.s.b.f.s.DefaultListableBeanFactory     : Returning cached instance of singleton bean 'tomcatServletWebServerFactoryCustomizer'
2025-01-16T02:20:16.269+02:00 TRACE 25984 --- [FirstSpring] [           main] o.s.b.f.s.DefaultListableBeanFactory     : Returning cached instance of singleton bean 'server-org.springframework.boot.autoconfigure.web.ServerProperties'
2025-01-16T02:20:16.269+02:00 TRACE 25984 --- [FirstSpring] [           main] o.s.b.f.s.DefaultListableBeanFactory     : Returning cached instance of singleton bean 'webServerFactoryCustomizerBeanPostProcessor'
2025-01-16T02:20:16.269+02:00 TRACE 25984 --- [FirstSpring] [           main] o.s.b.f.s.DefaultListableBeanFactory     : Returning cached instance of singleton bean 'errorPageRegistrarBeanPostProcessor'
2025-01-16T02:20:16.269+02:00 TRACE 25984 --- [FirstSpring] [           main] o.s.b.f.s.DefaultListableBeanFactory     : Returning cached instance of singleton bean 'org.springframework.boot.autoconfigure.web.servlet.DispatcherServletAutoConfiguration$DispatcherServletConfiguration'
2025-01-16T02:20:16.269+02:00 TRACE 25984 --- [FirstSpring] [           main] o.s.b.f.s.DefaultListableBeanFactory     : Returning cached instance of singleton bean 'dispatcherServlet'
2025-01-16T02:20:16.269+02:00 TRACE 25984 --- [FirstSpring] [           main] o.s.b.f.s.DefaultListableBeanFactory     : Returning cached instance of singleton bean 'spring.mvc-org.springframework.boot.autoconfigure.web.servlet.WebMvcProperties'
2025-01-16T02:20:16.269+02:00 TRACE 25984 --- [FirstSpring] [           main] o.s.b.f.s.DefaultListableBeanFactory     : Returning cached instance of singleton bean 'org.springframework.boot.autoconfigure.web.servlet.DispatcherServletAutoConfiguration$DispatcherServletRegistrationConfiguration'
2025-01-16T02:20:16.269+02:00 TRACE 25984 --- [FirstSpring] [           main] o.s.b.f.s.DefaultListableBeanFactory     : Returning cached instance of singleton bean 'dispatcherServletRegistration'
2025-01-16T02:20:16.269+02:00 TRACE 25984 --- [FirstSpring] [           main] o.s.b.f.s.DefaultListableBeanFactory     : Returning cached instance of singleton bean 'org.springframework.boot.autoconfigure.web.servlet.DispatcherServletAutoConfiguration'
2025-01-16T02:20:16.269+02:00 TRACE 25984 --- [FirstSpring] [           main] o.s.b.f.s.DefaultListableBeanFactory     : Returning cached instance of singleton bean 'org.springframework.boot.autoconfigure.task.TaskExecutorConfigurations$ThreadPoolTaskExecutorBuilderConfiguration'
2025-01-16T02:20:16.269+02:00 TRACE 25984 --- [FirstSpring] [           main] o.s.b.f.s.DefaultListableBeanFactory     : Returning cached instance of singleton bean 'threadPoolTaskExecutorBuilder'
2025-01-16T02:20:16.269+02:00 TRACE 25984 --- [FirstSpring] [           main] o.s.b.f.s.DefaultListableBeanFactory     : Returning cached instance of singleton bean 'org.springframework.boot.autoconfigure.task.TaskExecutorConfigurations$SimpleAsyncTaskExecutorBuilderConfiguration'
2025-01-16T02:20:16.269+02:00 TRACE 25984 --- [FirstSpring] [           main] o.s.b.f.s.DefaultListableBeanFactory     : Returning cached instance of singleton bean 'simpleAsyncTaskExecutorBuilder'
2025-01-16T02:20:16.269+02:00 TRACE 25984 --- [FirstSpring] [           main] o.s.b.f.s.DefaultListableBeanFactory     : Returning cached instance of singleton bean 'org.springframework.boot.autoconfigure.task.TaskExecutorConfigurations$TaskExecutorConfiguration'
2025-01-16T02:20:16.269+02:00 TRACE 25984 --- [FirstSpring] [           main] o.s.b.f.s.DefaultListableBeanFactory     : Returning cached instance of singleton bean 'applicationTaskExecutor'
2025-01-16T02:20:16.269+02:00 TRACE 25984 --- [FirstSpring] [           main] o.s.b.f.s.DefaultListableBeanFactory     : Returning cached instance of singleton bean 'org.springframework.boot.autoconfigure.task.TaskExecutionAutoConfiguration'
2025-01-16T02:20:16.269+02:00 TRACE 25984 --- [FirstSpring] [           main] o.s.b.f.s.DefaultListableBeanFactory     : Returning cached instance of singleton bean 'spring.task.execution-org.springframework.boot.autoconfigure.task.TaskExecutionProperties'
2025-01-16T02:20:16.269+02:00 TRACE 25984 --- [FirstSpring] [           main] o.s.b.f.s.DefaultListableBeanFactory     : Returning cached instance of singleton bean 'org.springframework.boot.autoconfigure.web.servlet.error.ErrorMvcAutoConfiguration$WhitelabelErrorViewConfiguration'
2025-01-16T02:20:16.269+02:00 TRACE 25984 --- [FirstSpring] [           main] o.s.b.f.s.DefaultListableBeanFactory     : Returning cached instance of singleton bean 'error'
2025-01-16T02:20:16.269+02:00 TRACE 25984 --- [FirstSpring] [           main] o.s.b.f.s.DefaultListableBeanFactory     : Returning cached instance of singleton bean 'beanNameViewResolver'
2025-01-16T02:20:16.269+02:00 TRACE 25984 --- [FirstSpring] [           main] o.s.b.f.s.DefaultListableBeanFactory     : Returning cached instance of singleton bean 'org.springframework.boot.autoconfigure.web.servlet.error.ErrorMvcAutoConfiguration$DefaultErrorViewResolverConfiguration'
2025-01-16T02:20:16.269+02:00 TRACE 25984 --- [FirstSpring] [           main] o.s.b.f.s.DefaultListableBeanFactory     : Returning cached instance of singleton bean 'conventionErrorViewResolver'
2025-01-16T02:20:16.269+02:00 TRACE 25984 --- [FirstSpring] [           main] o.s.b.f.s.DefaultListableBeanFactory     : Returning cached instance of singleton bean 'spring.web-org.springframework.boot.autoconfigure.web.WebProperties'
2025-01-16T02:20:16.269+02:00 TRACE 25984 --- [FirstSpring] [           main] o.s.b.f.s.DefaultListableBeanFactory     : Returning cached instance of singleton bean 'org.springframework.boot.autoconfigure.web.servlet.error.ErrorMvcAutoConfiguration'
2025-01-16T02:20:16.269+02:00 TRACE 25984 --- [FirstSpring] [           main] o.s.b.f.s.DefaultListableBeanFactory     : Returning cached instance of singleton bean 'errorAttributes'
2025-01-16T02:20:16.269+02:00 TRACE 25984 --- [FirstSpring] [           main] o.s.b.f.s.DefaultListableBeanFactory     : Returning cached instance of singleton bean 'basicErrorController'
2025-01-16T02:20:16.269+02:00 TRACE 25984 --- [FirstSpring] [           main] o.s.b.f.s.DefaultListableBeanFactory     : Returning cached instance of singleton bean 'errorPageCustomizer'
2025-01-16T02:20:16.269+02:00 TRACE 25984 --- [FirstSpring] [           main] o.s.b.f.s.DefaultListableBeanFactory     : Returning cached instance of singleton bean 'preserveErrorControllerTargetClassPostProcessor'
2025-01-16T02:20:16.269+02:00 TRACE 25984 --- [FirstSpring] [           main] o.s.b.f.s.DefaultListableBeanFactory     : Returning cached instance of singleton bean 'org.springframework.boot.autoconfigure.web.servlet.WebMvcAutoConfiguration$EnableWebMvcConfiguration'
2025-01-16T02:20:16.269+02:00 TRACE 25984 --- [FirstSpring] [           main] o.s.b.f.s.DefaultListableBeanFactory     : Returning cached instance of singleton bean 'welcomePageHandlerMapping'
2025-01-16T02:20:16.269+02:00 TRACE 25984 --- [FirstSpring] [           main] o.s.b.f.s.DefaultListableBeanFactory     : Returning cached instance of singleton bean 'welcomePageNotAcceptableHandlerMapping'
2025-01-16T02:20:16.269+02:00 TRACE 25984 --- [FirstSpring] [           main] o.s.b.f.s.DefaultListableBeanFactory     : Returning cached instance of singleton bean 'localeResolver'
2025-01-16T02:20:16.269+02:00 TRACE 25984 --- [FirstSpring] [           main] o.s.b.f.s.DefaultListableBeanFactory     : Returning cached instance of singleton bean 'themeResolver'
2025-01-16T02:20:16.270+02:00 TRACE 25984 --- [FirstSpring] [           main] o.s.b.f.s.DefaultListableBeanFactory     : Returning cached instance of singleton bean 'flashMapManager'
2025-01-16T02:20:16.270+02:00 TRACE 25984 --- [FirstSpring] [           main] o.s.b.f.s.DefaultListableBeanFactory     : Returning cached instance of singleton bean 'viewNameTranslator'
2025-01-16T02:20:16.270+02:00 TRACE 25984 --- [FirstSpring] [           main] o.s.b.f.s.DefaultListableBeanFactory     : Returning cached instance of singleton bean 'mvcConversionService'
2025-01-16T02:20:16.270+02:00 TRACE 25984 --- [FirstSpring] [           main] o.s.b.f.s.DefaultListableBeanFactory     : Returning cached instance of singleton bean 'mvcValidator'
2025-01-16T02:20:16.270+02:00 TRACE 25984 --- [FirstSpring] [           main] o.s.b.f.s.DefaultListableBeanFactory     : Returning cached instance of singleton bean 'mvcContentNegotiationManager'
2025-01-16T02:20:16.270+02:00 TRACE 25984 --- [FirstSpring] [           main] o.s.b.f.s.DefaultListableBeanFactory     : Returning cached instance of singleton bean 'requestMappingHandlerMapping'
2025-01-16T02:20:16.270+02:00 TRACE 25984 --- [FirstSpring] [           main] o.s.b.f.s.DefaultListableBeanFactory     : Returning cached instance of singleton bean 'mvcPatternParser'
2025-01-16T02:20:16.270+02:00 TRACE 25984 --- [FirstSpring] [           main] o.s.b.f.s.DefaultListableBeanFactory     : Returning cached instance of singleton bean 'mvcUrlPathHelper'
2025-01-16T02:20:16.270+02:00 TRACE 25984 --- [FirstSpring] [           main] o.s.b.f.s.DefaultListableBeanFactory     : Returning cached instance of singleton bean 'mvcPathMatcher'
2025-01-16T02:20:16.270+02:00 TRACE 25984 --- [FirstSpring] [           main] o.s.b.f.s.DefaultListableBeanFactory     : Returning cached instance of singleton bean 'viewControllerHandlerMapping'
2025-01-16T02:20:16.270+02:00 TRACE 25984 --- [FirstSpring] [           main] o.s.b.f.s.DefaultListableBeanFactory     : Returning cached instance of singleton bean 'beanNameHandlerMapping'
2025-01-16T02:20:16.270+02:00 TRACE 25984 --- [FirstSpring] [           main] o.s.b.f.s.DefaultListableBeanFactory     : Returning cached instance of singleton bean 'routerFunctionMapping'
2025-01-16T02:20:16.270+02:00 TRACE 25984 --- [FirstSpring] [           main] o.s.b.f.s.DefaultListableBeanFactory     : Returning cached instance of singleton bean 'resourceHandlerMapping'
2025-01-16T02:20:16.270+02:00 TRACE 25984 --- [FirstSpring] [           main] o.s.b.f.s.DefaultListableBeanFactory     : Returning cached instance of singleton bean 'mvcResourceUrlProvider'
2025-01-16T02:20:16.270+02:00 TRACE 25984 --- [FirstSpring] [           main] o.s.b.f.s.DefaultListableBeanFactory     : Returning cached instance of singleton bean 'defaultServletHandlerMapping'
2025-01-16T02:20:16.270+02:00 TRACE 25984 --- [FirstSpring] [           main] o.s.b.f.s.DefaultListableBeanFactory     : Returning cached instance of singleton bean 'requestMappingHandlerAdapter'
2025-01-16T02:20:16.270+02:00 TRACE 25984 --- [FirstSpring] [           main] o.s.b.f.s.DefaultListableBeanFactory     : Returning cached instance of singleton bean 'handlerFunctionAdapter'
2025-01-16T02:20:16.270+02:00 TRACE 25984 --- [FirstSpring] [           main] o.s.b.f.s.DefaultListableBeanFactory     : Returning cached instance of singleton bean 'mvcUriComponentsContributor'
2025-01-16T02:20:16.270+02:00 TRACE 25984 --- [FirstSpring] [           main] o.s.b.f.s.DefaultListableBeanFactory     : Returning cached instance of singleton bean 'httpRequestHandlerAdapter'
2025-01-16T02:20:16.270+02:00 TRACE 25984 --- [FirstSpring] [           main] o.s.b.f.s.DefaultListableBeanFactory     : Returning cached instance of singleton bean 'simpleControllerHandlerAdapter'
2025-01-16T02:20:16.270+02:00 TRACE 25984 --- [FirstSpring] [           main] o.s.b.f.s.DefaultListableBeanFactory     : Returning cached instance of singleton bean 'handlerExceptionResolver'
2025-01-16T02:20:16.270+02:00 TRACE 25984 --- [FirstSpring] [           main] o.s.b.f.s.DefaultListableBeanFactory     : Returning cached instance of singleton bean 'mvcViewResolver'
2025-01-16T02:20:16.270+02:00 TRACE 25984 --- [FirstSpring] [           main] o.s.b.f.s.DefaultListableBeanFactory     : Returning cached instance of singleton bean 'org.springframework.boot.autoconfigure.web.servlet.WebMvcAutoConfiguration$WebMvcAutoConfigurationAdapter'
2025-01-16T02:20:16.270+02:00 TRACE 25984 --- [FirstSpring] [           main] o.s.b.f.s.DefaultListableBeanFactory     : Returning cached instance of singleton bean 'defaultViewResolver'
2025-01-16T02:20:16.270+02:00 TRACE 25984 --- [FirstSpring] [           main] o.s.b.f.s.DefaultListableBeanFactory     : Returning cached instance of singleton bean 'viewResolver'
2025-01-16T02:20:16.270+02:00 TRACE 25984 --- [FirstSpring] [           main] o.s.b.f.s.DefaultListableBeanFactory     : Returning cached instance of singleton bean 'requestContextFilter'
2025-01-16T02:20:16.270+02:00 TRACE 25984 --- [FirstSpring] [           main] o.s.b.f.s.DefaultListableBeanFactory     : Returning cached instance of singleton bean 'org.springframework.boot.autoconfigure.web.servlet.WebMvcAutoConfiguration'
2025-01-16T02:20:16.270+02:00 TRACE 25984 --- [FirstSpring] [           main] o.s.b.f.s.DefaultListableBeanFactory     : Returning cached instance of singleton bean 'formContentFilter'
2025-01-16T02:20:16.270+02:00 TRACE 25984 --- [FirstSpring] [           main] o.s.b.f.s.DefaultListableBeanFactory     : Returning cached instance of singleton bean 'org.springframework.boot.actuate.autoconfigure.audit.AuditEventsEndpointAutoConfiguration'
2025-01-16T02:20:16.270+02:00 TRACE 25984 --- [FirstSpring] [           main] o.s.b.f.s.DefaultListableBeanFactory     : Returning cached instance of singleton bean 'org.springframework.boot.autoconfigure.availability.ApplicationAvailabilityAutoConfiguration'
2025-01-16T02:20:16.270+02:00 TRACE 25984 --- [FirstSpring] [           main] o.s.b.f.s.DefaultListableBeanFactory     : Returning cached instance of singleton bean 'applicationAvailability'
2025-01-16T02:20:16.270+02:00 TRACE 25984 --- [FirstSpring] [           main] o.s.b.f.s.DefaultListableBeanFactory     : Returning cached instance of singleton bean 'org.springframework.boot.actuate.autoconfigure.availability.AvailabilityHealthContributorAutoConfiguration'
2025-01-16T02:20:16.270+02:00 TRACE 25984 --- [FirstSpring] [           main] o.s.b.f.s.DefaultListableBeanFactory     : Returning cached instance of singleton bean 'org.springframework.boot.actuate.autoconfigure.beans.BeansEndpointAutoConfiguration'
2025-01-16T02:20:16.270+02:00 TRACE 25984 --- [FirstSpring] [           main] o.s.b.f.s.DefaultListableBeanFactory     : Returning cached instance of singleton bean 'beansEndpoint'
2025-01-16T02:20:16.270+02:00 TRACE 25984 --- [FirstSpring] [           main] o.s.b.f.s.DefaultListableBeanFactory     : Returning cached instance of singleton bean 'org.springframework.boot.autoconfigure.jackson.JacksonAutoConfiguration$Jackson2ObjectMapperBuilderCustomizerConfiguration'
2025-01-16T02:20:16.270+02:00 TRACE 25984 --- [FirstSpring] [           main] o.s.b.f.s.DefaultListableBeanFactory     : Returning cached instance of singleton bean 'standardJacksonObjectMapperBuilderCustomizer'
2025-01-16T02:20:16.270+02:00 TRACE 25984 --- [FirstSpring] [           main] o.s.b.f.s.DefaultListableBeanFactory     : Returning cached instance of singleton bean 'spring.jackson-org.springframework.boot.autoconfigure.jackson.JacksonProperties'
2025-01-16T02:20:16.270+02:00 TRACE 25984 --- [FirstSpring] [           main] o.s.b.f.s.DefaultListableBeanFactory     : Returning cached instance of singleton bean 'org.springframework.boot.autoconfigure.jackson.JacksonAutoConfiguration$JacksonObjectMapperBuilderConfiguration'
2025-01-16T02:20:16.270+02:00 TRACE 25984 --- [FirstSpring] [           main] o.s.b.f.s.DefaultListableBeanFactory     : Returning cached instance of singleton bean 'org.springframework.boot.autoconfigure.jackson.JacksonAutoConfiguration$ParameterNamesModuleConfiguration'
2025-01-16T02:20:16.270+02:00 TRACE 25984 --- [FirstSpring] [           main] o.s.b.f.s.DefaultListableBeanFactory     : Returning cached instance of singleton bean 'parameterNamesModule'
2025-01-16T02:20:16.270+02:00 TRACE 25984 --- [FirstSpring] [           main] o.s.b.f.s.DefaultListableBeanFactory     : Returning cached instance of singleton bean 'org.springframework.boot.autoconfigure.jackson.JacksonAutoConfiguration$JacksonObjectMapperConfiguration'
2025-01-16T02:20:16.270+02:00 TRACE 25984 --- [FirstSpring] [           main] o.s.b.f.s.DefaultListableBeanFactory     : Returning cached instance of singleton bean 'jacksonObjectMapper'
2025-01-16T02:20:16.270+02:00 TRACE 25984 --- [FirstSpring] [           main] o.s.b.f.s.DefaultListableBeanFactory     : Returning cached instance of singleton bean 'org.springframework.boot.autoconfigure.jackson.JacksonAutoConfiguration$JacksonMixinConfiguration'
2025-01-16T02:20:16.270+02:00 TRACE 25984 --- [FirstSpring] [           main] o.s.b.f.s.DefaultListableBeanFactory     : Returning cached instance of singleton bean 'jsonMixinModuleEntries'
2025-01-16T02:20:16.270+02:00 TRACE 25984 --- [FirstSpring] [           main] o.s.b.f.s.DefaultListableBeanFactory     : Returning cached instance of singleton bean 'jsonMixinModule'
2025-01-16T02:20:16.270+02:00 TRACE 25984 --- [FirstSpring] [           main] o.s.b.f.s.DefaultListableBeanFactory     : Returning cached instance of singleton bean 'org.springframework.boot.autoconfigure.jackson.JacksonAutoConfiguration'
2025-01-16T02:20:16.270+02:00 TRACE 25984 --- [FirstSpring] [           main] o.s.b.f.s.DefaultListableBeanFactory     : Returning cached instance of singleton bean 'jsonComponentModule'
2025-01-16T02:20:16.270+02:00 TRACE 25984 --- [FirstSpring] [           main] o.s.b.f.s.DefaultListableBeanFactory     : Returning cached instance of singleton bean 'org.springframework.boot.actuate.autoconfigure.cache.CachesEndpointAutoConfiguration'
2025-01-16T02:20:16.270+02:00 TRACE 25984 --- [FirstSpring] [           main] o.s.b.f.s.DefaultListableBeanFactory     : Returning cached instance of singleton bean 'cachesEndpoint'
2025-01-16T02:20:16.270+02:00 TRACE 25984 --- [FirstSpring] [           main] o.s.b.f.s.DefaultListableBeanFactory     : Returning cached instance of singleton bean 'cachesEndpointWebExtension'
2025-01-16T02:20:16.270+02:00 TRACE 25984 --- [FirstSpring] [           main] o.s.b.f.s.DefaultListableBeanFactory     : Returning cached instance of singleton bean 'org.springframework.boot.actuate.autoconfigure.health.HealthEndpointConfiguration'
2025-01-16T02:20:16.270+02:00 TRACE 25984 --- [FirstSpring] [           main] o.s.b.f.s.DefaultListableBeanFactory     : Returning cached instance of singleton bean 'healthStatusAggregator'
2025-01-16T02:20:16.270+02:00 TRACE 25984 --- [FirstSpring] [           main] o.s.b.f.s.DefaultListableBeanFactory     : Returning cached instance of singleton bean 'healthHttpCodeStatusMapper'
2025-01-16T02:20:16.270+02:00 TRACE 25984 --- [FirstSpring] [           main] o.s.b.f.s.DefaultListableBeanFactory     : Returning cached instance of singleton bean 'healthEndpointGroups'
2025-01-16T02:20:16.270+02:00 TRACE 25984 --- [FirstSpring] [           main] o.s.b.f.s.DefaultListableBeanFactory     : Returning cached instance of singleton bean 'healthContributorRegistry'
2025-01-16T02:20:16.270+02:00 TRACE 25984 --- [FirstSpring] [           main] o.s.b.f.s.DefaultListableBeanFactory     : Returning cached instance of singleton bean 'healthEndpointGroupMembershipValidator'
2025-01-16T02:20:16.270+02:00 TRACE 25984 --- [FirstSpring] [           main] o.s.b.f.s.DefaultListableBeanFactory     : Returning cached instance of singleton bean 'healthEndpoint'
2025-01-16T02:20:16.270+02:00 TRACE 25984 --- [FirstSpring] [           main] o.s.b.f.s.DefaultListableBeanFactory     : Returning cached instance of singleton bean 'healthEndpointGroupsBeanPostProcessor'
2025-01-16T02:20:16.270+02:00 TRACE 25984 --- [FirstSpring] [           main] o.s.b.f.s.DefaultListableBeanFactory     : Returning cached instance of singleton bean 'org.springframework.boot.actuate.autoconfigure.health.HealthEndpointWebExtensionConfiguration$MvcAdditionalHealthEndpointPathsConfiguration'
2025-01-16T02:20:16.270+02:00 TRACE 25984 --- [FirstSpring] [           main] o.s.b.f.s.DefaultListableBeanFactory     : Returning cached instance of singleton bean 'healthEndpointWebMvcHandlerMapping'
2025-01-16T02:20:16.270+02:00 TRACE 25984 --- [FirstSpring] [           main] o.s.b.f.s.DefaultListableBeanFactory     : Returning cached instance of singleton bean 'org.springframework.boot.actuate.autoconfigure.health.HealthEndpointWebExtensionConfiguration'
2025-01-16T02:20:16.270+02:00 TRACE 25984 --- [FirstSpring] [           main] o.s.b.f.s.DefaultListableBeanFactory     : Returning cached instance of singleton bean 'healthEndpointWebExtension'
2025-01-16T02:20:16.270+02:00 TRACE 25984 --- [FirstSpring] [           main] o.s.b.f.s.DefaultListableBeanFactory     : Returning cached instance of singleton bean 'org.springframework.boot.actuate.autoconfigure.health.HealthEndpointAutoConfiguration'
2025-01-16T02:20:16.270+02:00 TRACE 25984 --- [FirstSpring] [           main] o.s.b.f.s.DefaultListableBeanFactory     : Returning cached instance of singleton bean 'management.endpoint.health-org.springframework.boot.actuate.autoconfigure.health.HealthEndpointProperties'
2025-01-16T02:20:16.270+02:00 TRACE 25984 --- [FirstSpring] [           main] o.s.b.f.s.DefaultListableBeanFactory     : Returning cached instance of singleton bean 'org.springframework.boot.autoconfigure.info.ProjectInfoAutoConfiguration'
2025-01-16T02:20:16.270+02:00 TRACE 25984 --- [FirstSpring] [           main] o.s.b.f.s.DefaultListableBeanFactory     : Returning cached instance of singleton bean 'spring.info-org.springframework.boot.autoconfigure.info.ProjectInfoProperties'
2025-01-16T02:20:16.270+02:00 TRACE 25984 --- [FirstSpring] [           main] o.s.b.f.s.DefaultListableBeanFactory     : Returning cached instance of singleton bean 'org.springframework.boot.actuate.autoconfigure.info.InfoContributorAutoConfiguration'
2025-01-16T02:20:16.270+02:00 TRACE 25984 --- [FirstSpring] [           main] o.s.b.f.s.DefaultListableBeanFactory     : Returning cached instance of singleton bean 'management.health.ssl-org.springframework.boot.actuate.autoconfigure.ssl.SslHealthIndicatorProperties'
2025-01-16T02:20:16.270+02:00 TRACE 25984 --- [FirstSpring] [           main] o.s.b.f.s.DefaultListableBeanFactory     : Returning cached instance of singleton bean 'management.info-org.springframework.boot.actuate.autoconfigure.info.InfoContributorProperties'
2025-01-16T02:20:16.270+02:00 TRACE 25984 --- [FirstSpring] [           main] o.s.b.f.s.DefaultListableBeanFactory     : Returning cached instance of singleton bean 'org.springframework.boot.actuate.autoconfigure.info.InfoEndpointAutoConfiguration'
2025-01-16T02:20:16.270+02:00 TRACE 25984 --- [FirstSpring] [           main] o.s.b.f.s.DefaultListableBeanFactory     : Returning cached instance of singleton bean 'infoEndpoint'
2025-01-16T02:20:16.270+02:00 TRACE 25984 --- [FirstSpring] [           main] o.s.b.f.s.DefaultListableBeanFactory     : Returning cached instance of singleton bean 'org.springframework.boot.actuate.autoconfigure.web.servlet.ServletManagementContextAutoConfiguration'
2025-01-16T02:20:16.270+02:00 TRACE 25984 --- [FirstSpring] [           main] o.s.b.f.s.DefaultListableBeanFactory     : Returning cached instance of singleton bean 'servletWebChildContextFactory'
2025-01-16T02:20:16.270+02:00 TRACE 25984 --- [FirstSpring] [           main] o.s.b.f.s.DefaultListableBeanFactory     : Returning cached instance of singleton bean 'managementServletContext'
2025-01-16T02:20:16.270+02:00 TRACE 25984 --- [FirstSpring] [           main] o.s.b.f.s.DefaultListableBeanFactory     : Returning cached instance of singleton bean 'org.springframework.boot.actuate.autoconfigure.condition.ConditionsReportEndpointAutoConfiguration'
2025-01-16T02:20:16.270+02:00 TRACE 25984 --- [FirstSpring] [           main] o.s.b.f.s.DefaultListableBeanFactory     : Returning cached instance of singleton bean 'conditionsReportEndpoint'
2025-01-16T02:20:16.270+02:00 TRACE 25984 --- [FirstSpring] [           main] o.s.b.f.s.DefaultListableBeanFactory     : Returning cached instance of singleton bean 'org.springframework.boot.actuate.autoconfigure.context.properties.ConfigurationPropertiesReportEndpointAutoConfiguration'
2025-01-16T02:20:16.270+02:00 TRACE 25984 --- [FirstSpring] [           main] o.s.b.f.s.DefaultListableBeanFactory     : Returning cached instance of singleton bean 'configurationPropertiesReportEndpoint'
2025-01-16T02:20:16.270+02:00 TRACE 25984 --- [FirstSpring] [           main] o.s.b.f.s.DefaultListableBeanFactory     : Returning cached instance of singleton bean 'configurationPropertiesReportEndpointWebExtension'
2025-01-16T02:20:16.270+02:00 TRACE 25984 --- [FirstSpring] [           main] o.s.b.f.s.DefaultListableBeanFactory     : Returning cached instance of singleton bean 'management.endpoint.configprops-org.springframework.boot.actuate.autoconfigure.context.properties.ConfigurationPropertiesReportEndpointProperties'
2025-01-16T02:20:16.270+02:00 TRACE 25984 --- [FirstSpring] [           main] o.s.b.f.s.DefaultListableBeanFactory     : Returning cached instance of singleton bean 'org.springframework.boot.actuate.autoconfigure.endpoint.EndpointAutoConfiguration'
2025-01-16T02:20:16.271+02:00 TRACE 25984 --- [FirstSpring] [           main] o.s.b.f.s.DefaultListableBeanFactory     : Returning cached instance of singleton bean 'endpointOperationParameterMapper'
2025-01-16T02:20:16.271+02:00 TRACE 25984 --- [FirstSpring] [           main] o.s.b.f.s.DefaultListableBeanFactory     : Returning cached instance of singleton bean 'endpointCachingOperationInvokerAdvisor'
2025-01-16T02:20:16.271+02:00 TRACE 25984 --- [FirstSpring] [           main] o.s.b.f.s.DefaultListableBeanFactory     : Returning cached instance of singleton bean 'propertiesEndpointAccessResolver'
2025-01-16T02:20:16.271+02:00 TRACE 25984 --- [FirstSpring] [           main] o.s.b.f.s.DefaultListableBeanFactory     : Returning cached instance of singleton bean 'org.springframework.boot.actuate.autoconfigure.endpoint.jackson.JacksonEndpointAutoConfiguration'
2025-01-16T02:20:16.271+02:00 TRACE 25984 --- [FirstSpring] [           main] o.s.b.f.s.DefaultListableBeanFactory     : Returning cached instance of singleton bean 'endpointObjectMapper'
2025-01-16T02:20:16.271+02:00 TRACE 25984 --- [FirstSpring] [           main] o.s.b.f.s.DefaultListableBeanFactory     : Returning cached instance of singleton bean 'org.springframework.boot.actuate.autoconfigure.endpoint.web.WebEndpointAutoConfiguration$WebEndpointServletConfiguration'
2025-01-16T02:20:16.271+02:00 TRACE 25984 --- [FirstSpring] [           main] o.s.b.f.s.DefaultListableBeanFactory     : Returning cached instance of singleton bean 'servletEndpointDiscoverer'
2025-01-16T02:20:16.271+02:00 TRACE 25984 --- [FirstSpring] [           main] o.s.b.f.s.DefaultListableBeanFactory     : Returning cached instance of singleton bean 'org.springframework.boot.actuate.autoconfigure.endpoint.web.WebEndpointAutoConfiguration'
2025-01-16T02:20:16.271+02:00 TRACE 25984 --- [FirstSpring] [           main] o.s.b.f.s.DefaultListableBeanFactory     : Returning cached instance of singleton bean 'webEndpointPathMapper'
2025-01-16T02:20:16.271+02:00 TRACE 25984 --- [FirstSpring] [           main] o.s.b.f.s.DefaultListableBeanFactory     : Returning cached instance of singleton bean 'endpointMediaTypes'
2025-01-16T02:20:16.271+02:00 TRACE 25984 --- [FirstSpring] [           main] o.s.b.f.s.DefaultListableBeanFactory     : Returning cached instance of singleton bean 'webEndpointDiscoverer'
2025-01-16T02:20:16.271+02:00 TRACE 25984 --- [FirstSpring] [           main] o.s.b.f.s.DefaultListableBeanFactory     : Returning cached instance of singleton bean 'controllerEndpointDiscoverer'
2025-01-16T02:20:16.271+02:00 TRACE 25984 --- [FirstSpring] [           main] o.s.b.f.s.DefaultListableBeanFactory     : Returning cached instance of singleton bean 'pathMappedEndpoints'
2025-01-16T02:20:16.271+02:00 TRACE 25984 --- [FirstSpring] [           main] o.s.b.f.s.DefaultListableBeanFactory     : Returning cached instance of singleton bean 'webExposeExcludePropertyEndpointFilter'
2025-01-16T02:20:16.271+02:00 TRACE 25984 --- [FirstSpring] [           main] o.s.b.f.s.DefaultListableBeanFactory     : Returning cached instance of singleton bean 'controllerExposeExcludePropertyEndpointFilter'
2025-01-16T02:20:16.271+02:00 TRACE 25984 --- [FirstSpring] [           main] o.s.b.f.s.DefaultListableBeanFactory     : Returning cached instance of singleton bean 'webAccessPropertiesOperationFilter'
2025-01-16T02:20:16.272+02:00 TRACE 25984 --- [FirstSpring] [           main] o.s.b.f.s.DefaultListableBeanFactory     : Returning cached instance of singleton bean 'management.endpoints.web-org.springframework.boot.actuate.autoconfigure.endpoint.web.WebEndpointProperties'
2025-01-16T02:20:16.272+02:00 TRACE 25984 --- [FirstSpring] [           main] o.s.b.f.s.DefaultListableBeanFactory     : Returning cached instance of singleton bean 'org.springframework.boot.actuate.autoconfigure.env.EnvironmentEndpointAutoConfiguration'
2025-01-16T02:20:16.272+02:00 TRACE 25984 --- [FirstSpring] [           main] o.s.b.f.s.DefaultListableBeanFactory     : Returning cached instance of singleton bean 'environmentEndpoint'
2025-01-16T02:20:16.272+02:00 TRACE 25984 --- [FirstSpring] [           main] o.s.b.f.s.DefaultListableBeanFactory     : Returning cached instance of singleton bean 'environmentEndpointWebExtension'
2025-01-16T02:20:16.272+02:00 TRACE 25984 --- [FirstSpring] [           main] o.s.b.f.s.DefaultListableBeanFactory     : Returning cached instance of singleton bean 'management.endpoint.env-org.springframework.boot.actuate.autoconfigure.env.EnvironmentEndpointProperties'
2025-01-16T02:20:16.272+02:00 TRACE 25984 --- [FirstSpring] [           main] o.s.b.f.s.DefaultListableBeanFactory     : Returning cached instance of singleton bean 'org.springframework.boot.actuate.autoconfigure.ssl.SslHealthContributorAutoConfiguration'
2025-01-16T02:20:16.272+02:00 TRACE 25984 --- [FirstSpring] [           main] o.s.b.f.s.DefaultListableBeanFactory     : Returning cached instance of singleton bean 'sslHealthIndicator'
2025-01-16T02:20:16.272+02:00 TRACE 25984 --- [FirstSpring] [           main] o.s.b.f.s.DefaultListableBeanFactory     : Returning cached instance of singleton bean 'sslInfo'
2025-01-16T02:20:16.272+02:00 TRACE 25984 --- [FirstSpring] [           main] o.s.b.f.s.DefaultListableBeanFactory     : Returning cached instance of singleton bean 'org.springframework.boot.actuate.autoconfigure.system.DiskSpaceHealthContributorAutoConfiguration'
2025-01-16T02:20:16.272+02:00 TRACE 25984 --- [FirstSpring] [           main] o.s.b.f.s.DefaultListableBeanFactory     : Returning cached instance of singleton bean 'diskSpaceHealthIndicator'
2025-01-16T02:20:16.272+02:00 TRACE 25984 --- [FirstSpring] [           main] o.s.b.f.s.DefaultListableBeanFactory     : Returning cached instance of singleton bean 'management.health.diskspace-org.springframework.boot.actuate.autoconfigure.system.DiskSpaceHealthIndicatorProperties'
2025-01-16T02:20:16.272+02:00 TRACE 25984 --- [FirstSpring] [           main] o.s.b.f.s.DefaultListableBeanFactory     : Returning cached instance of singleton bean 'org.springframework.boot.actuate.autoconfigure.health.HealthContributorAutoConfiguration'
2025-01-16T02:20:16.272+02:00 TRACE 25984 --- [FirstSpring] [           main] o.s.b.f.s.DefaultListableBeanFactory     : Returning cached instance of singleton bean 'pingHealthContributor'
2025-01-16T02:20:16.272+02:00 TRACE 25984 --- [FirstSpring] [           main] o.s.b.f.s.DefaultListableBeanFactory     : Returning cached instance of singleton bean 'org.springframework.boot.actuate.autoconfigure.logging.LogFileWebEndpointAutoConfiguration'
2025-01-16T02:20:16.272+02:00 TRACE 25984 --- [FirstSpring] [           main] o.s.b.f.s.DefaultListableBeanFactory     : Returning cached instance of singleton bean 'management.endpoint.logfile-org.springframework.boot.actuate.autoconfigure.logging.LogFileWebEndpointProperties'
2025-01-16T02:20:16.272+02:00 TRACE 25984 --- [FirstSpring] [           main] o.s.b.f.s.DefaultListableBeanFactory     : Returning cached instance of singleton bean 'org.springframework.boot.actuate.autoconfigure.logging.LoggersEndpointAutoConfiguration'
2025-01-16T02:20:16.272+02:00 TRACE 25984 --- [FirstSpring] [           main] o.s.b.f.s.DefaultListableBeanFactory     : Returning cached instance of singleton bean 'loggersEndpoint'
2025-01-16T02:20:16.272+02:00 TRACE 25984 --- [FirstSpring] [           main] o.s.b.f.s.DefaultListableBeanFactory     : Returning cached instance of singleton bean 'org.springframework.boot.actuate.autoconfigure.management.HeapDumpWebEndpointAutoConfiguration'
2025-01-16T02:20:16.272+02:00 TRACE 25984 --- [FirstSpring] [           main] o.s.b.f.s.DefaultListableBeanFactory     : Returning cached instance of singleton bean 'heapDumpWebEndpoint'
2025-01-16T02:20:16.272+02:00 TRACE 25984 --- [FirstSpring] [           main] o.s.b.f.s.DefaultListableBeanFactory     : Returning cached instance of singleton bean 'org.springframework.boot.actuate.autoconfigure.management.ThreadDumpEndpointAutoConfiguration'
2025-01-16T02:20:16.272+02:00 TRACE 25984 --- [FirstSpring] [           main] o.s.b.f.s.DefaultListableBeanFactory     : Returning cached instance of singleton bean 'dumpEndpoint'
2025-01-16T02:20:16.272+02:00 TRACE 25984 --- [FirstSpring] [           main] o.s.b.f.s.DefaultListableBeanFactory     : Returning cached instance of singleton bean 'org.springframework.boot.actuate.autoconfigure.metrics.MetricsAutoConfiguration'
2025-01-16T02:20:16.272+02:00 TRACE 25984 --- [FirstSpring] [           main] o.s.b.f.s.DefaultListableBeanFactory     : Returning cached instance of singleton bean 'micrometerClock'
2025-01-16T02:20:16.272+02:00 TRACE 25984 --- [FirstSpring] [           main] o.s.b.f.s.DefaultListableBeanFactory     : Returning cached instance of singleton bean 'meterRegistryPostProcessor'
2025-01-16T02:20:16.272+02:00 TRACE 25984 --- [FirstSpring] [           main] o.s.b.f.s.DefaultListableBeanFactory     : Returning cached instance of singleton bean 'propertiesMeterFilter'
2025-01-16T02:20:16.272+02:00 TRACE 25984 --- [FirstSpring] [           main] o.s.b.f.s.DefaultListableBeanFactory     : Returning cached instance of singleton bean 'meterRegistryCloser'
2025-01-16T02:20:16.272+02:00 TRACE 25984 --- [FirstSpring] [           main] o.s.b.f.s.DefaultListableBeanFactory     : Returning cached instance of singleton bean 'management.metrics-org.springframework.boot.actuate.autoconfigure.metrics.MetricsProperties'
2025-01-16T02:20:16.272+02:00 TRACE 25984 --- [FirstSpring] [           main] o.s.b.f.s.DefaultListableBeanFactory     : Returning cached instance of singleton bean 'org.springframework.boot.actuate.autoconfigure.metrics.export.simple.SimpleMetricsExportAutoConfiguration'
2025-01-16T02:20:16.272+02:00 TRACE 25984 --- [FirstSpring] [           main] o.s.b.f.s.DefaultListableBeanFactory     : Returning cached instance of singleton bean 'simpleMeterRegistry'
2025-01-16T02:20:16.272+02:00 TRACE 25984 --- [FirstSpring] [           main] o.s.b.f.s.DefaultListableBeanFactory     : Returning cached instance of singleton bean 'simpleConfig'
2025-01-16T02:20:16.272+02:00 TRACE 25984 --- [FirstSpring] [           main] o.s.b.f.s.DefaultListableBeanFactory     : Returning cached instance of singleton bean 'management.simple.metrics.export-org.springframework.boot.actuate.autoconfigure.metrics.export.simple.SimpleProperties'
2025-01-16T02:20:16.272+02:00 TRACE 25984 --- [FirstSpring] [           main] o.s.b.f.s.DefaultListableBeanFactory     : Returning cached instance of singleton bean 'org.springframework.boot.actuate.autoconfigure.metrics.CompositeMeterRegistryAutoConfiguration'
2025-01-16T02:20:16.272+02:00 TRACE 25984 --- [FirstSpring] [           main] o.s.b.f.s.DefaultListableBeanFactory     : Returning cached instance of singleton bean 'org.springframework.boot.actuate.autoconfigure.metrics.JvmMetricsAutoConfiguration'
2025-01-16T02:20:16.272+02:00 TRACE 25984 --- [FirstSpring] [           main] o.s.b.f.s.DefaultListableBeanFactory     : Returning cached instance of singleton bean 'jvmGcMetrics'
2025-01-16T02:20:16.272+02:00 TRACE 25984 --- [FirstSpring] [           main] o.s.b.f.s.DefaultListableBeanFactory     : Returning cached instance of singleton bean 'jvmHeapPressureMetrics'
2025-01-16T02:20:16.272+02:00 TRACE 25984 --- [FirstSpring] [           main] o.s.b.f.s.DefaultListableBeanFactory     : Returning cached instance of singleton bean 'jvmMemoryMetrics'
2025-01-16T02:20:16.272+02:00 TRACE 25984 --- [FirstSpring] [           main] o.s.b.f.s.DefaultListableBeanFactory     : Returning cached instance of singleton bean 'jvmThreadMetrics'
2025-01-16T02:20:16.272+02:00 TRACE 25984 --- [FirstSpring] [           main] o.s.b.f.s.DefaultListableBeanFactory     : Returning cached instance of singleton bean 'classLoaderMetrics'
2025-01-16T02:20:16.272+02:00 TRACE 25984 --- [FirstSpring] [           main] o.s.b.f.s.DefaultListableBeanFactory     : Returning cached instance of singleton bean 'jvmInfoMetrics'
2025-01-16T02:20:16.272+02:00 TRACE 25984 --- [FirstSpring] [           main] o.s.b.f.s.DefaultListableBeanFactory     : Returning cached instance of singleton bean 'jvmCompilationMetrics'
2025-01-16T02:20:16.272+02:00 TRACE 25984 --- [FirstSpring] [           main] o.s.b.f.s.DefaultListableBeanFactory     : Returning cached instance of singleton bean 'org.springframework.boot.actuate.autoconfigure.metrics.LogbackMetricsAutoConfiguration'
2025-01-16T02:20:16.272+02:00 TRACE 25984 --- [FirstSpring] [           main] o.s.b.f.s.DefaultListableBeanFactory     : Returning cached instance of singleton bean 'logbackMetrics'
2025-01-16T02:20:16.272+02:00 TRACE 25984 --- [FirstSpring] [           main] o.s.b.f.s.DefaultListableBeanFactory     : Returning cached instance of singleton bean 'org.springframework.boot.actuate.autoconfigure.metrics.MetricsEndpointAutoConfiguration'
2025-01-16T02:20:16.272+02:00 TRACE 25984 --- [FirstSpring] [           main] o.s.b.f.s.DefaultListableBeanFactory     : Returning cached instance of singleton bean 'metricsEndpoint'
2025-01-16T02:20:16.273+02:00 TRACE 25984 --- [FirstSpring] [           main] o.s.b.f.s.DefaultListableBeanFactory     : Returning cached instance of singleton bean 'org.springframework.boot.actuate.autoconfigure.metrics.SystemMetricsAutoConfiguration'
2025-01-16T02:20:16.274+02:00 TRACE 25984 --- [FirstSpring] [           main] o.s.b.f.s.DefaultListableBeanFactory     : Returning cached instance of singleton bean 'uptimeMetrics'
2025-01-16T02:20:16.274+02:00 TRACE 25984 --- [FirstSpring] [           main] o.s.b.f.s.DefaultListableBeanFactory     : Returning cached instance of singleton bean 'processorMetrics'
2025-01-16T02:20:16.274+02:00 TRACE 25984 --- [FirstSpring] [           main] o.s.b.f.s.DefaultListableBeanFactory     : Returning cached instance of singleton bean 'fileDescriptorMetrics'
2025-01-16T02:20:16.274+02:00 TRACE 25984 --- [FirstSpring] [           main] o.s.b.f.s.DefaultListableBeanFactory     : Returning cached instance of singleton bean 'diskSpaceMetrics'
2025-01-16T02:20:16.274+02:00 TRACE 25984 --- [FirstSpring] [           main] o.s.b.f.s.DefaultListableBeanFactory     : Returning cached instance of singleton bean 'org.springframework.boot.actuate.autoconfigure.metrics.integration.IntegrationMetricsAutoConfiguration'
2025-01-16T02:20:16.274+02:00 TRACE 25984 --- [FirstSpring] [           main] o.s.b.f.s.DefaultListableBeanFactory     : Returning cached instance of singleton bean 'org.springframework.boot.actuate.autoconfigure.metrics.startup.StartupTimeMetricsListenerAutoConfiguration'
2025-01-16T02:20:16.274+02:00 TRACE 25984 --- [FirstSpring] [           main] o.s.b.f.s.DefaultListableBeanFactory     : Returning cached instance of singleton bean 'startupTimeMetrics'
2025-01-16T02:20:16.274+02:00 TRACE 25984 --- [FirstSpring] [           main] o.s.b.f.s.DefaultListableBeanFactory     : Returning cached instance of singleton bean 'org.springframework.boot.autoconfigure.task.TaskSchedulingConfigurations$ThreadPoolTaskSchedulerBuilderConfiguration'
2025-01-16T02:20:16.274+02:00 TRACE 25984 --- [FirstSpring] [           main] o.s.b.f.s.DefaultListableBeanFactory     : Returning cached instance of singleton bean 'threadPoolTaskSchedulerBuilder'
2025-01-16T02:20:16.274+02:00 TRACE 25984 --- [FirstSpring] [           main] o.s.b.f.s.DefaultListableBeanFactory     : Returning cached instance of singleton bean 'org.springframework.boot.autoconfigure.task.TaskSchedulingConfigurations$SimpleAsyncTaskSchedulerBuilderConfiguration'
2025-01-16T02:20:16.274+02:00 TRACE 25984 --- [FirstSpring] [           main] o.s.b.f.s.DefaultListableBeanFactory     : Returning cached instance of singleton bean 'simpleAsyncTaskSchedulerBuilder'
2025-01-16T02:20:16.274+02:00 TRACE 25984 --- [FirstSpring] [           main] o.s.b.f.s.DefaultListableBeanFactory     : Returning cached instance of singleton bean 'org.springframework.boot.autoconfigure.task.TaskSchedulingAutoConfiguration'
2025-01-16T02:20:16.274+02:00 TRACE 25984 --- [FirstSpring] [           main] o.s.b.f.s.DefaultListableBeanFactory     : Returning cached instance of singleton bean 'spring.task.scheduling-org.springframework.boot.autoconfigure.task.TaskSchedulingProperties'
2025-01-16T02:20:16.274+02:00 TRACE 25984 --- [FirstSpring] [           main] o.s.b.f.s.DefaultListableBeanFactory     : Returning cached instance of singleton bean 'org.springframework.boot.actuate.autoconfigure.metrics.task.TaskExecutorMetricsAutoConfiguration'
2025-01-16T02:20:16.274+02:00 TRACE 25984 --- [FirstSpring] [           main] o.s.b.f.s.DefaultListableBeanFactory     : Returning cached instance of singleton bean 'eagerTaskExecutorMetrics'
2025-01-16T02:20:16.274+02:00 TRACE 25984 --- [FirstSpring] [           main] o.s.b.f.s.DefaultListableBeanFactory     : Returning cached instance of singleton bean 'org.springframework.boot.actuate.autoconfigure.metrics.web.tomcat.TomcatMetricsAutoConfiguration'
2025-01-16T02:20:16.274+02:00 TRACE 25984 --- [FirstSpring] [           main] o.s.b.f.s.DefaultListableBeanFactory     : Returning cached instance of singleton bean 'tomcatMetricsBinder'
2025-01-16T02:20:16.274+02:00 TRACE 25984 --- [FirstSpring] [           main] o.s.b.f.s.DefaultListableBeanFactory     : Returning cached instance of singleton bean 'org.springframework.boot.actuate.autoconfigure.observation.ObservationAutoConfiguration$MeterObservationHandlerConfiguration$OnlyMetricsMeterObservationHandlerConfiguration'
2025-01-16T02:20:16.274+02:00 TRACE 25984 --- [FirstSpring] [           main] o.s.b.f.s.DefaultListableBeanFactory     : Returning cached instance of singleton bean 'defaultMeterObservationHandler'
2025-01-16T02:20:16.274+02:00 TRACE 25984 --- [FirstSpring] [           main] o.s.b.f.s.DefaultListableBeanFactory     : Returning cached instance of singleton bean 'org.springframework.boot.actuate.autoconfigure.observation.ObservationAutoConfiguration$MeterObservationHandlerConfiguration'
2025-01-16T02:20:16.274+02:00 TRACE 25984 --- [FirstSpring] [           main] o.s.b.f.s.DefaultListableBeanFactory     : Returning cached instance of singleton bean 'org.springframework.boot.actuate.autoconfigure.observation.ObservationAutoConfiguration$OnlyMetricsConfiguration'
2025-01-16T02:20:16.274+02:00 TRACE 25984 --- [FirstSpring] [           main] o.s.b.f.s.DefaultListableBeanFactory     : Returning cached instance of singleton bean 'metricsObservationHandlerGrouping'
2025-01-16T02:20:16.274+02:00 TRACE 25984 --- [FirstSpring] [           main] o.s.b.f.s.DefaultListableBeanFactory     : Returning cached instance of singleton bean 'org.springframework.boot.actuate.autoconfigure.observation.ObservationAutoConfiguration'
2025-01-16T02:20:16.274+02:00 TRACE 25984 --- [FirstSpring] [           main] o.s.b.f.s.DefaultListableBeanFactory     : Returning cached instance of singleton bean 'observationRegistryPostProcessor'
2025-01-16T02:20:16.274+02:00 TRACE 25984 --- [FirstSpring] [           main] o.s.b.f.s.DefaultListableBeanFactory     : Returning cached instance of singleton bean 'observationRegistry'
2025-01-16T02:20:16.274+02:00 TRACE 25984 --- [FirstSpring] [           main] o.s.b.f.s.DefaultListableBeanFactory     : Returning cached instance of singleton bean 'propertiesObservationFilter'
2025-01-16T02:20:16.274+02:00 TRACE 25984 --- [FirstSpring] [           main] o.s.b.f.s.DefaultListableBeanFactory     : Returning cached instance of singleton bean 'management.observations-org.springframework.boot.actuate.autoconfigure.observation.ObservationProperties'
2025-01-16T02:20:16.275+02:00 TRACE 25984 --- [FirstSpring] [           main] o.s.b.f.s.DefaultListableBeanFactory     : Returning cached instance of singleton bean 'org.springframework.boot.autoconfigure.http.HttpMessageConvertersAutoConfiguration$StringHttpMessageConverterConfiguration'
2025-01-16T02:20:16.275+02:00 TRACE 25984 --- [FirstSpring] [           main] o.s.b.f.s.DefaultListableBeanFactory     : Returning cached instance of singleton bean 'stringHttpMessageConverter'
2025-01-16T02:20:16.275+02:00 TRACE 25984 --- [FirstSpring] [           main] o.s.b.f.s.DefaultListableBeanFactory     : Returning cached instance of singleton bean 'org.springframework.boot.autoconfigure.http.JacksonHttpMessageConvertersConfiguration$MappingJackson2HttpMessageConverterConfiguration'
2025-01-16T02:20:16.275+02:00 TRACE 25984 --- [FirstSpring] [           main] o.s.b.f.s.DefaultListableBeanFactory     : Returning cached instance of singleton bean 'mappingJackson2HttpMessageConverter'
2025-01-16T02:20:16.275+02:00 TRACE 25984 --- [FirstSpring] [           main] o.s.b.f.s.DefaultListableBeanFactory     : Returning cached instance of singleton bean 'org.springframework.boot.autoconfigure.http.JacksonHttpMessageConvertersConfiguration'
2025-01-16T02:20:16.275+02:00 TRACE 25984 --- [FirstSpring] [           main] o.s.b.f.s.DefaultListableBeanFactory     : Returning cached instance of singleton bean 'org.springframework.boot.autoconfigure.http.HttpMessageConvertersAutoConfiguration'
2025-01-16T02:20:16.275+02:00 TRACE 25984 --- [FirstSpring] [           main] o.s.b.f.s.DefaultListableBeanFactory     : Returning cached instance of singleton bean 'messageConverters'
2025-01-16T02:20:16.275+02:00 TRACE 25984 --- [FirstSpring] [           main] o.s.b.f.s.DefaultListableBeanFactory     : Returning cached instance of singleton bean 'org.springframework.boot.autoconfigure.http.client.HttpClientAutoConfiguration'
2025-01-16T02:20:16.275+02:00 TRACE 25984 --- [FirstSpring] [           main] o.s.b.f.s.DefaultListableBeanFactory     : Returning cached instance of singleton bean 'clientHttpRequestFactoryBuilder'
2025-01-16T02:20:16.275+02:00 TRACE 25984 --- [FirstSpring] [           main] o.s.b.f.s.DefaultListableBeanFactory     : Returning cached instance of singleton bean 'clientHttpRequestFactorySettings'
2025-01-16T02:20:16.275+02:00 TRACE 25984 --- [FirstSpring] [           main] o.s.b.f.s.DefaultListableBeanFactory     : Returning cached instance of singleton bean 'spring.http.client-org.springframework.boot.autoconfigure.http.client.HttpClientProperties'
2025-01-16T02:20:16.275+02:00 TRACE 25984 --- [FirstSpring] [           main] o.s.b.f.s.DefaultListableBeanFactory     : Returning cached instance of singleton bean 'org.springframework.boot.autoconfigure.web.client.RestClientAutoConfiguration'
2025-01-16T02:20:16.275+02:00 TRACE 25984 --- [FirstSpring] [           main] o.s.b.f.s.DefaultListableBeanFactory     : Returning cached instance of singleton bean 'httpMessageConvertersRestClientCustomizer'
2025-01-16T02:20:16.275+02:00 TRACE 25984 --- [FirstSpring] [           main] o.s.b.f.s.DefaultListableBeanFactory     : Returning cached instance of singleton bean 'restClientSsl'
2025-01-16T02:20:16.275+02:00 TRACE 25984 --- [FirstSpring] [           main] o.s.b.f.s.DefaultListableBeanFactory     : Returning cached instance of singleton bean 'restClientBuilderConfigurer'
2025-01-16T02:20:16.275+02:00 TRACE 25984 --- [FirstSpring] [           main] o.s.b.f.s.DefaultListableBeanFactory     : Returning cached instance of singleton bean 'org.springframework.boot.autoconfigure.web.client.RestTemplateAutoConfiguration'
2025-01-16T02:20:16.275+02:00 TRACE 25984 --- [FirstSpring] [           main] o.s.b.f.s.DefaultListableBeanFactory     : Returning cached instance of singleton bean 'org.springframework.boot.actuate.autoconfigure.observation.web.client.HttpClientObservationsAutoConfiguration$MeterFilterConfiguration'
2025-01-16T02:20:16.275+02:00 TRACE 25984 --- [FirstSpring] [           main] o.s.b.f.s.DefaultListableBeanFactory     : Returning cached instance of singleton bean 'metricsHttpClientUriTagFilter'
2025-01-16T02:20:16.275+02:00 TRACE 25984 --- [FirstSpring] [           main] o.s.b.f.s.DefaultListableBeanFactory     : Returning cached instance of singleton bean 'org.springframework.boot.actuate.autoconfigure.observation.web.client.RestTemplateObservationConfiguration'
2025-01-16T02:20:16.275+02:00 TRACE 25984 --- [FirstSpring] [           main] o.s.b.f.s.DefaultListableBeanFactory     : Returning cached instance of singleton bean 'observationRestTemplateCustomizer'
2025-01-16T02:20:16.275+02:00 TRACE 25984 --- [FirstSpring] [           main] o.s.b.f.s.DefaultListableBeanFactory     : Returning cached instance of singleton bean 'org.springframework.boot.actuate.autoconfigure.observation.web.client.RestClientObservationConfiguration'
2025-01-16T02:20:16.275+02:00 TRACE 25984 --- [FirstSpring] [           main] o.s.b.f.s.DefaultListableBeanFactory     : Returning cached instance of singleton bean 'observationRestClientCustomizer'
2025-01-16T02:20:16.275+02:00 TRACE 25984 --- [FirstSpring] [           main] o.s.b.f.s.DefaultListableBeanFactory     : Returning cached instance of singleton bean 'org.springframework.boot.actuate.autoconfigure.observation.web.client.HttpClientObservationsAutoConfiguration'
2025-01-16T02:20:16.275+02:00 TRACE 25984 --- [FirstSpring] [           main] o.s.b.f.s.DefaultListableBeanFactory     : Returning cached instance of singleton bean 'org.springframework.boot.actuate.autoconfigure.observation.web.servlet.WebMvcObservationAutoConfiguration$MeterFilterConfiguration'
2025-01-16T02:20:16.275+02:00 TRACE 25984 --- [FirstSpring] [           main] o.s.b.f.s.DefaultListableBeanFactory     : Returning cached instance of singleton bean 'metricsHttpServerUriTagFilter'
2025-01-16T02:20:16.275+02:00 TRACE 25984 --- [FirstSpring] [           main] o.s.b.f.s.DefaultListableBeanFactory     : Returning cached instance of singleton bean 'org.springframework.boot.actuate.autoconfigure.observation.web.servlet.WebMvcObservationAutoConfiguration'
2025-01-16T02:20:16.275+02:00 TRACE 25984 --- [FirstSpring] [           main] o.s.b.f.s.DefaultListableBeanFactory     : Returning cached instance of singleton bean 'webMvcObservationFilter'
2025-01-16T02:20:16.275+02:00 TRACE 25984 --- [FirstSpring] [           main] o.s.b.f.s.DefaultListableBeanFactory     : Returning cached instance of singleton bean 'org.springframework.boot.actuate.autoconfigure.sbom.SbomEndpointAutoConfiguration'
2025-01-16T02:20:16.275+02:00 TRACE 25984 --- [FirstSpring] [           main] o.s.b.f.s.DefaultListableBeanFactory     : Returning cached instance of singleton bean 'sbomEndpoint'
2025-01-16T02:20:16.275+02:00 TRACE 25984 --- [FirstSpring] [           main] o.s.b.f.s.DefaultListableBeanFactory     : Returning cached instance of singleton bean 'sbomEndpointWebExtension'
2025-01-16T02:20:16.275+02:00 TRACE 25984 --- [FirstSpring] [           main] o.s.b.f.s.DefaultListableBeanFactory     : Returning cached instance of singleton bean 'management.endpoint.sbom-org.springframework.boot.actuate.sbom.SbomProperties'
2025-01-16T02:20:16.275+02:00 TRACE 25984 --- [FirstSpring] [           main] o.s.b.f.s.DefaultListableBeanFactory     : Returning cached instance of singleton bean 'org.springframework.boot.actuate.autoconfigure.scheduling.ScheduledTasksEndpointAutoConfiguration'
2025-01-16T02:20:16.275+02:00 TRACE 25984 --- [FirstSpring] [           main] o.s.b.f.s.DefaultListableBeanFactory     : Returning cached instance of singleton bean 'scheduledTasksEndpoint'
2025-01-16T02:20:16.275+02:00 TRACE 25984 --- [FirstSpring] [           main] o.s.b.f.s.DefaultListableBeanFactory     : Returning cached instance of singleton bean 'org.springframework.boot.actuate.autoconfigure.scheduling.ScheduledTasksObservabilityAutoConfiguration'
2025-01-16T02:20:16.275+02:00 TRACE 25984 --- [FirstSpring] [           main] o.s.b.f.s.DefaultListableBeanFactory     : Returning cached instance of singleton bean 'observabilitySchedulingConfigurer'
2025-01-16T02:20:16.275+02:00 TRACE 25984 --- [FirstSpring] [           main] o.s.b.f.s.DefaultListableBeanFactory     : Returning cached instance of singleton bean 'org.springframework.boot.actuate.autoconfigure.web.exchanges.HttpExchangesEndpointAutoConfiguration'
2025-01-16T02:20:16.275+02:00 TRACE 25984 --- [FirstSpring] [           main] o.s.b.f.s.DefaultListableBeanFactory     : Returning cached instance of singleton bean 'org.springframework.boot.actuate.autoconfigure.web.mappings.MappingsEndpointAutoConfiguration$ServletWebConfiguration$SpringMvcConfiguration'
2025-01-16T02:20:16.275+02:00 TRACE 25984 --- [FirstSpring] [           main] o.s.b.f.s.DefaultListableBeanFactory     : Returning cached instance of singleton bean 'dispatcherServletMappingDescriptionProvider'
2025-01-16T02:20:16.275+02:00 TRACE 25984 --- [FirstSpring] [           main] o.s.b.f.s.DefaultListableBeanFactory     : Returning cached instance of singleton bean 'org.springframework.boot.actuate.autoconfigure.web.mappings.MappingsEndpointAutoConfiguration$ServletWebConfiguration'
2025-01-16T02:20:16.275+02:00 TRACE 25984 --- [FirstSpring] [           main] o.s.b.f.s.DefaultListableBeanFactory     : Returning cached instance of singleton bean 'servletMappingDescriptionProvider'
2025-01-16T02:20:16.275+02:00 TRACE 25984 --- [FirstSpring] [           main] o.s.b.f.s.DefaultListableBeanFactory     : Returning cached instance of singleton bean 'filterMappingDescriptionProvider'
2025-01-16T02:20:16.275+02:00 TRACE 25984 --- [FirstSpring] [           main] o.s.b.f.s.DefaultListableBeanFactory     : Returning cached instance of singleton bean 'org.springframework.boot.actuate.autoconfigure.web.mappings.MappingsEndpointAutoConfiguration'
2025-01-16T02:20:16.275+02:00 TRACE 25984 --- [FirstSpring] [           main] o.s.b.f.s.DefaultListableBeanFactory     : Returning cached instance of singleton bean 'mappingsEndpoint'
2025-01-16T02:20:16.275+02:00 TRACE 25984 --- [FirstSpring] [           main] o.s.b.f.s.DefaultListableBeanFactory     : Returning cached instance of singleton bean 'org.springframework.boot.autoconfigure.aop.AopAutoConfiguration$ClassProxyingConfiguration'
2025-01-16T02:20:16.275+02:00 TRACE 25984 --- [FirstSpring] [           main] o.s.b.f.s.DefaultListableBeanFactory     : Returning cached instance of singleton bean 'forceAutoProxyCreatorToUseClassProxying'
2025-01-16T02:20:16.275+02:00 TRACE 25984 --- [FirstSpring] [           main] o.s.b.f.s.DefaultListableBeanFactory     : Returning cached instance of singleton bean 'org.springframework.boot.autoconfigure.aop.AopAutoConfiguration'
2025-01-16T02:20:16.275+02:00 TRACE 25984 --- [FirstSpring] [           main] o.s.b.f.s.DefaultListableBeanFactory     : Returning cached instance of singleton bean 'org.springframework.boot.autoconfigure.context.ConfigurationPropertiesAutoConfiguration'
2025-01-16T02:20:16.275+02:00 TRACE 25984 --- [FirstSpring] [           main] o.s.b.f.s.DefaultListableBeanFactory     : Returning cached instance of singleton bean 'org.springframework.boot.autoconfigure.context.LifecycleAutoConfiguration'
2025-01-16T02:20:16.275+02:00 TRACE 25984 --- [FirstSpring] [           main] o.s.b.f.s.DefaultListableBeanFactory     : Returning cached instance of singleton bean 'lifecycleProcessor'
2025-01-16T02:20:16.275+02:00 TRACE 25984 --- [FirstSpring] [           main] o.s.b.f.s.DefaultListableBeanFactory     : Returning cached instance of singleton bean 'spring.lifecycle-org.springframework.boot.autoconfigure.context.LifecycleProperties'
2025-01-16T02:20:16.275+02:00 TRACE 25984 --- [FirstSpring] [           main] o.s.b.f.s.DefaultListableBeanFactory     : Returning cached instance of singleton bean 'org.springframework.boot.autoconfigure.sql.init.SqlInitializationAutoConfiguration'
2025-01-16T02:20:16.275+02:00 TRACE 25984 --- [FirstSpring] [           main] o.s.b.f.s.DefaultListableBeanFactory     : Returning cached instance of singleton bean 'spring.sql.init-org.springframework.boot.autoconfigure.sql.init.SqlInitializationProperties'
2025-01-16T02:20:16.275+02:00 TRACE 25984 --- [FirstSpring] [           main] o.s.b.f.s.DefaultListableBeanFactory     : Returning cached instance of singleton bean 'org.springframework.boot.sql.init.dependency.DatabaseInitializationDependencyConfigurer$DependsOnDatabaseInitializationPostProcessor'
2025-01-16T02:20:16.275+02:00 TRACE 25984 --- [FirstSpring] [           main] o.s.b.f.s.DefaultListableBeanFactory     : Returning cached instance of singleton bean 'org.springframework.boot.autoconfigure.web.servlet.HttpEncodingAutoConfiguration'
2025-01-16T02:20:16.275+02:00 TRACE 25984 --- [FirstSpring] [           main] o.s.b.f.s.DefaultListableBeanFactory     : Returning cached instance of singleton bean 'characterEncodingFilter'
2025-01-16T02:20:16.275+02:00 TRACE 25984 --- [FirstSpring] [           main] o.s.b.f.s.DefaultListableBeanFactory     : Returning cached instance of singleton bean 'localeCharsetMappingsCustomizer'
2025-01-16T02:20:16.275+02:00 TRACE 25984 --- [FirstSpring] [           main] o.s.b.f.s.DefaultListableBeanFactory     : Returning cached instance of singleton bean 'org.springframework.boot.autoconfigure.web.servlet.MultipartAutoConfiguration'
2025-01-16T02:20:16.275+02:00 TRACE 25984 --- [FirstSpring] [           main] o.s.b.f.s.DefaultListableBeanFactory     : Returning cached instance of singleton bean 'multipartConfigElement'
2025-01-16T02:20:16.275+02:00 TRACE 25984 --- [FirstSpring] [           main] o.s.b.f.s.DefaultListableBeanFactory     : Returning cached instance of singleton bean 'multipartResolver'
2025-01-16T02:20:16.275+02:00 TRACE 25984 --- [FirstSpring] [           main] o.s.b.f.s.DefaultListableBeanFactory     : Returning cached instance of singleton bean 'spring.servlet.multipart-org.springframework.boot.autoconfigure.web.servlet.MultipartProperties'
2025-01-16T02:20:16.275+02:00 TRACE 25984 --- [FirstSpring] [           main] o.s.b.f.s.DefaultListableBeanFactory     : Returning cached instance of singleton bean 'org.springframework.boot.actuate.autoconfigure.endpoint.web.ServletEndpointManagementContextConfiguration$WebMvcServletEndpointManagementContextConfiguration'
2025-01-16T02:20:16.275+02:00 TRACE 25984 --- [FirstSpring] [           main] o.s.b.f.s.DefaultListableBeanFactory     : Returning cached instance of singleton bean 'servletEndpointRegistrar'
2025-01-16T02:20:16.275+02:00 TRACE 25984 --- [FirstSpring] [           main] o.s.b.f.s.DefaultListableBeanFactory     : Returning cached instance of singleton bean 'org.springframework.boot.actuate.autoconfigure.endpoint.web.ServletEndpointManagementContextConfiguration'
2025-01-16T02:20:16.275+02:00 TRACE 25984 --- [FirstSpring] [           main] o.s.b.f.s.DefaultListableBeanFactory     : Returning cached instance of singleton bean 'servletExposeExcludePropertyEndpointFilter'
2025-01-16T02:20:16.275+02:00 TRACE 25984 --- [FirstSpring] [           main] o.s.b.f.s.DefaultListableBeanFactory     : Returning cached instance of singleton bean 'org.springframework.boot.actuate.autoconfigure.endpoint.web.servlet.WebMvcEndpointManagementContextConfiguration'
2025-01-16T02:20:16.275+02:00 TRACE 25984 --- [FirstSpring] [           main] o.s.b.f.s.DefaultListableBeanFactory     : Returning cached instance of singleton bean 'webEndpointServletHandlerMapping'
2025-01-16T02:20:16.275+02:00 TRACE 25984 --- [FirstSpring] [           main] o.s.b.f.s.DefaultListableBeanFactory     : Returning cached instance of singleton bean 'controllerEndpointHandlerMapping'
2025-01-16T02:20:16.275+02:00 TRACE 25984 --- [FirstSpring] [           main] o.s.b.f.s.DefaultListableBeanFactory     : Returning cached instance of singleton bean 'endpointObjectMapperWebMvcConfigurer'
2025-01-16T02:20:16.275+02:00 TRACE 25984 --- [FirstSpring] [           main] o.s.b.f.s.DefaultListableBeanFactory     : Returning cached instance of singleton bean 'management.endpoints.web.cors-org.springframework.boot.actuate.autoconfigure.endpoint.web.CorsEndpointProperties'
2025-01-16T02:20:16.275+02:00 TRACE 25984 --- [FirstSpring] [           main] o.s.b.f.s.DefaultListableBeanFactory     : Returning cached instance of singleton bean 'org.springframework.boot.actuate.autoconfigure.web.server.ManagementContextAutoConfiguration$SameManagementContextConfiguration$EnableSameManagementContextConfiguration'
2025-01-16T02:20:16.275+02:00 TRACE 25984 --- [FirstSpring] [           main] o.s.b.f.s.DefaultListableBeanFactory     : Returning cached instance of singleton bean 'org.springframework.boot.actuate.autoconfigure.web.server.ManagementContextAutoConfiguration$SameManagementContextConfiguration'
2025-01-16T02:20:16.275+02:00 TRACE 25984 --- [FirstSpring] [           main] o.s.b.f.s.DefaultListableBeanFactory     : Returning cached instance of singleton bean 'org.springframework.boot.actuate.autoconfigure.web.server.ManagementContextAutoConfiguration'
2025-01-16T02:20:16.275+02:00 TRACE 25984 --- [FirstSpring] [           main] o.s.b.f.s.DefaultListableBeanFactory     : Returning cached instance of singleton bean 'management.server-org.springframework.boot.actuate.autoconfigure.web.server.ManagementServerProperties'
2025-01-16T02:20:16.275+02:00 TRACE 25984 --- [FirstSpring] [           main] o.s.b.f.s.DefaultListableBeanFactory     : Returning cached instance of singleton bean 'org.springframework.aop.config.internalAutoProxyCreator'
2025-01-16T02:20:16.276+02:00 TRACE 25984 --- [FirstSpring] [           main] c.DefaultCacheAwareContextLoaderDelegate : Retrieved ApplicationContext [1177101170] from cache with key [WebMergedContextConfiguration@9b2dc56 testClass = com.courseSpring.FirstSpring.FirstSpringApplicationTests, locations = [], classes = [com.courseSpring.FirstSpring.FirstSpringApplication], contextInitializerClasses = [], activeProfiles = [], propertySourceDescriptors = [], propertySourceProperties = ["org.springframework.boot.test.context.SpringBootTestContextBootstrapper=true"], contextCustomizers = [org.springframework.boot.test.context.filter.ExcludeFilterContextCustomizer@5e3f861, org.springframework.boot.test.json.DuplicateJsonObjectContextCustomizerFactory$DuplicateJsonObjectContextCustomizer@6d5620ce, org.springframework.boot.test.mock.mockito.MockitoContextCustomizer@0, org.springframework.boot.test.web.client.TestRestTemplateContextCustomizer@3e78b6a5, org.springframework.boot.test.web.reactor.netty.DisableReactorResourceFactoryGlobalResourcesContextCustomizerFactory$DisableReactorResourceFactoryGlobalResourcesContextCustomizerCustomizer@4b8729ff, org.springframework.boot.test.autoconfigure.OnFailureConditionReportContextCustomizerFactory$OnFailureConditionReportContextCustomizer@383dc82c, org.springframework.boot.test.autoconfigure.actuate.observability.ObservabilityContextCustomizerFactory$DisableObservabilityContextCustomizer@1f, org.springframework.boot.test.autoconfigure.properties.PropertyMappingContextCustomizer@0, org.springframework.boot.test.autoconfigure.web.servlet.WebDriverContextCustomizer@3cce57c7, org.springframework.test.context.support.DynamicPropertiesContextCustomizer@0, org.springframework.boot.test.context.SpringBootTestAnnotation@8d5f40f9], resourceBasePath = "src/main/webapp", contextLoader = org.springframework.boot.test.context.SpringBootContextLoader, parent = null]
2025-01-16T02:20:16.276+02:00 DEBUG 25984 --- [FirstSpring] [           main] org.springframework.test.context.cache   : Spring test ApplicationContext cache statistics: [DefaultContextCache@621f23ac size = 1, maxSize = 32, parentContextCount = 0, hitCount = 9, missCount = 1, failureCount = 0]
2025-01-16T02:20:16.276+02:00 TRACE 25984 --- [FirstSpring] [           main] c.DefaultCacheAwareContextLoaderDelegate : Retrieved ApplicationContext [1177101170] from cache with key [WebMergedContextConfiguration@9b2dc56 testClass = com.courseSpring.FirstSpring.FirstSpringApplicationTests, locations = [], classes = [com.courseSpring.FirstSpring.FirstSpringApplication], contextInitializerClasses = [], activeProfiles = [], propertySourceDescriptors = [], propertySourceProperties = ["org.springframework.boot.test.context.SpringBootTestContextBootstrapper=true"], contextCustomizers = [org.springframework.boot.test.context.filter.ExcludeFilterContextCustomizer@5e3f861, org.springframework.boot.test.json.DuplicateJsonObjectContextCustomizerFactory$DuplicateJsonObjectContextCustomizer@6d5620ce, org.springframework.boot.test.mock.mockito.MockitoContextCustomizer@0, org.springframework.boot.test.web.client.TestRestTemplateContextCustomizer@3e78b6a5, org.springframework.boot.test.web.reactor.netty.DisableReactorResourceFactoryGlobalResourcesContextCustomizerFactory$DisableReactorResourceFactoryGlobalResourcesContextCustomizerCustomizer@4b8729ff, org.springframework.boot.test.autoconfigure.OnFailureConditionReportContextCustomizerFactory$OnFailureConditionReportContextCustomizer@383dc82c, org.springframework.boot.test.autoconfigure.actuate.observability.ObservabilityContextCustomizerFactory$DisableObservabilityContextCustomizer@1f, org.springframework.boot.test.autoconfigure.properties.PropertyMappingContextCustomizer@0, org.springframework.boot.test.autoconfigure.web.servlet.WebDriverContextCustomizer@3cce57c7, org.springframework.test.context.support.DynamicPropertiesContextCustomizer@0, org.springframework.boot.test.context.SpringBootTestAnnotation@8d5f40f9], resourceBasePath = "src/main/webapp", contextLoader = org.springframework.boot.test.context.SpringBootContextLoader, parent = null]
2025-01-16T02:20:16.277+02:00 DEBUG 25984 --- [FirstSpring] [           main] org.springframework.test.context.cache   : Spring test ApplicationContext cache statistics: [DefaultContextCache@621f23ac size = 1, maxSize = 32, parentContextCount = 0, hitCount = 10, missCount = 1, failureCount = 0]
2025-01-16T02:20:16.285+02:00 TRACE 25984 --- [FirstSpring] [           main] o.s.b.f.s.DefaultListableBeanFactory     : No bean named 'org.springframework.boot.test.autoconfigure.web.servlet.SpringBootMockMvcBuilderCustomizer$DeferredLinesWriter' found in org.springframework.beans.factory.support.DefaultListableBeanFactory@4b6ac111: defining beans [org.springframework.boot.test.mock.mockito.MockitoPostProcessor$SpyPostProcessor,org.springframework.boot.test.mock.mockito.MockitoPostProcessor,org.springframework.test.context.support.internalDynamicPropertyRegistrarBeanInitializer,org.springframework.context.annotation.internalConfigurationAnnotationProcessor,org.springframework.context.annotation.internalAutowiredAnnotationProcessor,org.springframework.context.annotation.internalCommonAnnotationProcessor,org.springframework.context.event.internalEventListenerProcessor,org.springframework.context.event.internalEventListenerFactory,firstSpringApplication,org.springframework.boot.autoconfigure.internalCachingMetadataReaderFactory,courseController,currencyConfigurationController,currencyServiceConfiguration,org.springframework.boot.autoconfigure.AutoConfigurationPackages,org.springframework.boot.autoconfigure.context.PropertyPlaceholderAutoConfiguration,propertySourcesPlaceholderConfigurer,org.springframework.boot.autoconfigure.ssl.SslAutoConfiguration,fileWatcher,sslPropertiesSslBundleRegistrar,sslBundleRegistry,org.springframework.boot.context.properties.ConfigurationPropertiesBindingPostProcessor,org.springframework.boot.context.internalConfigurationPropertiesBinder,org.springframework.boot.context.properties.BoundConfigurationProperties,org.springframework.boot.context.properties.EnableConfigurationPropertiesRegistrar.methodValidationExcludeFilter,spring.ssl-org.springframework.boot.autoconfigure.ssl.SslProperties,org.springframework.boot.autoconfigure.websocket.servlet.WebSocketServletAutoConfiguration$TomcatWebSocketConfiguration,websocketServletWebServerCustomizer,org.springframework.boot.autoconfigure.websocket.servlet.WebSocketServletAutoConfiguration,org.springframework.boot.autoconfigure.web.servlet.ServletWebServerFactoryConfiguration$EmbeddedTomcat,tomcatServletWebServerFactory,org.springframework.boot.autoconfigure.web.servlet.ServletWebServerFactoryAutoConfiguration,servletWebServerFactoryCustomizer,tomcatServletWebServerFactoryCustomizer,server-org.springframework.boot.autoconfigure.web.ServerProperties,webServerFactoryCustomizerBeanPostProcessor,errorPageRegistrarBeanPostProcessor,org.springframework.boot.autoconfigure.web.servlet.DispatcherServletAutoConfiguration$DispatcherServletConfiguration,dispatcherServlet,spring.mvc-org.springframework.boot.autoconfigure.web.servlet.WebMvcProperties,org.springframework.boot.autoconfigure.web.servlet.DispatcherServletAutoConfiguration$DispatcherServletRegistrationConfiguration,dispatcherServletRegistration,org.springframework.boot.autoconfigure.web.servlet.DispatcherServletAutoConfiguration,org.springframework.boot.autoconfigure.task.TaskExecutorConfigurations$ThreadPoolTaskExecutorBuilderConfiguration,threadPoolTaskExecutorBuilder,org.springframework.boot.autoconfigure.task.TaskExecutorConfigurations$SimpleAsyncTaskExecutorBuilderConfiguration,simpleAsyncTaskExecutorBuilder,org.springframework.boot.autoconfigure.task.TaskExecutorConfigurations$TaskExecutorConfiguration,applicationTaskExecutor,org.springframework.boot.autoconfigure.task.TaskExecutionAutoConfiguration,spring.task.execution-org.springframework.boot.autoconfigure.task.TaskExecutionProperties,org.springframework.boot.autoconfigure.web.servlet.error.ErrorMvcAutoConfiguration$WhitelabelErrorViewConfiguration,error,beanNameViewResolver,org.springframework.boot.autoconfigure.web.servlet.error.ErrorMvcAutoConfiguration$DefaultErrorViewResolverConfiguration,conventionErrorViewResolver,spring.web-org.springframework.boot.autoconfigure.web.WebProperties,org.springframework.boot.autoconfigure.web.servlet.error.ErrorMvcAutoConfiguration,errorAttributes,basicErrorController,errorPageCustomizer,preserveErrorControllerTargetClassPostProcessor,org.springframework.boot.autoconfigure.web.servlet.WebMvcAutoConfiguration$EnableWebMvcConfiguration,welcomePageHandlerMapping,welcomePageNotAcceptableHandlerMapping,localeResolver,themeResolver,flashMapManager,viewNameTranslator,mvcConversionService,mvcValidator,mvcContentNegotiationManager,requestMappingHandlerMapping,mvcPatternParser,mvcUrlPathHelper,mvcPathMatcher,viewControllerHandlerMapping,beanNameHandlerMapping,routerFunctionMapping,resourceHandlerMapping,mvcResourceUrlProvider,defaultServletHandlerMapping,requestMappingHandlerAdapter,handlerFunctionAdapter,mvcUriComponentsContributor,httpRequestHandlerAdapter,simpleControllerHandlerAdapter,handlerExceptionResolver,mvcViewResolver,mvcHandlerMappingIntrospector,org.springframework.boot.autoconfigure.web.servlet.WebMvcAutoConfiguration$WebMvcAutoConfigurationAdapter,defaultViewResolver,viewResolver,requestContextFilter,org.springframework.boot.autoconfigure.web.servlet.WebMvcAutoConfiguration,formContentFilter,org.springframework.boot.actuate.autoconfigure.audit.AuditEventsEndpointAutoConfiguration,org.springframework.boot.autoconfigure.availability.ApplicationAvailabilityAutoConfiguration,applicationAvailability,org.springframework.boot.actuate.autoconfigure.availability.AvailabilityHealthContributorAutoConfiguration,org.springframework.boot.actuate.autoconfigure.beans.BeansEndpointAutoConfiguration,beansEndpoint,org.springframework.boot.autoconfigure.jackson.JacksonAutoConfiguration$Jackson2ObjectMapperBuilderCustomizerConfiguration,standardJacksonObjectMapperBuilderCustomizer,spring.jackson-org.springframework.boot.autoconfigure.jackson.JacksonProperties,org.springframework.boot.autoconfigure.jackson.JacksonAutoConfiguration$JacksonObjectMapperBuilderConfiguration,jacksonObjectMapperBuilder,org.springframework.boot.autoconfigure.jackson.JacksonAutoConfiguration$ParameterNamesModuleConfiguration,parameterNamesModule,org.springframework.boot.autoconfigure.jackson.JacksonAutoConfiguration$JacksonObjectMapperConfiguration,jacksonObjectMapper,org.springframework.boot.autoconfigure.jackson.JacksonAutoConfiguration$JacksonMixinConfiguration,jsonMixinModuleEntries,jsonMixinModule,org.springframework.boot.autoconfigure.jackson.JacksonAutoConfiguration,jsonComponentModule,org.springframework.boot.actuate.autoconfigure.cache.CachesEndpointAutoConfiguration,cachesEndpoint,cachesEndpointWebExtension,org.springframework.boot.actuate.autoconfigure.health.HealthEndpointConfiguration,healthStatusAggregator,healthHttpCodeStatusMapper,healthEndpointGroups,healthContributorRegistry,healthEndpointGroupMembershipValidator,healthEndpoint,healthEndpointGroupsBeanPostProcessor,org.springframework.boot.actuate.autoconfigure.health.HealthEndpointWebExtensionConfiguration$MvcAdditionalHealthEndpointPathsConfiguration,healthEndpointWebMvcHandlerMapping,org.springframework.boot.actuate.autoconfigure.health.HealthEndpointWebExtensionConfiguration,healthEndpointWebExtension,org.springframework.boot.actuate.autoconfigure.health.HealthEndpointAutoConfiguration,management.endpoint.health-org.springframework.boot.actuate.autoconfigure.health.HealthEndpointProperties,org.springframework.boot.autoconfigure.info.ProjectInfoAutoConfiguration,spring.info-org.springframework.boot.autoconfigure.info.ProjectInfoProperties,org.springframework.boot.actuate.autoconfigure.info.InfoContributorAutoConfiguration,management.health.ssl-org.springframework.boot.actuate.autoconfigure.ssl.SslHealthIndicatorProperties,management.info-org.springframework.boot.actuate.autoconfigure.info.InfoContributorProperties,org.springframework.boot.actuate.autoconfigure.info.InfoEndpointAutoConfiguration,infoEndpoint,org.springframework.boot.actuate.autoconfigure.web.servlet.ServletManagementContextAutoConfiguration,servletWebChildContextFactory,managementServletContext,org.springframework.boot.actuate.autoconfigure.condition.ConditionsReportEndpointAutoConfiguration,conditionsReportEndpoint,org.springframework.boot.actuate.autoconfigure.context.properties.ConfigurationPropertiesReportEndpointAutoConfiguration,configurationPropertiesReportEndpoint,configurationPropertiesReportEndpointWebExtension,management.endpoint.configprops-org.springframework.boot.actuate.autoconfigure.context.properties.ConfigurationPropertiesReportEndpointProperties,org.springframework.boot.actuate.autoconfigure.endpoint.EndpointAutoConfiguration,endpointOperationParameterMapper,endpointCachingOperationInvokerAdvisor,propertiesEndpointAccessResolver,org.springframework.boot.actuate.autoconfigure.endpoint.jackson.JacksonEndpointAutoConfiguration,endpointObjectMapper,org.springframework.boot.actuate.autoconfigure.endpoint.web.WebEndpointAutoConfiguration$WebEndpointServletConfiguration,servletEndpointDiscoverer,org.springframework.boot.actuate.autoconfigure.endpoint.web.WebEndpointAutoConfiguration,webEndpointPathMapper,endpointMediaTypes,webEndpointDiscoverer,controllerEndpointDiscoverer,pathMappedEndpoints,webExposeExcludePropertyEndpointFilter,controllerExposeExcludePropertyEndpointFilter,webAccessPropertiesOperationFilter,management.endpoints.web-org.springframework.boot.actuate.autoconfigure.endpoint.web.WebEndpointProperties,org.springframework.boot.actuate.autoconfigure.env.EnvironmentEndpointAutoConfiguration,environmentEndpoint,environmentEndpointWebExtension,management.endpoint.env-org.springframework.boot.actuate.autoconfigure.env.EnvironmentEndpointProperties,org.springframework.boot.actuate.autoconfigure.ssl.SslHealthContributorAutoConfiguration,sslHealthIndicator,sslInfo,org.springframework.boot.actuate.autoconfigure.system.DiskSpaceHealthContributorAutoConfiguration,diskSpaceHealthIndicator,management.health.diskspace-org.springframework.boot.actuate.autoconfigure.system.DiskSpaceHealthIndicatorProperties,org.springframework.boot.actuate.autoconfigure.health.HealthContributorAutoConfiguration,pingHealthContributor,org.springframework.boot.actuate.autoconfigure.logging.LogFileWebEndpointAutoConfiguration,management.endpoint.logfile-org.springframework.boot.actuate.autoconfigure.logging.LogFileWebEndpointProperties,org.springframework.boot.actuate.autoconfigure.logging.LoggersEndpointAutoConfiguration,loggersEndpoint,org.springframework.boot.actuate.autoconfigure.management.HeapDumpWebEndpointAutoConfiguration,heapDumpWebEndpoint,org.springframework.boot.actuate.autoconfigure.management.ThreadDumpEndpointAutoConfiguration,dumpEndpoint,org.springframework.boot.actuate.autoconfigure.metrics.MetricsAutoConfiguration,micrometerClock,meterRegistryPostProcessor,propertiesMeterFilter,meterRegistryCloser,management.metrics-org.springframework.boot.actuate.autoconfigure.metrics.MetricsProperties,org.springframework.boot.actuate.autoconfigure.metrics.export.simple.SimpleMetricsExportAutoConfiguration,simpleMeterRegistry,simpleConfig,management.simple.metrics.export-org.springframework.boot.actuate.autoconfigure.metrics.export.simple.SimpleProperties,org.springframework.boot.actuate.autoconfigure.metrics.CompositeMeterRegistryAutoConfiguration,org.springframework.boot.actuate.autoconfigure.metrics.JvmMetricsAutoConfiguration,jvmGcMetrics,jvmHeapPressureMetrics,jvmMemoryMetrics,jvmThreadMetrics,classLoaderMetrics,jvmInfoMetrics,jvmCompilationMetrics,org.springframework.boot.actuate.autoconfigure.metrics.LogbackMetricsAutoConfiguration,logbackMetrics,org.springframework.boot.actuate.autoconfigure.metrics.MetricsEndpointAutoConfiguration,metricsEndpoint,org.springframework.boot.actuate.autoconfigure.metrics.SystemMetricsAutoConfiguration,uptimeMetrics,processorMetrics,fileDescriptorMetrics,diskSpaceMetrics,org.springframework.boot.actuate.autoconfigure.metrics.integration.IntegrationMetricsAutoConfiguration,org.springframework.boot.actuate.autoconfigure.metrics.startup.StartupTimeMetricsListenerAutoConfiguration,startupTimeMetrics,org.springframework.boot.autoconfigure.task.TaskSchedulingConfigurations$ThreadPoolTaskSchedulerBuilderConfiguration,threadPoolTaskSchedulerBuilder,org.springframework.boot.autoconfigure.task.TaskSchedulingConfigurations$SimpleAsyncTaskSchedulerBuilderConfiguration,simpleAsyncTaskSchedulerBuilder,org.springframework.boot.autoconfigure.task.TaskSchedulingAutoConfiguration,spring.task.scheduling-org.springframework.boot.autoconfigure.task.TaskSchedulingProperties,org.springframework.boot.actuate.autoconfigure.metrics.task.TaskExecutorMetricsAutoConfiguration,eagerTaskExecutorMetrics,org.springframework.boot.actuate.autoconfigure.metrics.web.tomcat.TomcatMetricsAutoConfiguration,tomcatMetricsBinder,org.springframework.boot.actuate.autoconfigure.observation.ObservationAutoConfiguration$MeterObservationHandlerConfiguration$OnlyMetricsMeterObservationHandlerConfiguration,defaultMeterObservationHandler,org.springframework.boot.actuate.autoconfigure.observation.ObservationAutoConfiguration$MeterObservationHandlerConfiguration,org.springframework.boot.actuate.autoconfigure.observation.ObservationAutoConfiguration$OnlyMetricsConfiguration,metricsObservationHandlerGrouping,org.springframework.boot.actuate.autoconfigure.observation.ObservationAutoConfiguration,observationRegistryPostProcessor,observationRegistry,propertiesObservationFilter,management.observations-org.springframework.boot.actuate.autoconfigure.observation.ObservationProperties,org.springframework.boot.autoconfigure.http.HttpMessageConvertersAutoConfiguration$StringHttpMessageConverterConfiguration,stringHttpMessageConverter,org.springframework.boot.autoconfigure.http.JacksonHttpMessageConvertersConfiguration$MappingJackson2HttpMessageConverterConfiguration,mappingJackson2HttpMessageConverter,org.springframework.boot.autoconfigure.http.JacksonHttpMessageConvertersConfiguration,org.springframework.boot.autoconfigure.http.HttpMessageConvertersAutoConfiguration,messageConverters,org.springframework.boot.autoconfigure.http.client.HttpClientAutoConfiguration,clientHttpRequestFactoryBuilder,clientHttpRequestFactorySettings,spring.http.client-org.springframework.boot.autoconfigure.http.client.HttpClientProperties,org.springframework.boot.autoconfigure.web.client.RestClientAutoConfiguration,httpMessageConvertersRestClientCustomizer,restClientSsl,restClientBuilderConfigurer,restClientBuilder,org.springframework.boot.autoconfigure.web.client.RestTemplateAutoConfiguration,restTemplateBuilderConfigurer,restTemplateBuilder,org.springframework.boot.actuate.autoconfigure.observation.web.client.HttpClientObservationsAutoConfiguration$MeterFilterConfiguration,metricsHttpClientUriTagFilter,org.springframework.boot.actuate.autoconfigure.observation.web.client.RestTemplateObservationConfiguration,observationRestTemplateCustomizer,org.springframework.boot.actuate.autoconfigure.observation.web.client.RestClientObservationConfiguration,observationRestClientCustomizer,org.springframework.boot.actuate.autoconfigure.observation.web.client.HttpClientObservationsAutoConfiguration,org.springframework.boot.actuate.autoconfigure.observation.web.servlet.WebMvcObservationAutoConfiguration$MeterFilterConfiguration,metricsHttpServerUriTagFilter,org.springframework.boot.actuate.autoconfigure.observation.web.servlet.WebMvcObservationAutoConfiguration,webMvcObservationFilter,org.springframework.boot.actuate.autoconfigure.sbom.SbomEndpointAutoConfiguration,sbomEndpoint,sbomEndpointWebExtension,management.endpoint.sbom-org.springframework.boot.actuate.sbom.SbomProperties,org.springframework.boot.actuate.autoconfigure.scheduling.ScheduledTasksEndpointAutoConfiguration,scheduledTasksEndpoint,org.springframework.boot.actuate.autoconfigure.scheduling.ScheduledTasksObservabilityAutoConfiguration,observabilitySchedulingConfigurer,org.springframework.boot.actuate.autoconfigure.web.exchanges.HttpExchangesEndpointAutoConfiguration,org.springframework.boot.actuate.autoconfigure.web.mappings.MappingsEndpointAutoConfiguration$ServletWebConfiguration$SpringMvcConfiguration,dispatcherServletMappingDescriptionProvider,org.springframework.boot.actuate.autoconfigure.web.mappings.MappingsEndpointAutoConfiguration$ServletWebConfiguration,servletMappingDescriptionProvider,filterMappingDescriptionProvider,org.springframework.boot.actuate.autoconfigure.web.mappings.MappingsEndpointAutoConfiguration,mappingsEndpoint,org.springframework.boot.autoconfigure.aop.AopAutoConfiguration$ClassProxyingConfiguration,forceAutoProxyCreatorToUseClassProxying,org.springframework.boot.autoconfigure.aop.AopAutoConfiguration,org.springframework.boot.autoconfigure.context.ConfigurationPropertiesAutoConfiguration,org.springframework.boot.autoconfigure.context.LifecycleAutoConfiguration,lifecycleProcessor,spring.lifecycle-org.springframework.boot.autoconfigure.context.LifecycleProperties,org.springframework.boot.autoconfigure.sql.init.SqlInitializationAutoConfiguration,spring.sql.init-org.springframework.boot.autoconfigure.sql.init.SqlInitializationProperties,org.springframework.boot.sql.init.dependency.DatabaseInitializationDependencyConfigurer$DependsOnDatabaseInitializationPostProcessor,org.springframework.boot.autoconfigure.web.servlet.HttpEncodingAutoConfiguration,characterEncodingFilter,localeCharsetMappingsCustomizer,org.springframework.boot.autoconfigure.web.servlet.MultipartAutoConfiguration,multipartConfigElement,multipartResolver,spring.servlet.multipart-org.springframework.boot.autoconfigure.web.servlet.MultipartProperties,org.springframework.boot.actuate.autoconfigure.endpoint.web.ServletEndpointManagementContextConfiguration$WebMvcServletEndpointManagementContextConfiguration,servletEndpointRegistrar,org.springframework.boot.actuate.autoconfigure.endpoint.web.ServletEndpointManagementContextConfiguration,servletExposeExcludePropertyEndpointFilter,org.springframework.boot.actuate.autoconfigure.endpoint.web.servlet.WebMvcEndpointManagementContextConfiguration,webEndpointServletHandlerMapping,controllerEndpointHandlerMapping,endpointObjectMapperWebMvcConfigurer,management.endpoints.web.cors-org.springframework.boot.actuate.autoconfigure.endpoint.web.CorsEndpointProperties,org.springframework.boot.actuate.autoconfigure.web.server.ManagementContextAutoConfiguration$SameManagementContextConfiguration$EnableSameManagementContextConfiguration,org.springframework.boot.actuate.autoconfigure.web.server.ManagementContextAutoConfiguration$SameManagementContextConfiguration,org.springframework.boot.actuate.autoconfigure.web.server.ManagementContextAutoConfiguration,management.server-org.springframework.boot.actuate.autoconfigure.web.server.ManagementServerProperties,org.springframework.aop.config.internalAutoProxyCreator]; root of factory hierarchy
2025-01-16T02:20:16.285+02:00 TRACE 25984 --- [FirstSpring] [           main] c.DefaultCacheAwareContextLoaderDelegate : Retrieved ApplicationContext [1177101170] from cache with key [WebMergedContextConfiguration@9b2dc56 testClass = com.courseSpring.FirstSpring.FirstSpringApplicationTests, locations = [], classes = [com.courseSpring.FirstSpring.FirstSpringApplication], contextInitializerClasses = [], activeProfiles = [], propertySourceDescriptors = [], propertySourceProperties = ["org.springframework.boot.test.context.SpringBootTestContextBootstrapper=true"], contextCustomizers = [org.springframework.boot.test.context.filter.ExcludeFilterContextCustomizer@5e3f861, org.springframework.boot.test.json.DuplicateJsonObjectContextCustomizerFactory$DuplicateJsonObjectContextCustomizer@6d5620ce, org.springframework.boot.test.mock.mockito.MockitoContextCustomizer@0, org.springframework.boot.test.web.client.TestRestTemplateContextCustomizer@3e78b6a5, org.springframework.boot.test.web.reactor.netty.DisableReactorResourceFactoryGlobalResourcesContextCustomizerFactory$DisableReactorResourceFactoryGlobalResourcesContextCustomizerCustomizer@4b8729ff, org.springframework.boot.test.autoconfigure.OnFailureConditionReportContextCustomizerFactory$OnFailureConditionReportContextCustomizer@383dc82c, org.springframework.boot.test.autoconfigure.actuate.observability.ObservabilityContextCustomizerFactory$DisableObservabilityContextCustomizer@1f, org.springframework.boot.test.autoconfigure.properties.PropertyMappingContextCustomizer@0, org.springframework.boot.test.autoconfigure.web.servlet.WebDriverContextCustomizer@3cce57c7, org.springframework.test.context.support.DynamicPropertiesContextCustomizer@0, org.springframework.boot.test.context.SpringBootTestAnnotation@8d5f40f9], resourceBasePath = "src/main/webapp", contextLoader = org.springframework.boot.test.context.SpringBootContextLoader, parent = null]
2025-01-16T02:20:16.285+02:00 DEBUG 25984 --- [FirstSpring] [           main] org.springframework.test.context.cache   : Spring test ApplicationContext cache statistics: [DefaultContextCache@621f23ac size = 1, maxSize = 32, parentContextCount = 0, hitCount = 11, missCount = 1, failureCount = 0]
2025-01-16T02:20:16.291+02:00 TRACE 25984 --- [FirstSpring] [           main] c.DefaultCacheAwareContextLoaderDelegate : Retrieved ApplicationContext [1177101170] from cache with key [WebMergedContextConfiguration@9b2dc56 testClass = com.courseSpring.FirstSpring.FirstSpringApplicationTests, locations = [], classes = [com.courseSpring.FirstSpring.FirstSpringApplication], contextInitializerClasses = [], activeProfiles = [], propertySourceDescriptors = [], propertySourceProperties = ["org.springframework.boot.test.context.SpringBootTestContextBootstrapper=true"], contextCustomizers = [org.springframework.boot.test.context.filter.ExcludeFilterContextCustomizer@5e3f861, org.springframework.boot.test.json.DuplicateJsonObjectContextCustomizerFactory$DuplicateJsonObjectContextCustomizer@6d5620ce, org.springframework.boot.test.mock.mockito.MockitoContextCustomizer@0, org.springframework.boot.test.web.client.TestRestTemplateContextCustomizer@3e78b6a5, org.springframework.boot.test.web.reactor.netty.DisableReactorResourceFactoryGlobalResourcesContextCustomizerFactory$DisableReactorResourceFactoryGlobalResourcesContextCustomizerCustomizer@4b8729ff, org.springframework.boot.test.autoconfigure.OnFailureConditionReportContextCustomizerFactory$OnFailureConditionReportContextCustomizer@383dc82c, org.springframework.boot.test.autoconfigure.actuate.observability.ObservabilityContextCustomizerFactory$DisableObservabilityContextCustomizer@1f, org.springframework.boot.test.autoconfigure.properties.PropertyMappingContextCustomizer@0, org.springframework.boot.test.autoconfigure.web.servlet.WebDriverContextCustomizer@3cce57c7, org.springframework.test.context.support.DynamicPropertiesContextCustomizer@0, org.springframework.boot.test.context.SpringBootTestAnnotation@8d5f40f9], resourceBasePath = "src/main/webapp", contextLoader = org.springframework.boot.test.context.SpringBootContextLoader, parent = null]
2025-01-16T02:20:16.291+02:00 DEBUG 25984 --- [FirstSpring] [           main] org.springframework.test.context.cache   : Spring test ApplicationContext cache statistics: [DefaultContextCache@621f23ac size = 1, maxSize = 32, parentContextCount = 0, hitCount = 12, missCount = 1, failureCount = 0]
2025-01-16T02:20:16.291+02:00 TRACE 25984 --- [FirstSpring] [           main] o.s.b.f.s.DefaultListableBeanFactory     : Returning cached instance of singleton bean 'org.springframework.boot.test.mock.mockito.MockitoPostProcessor$SpyPostProcessor'
2025-01-16T02:20:16.291+02:00 TRACE 25984 --- [FirstSpring] [           main] o.s.b.f.s.DefaultListableBeanFactory     : Returning cached instance of singleton bean 'org.springframework.boot.test.mock.mockito.MockitoPostProcessor'
2025-01-16T02:20:16.291+02:00 TRACE 25984 --- [FirstSpring] [           main] o.s.b.f.s.DefaultListableBeanFactory     : Returning cached instance of singleton bean 'org.springframework.test.context.support.internalDynamicPropertyRegistrarBeanInitializer'
2025-01-16T02:20:16.291+02:00 TRACE 25984 --- [FirstSpring] [           main] o.s.b.f.s.DefaultListableBeanFactory     : Returning cached instance of singleton bean 'org.springframework.context.annotation.internalConfigurationAnnotationProcessor'
2025-01-16T02:20:16.291+02:00 TRACE 25984 --- [FirstSpring] [           main] o.s.b.f.s.DefaultListableBeanFactory     : Returning cached instance of singleton bean 'org.springframework.context.annotation.internalAutowiredAnnotationProcessor'
2025-01-16T02:20:16.291+02:00 TRACE 25984 --- [FirstSpring] [           main] o.s.b.f.s.DefaultListableBeanFactory     : Returning cached instance of singleton bean 'org.springframework.context.annotation.internalCommonAnnotationProcessor'
2025-01-16T02:20:16.291+02:00 TRACE 25984 --- [FirstSpring] [           main] o.s.b.f.s.DefaultListableBeanFactory     : Returning cached instance of singleton bean 'org.springframework.context.event.internalEventListenerProcessor'
2025-01-16T02:20:16.291+02:00 TRACE 25984 --- [FirstSpring] [           main] o.s.b.f.s.DefaultListableBeanFactory     : Returning cached instance of singleton bean 'org.springframework.context.event.internalEventListenerFactory'
2025-01-16T02:20:16.291+02:00 TRACE 25984 --- [FirstSpring] [           main] o.s.b.f.s.DefaultListableBeanFactory     : Returning cached instance of singleton bean 'firstSpringApplication'
2025-01-16T02:20:16.291+02:00 TRACE 25984 --- [FirstSpring] [           main] o.s.b.f.s.DefaultListableBeanFactory     : Returning cached instance of singleton bean 'org.springframework.boot.autoconfigure.internalCachingMetadataReaderFactory'
2025-01-16T02:20:16.291+02:00 TRACE 25984 --- [FirstSpring] [           main] o.s.b.f.s.DefaultListableBeanFactory     : Returning cached instance of singleton bean 'org.springframework.boot.autoconfigure.internalCachingMetadataReaderFactory'
2025-01-16T02:20:16.291+02:00 TRACE 25984 --- [FirstSpring] [           main] o.s.b.f.s.DefaultListableBeanFactory     : Returning cached instance of singleton bean 'courseController'
2025-01-16T02:20:16.291+02:00 TRACE 25984 --- [FirstSpring] [           main] o.s.b.f.s.DefaultListableBeanFactory     : Returning cached instance of singleton bean 'currencyConfigurationController'
2025-01-16T02:20:16.291+02:00 TRACE 25984 --- [FirstSpring] [           main] o.s.b.f.s.DefaultListableBeanFactory     : Returning cached instance of singleton bean 'currencyServiceConfiguration'
2025-01-16T02:20:16.291+02:00 TRACE 25984 --- [FirstSpring] [           main] o.s.b.f.s.DefaultListableBeanFactory     : Returning cached instance of singleton bean 'org.springframework.boot.autoconfigure.AutoConfigurationPackages'
2025-01-16T02:20:16.291+02:00 TRACE 25984 --- [FirstSpring] [           main] o.s.b.f.s.DefaultListableBeanFactory     : Returning cached instance of singleton bean 'org.springframework.boot.autoconfigure.context.PropertyPlaceholderAutoConfiguration'
2025-01-16T02:20:16.291+02:00 TRACE 25984 --- [FirstSpring] [           main] o.s.b.f.s.DefaultListableBeanFactory     : Returning cached instance of singleton bean 'propertySourcesPlaceholderConfigurer'
2025-01-16T02:20:16.291+02:00 TRACE 25984 --- [FirstSpring] [           main] o.s.b.f.s.DefaultListableBeanFactory     : Returning cached instance of singleton bean 'org.springframework.boot.autoconfigure.ssl.SslAutoConfiguration'
2025-01-16T02:20:16.291+02:00 TRACE 25984 --- [FirstSpring] [           main] o.s.b.f.s.DefaultListableBeanFactory     : Returning cached instance of singleton bean 'fileWatcher'
2025-01-16T02:20:16.291+02:00 TRACE 25984 --- [FirstSpring] [           main] o.s.b.f.s.DefaultListableBeanFactory     : Returning cached instance of singleton bean 'sslPropertiesSslBundleRegistrar'
2025-01-16T02:20:16.291+02:00 TRACE 25984 --- [FirstSpring] [           main] o.s.b.f.s.DefaultListableBeanFactory     : Returning cached instance of singleton bean 'sslBundleRegistry'
2025-01-16T02:20:16.291+02:00 TRACE 25984 --- [FirstSpring] [           main] o.s.b.f.s.DefaultListableBeanFactory     : Returning cached instance of singleton bean 'org.springframework.boot.context.properties.ConfigurationPropertiesBindingPostProcessor'
2025-01-16T02:20:16.291+02:00 TRACE 25984 --- [FirstSpring] [           main] o.s.b.f.s.DefaultListableBeanFactory     : Returning cached instance of singleton bean 'org.springframework.boot.context.internalConfigurationPropertiesBinder'
2025-01-16T02:20:16.291+02:00 TRACE 25984 --- [FirstSpring] [           main] o.s.b.f.s.DefaultListableBeanFactory     : Returning cached instance of singleton bean 'org.springframework.boot.context.internalConfigurationPropertiesBinder'
2025-01-16T02:20:16.291+02:00 TRACE 25984 --- [FirstSpring] [           main] o.s.b.f.s.DefaultListableBeanFactory     : Returning cached instance of singleton bean 'org.springframework.boot.context.properties.BoundConfigurationProperties'
2025-01-16T02:20:16.291+02:00 TRACE 25984 --- [FirstSpring] [           main] o.s.b.f.s.DefaultListableBeanFactory     : Returning cached instance of singleton bean 'org.springframework.boot.context.properties.EnableConfigurationPropertiesRegistrar.methodValidationExcludeFilter'
2025-01-16T02:20:16.291+02:00 TRACE 25984 --- [FirstSpring] [           main] o.s.b.f.s.DefaultListableBeanFactory     : Returning cached instance of singleton bean 'spring.ssl-org.springframework.boot.autoconfigure.ssl.SslProperties'
2025-01-16T02:20:16.291+02:00 TRACE 25984 --- [FirstSpring] [           main] o.s.b.f.s.DefaultListableBeanFactory     : Returning cached instance of singleton bean 'org.springframework.boot.autoconfigure.websocket.servlet.WebSocketServletAutoConfiguration$TomcatWebSocketConfiguration'
2025-01-16T02:20:16.291+02:00 TRACE 25984 --- [FirstSpring] [           main] o.s.b.f.s.DefaultListableBeanFactory     : Returning cached instance of singleton bean 'websocketServletWebServerCustomizer'
2025-01-16T02:20:16.291+02:00 TRACE 25984 --- [FirstSpring] [           main] o.s.b.f.s.DefaultListableBeanFactory     : Returning cached instance of singleton bean 'org.springframework.boot.autoconfigure.websocket.servlet.WebSocketServletAutoConfiguration'
2025-01-16T02:20:16.291+02:00 TRACE 25984 --- [FirstSpring] [           main] o.s.b.f.s.DefaultListableBeanFactory     : Returning cached instance of singleton bean 'org.springframework.boot.autoconfigure.web.servlet.ServletWebServerFactoryConfiguration$EmbeddedTomcat'
2025-01-16T02:20:16.291+02:00 TRACE 25984 --- [FirstSpring] [           main] o.s.b.f.s.DefaultListableBeanFactory     : Returning cached instance of singleton bean 'tomcatServletWebServerFactory'
2025-01-16T02:20:16.291+02:00 TRACE 25984 --- [FirstSpring] [           main] o.s.b.f.s.DefaultListableBeanFactory     : Returning cached instance of singleton bean 'org.springframework.boot.autoconfigure.web.servlet.ServletWebServerFactoryAutoConfiguration'
2025-01-16T02:20:16.291+02:00 TRACE 25984 --- [FirstSpring] [           main] o.s.b.f.s.DefaultListableBeanFactory     : Returning cached instance of singleton bean 'servletWebServerFactoryCustomizer'
2025-01-16T02:20:16.291+02:00 TRACE 25984 --- [FirstSpring] [           main] o.s.b.f.s.DefaultListableBeanFactory     : Returning cached instance of singleton bean 'tomcatServletWebServerFactoryCustomizer'
2025-01-16T02:20:16.291+02:00 TRACE 25984 --- [FirstSpring] [           main] o.s.b.f.s.DefaultListableBeanFactory     : Returning cached instance of singleton bean 'server-org.springframework.boot.autoconfigure.web.ServerProperties'
2025-01-16T02:20:16.291+02:00 TRACE 25984 --- [FirstSpring] [           main] o.s.b.f.s.DefaultListableBeanFactory     : Returning cached instance of singleton bean 'webServerFactoryCustomizerBeanPostProcessor'
2025-01-16T02:20:16.291+02:00 TRACE 25984 --- [FirstSpring] [           main] o.s.b.f.s.DefaultListableBeanFactory     : Returning cached instance of singleton bean 'errorPageRegistrarBeanPostProcessor'
2025-01-16T02:20:16.291+02:00 TRACE 25984 --- [FirstSpring] [           main] o.s.b.f.s.DefaultListableBeanFactory     : Returning cached instance of singleton bean 'org.springframework.boot.autoconfigure.web.servlet.DispatcherServletAutoConfiguration$DispatcherServletConfiguration'
2025-01-16T02:20:16.291+02:00 TRACE 25984 --- [FirstSpring] [           main] o.s.b.f.s.DefaultListableBeanFactory     : Returning cached instance of singleton bean 'dispatcherServlet'
2025-01-16T02:20:16.291+02:00 TRACE 25984 --- [FirstSpring] [           main] o.s.b.f.s.DefaultListableBeanFactory     : Returning cached instance of singleton bean 'spring.mvc-org.springframework.boot.autoconfigure.web.servlet.WebMvcProperties'
2025-01-16T02:20:16.291+02:00 TRACE 25984 --- [FirstSpring] [           main] o.s.b.f.s.DefaultListableBeanFactory     : Returning cached instance of singleton bean 'org.springframework.boot.autoconfigure.web.servlet.DispatcherServletAutoConfiguration$DispatcherServletRegistrationConfiguration'
2025-01-16T02:20:16.291+02:00 TRACE 25984 --- [FirstSpring] [           main] o.s.b.f.s.DefaultListableBeanFactory     : Returning cached instance of singleton bean 'dispatcherServletRegistration'
2025-01-16T02:20:16.291+02:00 TRACE 25984 --- [FirstSpring] [           main] o.s.b.f.s.DefaultListableBeanFactory     : Returning cached instance of singleton bean 'org.springframework.boot.autoconfigure.web.servlet.DispatcherServletAutoConfiguration'
2025-01-16T02:20:16.291+02:00 TRACE 25984 --- [FirstSpring] [           main] o.s.b.f.s.DefaultListableBeanFactory     : Returning cached instance of singleton bean 'org.springframework.boot.autoconfigure.task.TaskExecutorConfigurations$ThreadPoolTaskExecutorBuilderConfiguration'
2025-01-16T02:20:16.291+02:00 TRACE 25984 --- [FirstSpring] [           main] o.s.b.f.s.DefaultListableBeanFactory     : Returning cached instance of singleton bean 'threadPoolTaskExecutorBuilder'
2025-01-16T02:20:16.291+02:00 TRACE 25984 --- [FirstSpring] [           main] o.s.b.f.s.DefaultListableBeanFactory     : Returning cached instance of singleton bean 'org.springframework.boot.autoconfigure.task.TaskExecutorConfigurations$SimpleAsyncTaskExecutorBuilderConfiguration'
2025-01-16T02:20:16.291+02:00 TRACE 25984 --- [FirstSpring] [           main] o.s.b.f.s.DefaultListableBeanFactory     : Returning cached instance of singleton bean 'simpleAsyncTaskExecutorBuilder'
2025-01-16T02:20:16.291+02:00 TRACE 25984 --- [FirstSpring] [           main] o.s.b.f.s.DefaultListableBeanFactory     : Returning cached instance of singleton bean 'org.springframework.boot.autoconfigure.task.TaskExecutorConfigurations$TaskExecutorConfiguration'
2025-01-16T02:20:16.291+02:00 TRACE 25984 --- [FirstSpring] [           main] o.s.b.f.s.DefaultListableBeanFactory     : Returning cached instance of singleton bean 'applicationTaskExecutor'
2025-01-16T02:20:16.291+02:00 TRACE 25984 --- [FirstSpring] [           main] o.s.b.f.s.DefaultListableBeanFactory     : Returning cached instance of singleton bean 'org.springframework.boot.autoconfigure.task.TaskExecutionAutoConfiguration'
2025-01-16T02:20:16.291+02:00 TRACE 25984 --- [FirstSpring] [           main] o.s.b.f.s.DefaultListableBeanFactory     : Returning cached instance of singleton bean 'spring.task.execution-org.springframework.boot.autoconfigure.task.TaskExecutionProperties'
2025-01-16T02:20:16.291+02:00 TRACE 25984 --- [FirstSpring] [           main] o.s.b.f.s.DefaultListableBeanFactory     : Returning cached instance of singleton bean 'org.springframework.boot.autoconfigure.web.servlet.error.ErrorMvcAutoConfiguration$WhitelabelErrorViewConfiguration'
2025-01-16T02:20:16.291+02:00 TRACE 25984 --- [FirstSpring] [           main] o.s.b.f.s.DefaultListableBeanFactory     : Returning cached instance of singleton bean 'error'
2025-01-16T02:20:16.291+02:00 TRACE 25984 --- [FirstSpring] [           main] o.s.b.f.s.DefaultListableBeanFactory     : Returning cached instance of singleton bean 'beanNameViewResolver'
2025-01-16T02:20:16.291+02:00 TRACE 25984 --- [FirstSpring] [           main] o.s.b.f.s.DefaultListableBeanFactory     : Returning cached instance of singleton bean 'org.springframework.boot.autoconfigure.web.servlet.error.ErrorMvcAutoConfiguration$DefaultErrorViewResolverConfiguration'
2025-01-16T02:20:16.291+02:00 TRACE 25984 --- [FirstSpring] [           main] o.s.b.f.s.DefaultListableBeanFactory     : Returning cached instance of singleton bean 'conventionErrorViewResolver'
2025-01-16T02:20:16.291+02:00 TRACE 25984 --- [FirstSpring] [           main] o.s.b.f.s.DefaultListableBeanFactory     : Returning cached instance of singleton bean 'spring.web-org.springframework.boot.autoconfigure.web.WebProperties'
2025-01-16T02:20:16.291+02:00 TRACE 25984 --- [FirstSpring] [           main] o.s.b.f.s.DefaultListableBeanFactory     : Returning cached instance of singleton bean 'org.springframework.boot.autoconfigure.web.servlet.error.ErrorMvcAutoConfiguration'
2025-01-16T02:20:16.291+02:00 TRACE 25984 --- [FirstSpring] [           main] o.s.b.f.s.DefaultListableBeanFactory     : Returning cached instance of singleton bean 'errorAttributes'
2025-01-16T02:20:16.291+02:00 TRACE 25984 --- [FirstSpring] [           main] o.s.b.f.s.DefaultListableBeanFactory     : Returning cached instance of singleton bean 'basicErrorController'
2025-01-16T02:20:16.291+02:00 TRACE 25984 --- [FirstSpring] [           main] o.s.b.f.s.DefaultListableBeanFactory     : Returning cached instance of singleton bean 'errorPageCustomizer'
2025-01-16T02:20:16.292+02:00 TRACE 25984 --- [FirstSpring] [           main] o.s.b.f.s.DefaultListableBeanFactory     : Returning cached instance of singleton bean 'preserveErrorControllerTargetClassPostProcessor'
2025-01-16T02:20:16.292+02:00 TRACE 25984 --- [FirstSpring] [           main] o.s.b.f.s.DefaultListableBeanFactory     : Returning cached instance of singleton bean 'org.springframework.boot.autoconfigure.web.servlet.WebMvcAutoConfiguration$EnableWebMvcConfiguration'
2025-01-16T02:20:16.292+02:00 TRACE 25984 --- [FirstSpring] [           main] o.s.b.f.s.DefaultListableBeanFactory     : Returning cached instance of singleton bean 'welcomePageHandlerMapping'
2025-01-16T02:20:16.292+02:00 TRACE 25984 --- [FirstSpring] [           main] o.s.b.f.s.DefaultListableBeanFactory     : Returning cached instance of singleton bean 'welcomePageNotAcceptableHandlerMapping'
2025-01-16T02:20:16.292+02:00 TRACE 25984 --- [FirstSpring] [           main] o.s.b.f.s.DefaultListableBeanFactory     : Returning cached instance of singleton bean 'localeResolver'
2025-01-16T02:20:16.292+02:00 TRACE 25984 --- [FirstSpring] [           main] o.s.b.f.s.DefaultListableBeanFactory     : Returning cached instance of singleton bean 'themeResolver'
2025-01-16T02:20:16.292+02:00 TRACE 25984 --- [FirstSpring] [           main] o.s.b.f.s.DefaultListableBeanFactory     : Returning cached instance of singleton bean 'flashMapManager'
2025-01-16T02:20:16.292+02:00 TRACE 25984 --- [FirstSpring] [           main] o.s.b.f.s.DefaultListableBeanFactory     : Returning cached instance of singleton bean 'viewNameTranslator'
2025-01-16T02:20:16.292+02:00 TRACE 25984 --- [FirstSpring] [           main] o.s.b.f.s.DefaultListableBeanFactory     : Returning cached instance of singleton bean 'mvcConversionService'
2025-01-16T02:20:16.292+02:00 TRACE 25984 --- [FirstSpring] [           main] o.s.b.f.s.DefaultListableBeanFactory     : Returning cached instance of singleton bean 'mvcValidator'
2025-01-16T02:20:16.292+02:00 TRACE 25984 --- [FirstSpring] [           main] o.s.b.f.s.DefaultListableBeanFactory     : Returning cached instance of singleton bean 'mvcContentNegotiationManager'
2025-01-16T02:20:16.292+02:00 TRACE 25984 --- [FirstSpring] [           main] o.s.b.f.s.DefaultListableBeanFactory     : Returning cached instance of singleton bean 'requestMappingHandlerMapping'
2025-01-16T02:20:16.292+02:00 TRACE 25984 --- [FirstSpring] [           main] o.s.b.f.s.DefaultListableBeanFactory     : Returning cached instance of singleton bean 'mvcPatternParser'
2025-01-16T02:20:16.292+02:00 TRACE 25984 --- [FirstSpring] [           main] o.s.b.f.s.DefaultListableBeanFactory     : Returning cached instance of singleton bean 'mvcUrlPathHelper'
2025-01-16T02:20:16.292+02:00 TRACE 25984 --- [FirstSpring] [           main] o.s.b.f.s.DefaultListableBeanFactory     : Returning cached instance of singleton bean 'mvcPathMatcher'
2025-01-16T02:20:16.292+02:00 TRACE 25984 --- [FirstSpring] [           main] o.s.b.f.s.DefaultListableBeanFactory     : Returning cached instance of singleton bean 'viewControllerHandlerMapping'
2025-01-16T02:20:16.292+02:00 TRACE 25984 --- [FirstSpring] [           main] o.s.b.f.s.DefaultListableBeanFactory     : Returning cached instance of singleton bean 'beanNameHandlerMapping'
2025-01-16T02:20:16.292+02:00 TRACE 25984 --- [FirstSpring] [           main] o.s.b.f.s.DefaultListableBeanFactory     : Returning cached instance of singleton bean 'routerFunctionMapping'
2025-01-16T02:20:16.292+02:00 TRACE 25984 --- [FirstSpring] [           main] o.s.b.f.s.DefaultListableBeanFactory     : Returning cached instance of singleton bean 'resourceHandlerMapping'
2025-01-16T02:20:16.292+02:00 TRACE 25984 --- [FirstSpring] [           main] o.s.b.f.s.DefaultListableBeanFactory     : Returning cached instance of singleton bean 'mvcResourceUrlProvider'
2025-01-16T02:20:16.292+02:00 TRACE 25984 --- [FirstSpring] [           main] o.s.b.f.s.DefaultListableBeanFactory     : Returning cached instance of singleton bean 'defaultServletHandlerMapping'
2025-01-16T02:20:16.292+02:00 TRACE 25984 --- [FirstSpring] [           main] o.s.b.f.s.DefaultListableBeanFactory     : Returning cached instance of singleton bean 'requestMappingHandlerAdapter'
2025-01-16T02:20:16.292+02:00 TRACE 25984 --- [FirstSpring] [           main] o.s.b.f.s.DefaultListableBeanFactory     : Returning cached instance of singleton bean 'handlerFunctionAdapter'
2025-01-16T02:20:16.292+02:00 TRACE 25984 --- [FirstSpring] [           main] o.s.b.f.s.DefaultListableBeanFactory     : Returning cached instance of singleton bean 'mvcUriComponentsContributor'
2025-01-16T02:20:16.292+02:00 TRACE 25984 --- [FirstSpring] [           main] o.s.b.f.s.DefaultListableBeanFactory     : Returning cached instance of singleton bean 'httpRequestHandlerAdapter'
2025-01-16T02:20:16.292+02:00 TRACE 25984 --- [FirstSpring] [           main] o.s.b.f.s.DefaultListableBeanFactory     : Returning cached instance of singleton bean 'simpleControllerHandlerAdapter'
2025-01-16T02:20:16.292+02:00 TRACE 25984 --- [FirstSpring] [           main] o.s.b.f.s.DefaultListableBeanFactory     : Returning cached instance of singleton bean 'handlerExceptionResolver'
2025-01-16T02:20:16.292+02:00 TRACE 25984 --- [FirstSpring] [           main] o.s.b.f.s.DefaultListableBeanFactory     : Returning cached instance of singleton bean 'mvcViewResolver'
2025-01-16T02:20:16.292+02:00 TRACE 25984 --- [FirstSpring] [           main] o.s.b.f.s.DefaultListableBeanFactory     : Returning cached instance of singleton bean 'org.springframework.boot.autoconfigure.web.servlet.WebMvcAutoConfiguration$WebMvcAutoConfigurationAdapter'
2025-01-16T02:20:16.292+02:00 TRACE 25984 --- [FirstSpring] [           main] o.s.b.f.s.DefaultListableBeanFactory     : Returning cached instance of singleton bean 'defaultViewResolver'
2025-01-16T02:20:16.292+02:00 TRACE 25984 --- [FirstSpring] [           main] o.s.b.f.s.DefaultListableBeanFactory     : Returning cached instance of singleton bean 'viewResolver'
2025-01-16T02:20:16.292+02:00 TRACE 25984 --- [FirstSpring] [           main] o.s.b.f.s.DefaultListableBeanFactory     : Returning cached instance of singleton bean 'requestContextFilter'
2025-01-16T02:20:16.292+02:00 TRACE 25984 --- [FirstSpring] [           main] o.s.b.f.s.DefaultListableBeanFactory     : Returning cached instance of singleton bean 'org.springframework.boot.autoconfigure.web.servlet.WebMvcAutoConfiguration'
2025-01-16T02:20:16.292+02:00 TRACE 25984 --- [FirstSpring] [           main] o.s.b.f.s.DefaultListableBeanFactory     : Returning cached instance of singleton bean 'formContentFilter'
2025-01-16T02:20:16.292+02:00 TRACE 25984 --- [FirstSpring] [           main] o.s.b.f.s.DefaultListableBeanFactory     : Returning cached instance of singleton bean 'org.springframework.boot.actuate.autoconfigure.audit.AuditEventsEndpointAutoConfiguration'
2025-01-16T02:20:16.292+02:00 TRACE 25984 --- [FirstSpring] [           main] o.s.b.f.s.DefaultListableBeanFactory     : Returning cached instance of singleton bean 'org.springframework.boot.autoconfigure.availability.ApplicationAvailabilityAutoConfiguration'
2025-01-16T02:20:16.292+02:00 TRACE 25984 --- [FirstSpring] [           main] o.s.b.f.s.DefaultListableBeanFactory     : Returning cached instance of singleton bean 'applicationAvailability'
2025-01-16T02:20:16.292+02:00 TRACE 25984 --- [FirstSpring] [           main] o.s.b.f.s.DefaultListableBeanFactory     : Returning cached instance of singleton bean 'org.springframework.boot.actuate.autoconfigure.availability.AvailabilityHealthContributorAutoConfiguration'
2025-01-16T02:20:16.292+02:00 TRACE 25984 --- [FirstSpring] [           main] o.s.b.f.s.DefaultListableBeanFactory     : Returning cached instance of singleton bean 'org.springframework.boot.actuate.autoconfigure.beans.BeansEndpointAutoConfiguration'
2025-01-16T02:20:16.292+02:00 TRACE 25984 --- [FirstSpring] [           main] o.s.b.f.s.DefaultListableBeanFactory     : Returning cached instance of singleton bean 'beansEndpoint'
2025-01-16T02:20:16.292+02:00 TRACE 25984 --- [FirstSpring] [           main] o.s.b.f.s.DefaultListableBeanFactory     : Returning cached instance of singleton bean 'org.springframework.boot.autoconfigure.jackson.JacksonAutoConfiguration$Jackson2ObjectMapperBuilderCustomizerConfiguration'
2025-01-16T02:20:16.292+02:00 TRACE 25984 --- [FirstSpring] [           main] o.s.b.f.s.DefaultListableBeanFactory     : Returning cached instance of singleton bean 'standardJacksonObjectMapperBuilderCustomizer'
2025-01-16T02:20:16.292+02:00 TRACE 25984 --- [FirstSpring] [           main] o.s.b.f.s.DefaultListableBeanFactory     : Returning cached instance of singleton bean 'spring.jackson-org.springframework.boot.autoconfigure.jackson.JacksonProperties'
2025-01-16T02:20:16.292+02:00 TRACE 25984 --- [FirstSpring] [           main] o.s.b.f.s.DefaultListableBeanFactory     : Returning cached instance of singleton bean 'org.springframework.boot.autoconfigure.jackson.JacksonAutoConfiguration$JacksonObjectMapperBuilderConfiguration'
2025-01-16T02:20:16.292+02:00 TRACE 25984 --- [FirstSpring] [           main] o.s.b.f.s.DefaultListableBeanFactory     : Returning cached instance of singleton bean 'org.springframework.boot.autoconfigure.jackson.JacksonAutoConfiguration$ParameterNamesModuleConfiguration'
2025-01-16T02:20:16.292+02:00 TRACE 25984 --- [FirstSpring] [           main] o.s.b.f.s.DefaultListableBeanFactory     : Returning cached instance of singleton bean 'parameterNamesModule'
2025-01-16T02:20:16.292+02:00 TRACE 25984 --- [FirstSpring] [           main] o.s.b.f.s.DefaultListableBeanFactory     : Returning cached instance of singleton bean 'org.springframework.boot.autoconfigure.jackson.JacksonAutoConfiguration$JacksonObjectMapperConfiguration'
2025-01-16T02:20:16.292+02:00 TRACE 25984 --- [FirstSpring] [           main] o.s.b.f.s.DefaultListableBeanFactory     : Returning cached instance of singleton bean 'jacksonObjectMapper'
2025-01-16T02:20:16.292+02:00 TRACE 25984 --- [FirstSpring] [           main] o.s.b.f.s.DefaultListableBeanFactory     : Returning cached instance of singleton bean 'org.springframework.boot.autoconfigure.jackson.JacksonAutoConfiguration$JacksonMixinConfiguration'
2025-01-16T02:20:16.292+02:00 TRACE 25984 --- [FirstSpring] [           main] o.s.b.f.s.DefaultListableBeanFactory     : Returning cached instance of singleton bean 'jsonMixinModuleEntries'
2025-01-16T02:20:16.292+02:00 TRACE 25984 --- [FirstSpring] [           main] o.s.b.f.s.DefaultListableBeanFactory     : Returning cached instance of singleton bean 'jsonMixinModule'
2025-01-16T02:20:16.292+02:00 TRACE 25984 --- [FirstSpring] [           main] o.s.b.f.s.DefaultListableBeanFactory     : Returning cached instance of singleton bean 'org.springframework.boot.autoconfigure.jackson.JacksonAutoConfiguration'
2025-01-16T02:20:16.292+02:00 TRACE 25984 --- [FirstSpring] [           main] o.s.b.f.s.DefaultListableBeanFactory     : Returning cached instance of singleton bean 'jsonComponentModule'
2025-01-16T02:20:16.292+02:00 TRACE 25984 --- [FirstSpring] [           main] o.s.b.f.s.DefaultListableBeanFactory     : Returning cached instance of singleton bean 'org.springframework.boot.actuate.autoconfigure.cache.CachesEndpointAutoConfiguration'
2025-01-16T02:20:16.292+02:00 TRACE 25984 --- [FirstSpring] [           main] o.s.b.f.s.DefaultListableBeanFactory     : Returning cached instance of singleton bean 'cachesEndpoint'
2025-01-16T02:20:16.292+02:00 TRACE 25984 --- [FirstSpring] [           main] o.s.b.f.s.DefaultListableBeanFactory     : Returning cached instance of singleton bean 'cachesEndpointWebExtension'
2025-01-16T02:20:16.292+02:00 TRACE 25984 --- [FirstSpring] [           main] o.s.b.f.s.DefaultListableBeanFactory     : Returning cached instance of singleton bean 'org.springframework.boot.actuate.autoconfigure.health.HealthEndpointConfiguration'
2025-01-16T02:20:16.292+02:00 TRACE 25984 --- [FirstSpring] [           main] o.s.b.f.s.DefaultListableBeanFactory     : Returning cached instance of singleton bean 'healthStatusAggregator'
2025-01-16T02:20:16.292+02:00 TRACE 25984 --- [FirstSpring] [           main] o.s.b.f.s.DefaultListableBeanFactory     : Returning cached instance of singleton bean 'healthHttpCodeStatusMapper'
2025-01-16T02:20:16.292+02:00 TRACE 25984 --- [FirstSpring] [           main] o.s.b.f.s.DefaultListableBeanFactory     : Returning cached instance of singleton bean 'healthEndpointGroups'
2025-01-16T02:20:16.292+02:00 TRACE 25984 --- [FirstSpring] [           main] o.s.b.f.s.DefaultListableBeanFactory     : Returning cached instance of singleton bean 'healthContributorRegistry'
2025-01-16T02:20:16.292+02:00 TRACE 25984 --- [FirstSpring] [           main] o.s.b.f.s.DefaultListableBeanFactory     : Returning cached instance of singleton bean 'healthEndpointGroupMembershipValidator'
2025-01-16T02:20:16.292+02:00 TRACE 25984 --- [FirstSpring] [           main] o.s.b.f.s.DefaultListableBeanFactory     : Returning cached instance of singleton bean 'healthEndpoint'
2025-01-16T02:20:16.292+02:00 TRACE 25984 --- [FirstSpring] [           main] o.s.b.f.s.DefaultListableBeanFactory     : Returning cached instance of singleton bean 'healthEndpointGroupsBeanPostProcessor'
2025-01-16T02:20:16.292+02:00 TRACE 25984 --- [FirstSpring] [           main] o.s.b.f.s.DefaultListableBeanFactory     : Returning cached instance of singleton bean 'org.springframework.boot.actuate.autoconfigure.health.HealthEndpointWebExtensionConfiguration$MvcAdditionalHealthEndpointPathsConfiguration'
2025-01-16T02:20:16.292+02:00 TRACE 25984 --- [FirstSpring] [           main] o.s.b.f.s.DefaultListableBeanFactory     : Returning cached instance of singleton bean 'healthEndpointWebMvcHandlerMapping'
2025-01-16T02:20:16.292+02:00 TRACE 25984 --- [FirstSpring] [           main] o.s.b.f.s.DefaultListableBeanFactory     : Returning cached instance of singleton bean 'org.springframework.boot.actuate.autoconfigure.health.HealthEndpointWebExtensionConfiguration'
2025-01-16T02:20:16.292+02:00 TRACE 25984 --- [FirstSpring] [           main] o.s.b.f.s.DefaultListableBeanFactory     : Returning cached instance of singleton bean 'healthEndpointWebExtension'
2025-01-16T02:20:16.292+02:00 TRACE 25984 --- [FirstSpring] [           main] o.s.b.f.s.DefaultListableBeanFactory     : Returning cached instance of singleton bean 'org.springframework.boot.actuate.autoconfigure.health.HealthEndpointAutoConfiguration'
2025-01-16T02:20:16.292+02:00 TRACE 25984 --- [FirstSpring] [           main] o.s.b.f.s.DefaultListableBeanFactory     : Returning cached instance of singleton bean 'management.endpoint.health-org.springframework.boot.actuate.autoconfigure.health.HealthEndpointProperties'
2025-01-16T02:20:16.292+02:00 TRACE 25984 --- [FirstSpring] [           main] o.s.b.f.s.DefaultListableBeanFactory     : Returning cached instance of singleton bean 'org.springframework.boot.autoconfigure.info.ProjectInfoAutoConfiguration'
2025-01-16T02:20:16.292+02:00 TRACE 25984 --- [FirstSpring] [           main] o.s.b.f.s.DefaultListableBeanFactory     : Returning cached instance of singleton bean 'spring.info-org.springframework.boot.autoconfigure.info.ProjectInfoProperties'
2025-01-16T02:20:16.292+02:00 TRACE 25984 --- [FirstSpring] [           main] o.s.b.f.s.DefaultListableBeanFactory     : Returning cached instance of singleton bean 'org.springframework.boot.actuate.autoconfigure.info.InfoContributorAutoConfiguration'
2025-01-16T02:20:16.292+02:00 TRACE 25984 --- [FirstSpring] [           main] o.s.b.f.s.DefaultListableBeanFactory     : Returning cached instance of singleton bean 'management.health.ssl-org.springframework.boot.actuate.autoconfigure.ssl.SslHealthIndicatorProperties'
2025-01-16T02:20:16.292+02:00 TRACE 25984 --- [FirstSpring] [           main] o.s.b.f.s.DefaultListableBeanFactory     : Returning cached instance of singleton bean 'management.info-org.springframework.boot.actuate.autoconfigure.info.InfoContributorProperties'
2025-01-16T02:20:16.292+02:00 TRACE 25984 --- [FirstSpring] [           main] o.s.b.f.s.DefaultListableBeanFactory     : Returning cached instance of singleton bean 'org.springframework.boot.actuate.autoconfigure.info.InfoEndpointAutoConfiguration'
2025-01-16T02:20:16.292+02:00 TRACE 25984 --- [FirstSpring] [           main] o.s.b.f.s.DefaultListableBeanFactory     : Returning cached instance of singleton bean 'infoEndpoint'
2025-01-16T02:20:16.292+02:00 TRACE 25984 --- [FirstSpring] [           main] o.s.b.f.s.DefaultListableBeanFactory     : Returning cached instance of singleton bean 'org.springframework.boot.actuate.autoconfigure.web.servlet.ServletManagementContextAutoConfiguration'
2025-01-16T02:20:16.292+02:00 TRACE 25984 --- [FirstSpring] [           main] o.s.b.f.s.DefaultListableBeanFactory     : Returning cached instance of singleton bean 'servletWebChildContextFactory'
2025-01-16T02:20:16.292+02:00 TRACE 25984 --- [FirstSpring] [           main] o.s.b.f.s.DefaultListableBeanFactory     : Returning cached instance of singleton bean 'managementServletContext'
2025-01-16T02:20:16.292+02:00 TRACE 25984 --- [FirstSpring] [           main] o.s.b.f.s.DefaultListableBeanFactory     : Returning cached instance of singleton bean 'org.springframework.boot.actuate.autoconfigure.condition.ConditionsReportEndpointAutoConfiguration'
2025-01-16T02:20:16.292+02:00 TRACE 25984 --- [FirstSpring] [           main] o.s.b.f.s.DefaultListableBeanFactory     : Returning cached instance of singleton bean 'conditionsReportEndpoint'
2025-01-16T02:20:16.292+02:00 TRACE 25984 --- [FirstSpring] [           main] o.s.b.f.s.DefaultListableBeanFactory     : Returning cached instance of singleton bean 'org.springframework.boot.actuate.autoconfigure.context.properties.ConfigurationPropertiesReportEndpointAutoConfiguration'
2025-01-16T02:20:16.292+02:00 TRACE 25984 --- [FirstSpring] [           main] o.s.b.f.s.DefaultListableBeanFactory     : Returning cached instance of singleton bean 'configurationPropertiesReportEndpoint'
2025-01-16T02:20:16.292+02:00 TRACE 25984 --- [FirstSpring] [           main] o.s.b.f.s.DefaultListableBeanFactory     : Returning cached instance of singleton bean 'configurationPropertiesReportEndpointWebExtension'
2025-01-16T02:20:16.292+02:00 TRACE 25984 --- [FirstSpring] [           main] o.s.b.f.s.DefaultListableBeanFactory     : Returning cached instance of singleton bean 'management.endpoint.configprops-org.springframework.boot.actuate.autoconfigure.context.properties.ConfigurationPropertiesReportEndpointProperties'
2025-01-16T02:20:16.292+02:00 TRACE 25984 --- [FirstSpring] [           main] o.s.b.f.s.DefaultListableBeanFactory     : Returning cached instance of singleton bean 'org.springframework.boot.actuate.autoconfigure.endpoint.EndpointAutoConfiguration'
2025-01-16T02:20:16.292+02:00 TRACE 25984 --- [FirstSpring] [           main] o.s.b.f.s.DefaultListableBeanFactory     : Returning cached instance of singleton bean 'endpointOperationParameterMapper'
2025-01-16T02:20:16.292+02:00 TRACE 25984 --- [FirstSpring] [           main] o.s.b.f.s.DefaultListableBeanFactory     : Returning cached instance of singleton bean 'endpointCachingOperationInvokerAdvisor'
2025-01-16T02:20:16.292+02:00 TRACE 25984 --- [FirstSpring] [           main] o.s.b.f.s.DefaultListableBeanFactory     : Returning cached instance of singleton bean 'propertiesEndpointAccessResolver'
2025-01-16T02:20:16.292+02:00 TRACE 25984 --- [FirstSpring] [           main] o.s.b.f.s.DefaultListableBeanFactory     : Returning cached instance of singleton bean 'org.springframework.boot.actuate.autoconfigure.endpoint.jackson.JacksonEndpointAutoConfiguration'
2025-01-16T02:20:16.292+02:00 TRACE 25984 --- [FirstSpring] [           main] o.s.b.f.s.DefaultListableBeanFactory     : Returning cached instance of singleton bean 'endpointObjectMapper'
2025-01-16T02:20:16.292+02:00 TRACE 25984 --- [FirstSpring] [           main] o.s.b.f.s.DefaultListableBeanFactory     : Returning cached instance of singleton bean 'org.springframework.boot.actuate.autoconfigure.endpoint.web.WebEndpointAutoConfiguration$WebEndpointServletConfiguration'
2025-01-16T02:20:16.292+02:00 TRACE 25984 --- [FirstSpring] [           main] o.s.b.f.s.DefaultListableBeanFactory     : Returning cached instance of singleton bean 'servletEndpointDiscoverer'
2025-01-16T02:20:16.292+02:00 TRACE 25984 --- [FirstSpring] [           main] o.s.b.f.s.DefaultListableBeanFactory     : Returning cached instance of singleton bean 'org.springframework.boot.actuate.autoconfigure.endpoint.web.WebEndpointAutoConfiguration'
2025-01-16T02:20:16.292+02:00 TRACE 25984 --- [FirstSpring] [           main] o.s.b.f.s.DefaultListableBeanFactory     : Returning cached instance of singleton bean 'webEndpointPathMapper'
2025-01-16T02:20:16.292+02:00 TRACE 25984 --- [FirstSpring] [           main] o.s.b.f.s.DefaultListableBeanFactory     : Returning cached instance of singleton bean 'endpointMediaTypes'
2025-01-16T02:20:16.292+02:00 TRACE 25984 --- [FirstSpring] [           main] o.s.b.f.s.DefaultListableBeanFactory     : Returning cached instance of singleton bean 'webEndpointDiscoverer'
2025-01-16T02:20:16.292+02:00 TRACE 25984 --- [FirstSpring] [           main] o.s.b.f.s.DefaultListableBeanFactory     : Returning cached instance of singleton bean 'controllerEndpointDiscoverer'
2025-01-16T02:20:16.292+02:00 TRACE 25984 --- [FirstSpring] [           main] o.s.b.f.s.DefaultListableBeanFactory     : Returning cached instance of singleton bean 'pathMappedEndpoints'
2025-01-16T02:20:16.292+02:00 TRACE 25984 --- [FirstSpring] [           main] o.s.b.f.s.DefaultListableBeanFactory     : Returning cached instance of singleton bean 'webExposeExcludePropertyEndpointFilter'
2025-01-16T02:20:16.292+02:00 TRACE 25984 --- [FirstSpring] [           main] o.s.b.f.s.DefaultListableBeanFactory     : Returning cached instance of singleton bean 'controllerExposeExcludePropertyEndpointFilter'
2025-01-16T02:20:16.292+02:00 TRACE 25984 --- [FirstSpring] [           main] o.s.b.f.s.DefaultListableBeanFactory     : Returning cached instance of singleton bean 'webAccessPropertiesOperationFilter'
2025-01-16T02:20:16.292+02:00 TRACE 25984 --- [FirstSpring] [           main] o.s.b.f.s.DefaultListableBeanFactory     : Returning cached instance of singleton bean 'management.endpoints.web-org.springframework.boot.actuate.autoconfigure.endpoint.web.WebEndpointProperties'
2025-01-16T02:20:16.292+02:00 TRACE 25984 --- [FirstSpring] [           main] o.s.b.f.s.DefaultListableBeanFactory     : Returning cached instance of singleton bean 'org.springframework.boot.actuate.autoconfigure.env.EnvironmentEndpointAutoConfiguration'
2025-01-16T02:20:16.292+02:00 TRACE 25984 --- [FirstSpring] [           main] o.s.b.f.s.DefaultListableBeanFactory     : Returning cached instance of singleton bean 'environmentEndpoint'
2025-01-16T02:20:16.292+02:00 TRACE 25984 --- [FirstSpring] [           main] o.s.b.f.s.DefaultListableBeanFactory     : Returning cached instance of singleton bean 'environmentEndpointWebExtension'
2025-01-16T02:20:16.292+02:00 TRACE 25984 --- [FirstSpring] [           main] o.s.b.f.s.DefaultListableBeanFactory     : Returning cached instance of singleton bean 'management.endpoint.env-org.springframework.boot.actuate.autoconfigure.env.EnvironmentEndpointProperties'
2025-01-16T02:20:16.292+02:00 TRACE 25984 --- [FirstSpring] [           main] o.s.b.f.s.DefaultListableBeanFactory     : Returning cached instance of singleton bean 'org.springframework.boot.actuate.autoconfigure.ssl.SslHealthContributorAutoConfiguration'
2025-01-16T02:20:16.292+02:00 TRACE 25984 --- [FirstSpring] [           main] o.s.b.f.s.DefaultListableBeanFactory     : Returning cached instance of singleton bean 'sslHealthIndicator'
2025-01-16T02:20:16.293+02:00 TRACE 25984 --- [FirstSpring] [           main] o.s.b.f.s.DefaultListableBeanFactory     : Returning cached instance of singleton bean 'sslInfo'
2025-01-16T02:20:16.293+02:00 TRACE 25984 --- [FirstSpring] [           main] o.s.b.f.s.DefaultListableBeanFactory     : Returning cached instance of singleton bean 'org.springframework.boot.actuate.autoconfigure.system.DiskSpaceHealthContributorAutoConfiguration'
2025-01-16T02:20:16.293+02:00 TRACE 25984 --- [FirstSpring] [           main] o.s.b.f.s.DefaultListableBeanFactory     : Returning cached instance of singleton bean 'diskSpaceHealthIndicator'
2025-01-16T02:20:16.293+02:00 TRACE 25984 --- [FirstSpring] [           main] o.s.b.f.s.DefaultListableBeanFactory     : Returning cached instance of singleton bean 'management.health.diskspace-org.springframework.boot.actuate.autoconfigure.system.DiskSpaceHealthIndicatorProperties'
2025-01-16T02:20:16.293+02:00 TRACE 25984 --- [FirstSpring] [           main] o.s.b.f.s.DefaultListableBeanFactory     : Returning cached instance of singleton bean 'org.springframework.boot.actuate.autoconfigure.health.HealthContributorAutoConfiguration'
2025-01-16T02:20:16.293+02:00 TRACE 25984 --- [FirstSpring] [           main] o.s.b.f.s.DefaultListableBeanFactory     : Returning cached instance of singleton bean 'pingHealthContributor'
2025-01-16T02:20:16.293+02:00 TRACE 25984 --- [FirstSpring] [           main] o.s.b.f.s.DefaultListableBeanFactory     : Returning cached instance of singleton bean 'org.springframework.boot.actuate.autoconfigure.logging.LogFileWebEndpointAutoConfiguration'
2025-01-16T02:20:16.293+02:00 TRACE 25984 --- [FirstSpring] [           main] o.s.b.f.s.DefaultListableBeanFactory     : Returning cached instance of singleton bean 'management.endpoint.logfile-org.springframework.boot.actuate.autoconfigure.logging.LogFileWebEndpointProperties'
2025-01-16T02:20:16.293+02:00 TRACE 25984 --- [FirstSpring] [           main] o.s.b.f.s.DefaultListableBeanFactory     : Returning cached instance of singleton bean 'org.springframework.boot.actuate.autoconfigure.logging.LoggersEndpointAutoConfiguration'
2025-01-16T02:20:16.293+02:00 TRACE 25984 --- [FirstSpring] [           main] o.s.b.f.s.DefaultListableBeanFactory     : Returning cached instance of singleton bean 'loggersEndpoint'
2025-01-16T02:20:16.293+02:00 TRACE 25984 --- [FirstSpring] [           main] o.s.b.f.s.DefaultListableBeanFactory     : Returning cached instance of singleton bean 'org.springframework.boot.actuate.autoconfigure.management.HeapDumpWebEndpointAutoConfiguration'
2025-01-16T02:20:16.293+02:00 TRACE 25984 --- [FirstSpring] [           main] o.s.b.f.s.DefaultListableBeanFactory     : Returning cached instance of singleton bean 'heapDumpWebEndpoint'
2025-01-16T02:20:16.293+02:00 TRACE 25984 --- [FirstSpring] [           main] o.s.b.f.s.DefaultListableBeanFactory     : Returning cached instance of singleton bean 'org.springframework.boot.actuate.autoconfigure.management.ThreadDumpEndpointAutoConfiguration'
2025-01-16T02:20:16.293+02:00 TRACE 25984 --- [FirstSpring] [           main] o.s.b.f.s.DefaultListableBeanFactory     : Returning cached instance of singleton bean 'dumpEndpoint'
2025-01-16T02:20:16.293+02:00 TRACE 25984 --- [FirstSpring] [           main] o.s.b.f.s.DefaultListableBeanFactory     : Returning cached instance of singleton bean 'org.springframework.boot.actuate.autoconfigure.metrics.MetricsAutoConfiguration'
2025-01-16T02:20:16.293+02:00 TRACE 25984 --- [FirstSpring] [           main] o.s.b.f.s.DefaultListableBeanFactory     : Returning cached instance of singleton bean 'micrometerClock'
2025-01-16T02:20:16.293+02:00 TRACE 25984 --- [FirstSpring] [           main] o.s.b.f.s.DefaultListableBeanFactory     : Returning cached instance of singleton bean 'meterRegistryPostProcessor'
2025-01-16T02:20:16.293+02:00 TRACE 25984 --- [FirstSpring] [           main] o.s.b.f.s.DefaultListableBeanFactory     : Returning cached instance of singleton bean 'propertiesMeterFilter'
2025-01-16T02:20:16.293+02:00 TRACE 25984 --- [FirstSpring] [           main] o.s.b.f.s.DefaultListableBeanFactory     : Returning cached instance of singleton bean 'meterRegistryCloser'
2025-01-16T02:20:16.293+02:00 TRACE 25984 --- [FirstSpring] [           main] o.s.b.f.s.DefaultListableBeanFactory     : Returning cached instance of singleton bean 'management.metrics-org.springframework.boot.actuate.autoconfigure.metrics.MetricsProperties'
2025-01-16T02:20:16.293+02:00 TRACE 25984 --- [FirstSpring] [           main] o.s.b.f.s.DefaultListableBeanFactory     : Returning cached instance of singleton bean 'org.springframework.boot.actuate.autoconfigure.metrics.export.simple.SimpleMetricsExportAutoConfiguration'
2025-01-16T02:20:16.293+02:00 TRACE 25984 --- [FirstSpring] [           main] o.s.b.f.s.DefaultListableBeanFactory     : Returning cached instance of singleton bean 'simpleMeterRegistry'
2025-01-16T02:20:16.293+02:00 TRACE 25984 --- [FirstSpring] [           main] o.s.b.f.s.DefaultListableBeanFactory     : Returning cached instance of singleton bean 'simpleConfig'
2025-01-16T02:20:16.293+02:00 TRACE 25984 --- [FirstSpring] [           main] o.s.b.f.s.DefaultListableBeanFactory     : Returning cached instance of singleton bean 'management.simple.metrics.export-org.springframework.boot.actuate.autoconfigure.metrics.export.simple.SimpleProperties'
2025-01-16T02:20:16.293+02:00 TRACE 25984 --- [FirstSpring] [           main] o.s.b.f.s.DefaultListableBeanFactory     : Returning cached instance of singleton bean 'org.springframework.boot.actuate.autoconfigure.metrics.CompositeMeterRegistryAutoConfiguration'
2025-01-16T02:20:16.293+02:00 TRACE 25984 --- [FirstSpring] [           main] o.s.b.f.s.DefaultListableBeanFactory     : Returning cached instance of singleton bean 'org.springframework.boot.actuate.autoconfigure.metrics.JvmMetricsAutoConfiguration'
2025-01-16T02:20:16.293+02:00 TRACE 25984 --- [FirstSpring] [           main] o.s.b.f.s.DefaultListableBeanFactory     : Returning cached instance of singleton bean 'jvmGcMetrics'
2025-01-16T02:20:16.293+02:00 TRACE 25984 --- [FirstSpring] [           main] o.s.b.f.s.DefaultListableBeanFactory     : Returning cached instance of singleton bean 'jvmHeapPressureMetrics'
2025-01-16T02:20:16.293+02:00 TRACE 25984 --- [FirstSpring] [           main] o.s.b.f.s.DefaultListableBeanFactory     : Returning cached instance of singleton bean 'jvmMemoryMetrics'
2025-01-16T02:20:16.293+02:00 TRACE 25984 --- [FirstSpring] [           main] o.s.b.f.s.DefaultListableBeanFactory     : Returning cached instance of singleton bean 'jvmThreadMetrics'
2025-01-16T02:20:16.293+02:00 TRACE 25984 --- [FirstSpring] [           main] o.s.b.f.s.DefaultListableBeanFactory     : Returning cached instance of singleton bean 'classLoaderMetrics'
2025-01-16T02:20:16.293+02:00 TRACE 25984 --- [FirstSpring] [           main] o.s.b.f.s.DefaultListableBeanFactory     : Returning cached instance of singleton bean 'jvmInfoMetrics'
2025-01-16T02:20:16.293+02:00 TRACE 25984 --- [FirstSpring] [           main] o.s.b.f.s.DefaultListableBeanFactory     : Returning cached instance of singleton bean 'jvmCompilationMetrics'
2025-01-16T02:20:16.293+02:00 TRACE 25984 --- [FirstSpring] [           main] o.s.b.f.s.DefaultListableBeanFactory     : Returning cached instance of singleton bean 'org.springframework.boot.actuate.autoconfigure.metrics.LogbackMetricsAutoConfiguration'
2025-01-16T02:20:16.293+02:00 TRACE 25984 --- [FirstSpring] [           main] o.s.b.f.s.DefaultListableBeanFactory     : Returning cached instance of singleton bean 'logbackMetrics'
2025-01-16T02:20:16.293+02:00 TRACE 25984 --- [FirstSpring] [           main] o.s.b.f.s.DefaultListableBeanFactory     : Returning cached instance of singleton bean 'org.springframework.boot.actuate.autoconfigure.metrics.MetricsEndpointAutoConfiguration'
2025-01-16T02:20:16.293+02:00 TRACE 25984 --- [FirstSpring] [           main] o.s.b.f.s.DefaultListableBeanFactory     : Returning cached instance of singleton bean 'metricsEndpoint'
2025-01-16T02:20:16.293+02:00 TRACE 25984 --- [FirstSpring] [           main] o.s.b.f.s.DefaultListableBeanFactory     : Returning cached instance of singleton bean 'org.springframework.boot.actuate.autoconfigure.metrics.SystemMetricsAutoConfiguration'
2025-01-16T02:20:16.293+02:00 TRACE 25984 --- [FirstSpring] [           main] o.s.b.f.s.DefaultListableBeanFactory     : Returning cached instance of singleton bean 'uptimeMetrics'
2025-01-16T02:20:16.293+02:00 TRACE 25984 --- [FirstSpring] [           main] o.s.b.f.s.DefaultListableBeanFactory     : Returning cached instance of singleton bean 'processorMetrics'
2025-01-16T02:20:16.293+02:00 TRACE 25984 --- [FirstSpring] [           main] o.s.b.f.s.DefaultListableBeanFactory     : Returning cached instance of singleton bean 'fileDescriptorMetrics'
2025-01-16T02:20:16.293+02:00 TRACE 25984 --- [FirstSpring] [           main] o.s.b.f.s.DefaultListableBeanFactory     : Returning cached instance of singleton bean 'diskSpaceMetrics'
2025-01-16T02:20:16.293+02:00 TRACE 25984 --- [FirstSpring] [           main] o.s.b.f.s.DefaultListableBeanFactory     : Returning cached instance of singleton bean 'org.springframework.boot.actuate.autoconfigure.metrics.integration.IntegrationMetricsAutoConfiguration'
2025-01-16T02:20:16.293+02:00 TRACE 25984 --- [FirstSpring] [           main] o.s.b.f.s.DefaultListableBeanFactory     : Returning cached instance of singleton bean 'org.springframework.boot.actuate.autoconfigure.metrics.startup.StartupTimeMetricsListenerAutoConfiguration'
2025-01-16T02:20:16.293+02:00 TRACE 25984 --- [FirstSpring] [           main] o.s.b.f.s.DefaultListableBeanFactory     : Returning cached instance of singleton bean 'startupTimeMetrics'
2025-01-16T02:20:16.293+02:00 TRACE 25984 --- [FirstSpring] [           main] o.s.b.f.s.DefaultListableBeanFactory     : Returning cached instance of singleton bean 'org.springframework.boot.autoconfigure.task.TaskSchedulingConfigurations$ThreadPoolTaskSchedulerBuilderConfiguration'
2025-01-16T02:20:16.293+02:00 TRACE 25984 --- [FirstSpring] [           main] o.s.b.f.s.DefaultListableBeanFactory     : Returning cached instance of singleton bean 'threadPoolTaskSchedulerBuilder'
2025-01-16T02:20:16.293+02:00 TRACE 25984 --- [FirstSpring] [           main] o.s.b.f.s.DefaultListableBeanFactory     : Returning cached instance of singleton bean 'org.springframework.boot.autoconfigure.task.TaskSchedulingConfigurations$SimpleAsyncTaskSchedulerBuilderConfiguration'
2025-01-16T02:20:16.293+02:00 TRACE 25984 --- [FirstSpring] [           main] o.s.b.f.s.DefaultListableBeanFactory     : Returning cached instance of singleton bean 'simpleAsyncTaskSchedulerBuilder'
2025-01-16T02:20:16.293+02:00 TRACE 25984 --- [FirstSpring] [           main] o.s.b.f.s.DefaultListableBeanFactory     : Returning cached instance of singleton bean 'org.springframework.boot.autoconfigure.task.TaskSchedulingAutoConfiguration'
2025-01-16T02:20:16.293+02:00 TRACE 25984 --- [FirstSpring] [           main] o.s.b.f.s.DefaultListableBeanFactory     : Returning cached instance of singleton bean 'spring.task.scheduling-org.springframework.boot.autoconfigure.task.TaskSchedulingProperties'
2025-01-16T02:20:16.293+02:00 TRACE 25984 --- [FirstSpring] [           main] o.s.b.f.s.DefaultListableBeanFactory     : Returning cached instance of singleton bean 'org.springframework.boot.actuate.autoconfigure.metrics.task.TaskExecutorMetricsAutoConfiguration'
2025-01-16T02:20:16.293+02:00 TRACE 25984 --- [FirstSpring] [           main] o.s.b.f.s.DefaultListableBeanFactory     : Returning cached instance of singleton bean 'eagerTaskExecutorMetrics'
2025-01-16T02:20:16.293+02:00 TRACE 25984 --- [FirstSpring] [           main] o.s.b.f.s.DefaultListableBeanFactory     : Returning cached instance of singleton bean 'org.springframework.boot.actuate.autoconfigure.metrics.web.tomcat.TomcatMetricsAutoConfiguration'
2025-01-16T02:20:16.293+02:00 TRACE 25984 --- [FirstSpring] [           main] o.s.b.f.s.DefaultListableBeanFactory     : Returning cached instance of singleton bean 'tomcatMetricsBinder'
2025-01-16T02:20:16.293+02:00 TRACE 25984 --- [FirstSpring] [           main] o.s.b.f.s.DefaultListableBeanFactory     : Returning cached instance of singleton bean 'org.springframework.boot.actuate.autoconfigure.observation.ObservationAutoConfiguration$MeterObservationHandlerConfiguration$OnlyMetricsMeterObservationHandlerConfiguration'
2025-01-16T02:20:16.293+02:00 TRACE 25984 --- [FirstSpring] [           main] o.s.b.f.s.DefaultListableBeanFactory     : Returning cached instance of singleton bean 'defaultMeterObservationHandler'
2025-01-16T02:20:16.293+02:00 TRACE 25984 --- [FirstSpring] [           main] o.s.b.f.s.DefaultListableBeanFactory     : Returning cached instance of singleton bean 'org.springframework.boot.actuate.autoconfigure.observation.ObservationAutoConfiguration$MeterObservationHandlerConfiguration'
2025-01-16T02:20:16.293+02:00 TRACE 25984 --- [FirstSpring] [           main] o.s.b.f.s.DefaultListableBeanFactory     : Returning cached instance of singleton bean 'org.springframework.boot.actuate.autoconfigure.observation.ObservationAutoConfiguration$OnlyMetricsConfiguration'
2025-01-16T02:20:16.293+02:00 TRACE 25984 --- [FirstSpring] [           main] o.s.b.f.s.DefaultListableBeanFactory     : Returning cached instance of singleton bean 'metricsObservationHandlerGrouping'
2025-01-16T02:20:16.293+02:00 TRACE 25984 --- [FirstSpring] [           main] o.s.b.f.s.DefaultListableBeanFactory     : Returning cached instance of singleton bean 'org.springframework.boot.actuate.autoconfigure.observation.ObservationAutoConfiguration'
2025-01-16T02:20:16.293+02:00 TRACE 25984 --- [FirstSpring] [           main] o.s.b.f.s.DefaultListableBeanFactory     : Returning cached instance of singleton bean 'observationRegistryPostProcessor'
2025-01-16T02:20:16.293+02:00 TRACE 25984 --- [FirstSpring] [           main] o.s.b.f.s.DefaultListableBeanFactory     : Returning cached instance of singleton bean 'observationRegistry'
2025-01-16T02:20:16.293+02:00 TRACE 25984 --- [FirstSpring] [           main] o.s.b.f.s.DefaultListableBeanFactory     : Returning cached instance of singleton bean 'propertiesObservationFilter'
2025-01-16T02:20:16.299+02:00 TRACE 25984 --- [FirstSpring] [           main] o.s.b.f.s.DefaultListableBeanFactory     : Returning cached instance of singleton bean 'management.observations-org.springframework.boot.actuate.autoconfigure.observation.ObservationProperties'
2025-01-16T02:20:16.299+02:00 TRACE 25984 --- [FirstSpring] [           main] o.s.b.f.s.DefaultListableBeanFactory     : Returning cached instance of singleton bean 'org.springframework.boot.autoconfigure.http.HttpMessageConvertersAutoConfiguration$StringHttpMessageConverterConfiguration'
2025-01-16T02:20:16.299+02:00 TRACE 25984 --- [FirstSpring] [           main] o.s.b.f.s.DefaultListableBeanFactory     : Returning cached instance of singleton bean 'stringHttpMessageConverter'
2025-01-16T02:20:16.299+02:00 TRACE 25984 --- [FirstSpring] [           main] o.s.b.f.s.DefaultListableBeanFactory     : Returning cached instance of singleton bean 'org.springframework.boot.autoconfigure.http.JacksonHttpMessageConvertersConfiguration$MappingJackson2HttpMessageConverterConfiguration'
2025-01-16T02:20:16.299+02:00 TRACE 25984 --- [FirstSpring] [           main] o.s.b.f.s.DefaultListableBeanFactory     : Returning cached instance of singleton bean 'mappingJackson2HttpMessageConverter'
2025-01-16T02:20:16.299+02:00 TRACE 25984 --- [FirstSpring] [           main] o.s.b.f.s.DefaultListableBeanFactory     : Returning cached instance of singleton bean 'org.springframework.boot.autoconfigure.http.JacksonHttpMessageConvertersConfiguration'
2025-01-16T02:20:16.299+02:00 TRACE 25984 --- [FirstSpring] [           main] o.s.b.f.s.DefaultListableBeanFactory     : Returning cached instance of singleton bean 'org.springframework.boot.autoconfigure.http.HttpMessageConvertersAutoConfiguration'
2025-01-16T02:20:16.299+02:00 TRACE 25984 --- [FirstSpring] [           main] o.s.b.f.s.DefaultListableBeanFactory     : Returning cached instance of singleton bean 'messageConverters'
2025-01-16T02:20:16.302+02:00 TRACE 25984 --- [FirstSpring] [           main] o.s.b.f.s.DefaultListableBeanFactory     : Returning cached instance of singleton bean 'org.springframework.boot.autoconfigure.http.client.HttpClientAutoConfiguration'
2025-01-16T02:20:16.302+02:00 TRACE 25984 --- [FirstSpring] [           main] o.s.b.f.s.DefaultListableBeanFactory     : Returning cached instance of singleton bean 'clientHttpRequestFactoryBuilder'
2025-01-16T02:20:16.302+02:00 TRACE 25984 --- [FirstSpring] [           main] o.s.b.f.s.DefaultListableBeanFactory     : Returning cached instance of singleton bean 'clientHttpRequestFactorySettings'
2025-01-16T02:20:16.302+02:00 TRACE 25984 --- [FirstSpring] [           main] o.s.b.f.s.DefaultListableBeanFactory     : Returning cached instance of singleton bean 'spring.http.client-org.springframework.boot.autoconfigure.http.client.HttpClientProperties'
2025-01-16T02:20:16.302+02:00 TRACE 25984 --- [FirstSpring] [           main] o.s.b.f.s.DefaultListableBeanFactory     : Returning cached instance of singleton bean 'org.springframework.boot.autoconfigure.web.client.RestClientAutoConfiguration'
2025-01-16T02:20:16.302+02:00 TRACE 25984 --- [FirstSpring] [           main] o.s.b.f.s.DefaultListableBeanFactory     : Returning cached instance of singleton bean 'httpMessageConvertersRestClientCustomizer'
2025-01-16T02:20:16.302+02:00 TRACE 25984 --- [FirstSpring] [           main] o.s.b.f.s.DefaultListableBeanFactory     : Returning cached instance of singleton bean 'restClientSsl'
2025-01-16T02:20:16.302+02:00 TRACE 25984 --- [FirstSpring] [           main] o.s.b.f.s.DefaultListableBeanFactory     : Returning cached instance of singleton bean 'restClientBuilderConfigurer'
2025-01-16T02:20:16.302+02:00 TRACE 25984 --- [FirstSpring] [           main] o.s.b.f.s.DefaultListableBeanFactory     : Returning cached instance of singleton bean 'org.springframework.boot.autoconfigure.web.client.RestTemplateAutoConfiguration'
2025-01-16T02:20:16.302+02:00 TRACE 25984 --- [FirstSpring] [           main] o.s.b.f.s.DefaultListableBeanFactory     : Returning cached instance of singleton bean 'org.springframework.boot.actuate.autoconfigure.observation.web.client.HttpClientObservationsAutoConfiguration$MeterFilterConfiguration'
2025-01-16T02:20:16.302+02:00 TRACE 25984 --- [FirstSpring] [           main] o.s.b.f.s.DefaultListableBeanFactory     : Returning cached instance of singleton bean 'metricsHttpClientUriTagFilter'
2025-01-16T02:20:16.302+02:00 TRACE 25984 --- [FirstSpring] [           main] o.s.b.f.s.DefaultListableBeanFactory     : Returning cached instance of singleton bean 'org.springframework.boot.actuate.autoconfigure.observation.web.client.RestTemplateObservationConfiguration'
2025-01-16T02:20:16.302+02:00 TRACE 25984 --- [FirstSpring] [           main] o.s.b.f.s.DefaultListableBeanFactory     : Returning cached instance of singleton bean 'observationRestTemplateCustomizer'
2025-01-16T02:20:16.302+02:00 TRACE 25984 --- [FirstSpring] [           main] o.s.b.f.s.DefaultListableBeanFactory     : Returning cached instance of singleton bean 'org.springframework.boot.actuate.autoconfigure.observation.web.client.RestClientObservationConfiguration'
2025-01-16T02:20:16.302+02:00 TRACE 25984 --- [FirstSpring] [           main] o.s.b.f.s.DefaultListableBeanFactory     : Returning cached instance of singleton bean 'observationRestClientCustomizer'
2025-01-16T02:20:16.302+02:00 TRACE 25984 --- [FirstSpring] [           main] o.s.b.f.s.DefaultListableBeanFactory     : Returning cached instance of singleton bean 'org.springframework.boot.actuate.autoconfigure.observation.web.client.HttpClientObservationsAutoConfiguration'
2025-01-16T02:20:16.302+02:00 TRACE 25984 --- [FirstSpring] [           main] o.s.b.f.s.DefaultListableBeanFactory     : Returning cached instance of singleton bean 'org.springframework.boot.actuate.autoconfigure.observation.web.servlet.WebMvcObservationAutoConfiguration$MeterFilterConfiguration'
2025-01-16T02:20:16.302+02:00 TRACE 25984 --- [FirstSpring] [           main] o.s.b.f.s.DefaultListableBeanFactory     : Returning cached instance of singleton bean 'metricsHttpServerUriTagFilter'
2025-01-16T02:20:16.302+02:00 TRACE 25984 --- [FirstSpring] [           main] o.s.b.f.s.DefaultListableBeanFactory     : Returning cached instance of singleton bean 'org.springframework.boot.actuate.autoconfigure.observation.web.servlet.WebMvcObservationAutoConfiguration'
2025-01-16T02:20:16.302+02:00 TRACE 25984 --- [FirstSpring] [           main] o.s.b.f.s.DefaultListableBeanFactory     : Returning cached instance of singleton bean 'webMvcObservationFilter'
2025-01-16T02:20:16.302+02:00 TRACE 25984 --- [FirstSpring] [           main] o.s.b.f.s.DefaultListableBeanFactory     : Returning cached instance of singleton bean 'org.springframework.boot.actuate.autoconfigure.sbom.SbomEndpointAutoConfiguration'
2025-01-16T02:20:16.302+02:00 TRACE 25984 --- [FirstSpring] [           main] o.s.b.f.s.DefaultListableBeanFactory     : Returning cached instance of singleton bean 'sbomEndpoint'
2025-01-16T02:20:16.302+02:00 TRACE 25984 --- [FirstSpring] [           main] o.s.b.f.s.DefaultListableBeanFactory     : Returning cached instance of singleton bean 'sbomEndpointWebExtension'
2025-01-16T02:20:16.302+02:00 TRACE 25984 --- [FirstSpring] [           main] o.s.b.f.s.DefaultListableBeanFactory     : Returning cached instance of singleton bean 'management.endpoint.sbom-org.springframework.boot.actuate.sbom.SbomProperties'
2025-01-16T02:20:16.302+02:00 TRACE 25984 --- [FirstSpring] [           main] o.s.b.f.s.DefaultListableBeanFactory     : Returning cached instance of singleton bean 'org.springframework.boot.actuate.autoconfigure.scheduling.ScheduledTasksEndpointAutoConfiguration'
2025-01-16T02:20:16.302+02:00 TRACE 25984 --- [FirstSpring] [           main] o.s.b.f.s.DefaultListableBeanFactory     : Returning cached instance of singleton bean 'scheduledTasksEndpoint'
2025-01-16T02:20:16.302+02:00 TRACE 25984 --- [FirstSpring] [           main] o.s.b.f.s.DefaultListableBeanFactory     : Returning cached instance of singleton bean 'org.springframework.boot.actuate.autoconfigure.scheduling.ScheduledTasksObservabilityAutoConfiguration'
2025-01-16T02:20:16.302+02:00 TRACE 25984 --- [FirstSpring] [           main] o.s.b.f.s.DefaultListableBeanFactory     : Returning cached instance of singleton bean 'observabilitySchedulingConfigurer'
2025-01-16T02:20:16.302+02:00 TRACE 25984 --- [FirstSpring] [           main] o.s.b.f.s.DefaultListableBeanFactory     : Returning cached instance of singleton bean 'org.springframework.boot.actuate.autoconfigure.web.exchanges.HttpExchangesEndpointAutoConfiguration'
2025-01-16T02:20:16.302+02:00 TRACE 25984 --- [FirstSpring] [           main] o.s.b.f.s.DefaultListableBeanFactory     : Returning cached instance of singleton bean 'org.springframework.boot.actuate.autoconfigure.web.mappings.MappingsEndpointAutoConfiguration$ServletWebConfiguration$SpringMvcConfiguration'
2025-01-16T02:20:16.302+02:00 TRACE 25984 --- [FirstSpring] [           main] o.s.b.f.s.DefaultListableBeanFactory     : Returning cached instance of singleton bean 'dispatcherServletMappingDescriptionProvider'
2025-01-16T02:20:16.302+02:00 TRACE 25984 --- [FirstSpring] [           main] o.s.b.f.s.DefaultListableBeanFactory     : Returning cached instance of singleton bean 'org.springframework.boot.actuate.autoconfigure.web.mappings.MappingsEndpointAutoConfiguration$ServletWebConfiguration'
2025-01-16T02:20:16.302+02:00 TRACE 25984 --- [FirstSpring] [           main] o.s.b.f.s.DefaultListableBeanFactory     : Returning cached instance of singleton bean 'servletMappingDescriptionProvider'
2025-01-16T02:20:16.302+02:00 TRACE 25984 --- [FirstSpring] [           main] o.s.b.f.s.DefaultListableBeanFactory     : Returning cached instance of singleton bean 'filterMappingDescriptionProvider'
2025-01-16T02:20:16.302+02:00 TRACE 25984 --- [FirstSpring] [           main] o.s.b.f.s.DefaultListableBeanFactory     : Returning cached instance of singleton bean 'org.springframework.boot.actuate.autoconfigure.web.mappings.MappingsEndpointAutoConfiguration'
2025-01-16T02:20:16.302+02:00 TRACE 25984 --- [FirstSpring] [           main] o.s.b.f.s.DefaultListableBeanFactory     : Returning cached instance of singleton bean 'mappingsEndpoint'
2025-01-16T02:20:16.302+02:00 TRACE 25984 --- [FirstSpring] [           main] o.s.b.f.s.DefaultListableBeanFactory     : Returning cached instance of singleton bean 'org.springframework.boot.autoconfigure.aop.AopAutoConfiguration$ClassProxyingConfiguration'
2025-01-16T02:20:16.302+02:00 TRACE 25984 --- [FirstSpring] [           main] o.s.b.f.s.DefaultListableBeanFactory     : Returning cached instance of singleton bean 'forceAutoProxyCreatorToUseClassProxying'
2025-01-16T02:20:16.302+02:00 TRACE 25984 --- [FirstSpring] [           main] o.s.b.f.s.DefaultListableBeanFactory     : Returning cached instance of singleton bean 'org.springframework.boot.autoconfigure.aop.AopAutoConfiguration'
2025-01-16T02:20:16.302+02:00 TRACE 25984 --- [FirstSpring] [           main] o.s.b.f.s.DefaultListableBeanFactory     : Returning cached instance of singleton bean 'org.springframework.boot.autoconfigure.context.ConfigurationPropertiesAutoConfiguration'
2025-01-16T02:20:16.302+02:00 TRACE 25984 --- [FirstSpring] [           main] o.s.b.f.s.DefaultListableBeanFactory     : Returning cached instance of singleton bean 'org.springframework.boot.autoconfigure.context.LifecycleAutoConfiguration'
2025-01-16T02:20:16.302+02:00 TRACE 25984 --- [FirstSpring] [           main] o.s.b.f.s.DefaultListableBeanFactory     : Returning cached instance of singleton bean 'lifecycleProcessor'
2025-01-16T02:20:16.302+02:00 TRACE 25984 --- [FirstSpring] [           main] o.s.b.f.s.DefaultListableBeanFactory     : Returning cached instance of singleton bean 'spring.lifecycle-org.springframework.boot.autoconfigure.context.LifecycleProperties'
2025-01-16T02:20:16.302+02:00 TRACE 25984 --- [FirstSpring] [           main] o.s.b.f.s.DefaultListableBeanFactory     : Returning cached instance of singleton bean 'org.springframework.boot.autoconfigure.sql.init.SqlInitializationAutoConfiguration'
2025-01-16T02:20:16.302+02:00 TRACE 25984 --- [FirstSpring] [           main] o.s.b.f.s.DefaultListableBeanFactory     : Returning cached instance of singleton bean 'spring.sql.init-org.springframework.boot.autoconfigure.sql.init.SqlInitializationProperties'
2025-01-16T02:20:16.302+02:00 TRACE 25984 --- [FirstSpring] [           main] o.s.b.f.s.DefaultListableBeanFactory     : Returning cached instance of singleton bean 'org.springframework.boot.sql.init.dependency.DatabaseInitializationDependencyConfigurer$DependsOnDatabaseInitializationPostProcessor'
2025-01-16T02:20:16.302+02:00 TRACE 25984 --- [FirstSpring] [           main] o.s.b.f.s.DefaultListableBeanFactory     : Returning cached instance of singleton bean 'org.springframework.boot.autoconfigure.web.servlet.HttpEncodingAutoConfiguration'
2025-01-16T02:20:16.302+02:00 TRACE 25984 --- [FirstSpring] [           main] o.s.b.f.s.DefaultListableBeanFactory     : Returning cached instance of singleton bean 'characterEncodingFilter'
2025-01-16T02:20:16.302+02:00 TRACE 25984 --- [FirstSpring] [           main] o.s.b.f.s.DefaultListableBeanFactory     : Returning cached instance of singleton bean 'localeCharsetMappingsCustomizer'
2025-01-16T02:20:16.302+02:00 TRACE 25984 --- [FirstSpring] [           main] o.s.b.f.s.DefaultListableBeanFactory     : Returning cached instance of singleton bean 'org.springframework.boot.autoconfigure.web.servlet.MultipartAutoConfiguration'
2025-01-16T02:20:16.302+02:00 TRACE 25984 --- [FirstSpring] [           main] o.s.b.f.s.DefaultListableBeanFactory     : Returning cached instance of singleton bean 'multipartConfigElement'
2025-01-16T02:20:16.302+02:00 TRACE 25984 --- [FirstSpring] [           main] o.s.b.f.s.DefaultListableBeanFactory     : Returning cached instance of singleton bean 'multipartResolver'
2025-01-16T02:20:16.302+02:00 TRACE 25984 --- [FirstSpring] [           main] o.s.b.f.s.DefaultListableBeanFactory     : Returning cached instance of singleton bean 'spring.servlet.multipart-org.springframework.boot.autoconfigure.web.servlet.MultipartProperties'
2025-01-16T02:20:16.302+02:00 TRACE 25984 --- [FirstSpring] [           main] o.s.b.f.s.DefaultListableBeanFactory     : Returning cached instance of singleton bean 'org.springframework.boot.actuate.autoconfigure.endpoint.web.ServletEndpointManagementContextConfiguration$WebMvcServletEndpointManagementContextConfiguration'
2025-01-16T02:20:16.302+02:00 TRACE 25984 --- [FirstSpring] [           main] o.s.b.f.s.DefaultListableBeanFactory     : Returning cached instance of singleton bean 'servletEndpointRegistrar'
2025-01-16T02:20:16.302+02:00 TRACE 25984 --- [FirstSpring] [           main] o.s.b.f.s.DefaultListableBeanFactory     : Returning cached instance of singleton bean 'org.springframework.boot.actuate.autoconfigure.endpoint.web.ServletEndpointManagementContextConfiguration'
2025-01-16T02:20:16.302+02:00 TRACE 25984 --- [FirstSpring] [           main] o.s.b.f.s.DefaultListableBeanFactory     : Returning cached instance of singleton bean 'servletExposeExcludePropertyEndpointFilter'
2025-01-16T02:20:16.302+02:00 TRACE 25984 --- [FirstSpring] [           main] o.s.b.f.s.DefaultListableBeanFactory     : Returning cached instance of singleton bean 'org.springframework.boot.actuate.autoconfigure.endpoint.web.servlet.WebMvcEndpointManagementContextConfiguration'
2025-01-16T02:20:16.302+02:00 TRACE 25984 --- [FirstSpring] [           main] o.s.b.f.s.DefaultListableBeanFactory     : Returning cached instance of singleton bean 'webEndpointServletHandlerMapping'
2025-01-16T02:20:16.302+02:00 TRACE 25984 --- [FirstSpring] [           main] o.s.b.f.s.DefaultListableBeanFactory     : Returning cached instance of singleton bean 'controllerEndpointHandlerMapping'
2025-01-16T02:20:16.302+02:00 TRACE 25984 --- [FirstSpring] [           main] o.s.b.f.s.DefaultListableBeanFactory     : Returning cached instance of singleton bean 'endpointObjectMapperWebMvcConfigurer'
2025-01-16T02:20:16.302+02:00 TRACE 25984 --- [FirstSpring] [           main] o.s.b.f.s.DefaultListableBeanFactory     : Returning cached instance of singleton bean 'management.endpoints.web.cors-org.springframework.boot.actuate.autoconfigure.endpoint.web.CorsEndpointProperties'
2025-01-16T02:20:16.302+02:00 TRACE 25984 --- [FirstSpring] [           main] o.s.b.f.s.DefaultListableBeanFactory     : Returning cached instance of singleton bean 'org.springframework.boot.actuate.autoconfigure.web.server.ManagementContextAutoConfiguration$SameManagementContextConfiguration$EnableSameManagementContextConfiguration'
2025-01-16T02:20:16.302+02:00 TRACE 25984 --- [FirstSpring] [           main] o.s.b.f.s.DefaultListableBeanFactory     : Returning cached instance of singleton bean 'org.springframework.boot.actuate.autoconfigure.web.server.ManagementContextAutoConfiguration$SameManagementContextConfiguration'
2025-01-16T02:20:16.302+02:00 TRACE 25984 --- [FirstSpring] [           main] o.s.b.f.s.DefaultListableBeanFactory     : Returning cached instance of singleton bean 'org.springframework.boot.actuate.autoconfigure.web.server.ManagementContextAutoConfiguration'
2025-01-16T02:20:16.302+02:00 TRACE 25984 --- [FirstSpring] [           main] o.s.b.f.s.DefaultListableBeanFactory     : Returning cached instance of singleton bean 'management.server-org.springframework.boot.actuate.autoconfigure.web.server.ManagementServerProperties'
2025-01-16T02:20:16.302+02:00 TRACE 25984 --- [FirstSpring] [           main] o.s.b.f.s.DefaultListableBeanFactory     : Returning cached instance of singleton bean 'org.springframework.aop.config.internalAutoProxyCreator'
2025-01-16T02:20:16.303+02:00 TRACE 25984 --- [FirstSpring] [           main] o.s.b.f.s.DefaultListableBeanFactory     : Returning cached instance of singleton bean 'org.springframework.boot.test.mock.mockito.MockitoBeans'
2025-01-16T02:20:16.304+02:00 TRACE 25984 --- [FirstSpring] [           main] c.DefaultCacheAwareContextLoaderDelegate : Retrieved ApplicationContext [1177101170] from cache with key [WebMergedContextConfiguration@9b2dc56 testClass = com.courseSpring.FirstSpring.FirstSpringApplicationTests, locations = [], classes = [com.courseSpring.FirstSpring.FirstSpringApplication], contextInitializerClasses = [], activeProfiles = [], propertySourceDescriptors = [], propertySourceProperties = ["org.springframework.boot.test.context.SpringBootTestContextBootstrapper=true"], contextCustomizers = [org.springframework.boot.test.context.filter.ExcludeFilterContextCustomizer@5e3f861, org.springframework.boot.test.json.DuplicateJsonObjectContextCustomizerFactory$DuplicateJsonObjectContextCustomizer@6d5620ce, org.springframework.boot.test.mock.mockito.MockitoContextCustomizer@0, org.springframework.boot.test.web.client.TestRestTemplateContextCustomizer@3e78b6a5, org.springframework.boot.test.web.reactor.netty.DisableReactorResourceFactoryGlobalResourcesContextCustomizerFactory$DisableReactorResourceFactoryGlobalResourcesContextCustomizerCustomizer@4b8729ff, org.springframework.boot.test.autoconfigure.OnFailureConditionReportContextCustomizerFactory$OnFailureConditionReportContextCustomizer@383dc82c, org.springframework.boot.test.autoconfigure.actuate.observability.ObservabilityContextCustomizerFactory$DisableObservabilityContextCustomizer@1f, org.springframework.boot.test.autoconfigure.properties.PropertyMappingContextCustomizer@0, org.springframework.boot.test.autoconfigure.web.servlet.WebDriverContextCustomizer@3cce57c7, org.springframework.test.context.support.DynamicPropertiesContextCustomizer@0, org.springframework.boot.test.context.SpringBootTestAnnotation@8d5f40f9], resourceBasePath = "src/main/webapp", contextLoader = org.springframework.boot.test.context.SpringBootContextLoader, parent = null]
2025-01-16T02:20:16.304+02:00 DEBUG 25984 --- [FirstSpring] [           main] org.springframework.test.context.cache   : Spring test ApplicationContext cache statistics: [DefaultContextCache@621f23ac size = 1, maxSize = 32, parentContextCount = 0, hitCount = 13, missCount = 1, failureCount = 0]
2025-01-16T02:20:16.304+02:00 TRACE 25984 --- [FirstSpring] [           main] o.s.b.f.s.DefaultListableBeanFactory     : Returning cached instance of singleton bean 'startupTimeMetrics'
2025-01-16T02:20:16.305+02:00 TRACE 25984 --- [FirstSpring] [           main] .c.s.DirtiesContextTestExecutionListener : After test method: context [DefaultTestContext@51f68849 testClass = com.courseSpring.FirstSpring.FirstSpringApplicationTests, testInstance = com.courseSpring.FirstSpring.FirstSpringApplicationTests@4eb9ae4d, testMethod = contextLoads(), testException = null, mergedContextConfiguration = [WebMergedContextConfiguration@9b2dc56 testClass = com.courseSpring.FirstSpring.FirstSpringApplicationTests, locations = [], classes = [com.courseSpring.FirstSpring.FirstSpringApplication], contextInitializerClasses = [], activeProfiles = [], propertySourceDescriptors = [], propertySourceProperties = ["org.springframework.boot.test.context.SpringBootTestContextBootstrapper=true"], contextCustomizers = [org.springframework.boot.test.context.filter.ExcludeFilterContextCustomizer@5e3f861, org.springframework.boot.test.json.DuplicateJsonObjectContextCustomizerFactory$DuplicateJsonObjectContextCustomizer@6d5620ce, org.springframework.boot.test.mock.mockito.MockitoContextCustomizer@0, org.springframework.boot.test.web.client.TestRestTemplateContextCustomizer@3e78b6a5, org.springframework.boot.test.web.reactor.netty.DisableReactorResourceFactoryGlobalResourcesContextCustomizerFactory$DisableReactorResourceFactoryGlobalResourcesContextCustomizerCustomizer@4b8729ff, org.springframework.boot.test.autoconfigure.OnFailureConditionReportContextCustomizerFactory$OnFailureConditionReportContextCustomizer@383dc82c, org.springframework.boot.test.autoconfigure.actuate.observability.ObservabilityContextCustomizerFactory$DisableObservabilityContextCustomizer@1f, org.springframework.boot.test.autoconfigure.properties.PropertyMappingContextCustomizer@0, org.springframework.boot.test.autoconfigure.web.servlet.WebDriverContextCustomizer@3cce57c7, org.springframework.test.context.support.DynamicPropertiesContextCustomizer@0, org.springframework.boot.test.context.SpringBootTestAnnotation@8d5f40f9], resourceBasePath = "src/main/webapp", contextLoader = org.springframework.boot.test.context.SpringBootContextLoader, parent = null], attributes = {"org.springframework.test.context.web.ServletTestExecutionListener.activateListener" -> true, "org.springframework.test.context.web.ServletTestExecutionListener.populatedRequestContextHolder" -> true, "org.springframework.test.context.web.ServletTestExecutionListener.resetRequestContextHolder" -> true, "org.springframework.test.context.event.ApplicationEventsTestExecutionListener.recordApplicationEvents" -> false}], class annotated with @DirtiesContext [false] with mode [null], method annotated with @DirtiesContext [false] with mode [null]
2025-01-16T02:20:16.305+02:00 TRACE 25984 --- [FirstSpring] [           main] o.s.t.c.w.ServletTestExecutionListener   : Resetting RequestContextHolder for test context [DefaultTestContext@51f68849 testClass = com.courseSpring.FirstSpring.FirstSpringApplicationTests, testInstance = com.courseSpring.FirstSpring.FirstSpringApplicationTests@4eb9ae4d, testMethod = contextLoads(), testException = null, mergedContextConfiguration = [WebMergedContextConfiguration@9b2dc56 testClass = com.courseSpring.FirstSpring.FirstSpringApplicationTests, locations = [], classes = [com.courseSpring.FirstSpring.FirstSpringApplication], contextInitializerClasses = [], activeProfiles = [], propertySourceDescriptors = [], propertySourceProperties = ["org.springframework.boot.test.context.SpringBootTestContextBootstrapper=true"], contextCustomizers = [org.springframework.boot.test.context.filter.ExcludeFilterContextCustomizer@5e3f861, org.springframework.boot.test.json.DuplicateJsonObjectContextCustomizerFactory$DuplicateJsonObjectContextCustomizer@6d5620ce, org.springframework.boot.test.mock.mockito.MockitoContextCustomizer@0, org.springframework.boot.test.web.client.TestRestTemplateContextCustomizer@3e78b6a5, org.springframework.boot.test.web.reactor.netty.DisableReactorResourceFactoryGlobalResourcesContextCustomizerFactory$DisableReactorResourceFactoryGlobalResourcesContextCustomizerCustomizer@4b8729ff, org.springframework.boot.test.autoconfigure.OnFailureConditionReportContextCustomizerFactory$OnFailureConditionReportContextCustomizer@383dc82c, org.springframework.boot.test.autoconfigure.actuate.observability.ObservabilityContextCustomizerFactory$DisableObservabilityContextCustomizer@1f, org.springframework.boot.test.autoconfigure.properties.PropertyMappingContextCustomizer@0, org.springframework.boot.test.autoconfigure.web.servlet.WebDriverContextCustomizer@3cce57c7, org.springframework.test.context.support.DynamicPropertiesContextCustomizer@0, org.springframework.boot.test.context.SpringBootTestAnnotation@8d5f40f9], resourceBasePath = "src/main/webapp", contextLoader = org.springframework.boot.test.context.SpringBootContextLoader, parent = null], attributes = {"org.springframework.test.context.web.ServletTestExecutionListener.activateListener" -> true, "org.springframework.test.context.web.ServletTestExecutionListener.populatedRequestContextHolder" -> true, "org.springframework.test.context.web.ServletTestExecutionListener.resetRequestContextHolder" -> true, "org.springframework.test.context.event.ApplicationEventsTestExecutionListener.recordApplicationEvents" -> false}]
]]></system-out>
    <system-err><![CDATA[Mockito is currently self-attaching to enable the inline-mock-maker. This will no longer work in future releases of the JDK. Please add Mockito as an agent to your build what is described in Mockito's documentation: https://javadoc.io/doc/org.mockito/mockito-core/latest/org/mockito/Mockito.html#0.3
WARNING: A Java agent has been loaded dynamically (C:\Users\papaf\.m2\repository\net\bytebuddy\byte-buddy-agent\1.15.11\byte-buddy-agent-1.15.11.jar)
WARNING: If a serviceability tool is in use, please run with -XX:+EnableDynamicAgentLoading to hide this warning
WARNING: If a serviceability tool is not in use, please run with -Djdk.instrument.traceUsage for more information
WARNING: Dynamic loading of agents will be disallowed by default in a future release
]]></system-err>
  </testcase>
</testsuite>